step = 500, Chi2 = 0.278597, graph_error = 376.941
Before relin
Values with 501 values:
Value 0: (gtsam::Pose3)
R: [
	1, -2.60786e-12, 1.70109e-11;
	2.60786e-12, 1, 4.0736e-12;
	-1.70109e-11, -4.0736e-12, 1
]
t: 2.89117e-13 5.68647e-13 5.74291e-13

Value 1: (gtsam::Pose3)
R: [
	0.978414, -0.206391, 0.0104128;
	0.205703, 0.977504, 0.046609;
	-0.0197982, -0.0434609, 0.998859
]
t:    0.34997 -0.0688004  0.0574047

Value 2: (gtsam::Pose3)
R: [
	0.873478, -0.486652, 0.0143505;
	0.48322, 0.870165, 0.0964947;
	-0.0594466, -0.0773516, 0.99523
]
t:   0.561626  0.0443975 -0.0259172

Value 3: (gtsam::Pose3)
R: [
	0.822512, -0.568721, -0.00547901;
	0.565438, 0.816651, 0.115586;
	-0.061262, -0.0981693, 0.993282
]
t:  0.694043 0.0477285 -0.251053

Value 4: (gtsam::Pose3)
R: [
	0.721798, -0.691303, -0.0332876;
	0.688555, 0.712401, 0.135562;
	-0.07, -0.120768, 0.99021
]
t:  0.805979  0.141103 -0.376284

Value 5: (gtsam::Pose3)
R: [
	0.684463, -0.727721, -0.0439603;
	0.72673, 0.676242, 0.120666;
	-0.0580832, -0.114539, 0.991719
]
t:   1.07985  0.280705 -0.462487

Value 6: (gtsam::Pose3)
R: [
	0.526074, -0.849055, -0.0484883;
	0.846704, 0.517574, 0.12333;
	-0.0796178, -0.105936, 0.99118
]
t:   1.21298  0.414398 -0.481007

Value 7: (gtsam::Pose3)
R: [
	0.406111, -0.910849, -0.0736707;
	0.903785, 0.388426, 0.179717;
	-0.135079, -0.139567, 0.980956
]
t:   1.49224  0.522076 -0.588308

Value 8: (gtsam::Pose3)
R: [
	0.277129, -0.960645, 0.0189743;
	0.938771, 0.274921, 0.20767;
	-0.204713, -0.0397388, 0.978015
]
t:   1.74745  0.790102 -0.436691

Value 9: (gtsam::Pose3)
R: [
	0.160521, -0.986178, 0.0410606;
	0.959728, 0.165663, 0.226886;
	-0.230552, 0.00298694, 0.973055
]
t:   1.93064   1.01488 -0.524952

Value 10: (gtsam::Pose3)
R: [
	0.0492371, -0.997975, 0.0402714;
	0.973786, 0.0569305, 0.220226;
	-0.222073, 0.0283725, 0.974617
]
t:   2.07448   1.38681 -0.715528

Value 11: (gtsam::Pose3)
R: [
	0.0433304, -0.99905, 0.00456576;
	0.970319, 0.0431717, 0.237945;
	-0.237916, -0.00588, 0.971268
]
t:   2.08344   1.78814 -0.851193

Value 12: (gtsam::Pose3)
R: [
	-0.0258992, -0.999605, -0.0109068;
	0.959952, -0.0279135, 0.27877;
	-0.278964, -0.00325006, 0.960296
]
t:  2.07606  2.35289 -1.00588

Value 13: (gtsam::Pose3)
R: [
	-0.251856, -0.96564, 0.0640993;
	0.917148, -0.217019, 0.33428;
	-0.308884, 0.142979, 0.940291
]
t:   2.05897   2.45215 -0.953237

Value 14: (gtsam::Pose3)
R: [
	-0.425705, -0.90335, -0.0522878;
	0.829806, -0.412784, 0.375541;
	-0.360829, 0.116481, 0.925329
]
t:  2.00663  2.86003 -1.05243

Value 15: (gtsam::Pose3)
R: [
	-0.550132, -0.834962, -0.0138884;
	0.74781, -0.499976, 0.436811;
	-0.371664, 0.229918, 0.899446
]
t:  1.78198  3.06653 -1.25216

Value 16: (gtsam::Pose3)
R: [
	-0.604146, -0.796291, -0.030473;
	0.697509, -0.546918, 0.462993;
	-0.385343, 0.25846, 0.885838
]
t:  1.71188  3.49937 -1.46293

Value 17: (gtsam::Pose3)
R: [
	-0.632181, -0.774787, -0.00724269;
	0.674181, -0.554651, 0.487691;
	-0.381874, 0.303426, 0.872986
]
t:  1.44575  3.83457 -1.70021

Value 18: (gtsam::Pose3)
R: [
	-0.719931, -0.692074, -0.0522831;
	0.596267, -0.6553, 0.463733;
	-0.355198, 0.302681, 0.884431
]
t:  1.00497  4.10995 -1.79154

Value 19: (gtsam::Pose3)
R: [
	-0.834433, -0.54887, -0.0496353;
	0.475782, -0.762903, 0.437733;
	-0.278125, 0.341643, 0.897734
]
t: 0.751173  4.24323 -1.90414

Value 20: (gtsam::Pose3)
R: [
	-0.90409, -0.426867, 0.0201258;
	0.393573, -0.813376, 0.428392;
	-0.166496, 0.395226, 0.903369
]
t: 0.447659  4.49517 -2.08063

Value 21: (gtsam::Pose3)
R: [
	-0.939346, -0.340037, 0.0447677;
	0.320013, -0.822016, 0.471043;
	-0.123372, 0.456799, 0.880973
]
t: -0.115109   4.60756  -1.96501

Value 22: (gtsam::Pose3)
R: [
	-0.977611, -0.208092, 0.0312194;
	0.198923, -0.86559, 0.459547;
	-0.0686048, 0.455468, 0.887605
]
t: -0.484188   4.83639  -2.09681

Value 23: (gtsam::Pose3)
R: [
	-0.996724, -0.0734407, 0.0338776;
	0.0808461, -0.892962, 0.442813;
	-0.00226909, 0.444101, 0.895974
]
t: -0.879944   5.06402   -2.0692

Value 24: (gtsam::Pose3)
R: [
	-0.998502, -0.0170806, -0.0519887;
	-0.00806056, -0.893769, 0.448455;
	-0.0541258, 0.448202, 0.892292
]
t: -1.30544  5.09693 -2.10764

Value 25: (gtsam::Pose3)
R: [
	-0.985949, 0.136, -0.0969956;
	-0.165531, -0.873455, 0.457904;
	-0.0224462, 0.467525, 0.883695
]
t: -1.82299  5.05782 -2.08931

Value 26: (gtsam::Pose3)
R: [
	-0.964301, 0.235761, -0.120581;
	-0.264442, -0.833445, 0.485222;
	0.0138991, 0.499787, 0.866037
]
t:   -2.218  5.03136 -2.06848

Value 27: (gtsam::Pose3)
R: [
	-0.913381, 0.392031, -0.10976;
	-0.394875, -0.787541, 0.47313;
	0.099041, 0.47549, 0.874128
]
t: -2.78624  4.96168 -2.11604

Value 28: (gtsam::Pose3)
R: [
	-0.843439, 0.533614, -0.0621804;
	-0.513418, -0.766573, 0.385705;
	0.158152, 0.357243, 0.920525
]
t: -3.14051   4.6844 -2.17026

Value 29: (gtsam::Pose3)
R: [
	-0.77436, 0.629394, -0.0650363;
	-0.595057, -0.689437, 0.413018;
	0.215112, 0.358525, 0.908398
]
t: -3.43091   4.4426 -2.03619

Value 30: (gtsam::Pose3)
R: [
	-0.629824, 0.772634, -0.0797355;
	-0.721515, -0.543941, 0.428421;
	0.287641, 0.32736, 0.900054
]
t: -3.82073  4.14317 -2.05693

Value 31: (gtsam::Pose3)
R: [
	-0.54973, 0.832313, -0.0710765;
	-0.764762, -0.467225, 0.443666;
	0.336061, 0.298253, 0.893369
]
t:  -4.1908  3.85408 -1.92371

Value 32: (gtsam::Pose3)
R: [
	-0.479043, 0.877651, -0.015728;
	-0.78954, -0.422981, 0.444649;
	0.383594, 0.225424, 0.895567
]
t:  -4.4776  3.62039 -1.84433

Value 33: (gtsam::Pose3)
R: [
	-0.412654, 0.910804, -0.012395;
	-0.810789, -0.361071, 0.460704;
	0.415136, 0.200161, 0.887467
]
t: -4.95287  3.09785 -1.55877

Value 34: (gtsam::Pose3)
R: [
	-0.270147, 0.962601, 0.0204819;
	-0.835684, -0.244987, 0.491541;
	0.478176, 0.115672, 0.870613
]
t: -5.03468  2.66457 -1.33831

Value 35: (gtsam::Pose3)
R: [
	-0.135744, 0.990016, 0.0379723;
	-0.91729, -0.14007, 0.372774;
	0.374371, 0.01577, 0.927145
]
t: -5.06573  2.23834 -1.32575

Value 36: (gtsam::Pose3)
R: [
	-0.0733934, 0.994781, 0.0708855;
	-0.936139, -0.0932265, 0.339048;
	0.343887, -0.0414748, 0.938095
]
t: -5.20036  1.58074 -1.33913

Value 37: (gtsam::Pose3)
R: [
	0.0395407, 0.997863, 0.0520183;
	-0.939957, 0.0194838, 0.340735;
	0.338993, -0.0623679, 0.938719
]
t: -5.15356  1.21765 -1.15397

Value 38: (gtsam::Pose3)
R: [
	0.236053, 0.968774, 0.0758675;
	-0.882278, 0.180945, 0.434563;
	0.407266, -0.169516, 0.89744
]
t: -5.21327 0.679883 -1.07141

Value 39: (gtsam::Pose3)
R: [
	0.301651, 0.953317, 0.0139122;
	-0.90639, 0.282215, 0.314342;
	0.295742, -0.107432, 0.949208
]
t:  -4.95213  0.161101 -0.713404

Value 40: (gtsam::Pose3)
R: [
	0.352484, 0.935258, -0.0323654;
	-0.895296, 0.347087, 0.27924;
	0.272395, -0.0694511, 0.959676
]
t:  -4.67527   -0.4448 -0.571932

Value 41: (gtsam::Pose3)
R: [
	0.479482, 0.877551, -0.00136095;
	-0.841982, 0.460483, 0.281107;
	0.247312, -0.13364, 0.959676
]
t:  -4.43127 -0.963936 -0.437006

Value 42: (gtsam::Pose3)
R: [
	0.635748, 0.771889, 0.00331598;
	-0.73887, 0.607298, 0.291992;
	0.223371, -0.188083, 0.956415
]
t:  -3.96446  -1.51398 -0.388806

Value 43: (gtsam::Pose3)
R: [
	0.701031, 0.71208, 0.0387033;
	-0.689975, 0.663551, 0.289197;
	0.180249, -0.22944, 0.956487
]
t:  -3.50771  -1.82767 -0.303524

Value 44: (gtsam::Pose3)
R: [
	0.829952, 0.555814, -0.0474404;
	-0.527469, 0.809606, 0.257514;
	0.181538, -0.188701, 0.965109
]
t:  -3.12166  -2.21308 -0.316838

Value 45: (gtsam::Pose3)
R: [
	0.918995, 0.392327, -0.0390741;
	-0.371546, 0.894928, 0.247098;
	0.131912, -0.212564, 0.968202
]
t:  -2.88938  -2.58358 -0.425052

Value 46: (gtsam::Pose3)
R: [
	0.952303, 0.295986, -0.0742393;
	-0.275635, 0.938727, 0.206925;
	0.130937, -0.176592, 0.975536
]
t:   -2.3998  -2.84398 -0.263929

Value 47: (gtsam::Pose3)
R: [
	0.985249, 0.146164, -0.0889961;
	-0.124681, 0.969346, 0.211713;
	0.117213, -0.197494, 0.973271
]
t:  -1.85645  -3.10683 -0.199357

Value 48: (gtsam::Pose3)
R: [
	0.992205, -0.0560989, -0.111276;
	0.0778796, 0.976229, 0.202264;
	0.0972837, -0.209354, 0.972989
]
t:   -1.23052   -3.18013 -0.0625409

Value 49: (gtsam::Pose3)
R: [
	0.985262, -0.149965, -0.0822783;
	0.158585, 0.981109, 0.110796;
	0.0641084, -0.122211, 0.990431
]
t: -0.676168  -3.17122 0.0313418

Value 50: (gtsam::Pose3)
R: [
	0.985442, -0.168609, -0.021818;
	0.169979, 0.979715, 0.106136;
	0.00347994, -0.1083, 0.994112
]
t:   0.121341   -3.01887 -0.0398399

Value 51: (gtsam::Pose3)
R: [
	0.912097, -0.408668, 0.0326882;
	0.404804, 0.910351, 0.0859982;
	-0.0649024, -0.0652064, 0.995759
]
t: 0.837003 -3.02878 0.109984

Value 52: (gtsam::Pose3)
R: [
	0.898281, -0.436697, 0.0488604;
	0.436382, 0.899591, 0.0175107;
	-0.0516012, 0.00559228, 0.998652
]
t:   1.80202  -2.68004 0.0931185

Value 53: (gtsam::Pose3)
R: [
	0.848829, -0.528202, 0.0221918;
	0.524148, 0.846307, 0.0950437;
	-0.0689833, -0.069044, 0.995226
]
t:     2.3171   -2.43974 -0.0860791

Value 54: (gtsam::Pose3)
R: [
	0.781684, -0.623637, 0.00684584;
	0.619248, 0.777395, 0.110408;
	-0.0741766, -0.0820651, 0.993863
]
t:    2.84673   -2.06806 -0.0958086

Value 55: (gtsam::Pose3)
R: [
	0.669909, -0.741392, 0.039497;
	0.740478, 0.671058, 0.0370658;
	-0.0539851, 0.00441588, 0.998532
]
t:   3.37109  -1.73033 -0.191448

Value 56: (gtsam::Pose3)
R: [
	0.580256, -0.814315, 0.0139603;
	0.812549, 0.579993, 0.0580728;
	-0.0553864, -0.0223537, 0.998215
]
t:   3.88445  -1.18426 -0.327676

Value 57: (gtsam::Pose3)
R: [
	0.498339, -0.862233, 0.0906169;
	0.860148, 0.504801, 0.0729461;
	-0.10864, 0.0415921, 0.993211
]
t:   4.36864  -0.60506 -0.266067

Value 58: (gtsam::Pose3)
R: [
	0.38048, -0.917659, 0.114618;
	0.896909, 0.396367, 0.196081;
	-0.225367, 0.028197, 0.973866
]
t:    4.67439 -0.0534523  -0.377729

Value 59: (gtsam::Pose3)
R: [
	0.271605, -0.955094, 0.118429;
	0.931504, 0.291819, 0.217121;
	-0.241931, 0.0513454, 0.968934
]
t:   4.89314  0.608143 -0.608623

Value 60: (gtsam::Pose3)
R: [
	0.130003, -0.981153, 0.142963;
	0.96897, 0.156291, 0.191493;
	-0.210228, 0.113632, 0.971026
]
t:   5.17791   1.28194 -0.843129

Value 61: (gtsam::Pose3)
R: [
	-0.00594749, -0.997994, 0.0630338;
	0.975389, 0.00810408, 0.220341;
	-0.22041, 0.062793, 0.973384
]
t:  5.16315  1.75089 -1.02208

Value 62: (gtsam::Pose3)
R: [
	-0.0734456, -0.987302, 0.140858;
	0.968662, -0.037018, 0.245609;
	-0.237276, 0.154483, 0.95908
]
t:  5.13295  2.57067 -1.16862

Value 63: (gtsam::Pose3)
R: [
	-0.154512, -0.980101, 0.124608;
	0.938685, -0.106283, 0.327986;
	-0.308216, 0.167645, 0.936428
]
t:  5.05393  3.22783 -1.45306

Value 64: (gtsam::Pose3)
R: [
	-0.320936, -0.943569, 0.0817232;
	0.870349, -0.2598, 0.418325;
	-0.373486, 0.205383, 0.904614
]
t:  4.84641  3.86129 -1.61439

Value 65: (gtsam::Pose3)
R: [
	-0.356731, -0.931681, 0.0686513;
	0.845116, -0.29052, 0.44875;
	-0.398148, 0.218101, 0.891016
]
t:  4.43958  4.57258 -1.96335

Value 66: (gtsam::Pose3)
R: [
	-0.495715, -0.866928, 0.0519842;
	0.772606, -0.41286, 0.482314;
	-0.396669, 0.279254, 0.874455
]
t:  3.98484  5.05135 -2.26656

Value 67: (gtsam::Pose3)
R: [
	-0.672701, -0.736712, 0.0687642;
	0.658699, -0.55394, 0.509182;
	-0.337029, 0.387822, 0.857907
]
t:  3.74454  5.56675 -2.56287

Value 68: (gtsam::Pose3)
R: [
	-0.747854, -0.660512, 0.0666209;
	0.594004, -0.620968, 0.511427;
	-0.296434, 0.422046, 0.85674
]
t:  3.07155  6.10206 -2.72119

Value 69: (gtsam::Pose3)
R: [
	-0.837257, -0.538946, 0.0924008;
	0.504843, -0.69696, 0.509295;
	-0.210083, 0.473058, 0.855617
]
t:  2.35102  6.45447 -3.03848

Value 70: (gtsam::Pose3)
R: [
	-0.900251, -0.425788, 0.0908446;
	0.412217, -0.766468, 0.492549;
	-0.140092, 0.480865, 0.865531
]
t:   1.7394  6.75688 -3.28999

Value 71: (gtsam::Pose3)
R: [
	-0.95002, -0.309364, -0.0418948;
	0.245756, -0.823854, 0.510753;
	-0.192524, 0.47493, 0.858706
]
t:   0.9462  7.10606 -3.41708

Value 72: (gtsam::Pose3)
R: [
	-0.969668, -0.228493, 0.0867996;
	0.243244, -0.86724, 0.434427;
	-0.0239874, 0.442363, 0.896515
]
t: 0.188997  7.40456  -3.6241

Value 73: (gtsam::Pose3)
R: [
	-0.984752, -0.171438, 0.0295219;
	0.165609, -0.871923, 0.460786;
	-0.0532555, 0.458649, 0.88702
]
t: -0.778625   7.70266  -3.53004

Value 74: (gtsam::Pose3)
R: [
	-0.990268, 0.137907, 0.0187304;
	-0.114383, -0.883138, 0.454955;
	0.0792831, 0.448385, 0.890317
]
t: -1.35548  7.76017 -3.53334

Value 75: (gtsam::Pose3)
R: [
	-0.988876, 0.13913, -0.0526067;
	-0.14823, -0.89241, 0.426183;
	0.0123479, 0.42924, 0.903106
]
t: -2.24605  7.66193 -3.64372

Value 76: (gtsam::Pose3)
R: [
	-0.960667, 0.258453, -0.101586;
	-0.275127, -0.836097, 0.474602;
	0.0377264, 0.483884, 0.874319
]
t: -3.00359   7.5904  -3.6307

Value 77: (gtsam::Pose3)
R: [
	-0.913064, 0.383795, -0.137897;
	-0.399188, -0.771914, 0.49477;
	0.0834458, 0.506804, 0.858013
]
t: -3.94639  7.35943 -3.39886

Value 78: (gtsam::Pose3)
R: [
	-0.88075, 0.459483, -0.114696;
	-0.439464, -0.702707, 0.559531;
	0.176497, 0.543211, 0.820835
]
t:  -4.6767  7.06361 -3.30052

Value 79: (gtsam::Pose3)
R: [
	-0.826913, 0.559419, -0.0571383;
	-0.494834, -0.675626, 0.546506;
	0.267122, 0.480187, 0.835504
]
t: -5.36155  6.59693  -3.2928

Value 80: (gtsam::Pose3)
R: [
	-0.724381, 0.679086, -0.118804;
	-0.636908, -0.593259, 0.492333;
	0.263855, 0.432304, 0.862261
]
t: -6.07651  6.00394 -3.09272

Value 81: (gtsam::Pose3)
R: [
	-0.615417, 0.78337, -0.0871394;
	-0.724311, -0.518463, 0.454499;
	0.310862, 0.342822, 0.886475
]
t: -6.71556  5.31294 -2.90091

Value 82: (gtsam::Pose3)
R: [
	-0.479601, 0.877256, -0.0201066;
	-0.780115, -0.415779, 0.467492;
	0.401751, 0.239895, 0.883768
]
t: -7.16879  4.85608 -2.65565

Value 83: (gtsam::Pose3)
R: [
	-0.318036, 0.94767, -0.0278247;
	-0.848192, -0.271294, 0.454939;
	0.423583, 0.168288, 0.890088
]
t: -7.55659  4.25277 -2.24936

Value 84: (gtsam::Pose3)
R: [
	-0.221417, 0.97399, -0.0481557;
	-0.884703, -0.179856, 0.43006;
	0.410213, 0.137826, 0.901515
]
t: -7.90031  3.41042 -1.86397

Value 85: (gtsam::Pose3)
R: [
	-0.140958, 0.989561, -0.0300066;
	-0.916289, -0.118924, 0.382455;
	0.374894, 0.0814048, 0.923487
]
t: -8.15094   2.6075  -1.4655

Value 86: (gtsam::Pose3)
R: [
	-0.00780342, 0.998968, -0.0447416;
	-0.935105, 0.00856236, 0.354268;
	0.354286, 0.0446026, 0.934073
]
t: -8.23185  1.87192 -1.19191

Value 87: (gtsam::Pose3)
R: [
	0.120303, 0.992026, -0.0375667;
	-0.96195, 0.12584, 0.242523;
	0.245316, 0.00696105, 0.969418
]
t:  -8.27794   1.19315 -0.825846

Value 88: (gtsam::Pose3)
R: [
	0.264819, 0.963822, -0.0302921;
	-0.933166, 0.26406, 0.243873;
	0.243049, -0.0363146, 0.969334
]
t:   -8.0282  0.176975 -0.738241

Value 89: (gtsam::Pose3)
R: [
	0.315912, 0.943273, -0.102157;
	-0.925102, 0.330143, 0.187593;
	0.210677, 0.0352424, 0.97692
]
t:   -7.7298 -0.668518 -0.433649

Value 90: (gtsam::Pose3)
R: [
	0.416305, 0.906283, -0.0730842;
	-0.882339, 0.42209, 0.208131;
	0.219474, -0.022161, 0.975367
]
t:  -7.39721   -1.5029 -0.274793

Value 91: (gtsam::Pose3)
R: [
	0.600245, 0.797464, -0.0612881;
	-0.776968, 0.599569, 0.191931;
	0.189805, -0.0675868, 0.979493
]
t: -7.00737 -2.38585 -0.16412

Value 92: (gtsam::Pose3)
R: [
	0.657829, 0.741022, -0.134714;
	-0.723757, 0.671442, 0.159189;
	0.208415, -0.00721889, 0.978014
]
t:    -6.3473   -3.42143 -0.0687578

Value 93: (gtsam::Pose3)
R: [
	0.694219, 0.703345, -0.152858;
	-0.688951, 0.710815, 0.141736;
	0.208343, 0.00691529, 0.978031
]
t: -5.55708 -3.98101 0.139196

Value 94: (gtsam::Pose3)
R: [
	0.782947, 0.621173, -0.0337399;
	-0.61018, 0.77739, 0.15279;
	0.121138, -0.0990388, 0.987683
]
t: -4.83161 -4.67926 0.124526

Value 95: (gtsam::Pose3)
R: [
	0.891832, 0.446603, -0.0719816;
	-0.433836, 0.889478, 0.143582;
	0.12815, -0.0968228, 0.987017
]
t: -4.09812 -5.27014 0.203088

Value 96: (gtsam::Pose3)
R: [
	0.949772, 0.310984, -0.0349543;
	-0.302592, 0.941103, 0.150873;
	0.0798145, -0.132718, 0.987935
]
t: -3.17607 -5.67539 0.194602

Value 97: (gtsam::Pose3)
R: [
	0.980703, 0.190991, -0.041757;
	-0.181237, 0.968254, 0.172158;
	0.073312, -0.161268, 0.984184
]
t: -2.09999 -6.07299 0.301079

Value 98: (gtsam::Pose3)
R: [
	0.995669, 0.0367819, -0.0853819;
	-0.0209188, 0.983492, 0.179739;
	0.0905836, -0.177175, 0.980002
]
t: -1.13573 -6.17775 0.228535

Value 99: (gtsam::Pose3)
R: [
	0.995826, -0.0749742, -0.0520481;
	0.0817444, 0.986305, 0.143249;
	0.0405953, -0.146906, 0.988317
]
t: -0.158484  -6.18771   0.35013

Value 100: (gtsam::Pose3)
R: [
	0.979109, -0.20077, -0.0321958;
	0.203126, 0.972937, 0.110153;
	0.00920902, -0.114392, 0.993393
]
t: 0.907216 -5.97516 0.328642

Value 101: (gtsam::Pose3)
R: [
	0.946802, -0.321563, 0.0127519;
	0.31658, 0.937786, 0.142597;
	-0.0578126, -0.130974, 0.989699
]
t:  2.04148  -5.7665 0.155511

Value 102: (gtsam::Pose3)
R: [
	0.899588, -0.425454, 0.0986391;
	0.419988, 0.904683, 0.0718178;
	-0.119792, -0.0231792, 0.992528
]
t:  2.98594 -5.46015 0.192111

Value 103: (gtsam::Pose3)
R: [
	0.86991, -0.485077, 0.0892038;
	0.482283, 0.874469, 0.0520375;
	-0.103248, -0.00224646, 0.994653
]
t:    3.94003   -5.05587 -0.0635384

Value 104: (gtsam::Pose3)
R: [
	0.789149, -0.611167, 0.0609791;
	0.610056, 0.791466, 0.0375894;
	-0.0712362, 0.007537, 0.997431
]
t:   4.81132  -4.44158 0.0647892

Value 105: (gtsam::Pose3)
R: [
	0.749698, -0.660635, 0.0389185;
	0.658295, 0.750487, 0.058455;
	-0.0678252, -0.0182037, 0.997531
]
t:   5.62492  -3.73549 -0.210989

Value 106: (gtsam::Pose3)
R: [
	0.655346, -0.754367, 0.0381013;
	0.750077, 0.655899, 0.0847379;
	-0.0889141, -0.0269537, 0.995675
]
t:   6.30676  -2.99308 -0.412044

Value 107: (gtsam::Pose3)
R: [
	0.511401, -0.854328, 0.092702;
	0.841849, 0.519722, 0.14553;
	-0.172509, 0.00361713, 0.985001
]
t:   6.91084  -2.15717 -0.541407

Value 108: (gtsam::Pose3)
R: [
	0.414658, -0.897417, 0.150672;
	0.885877, 0.435958, 0.158627;
	-0.208041, 0.0677005, 0.975774
]
t:   7.35961  -1.29358 -0.794509

Value 109: (gtsam::Pose3)
R: [
	0.231935, -0.956792, 0.175373;
	0.957554, 0.256299, 0.131912;
	-0.171161, 0.137334, 0.975625
]
t:   7.81407 -0.369938  -1.02059

Value 110: (gtsam::Pose3)
R: [
	0.169759, -0.973732, 0.151752;
	0.969004, 0.192973, 0.15425;
	-0.179482, 0.120863, 0.976309
]
t:  8.11557 0.749397 -1.22858

Value 111: (gtsam::Pose3)
R: [
	-0.0797403, -0.98319, 0.164251;
	0.961996, -0.0327327, 0.271093;
	-0.26116, 0.179626, 0.948436
]
t:  8.20772   1.6336 -1.40419

Value 112: (gtsam::Pose3)
R: [
	-0.171349, -0.958954, 0.225935;
	0.96928, -0.123013, 0.212989;
	-0.176454, 0.25549, 0.950573
]
t:  8.24009  2.52936 -1.81624

Value 113: (gtsam::Pose3)
R: [
	-0.313827, -0.941029, 0.126404;
	0.912265, -0.261935, 0.314901;
	-0.263221, 0.214139, 0.94067
]
t:  8.08972  3.64836 -2.07603

Value 114: (gtsam::Pose3)
R: [
	-0.408832, -0.892416, 0.19092;
	0.858218, -0.304814, 0.412978;
	-0.310353, 0.332689, 0.890505
]
t:   7.7446  4.65257 -2.32475

Value 115: (gtsam::Pose3)
R: [
	-0.522542, -0.84601, 0.105911;
	0.793713, -0.437308, 0.422825;
	-0.311399, 0.305007, 0.900001
]
t:  7.23057  5.54186 -2.81733

Value 116: (gtsam::Pose3)
R: [
	-0.636887, -0.767958, 0.0679323;
	0.69877, -0.537781, 0.471713;
	-0.325723, 0.347897, 0.879132
]
t:  6.62946  6.32832 -3.28512

Value 117: (gtsam::Pose3)
R: [
	-0.696254, -0.717098, 0.0316265;
	0.629203, -0.588524, 0.507684;
	-0.345446, 0.373376, 0.860963
]
t:  6.02625   7.2355 -3.75661

Value 118: (gtsam::Pose3)
R: [
	-0.782094, -0.621149, 0.0500265;
	0.536045, -0.629651, 0.562312;
	-0.31778, 0.466597, 0.825411
]
t:  5.11644  7.91079 -4.08221

Value 119: (gtsam::Pose3)
R: [
	-0.803616, -0.592208, 0.0590851;
	0.523965, -0.656922, 0.542138;
	-0.282244, 0.46663, 0.838209
]
t:  4.05949  8.46995 -4.49403

Value 120: (gtsam::Pose3)
R: [
	-0.884368, -0.466155, 0.0243396;
	0.411909, -0.754801, 0.510497;
	-0.219599, 0.461493, 0.859535
]
t:  3.10685  9.09187 -4.80935

Value 121: (gtsam::Pose3)
R: [
	-0.939965, -0.335369, 0.0631893;
	0.31473, -0.780287, 0.54046;
	-0.131948, 0.527901, 0.838993
]
t:  2.00615  9.58137 -5.03695

Value 122: (gtsam::Pose3)
R: [
	-0.973482, -0.185508, 0.133863;
	0.228229, -0.827518, 0.512958;
	0.0156161, 0.529907, 0.847912
]
t: 0.841239  10.0566 -5.12636

Value 123: (gtsam::Pose3)
R: [
	-0.99221, -0.0920843, 0.0839084;
	0.123808, -0.803729, 0.581972;
	0.0138491, 0.587827, 0.808868
]
t: -0.27331   10.227 -4.94816

Value 124: (gtsam::Pose3)
R: [
	-0.999609, 0.00724508, 0.0270188;
	0.0100488, -0.8084, 0.588548;
	0.0261061, 0.588589, 0.808011
]
t: -1.65123  10.3796 -4.84862

Value 125: (gtsam::Pose3)
R: [
	-0.984114, 0.132965, -0.117645;
	-0.174912, -0.839709, 0.514097;
	-0.030431, 0.526507, 0.849626
]
t: -2.77379  10.3861 -4.87417

Value 126: (gtsam::Pose3)
R: [
	-0.929115, 0.299499, -0.216899;
	-0.369474, -0.727607, 0.577995;
	0.0152914, 0.617162, 0.786687
]
t: -3.86935   10.213 -5.02459

Value 127: (gtsam::Pose3)
R: [
	-0.893655, 0.397927, -0.207449;
	-0.444535, -0.721732, 0.530558;
	0.0614007, 0.566354, 0.821872
]
t: -5.05839  9.70754 -5.01887

Value 128: (gtsam::Pose3)
R: [
	-0.812794, 0.560859, -0.157489;
	-0.542386, -0.629933, 0.55588;
	0.212563, 0.537236, 0.816208
]
t: -6.07126  9.24971 -5.02736

Value 129: (gtsam::Pose3)
R: [
	-0.811073, 0.574254, -0.111324;
	-0.53083, -0.642637, 0.552483;
	0.245725, 0.507198, 0.826057
]
t: -7.07955  8.60766 -4.71361

Value 130: (gtsam::Pose3)
R: [
	-0.700255, 0.707115, -0.0981365;
	-0.635659, -0.555028, 0.536546;
	0.324932, 0.438101, 0.838145
]
t: -8.01754  7.92139 -4.38083

Value 131: (gtsam::Pose3)
R: [
	-0.632925, 0.764221, -0.123983;
	-0.686555, -0.480003, 0.546113;
	0.357839, 0.43077, 0.828486
]
t: -8.96523  6.91234 -3.98285

Value 132: (gtsam::Pose3)
R: [
	-0.544752, 0.838588, -0.00391569;
	-0.719266, -0.464828, 0.516325;
	0.431164, 0.284085, 0.856384
]
t: -9.75361  6.08935 -3.54679

Value 133: (gtsam::Pose3)
R: [
	-0.442841, 0.890755, -0.102213;
	-0.761595, -0.313549, 0.567151;
	0.473143, 0.329002, 0.817247
]
t: -10.4098   5.0307 -2.92273

Value 134: (gtsam::Pose3)
R: [
	-0.303014, 0.937925, -0.168759;
	-0.878238, -0.206084, 0.431541;
	0.369974, 0.278974, 0.886168
]
t: -10.9946  4.08263 -2.31471

Value 135: (gtsam::Pose3)
R: [
	-0.120747, 0.958052, -0.259917;
	-0.917043, -0.00740681, 0.39872;
	0.380069, 0.2865, 0.879469
]
t: -11.1041  2.97068 -1.93657

Value 136: (gtsam::Pose3)
R: [
	-0.0350499, 0.989425, -0.140744;
	-0.932078, 0.018445, 0.361787;
	0.360558, 0.143865, 0.921575
]
t: -11.2958  1.81725  -1.3408

Value 137: (gtsam::Pose3)
R: [
	0.111998, 0.980666, -0.160471;
	-0.967958, 0.144188, 0.20559;
	0.224754, 0.132304, 0.965392
]
t:  -11.2053  0.822048 -0.875949

Value 138: (gtsam::Pose3)
R: [
	0.290252, 0.955832, -0.0462535;
	-0.949344, 0.293691, 0.111764;
	0.120412, 0.0114706, 0.992658
]
t:  -11.0971 -0.518886 -0.786243

Value 139: (gtsam::Pose3)
R: [
	0.415469, 0.904227, -0.0987863;
	-0.90122, 0.423918, 0.0899837;
	0.123243, 0.0516427, 0.991032
]
t:  -10.7076  -1.68468 -0.672259

Value 140: (gtsam::Pose3)
R: [
	0.526595, 0.841277, -0.122268;
	-0.837497, 0.538074, 0.0952631;
	0.145932, 0.0522343, 0.987915
]
t:  -10.0889  -2.97629 -0.436759

Value 141: (gtsam::Pose3)
R: [
	0.602692, 0.796876, -0.0418338;
	-0.793041, 0.603963, 0.0794654;
	0.0885902, -0.0147173, 0.995959
]
t: -9.45488 -4.16559  -0.2511

Value 142: (gtsam::Pose3)
R: [
	0.688307, 0.724059, -0.0444082;
	-0.724526, 0.689208, 0.00744891;
	0.0359999, 0.0270477, 0.998986
]
t:  -8.65102  -5.25596 -0.100574

Value 143: (gtsam::Pose3)
R: [
	0.773648, 0.622774, -0.116705;
	-0.611793, 0.782146, 0.11814;
	0.164855, -0.0199997, 0.986115
]
t:  -7.66232  -6.20973 0.0138391

Value 144: (gtsam::Pose3)
R: [
	0.880594, 0.470554, -0.0559674;
	-0.462609, 0.879245, 0.113669;
	0.102697, -0.0742057, 0.991941
]
t: -6.60556  -7.1667 0.236723

Value 145: (gtsam::Pose3)
R: [
	0.902644, 0.407924, -0.13723;
	-0.399471, 0.91274, 0.0856122;
	0.160179, -0.0224578, 0.986832
]
t: -5.24825 -7.83799 0.412466

Value 146: (gtsam::Pose3)
R: [
	0.961066, 0.275935, 0.0145722;
	-0.274187, 0.945785, 0.174103;
	0.0342589, -0.17132, 0.98462
]
t: -4.10049  -8.6187 0.641179

Value 147: (gtsam::Pose3)
R: [
	0.974303, 0.224822, 0.013775;
	-0.224692, 0.965823, 0.129228;
	0.015749, -0.129002, 0.991519
]
t: -2.61755 -8.98528 0.680135

Value 148: (gtsam::Pose3)
R: [
	0.998613, 0.0477976, -0.0220947;
	-0.0459314, 0.995864, 0.078397;
	0.0257505, -0.0772734, 0.996677
]
t: -1.41312 -9.26126 0.726997

Value 149: (gtsam::Pose3)
R: [
	0.99891, -0.0402236, 0.0236812;
	0.0375629, 0.993898, 0.103715;
	-0.0277085, -0.102712, 0.994325
]
t: -0.00721545    -9.24249    0.669422

Value 150: (gtsam::Pose3)
R: [
	0.983775, -0.170457, 0.055955;
	0.164072, 0.980978, 0.103744;
	-0.0725745, -0.0928799, 0.993029
]
t:  1.45648 -8.99724 0.526363

Value 151: (gtsam::Pose3)
R: [
	0.962963, -0.262952, 0.0596616;
	0.253994, 0.958883, 0.126609;
	-0.0905007, -0.106766, 0.990157
]
t:  2.84283 -8.73939 0.382164

Value 152: (gtsam::Pose3)
R: [
	0.921798, -0.3684, 0.120708;
	0.358499, 0.928556, 0.0962369;
	-0.147538, -0.0454371, 0.988012
]
t:  4.17505  -8.1418 0.174811

Value 153: (gtsam::Pose3)
R: [
	0.845358, -0.517895, 0.130973;
	0.519302, 0.854199, 0.0258735;
	-0.125277, 0.0461423, 0.991048
]
t:    5.44037   -7.64755 -0.0185899

Value 154: (gtsam::Pose3)
R: [
	0.776705, -0.6147, 0.137379;
	0.614807, 0.78729, 0.0467533;
	-0.136897, 0.0481482, 0.989415
]
t:    6.6083  -6.85592 -0.126807

Value 155: (gtsam::Pose3)
R: [
	0.708767, -0.696667, 0.110926;
	0.69882, 0.714874, 0.024596;
	-0.0964335, 0.0600847, 0.993524
]
t:   7.66625  -5.86598 -0.329548

Value 156: (gtsam::Pose3)
R: [
	0.592897, -0.799608, 0.0953912;
	0.799001, 0.598896, 0.0540539;
	-0.100351, 0.0441692, 0.993971
]
t:   8.60157  -4.96553 -0.485571

Value 157: (gtsam::Pose3)
R: [
	0.397889, -0.888581, 0.228274;
	0.870166, 0.444356, 0.212977;
	-0.290682, 0.113895, 0.950017
]
t:   9.53363  -3.89856 -0.691505

Value 158: (gtsam::Pose3)
R: [
	0.384943, -0.903656, 0.18768;
	0.892354, 0.416326, 0.174288;
	-0.235632, 0.100387, 0.966644
]
t:  10.1013 -2.53451 -1.10167

Value 159: (gtsam::Pose3)
R: [
	0.269872, -0.949263, 0.161456;
	0.930564, 0.300204, 0.209588;
	-0.247424, 0.0936833, 0.964368
]
t:  10.6327 -1.17503 -1.56002

Value 160: (gtsam::Pose3)
R: [
	0.136213, -0.971811, 0.192431;
	0.967442, 0.172308, 0.18538;
	-0.213312, 0.160915, 0.963641
]
t:  11.1137 0.158646 -1.66133

Value 161: (gtsam::Pose3)
R: [
	-0.0487958, -0.986222, 0.158065;
	0.94433, 0.00599791, 0.328945;
	-0.32536, 0.165317, 0.931027
]
t:   11.243  1.58528 -1.92885

Value 162: (gtsam::Pose3)
R: [
	-0.143066, -0.985617, 0.0899521;
	0.958745, -0.115458, 0.259763;
	-0.245641, 0.123404, 0.961474
]
t:  11.0738  2.82627 -2.50094

Value 163: (gtsam::Pose3)
R: [
	-0.287563, -0.954774, 0.0755952;
	0.883555, -0.233993, 0.405681;
	-0.369645, 0.183452, 0.910883
]
t:  11.0069  4.32507 -2.90877

Value 164: (gtsam::Pose3)
R: [
	-0.410847, -0.907218, 0.0903377;
	0.807618, -0.316174, 0.497782;
	-0.423034, 0.277471, 0.862585
]
t:  10.4413  5.59277 -3.31263

Value 165: (gtsam::Pose3)
R: [
	-0.546417, -0.837143, 0.0248875;
	0.751633, -0.477062, 0.455478;
	-0.369428, 0.267587, 0.889899
]
t:  9.81913  6.81544 -3.93052

Value 166: (gtsam::Pose3)
R: [
	-0.63233, -0.76027, 0.148822;
	0.698655, -0.476637, 0.533571;
	-0.334724, 0.441369, 0.832558
]
t:  9.08563  7.89409 -4.50099

Value 167: (gtsam::Pose3)
R: [
	-0.715427, -0.690145, 0.108925;
	0.645276, -0.592874, 0.481787;
	-0.267924, 0.41497, 0.869492
]
t:  8.13243  8.92379 -5.09871

Value 168: (gtsam::Pose3)
R: [
	-0.851104, -0.523619, 0.0380227;
	0.44966, -0.689673, 0.567588;
	-0.270977, 0.500174, 0.822434
]
t:  6.97791  9.79084 -5.68751

Value 169: (gtsam::Pose3)
R: [
	-0.834743, -0.550621, -0.00450556;
	0.466923, -0.712146, 0.524243;
	-0.291868, 0.435504, 0.851557
]
t:  5.77021  10.6032 -6.00198

Value 170: (gtsam::Pose3)
R: [
	-0.906012, -0.414525, 0.0855022;
	0.382967, -0.716863, 0.582619;
	-0.180217, 0.560604, 0.808236
]
t:  4.42383  11.3363 -6.37577

Value 171: (gtsam::Pose3)
R: [
	-0.959329, -0.259818, 0.110376;
	0.273391, -0.757713, 0.592561;
	-0.0703251, 0.598637, 0.797928
]
t:  3.00255  11.8932 -6.74315

Value 172: (gtsam::Pose3)
R: [
	-0.975325, -0.183178, 0.123235;
	0.220493, -0.780042, 0.585591;
	-0.0111392, 0.598314, 0.801184
]
t:   1.4416  12.3753 -6.88364

Value 173: (gtsam::Pose3)
R: [
	-0.983697, -0.04104, 0.17509;
	0.128058, -0.843422, 0.521767;
	0.126262, 0.535682, 0.834927
]
t: -0.0259487    12.6912   -6.88189

Value 174: (gtsam::Pose3)
R: [
	-0.999457, 0.0304673, -0.01257;
	-0.0324429, -0.842264, 0.538088;
	0.0058068, 0.538203, 0.842795
]
t: -1.61663  12.8005 -6.67225

Value 175: (gtsam::Pose3)
R: [
	-0.968674, 0.13968, -0.205329;
	-0.224408, -0.846453, 0.482865;
	-0.106355, 0.513816, 0.851282
]
t: -3.18357  12.8032 -6.72584

Value 176: (gtsam::Pose3)
R: [
	-0.952061, 0.254731, -0.169386;
	-0.305174, -0.829207, 0.468278;
	-0.0211708, 0.497522, 0.867193
]
t: -4.73958  12.3967 -6.97772

Value 177: (gtsam::Pose3)
R: [
	-0.915997, 0.350723, -0.19479;
	-0.397791, -0.730981, 0.554463;
	0.0520753, 0.585372, 0.809091
]
t: -6.18605  11.8142 -6.86262

Value 178: (gtsam::Pose3)
R: [
	-0.867878, 0.489499, -0.0847281;
	-0.453258, -0.710436, 0.538365;
	0.203335, 0.505639, 0.838441
]
t: -7.70268  11.1788 -6.73428

Value 179: (gtsam::Pose3)
R: [
	-0.761492, 0.64144, -0.0931894;
	-0.580329, -0.610666, 0.5388;
	0.2887, 0.464373, 0.837264
]
t: -8.78515  10.4303 -6.37945

Value 180: (gtsam::Pose3)
R: [
	-0.707748, 0.693705, -0.133665;
	-0.638813, -0.547619, 0.540399;
	0.30168, 0.467853, 0.830724
]
t: -10.1713  9.44287 -5.86977

Value 181: (gtsam::Pose3)
R: [
	-0.628673, 0.777374, -0.0214415;
	-0.655519, -0.51489, 0.552434;
	0.418408, 0.361356, 0.833281
]
t: -11.2495   8.4334 -5.37842

Value 182: (gtsam::Pose3)
R: [
	-0.555713, 0.829496, -0.0558457;
	-0.707333, -0.436435, 0.556061;
	0.436878, 0.348512, 0.829263
]
t: -12.3712  7.31694 -4.56659

Value 183: (gtsam::Pose3)
R: [
	-0.434603, 0.897231, -0.0780857;
	-0.784627, -0.334638, 0.521899;
	0.442133, 0.288087, 0.849426
]
t: -13.2252   6.0858 -3.91445

Value 184: (gtsam::Pose3)
R: [
	-0.24359, 0.960572, -0.134035;
	-0.901905, -0.17352, 0.395548;
	0.356695, 0.217238, 0.908612
]
t: -13.7371   4.8706 -3.16372

Value 185: (gtsam::Pose3)
R: [
	-0.0843022, 0.976687, -0.197421;
	-0.937962, -0.0109071, 0.346566;
	0.336334, 0.21439, 0.917015
]
t: -14.0744  3.27123 -2.53903

Value 186: (gtsam::Pose3)
R: [
	-0.0706834, 0.972773, -0.220718;
	-0.93509, 0.0124193, 0.354193;
	0.34729, 0.231426, 0.908753
]
t: -14.2325    1.614 -1.94885

Value 187: (gtsam::Pose3)
R: [
	0.116477, 0.963236, -0.242095;
	-0.964522, 0.167848, 0.203776;
	0.23692, 0.20977, 0.948612
]
t:  -14.155  0.28055 -1.47199

Value 188: (gtsam::Pose3)
R: [
	0.351325, 0.906146, -0.23552;
	-0.924689, 0.375243, 0.0643595;
	0.146697, 0.195172, 0.969736
]
t: -14.0816 -1.31121 -1.02597

Value 189: (gtsam::Pose3)
R: [
	0.40351, 0.902596, -0.149999;
	-0.904655, 0.418114, 0.082341;
	0.137037, 0.102472, 0.985251
]
t: -13.4264 -2.79326 -0.92909

Value 190: (gtsam::Pose3)
R: [
	0.519195, 0.837851, -0.16865;
	-0.84596, 0.531885, 0.0380757;
	0.121604, 0.122903, 0.98494
]
t:  -12.7462  -4.50246 -0.681254

Value 191: (gtsam::Pose3)
R: [
	0.612391, 0.778842, -0.135579;
	-0.782559, 0.621546, 0.0357998;
	0.112151, 0.0841748, 0.99012
]
t:  -11.8849  -6.03487 -0.378249

Value 192: (gtsam::Pose3)
R: [
	0.664342, 0.738728, -0.113709;
	-0.7398, 0.671588, 0.0408133;
	0.106516, 0.0570082, 0.992675
]
t:  -10.7118  -7.40294 -0.287097

Value 193: (gtsam::Pose3)
R: [
	0.779805, 0.624555, -0.0428335;
	-0.625368, 0.780292, -0.00771641;
	0.0286033, 0.032804, 0.999052
]
t:    -9.5686   -8.62711 0.00193815

Value 194: (gtsam::Pose3)
R: [
	0.836535, 0.53843, -0.101497;
	-0.544435, 0.837678, -0.0434255;
	0.0616403, 0.0915855, 0.993888
]
t: -7.96582 -9.73957 0.273583

Value 195: (gtsam::Pose3)
R: [
	0.821206, 0.499552, -0.275806;
	-0.510747, 0.859012, 0.0351425;
	0.254476, 0.112008, 0.960571
]
t: -6.36334 -10.6477 0.398824

Value 196: (gtsam::Pose3)
R: [
	0.966508, 0.246546, -0.0712499;
	-0.246878, 0.969037, 0.00424864;
	0.0700913, 0.0134837, 0.997449
]
t: -4.96748  -11.473 0.834847

Value 197: (gtsam::Pose3)
R: [
	0.965661, 0.25341, -0.0572973;
	-0.254884, 0.966766, -0.0199487;
	0.0503379, 0.0338678, 0.998158
]
t: -3.39113 -12.0253 0.957328

Value 198: (gtsam::Pose3)
R: [
	0.998209, 0.0235116, -0.0550137;
	-0.0260274, 0.998627, -0.0454694;
	0.0538691, 0.0468198, 0.99745
]
t: -1.62328 -12.2237 0.918725

Value 199: (gtsam::Pose3)
R: [
	0.999144, 0.00570197, 0.0409696;
	-0.00435626, 0.99945, -0.0328609;
	-0.0411345, 0.0326543, 0.99862
]
t: 0.152631 -12.2411 0.853145

Value 200: (gtsam::Pose3)
R: [
	0.982487, -0.162095, 0.0918931;
	0.165324, 0.985824, -0.0286314;
	-0.0859494, 0.0433221, 0.995357
]
t:  2.03048 -11.9703 0.676017

Value 201: (gtsam::Pose3)
R: [
	0.944489, -0.308339, 0.113439;
	0.303281, 0.951019, 0.0598605;
	-0.12634, -0.0221337, 0.99174
]
t:  3.70731 -11.6884 0.520442

Value 202: (gtsam::Pose3)
R: [
	0.89345, -0.423678, 0.149142;
	0.433286, 0.900471, -0.0376151;
	-0.118361, 0.0982285, 0.9881
]
t:  5.40472  -10.971 0.259665

Value 203: (gtsam::Pose3)
R: [
	0.848255, -0.508235, 0.148864;
	0.508187, 0.860258, 0.041255;
	-0.149028, 0.0406558, 0.987997
]
t:   7.02244   -10.217 -0.126155

Value 204: (gtsam::Pose3)
R: [
	0.799271, -0.585679, 0.13471;
	0.589149, 0.807852, 0.0167219;
	-0.118619, 0.0659988, 0.990744
]
t:   8.61324  -9.21142 -0.312171

Value 205: (gtsam::Pose3)
R: [
	0.686143, -0.711087, 0.153505;
	0.713625, 0.698899, 0.0477429;
	-0.141234, 0.0767866, 0.986994
]
t:   9.77218  -8.16067 -0.549989

Value 206: (gtsam::Pose3)
R: [
	0.633255, -0.753986, 0.174623;
	0.763886, 0.645165, 0.0155206;
	-0.124363, 0.123564, 0.984513
]
t:   11.0964   -6.7734 -0.759204

Value 207: (gtsam::Pose3)
R: [
	0.47581, -0.830485, 0.289653;
	0.852245, 0.516739, 0.0816063;
	-0.217448, 0.208026, 0.953646
]
t:   12.2926  -5.25008 -0.987338

Value 208: (gtsam::Pose3)
R: [
	0.341741, -0.875865, 0.340696;
	0.912627, 0.395823, 0.102161;
	-0.224334, 0.276015, 0.934607
]
t:  12.9915 -3.76862 -1.48274

Value 209: (gtsam::Pose3)
R: [
	0.229664, -0.95089, 0.207515;
	0.95656, 0.25987, 0.132139;
	-0.179576, 0.168153, 0.969266
]
t:  13.5463  -2.1037 -1.87949

Value 210: (gtsam::Pose3)
R: [
	0.108777, -0.976639, 0.185321;
	0.983289, 0.133089, 0.124221;
	-0.145984, 0.168712, 0.974795
]
t:   14.0018 -0.380856  -2.28127

Value 211: (gtsam::Pose3)
R: [
	-0.07785, -0.978868, 0.189093;
	0.967431, -0.0283484, 0.251544;
	-0.240868, 0.202517, 0.949194
]
t:  14.3043   1.3421 -2.56785

Value 212: (gtsam::Pose3)
R: [
	-0.1979, -0.967533, 0.157215;
	0.949956, -0.149759, 0.274145;
	-0.2417, 0.2036, 0.948751
]
t:  14.1488  3.15507 -2.90484

Value 213: (gtsam::Pose3)
R: [
	-0.292427, -0.944109, 0.152135;
	0.892973, -0.212663, 0.396703;
	-0.342177, 0.251859, 0.905252
]
t:  13.7597   5.0203 -3.50728

Value 214: (gtsam::Pose3)
R: [
	-0.376876, -0.91228, 0.160342;
	0.80816, -0.239275, 0.538168;
	-0.452594, 0.332404, 0.827445
]
t:  13.2134  6.62623 -4.07594

Value 215: (gtsam::Pose3)
R: [
	-0.523987, -0.851359, 0.0250023;
	0.720468, -0.427389, 0.546136;
	-0.454273, 0.304182, 0.837323
]
t:   12.351  8.10199 -4.93116

Value 216: (gtsam::Pose3)
R: [
	-0.600487, -0.795354, 0.0826312;
	0.70658, -0.479387, 0.520512;
	-0.374379, 0.370946, 0.849847
]
t:  11.3488  9.30886 -5.86535

Value 217: (gtsam::Pose3)
R: [
	-0.695273, -0.712182, 0.0969178;
	0.645752, -0.55975, 0.519311;
	-0.315594, 0.423648, 0.849072
]
t:  10.1132  10.5512 -6.54826

Value 218: (gtsam::Pose3)
R: [
	-0.790858, -0.61199, -0.00339743;
	0.506509, -0.657644, 0.557632;
	-0.343499, 0.439287, 0.830082
]
t:  8.62888  11.8201 -7.15487

Value 219: (gtsam::Pose3)
R: [
	-0.876399, -0.476229, 0.0716295;
	0.405266, -0.648957, 0.643906;
	-0.260162, 0.593347, 0.761744
]
t:  7.38177  12.7868 -7.73831

Value 220: (gtsam::Pose3)
R: [
	-0.909484, -0.396618, 0.124634;
	0.390354, -0.711518, 0.584266;
	-0.143051, 0.580031, 0.801935
]
t:  5.74877  13.5375 -8.15777

Value 221: (gtsam::Pose3)
R: [
	-0.926994, -0.358824, 0.109215;
	0.352646, -0.734604, 0.579654;
	-0.127764, 0.57585, 0.807511
]
t:  3.84065  14.2632 -8.46878

Value 222: (gtsam::Pose3)
R: [
	-0.94641, -0.276136, 0.167503;
	0.322968, -0.808274, 0.492325;
	-0.000560686, 0.52004, 0.854142
]
t:  2.06209   14.787 -8.67716

Value 223: (gtsam::Pose3)
R: [
	-0.990759, -0.0931663, 0.098571;
	0.131939, -0.830462, 0.541225;
	0.0314356, 0.549229, 0.83508
]
t: 0.215251  15.2374 -8.58789

Value 224: (gtsam::Pose3)
R: [
	-0.997232, 0.0515712, -0.0535666;
	-0.0733899, -0.798455, 0.597564;
	-0.0119534, 0.599841, 0.80003
]
t: -1.95091  15.3869   -8.378

Value 225: (gtsam::Pose3)
R: [
	-0.957539, 0.216275, -0.190642;
	-0.285888, -0.797729, 0.53094;
	-0.0372516, 0.562898, 0.825687
]
t: -3.58116  15.3124 -8.54746

Value 226: (gtsam::Pose3)
R: [
	-0.948479, 0.238235, -0.208883;
	-0.311383, -0.822725, 0.475568;
	-0.0585565, 0.516109, 0.854519
]
t: -5.50331  14.7912 -8.60392

Value 227: (gtsam::Pose3)
R: [
	-0.909556, 0.410151, -0.0669617;
	-0.39028, -0.787658, 0.476735;
	0.14279, 0.459751, 0.876493
]
t: -7.30964  14.1174 -8.75498

Value 228: (gtsam::Pose3)
R: [
	-0.82174, 0.569152, 0.0284576;
	-0.483207, -0.722385, 0.494642;
	0.302084, 0.392717, 0.868631
]
t: -9.07522  13.2227 -8.41059

Value 229: (gtsam::Pose3)
R: [
	-0.756761, 0.649833, -0.0709222;
	-0.571734, -0.605376, 0.553751;
	0.316911, 0.459606, 0.829656
]
t: -10.7441  12.1971  -7.8744

Value 230: (gtsam::Pose3)
R: [
	-0.687188, 0.719481, -0.100597;
	-0.638845, -0.532541, 0.555227;
	0.345903, 0.445811, 0.825593
]
t: -12.2542  10.9791 -7.27783

Value 231: (gtsam::Pose3)
R: [
	-0.589702, 0.807429, 0.0176016;
	-0.639164, -0.479911, 0.600962;
	0.493681, 0.343138, 0.799084
]
t: -13.5905  9.83197 -6.70297

Value 232: (gtsam::Pose3)
R: [
	-0.555557, 0.8269, -0.0871368;
	-0.722833, -0.428512, 0.542117;
	0.410937, 0.364162, 0.835773
]
t: -14.9955  8.51804 -5.64785

Value 233: (gtsam::Pose3)
R: [
	-0.411072, 0.89844, -0.154356;
	-0.816374, -0.287467, 0.500896;
	0.405652, 0.331917, 0.851632
]
t: -15.9567  7.12867 -4.78431

Value 234: (gtsam::Pose3)
R: [
	-0.231113, 0.953129, -0.195272;
	-0.924376, -0.152501, 0.349675;
	0.303506, 0.261319, 0.916295
]
t: -16.6178   5.5043  -4.0649

Value 235: (gtsam::Pose3)
R: [
	-0.0999693, 0.974202, -0.20233;
	-0.94503, -0.0293395, 0.325664;
	0.311326, 0.223764, 0.923583
]
t: -17.1114  3.38013 -3.39362

Value 236: (gtsam::Pose3)
R: [
	-0.019414, 0.968303, -0.249023;
	-0.960583, 0.0510192, 0.273271;
	0.277315, 0.244512, 0.929145
]
t: -17.2215  1.47707 -2.70348

Value 237: (gtsam::Pose3)
R: [
	0.111891, 0.952646, -0.282748;
	-0.95101, 0.185177, 0.247566;
	0.288201, 0.241196, 0.926696
]
t:  -17.0494 -0.489141  -2.10696

Value 238: (gtsam::Pose3)
R: [
	0.305066, 0.927058, -0.217942;
	-0.93346, 0.336418, 0.124403;
	0.188648, 0.165489, 0.968001
]
t: -16.8251 -2.51481  -1.6549

Value 239: (gtsam::Pose3)
R: [
	0.387505, 0.913684, -0.122562;
	-0.905303, 0.402254, 0.136452;
	0.173975, 0.0580797, 0.983036
]
t: -16.2715 -4.31547 -1.35594

Value 240: (gtsam::Pose3)
R: [
	0.50014, 0.85032, -0.163756;
	-0.858105, 0.512058, 0.0381092;
	0.116258, 0.12146, 0.985764
]
t:  -15.2149  -6.29532 -0.990041

Value 241: (gtsam::Pose3)
R: [
	0.581353, 0.790757, -0.191654;
	-0.804192, 0.59424, 0.012421;
	0.12371, 0.146905, 0.981384
]
t:  -14.3083  -7.96172 -0.749817

Value 242: (gtsam::Pose3)
R: [
	0.740395, 0.649521, -0.173027;
	-0.665131, 0.745111, -0.0490956;
	0.0970357, 0.151436, 0.983693
]
t:  -13.0585  -9.49611 -0.629602

Value 243: (gtsam::Pose3)
R: [
	0.816054, 0.556744, -0.155218;
	-0.567041, 0.823195, -0.0285233;
	0.111895, 0.111292, 0.987468
]
t:  -11.4872  -10.8774 -0.345626

Value 244: (gtsam::Pose3)
R: [
	0.847595, 0.496764, -0.186568;
	-0.506392, 0.862291, -0.00461108;
	0.158585, 0.0983848, 0.982431
]
t:   -9.71428   -12.1979 -0.0744915

Value 245: (gtsam::Pose3)
R: [
	0.87371, 0.446083, -0.19401;
	-0.452581, 0.891643, 0.0119733;
	0.178329, 0.077344, 0.980926
]
t:  -7.95646   -13.345 0.0312481

Value 246: (gtsam::Pose3)
R: [
	0.940074, 0.316879, -0.125891;
	-0.328377, 0.940802, -0.0840279;
	0.0918114, 0.120332, 0.988479
]
t: -5.96421 -14.4187  0.28471

Value 247: (gtsam::Pose3)
R: [
	0.96953, 0.225371, -0.0960224;
	-0.236448, 0.963414, -0.126198;
	0.0640678, 0.145057, 0.987347
]
t: -3.98895 -14.9055 0.557791

Value 248: (gtsam::Pose3)
R: [
	0.991948, 0.118245, -0.0453476;
	-0.126326, 0.949156, -0.288349;
	0.00894614, 0.291756, 0.956451
]
t: -1.84074 -15.3133 0.758382

Value 249: (gtsam::Pose3)
R: [
	0.996277, -0.0478507, 0.0717141;
	0.0582829, 0.986773, -0.151269;
	-0.0635272, 0.154886, 0.985888
]
t: 0.252056 -15.4113 0.684366

Value 250: (gtsam::Pose3)
R: [
	0.966356, -0.227889, 0.119257;
	0.246233, 0.953664, -0.172901;
	-0.0743289, 0.196449, 0.977693
]
t:  2.43447 -15.0524 0.553917

Value 251: (gtsam::Pose3)
R: [
	0.936678, -0.31843, 0.145725;
	0.337049, 0.932693, -0.128382;
	-0.0950361, 0.169369, 0.98096
]
t:  4.64703 -14.5683 0.287089

Value 252: (gtsam::Pose3)
R: [
	0.910201, -0.390974, 0.136652;
	0.410377, 0.895901, -0.170153;
	-0.0559009, 0.210952, 0.975897
]
t:    6.73801   -13.7534 -0.0611216

Value 253: (gtsam::Pose3)
R: [
	0.853005, -0.482978, 0.197775;
	0.504688, 0.859873, -0.0768627;
	-0.132938, 0.165379, 0.977229
]
t:   8.65926  -12.7636 -0.241162

Value 254: (gtsam::Pose3)
R: [
	0.778834, -0.595838, 0.195945;
	0.614349, 0.787647, -0.0467773;
	-0.126464, 0.15681, 0.979499
]
t:    10.377  -11.5999 -0.683641

Value 255: (gtsam::Pose3)
R: [
	0.707962, -0.680338, 0.189554;
	0.680406, 0.728972, 0.075153;
	-0.189309, 0.0757683, 0.97899
]
t:  11.9585  -10.292 -0.89273

Value 256: (gtsam::Pose3)
R: [
	0.549553, -0.794694, 0.257785;
	0.816399, 0.576345, 0.036323;
	-0.177439, 0.190494, 0.965519
]
t:  13.4547 -8.82968 -1.15514

Value 257: (gtsam::Pose3)
R: [
	0.469021, -0.831937, 0.29648;
	0.855269, 0.511575, 0.0824968;
	-0.220304, 0.214877, 0.951469
]
t:  14.6944 -6.81408 -1.71018

Value 258: (gtsam::Pose3)
R: [
	0.390735, -0.884062, 0.256438;
	0.912193, 0.409228, 0.0208916;
	-0.123411, 0.225758, 0.966335
]
t:  15.7738 -4.88648 -2.32625

Value 259: (gtsam::Pose3)
R: [
	0.291584, -0.91818, 0.268189;
	0.939469, 0.327633, 0.100275;
	-0.179939, 0.222716, 0.958133
]
t:  16.4235 -2.83766 -2.52269

Value 260: (gtsam::Pose3)
R: [
	0.175383, -0.941266, 0.288545;
	0.979221, 0.197093, 0.0477504;
	-0.101816, 0.274175, 0.956275
]
t:  16.9586 -0.72282 -2.88515

Value 261: (gtsam::Pose3)
R: [
	0.0111956, -0.971034, 0.238678;
	0.980157, 0.0578981, 0.189576;
	-0.197904, 0.231819, 0.952415
]
t:  17.2715  1.34713 -3.18262

Value 262: (gtsam::Pose3)
R: [
	-0.140241, -0.965183, 0.220805;
	0.951115, -0.0693493, 0.300949;
	-0.275158, 0.252216, 0.927726
]
t:  17.1629  3.57506 -3.61587

Value 263: (gtsam::Pose3)
R: [
	-0.251678, -0.954512, 0.159889;
	0.888595, -0.162443, 0.428965;
	-0.38348, 0.250038, 0.889058
]
t:   16.668  5.51034 -4.29149

Value 264: (gtsam::Pose3)
R: [
	-0.484106, -0.846996, 0.219635;
	0.779246, -0.303146, 0.548524;
	-0.398016, 0.436694, 0.806773
]
t:  16.0662  7.43244 -5.06467

Value 265: (gtsam::Pose3)
R: [
	-0.538452, -0.839992, 0.0669526;
	0.729005, -0.424507, 0.536978;
	-0.422636, 0.337946, 0.840935
]
t:  14.9428  9.16035 -6.13232

Value 266: (gtsam::Pose3)
R: [
	-0.650908, -0.749498, 0.120715;
	0.675138, -0.498792, 0.543503;
	-0.347143, 0.435269, 0.830682
]
t: 13.6879 10.6635 -7.1758

Value 267: (gtsam::Pose3)
R: [
	-0.75598, -0.641829, 0.128645;
	0.583603, -0.571837, 0.57655;
	-0.296482, 0.510938, 0.806871
]
t:  12.3491  12.2081 -7.91662

Value 268: (gtsam::Pose3)
R: [
	-0.755076, -0.651029, 0.0775959;
	0.545724, -0.558479, 0.624729;
	-0.363381, 0.514064, 0.776976
]
t:  10.6257  13.6715 -8.51676

Value 269: (gtsam::Pose3)
R: [
	-0.81836, -0.571405, 0.061504;
	0.468077, -0.600603, 0.648214;
	-0.333453, 0.559261, 0.758971
]
t:   8.7922  14.7263 -9.41215

Value 270: (gtsam::Pose3)
R: [
	-0.904591, -0.399437, 0.148879;
	0.400944, -0.678637, 0.615382;
	-0.144772, 0.616361, 0.774041
]
t:  6.96916  15.6733 -10.0166

Value 271: (gtsam::Pose3)
R: [
	-0.956292, -0.281847, 0.0778984;
	0.267235, -0.734222, 0.624102;
	-0.118706, 0.61764, 0.77745
]
t:  4.85882  16.5244 -10.1858

Value 272: (gtsam::Pose3)
R: [
	-0.981996, -0.164848, 0.0922384;
	0.184568, -0.733347, 0.654322;
	-0.0402212, 0.659566, 0.750569
]
t: 2.74185 17.2103 -10.469

Value 273: (gtsam::Pose3)
R: [
	-0.988049, -0.0833391, 0.129669;
	0.148088, -0.746658, 0.648515;
	0.042772, 0.659967, 0.750076
]
t: 0.488612  17.6405  -10.445

Value 274: (gtsam::Pose3)
R: [
	-0.999036, 0.0308855, -0.0312107;
	-0.0438806, -0.727926, 0.684251;
	-0.00158569, 0.68496, 0.728579
]
t: -2.01897  17.7677   -10.34

Value 275: (gtsam::Pose3)
R: [
	-0.972149, 0.200207, -0.121837;
	-0.229287, -0.70484, 0.671288;
	0.0485206, 0.680528, 0.731114
]
t:  -4.2315  17.6549 -10.1938

Value 276: (gtsam::Pose3)
R: [
	-0.953694, 0.270214, -0.132107;
	-0.293809, -0.742926, 0.601445;
	0.0643727, 0.612409, 0.787916
]
t: -6.57353  17.0842 -10.2472

Value 277: (gtsam::Pose3)
R: [
	-0.89845, 0.425909, -0.106725;
	-0.399206, -0.691161, 0.602437;
	0.182819, 0.583865, 0.790999
]
t: -8.47409  16.3321 -10.0822

Value 278: (gtsam::Pose3)
R: [
	-0.871611, 0.465383, -0.15399;
	-0.447096, -0.625923, 0.639003;
	0.200996, 0.625811, 0.753632
]
t: -10.5343  15.1246 -9.57334

Value 279: (gtsam::Pose3)
R: [
	-0.791464, 0.554221, -0.257728;
	-0.578403, -0.542835, 0.608917;
	0.19757, 0.631007, 0.750198
]
t: -12.5736  14.0167 -9.13548

Value 280: (gtsam::Pose3)
R: [
	-0.716529, 0.644753, -0.266232;
	-0.640395, -0.456703, 0.617508;
	0.276552, 0.612956, 0.740138
]
t: -14.2915  12.6672 -8.72359

Value 281: (gtsam::Pose3)
R: [
	-0.689818, 0.713925, -0.120256;
	-0.582846, -0.449094, 0.677203;
	0.429466, 0.537238, 0.725902
]
t: -15.9006  11.2049 -7.88879

Value 282: (gtsam::Pose3)
R: [
	-0.497606, 0.844453, -0.198213;
	-0.777117, -0.332502, 0.534352;
	0.385329, 0.419932, 0.821693
]
t: -17.5128  9.70315 -6.88423

Value 283: (gtsam::Pose3)
R: [
	-0.376054, 0.862097, -0.339664;
	-0.852838, -0.178703, 0.490644;
	0.362284, 0.474187, 0.802432
]
t: -18.7491  7.95093  -5.7946

Value 284: (gtsam::Pose3)
R: [
	-0.20829, 0.886885, -0.412372;
	-0.92953, -0.0483292, 0.365566;
	0.304286, 0.459456, 0.834452
]
t: -19.4333  5.80873 -4.95198

Value 285: (gtsam::Pose3)
R: [
	-0.104676, 0.942689, -0.316828;
	-0.951268, -0.00199252, 0.308359;
	0.290055, 0.333666, 0.896959
]
t:  -19.912  3.50347 -4.34346

Value 286: (gtsam::Pose3)
R: [
	0.00404025, 0.947505, -0.319715;
	-0.94548, 0.107738, 0.307344;
	0.325656, 0.301043, 0.896282
]
t: -20.0596    1.181 -3.67338

Value 287: (gtsam::Pose3)
R: [
	0.115328, 0.9594, -0.257394;
	-0.939578, 0.189444, 0.285137;
	0.322323, 0.208957, 0.923279
]
t: -19.9633 -1.15056 -2.98393

Value 288: (gtsam::Pose3)
R: [
	0.264989, 0.926649, -0.26665;
	-0.907802, 0.332976, 0.254995;
	0.325079, 0.174494, 0.929449
]
t: -19.6295  -3.4734  -2.3813

Value 289: (gtsam::Pose3)
R: [
	0.454402, 0.85696, -0.243185;
	-0.875108, 0.480452, 0.0578869;
	0.166445, 0.186509, 0.968251
]
t: -19.0168 -5.62257 -1.67816

Value 290: (gtsam::Pose3)
R: [
	0.484849, 0.852494, -0.195386;
	-0.865361, 0.499986, 0.0341154;
	0.126773, 0.152539, 0.980133
]
t: -17.7973 -7.79721 -1.47108

Value 291: (gtsam::Pose3)
R: [
	0.63357, 0.747066, -0.201202;
	-0.764511, 0.644446, -0.0145476;
	0.118796, 0.163038, 0.979442
]
t: -16.6707 -9.80604 -1.28237

Value 292: (gtsam::Pose3)
R: [
	0.704197, 0.674455, -0.221849;
	-0.702673, 0.706818, -0.0816028;
	0.101769, 0.213352, 0.97166
]
t:  -15.0078  -11.7709 -0.982547

Value 293: (gtsam::Pose3)
R: [
	0.77824, 0.602026, -0.178625;
	-0.614269, 0.788905, -0.0174007;
	0.130443, 0.123266, 0.983763
]
t:  -13.2602  -13.4355 -0.785005

Value 294: (gtsam::Pose3)
R: [
	0.84682, 0.50263, -0.173951;
	-0.516179, 0.855505, -0.0408686;
	0.128274, 0.124398, 0.983906
]
t:   -11.286   -14.999 -0.442871

Value 295: (gtsam::Pose3)
R: [
	0.900502, 0.398755, -0.173465;
	-0.415984, 0.906152, -0.0764562;
	0.126698, 0.141008, 0.981868
]
t:    -9.193  -16.1486 -0.403696

Value 296: (gtsam::Pose3)
R: [
	0.947413, 0.260582, -0.185754;
	-0.291678, 0.941957, -0.166254;
	0.13165, 0.211691, 0.968429
]
t:  -6.91249     -17.1 -0.127409

Value 297: (gtsam::Pose3)
R: [
	0.973602, 0.219173, -0.0637431;
	-0.227425, 0.955256, -0.189114;
	0.0194424, 0.198618, 0.979884
]
t:  -4.54914  -17.7531 0.0417758

Value 298: (gtsam::Pose3)
R: [
	0.997992, 0.0622627, -0.0116054;
	-0.0628883, 0.952448, -0.298142;
	-0.00750957, 0.298273, 0.954451
]
t:  -2.08068  -18.3139 0.0348527

Value 299: (gtsam::Pose3)
R: [
	0.995655, -0.0655389, 0.0661444;
	0.0819138, 0.954274, -0.287491;
	-0.044278, 0.29166, 0.955497
]
t: 0.317464 -18.3686 0.104458

Value 300: (gtsam::Pose3)
R: [
	0.976336, -0.1654, 0.139327;
	0.197747, 0.943603, -0.265535;
	-0.0875498, 0.286802, 0.953981
]
t:  3.02698 -18.0367 -0.16959

Value 301: (gtsam::Pose3)
R: [
	0.95589, -0.21177, 0.203539;
	0.260628, 0.93108, -0.25527;
	-0.135452, 0.297058, 0.945203
]
t:   5.44843  -17.3992 -0.349269

Value 302: (gtsam::Pose3)
R: [
	0.923959, -0.359226, 0.131367;
	0.381269, 0.892431, -0.24125;
	-0.0305724, 0.272991, 0.961531
]
t:   7.91149  -16.5723 -0.764304

Value 303: (gtsam::Pose3)
R: [
	0.856485, -0.479886, 0.190112;
	0.515947, 0.806796, -0.287886;
	-0.015229, 0.344658, 0.938605
]
t:    10.109  -15.4753 -0.875101

Value 304: (gtsam::Pose3)
R: [
	0.761664, -0.601133, 0.241881;
	0.644633, 0.740816, -0.188788;
	-0.065703, 0.299717, 0.951763
]
t:  12.1172 -14.0504 -1.10525

Value 305: (gtsam::Pose3)
R: [
	0.692659, -0.661727, 0.286953;
	0.709354, 0.696993, -0.104969;
	-0.130543, 0.276259, 0.952176
]
t:  14.1197 -12.4217  -1.3098

Value 306: (gtsam::Pose3)
R: [
	0.563872, -0.747889, 0.350302;
	0.810889, 0.581779, -0.0631783;
	-0.156548, 0.31968, 0.934504
]
t:  15.8757  -10.595 -1.84844

Value 307: (gtsam::Pose3)
R: [
	0.499959, -0.79142, 0.351702;
	0.840745, 0.540977, 0.0221832;
	-0.207819, 0.284601, 0.935849
]
t:  17.2205 -8.42834 -2.32231

Value 308: (gtsam::Pose3)
R: [
	0.404688, -0.842153, 0.356378;
	0.892702, 0.448323, 0.0457129;
	-0.19827, 0.29964, 0.933223
]
t:  18.3494 -6.16941 -3.02436

Value 309: (gtsam::Pose3)
R: [
	0.303682, -0.892529, 0.33342;
	0.949759, 0.311396, -0.0314742;
	-0.0757341, 0.326227, 0.942253
]
t:  19.2254 -3.75654 -3.50341

Value 310: (gtsam::Pose3)
R: [
	0.180257, -0.915418, 0.359885;
	0.976932, 0.20921, 0.0428342;
	-0.114503, 0.343862, 0.932013
]
t:  19.8222 -1.24105 -3.69408

Value 311: (gtsam::Pose3)
R: [
	0.0167205, -0.922304, 0.386104;
	0.989223, 0.0714362, 0.127804;
	-0.145456, 0.379806, 0.913559
]
t:  20.3778  1.19236 -4.02358

Value 312: (gtsam::Pose3)
R: [
	-0.231471, -0.888877, 0.395373;
	0.924207, -0.0740275, 0.374649;
	-0.303748, 0.452127, 0.838641
]
t:   20.222  3.66584 -4.43313

Value 313: (gtsam::Pose3)
R: [
	-0.378203, -0.889335, 0.256994;
	0.830922, -0.203749, 0.51774;
	-0.408081, 0.409353, 0.816027
]
t:  19.5426  6.00312 -5.26355

Value 314: (gtsam::Pose3)
R: [
	-0.376021, -0.907013, 0.189568;
	0.840664, -0.24788, 0.481498;
	-0.389735, 0.340416, 0.855701
]
t:  18.4068  8.24292 -6.40412

Value 315: (gtsam::Pose3)
R: [
	-0.558599, -0.820234, 0.123223;
	0.691802, -0.378778, 0.614766;
	-0.457578, 0.428654, 0.779024
]
t:  17.4083   10.429 -7.31771

Value 316: (gtsam::Pose3)
R: [
	-0.601975, -0.771904, 0.204427;
	0.702126, -0.389737, 0.595923;
	-0.380323, 0.502264, 0.776586
]
t:    15.96  12.1332 -8.58952

Value 317: (gtsam::Pose3)
R: [
	-0.784116, -0.595634, 0.174303;
	0.543292, -0.523033, 0.656712;
	-0.299994, 0.609636, 0.733722
]
t:   14.402  13.9172 -9.50417

Value 318: (gtsam::Pose3)
R: [
	-0.786695, -0.607605, 0.109214;
	0.543698, -0.598125, 0.58876;
	-0.29241, 0.522554, 0.800895
]
t:  12.4369  15.3813 -10.2268

Value 319: (gtsam::Pose3)
R: [
	-0.878659, -0.465188, 0.107514;
	0.409882, -0.619454, 0.669533;
	-0.244858, 0.632359, 0.73496
]
t:  10.4491  16.7119 -11.1484

Value 320: (gtsam::Pose3)
R: [
	-0.918912, -0.358847, 0.1638;
	0.37917, -0.689026, 0.617636;
	-0.108774, 0.629661, 0.769218
]
t:  8.08839  17.6804 -11.7786

Value 321: (gtsam::Pose3)
R: [
	-0.949157, -0.292874, 0.11544;
	0.294986, -0.699391, 0.651027;
	-0.109931, 0.65198, 0.750225
]
t:  5.65889  18.7256 -12.1732

Value 322: (gtsam::Pose3)
R: [
	-0.980317, -0.175956, 0.089547;
	0.186314, -0.674429, 0.714446;
	-0.0653178, 0.717067, 0.693937
]
t:  3.25838  19.4121 -12.5168

Value 323: (gtsam::Pose3)
R: [
	-0.990291, -0.057462, 0.126579;
	0.13189, -0.676086, 0.724922;
	0.0439227, 0.734578, 0.677101
]
t: 0.652014  19.8119 -12.5412

Value 324: (gtsam::Pose3)
R: [
	-0.9986, 0.0451281, 0.0275773;
	-0.0129063, -0.713612, 0.700422;
	0.0512882, 0.699086, 0.713196
]
t: -2.10543  19.9482 -12.4752

Value 325: (gtsam::Pose3)
R: [
	-0.986426, 0.137879, -0.0891806;
	-0.158754, -0.661978, 0.732518;
	0.0419635, 0.736732, 0.674881
]
t: -4.88302   19.746  -12.374

Value 326: (gtsam::Pose3)
R: [
	-0.952795, 0.234004, -0.19345;
	-0.301868, -0.661912, 0.686111;
	0.0325062, 0.71212, 0.701305
]
t:  -7.4062  19.3057 -12.1607

Value 327: (gtsam::Pose3)
R: [
	-0.90176, 0.356921, -0.243795;
	-0.42181, -0.60353, 0.67663;
	0.0943661, 0.712993, 0.694792
]
t: -9.94657  18.2938 -11.9599

Value 328: (gtsam::Pose3)
R: [
	-0.850534, 0.443518, -0.282636;
	-0.512661, -0.579276, 0.633734;
	0.117348, 0.683909, 0.720068
]
t: -12.1047  16.9566 -11.5857

Value 329: (gtsam::Pose3)
R: [
	-0.811657, 0.545009, -0.210188;
	-0.538397, -0.558418, 0.631108;
	0.226587, 0.625408, 0.746675
]
t: -14.2227  15.5065 -11.1855

Value 330: (gtsam::Pose3)
R: [
	-0.749581, 0.65399, -0.102107;
	-0.549271, -0.528493, 0.6473;
	0.369364, 0.541288, 0.755365
]
t: -16.1901  13.8821 -10.5263

Value 331: (gtsam::Pose3)
R: [
	-0.651808, 0.758205, -0.0165056;
	-0.588327, -0.491795, 0.64188;
	0.478559, 0.428093, 0.766627
]
t: -18.1674  12.2378 -9.61939

Value 332: (gtsam::Pose3)
R: [
	-0.4651, 0.851448, -0.242319;
	-0.80935, -0.29808, 0.506064;
	0.358656, 0.431491, 0.827757
]
t: -19.9201  10.6366 -8.21197

Value 333: (gtsam::Pose3)
R: [
	-0.391667, 0.870681, -0.297509;
	-0.857284, -0.227893, 0.461658;
	0.334156, 0.435866, 0.835679
]
t: -21.1355  8.42143  -7.2671

Value 334: (gtsam::Pose3)
R: [
	-0.217126, 0.888981, -0.403199;
	-0.928822, -0.0611051, 0.365453;
	0.300243, 0.453849, 0.838973
]
t: -22.0803  6.01873 -6.37701

Value 335: (gtsam::Pose3)
R: [
	-0.142807, 0.934465, -0.326163;
	-0.93258, -0.0166634, 0.360578;
	0.331512, 0.355666, 0.873843
]
t: -22.6213  3.32819 -5.44137

Value 336: (gtsam::Pose3)
R: [
	-0.0115556, 0.946496, -0.322508;
	-0.955148, 0.0849959, 0.283669;
	0.295903, 0.311321, 0.903062
]
t: -22.9164 0.818617   -4.597

Value 337: (gtsam::Pose3)
R: [
	0.099234, 0.943745, -0.315434;
	-0.960217, 0.173976, 0.218439;
	0.261028, 0.281208, 0.923464
]
t: -22.8026 -1.70559  -3.7988

Value 338: (gtsam::Pose3)
R: [
	0.266516, 0.912309, -0.310905;
	-0.928374, 0.329677, 0.171567;
	0.25902, 0.24291, 0.934828
]
t: -22.3861 -4.44048 -2.98279

Value 339: (gtsam::Pose3)
R: [
	0.347107, 0.882814, -0.316475;
	-0.922872, 0.381557, 0.0521647;
	0.166805, 0.273959, 0.947165
]
t: -21.5969 -7.09404 -2.28586

Value 340: (gtsam::Pose3)
R: [
	0.477615, 0.82779, -0.29436;
	-0.866383, 0.499379, -0.00141564;
	0.145825, 0.255704, 0.955694
]
t:   -20.49 -9.51649 -1.97452

Value 341: (gtsam::Pose3)
R: [
	0.6276, 0.750073, -0.208587;
	-0.774708, 0.628218, -0.0718981;
	0.077109, 0.206717, 0.975358
]
t: -19.0341 -11.7783 -1.75378

Value 342: (gtsam::Pose3)
R: [
	0.689143, 0.677659, -0.256634;
	-0.712242, 0.698657, -0.0677465;
	0.13339, 0.229473, 0.964131
]
t: -17.2147 -13.8335 -1.54902

Value 343: (gtsam::Pose3)
R: [
	0.731641, 0.646647, -0.215751;
	-0.678178, 0.722541, -0.134201;
	0.0691082, 0.244505, 0.967182
]
t: -15.1016 -15.8322 -1.32877

Value 344: (gtsam::Pose3)
R: [
	0.843068, 0.500663, -0.1964;
	-0.532727, 0.827501, -0.177325;
	0.0737408, 0.254125, 0.964356
]
t:  -12.8669  -17.5814 -0.972854

Value 345: (gtsam::Pose3)
R: [
	0.91563, 0.38733, -0.107691;
	-0.401666, 0.892654, -0.204529;
	0.0169111, 0.230529, 0.972919
]
t:   -10.432  -18.8994 -0.888576

Value 346: (gtsam::Pose3)
R: [
	0.944857, 0.287877, -0.156117;
	-0.320774, 0.909572, -0.264166;
	0.0659528, 0.299677, 0.951758
]
t:  -7.84846  -19.9289 -0.962319

Value 347: (gtsam::Pose3)
R: [
	0.987096, 0.158903, -0.0197818;
	-0.157435, 0.940483, -0.301173;
	-0.0292529, 0.300401, 0.953364
]
t:   -5.1862  -20.7149 -0.780372

Value 348: (gtsam::Pose3)
R: [
	0.994779, 0.0963591, 0.03362;
	-0.0795771, 0.938628, -0.335627;
	-0.0638974, 0.3312, 0.941395
]
t:  -2.15909  -21.0522 -0.773428

Value 349: (gtsam::Pose3)
R: [
	0.992756, -0.0753684, 0.0935667;
	0.104583, 0.925426, -0.36421;
	-0.0591391, 0.371357, 0.926605
]
t:  0.598503  -21.1757 -0.934369

Value 350: (gtsam::Pose3)
R: [
	0.974674, -0.172981, 0.14173;
	0.209608, 0.92754, -0.30941;
	-0.0779381, 0.331282, 0.940307
]
t:  3.45683 -20.8416 -1.14968

Value 351: (gtsam::Pose3)
R: [
	0.946371, -0.245928, 0.209525;
	0.293527, 0.925452, -0.239543;
	-0.134995, 0.288198, 0.948008
]
t:  6.31353 -20.2489 -1.35338

Value 352: (gtsam::Pose3)
R: [
	0.909898, -0.363754, 0.19942;
	0.406259, 0.878602, -0.251022;
	-0.0839008, 0.309421, 0.947217
]
t:  8.95047 -19.3169 -1.71181

Value 353: (gtsam::Pose3)
R: [
	0.840733, -0.462624, 0.281331;
	0.533721, 0.79556, -0.286752;
	-0.0911571, 0.391234, 0.915766
]
t:  11.5261 -18.0278 -1.77428

Value 354: (gtsam::Pose3)
R: [
	0.801013, -0.544327, 0.24917;
	0.594985, 0.769844, -0.23094;
	-0.0661155, 0.333238, 0.940522
]
t:   13.973 -16.2602 -2.22144

Value 355: (gtsam::Pose3)
R: [
	0.641248, -0.656355, 0.397491;
	0.750341, 0.644771, -0.145805;
	-0.16059, 0.391751, 0.905948
]
t:  16.2022 -14.5783 -2.30974

Value 356: (gtsam::Pose3)
R: [
	0.615856, -0.696092, 0.369021;
	0.778189, 0.610603, -0.146919;
	-0.123056, 0.377649, 0.917735
]
t:  18.0581 -12.4111 -2.85372

Value 357: (gtsam::Pose3)
R: [
	0.477893, -0.797255, 0.368786;
	0.868737, 0.491116, -0.0640433;
	-0.130058, 0.350984, 0.927306
]
t:  19.6843 -9.98924 -3.44088

Value 358: (gtsam::Pose3)
R: [
	0.418535, -0.804986, 0.420507;
	0.89266, 0.449909, -0.0272033;
	-0.167291, 0.386755, 0.906882
]
t:  20.9566 -7.38537 -3.88654

Value 359: (gtsam::Pose3)
R: [
	0.269437, -0.884516, 0.380836;
	0.950805, 0.307116, 0.0406126;
	-0.152883, 0.351158, 0.92375
]
t:  21.8841 -4.69994 -4.40905

Value 360: (gtsam::Pose3)
R: [
	0.130717, -0.897699, 0.420772;
	0.979112, 0.183557, 0.0874398;
	-0.15573, 0.400553, 0.902943
]
t:  22.7495 -1.97153 -4.81676

Value 361: (gtsam::Pose3)
R: [
	0.00108516, -0.902515, 0.430656;
	0.981257, 0.0839489, 0.173457;
	-0.192701, 0.422396, 0.885691
]
t:  23.0454 0.926666 -5.24901

Value 362: (gtsam::Pose3)
R: [
	-0.119196, -0.911325, 0.394054;
	0.952592, 0.00692992, 0.304173;
	-0.279931, 0.411628, 0.867295
]
t:  22.8181  3.77306 -5.84436

Value 363: (gtsam::Pose3)
R: [
	-0.310991, -0.867926, 0.387283;
	0.919696, -0.172061, 0.352923;
	-0.239675, 0.465939, 0.851737
]
t:  22.4141  6.30976 -6.68373

Value 364: (gtsam::Pose3)
R: [
	-0.454062, -0.815206, 0.359536;
	0.805367, -0.202944, 0.556954;
	-0.381067, 0.54245, 0.74869
]
t:  21.4726   9.0968 -7.58657

Value 365: (gtsam::Pose3)
R: [
	-0.538944, -0.828928, 0.149724;
	0.667465, -0.311827, 0.676206;
	-0.513838, 0.464372, 0.721338
]
t: 19.8747 11.4231 -8.7455

Value 366: (gtsam::Pose3)
R: [
	-0.625615, -0.73989, 0.247324;
	0.669453, -0.34639, 0.65715;
	-0.400548, 0.576694, 0.712029
]
t:  18.2885   13.371 -10.2238

Value 367: (gtsam::Pose3)
R: [
	-0.710122, -0.639894, 0.293703;
	0.645979, -0.426202, 0.633295;
	-0.280065, 0.639443, 0.716014
]
t:  16.2827  15.3745 -11.2463

Value 368: (gtsam::Pose3)
R: [
	-0.795409, -0.594866, 0.116008;
	0.492764, -0.523306, 0.695223;
	-0.352857, 0.610152, 0.709371
]
t:  14.1691  17.3052 -12.1534

Value 369: (gtsam::Pose3)
R: [
	-0.857188, -0.509198, 0.0771034;
	0.416316, -0.596988, 0.685775;
	-0.303166, 0.619937, 0.723718
]
t:   11.872  18.5865 -12.9092

Value 370: (gtsam::Pose3)
R: [
	-0.908725, -0.409952, 0.0784757;
	0.346654, -0.636531, 0.688955;
	-0.232486, 0.653275, 0.720543
]
t:  9.24941  19.7942 -13.7736

Value 371: (gtsam::Pose3)
R: [
	-0.954726, -0.273807, 0.116307;
	0.282036, -0.708739, 0.646641;
	-0.0946235, 0.650168, 0.753875
]
t: 6.48928 20.7217  -14.26

Value 372: (gtsam::Pose3)
R: [
	-0.982992, -0.141801, 0.116702;
	0.183412, -0.790319, 0.584599;
	0.00933537, 0.596061, 0.802885
]
t:  3.64509   21.138 -14.6669

Value 373: (gtsam::Pose3)
R: [
	-0.98958, -0.0052419, 0.143888;
	0.108812, -0.681682, 0.723512;
	0.0942933, 0.73163, 0.67515
]
t: 0.647488  21.7774 -14.7506

Value 374: (gtsam::Pose3)
R: [
	-0.998219, 0.0197285, -0.0563029;
	-0.0564988, -0.615704, 0.785949;
	-0.0191604, 0.78773, 0.615722
]
t: -2.43732  22.0809 -14.5633

Value 375: (gtsam::Pose3)
R: [
	-0.986442, 0.145818, -0.0752942;
	-0.149853, -0.613307, 0.775499;
	0.066903, 0.776268, 0.626843
]
t: -5.25993  21.8124 -14.6193

Value 376: (gtsam::Pose3)
R: [
	-0.926987, 0.288052, -0.240251;
	-0.367843, -0.5728, 0.732524;
	0.0733894, 0.767415, 0.636936
]
t: -8.25211  21.2721 -14.4188

Value 377: (gtsam::Pose3)
R: [
	-0.868822, 0.41805, -0.265297;
	-0.471232, -0.533737, 0.702187;
	0.151951, 0.735091, 0.660721
]
t: -10.9455  20.1056 -14.1229

Value 378: (gtsam::Pose3)
R: [
	-0.827527, 0.510573, -0.233484;
	-0.512332, -0.516687, 0.685967;
	0.229598, 0.687277, 0.689155
]
t: -13.5272  18.8009 -13.7674

Value 379: (gtsam::Pose3)
R: [
	-0.775504, 0.591507, -0.220711;
	-0.544197, -0.449053, 0.708662;
	0.320068, 0.66968, 0.670138
]
t: -16.0015  17.1951 -13.1025

Value 380: (gtsam::Pose3)
R: [
	-0.70196, 0.675384, -0.226073;
	-0.604111, -0.396497, 0.69126;
	0.377229, 0.62181, 0.686332
]
t: -18.3622  15.4937 -12.1824

Value 381: (gtsam::Pose3)
R: [
	-0.63477, 0.743495, -0.210435;
	-0.646433, -0.361774, 0.671747;
	0.42331, 0.562437, 0.710263
]
t: -20.4905  13.6532 -10.9565

Value 382: (gtsam::Pose3)
R: [
	-0.467613, 0.800272, -0.37537;
	-0.815862, -0.227335, 0.531684;
	0.340157, 0.554872, 0.759216
]
t: -22.4275  11.5894 -9.64526

Value 383: (gtsam::Pose3)
R: [
	-0.398888, 0.839276, -0.369466;
	-0.844275, -0.178876, 0.505175;
	0.357893, 0.513439, 0.779931
]
t:  -23.787  9.05001 -8.64204

Value 384: (gtsam::Pose3)
R: [
	-0.225972, 0.868448, -0.441288;
	-0.902366, -0.0159577, 0.430674;
	0.366976, 0.495524, 0.787264
]
t: -24.7963  6.31251 -7.75158

Value 385: (gtsam::Pose3)
R: [
	-0.139222, 0.912162, -0.385457;
	-0.938578, 0.00255881, 0.345058;
	0.315735, 0.409821, 0.855779
]
t: -25.3409  3.41433 -6.61599

Value 386: (gtsam::Pose3)
R: [
	-0.0350739, 0.919709, -0.39103;
	-0.962282, 0.0745438, 0.261642;
	0.269783, 0.385458, 0.882405
]
t: -25.6949 0.482768 -5.69239

Value 387: (gtsam::Pose3)
R: [
	0.104778, 0.892762, -0.438176;
	-0.9452, 0.226395, 0.235248;
	0.309221, 0.389515, 0.86756
]
t: -25.7292 -2.39794 -4.90124

Value 388: (gtsam::Pose3)
R: [
	0.250972, 0.871636, -0.421026;
	-0.927078, 0.341556, 0.154485;
	0.278458, 0.351553, 0.893796
]
t: -25.1808 -5.35456 -3.92396

Value 389: (gtsam::Pose3)
R: [
	0.419615, 0.841122, -0.341229;
	-0.897334, 0.441051, -0.016288;
	0.136799, 0.313031, 0.939839
]
t: -24.3873 -8.16709  -3.2577

Value 390: (gtsam::Pose3)
R: [
	0.475996, 0.800678, -0.36379;
	-0.858361, 0.51301, 0.00599142;
	0.191425, 0.309411, 0.931462
]
t: -22.9431 -11.0854 -2.90613

Value 391: (gtsam::Pose3)
R: [
	0.615838, 0.721229, -0.317132;
	-0.781541, 0.610144, -0.130067;
	0.0996876, 0.327952, 0.93942
]
t: -21.2711 -13.6661 -2.51645

Value 392: (gtsam::Pose3)
R: [
	0.693046, 0.665437, -0.277272;
	-0.716908, 0.676584, -0.16816;
	0.0756978, 0.315321, 0.945961
]
t:  -19.252 -15.9268 -2.33442

Value 393: (gtsam::Pose3)
R: [
	0.746283, 0.617536, -0.248417;
	-0.663578, 0.719504, -0.204886;
	0.0522124, 0.317747, 0.946737
]
t: -16.8815 -18.0741 -2.08355

Value 394: (gtsam::Pose3)
R: [
	0.842684, 0.493442, -0.215401;
	-0.536016, 0.806543, -0.24935;
	0.0506902, 0.325582, 0.944154
]
t:  -14.336  -20.156 -1.90393

Value 395: (gtsam::Pose3)
R: [
	0.920169, 0.36833, -0.132747;
	-0.391425, 0.857912, -0.332826;
	-0.00870458, 0.358217, 0.933598
]
t: -11.6499 -21.6446 -1.79028

Value 396: (gtsam::Pose3)
R: [
	0.957181, 0.278026, -0.0806563;
	-0.288392, 0.891561, -0.349211;
	-0.0251797, 0.357519, 0.933566
]
t:  -8.7583 -22.6673 -1.95569

Value 397: (gtsam::Pose3)
R: [
	0.988161, 0.152146, -0.0197148;
	-0.149372, 0.924808, -0.349882;
	-0.0350008, 0.348685, 0.936586
]
t: -5.60323 -23.5806 -1.93172

Value 398: (gtsam::Pose3)
R: [
	0.998503, 0.0418509, -0.0352176;
	-0.0515279, 0.935711, -0.348984;
	0.0183482, 0.350277, 0.936467
]
t: -2.45188 -23.9329 -1.93259

Value 399: (gtsam::Pose3)
R: [
	0.999563, -0.000817007, 0.0295581;
	0.0123801, 0.91935, -0.393246;
	-0.026853, 0.39344, 0.918958
]
t: 0.806559 -23.9658 -1.96551

Value 400: (gtsam::Pose3)
R: [
	0.975521, -0.176358, 0.131366;
	0.216247, 0.877846, -0.427344;
	-0.0399532, 0.44529, 0.894494
]
t:  3.98138 -23.8008  -2.1579

Value 401: (gtsam::Pose3)
R: [
	0.9584, -0.198094, 0.205496;
	0.261471, 0.898044, -0.353766;
	-0.114466, 0.39278, 0.912481
]
t:  7.09176 -23.0717 -2.46785

Value 402: (gtsam::Pose3)
R: [
	0.903753, -0.359678, 0.232085;
	0.42442, 0.823447, -0.376567;
	-0.0556666, 0.438825, 0.896847
]
t:  9.98892 -22.0183 -2.90849

Value 403: (gtsam::Pose3)
R: [
	0.83455, -0.498261, 0.23508;
	0.550805, 0.745426, -0.375437;
	0.0118307, 0.442805, 0.89654
]
t:  12.8706 -20.5978 -3.16548

Value 404: (gtsam::Pose3)
R: [
	0.804664, -0.539605, 0.247674;
	0.592327, 0.700914, -0.397326;
	0.0408012, 0.466418, 0.883623
]
t:  15.5385 -18.7494 -3.23321

Value 405: (gtsam::Pose3)
R: [
	0.665002, -0.583034, 0.466736;
	0.728852, 0.64298, -0.23527;
	-0.162932, 0.496637, 0.852529
]
t:  18.0648 -16.6265  -3.3477

Value 406: (gtsam::Pose3)
R: [
	0.581845, -0.642336, 0.49886;
	0.783473, 0.607272, -0.131875;
	-0.218236, 0.467574, 0.856591
]
t:  20.2165 -14.2221  -4.0777

Value 407: (gtsam::Pose3)
R: [
	0.460837, -0.753205, 0.469373;
	0.88053, 0.454125, -0.13578;
	-0.110884, 0.47587, 0.872498
]
t:  22.0891 -11.5883 -4.75121

Value 408: (gtsam::Pose3)
R: [
	0.41443, -0.787107, 0.456849;
	0.89181, 0.451317, -0.0314267;
	-0.181448, 0.420446, 0.888989
]
t:  23.4289 -8.65739 -5.06437

Value 409: (gtsam::Pose3)
R: [
	0.293339, -0.824834, 0.483324;
	0.943463, 0.331405, -0.00703689;
	-0.154371, 0.458062, 0.875414
]
t:  24.6827 -5.69515 -5.59249

Value 410: (gtsam::Pose3)
R: [
	0.132527, -0.847279, 0.51435;
	0.981845, 0.183268, 0.0489119;
	-0.135706, 0.49853, 0.856185
]
t:  25.3503 -2.69021 -6.03912

Value 411: (gtsam::Pose3)
R: [
	0.00532435, -0.848085, 0.529833;
	0.983419, 0.100488, 0.150964;
	-0.181272, 0.520244, 0.834558
]
t:  25.7325 0.580693  -6.5505

Value 412: (gtsam::Pose3)
R: [
	-0.129695, -0.887616, 0.441946;
	0.955952, 0.00643194, 0.293454;
	-0.263317, 0.460539, 0.847684
]
t:   25.644  3.81228 -7.29445

Value 413: (gtsam::Pose3)
R: [
	-0.291626, -0.881301, 0.371836;
	0.894003, -0.112882, 0.433609;
	-0.340167, 0.458875, 0.820805
]
t:  25.0524  6.81383 -8.15591

Value 414: (gtsam::Pose3)
R: [
	-0.450432, -0.833966, 0.318768;
	0.807287, -0.227951, 0.544359;
	-0.381313, 0.502533, 0.775926
]
t:  24.0338  9.75034 -9.24064

Value 415: (gtsam::Pose3)
R: [
	-0.576444, -0.780998, 0.240323;
	0.676623, -0.291315, 0.676252;
	-0.458141, 0.552429, 0.696368
]
t:  22.5502  12.2369 -10.4566

Value 416: (gtsam::Pose3)
R: [
	-0.625216, -0.729621, 0.277052;
	0.702075, -0.37075, 0.607977;
	-0.340876, 0.574628, 0.744047
]
t:  20.506 14.4069 -12.021

Value 417: (gtsam::Pose3)
R: [
	-0.679325, -0.670762, 0.297652;
	0.678661, -0.419942, 0.602551;
	-0.279171, 0.611332, 0.740497
]
t:   18.406   16.659 -13.1584

Value 418: (gtsam::Pose3)
R: [
	-0.804114, -0.555657, 0.211296;
	0.514947, -0.473462, 0.714607;
	-0.297036, 0.683432, 0.666851
]
t:  16.1031  18.7603 -14.0686

Value 419: (gtsam::Pose3)
R: [
	-0.864827, -0.479939, 0.147421;
	0.441357, -0.586771, 0.678899;
	-0.239328, 0.652195, 0.71928
]
t:  13.4232  20.2993 -14.9129

Value 420: (gtsam::Pose3)
R: [
	-0.914377, -0.376834, 0.148026;
	0.361054, -0.59355, 0.719262;
	-0.183181, 0.711122, 0.678786
]
t:  10.5766  21.6999 -15.8325

Value 421: (gtsam::Pose3)
R: [
	-0.953126, -0.27298, 0.130507;
	0.281261, -0.640329, 0.714753;
	-0.111546, 0.717956, 0.687093
]
t:  7.51715  22.8191 -16.3434

Value 422: (gtsam::Pose3)
R: [
	-0.98699, -0.153407, 0.0481266;
	0.136813, -0.644131, 0.75258;
	-0.0844515, 0.749374, 0.65674
]
t:  4.24609  23.4969 -16.6877

Value 423: (gtsam::Pose3)
R: [
	-0.999595, -0.010107, 0.0266033;
	0.0275369, -0.579476, 0.814524;
	0.00718358, 0.814926, 0.57952
]
t: 0.750457  23.8839 -17.1009

Value 424: (gtsam::Pose3)
R: [
	-0.997795, 0.0523633, -0.0407871;
	-0.0641915, -0.605007, 0.793629;
	0.0168806, 0.794497, 0.607034
]
t: -2.60137  23.7595 -17.0185

Value 425: (gtsam::Pose3)
R: [
	-0.983303, 0.174226, -0.0525369;
	-0.144638, -0.573072, 0.80664;
	0.11043, 0.80077, 0.588704
]
t: -5.86966  23.5485 -16.9564

Value 426: (gtsam::Pose3)
R: [
	-0.941807, 0.284023, -0.179807;
	-0.317018, -0.572546, 0.756102;
	0.111803, 0.769104, 0.629268
]
t: -9.14973  22.9667 -16.7342

Value 427: (gtsam::Pose3)
R: [
	-0.896695, 0.38035, -0.226432;
	-0.414395, -0.541489, 0.731482;
	0.155609, 0.749749, 0.643166
]
t: -12.1536  21.7062  -16.431

Value 428: (gtsam::Pose3)
R: [
	-0.856033, 0.482249, -0.186128;
	-0.454499, -0.530649, 0.715431;
	0.246247, 0.697028, 0.673435
]
t: -15.0437  20.0155 -15.9697

Value 429: (gtsam::Pose3)
R: [
	-0.815838, 0.552892, -0.169465;
	-0.480434, -0.484934, 0.730768;
	0.321857, 0.677605, 0.661256
]
t: -17.8596  18.4522 -15.3134

Value 430: (gtsam::Pose3)
R: [
	-0.720995, 0.671449, -0.171241;
	-0.54056, -0.390385, 0.745248;
	0.433546, 0.629886, 0.644424
]
t: -20.4997  16.7113   -14.26

Value 431: (gtsam::Pose3)
R: [
	-0.660979, 0.688732, -0.297918;
	-0.659346, -0.343485, 0.66879;
	0.358287, 0.638487, 0.681149
]
t: -22.8753  14.6325 -12.8128

Value 432: (gtsam::Pose3)
R: [
	-0.502923, 0.778503, -0.375502;
	-0.800644, -0.25593, 0.541728;
	0.325635, 0.573091, 0.752016
]
t: -24.9438  12.2875 -11.5366

Value 433: (gtsam::Pose3)
R: [
	-0.394904, 0.833567, -0.386286;
	-0.868777, -0.202077, 0.452096;
	0.298793, 0.514131, 0.803985
]
t: -26.3497   9.3725 -10.3572

Value 434: (gtsam::Pose3)
R: [
	-0.250747, 0.863425, -0.437749;
	-0.898476, -0.039236, 0.437266;
	0.360371, 0.50295, 0.785604
]
t: -27.5096  6.35728 -9.27316

Value 435: (gtsam::Pose3)
R: [
	-0.134962, 0.902869, -0.408182;
	-0.927348, 0.030008, 0.372996;
	0.349015, 0.428867, 0.833224
]
t: -28.1446  3.32012 -8.15766

Value 436: (gtsam::Pose3)
R: [
	-0.0308544, 0.909549, -0.414449;
	-0.960196, 0.0881961, 0.265038;
	0.277618, 0.40613, 0.870624
]
t:  -28.4803 0.0325868  -6.81842

Value 437: (gtsam::Pose3)
R: [
	0.0942067, 0.907761, -0.408772;
	-0.953708, 0.200078, 0.224521;
	0.285598, 0.368698, 0.884588
]
t: -28.4459 -3.18727 -6.00766

Value 438: (gtsam::Pose3)
R: [
	0.252076, 0.892206, -0.374735;
	-0.937457, 0.32121, 0.134161;
	0.240068, 0.317479, 0.917373
]
t: -27.8669 -6.49884 -5.10982

Value 439: (gtsam::Pose3)
R: [
	0.418566, 0.838909, -0.3479;
	-0.89133, 0.452924, 0.019779;
	0.174165, 0.301815, 0.937323
]
t: -27.0552 -9.61606 -4.43742

Value 440: (gtsam::Pose3)
R: [
	0.543383, 0.775594, -0.32123;
	-0.825269, 0.563648, -0.0350988;
	0.153839, 0.284173, 0.94635
]
t: -25.3967 -12.7305 -3.99735

Value 441: (gtsam::Pose3)
R: [
	0.640384, 0.691517, -0.334234;
	-0.759479, 0.634979, -0.141398;
	0.114452, 0.344392, 0.931823
]
t: -23.5586 -15.5755 -3.57382

Value 442: (gtsam::Pose3)
R: [
	0.726965, 0.578193, -0.370424;
	-0.670608, 0.713806, -0.201906;
	0.147671, 0.395188, 0.906653
]
t: -21.3483 -17.9821 -3.26537

Value 443: (gtsam::Pose3)
R: [
	0.739492, 0.591443, -0.321475;
	-0.667675, 0.705285, -0.23829;
	0.0857962, 0.390855, 0.916445
]
t: -18.6807 -20.3446  -3.0971

Value 444: (gtsam::Pose3)
R: [
	0.857431, 0.477479, -0.191898;
	-0.513512, 0.769691, -0.379316;
	-0.033413, 0.423779, 0.905149
]
t: -15.8313 -22.7089 -2.90005

Value 445: (gtsam::Pose3)
R: [
	0.934934, 0.320973, -0.151246;
	-0.354822, 0.84575, -0.398508;
	6.4259e-06, 0.426244, 0.904608
]
t: -12.8755 -24.3201 -3.06042

Value 446: (gtsam::Pose3)
R: [
	0.960326, 0.260166, -0.100433;
	-0.278875, 0.894118, -0.350401;
	-0.00136315, 0.364508, 0.931199
]
t: -9.54399 -25.4383 -3.04645

Value 447: (gtsam::Pose3)
R: [
	0.980631, 0.173183, -0.0914892;
	-0.1957, 0.885411, -0.421603;
	0.00799112, 0.431342, 0.902153
]
t:  -6.1135 -26.3892 -3.07875

Value 448: (gtsam::Pose3)
R: [
	0.99808, 0.0617353, -0.00496135;
	-0.0578134, 0.899944, -0.432155;
	-0.0222143, 0.431613, 0.901785
]
t: -2.73054 -26.8836  -3.0448

Value 449: (gtsam::Pose3)
R: [
	0.996394, -0.0216093, 0.0820525;
	0.05394, 0.907792, -0.415938;
	-0.0654984, 0.418864, 0.905684
]
t: 0.777389 -26.8248 -3.20373

Value 450: (gtsam::Pose3)
R: [
	0.96871, -0.133606, 0.209166;
	0.214044, 0.876334, -0.431536;
	-0.125643, 0.462804, 0.877511
]
t:  4.35006 -26.5125 -3.51803

Value 451: (gtsam::Pose3)
R: [
	0.956082, -0.18702, 0.225678;
	0.269621, 0.863137, -0.426964;
	-0.11494, 0.46906, 0.875655
]
t:  7.63975 -25.7041 -3.80842

Value 452: (gtsam::Pose3)
R: [
	0.90906, -0.340762, 0.239772;
	0.414415, 0.799166, -0.435424;
	-0.0432418, 0.495192, 0.867707
]
t:  11.0708 -24.4841 -4.29897

Value 453: (gtsam::Pose3)
R: [
	0.846402, -0.45618, 0.274777;
	0.532437, 0.735246, -0.419434;
	-0.010691, 0.501311, 0.865201
]
t:  14.2974 -22.9103 -4.47097

Value 454: (gtsam::Pose3)
R: [
	0.739981, -0.549538, 0.387861;
	0.669298, 0.65888, -0.343391;
	-0.0668471, 0.513698, 0.855363
]
t:   17.105 -20.9043 -4.63075

Value 455: (gtsam::Pose3)
R: [
	0.760082, -0.46265, 0.456322;
	0.616942, 0.734319, -0.28312;
	-0.204101, 0.496719, 0.843572
]
t:  19.7153 -18.4375  -4.8533

Value 456: (gtsam::Pose3)
R: [
	0.609525, -0.611075, 0.505041;
	0.777697, 0.584523, -0.231345;
	-0.153839, 0.533779, 0.831513
]
t:  22.2247 -16.1427 -5.57877

Value 457: (gtsam::Pose3)
R: [
	0.4749, -0.711654, 0.517705;
	0.870943, 0.464431, -0.160509;
	-0.126212, 0.527117, 0.840368
]
t:  24.2158 -13.0035 -6.32705

Value 458: (gtsam::Pose3)
R: [
	0.434146, -0.74267, 0.509861;
	0.88917, 0.444097, -0.110248;
	-0.14455, 0.501217, 0.853163
]
t:  25.7172 -9.90216 -6.67516

Value 459: (gtsam::Pose3)
R: [
	0.290483, -0.793785, 0.534345;
	0.945671, 0.323372, -0.0337115;
	-0.146032, 0.515107, 0.844594
]
t:  27.2435 -6.72052 -7.07988

Value 460: (gtsam::Pose3)
R: [
	0.0996261, -0.833784, 0.543027;
	0.990561, 0.134745, 0.0251603;
	-0.0941486, 0.535395, 0.839338
]
t:  28.0441 -3.22128 -7.80603

Value 461: (gtsam::Pose3)
R: [
	0.132086, -0.832373, 0.538246;
	0.963714, 0.23491, 0.126781;
	-0.231968, 0.501969, 0.833197
]
t:    28.14 0.212885 -8.10825

Value 462: (gtsam::Pose3)
R: [
	-0.116711, -0.851326, 0.511491;
	0.975609, -0.0018639, 0.21951;
	-0.185921, 0.524634, 0.830778
]
t:  28.3474   3.7003 -8.97367

Value 463: (gtsam::Pose3)
R: [
	-0.254147, -0.848572, 0.464043;
	0.931627, -0.0859209, 0.353114;
	-0.259771, 0.522057, 0.812388
]
t:  27.7307  7.14533 -9.68721

Value 464: (gtsam::Pose3)
R: [
	-0.463746, -0.791245, 0.398586;
	0.825632, -0.222776, 0.518366;
	-0.321359, 0.569476, 0.756588
]
t:  26.5778   10.305 -10.7705

Value 465: (gtsam::Pose3)
R: [
	-0.598871, -0.743651, 0.297215;
	0.689685, -0.29028, 0.663379;
	-0.407047, 0.602264, 0.686725
]
t:  24.7502  13.1432 -12.0615

Value 466: (gtsam::Pose3)
R: [
	-0.580834, -0.75016, 0.316057;
	0.712427, -0.280629, 0.643191;
	-0.393801, 0.598755, 0.697433
]
t:  22.5927   15.438 -13.7663

Value 467: (gtsam::Pose3)
R: [
	-0.648495, -0.689882, 0.32174;
	0.684009, -0.342633, 0.643998;
	-0.334044, 0.637703, 0.694082
]
t:  20.3614     17.9 -15.0809

Value 468: (gtsam::Pose3)
R: [
	-0.847599, -0.479608, 0.227052;
	0.473521, -0.490516, 0.731554;
	-0.239487, 0.727578, 0.642865
]
t:  17.9333  20.1952 -16.2306

Value 469: (gtsam::Pose3)
R: [
	-0.86998, -0.463879, 0.167184;
	0.422732, -0.527128, 0.737179;
	-0.253835, 0.712006, 0.654688
]
t:  14.9348  21.8978 -17.1154

Value 470: (gtsam::Pose3)
R: [
	-0.904401, -0.394923, 0.161539;
	0.372371, -0.545685, 0.750712;
	-0.208324, 0.739097, 0.640576
]
t:  11.7074  23.4748 -17.9491

Value 471: (gtsam::Pose3)
R: [
	-0.949739, -0.266984, 0.163448;
	0.293156, -0.575413, 0.763518;
	-0.109797, 0.773058, 0.624761
]
t:  8.22854  24.6122 -18.7429

Value 472: (gtsam::Pose3)
R: [
	-0.983468, -0.17462, 0.047935;
	0.141777, -0.577864, 0.803724;
	-0.112646, 0.797233, 0.593068
]
t:  4.66989  25.4248 -19.1057

Value 473: (gtsam::Pose3)
R: [
	-0.999189, -0.0338172, -0.0218535;
	0.000471104, -0.55254, 0.833487;
	-0.0402611, 0.8328, 0.552107
]
t:  1.04289  25.6996 -19.6439

Value 474: (gtsam::Pose3)
R: [
	-0.99777, 0.0661815, -0.00867743;
	-0.0435582, -0.547091, 0.835939;
	0.0505763, 0.834453, 0.548754
]
t: -2.69122  25.5023 -19.6904

Value 475: (gtsam::Pose3)
R: [
	-0.977358, 0.185354, -0.102058;
	-0.186097, -0.52345, 0.831486;
	0.100697, 0.831652, 0.546091
]
t: -6.3921 25.2398 -19.504

Value 476: (gtsam::Pose3)
R: [
	-0.944846, 0.266252, -0.190724;
	-0.306589, -0.51422, 0.800987;
	0.11519, 0.815284, 0.567489
]
t: -9.90904  24.6044  -19.241

Value 477: (gtsam::Pose3)
R: [
	-0.905593, 0.345308, -0.246302;
	-0.40027, -0.503664, 0.765576;
	0.140306, 0.791887, 0.594331
]
t: -13.3352  23.3338 -18.7779

Value 478: (gtsam::Pose3)
R: [
	-0.863761, 0.462635, -0.199713;
	-0.425115, -0.456242, 0.781742;
	0.270543, 0.760139, 0.590757
]
t: -16.5338  21.6319 -18.2422

Value 479: (gtsam::Pose3)
R: [
	-0.861356, 0.483107, -0.157076;
	-0.399446, -0.453065, 0.796979;
	0.31386, 0.749226, 0.583225
]
t: -19.5898  19.6853 -17.3351

Value 480: (gtsam::Pose3)
R: [
	-0.708027, 0.669279, -0.225309;
	-0.555162, -0.330331, 0.763333;
	0.436456, 0.665543, 0.605441
]
t: -22.5824  17.9515 -16.1917

Value 481: (gtsam::Pose3)
R: [
	-0.62766, 0.700873, -0.33885;
	-0.683914, -0.288503, 0.670095;
	0.371892, 0.652337, 0.660419
]
t: -25.0404  15.6791 -14.7601

Value 482: (gtsam::Pose3)
R: [
	-0.426138, 0.80328, -0.41611;
	-0.814192, -0.140051, 0.563452;
	0.394333, 0.578901, 0.713705
]
t: -27.3761  12.9731 -13.3079

Value 483: (gtsam::Pose3)
R: [
	-0.393327, 0.810322, -0.434363;
	-0.854569, -0.147956, 0.497817;
	0.339125, 0.566998, 0.750671
]
t: -28.7022  9.84758 -11.8889

Value 484: (gtsam::Pose3)
R: [
	-0.296563, 0.832961, -0.467147;
	-0.900047, -0.0802201, 0.428347;
	0.319321, 0.547486, 0.773494
]
t:  -29.966  6.55431 -10.8125

Value 485: (gtsam::Pose3)
R: [
	-0.167191, 0.865992, -0.47128;
	-0.921709, 0.0324034, 0.386526;
	0.35, 0.499007, 0.792775
]
t: -30.7779  3.26521 -9.57505

Value 486: (gtsam::Pose3)
R: [
	-0.0887889, 0.880743, -0.465197;
	-0.953038, 0.0606454, 0.296718;
	0.289544, 0.469696, 0.833996
]
t:  -31.0838 -0.242016  -8.18739

Value 487: (gtsam::Pose3)
R: [
	0.11517, 0.881932, -0.457091;
	-0.958437, 0.219576, 0.18217;
	0.261027, 0.417112, 0.870564
]
t: -31.1865  -3.7617 -7.15459

Value 488: (gtsam::Pose3)
R: [
	0.226944, 0.871493, -0.434736;
	-0.943476, 0.30745, 0.123808;
	0.241558, 0.382065, 0.892007
]
t: -30.4557 -7.38793 -6.17752

Value 489: (gtsam::Pose3)
R: [
	0.364052, 0.85459, -0.370327;
	-0.927375, 0.36943, -0.0591399;
	0.0862697, 0.364962, 0.927017
]
t: -29.5726 -10.8874 -5.29805

Value 490: (gtsam::Pose3)
R: [
	0.573283, 0.730026, -0.372034;
	-0.809608, 0.574539, -0.120166;
	0.126024, 0.370091, 0.920408
]
t: -27.8895 -14.4304 -5.08969

Value 491: (gtsam::Pose3)
R: [
	0.672581, 0.636999, -0.376653;
	-0.728348, 0.659866, -0.184625;
	0.130934, 0.398509, 0.90777
]
t: -25.5784 -17.3979 -4.72992

Value 492: (gtsam::Pose3)
R: [
	0.73202, 0.600008, -0.322704;
	-0.678435, 0.685264, -0.264837;
	0.0622332, 0.412799, 0.908693
]
t: -23.0187 -20.1861 -4.50111

Value 493: (gtsam::Pose3)
R: [
	0.732291, 0.588432, -0.34278;
	-0.677785, 0.678572, -0.283103;
	0.0660138, 0.439645, 0.895742
]
t: -20.2755 -22.5576 -4.37767

Value 494: (gtsam::Pose3)
R: [
	0.8742, 0.415803, -0.250764;
	-0.48419, 0.785333, -0.385762;
	0.0365327, 0.45865, 0.887865
]
t: -17.3555  -25.106 -4.32356

Value 495: (gtsam::Pose3)
R: [
	0.91883, 0.345123, -0.19142;
	-0.394594, 0.811812, -0.430416;
	0.0068509, 0.471012, 0.8821
]
t: -13.8452 -26.7349 -4.26659

Value 496: (gtsam::Pose3)
R: [
	0.940768, 0.293567, -0.169627;
	-0.338431, 0.843288, -0.417527;
	0.0204722, 0.450203, 0.892691
]
t: -10.3049 -28.0961 -4.23385

Value 497: (gtsam::Pose3)
R: [
	0.986633, 0.129711, -0.0986466;
	-0.160648, 0.875812, -0.455132;
	0.02736, 0.464896, 0.884943
]
t: -6.69475 -29.0925  -4.3566

Value 498: (gtsam::Pose3)
R: [
	0.998845, 0.0468372, 0.0107212;
	-0.0363899, 0.883117, -0.46774;
	-0.0313757, 0.46681, 0.883801
]
t: -2.85447 -29.4848 -4.37153

Value 499: (gtsam::Pose3)
R: [
	0.996262, -0.0433212, 0.0747414;
	0.074134, 0.872912, -0.482212;
	-0.0443527, 0.48595, 0.872861
]
t: 0.956228 -29.5129 -4.53435

Value 500: (gtsam::Pose3)
R: [
	0.968908, -0.145823, 0.199884;
	0.226914, 0.845749, -0.482926;
	-0.09863, 0.513268, 0.852542
]
t:  4.76041 -29.0341 -4.88744

