step = 500, Chi2 = 0.275245, graph_error = 377.968
Nonlinear optimization exceed max iterations: 10 >= 10, chi2 = 0.279355
After relin
Values with 501 values:
Value 0: (gtsam::Pose3)
R: [
	1, -9.79734e-12, 1.81171e-11;
	9.79734e-12, 1, 5.16929e-12;
	-1.81171e-11, -5.16929e-12, 1
]
t: 2.85287e-14 3.53027e-13 3.91099e-13

Value 1: (gtsam::Pose3)
R: [
	0.97842, -0.206374, 0.010204;
	0.205697, 0.97751, 0.0465052;
	-0.019572, -0.0434027, 0.998866
]
t:   0.349973 -0.0686932   0.057426

Value 2: (gtsam::Pose3)
R: [
	0.873513, -0.486605, 0.0137945;
	0.483236, 0.870192, 0.0961739;
	-0.0588026, -0.0773432, 0.995269
]
t:   0.561658  0.0446218 -0.0258175

Value 3: (gtsam::Pose3)
R: [
	0.822555, -0.56865, -0.00639655;
	0.56549, 0.816691, 0.115047;
	-0.0601973, -0.0982496, 0.993339
]
t:  0.694233 0.0481157 -0.250915

Value 4: (gtsam::Pose3)
R: [
	0.721819, -0.691219, -0.0345425;
	0.68868, 0.712433, 0.134757;
	-0.0685373, -0.121059, 0.990276
]
t:  0.806341  0.141615 -0.376068

Value 5: (gtsam::Pose3)
R: [
	0.684521, -0.727572, -0.0455004;
	0.726824, 0.676342, 0.119533;
	-0.0561947, -0.114893, 0.991787
]
t:   1.08038  0.281312 -0.461894

Value 6: (gtsam::Pose3)
R: [
	0.526156, -0.848899, -0.0503072;
	0.846854, 0.517664, 0.12191;
	-0.077447, -0.106746, 0.991265
]
t:   1.21357  0.415031 -0.480275

Value 7: (gtsam::Pose3)
R: [
	0.406286, -0.910609, -0.0756472;
	0.904047, 0.388563, 0.178093;
	-0.132779, -0.140745, 0.981102
]
t:    1.4931  0.522896 -0.587065

Value 8: (gtsam::Pose3)
R: [
	0.2775, -0.960579, 0.0167958;
	0.939186, 0.274918, 0.20579;
	-0.202295, -0.0413324, 0.978452
]
t:   1.74803  0.790671 -0.434711

Value 9: (gtsam::Pose3)
R: [
	0.160978, -0.986198, 0.0387153;
	0.960223, 0.165565, 0.224857;
	-0.228163, 0.000978353, 0.973622
]
t:   1.93144   1.01562 -0.522351

Value 10: (gtsam::Pose3)
R: [
	0.0496395, -0.998053, 0.0377624;
	0.974269, 0.05671, 0.218139;
	-0.219856, 0.0259624, 0.975187
]
t:   2.07568   1.38795 -0.712074

Value 11: (gtsam::Pose3)
R: [
	0.0436341, -0.999046, 0.00188688;
	0.970834, 0.0428474, 0.235894;
	-0.235749, -0.00846116, 0.971777
]
t:   2.08496   1.78974 -0.847112

Value 12: (gtsam::Pose3)
R: [
	-0.0251988, -0.99959, -0.0135925;
	0.960575, -0.0279766, 0.276611;
	-0.276878, -0.00608633, 0.960886
]
t:  2.07817  2.35445 -1.00067

Value 13: (gtsam::Pose3)
R: [
	-0.251076, -0.966025, 0.0612843;
	0.917759, -0.217449, 0.332316;
	-0.3077, 0.139681, 0.941175
]
t:   2.06094   2.45352 -0.948123

Value 14: (gtsam::Pose3)
R: [
	-0.424878, -0.903558, -0.0553372;
	0.83032, -0.413333, 0.373799;
	-0.360621, 0.112871, 0.925858
]
t:  2.00882  2.86165 -1.04707

Value 15: (gtsam::Pose3)
R: [
	-0.549148, -0.835551, -0.0170657;
	0.748258, -0.500666, 0.435251;
	-0.372219, 0.226248, 0.900147
]
t:  1.78498  3.06827 -1.24717

Value 16: (gtsam::Pose3)
R: [
	-0.603142, -0.796912, -0.0339156;
	0.697766, -0.54775, 0.46162;
	-0.386448, 0.254757, 0.886429
]
t:  1.71559  3.50139 -1.45762

Value 17: (gtsam::Pose3)
R: [
	-0.631189, -0.775552, -0.0109005;
	0.674266, -0.555594, 0.486498;
	-0.383361, 0.299722, 0.873614
]
t:  1.45039  3.83669 -1.69557

Value 18: (gtsam::Pose3)
R: [
	-0.718979, -0.692749, -0.0562838;
	0.596081, -0.656239, 0.462642;
	-0.35743, 0.29908, 0.884757
]
t:  1.01006  4.11175 -1.78845

Value 19: (gtsam::Pose3)
R: [
	-0.83374, -0.549522, -0.0538722;
	0.475232, -0.763838, 0.4367;
	-0.281126, 0.338493, 0.897993
]
t: 0.757074  4.24493 -1.90219

Value 20: (gtsam::Pose3)
R: [
	-0.903756, -0.427748, 0.0160415;
	0.392914, -0.814121, 0.427581;
	-0.169837, 0.392731, 0.903835
]
t: 0.454532  4.49625  -2.0803

Value 21: (gtsam::Pose3)
R: [
	-0.939144, -0.341084, 0.0408654;
	0.319253, -0.822675, 0.470408;
	-0.12683, 0.454828, 0.881502
]
t: -0.108402   4.60806  -1.96666

Value 22: (gtsam::Pose3)
R: [
	-0.977627, -0.208674, 0.0264562;
	0.197304, -0.866138, 0.459213;
	-0.0729112, 0.45416, 0.887932
]
t: -0.477533   4.83658  -2.09918

Value 23: (gtsam::Pose3)
R: [
	-0.996826, -0.074018, 0.029302;
	0.0793326, -0.893118, 0.442771;
	-0.00660287, 0.44369, 0.896156
]
t: -0.872388   5.06373  -2.07299

Value 24: (gtsam::Pose3)
R: [
	-0.998237, -0.0172777, -0.0567892;
	-0.0100414, -0.893763, 0.448427;
	-0.0585039, 0.448207, 0.892014
]
t: -1.29829   5.0959 -2.11282

Value 25: (gtsam::Pose3)
R: [
	-0.985634, 0.135362, -0.101006;
	-0.166854, -0.873072, 0.458154;
	-0.026169, 0.468425, 0.883115
]
t: -1.81401  5.05607 -2.09619

Value 26: (gtsam::Pose3)
R: [
	-0.964036, 0.23506, -0.124022;
	-0.265549, -0.83281, 0.485707;
	0.0108835, 0.501173, 0.865279
]
t: -2.20969  5.02892 -2.07698

Value 27: (gtsam::Pose3)
R: [
	-0.913262, 0.391454, -0.112763;
	-0.3957, -0.786648, 0.473926;
	0.0968156, 0.47744, 0.873314
]
t:  -2.7777   4.9581 -2.12616

Value 28: (gtsam::Pose3)
R: [
	-0.843447, 0.533306, -0.0646628;
	-0.513816, -0.765714, 0.38688;
	0.156812, 0.359538, 0.91986
]
t: -3.13122  4.68042 -2.18082

Value 29: (gtsam::Pose3)
R: [
	-0.774573, 0.628921, -0.0670513;
	-0.595011, -0.688625, 0.414437;
	0.214475, 0.360908, 0.907604
]
t: -3.42136  4.43893 -2.04686

Value 30: (gtsam::Pose3)
R: [
	-0.630322, 0.772071, -0.0812372;
	-0.720946, -0.543322, 0.430161;
	0.287977, 0.329707, 0.89909
]
t: -3.81046  4.13929 -2.06738

Value 31: (gtsam::Pose3)
R: [
	-0.550379, 0.831792, -0.0721508;
	-0.763847, -0.466758, 0.445729;
	0.337077, 0.300432, 0.892255
]
t: -4.18084  3.85014 -1.93426

Value 32: (gtsam::Pose3)
R: [
	-0.479809, 0.877217, -0.016545;
	-0.788335, -0.422763, 0.446989;
	0.385112, 0.227513, 0.894386
]
t: -4.46799   3.6164 -1.85498

Value 33: (gtsam::Pose3)
R: [
	-0.413499, 0.910415, -0.0127938;
	-0.809302, -0.361064, 0.463317;
	0.417191, 0.201935, 0.8861
]
t: -4.94397  3.09454 -1.56889

Value 34: (gtsam::Pose3)
R: [
	-0.271013, 0.962358, 0.0204783;
	-0.833959, -0.245372, 0.494273;
	0.480692, 0.116876, 0.869065
]
t: -5.02646   2.6616 -1.34761

Value 35: (gtsam::Pose3)
R: [
	-0.136746, 0.989875, 0.0380645;
	-0.916103, -0.140988, 0.375338;
	0.376904, 0.016455, 0.926106
]
t: -5.05755  2.23551 -1.33455

Value 36: (gtsam::Pose3)
R: [
	-0.0743075, 0.994696, 0.0711243;
	-0.935109, -0.0942809, 0.341588;
	0.346482, -0.0411264, 0.937155
]
t: -5.19317  1.57859 -1.34591

Value 37: (gtsam::Pose3)
R: [
	0.0386141, 0.997881, 0.0523774;
	-0.939132, 0.0183336, 0.343067;
	0.34138, -0.0624365, 0.937849
]
t: -5.14686  1.21573 -1.16006

Value 38: (gtsam::Pose3)
R: [
	0.235226, 0.968928, 0.0764729;
	-0.881655, 0.179597, 0.436382;
	0.409088, -0.170071, 0.896506
]
t: -5.20711 0.677868 -1.07633

Value 39: (gtsam::Pose3)
R: [
	0.300883, 0.953553, 0.0143902;
	-0.906084, 0.281133, 0.316189;
	0.297457, -0.108175, 0.948587
]
t:  -4.94678  0.159227 -0.717949

Value 40: (gtsam::Pose3)
R: [
	0.351754, 0.93555, -0.0318637;
	-0.895108, 0.34612, 0.281038;
	0.273954, -0.0703349, 0.959168
]
t:  -4.67067 -0.446477 -0.575358

Value 41: (gtsam::Pose3)
R: [
	0.478856, 0.877893, -0.00080388;
	-0.841953, 0.459511, 0.282782;
	0.248622, -0.134735, 0.959184
]
t:   -4.4274 -0.965443 -0.439588

Value 42: (gtsam::Pose3)
R: [
	0.635252, 0.772295, 0.00395538;
	-0.739001, 0.606363, 0.293602;
	0.224349, -0.189434, 0.95592
]
t:  -3.96134  -1.51563 -0.390549

Value 43: (gtsam::Pose3)
R: [
	0.700699, 0.712382, 0.0391463;
	-0.690041, 0.662739, 0.290897;
	0.181286, -0.230844, 0.955953
]
t:  -3.50534  -1.82954 -0.304616

Value 44: (gtsam::Pose3)
R: [
	0.829738, 0.556215, -0.0464778;
	-0.527804, 0.808981, 0.258791;
	0.181543, -0.190198, 0.964814
]
t:  -3.11982  -2.21449 -0.317489

Value 45: (gtsam::Pose3)
R: [
	0.918916, 0.39258, -0.0384055;
	-0.371743, 0.894455, 0.248512;
	0.131913, -0.214085, 0.967867
]
t:  -2.88817  -2.58504 -0.425306

Value 46: (gtsam::Pose3)
R: [
	0.952296, 0.296198, -0.0734726;
	-0.27581, 0.938392, 0.208204;
	0.130616, -0.178008, 0.975322
]
t:  -2.39889   -2.8451 -0.263914

Value 47: (gtsam::Pose3)
R: [
	0.985299, 0.146218, -0.0883516;
	-0.12473, 0.969098, 0.21282;
	0.116739, -0.198671, 0.973089
]
t:  -1.85592  -3.10781 -0.199069

Value 48: (gtsam::Pose3)
R: [
	0.992279, -0.0560966, -0.110615;
	0.0778169, 0.976068, 0.203064;
	0.0965768, -0.210104, 0.972897
]
t:    -1.2302   -3.18076 -0.0622044

Value 49: (gtsam::Pose3)
R: [
	0.985312, -0.149928, -0.0817368;
	0.15851, 0.981072, 0.111229;
	0.0635134, -0.122551, 0.990428
]
t: -0.676012  -3.17154 0.0315926

Value 50: (gtsam::Pose3)
R: [
	0.985445, -0.168614, -0.021601;
	0.169961, 0.979699, 0.106315;
	0.00323628, -0.108439, 0.994098
]
t:  0.121336  -3.01899 -0.039898

Value 51: (gtsam::Pose3)
R: [
	0.912103, -0.408657, 0.032671;
	0.404802, 0.910365, 0.0858578;
	-0.0648289, -0.0650859, 0.995772
]
t: 0.836948 -3.02869 0.109838

Value 52: (gtsam::Pose3)
R: [
	0.898308, -0.436678, 0.0485254;
	0.436384, 0.899599, 0.0170698;
	-0.0511074, 0.00584173, 0.998676
]
t:   1.80195  -2.67984 0.0930989

Value 53: (gtsam::Pose3)
R: [
	0.848887, -0.528138, 0.0214912;
	0.524182, 0.846367, 0.0943244;
	-0.0680057, -0.0688054, 0.99531
]
t:   2.31712   -2.4394 -0.085777

Value 54: (gtsam::Pose3)
R: [
	0.781731, -0.623589, 0.00575583;
	0.619365, 0.777445, 0.109389;
	-0.0726888, -0.0819481, 0.993982
]
t:    2.84679    -2.0677 -0.0948676

Value 55: (gtsam::Pose3)
R: [
	0.669955, -0.741425, 0.0380794;
	0.740577, 0.671022, 0.0356956;
	-0.0520177, 0.00428631, 0.998637
]
t:   3.37126   -1.7299 -0.189579

Value 56: (gtsam::Pose3)
R: [
	0.580337, -0.814285, 0.0122443;
	0.81265, 0.580019, 0.0563787;
	-0.0530102, -0.0227683, 0.998334
]
t:   3.88486  -1.18367 -0.324328

Value 57: (gtsam::Pose3)
R: [
	0.498511, -0.862338, 0.0886597;
	0.860383, 0.504679, 0.0709938;
	-0.105965, 0.0408901, 0.993529
]
t:   4.36892 -0.604469 -0.260907

Value 58: (gtsam::Pose3)
R: [
	0.380967, -0.91772, 0.11249;
	0.897403, 0.396305, 0.193934;
	-0.222557, 0.0270663, 0.974544
]
t:    4.67488 -0.0526889  -0.370856

Value 59: (gtsam::Pose3)
R: [
	0.272133, -0.955229, 0.11611;
	0.932081, 0.291655, 0.214856;
	-0.239101, 0.0497539, 0.969719
]
t:   4.89402  0.609497 -0.599735

Value 60: (gtsam::Pose3)
R: [
	0.130635, -0.981419, 0.140542;
	0.96947, 0.156122, 0.189085;
	-0.207513, 0.11155, 0.971851
]
t:  5.17947   1.2833 -0.83196

Value 61: (gtsam::Pose3)
R: [
	-0.00527677, -0.998155, 0.0604864;
	0.975936, 0.00804549, 0.217907;
	-0.217992, 0.0601807, 0.974093
]
t:  5.16514  1.75261 -1.00981

Value 62: (gtsam::Pose3)
R: [
	-0.072894, -0.987725, 0.13815;
	0.969222, -0.0374963, 0.243317;
	-0.23515, 0.151635, 0.960058
]
t:  5.13564  2.57342 -1.15451

Value 63: (gtsam::Pose3)
R: [
	-0.153727, -0.980572, 0.12185;
	0.939399, -0.106791, 0.325769;
	-0.306428, 0.164545, 0.937564
]
t:  5.05717  3.23053 -1.43748

Value 64: (gtsam::Pose3)
R: [
	-0.319961, -0.944146, 0.078819;
	0.871091, -0.260444, 0.416377;
	-0.372592, 0.201883, 0.905769
]
t:  4.85018  3.86495 -1.59814

Value 65: (gtsam::Pose3)
R: [
	-0.355765, -0.932277, 0.0654995;
	0.845745, -0.291336, 0.447034;
	-0.397677, 0.214435, 0.892116
]
t:  4.44395  4.57692 -1.94707

Value 66: (gtsam::Pose3)
R: [
	-0.494699, -0.867705, 0.0485925;
	0.773062, -0.413818, 0.480759;
	-0.397049, 0.275396, 0.875505
]
t:  3.99064  5.05605 -2.25082

Value 67: (gtsam::Pose3)
R: [
	-0.67183, -0.73784, 0.06509;
	0.65879, -0.555051, 0.507852;
	-0.338585, 0.384071, 0.858982
]
t:  3.75149  5.57174 -2.54735

Value 68: (gtsam::Pose3)
R: [
	-0.747139, -0.661715, 0.0625834;
	0.593777, -0.622174, 0.510224;
	-0.298686, 0.418369, 0.857761
]
t: 3.07866 6.10674 -2.7075

Value 69: (gtsam::Pose3)
R: [
	-0.836805, -0.540367, 0.08809;
	0.504311, -0.698116, 0.508236;
	-0.213137, 0.46972, 0.856701
]
t:  2.35985  6.45862 -3.02771

Value 70: (gtsam::Pose3)
R: [
	-0.900043, -0.427155, 0.0863771;
	0.41145, -0.767565, 0.491481;
	-0.143639, 0.477893, 0.866594
]
t:  1.74944  6.76078 -3.28182

Value 71: (gtsam::Pose3)
R: [
	-0.949497, -0.310321, -0.0464311;
	0.244658, -0.824847, 0.509677;
	-0.196462, 0.472577, 0.859112
]
t:  0.95599  7.10934 -3.41219

Value 72: (gtsam::Pose3)
R: [
	-0.970025, -0.228955, 0.0814322;
	0.241306, -0.867986, 0.434017;
	-0.0286885, 0.440658, 0.897217
]
t: 0.198196  7.40647 -3.62235

Value 73: (gtsam::Pose3)
R: [
	-0.984785, -0.172085, 0.0241869;
	0.163748, -0.872323, 0.460695;
	-0.0581797, 0.457646, 0.887229
]
t: -0.768638   7.70258  -3.53303

Value 74: (gtsam::Pose3)
R: [
	-0.990376, 0.137741, 0.0135314;
	-0.116549, -0.882723, 0.455211;
	0.0746456, 0.449253, 0.890281
]
t:  -1.3464  7.75915 -3.53878

Value 75: (gtsam::Pose3)
R: [
	-0.988682, 0.138768, -0.0570132;
	-0.149789, -0.891852, 0.426806;
	0.0083795, 0.430515, 0.902544
]
t: -2.23465  7.65915 -3.65341

Value 76: (gtsam::Pose3)
R: [
	-0.960354, 0.258134, -0.105298;
	-0.276608, -0.835173, 0.475366;
	0.034766, 0.485646, 0.873464
]
t: -2.99335  7.58582 -3.64376

Value 77: (gtsam::Pose3)
R: [
	-0.912837, 0.383227, -0.140947;
	-0.400132, -0.770739, 0.495839;
	0.0813849, 0.509018, 0.8569
]
t: -3.93564  7.35372 -3.41443

Value 78: (gtsam::Pose3)
R: [
	-0.880811, 0.458711, -0.117286;
	-0.439933, -0.701347, 0.560866;
	0.175017, 0.545615, 0.819556
]
t: -4.66604  7.05718 -3.31767

Value 79: (gtsam::Pose3)
R: [
	-0.827208, 0.558758, -0.0592957;
	-0.494765, -0.674294, 0.548212;
	0.266335, 0.482823, 0.834235
]
t: -5.35066  6.59016 -3.31102

Value 80: (gtsam::Pose3)
R: [
	-0.724663, 0.678487, -0.120494;
	-0.636478, -0.591992, 0.49441;
	0.264119, 0.434972, 0.860837
]
t: -6.06551  5.99727 -3.11112

Value 81: (gtsam::Pose3)
R: [
	-0.616075, 0.782696, -0.0885311;
	-0.723304, -0.51763, 0.457046;
	0.311902, 0.34561, 0.885026
]
t: -6.70377  5.30742 -2.91806

Value 82: (gtsam::Pose3)
R: [
	-0.480459, 0.876764, -0.0210731;
	-0.778605, -0.415363, 0.47037;
	0.40365, 0.242401, 0.882218
]
t: -7.15787  4.85082 -2.67254

Value 83: (gtsam::Pose3)
R: [
	-0.318989, 0.947333, -0.0283802;
	-0.846472, -0.271302, 0.458127;
	0.426299, 0.170161, 0.888434
]
t:  -7.5466  4.24873 -2.26499

Value 84: (gtsam::Pose3)
R: [
	-0.22244, 0.973756, -0.0481626;
	-0.883003, -0.180274, 0.433367;
	0.413311, 0.138926, 0.89993
]
t: -7.89117  3.40807 -1.87688

Value 85: (gtsam::Pose3)
R: [
	-0.142024, 0.989422, -0.0295548;
	-0.914825, -0.119796, 0.385675;
	0.378054, 0.0818126, 0.922161
]
t: -8.14261  2.60684 -1.47544

Value 86: (gtsam::Pose3)
R: [
	-0.00861917, 0.998983, -0.0442556;
	-0.933983, 0.00776726, 0.357232;
	0.357213, 0.044413, 0.932967
]
t: -8.22438  1.87208 -1.20083

Value 87: (gtsam::Pose3)
R: [
	0.11943, 0.992158, -0.036864;
	-0.961384, 0.124839, 0.245268;
	0.247947, 0.00614803, 0.968754
]
t:   -8.2711   1.19456 -0.832678

Value 88: (gtsam::Pose3)
R: [
	0.263972, 0.96408, -0.0294861;
	-0.932882, 0.262958, 0.24614;
	0.245052, -0.037467, 0.968786
]
t:   -8.0227  0.177877 -0.742332

Value 89: (gtsam::Pose3)
R: [
	0.315078, 0.943624, -0.101493;
	-0.924984, 0.329259, 0.189718;
	0.21244, 0.0341034, 0.976579
]
t:  -7.72522 -0.667257  -0.43592

Value 90: (gtsam::Pose3)
R: [
	0.415555, 0.906675, -0.0724934;
	-0.88231, 0.421185, 0.210078;
	0.221006, -0.0233373, 0.974993
]
t:  -7.39353  -1.50163 -0.275493

Value 91: (gtsam::Pose3)
R: [
	0.599559, 0.798025, -0.0607046;
	-0.77721, 0.598661, 0.193777;
	0.19098, -0.0690005, 0.979166
]
t:  -7.00465  -2.38475 -0.163198

Value 92: (gtsam::Pose3)
R: [
	0.657239, 0.74166, -0.13408;
	-0.724003, 0.670718, 0.161109;
	0.209418, -0.00881249, 0.977786
]
t:   -6.34575   -3.42059 -0.0660976

Value 93: (gtsam::Pose3)
R: [
	0.693828, 0.703958, -0.151805;
	-0.689219, 0.710223, 0.143392;
	0.208757, 0.00513756, 0.977954
]
t: -5.55638 -3.98026  0.14266

Value 94: (gtsam::Pose3)
R: [
	0.782816, 0.621391, -0.0327407;
	-0.610293, 0.776974, 0.154449;
	0.121412, -0.100924, 0.987458
]
t: -4.83124 -4.67951  0.12854

Value 95: (gtsam::Pose3)
R: [
	0.891808, 0.446819, -0.0709401;
	-0.433933, 0.889155, 0.145281;
	0.127991, -0.0987798, 0.986844
]
t: -4.09781 -5.27027 0.207398

Value 96: (gtsam::Pose3)
R: [
	0.949769, 0.31112, -0.0338173;
	-0.302753, 0.940798, 0.152446;
	0.0792443, -0.13455, 0.987733
]
t: -3.17596 -5.67573  0.19878

Value 97: (gtsam::Pose3)
R: [
	0.98075, 0.191029, -0.0404637;
	-0.181398, 0.968017, 0.173315;
	0.0722777, -0.162638, 0.984035
]
t: -2.09998 -6.07328 0.304785

Value 98: (gtsam::Pose3)
R: [
	0.995783, 0.0368353, -0.0840159;
	-0.0211559, 0.983367, 0.180393;
	0.0892633, -0.177855, 0.98
]
t: -1.13593 -6.17803 0.231185

Value 99: (gtsam::Pose3)
R: [
	0.995866, -0.0751274, -0.051052;
	0.0817608, 0.986263, 0.143528;
	0.0395678, -0.147109, 0.988329
]
t: -0.158568  -6.18797  0.351482

Value 100: (gtsam::Pose3)
R: [
	0.979109, -0.200891, -0.0314421;
	0.20316, 0.972943, 0.110039;
	0.00848556, -0.114128, 0.99343
]
t: 0.907161 -5.97518 0.328957

Value 101: (gtsam::Pose3)
R: [
	0.946779, -0.321613, 0.0132218;
	0.3166, 0.937861, 0.142058;
	-0.058088, -0.130311, 0.98977
]
t:  2.04131 -5.76636 0.155024

Value 102: (gtsam::Pose3)
R: [
	0.89959, -0.425431, 0.0987251;
	0.42007, 0.904715, 0.0709422;
	-0.119499, -0.0223475, 0.992583
]
t:  2.98578 -5.45994 0.191361

Value 103: (gtsam::Pose3)
R: [
	0.869964, -0.485035, 0.0889049;
	0.482368, 0.874494, 0.0508064;
	-0.10239, -0.00131482, 0.994743
]
t:   3.93991  -5.05541 -0.063976

Value 104: (gtsam::Pose3)
R: [
	0.789243, -0.611118, 0.0602542;
	0.610112, 0.791496, 0.0360214;
	-0.0697043, 0.0083322, 0.997533
]
t:  4.81126 -4.44128 0.065397

Value 105: (gtsam::Pose3)
R: [
	0.749789, -0.660596, 0.037815;
	0.658399, 0.750537, 0.0566155;
	-0.0657814, -0.0175523, 0.99768
]
t:   5.62513  -3.73488 -0.208632

Value 106: (gtsam::Pose3)
R: [
	0.655478, -0.754324, 0.0366621;
	0.75026, 0.655962, 0.0826017;
	-0.0863573, -0.0266375, 0.995908
]
t:   6.30735  -2.99204 -0.407574

Value 107: (gtsam::Pose3)
R: [
	0.511667, -0.854349, 0.0910197;
	0.842286, 0.519688, 0.143102;
	-0.169561, 0.00344408, 0.985514
]
t:   6.91145  -2.15571 -0.534265

Value 108: (gtsam::Pose3)
R: [
	0.415124, -0.897535, 0.148669;
	0.886401, 0.435822, 0.15605;
	-0.204854, 0.0670009, 0.976497
]
t:   7.3611 -1.29153 -0.78431

Value 109: (gtsam::Pose3)
R: [
	0.232376, -0.957076, 0.173227;
	0.958015, 0.255981, 0.129159;
	-0.167957, 0.13594, 0.976376
]
t:  7.81556 -0.36822 -1.00709

Value 110: (gtsam::Pose3)
R: [
	0.170286, -0.974007, 0.149377;
	0.96949, 0.192728, 0.151477;
	-0.176328, 0.119025, 0.977109
]
t:  8.11779 0.751557 -1.21122

Value 111: (gtsam::Pose3)
R: [
	-0.0793068, -0.983624, 0.161847;
	0.96275, -0.0334748, 0.268315;
	-0.258503, 0.177097, 0.949638
]
t:  8.20949  1.63755 -1.38409

Value 112: (gtsam::Pose3)
R: [
	-0.170791, -0.959667, 0.223316;
	0.969791, -0.123663, 0.210269;
	-0.174172, 0.252482, 0.951797
]
t:  8.24391  2.53306 -1.79343

Value 113: (gtsam::Pose3)
R: [
	-0.313313, -0.941587, 0.123489;
	0.912852, -0.262768, 0.312496;
	-0.261793, 0.210636, 0.941858
]
t:  8.09377  3.65418 -2.05043

Value 114: (gtsam::Pose3)
R: [
	-0.408015, -0.89338, 0.188139;
	0.858967, -0.305813, 0.410676;
	-0.309354, 0.329167, 0.89216
]
t:  7.74999  4.65814 -2.29762

Value 115: (gtsam::Pose3)
R: [
	-0.521703, -0.846911, 0.102795;
	0.794338, -0.438259, 0.42066;
	-0.311211, 0.301114, 0.901376
]
t:  7.23799  5.54871 -2.78977

Value 116: (gtsam::Pose3)
R: [
	-0.636127, -0.768888, 0.0644437;
	0.699102, -0.539014, 0.469808;
	-0.326494, 0.34391, 0.880413
]
t:  6.63753  6.33659 -3.25791

Value 117: (gtsam::Pose3)
R: [
	-0.695307, -0.718174, 0.0278401;
	0.629501, -0.589852, 0.50577;
	-0.346809, 0.369191, 0.862219
]
t:  6.03643  7.24386 -3.72949

Value 118: (gtsam::Pose3)
R: [
	-0.781223, -0.622554, 0.046009;
	0.536024, -0.63121, 0.560581;
	-0.319951, 0.462601, 0.82682
]
t:  5.12694  7.91917 -4.05712

Value 119: (gtsam::Pose3)
R: [
	-0.802791, -0.593755, 0.0546089;
	0.523762, -0.658446, 0.540483;
	-0.284958, 0.462497, 0.839581
]
t:  4.07251  8.47757 -4.47279

Value 120: (gtsam::Pose3)
R: [
	-0.883747, -0.467563, 0.0194085;
	0.411309, -0.756301, 0.508757;
	-0.223198, 0.457596, 0.860691
]
t:  3.12114  9.09922 -4.79187

Value 121: (gtsam::Pose3)
R: [
	-0.939692, -0.337068, 0.0580056;
	0.313703, -0.781825, 0.538832;
	-0.136273, 0.524532, 0.840414
]
t:  2.02077   9.5881 -5.02425

Value 122: (gtsam::Pose3)
R: [
	-0.973929, -0.187239, 0.128076;
	0.226618, -0.828653, 0.511838;
	0.0102949, 0.527519, 0.849481
]
t: 0.855221   10.061 -5.11941

Value 123: (gtsam::Pose3)
R: [
	-0.992593, -0.0936248, 0.077424;
	0.121236, -0.804553, 0.581375;
	0.00786059, 0.586455, 0.809944
]
t: -0.263723   10.2284  -4.94792

Value 124: (gtsam::Pose3)
R: [
	-0.999763, 0.00630887, 0.0208259;
	0.00716296, -0.808301, 0.588725;
	0.0205478, 0.588735, 0.808065
]
t: -1.64237  10.3773 -4.85633

Value 125: (gtsam::Pose3)
R: [
	-0.983572, 0.132455, -0.122643;
	-0.177148, -0.838854, 0.514725;
	-0.0347015, 0.527995, 0.848538
]
t: -2.76403  10.3815 -4.88801

Value 126: (gtsam::Pose3)
R: [
	-0.928517, 0.298408, -0.220928;
	-0.371084, -0.726047, 0.578923;
	0.0123512, 0.619523, 0.784882
]
t: -3.85848   10.205 -5.04294

Value 127: (gtsam::Pose3)
R: [
	-0.893306, 0.39697, -0.21076;
	-0.445512, -0.72015, 0.531887;
	0.0593643, 0.569034, 0.820169
]
t: -5.04604   9.6989 -5.04138

Value 128: (gtsam::Pose3)
R: [
	-0.812767, 0.560067, -0.160424;
	-0.542839, -0.628064, 0.557549;
	0.211508, 0.540242, 0.814496
]
t: -6.05858  9.23886 -5.05203

Value 129: (gtsam::Pose3)
R: [
	-0.811207, 0.573557, -0.113909;
	-0.530934, -0.640797, 0.554516;
	0.245054, 0.510306, 0.82434
]
t: -7.06693  8.59691  -4.7399

Value 130: (gtsam::Pose3)
R: [
	-0.700463, 0.706583, -0.100454;
	-0.635263, -0.553137, 0.538962;
	0.325257, 0.441338, 0.836319
]
t: -8.00576  7.91058  -4.4079

Value 131: (gtsam::Pose3)
R: [
	-0.633398, 0.763535, -0.125784;
	-0.685492, -0.478212, 0.549012;
	0.359038, 0.433967, 0.826296
]
t: -8.95186  6.90275 -4.00848

Value 132: (gtsam::Pose3)
R: [
	-0.545416, 0.838149, -0.00516867;
	-0.717471, -0.46368, 0.519842;
	0.433309, 0.287239, 0.854247
]
t: -9.74213  6.08201 -3.57156

Value 133: (gtsam::Pose3)
R: [
	-0.443741, 0.890246, -0.102744;
	-0.759213, -0.312541, 0.570888;
	0.476119, 0.331332, 0.814574
]
t: -10.3987  5.02504 -2.94377

Value 134: (gtsam::Pose3)
R: [
	-0.30408, 0.937634, -0.168456;
	-0.876287, -0.205931, 0.435561;
	0.373706, 0.280061, 0.884256
]
t: -10.9843  4.08124 -2.33118

Value 135: (gtsam::Pose3)
R: [
	-0.122317, 0.95818, -0.258707;
	-0.915298, -0.00811586, 0.402694;
	0.383754, 0.286051, 0.878013
]
t: -11.0943  2.97082 -1.94664

Value 136: (gtsam::Pose3)
R: [
	-0.0359598, 0.989588, -0.139367;
	-0.930717, 0.0176279, 0.365314;
	0.363967, 0.142848, 0.920392
]
t: -11.2886  1.81964 -1.34872

Value 137: (gtsam::Pose3)
R: [
	0.111189, 0.981036, -0.15876;
	-0.967415, 0.143413, 0.208663;
	0.227475, 0.130386, 0.965015
]
t: -11.1992 0.826269  -0.8803

Value 138: (gtsam::Pose3)
R: [
	0.289468, 0.956156, -0.0444238;
	-0.949323, 0.292718, 0.114465;
	0.12245, 0.00903848, 0.992433
]
t:  -11.0927 -0.514527 -0.786614

Value 139: (gtsam::Pose3)
R: [
	0.414674, 0.90473, -0.0975178;
	-0.901392, 0.423079, 0.0921722;
	0.124649, 0.0496804, 0.990956
]
t:  -10.7046  -1.68107 -0.670802

Value 140: (gtsam::Pose3)
R: [
	0.525842, 0.841857, -0.121524;
	-0.837751, 0.537319, 0.0972732;
	0.147187, 0.0506566, 0.987811
]
t:  -10.0869  -2.97279 -0.433545

Value 141: (gtsam::Pose3)
R: [
	0.601978, 0.797439, -0.0413841;
	-0.793434, 0.603182, 0.0814518;
	0.089915, -0.0161966, 0.995818
]
t:  -9.45379  -4.16255 -0.245879

Value 142: (gtsam::Pose3)
R: [
	0.687629, 0.724741, -0.0437872;
	-0.725113, 0.688562, 0.00961103;
	0.0371157, 0.0251419, 0.998995
]
t:   -8.65101   -5.25347 -0.0932389

Value 143: (gtsam::Pose3)
R: [
	0.773193, 0.623611, -0.115251;
	-0.612361, 0.78142, 0.119988;
	0.164885, -0.0221987, 0.986063
]
t:   -7.6634   -6.2085 0.0229136

Value 144: (gtsam::Pose3)
R: [
	0.880423, 0.471005, -0.0548638;
	-0.462915, 0.878797, 0.115872;
	0.10279, -0.0766187, 0.991748
]
t: -6.60617 -7.16572 0.246173

Value 145: (gtsam::Pose3)
R: [
	0.902623, 0.408484, -0.135689;
	-0.399684, 0.912417, 0.0880238;
	0.159761, -0.0252196, 0.986833
]
t: -5.24974 -7.83758 0.422249

Value 146: (gtsam::Pose3)
R: [
	0.960983, 0.276116, 0.0164765;
	-0.274619, 0.945256, 0.17628;
	0.0330993, -0.173927, 0.984202
]
t:  -4.1015 -8.61782 0.650966

Value 147: (gtsam::Pose3)
R: [
	0.974264, 0.224839, 0.0160142;
	-0.224981, 0.965581, 0.130527;
	0.0138847, -0.130771, 0.991315
]
t: -2.61835 -8.98507 0.687815

Value 148: (gtsam::Pose3)
R: [
	0.998677, 0.0475291, -0.0196422;
	-0.0458507, 0.995858, 0.0785143;
	0.0232926, -0.0775098, 0.996719
]
t: -1.41362 -9.26148 0.732003

Value 149: (gtsam::Pose3)
R: [
	0.998857, -0.0404836, 0.0254028;
	0.0376522, 0.99392, 0.103465;
	-0.029437, -0.102391, 0.994309
]
t: -0.0071149   -9.24247   0.671479

Value 150: (gtsam::Pose3)
R: [
	0.983665, -0.170604, 0.0574266;
	0.164134, 0.981042, 0.103033;
	-0.0739157, -0.0919238, 0.993019
]
t:  1.45655 -8.99708 0.525942

Value 151: (gtsam::Pose3)
R: [
	0.962872, -0.26303, 0.0607655;
	0.254076, 0.959035, 0.125287;
	-0.0912306, -0.105197, 0.990258
]
t:  2.84273 -8.73919 0.379719

Value 152: (gtsam::Pose3)
R: [
	0.921736, -0.368329, 0.121392;
	0.358639, 0.928669, 0.0946139;
	-0.147582, -0.0436731, 0.988085
]
t:  4.17478 -8.14139 0.171679

Value 153: (gtsam::Pose3)
R: [
	0.845388, -0.517795, 0.131179;
	0.519455, 0.854163, 0.0239377;
	-0.124443, 0.047905, 0.99107
]
t:    5.44015   -7.64691 -0.0216846

Value 154: (gtsam::Pose3)
R: [
	0.776863, -0.614581, 0.137016;
	0.614983, 0.787285, 0.0444663;
	-0.135199, 0.0497186, 0.98957
]
t:   6.60824  -6.85532 -0.128686

Value 155: (gtsam::Pose3)
R: [
	0.709002, -0.696517, 0.110362;
	0.698882, 0.714898, 0.0220189;
	-0.0942341, 0.0615185, 0.993648
]
t:   7.66646  -5.86529 -0.328838

Value 156: (gtsam::Pose3)
R: [
	0.593149, -0.79954, 0.0943905;
	0.799165, 0.598922, 0.0512635;
	-0.0975198, 0.0450267, 0.994215
]
t:   8.60211  -4.96467 -0.481985

Value 157: (gtsam::Pose3)
R: [
	0.398497, -0.888647, 0.22695;
	0.870945, 0.44421, 0.210076;
	-0.287497, 0.113946, 0.950979
]
t:   9.53517  -3.89676 -0.683869

Value 158: (gtsam::Pose3)
R: [
	0.385503, -0.903746, 0.186092;
	0.893042, 0.41617, 0.171108;
	-0.232084, 0.100226, 0.967518
]
t:  10.1031 -2.53237 -1.08922

Value 159: (gtsam::Pose3)
R: [
	0.270502, -0.949397, 0.159605;
	0.931335, 0.300048, 0.206365;
	-0.243812, 0.0928234, 0.96537
]
t:   10.635 -1.17171 -1.54221

Value 160: (gtsam::Pose3)
R: [
	0.13662, -0.972189, 0.190218;
	0.968142, 0.171711, 0.182252;
	-0.209846, 0.159259, 0.964677
]
t:  11.1154 0.162526  -1.6383

Value 161: (gtsam::Pose3)
R: [
	-0.0480816, -0.986641, 0.155653;
	0.945374, 0.00535064, 0.325945;
	-0.322424, 0.162822, 0.932487
]
t:  11.2455  1.58994 -1.90112

Value 162: (gtsam::Pose3)
R: [
	-0.142548, -0.985918, 0.0874434;
	0.959539, -0.115977, 0.256581;
	-0.242826, 0.12048, 0.962559
]
t:  11.0759  2.83042 -2.46878

Value 163: (gtsam::Pose3)
R: [
	-0.286608, -0.955282, 0.0727484;
	0.884603, -0.234715, 0.402972;
	-0.367877, 0.179849, 0.912316
]
t:  11.0122  4.33243 -2.87252

Value 164: (gtsam::Pose3)
R: [
	-0.409849, -0.907953, 0.0874329;
	0.808745, -0.317383, 0.495175;
	-0.421846, 0.273658, 0.864382
]
t:  10.4463  5.60216 -3.27443

Value 165: (gtsam::Pose3)
R: [
	-0.545472, -0.837845, 0.0218446;
	0.752586, -0.478161, 0.452743;
	-0.368883, 0.263399, 0.891373
]
t:  9.82739  6.82531 -3.89065

Value 166: (gtsam::Pose3)
R: [
	-0.631466, -0.761665, 0.145316;
	0.699197, -0.478297, 0.531372;
	-0.335223, 0.437148, 0.834582
]
t:  9.09802  7.90553 -4.46093

Value 167: (gtsam::Pose3)
R: [
	-0.714997, -0.691211, 0.104913;
	0.645295, -0.594726, 0.479473;
	-0.269023, 0.410522, 0.871263
]
t:  8.14536  8.93761 -5.05982

Value 168: (gtsam::Pose3)
R: [
	-0.850297, -0.525213, 0.0338539;
	0.449795, -0.691785, 0.564906;
	-0.273277, 0.495565, 0.824461
]
t:  6.99406  9.80467 -5.65089

Value 169: (gtsam::Pose3)
R: [
	-0.833708, -0.552127, -0.00931774;
	0.467066, -0.714068, 0.521494;
	-0.294584, 0.430422, 0.853204
]
t:  5.78748  10.6147 -5.96769

Value 170: (gtsam::Pose3)
R: [
	-0.905604, -0.416478, 0.0801753;
	0.382147, -0.719261, 0.580195;
	-0.183972, 0.556066, 0.810522
]
t:  4.44292  11.3492 -6.34725

Value 171: (gtsam::Pose3)
R: [
	-0.959486, -0.261656, 0.104514;
	0.271594, -0.760171, 0.590234;
	-0.0749895, 0.594707, 0.800438
]
t: 3.02174  11.905 -6.7207

Value 172: (gtsam::Pose3)
R: [
	-0.975747, -0.185238, 0.116638;
	0.218258, -0.782483, 0.583167;
	-0.0167576, 0.594481, 0.803935
]
t:  1.46086  12.3833 -6.86907

Value 173: (gtsam::Pose3)
R: [
	-0.984909, -0.0433964, 0.167546;
	0.125724, -0.844693, 0.520275;
	0.118947, 0.533488, 0.837402
]
t: -0.00733265     12.6947     -6.8765

Value 174: (gtsam::Pose3)
R: [
	-0.99935, 0.0293102, -0.0209764;
	-0.0359913, -0.842669, 0.537228;
	-0.00192987, 0.537634, 0.843176
]
t: -1.60449  12.7977 -6.68031

Value 175: (gtsam::Pose3)
R: [
	-0.967569, 0.139136, -0.210837;
	-0.226901, -0.845538, 0.483302;
	-0.111026, 0.515467, 0.849687
]
t: -3.17138  12.7965 -6.74428

Value 176: (gtsam::Pose3)
R: [
	-0.951389, 0.254217, -0.173877;
	-0.307018, -0.827673, 0.469785;
	-0.024486, 0.500331, 0.865488
]
t: -4.72558  12.3864  -7.0044

Value 177: (gtsam::Pose3)
R: [
	-0.915628, 0.349705, -0.198321;
	-0.398901, -0.728893, 0.55641;
	0.0500243, 0.588575, 0.806893
]
t: -6.17283  11.7996 -6.89334

Value 178: (gtsam::Pose3)
R: [
	-0.86795, 0.488749, -0.0882454;
	-0.453815, -0.708281, 0.540731;
	0.20178, 0.509375, 0.836554
]
t: -7.68824  11.1641 -6.76919

Value 179: (gtsam::Pose3)
R: [
	-0.761507, 0.640921, -0.0965768;
	-0.580515, -0.608151, 0.541438;
	0.288285, 0.468373, 0.835176
]
t: -8.77221   10.413 -6.41514

Value 180: (gtsam::Pose3)
R: [
	-0.707902, 0.692905, -0.13696;
	-0.638536, -0.544943, 0.543423;
	0.301905, 0.472144, 0.828211
]
t: -10.1575  9.42639 -5.90636

Value 181: (gtsam::Pose3)
R: [
	-0.629002, 0.777013, -0.0246455;
	-0.654454, -0.512146, 0.556234;
	0.419579, 0.366002, 0.83066
]
t: -11.2377  8.41647 -5.41462

Value 182: (gtsam::Pose3)
R: [
	-0.556799, 0.828593, -0.0583815;
	-0.704984, -0.434226, 0.560755;
	0.439287, 0.353385, 0.825921
]
t: -12.3581  7.30382 -4.60035

Value 183: (gtsam::Pose3)
R: [
	-0.436081, 0.896381, -0.0795959;
	-0.781378, -0.333283, 0.527608;
	0.446409, 0.292274, 0.845751
]
t: -13.2129  6.07768 -3.94454

Value 184: (gtsam::Pose3)
R: [
	-0.244137, 0.960402, -0.134256;
	-0.899666, -0.172642, 0.400993;
	0.361936, 0.218683, 0.90619
]
t: -13.7271  4.86787 -3.18616

Value 185: (gtsam::Pose3)
R: [
	-0.0851692, 0.976821, -0.196383;
	-0.936052, -0.0109092, 0.351693;
	0.341399, 0.213778, 0.915285
]
t:  -14.066  3.27196 -2.55185

Value 186: (gtsam::Pose3)
R: [
	-0.0715954, 0.973206, -0.218504;
	-0.93337, 0.0118745, 0.358719;
	0.351702, 0.229628, 0.907511
]
t: -14.2267  1.61794 -1.95273

Value 187: (gtsam::Pose3)
R: [
	0.115813, 0.964058, -0.239123;
	-0.963914, 0.167182, 0.207171;
	0.239702, 0.206501, 0.948631
]
t: -14.1512 0.286322  -1.4698

Value 188: (gtsam::Pose3)
R: [
	0.350646, 0.907231, -0.232336;
	-0.92471, 0.37466, 0.0673889;
	0.148184, 0.191214, 0.970298
]
t: -14.0794 -1.30465 -1.01867

Value 189: (gtsam::Pose3)
R: [
	0.402651, 0.903375, -0.147599;
	-0.904849, 0.41718, 0.084905;
	0.138276, 0.0993676, 0.985396
]
t:  -13.4262  -2.78794 -0.921743

Value 190: (gtsam::Pose3)
R: [
	0.51824, 0.838971, -0.166;
	-0.846395, 0.530964, 0.0411304;
	0.122647, 0.119187, 0.985268
]
t:  -12.7485  -4.49794 -0.672709

Value 191: (gtsam::Pose3)
R: [
	0.611533, 0.779845, -0.133676;
	-0.783106, 0.620694, 0.0385268;
	0.113017, 0.0811219, 0.990276
]
t:  -11.8875  -6.03045 -0.368072

Value 192: (gtsam::Pose3)
R: [
	0.663526, 0.739586, -0.112902;
	-0.740407, 0.670795, 0.0427981;
	0.107387, 0.0551956, 0.992684
]
t: -10.7143 -7.39783 -0.27379

Value 193: (gtsam::Pose3)
R: [
	0.779503, 0.625041, -0.0412211;
	-0.625763, 0.779988, -0.00629249;
	0.0282189, 0.0306996, 0.99913
]
t:  -9.57259  -8.62454 0.0177751

Value 194: (gtsam::Pose3)
R: [
	0.836108, 0.539301, -0.100391;
	-0.545079, 0.837363, -0.0413738;
	0.0617507, 0.0893138, 0.994087
]
t: -7.96836 -9.73732 0.290368

Value 195: (gtsam::Pose3)
R: [
	0.821231, 0.500567, -0.273884;
	-0.510954, 0.858789, 0.0374998;
	0.25398, 0.109146, 0.961031
]
t: -6.36816  -10.646 0.416595

Value 196: (gtsam::Pose3)
R: [
	0.966728, 0.246577, -0.0680953;
	-0.246669, 0.969073, 0.00718821;
	0.0677617, 0.00984796, 0.997653
]
t:  -4.9705 -11.4725 0.852169

Value 197: (gtsam::Pose3)
R: [
	0.966003, 0.253115, -0.0526481;
	-0.254452, 0.966871, -0.0203579;
	0.045751, 0.0330622, 0.998406
]
t: -3.39249 -12.0253 0.970711

Value 198: (gtsam::Pose3)
R: [
	0.998374, 0.0231722, -0.0520896;
	-0.0255897, 0.998603, -0.0462322;
	0.0509455, 0.0474899, 0.997572
]
t: -1.62323  -12.224 0.924841

Value 199: (gtsam::Pose3)
R: [
	0.999041, 0.00566373, 0.0434059;
	-0.00417824, 0.999405, -0.0342378;
	-0.043574, 0.0340236, 0.998471
]
t: 0.153182 -12.2409 0.853801

Value 200: (gtsam::Pose3)
R: [
	0.982294, -0.161984, 0.0941267;
	0.165482, 0.985739, -0.0305718;
	-0.0878322, 0.0456068, 0.995091
]
t:  2.03074 -11.9699 0.672393

Value 201: (gtsam::Pose3)
R: [
	0.944313, -0.308206, 0.115249;
	0.30343, 0.951126, 0.0573533;
	-0.127293, -0.0191893, 0.991679
]
t:  3.70724 -11.6882 0.513122

Value 202: (gtsam::Pose3)
R: [
	0.893447, -0.423273, 0.150311;
	0.433343, 0.900318, -0.0405041;
	-0.118183, 0.101324, 0.987809
]
t:  5.40405 -10.9707 0.251155

Value 203: (gtsam::Pose3)
R: [
	0.848325, -0.507855, 0.14976;
	0.50831, 0.86033, 0.0381309;
	-0.148208, 0.0437773, 0.987987
]
t:   7.02162  -10.2165 -0.134581

Value 204: (gtsam::Pose3)
R: [
	0.799366, -0.585492, 0.134955;
	0.589368, 0.807753, 0.0134316;
	-0.116874, 0.0688015, 0.990761
]
t:   8.61283  -9.21058 -0.318888

Value 205: (gtsam::Pose3)
R: [
	0.686465, -0.710815, 0.153323;
	0.713822, 0.698925, 0.0442983;
	-0.138649, 0.0790363, 0.987183
]
t:   9.77179  -8.16012 -0.553615

Value 206: (gtsam::Pose3)
R: [
	0.633707, -0.753773, 0.173901;
	0.764015, 0.645087, 0.0120009;
	-0.121227, 0.125258, 0.98469
]
t:   11.0967  -6.77296 -0.757829

Value 207: (gtsam::Pose3)
R: [
	0.476615, -0.83046, 0.288398;
	0.852705, 0.516516, 0.0781354;
	-0.213851, 0.208678, 0.954317
]
t:   12.2941  -5.24923 -0.979825

Value 208: (gtsam::Pose3)
R: [
	0.342463, -0.87621, 0.33908;
	0.913342, 0.395098, 0.0985094;
	-0.220285, 0.27596, 0.935586
]
t:  12.9941 -3.76539 -1.46878

Value 209: (gtsam::Pose3)
R: [
	0.230423, -0.951143, 0.205507;
	0.957119, 0.259635, 0.128505;
	-0.175583, 0.167084, 0.970182
]
t:  13.5495  -2.1013 -1.85834

Value 210: (gtsam::Pose3)
R: [
	0.109501, -0.976947, 0.18326;
	0.983774, 0.132879, 0.120551;
	-0.142123, 0.167086, 0.975645
]
t:   14.0064 -0.378167  -2.25276

Value 211: (gtsam::Pose3)
R: [
	-0.0769158, -0.979401, 0.1867;
	0.968282, -0.0287282, 0.248205;
	-0.237728, 0.199869, 0.950546
]
t:  14.3101  1.34605 -2.53244

Value 212: (gtsam::Pose3)
R: [
	-0.197026, -0.968102, 0.154785;
	0.950854, -0.150226, 0.270756;
	-0.238866, 0.200524, 0.950123
]
t: 14.1561 3.16069 -2.8637

Value 213: (gtsam::Pose3)
R: [
	-0.291375, -0.944892, 0.149265;
	0.894077, -0.213504, 0.393753;
	-0.340185, 0.248185, 0.907016
]
t:   13.768  5.02869 -3.46061

Value 214: (gtsam::Pose3)
R: [
	-0.375691, -0.913275, 0.157432;
	0.809587, -0.240751, 0.535357;
	-0.451027, 0.328584, 0.829824
]
t:  13.2222  6.63972 -4.02614

Value 215: (gtsam::Pose3)
R: [
	-0.522816, -0.852163, 0.0219517;
	0.721975, -0.428958, 0.542906;
	-0.453228, 0.299689, 0.839506
]
t:  12.3612  8.11765 -4.87909

Value 216: (gtsam::Pose3)
R: [
	-0.599571, -0.796444, 0.0786865;
	0.707414, -0.481421, 0.517493;
	-0.374273, 0.365938, 0.852062
]
t:   11.361  9.32569 -5.81138

Value 217: (gtsam::Pose3)
R: [
	-0.694532, -0.71349, 0.0925108;
	0.646222, -0.562128, 0.516148;
	-0.316263, 0.418264, 0.851489
]
t:   10.128  10.5697 -6.49529

Value 218: (gtsam::Pose3)
R: [
	-0.789689, -0.613453, -0.00822394;
	0.507069, -0.660172, 0.554125;
	-0.345358, 0.433416, 0.832393
]
t: 8.64868  11.839 -7.1052

Value 219: (gtsam::Pose3)
R: [
	-0.875859, -0.478004, 0.0662138;
	0.404671, -0.652779, 0.640406;
	-0.262894, 0.5877, 0.765177
]
t:   7.3998  12.8101 -7.69028

Value 220: (gtsam::Pose3)
R: [
	-0.909048, -0.399442, 0.118647;
	0.389867, -0.714814, 0.580555;
	-0.147087, 0.574009, 0.80553
]
t:  5.77568  13.5547 -8.11654

Value 221: (gtsam::Pose3)
R: [
	-0.926832, -0.361194, 0.102578;
	0.351269, -0.737584, 0.576698;
	-0.13264, 0.570535, 0.810492
]
t: 3.86639 14.2782  -8.435

Value 222: (gtsam::Pose3)
R: [
	-0.947752, -0.276308, 0.159437;
	0.318952, -0.811385, 0.48982;
	-0.00597638, 0.515081, 0.857121
]
t:     2.08  14.8001 -8.65111

Value 223: (gtsam::Pose3)
R: [
	-0.991394, -0.0949984, 0.0900775;
	0.128718, -0.83286, 0.538308;
	0.0238836, 0.54527, 0.83792
]
t: 0.241994  15.2426 -8.57632

Value 224: (gtsam::Pose3)
R: [
	-0.996839, 0.0483902, -0.0630073;
	-0.0764615, -0.799681, 0.595536;
	-0.0215676, 0.598471, 0.800854
]
t: -1.92701  15.3869 -8.38312

Value 225: (gtsam::Pose3)
R: [
	-0.956364, 0.215319, -0.197501;
	-0.289001, -0.796546, 0.531029;
	-0.0429778, 0.564935, 0.824015
]
t:  -3.5665  15.3007 -8.57104

Value 226: (gtsam::Pose3)
R: [
	-0.947552, 0.237577, -0.213782;
	-0.31353, -0.820751, 0.477562;
	-0.0620039, 0.519542, 0.852192
]
t: -5.48731  14.7767 -8.63844

Value 227: (gtsam::Pose3)
R: [
	-0.909491, 0.409479, -0.0717876;
	-0.391409, -0.785242, 0.479786;
	0.140091, 0.464459, 0.874444
]
t: -7.29456   14.099 -8.79762

Value 228: (gtsam::Pose3)
R: [
	-0.821923, 0.569077, 0.0243574;
	-0.48375, -0.719983, 0.497605;
	0.300712, 0.39721, 0.867062
]
t: -9.06442  13.2014 -8.45779

Value 229: (gtsam::Pose3)
R: [
	-0.757011, 0.649076, -0.075061;
	-0.571896, -0.602634, 0.556567;
	0.31602, 0.464254, 0.827405
]
t: -10.7292  12.1754 -7.92361

Value 230: (gtsam::Pose3)
R: [
	-0.687316, 0.718711, -0.105128;
	-0.638691, -0.529067, 0.558714;
	0.345935, 0.451157, 0.82267
]
t: -12.2397  10.9552 -7.32764

Value 231: (gtsam::Pose3)
R: [
	-0.590314, 0.807073, 0.0127614;
	-0.637427, -0.475813, 0.606044;
	0.495194, 0.349622, 0.795329
]
t: -13.5787  9.80772 -6.75382

Value 232: (gtsam::Pose3)
R: [
	-0.55596, 0.826126, -0.0917851;
	-0.72053, -0.42393, 0.548743;
	0.414421, 0.371213, 0.830937
]
t: -14.9831  8.49917 -5.69744

Value 233: (gtsam::Pose3)
R: [
	-0.412635, 0.897376, -0.156363;
	-0.811992, -0.284579, 0.509592;
	0.412798, 0.337241, 0.846089
]
t: -15.9442  7.11448 -4.82775

Value 234: (gtsam::Pose3)
R: [
	-0.232683, 0.952836, -0.194841;
	-0.921427, -0.151881, 0.357638;
	0.311178, 0.262748, 0.913308
]
t: -16.6069  5.49409 -4.09131

Value 235: (gtsam::Pose3)
R: [
	-0.101507, 0.974468, -0.200271;
	-0.94261, -0.0298417, 0.332558;
	0.318091, 0.222535, 0.921573
]
t:  -17.104  3.37739 -3.40258

Value 236: (gtsam::Pose3)
R: [
	-0.0206729, 0.969456, -0.244394;
	-0.958989, 0.0498893, 0.279019;
	0.282689, 0.240139, 0.928666
]
t:  -17.219  1.48063 -2.69914

Value 237: (gtsam::Pose3)
R: [
	0.111113, 0.954438, -0.276952;
	-0.950247, 0.183636, 0.251612;
	0.291007, 0.235216, 0.927356
]
t:  -17.0508 -0.481211  -2.09352

Value 238: (gtsam::Pose3)
R: [
	0.304381, 0.92857, -0.21239;
	-0.933681, 0.335001, 0.126547;
	0.188659, 0.159786, 0.968956
]
t: -16.8283 -2.50571 -1.63604

Value 239: (gtsam::Pose3)
R: [
	0.385614, 0.914877, -0.119591;
	-0.905923, 0.400001, 0.138935;
	0.174945, 0.0547653, 0.983054
]
t: -16.2753 -4.30606 -1.33878

Value 240: (gtsam::Pose3)
R: [
	0.500004, 0.850637, -0.162521;
	-0.85819, 0.511862, 0.0388304;
	0.116219, 0.120058, 0.985941
]
t:  -15.2233  -6.28822 -0.971069

Value 241: (gtsam::Pose3)
R: [
	0.581274, 0.790567, -0.192675;
	-0.804141, 0.594307, 0.0125254;
	0.124411, 0.147657, 0.981183
]
t:  -14.3162  -7.95473 -0.730825

Value 242: (gtsam::Pose3)
R: [
	0.740355, 0.649448, -0.17347;
	-0.665272, 0.744887, -0.050569;
	0.0963738, 0.152844, 0.98354
]
t:  -13.0642  -9.49015 -0.609123

Value 243: (gtsam::Pose3)
R: [
	0.815581, 0.556805, -0.157464;
	-0.567412, 0.822924, -0.0289777;
	0.113446, 0.112981, 0.987099
]
t:  -11.4927  -10.8734 -0.325062

Value 244: (gtsam::Pose3)
R: [
	0.84683, 0.497263, -0.188701;
	-0.506922, 0.861985, -0.00340984;
	0.160962, 0.0985445, 0.982029
]
t:   -9.71921   -12.1951 -0.0499701

Value 245: (gtsam::Pose3)
R: [
	0.873517, 0.446843, -0.193133;
	-0.452712, 0.891528, 0.0151247;
	0.178942, 0.074222, 0.981056
]
t:  -7.96143  -13.3441 0.0608481

Value 246: (gtsam::Pose3)
R: [
	0.940949, 0.317491, -0.117533;
	-0.3277, 0.941329, -0.080702;
	0.0850152, 0.114452, 0.989784
]
t: -5.96864  -14.421 0.315573

Value 247: (gtsam::Pose3)
R: [
	0.970047, 0.225466, -0.0904124;
	-0.235798, 0.963417, -0.127383;
	0.0583845, 0.144886, 0.987724
]
t: -3.99119 -14.9062 0.572878

Value 248: (gtsam::Pose3)
R: [
	0.992047, 0.118743, -0.041748;
	-0.125764, 0.948609, -0.290388;
	0.00512114, 0.293329, 0.955998
]
t: -1.84053 -15.3131 0.761054

Value 249: (gtsam::Pose3)
R: [
	0.996071, -0.0474045, 0.0748003;
	0.0584899, 0.986375, -0.153763;
	-0.0664921, 0.157534, 0.985273
]
t: 0.251965 -15.4103 0.679183

Value 250: (gtsam::Pose3)
R: [
	0.96616, -0.227202, 0.122123;
	0.246357, 0.95309, -0.175864;
	-0.0764379, 0.199999, 0.97681
]
t:  2.43384 -15.0511 0.542709

Value 251: (gtsam::Pose3)
R: [
	0.936612, -0.317657, 0.147822;
	0.337037, 0.932132, -0.132424;
	-0.0957242, 0.173851, 0.980109
]
t:   4.6454 -14.5668 0.270761

Value 252: (gtsam::Pose3)
R: [
	0.910261, -0.390159, 0.138568;
	0.410228, 0.895164, -0.174338;
	-0.0560218, 0.215538, 0.974887
]
t:    6.73635   -13.7514 -0.0791417

Value 253: (gtsam::Pose3)
R: [
	0.853076, -0.482329, 0.199049;
	0.504867, 0.859351, -0.0813887;
	-0.131797, 0.169924, 0.976604
]
t:   8.65728  -12.7625 -0.258945

Value 254: (gtsam::Pose3)
R: [
	0.779146, -0.595147, 0.196801;
	0.61439, 0.787323, -0.0514536;
	-0.124323, 0.161002, 0.979092
]
t:   10.3751  -11.5981 -0.698559

Value 255: (gtsam::Pose3)
R: [
	0.708404, -0.679837, 0.1897;
	0.680779, 0.72908, 0.0705784;
	-0.186288, 0.0791456, 0.979302
]
t:   11.9576  -10.2908 -0.903208

Value 256: (gtsam::Pose3)
R: [
	0.550193, -0.79425, 0.257787;
	0.816755, 0.576107, 0.0318116;
	-0.173779, 0.193046, 0.965678
]
t:  13.4546 -8.82801 -1.15924

Value 257: (gtsam::Pose3)
R: [
	0.469866, -0.831732, 0.295715;
	0.855861, 0.511272, 0.0781216;
	-0.216167, 0.216385, 0.952076
]
t:   14.696 -6.81099  -1.7052

Value 258: (gtsam::Pose3)
R: [
	0.391426, -0.884233, 0.254788;
	0.912501, 0.408737, 0.0166484;
	-0.118862, 0.225977, 0.966854
]
t:  15.7773 -4.88157 -2.31153

Value 259: (gtsam::Pose3)
R: [
	0.292491, -0.918408, 0.266413;
	0.940025, 0.32727, 0.0961621;
	-0.175505, 0.222308, 0.95905
]
t:  16.4289 -2.83259 -2.49796

Value 260: (gtsam::Pose3)
R: [
	0.176136, -0.941797, 0.286348;
	0.979519, 0.19652, 0.043838;
	-0.0975595, 0.272762, 0.957122
]
t:   16.9661 -0.716982  -2.85074

Value 261: (gtsam::Pose3)
R: [
	0.0120015, -0.971603, 0.236313;
	0.980891, 0.0573347, 0.185916;
	-0.194186, 0.229566, 0.953725
]
t:  17.2798  1.35508 -3.13926

Value 262: (gtsam::Pose3)
R: [
	-0.139444, -0.965937, 0.217994;
	0.952084, -0.0702691, 0.297654;
	-0.272197, 0.249055, 0.929452
]
t:  17.1717  3.58663 -3.56489

Value 263: (gtsam::Pose3)
R: [
	-0.250687, -0.955253, 0.156996;
	0.889956, -0.163588, 0.425697;
	-0.380965, 0.246436, 0.891142
]
t:  16.6764  5.52414 -4.23415

Value 264: (gtsam::Pose3)
R: [
	-0.482954, -0.848362, 0.216883;
	0.780766, -0.305072, 0.545284;
	-0.396434, 0.432682, 0.809708
]
t:  16.0794  7.44984 -5.00303

Value 265: (gtsam::Pose3)
R: [
	-0.537459, -0.840879, 0.063729;
	0.730498, -0.426484, 0.533371;
	-0.421321, 0.333219, 0.843477
]
t:  14.9539  9.18171 -6.06617

Value 266: (gtsam::Pose3)
R: [
	-0.650142, -0.750785, 0.116776;
	0.675982, -0.501363, 0.540077;
	-0.346934, 0.430065, 0.833475
]
t:  13.7029  10.6886 -7.10792

Value 267: (gtsam::Pose3)
R: [
	-0.755077, -0.643701, 0.124531;
	0.58447, -0.5748, 0.572713;
	-0.297075, 0.505227, 0.810242
]
t:  12.3702  12.2339 -7.84785

Value 268: (gtsam::Pose3)
R: [
	-0.754241, -0.652592, 0.0724198;
	0.546406, -0.562674, 0.620354;
	-0.364089, 0.507467, 0.780971
]
t:  10.6423  13.7023 -8.44835

Value 269: (gtsam::Pose3)
R: [
	-0.817641, -0.573081, 0.0551574;
	0.468267, -0.606228, 0.642817;
	-0.334948, 0.551422, 0.764031
]
t:  8.81131  14.7593 -9.34714

Value 270: (gtsam::Pose3)
R: [
	-0.904815, -0.401567, 0.141611;
	0.399562, -0.68577, 0.608333;
	-0.147174, 0.607012, 0.780946
]
t: 6.99193 15.7055 -9.9569

Value 271: (gtsam::Pose3)
R: [
	-0.956413, -0.283794, 0.0688189;
	0.264582, -0.742417, 0.615478;
	-0.123577, 0.606859, 0.785144
]
t:  4.88093  16.5533 -10.1358

Value 272: (gtsam::Pose3)
R: [
	-0.982662, -0.166805, 0.0809389;
	0.179235, -0.742983, 0.644865;
	-0.0474304, 0.648192, 0.759998
]
t:  2.76275  17.2354 -10.4298

Value 273: (gtsam::Pose3)
R: [
	-0.989352, -0.0849136, 0.118208;
	0.141434, -0.752585, 0.643128;
	0.0343515, 0.652998, 0.75658
]
t: 0.505914  17.6515  -10.421

Value 274: (gtsam::Pose3)
R: [
	-0.998707, 0.0279018, -0.0424932;
	-0.0494297, -0.728188, 0.683593;
	-0.0118696, 0.68481, 0.728625
]
t: -1.99877  17.7653 -10.3453

Value 275: (gtsam::Pose3)
R: [
	-0.971586, 0.196986, -0.131212;
	-0.233114, -0.700465, 0.674542;
	0.040966, 0.685963, 0.726482
]
t: -4.21387  17.6401 -10.2201

Value 276: (gtsam::Pose3)
R: [
	-0.953402, 0.267128, -0.140241;
	-0.295871, -0.736867, 0.607855;
	0.0590358, 0.621024, 0.781565
]
t: -6.55444  17.0592 -10.2908

Value 277: (gtsam::Pose3)
R: [
	-0.898415, 0.424194, -0.113623;
	-0.400699, -0.685969, 0.607361;
	0.179697, 0.59119, 0.786259
]
t: -8.45544  16.3044  -10.134

Value 278: (gtsam::Pose3)
R: [
	-0.871579, 0.463624, -0.159382;
	-0.448258, -0.621977, 0.642035;
	0.198531, 0.631029, 0.749925
]
t: -10.5178  15.0913 -9.62792

Value 279: (gtsam::Pose3)
R: [
	-0.791302, 0.552098, -0.262734;
	-0.579227, -0.539284, 0.611285;
	0.195801, 0.635894, 0.746526
]
t: -12.557 13.9811 -9.1946

Value 280: (gtsam::Pose3)
R: [
	-0.7163, 0.642203, -0.272927;
	-0.641094, -0.451235, 0.620793;
	0.275521, 0.619646, 0.734933
]
t: -14.2746  12.6271 -8.78577

Value 281: (gtsam::Pose3)
R: [
	-0.690676, 0.711599, -0.128814;
	-0.582015, -0.441257, 0.683045;
	0.429214, 0.546735, 0.718927
]
t: -15.8862  11.1626 -7.95529

Value 282: (gtsam::Pose3)
R: [
	-0.49823, 0.842401, -0.205248;
	-0.774145, -0.325596, 0.542851;
	0.39047, 0.429356, 0.814362
]
t: -17.4973    9.668 -6.95559

Value 283: (gtsam::Pose3)
R: [
	-0.378019, 0.860513, -0.341495;
	-0.847281, -0.172902, 0.502216;
	0.373118, 0.479189, 0.794456
]
t: -18.7334  7.92806 -5.85456

Value 284: (gtsam::Pose3)
R: [
	-0.210099, 0.887678, -0.409739;
	-0.925623, -0.0456706, 0.375682;
	0.314772, 0.458194, 0.83125
]
t: -19.4203  5.79616 -4.98312

Value 285: (gtsam::Pose3)
R: [
	-0.109404, 0.942679, -0.315258;
	-0.94769, -0.00324416, 0.319176;
	0.299858, 0.333686, 0.893722
]
t: -19.9025  3.49915 -4.34884

Value 286: (gtsam::Pose3)
R: [
	0.00207105, 0.949914, -0.312503;
	-0.943106, 0.105758, 0.315223;
	0.332485, 0.294071, 0.896089
]
t: -20.0639  1.18647 -3.65554

Value 287: (gtsam::Pose3)
R: [
	0.115554, 0.962263, -0.246368;
	-0.939105, 0.186644, 0.288525;
	0.32362, 0.198025, 0.925233
]
t: -19.9726 -1.13765 -2.95036

Value 288: (gtsam::Pose3)
R: [
	0.266281, 0.928963, -0.257143;
	-0.908449, 0.331044, 0.255208;
	0.322204, 0.165644, 0.932066
]
t: -19.6411 -3.45842 -2.34559

Value 289: (gtsam::Pose3)
R: [
	0.45103, 0.860359, -0.237392;
	-0.877525, 0.476017, 0.0579437;
	0.162855, 0.182183, 0.969684
]
t: -19.0267 -5.60976 -1.64991

Value 290: (gtsam::Pose3)
R: [
	0.485805, 0.852098, -0.194737;
	-0.865146, 0.500511, 0.0318027;
	0.124567, 0.153026, 0.98034
]
t: -17.8081 -7.78998 -1.44927

Value 291: (gtsam::Pose3)
R: [
	0.633781, 0.746178, -0.203813;
	-0.764428, 0.644469, -0.0176186;
	0.118204, 0.166966, 0.978851
]
t: -16.6781 -9.79941 -1.26544

Value 292: (gtsam::Pose3)
R: [
	0.704604, 0.672784, -0.225599;
	-0.702463, 0.706308, -0.0876118;
	0.100398, 0.220206, 0.970273
]
t:  -15.0136  -11.7634 -0.966672

Value 293: (gtsam::Pose3)
R: [
	0.776691, 0.601671, -0.186397;
	-0.615499, 0.78784, -0.0216303;
	0.133837, 0.131527, 0.982236
]
t:  -13.2638  -13.4292 -0.769544

Value 294: (gtsam::Pose3)
R: [
	0.845083, 0.502042, -0.183816;
	-0.517428, 0.854549, -0.0448821;
	0.134547, 0.13304, 0.981936
]
t:  -11.2921  -14.9951 -0.418741

Value 295: (gtsam::Pose3)
R: [
	0.89935, 0.399597, -0.17746;
	-0.417432, 0.905475, -0.0765939;
	0.130078, 0.142962, 0.981143
]
t:  -9.19754  -16.1487 -0.362855

Value 296: (gtsam::Pose3)
R: [
	0.950441, 0.261185, -0.168656;
	-0.288448, 0.943198, -0.16485;
	0.11602, 0.205329, 0.971792
]
t:   -6.91959   -17.1053 -0.0784548

Value 297: (gtsam::Pose3)
R: [
	0.973866, 0.219835, -0.0570656;
	-0.22675, 0.955452, -0.188936;
	0.0129885, 0.196939, 0.98033
]
t: -4.55175 -17.7532 0.054277

Value 298: (gtsam::Pose3)
R: [
	0.997959, 0.0634381, -0.00733316;
	-0.0627179, 0.951994, -0.299622;
	-0.0120264, 0.299471, 0.95403
]
t: -2.08246  -18.312 0.032097

Value 299: (gtsam::Pose3)
R: [
	0.995489, -0.0643521, 0.0697174;
	0.0819762, 0.953339, -0.290559;
	-0.0477663, 0.294963, 0.954314
]
t:  0.315364  -18.3659 0.0914117

Value 300: (gtsam::Pose3)
R: [
	0.976059, -0.164109, 0.142747;
	0.197873, 0.94245, -0.269508;
	-0.0903031, 0.291302, 0.95236
]
t:   3.02343  -18.0332 -0.191887

Value 301: (gtsam::Pose3)
R: [
	0.955613, -0.210355, 0.206289;
	0.260851, 0.929578, -0.260465;
	-0.136971, 0.302714, 0.943188
]
t:   5.44381  -17.3949 -0.378194

Value 302: (gtsam::Pose3)
R: [
	0.924103, -0.357896, 0.133958;
	0.38089, 0.891005, -0.24705;
	-0.0309395, 0.279323, 0.959699
]
t:   7.90702   -16.567 -0.796567

Value 303: (gtsam::Pose3)
R: [
	0.856953, -0.478371, 0.191817;
	0.515206, 0.805183, -0.293671;
	-0.013964, 0.350487, 0.936463
]
t:    10.104    -15.47 -0.906807

Value 304: (gtsam::Pose3)
R: [
	0.762264, -0.600022, 0.24275;
	0.644207, 0.739705, -0.194507;
	-0.062855, 0.304647, 0.950389
]
t:  12.1128 -14.0463 -1.13274

Value 305: (gtsam::Pose3)
R: [
	0.693493, -0.660678, 0.287354;
	0.709185, 0.696287, -0.11064;
	-0.126984, 0.280515, 0.951413
]
t:  14.1161  -12.419 -1.33019

Value 306: (gtsam::Pose3)
R: [
	0.564884, -0.747216, 0.350105;
	0.811021, 0.580983, -0.0685878;
	-0.152155, 0.322686, 0.934196
]
t:  15.8742 -10.5916 -1.85952

Value 307: (gtsam::Pose3)
R: [
	0.501038, -0.791025, 0.351055;
	0.841245, 0.540388, 0.0169902;
	-0.203146, 0.28681, 0.936201
]
t:  17.2217 -8.42421 -2.32168

Value 308: (gtsam::Pose3)
R: [
	0.405824, -0.842159, 0.355071;
	0.893261, 0.447677, 0.0408605;
	-0.193368, 0.300589, 0.933946
]
t:  18.3538 -6.16299 -3.01133

Value 309: (gtsam::Pose3)
R: [
	0.304606, -0.892816, 0.331804;
	0.94984, 0.310646, -0.0360989;
	-0.0708438, 0.326157, 0.942657
]
t:  19.2321 -3.75013 -3.47687

Value 310: (gtsam::Pose3)
R: [
	0.180888, -0.916045, 0.357967;
	0.977353, 0.20807, 0.0385776;
	-0.109821, 0.342881, 0.932937
]
t:  19.8293 -1.23222 -3.65493

Value 311: (gtsam::Pose3)
R: [
	0.0176594, -0.923172, 0.383981;
	0.989798, 0.0704443, 0.123842;
	-0.141377, 0.377877, 0.914998
]
t:  20.3901  1.20137 -3.97308

Value 312: (gtsam::Pose3)
R: [
	-0.230363, -0.890137, 0.393177;
	0.925454, -0.0755166, 0.371258;
	-0.300779, 0.449392, 0.841177
]
t:   20.237   3.6808 -4.37387

Value 313: (gtsam::Pose3)
R: [
	-0.37707, -0.890504, 0.254601;
	0.832489, -0.205386, 0.514567;
	-0.405932, 0.40598, 0.818779
]
t:  19.5566  6.02332 -5.19646

Value 314: (gtsam::Pose3)
R: [
	-0.37481, -0.908008, 0.187189;
	0.842339, -0.249186, 0.477882;
	-0.387275, 0.336791, 0.858248
]
t:  18.4234  8.26291 -6.32997

Value 315: (gtsam::Pose3)
R: [
	-0.557369, -0.821462, 0.12058;
	0.693622, -0.380882, 0.611405;
	-0.45632, 0.424415, 0.782077
]
t:  17.4256  10.4575 -7.23798

Value 316: (gtsam::Pose3)
R: [
	-0.600839, -0.773531, 0.2016;
	0.703761, -0.392273, 0.592319;
	-0.379095, 0.497767, 0.780074
]
t:  15.9841  12.1661 -8.50731

Value 317: (gtsam::Pose3)
R: [
	-0.783066, -0.59793, 0.171135;
	0.544774, -0.526682, 0.652554;
	-0.300048, 0.604223, 0.738164
]
t:  14.4289  13.9557 -9.41952

Value 318: (gtsam::Pose3)
R: [
	-0.785189, -0.610111, 0.106028;
	0.546241, -0.601725, 0.582707;
	-0.291716, 0.515452, 0.805736
]
t:  12.4687  15.4169 -10.1393

Value 319: (gtsam::Pose3)
R: [
	-0.877317, -0.468607, 0.10355;
	0.412327, -0.625606, 0.662272;
	-0.245563, 0.623719, 0.742074
]
t: 10.4836 16.7586  -11.06

Value 320: (gtsam::Pose3)
R: [
	-0.918317, -0.363573, 0.156555;
	0.379708, -0.697283, 0.607962;
	-0.111875, 0.617747, 0.778378
]
t:  8.12537  17.7305 -11.6915

Value 321: (gtsam::Pose3)
R: [
	-0.948969, -0.296117, 0.108498;
	0.294515, -0.709094, 0.640662;
	-0.112775, 0.639923, 0.760119
]
t:  5.69565  18.7808 -12.0949

Value 322: (gtsam::Pose3)
R: [
	-0.980924, -0.179974, 0.0734671;
	0.179033, -0.689184, 0.70212;
	-0.0757312, 0.701879, 0.708259
]
t:  3.29416  19.4688 -12.4463

Value 323: (gtsam::Pose3)
R: [
	-0.992558, -0.0595815, 0.106199;
	0.118014, -0.68563, 0.718321;
	0.0300146, 0.725508, 0.687559
]
t: 0.680561  19.8418 -12.5007

Value 324: (gtsam::Pose3)
R: [
	-0.999015, 0.0439651, 0.00593832;
	-0.0273758, -0.716245, 0.697312;
	0.0349107, 0.696463, 0.716743
]
t: -2.07833  19.9469 -12.4771

Value 325: (gtsam::Pose3)
R: [
	-0.985139, 0.137841, -0.102476;
	-0.168174, -0.652807, 0.73862;
	0.0349148, 0.744877, 0.666287
]
t: -4.85323  19.7097 -12.4199

Value 326: (gtsam::Pose3)
R: [
	-0.953117, 0.229161, -0.197619;
	-0.301024, -0.651425, 0.696441;
	0.0308628, 0.723278, 0.689867
]
t: -7.37116   19.251 -12.2271

Value 327: (gtsam::Pose3)
R: [
	-0.902536, 0.352581, -0.247214;
	-0.420212, -0.595712, 0.684507;
	0.0940754, 0.721675, 0.68581
]
t: -9.91197  18.2435 -12.0286

Value 328: (gtsam::Pose3)
R: [
	-0.850287, 0.442297, -0.28528;
	-0.513375, -0.577507, 0.634769;
	0.116006, 0.686192, 0.718111
]
t: -12.0739  16.9137 -11.6526

Value 329: (gtsam::Pose3)
R: [
	-0.810414, 0.545602, -0.213417;
	-0.541743, -0.559219, 0.627526;
	0.223033, 0.624173, 0.748775
]
t: -14.1932  15.4563 -11.2543

Value 330: (gtsam::Pose3)
R: [
	-0.748305, 0.65396, -0.111242;
	-0.554316, -0.524332, 0.646382;
	0.36438, 0.545355, 0.754861
]
t: -16.1682  13.8236 -10.6068

Value 331: (gtsam::Pose3)
R: [
	-0.650919, 0.758434, -0.0329036;
	-0.590182, -0.478305, 0.650315;
	0.477483, 0.442721, 0.758952
]
t:  -18.152  12.1713 -9.71535

Value 332: (gtsam::Pose3)
R: [
	-0.466246, 0.848491, -0.250354;
	-0.804337, -0.288764, 0.519286;
	0.368316, 0.443484, 0.817108
]
t: -19.8926  10.5845 -8.31275

Value 333: (gtsam::Pose3)
R: [
	-0.394489, 0.869059, -0.29852;
	-0.849586, -0.221169, 0.478841;
	0.350118, 0.442516, 0.825589
]
t: -21.1191  8.38192 -7.34381

Value 334: (gtsam::Pose3)
R: [
	-0.219172, 0.889591, -0.400739;
	-0.922968, -0.055854, 0.380801;
	0.316374, 0.453331, 0.833306
]
t: -22.0738   5.9947 -6.40831

Value 335: (gtsam::Pose3)
R: [
	-0.147211, 0.933188, -0.327855;
	-0.929033, -0.0166983, 0.36962;
	0.33945, 0.359, 0.869421
]
t: -22.6306  3.31597 -5.42331

Value 336: (gtsam::Pose3)
R: [
	-0.0136785, 0.94888, -0.315341;
	-0.951701, 0.0843848, 0.295201;
	0.30672, 0.304148, 0.901896
]
t: -22.9276 0.826423 -4.55687

Value 337: (gtsam::Pose3)
R: [
	0.099269, 0.949563, -0.29745;
	-0.960162, 0.169881, 0.221879;
	0.261219, 0.263574, 0.928597
]
t:  -22.824 -1.68798 -3.73235

Value 338: (gtsam::Pose3)
R: [
	0.269391, 0.915142, -0.299904;
	-0.929589, 0.32846, 0.167267;
	0.25158, 0.233728, 0.939191
]
t: -22.4053 -4.42196 -2.91827

Value 339: (gtsam::Pose3)
R: [
	0.345728, 0.883489, -0.316098;
	-0.925161, 0.377201, 0.0423867;
	0.156681, 0.277788, 0.947779
]
t:  -21.608 -7.07668 -2.23759

Value 340: (gtsam::Pose3)
R: [
	0.479, 0.825071, -0.299695;
	-0.86674, 0.498599, -0.0126431;
	0.138996, 0.265814, 0.953951
]
t: -20.4983 -9.50865 -1.95422

Value 341: (gtsam::Pose3)
R: [
	0.628723, 0.746674, -0.217223;
	-0.774171, 0.627326, -0.0843893;
	0.0732584, 0.221225, 0.972467
]
t: -19.0384 -11.7707 -1.74975

Value 342: (gtsam::Pose3)
R: [
	0.689217, 0.673592, -0.266935;
	-0.71258, 0.696853, -0.0813982;
	0.131186, 0.246314, 0.960271
]
t: -17.2151 -13.8239 -1.55386

Value 343: (gtsam::Pose3)
R: [
	0.730716, 0.642924, -0.229572;
	-0.679133, 0.718827, -0.148549;
	0.0695168, 0.264457, 0.961889
]
t: -15.1003 -15.8214 -1.33798

Value 344: (gtsam::Pose3)
R: [
	0.840677, 0.494881, -0.2199;
	-0.534773, 0.822633, -0.193113;
	0.0853289, 0.279942, 0.956217
]
t:  -12.8737  -17.5768 -0.975255

Value 345: (gtsam::Pose3)
R: [
	0.911828, 0.387534, -0.135597;
	-0.408806, 0.887559, -0.212409;
	0.0380345, 0.249113, 0.967727
]
t:  -10.4419  -18.8962 -0.852923

Value 346: (gtsam::Pose3)
R: [
	0.947091, 0.289309, -0.138994;
	-0.317871, 0.905442, -0.281307;
	0.0444664, 0.310605, 0.949498
]
t:  -7.86049  -19.9367 -0.883983

Value 347: (gtsam::Pose3)
R: [
	0.987152, 0.159345, -0.0118386;
	-0.155304, 0.939413, -0.305586;
	-0.0375724, 0.303499, 0.952091
]
t:   -5.1926  -20.7176 -0.762313

Value 348: (gtsam::Pose3)
R: [
	0.99447, 0.0973983, 0.0392683;
	-0.0783909, 0.937306, -0.339577;
	-0.0698806, 0.334621, 0.939758
]
t:  -2.16547  -21.0484 -0.780003

Value 349: (gtsam::Pose3)
R: [
	0.992414, -0.0739022, 0.098254;
	0.105305, 0.923413, -0.369079;
	-0.0634533, 0.376625, 0.92419
]
t:  0.592251  -21.1687 -0.957033

Value 350: (gtsam::Pose3)
R: [
	0.97425, -0.17122, 0.146696;
	0.210084, 0.925577, -0.314917;
	-0.0818585, 0.337626, 0.937714
]
t:  3.44898 -20.8343 -1.18492

Value 351: (gtsam::Pose3)
R: [
	0.945931, -0.244136, 0.213568;
	0.29404, 0.923375, -0.246817;
	-0.136947, 0.29627, 0.945235
]
t:  6.30508 -20.2405 -1.40053

Value 352: (gtsam::Pose3)
R: [
	0.909979, -0.361886, 0.202425;
	0.406106, 0.87642, -0.258779;
	-0.0837611, 0.31769, 0.944488
]
t:  8.94087 -19.3074 -1.76389

Value 353: (gtsam::Pose3)
R: [
	0.841191, -0.460702, 0.283112;
	0.533375, 0.793033, -0.294295;
	-0.0889344, 0.398563, 0.912819
]
t:  11.5167 -18.0188 -1.82443

Value 354: (gtsam::Pose3)
R: [
	0.801564, -0.542918, 0.250471;
	0.594562, 0.768033, -0.237953;
	-0.0631804, 0.339655, 0.938426
]
t:  13.9663 -16.2517 -2.26377

Value 355: (gtsam::Pose3)
R: [
	0.642393, -0.655025, 0.397836;
	0.750317, 0.643264, -0.152435;
	-0.156065, 0.396426, 0.904704
]
t:  16.1952 -14.5727 -2.34326

Value 356: (gtsam::Pose3)
R: [
	0.617005, -0.695186, 0.368811;
	0.778021, 0.609295, -0.153113;
	-0.118273, 0.381414, 0.916807
]
t:  18.0551 -12.4038 -2.87423

Value 357: (gtsam::Pose3)
R: [
	0.479024, -0.796909, 0.368066;
	0.868903, 0.490026, -0.0698763;
	-0.124677, 0.353286, 0.92717
]
t:   19.685  -9.9809 -3.44663

Value 358: (gtsam::Pose3)
R: [
	0.419661, -0.805033, 0.419292;
	0.893131, 0.448615, -0.0325856;
	-0.161868, 0.388158, 0.907266
]
t:  20.9608 -7.37537 -3.87598

Value 359: (gtsam::Pose3)
R: [
	0.270317, -0.884814, 0.379516;
	0.951398, 0.305905, 0.035545;
	-0.147547, 0.351462, 0.924502
]
t:    21.89 -4.68884 -4.38232

Value 360: (gtsam::Pose3)
R: [
	0.131609, -0.89837, 0.419059;
	0.979765, 0.182189, 0.0828712;
	-0.150797, 0.399673, 0.904169
]
t:  22.7589 -1.95878 -4.77483

Value 361: (gtsam::Pose3)
R: [
	0.00196031, -0.903492, 0.428601;
	0.98209, 0.0824888, 0.169394;
	-0.188401, 0.420593, 0.887472
]
t:  23.0573  0.94132 -5.19266

Value 362: (gtsam::Pose3)
R: [
	-0.118176, -0.912462, 0.391723;
	0.953787, 0.00544988, 0.300436;
	-0.276271, 0.409125, 0.86965
]
t:  22.8316  3.78878 -5.77555

Value 363: (gtsam::Pose3)
R: [
	-0.30995, -0.869516, 0.384543;
	0.920797, -0.173807, 0.349176;
	-0.236778, 0.462313, 0.854519
]
t:  22.4311  6.32761 -6.60531

Value 364: (gtsam::Pose3)
R: [
	-0.452529, -0.816993, 0.357406;
	0.807364, -0.205176, 0.553232;
	-0.378656, 0.53891, 0.752459
]
t:  21.4961  9.12424 -7.50224

Value 365: (gtsam::Pose3)
R: [
	-0.537227, -0.830346, 0.148031;
	0.670351, -0.313837, 0.672411;
	-0.511876, 0.46047, 0.725225
]
t:  19.8969  11.4572 -8.65411

Value 366: (gtsam::Pose3)
R: [
	-0.623581, -0.742038, 0.246022;
	0.672357, -0.348505, 0.653054;
	-0.398851, 0.572647, 0.716236
]
t:  18.3207   13.409 -10.1274

Value 367: (gtsam::Pose3)
R: [
	-0.707652, -0.642984, 0.292915;
	0.649463, -0.428674, 0.628042;
	-0.278256, 0.634673, 0.720947
]
t:  16.3249  15.4144 -11.1451

Value 368: (gtsam::Pose3)
R: [
	-0.792925, -0.598123, 0.11627;
	0.49824, -0.526615, 0.688791;
	-0.350752, 0.60409, 0.715575
]
t:  14.2126  17.3594 -12.0459

Value 369: (gtsam::Pose3)
R: [
	-0.85512, -0.512752, 0.0765158;
	0.422075, -0.602864, 0.677058;
	-0.301034, 0.611261, 0.731941
]
t:  11.9195  18.6481 -12.7917

Value 370: (gtsam::Pose3)
R: [
	-0.907435, -0.41399, 0.0719295;
	0.349367, -0.648238, 0.676558;
	-0.23346, 0.639062, 0.732868
]
t:  9.30056  19.8729 -13.6499

Value 371: (gtsam::Pose3)
R: [
	-0.954558, -0.276277, 0.111762;
	0.28196, -0.715726, 0.638932;
	-0.0965313, 0.64141, 0.761101
]
t:  6.54528  20.8137 -14.1513

Value 372: (gtsam::Pose3)
R: [
	-0.985279, -0.141452, 0.096006;
	0.170883, -0.798481, 0.577259;
	-0.00499546, 0.585167, 0.810898
]
t:  3.69808  21.2458 -14.5487

Value 373: (gtsam::Pose3)
R: [
	-0.99303, -0.00587672, 0.117714;
	0.0896139, -0.686369, 0.721711;
	0.0765542, 0.727229, 0.682112
]
t:  0.69802  21.8466 -14.6908

Value 374: (gtsam::Pose3)
R: [
	-0.995854, 0.0147228, -0.0897714;
	-0.0795632, -0.619408, 0.781027;
	-0.0441063, 0.784931, 0.618011
]
t: -2.40225  22.0879 -14.5605

Value 375: (gtsam::Pose3)
R: [
	-0.986439, 0.136769, -0.0907344;
	-0.154922, -0.593325, 0.789914;
	0.0542011, 0.793259, 0.606468
]
t: -5.23081  21.7552 -14.6934

Value 376: (gtsam::Pose3)
R: [
	-0.927662, 0.282306, -0.244432;
	-0.365813, -0.555566, 0.746678;
	0.0749932, 0.782081, 0.618648
]
t: -8.19593   21.191 -14.5232

Value 377: (gtsam::Pose3)
R: [
	-0.871799, 0.415976, -0.25871;
	-0.463092, -0.527641, 0.712138;
	0.159727, 0.740648, 0.652632
]
t:  -10.898   20.037 -14.2233

Value 378: (gtsam::Pose3)
R: [
	-0.827912, 0.51101, -0.231152;
	-0.510565, -0.516105, 0.68772;
	0.232133, 0.687389, 0.688193
]
t: -13.4925   18.753 -13.8421

Value 379: (gtsam::Pose3)
R: [
	-0.774034, 0.590354, -0.228811;
	-0.551322, -0.450759, 0.70204;
	0.311314, 0.669551, 0.674378
]
t: -15.9732  17.1496 -13.1661

Value 380: (gtsam::Pose3)
R: [
	-0.700161, 0.67078, -0.244601;
	-0.614456, -0.391624, 0.68489;
	0.363618, 0.629829, 0.686365
]
t: -18.3312  15.4237   -12.27

Value 381: (gtsam::Pose3)
R: [
	-0.635674, 0.737292, -0.228734;
	-0.64499, -0.344465, 0.682153;
	0.424154, 0.581158, 0.694513
]
t: -20.4543  13.5547 -11.0948

Value 382: (gtsam::Pose3)
R: [
	-0.47303, 0.794324, -0.381172;
	-0.806293, -0.215887, 0.550713;
	0.355155, 0.56784, 0.742578
]
t: -22.3852  11.4985 -9.78105

Value 383: (gtsam::Pose3)
R: [
	-0.404108, 0.835863, -0.371524;
	-0.834249, -0.170218, 0.524456;
	0.375133, 0.52188, 0.766105
]
t: -23.7661  8.98838 -8.73051

Value 384: (gtsam::Pose3)
R: [
	-0.23055, 0.867452, -0.440879;
	-0.8952, -0.0114932, 0.445516;
	0.381397, 0.497389, 0.779193
]
t: -24.7926   6.2727 -7.78257

Value 385: (gtsam::Pose3)
R: [
	-0.142646, 0.914484, -0.378644;
	-0.932701, 0.00383184, 0.360631;
	0.331242, 0.404605, 0.852393
]
t: -25.3506  3.39816 -6.59877

Value 386: (gtsam::Pose3)
R: [
	-0.0432542, 0.923578, -0.380962;
	-0.956986, 0.0711983, 0.281264;
	0.286893, 0.376741, 0.880772
]
t:  -25.715 0.484425 -5.62823

Value 387: (gtsam::Pose3)
R: [
	0.108844, 0.90865, -0.403123;
	-0.946646, 0.218495, 0.236898;
	0.303338, 0.35583, 0.883952
]
t: -25.7868 -2.37214 -4.78228

Value 388: (gtsam::Pose3)
R: [
	0.259118, 0.879458, -0.399264;
	-0.929671, 0.33918, 0.143765;
	0.261858, 0.333932, 0.905494
]
t: -25.2182  -5.3343 -3.83128

Value 389: (gtsam::Pose3)
R: [
	0.422167, 0.843765, -0.331413;
	-0.898557, 0.437838, -0.029899;
	0.119877, 0.310416, 0.943012
]
t: -24.3966 -8.15585 -3.21338

Value 390: (gtsam::Pose3)
R: [
	0.474593, 0.794276, -0.379324;
	-0.861479, 0.507571, -0.0150292;
	0.180597, 0.333913, 0.925142
]
t: -22.9357 -11.0716 -2.91743

Value 391: (gtsam::Pose3)
R: [
	0.617332, 0.714643, -0.328918;
	-0.781376, 0.60556, -0.150826;
	0.0913928, 0.350118, 0.932236
]
t: -21.2665 -13.6546 -2.55555

Value 392: (gtsam::Pose3)
R: [
	0.695069, 0.656339, -0.293426;
	-0.715412, 0.671831, -0.19191;
	0.0711749, 0.34331, 0.936521
]
t: -19.2384 -15.9123 -2.39004

Value 393: (gtsam::Pose3)
R: [
	0.744506, 0.611618, -0.267647;
	-0.665895, 0.709065, -0.231971;
	0.0479013, 0.350928, 0.935176
]
t: -16.8657 -18.0528 -2.15129

Value 394: (gtsam::Pose3)
R: [
	0.84269, 0.474458, -0.254485;
	-0.534437, 0.794382, -0.288677;
	0.0651932, 0.379271, 0.922986
]
t: -14.3261 -20.1397  -1.9841

Value 395: (gtsam::Pose3)
R: [
	0.916901, 0.36906, -0.151947;
	-0.399081, 0.852753, -0.336967;
	0.00521167, 0.369604, 0.929175
]
t: -11.6489 -21.6177 -1.80439

Value 396: (gtsam::Pose3)
R: [
	0.956189, 0.282591, -0.0764462;
	-0.291101, 0.890156, -0.350546;
	-0.0310122, 0.357442, 0.93342
]
t: -8.76695 -22.6583 -1.92422

Value 397: (gtsam::Pose3)
R: [
	0.988205, 0.152608, -0.0127032;
	-0.146902, 0.921286, -0.360071;
	-0.0432464, 0.35769, 0.932838
]
t: -5.61448 -23.5785 -1.92239

Value 398: (gtsam::Pose3)
R: [
	0.998643, 0.0433669, -0.028821;
	-0.0508376, 0.931761, -0.359495;
	0.0112641, 0.360472, 0.932702
]
t: -2.46208  -23.924 -1.94897

Value 399: (gtsam::Pose3)
R: [
	0.999387, 0.00159936, 0.0349632;
	0.0126392, 0.915053, -0.403137;
	-0.032638, 0.403331, 0.914472
]
t: 0.794438  -23.953 -2.00312

Value 400: (gtsam::Pose3)
R: [
	0.975213, -0.17295, 0.138015;
	0.216598, 0.873645, -0.435695;
	-0.0452229, 0.454789, 0.88945
]
t:  3.96845  -23.786 -2.21262

Value 401: (gtsam::Pose3)
R: [
	0.958, -0.195118, 0.210154;
	0.261831, 0.894046, -0.363491;
	-0.116963, 0.403249, 0.907584
]
t:  7.07645 -23.0547 -2.53968

Value 402: (gtsam::Pose3)
R: [
	0.904257, -0.356762, 0.234604;
	0.423476, 0.819646, -0.385809;
	-0.0546504, 0.44822, 0.892251
]
t:  9.97257 -21.9991 -2.98517

Value 403: (gtsam::Pose3)
R: [
	0.83524, -0.49622, 0.236937;
	0.549691, 0.742011, -0.383744;
	0.0146115, 0.450761, 0.892525
]
t:  12.8577 -20.5755 -3.23979

Value 404: (gtsam::Pose3)
R: [
	0.805609, -0.53808, 0.247922;
	0.590748, 0.697901, -0.404907;
	0.0448471, 0.472656, 0.880105
]
t:  15.5288 -18.7303  -3.2951

Value 405: (gtsam::Pose3)
R: [
	0.666537, -0.581458, 0.466515;
	0.728551, 0.640667, -0.242404;
	-0.157933, 0.501451, 0.850649
]
t:   18.053 -16.6135 -3.39501

Value 406: (gtsam::Pose3)
R: [
	0.583513, -0.641364, 0.498162;
	0.783766, 0.605384, -0.138642;
	-0.212659, 0.471342, 0.855928
]
t:  20.2104 -14.2124 -4.10928

Value 407: (gtsam::Pose3)
R: [
	0.462268, -0.752926, 0.468413;
	0.880516, 0.452233, -0.142047;
	-0.104882, 0.478109, 0.872016
]
t:  22.0888 -11.5745 -4.76438

Value 408: (gtsam::Pose3)
R: [
	0.415711, -0.787091, 0.455711;
	0.892384, 0.449734, -0.0372888;
	-0.175599, 0.42217, 0.889347
]
t:  23.4329 -8.64364 -5.05758

Value 409: (gtsam::Pose3)
R: [
	0.294622, -0.82515, 0.482002;
	0.943975, 0.329784, -0.0124366;
	-0.148694, 0.458662, 0.876082
]
t:  24.6911 -5.68014 -5.56623

Value 410: (gtsam::Pose3)
R: [
	0.133686, -0.848141, 0.512625;
	0.9824, 0.181506, 0.044104;
	-0.130451, 0.497707, 0.857479
]
t:  25.3632 -2.67383 -5.99536

Value 411: (gtsam::Pose3)
R: [
	0.00611607, -0.849289, 0.527893;
	0.984262, 0.0983481, 0.146822;
	-0.176611, 0.518687, 0.836524
]
t:  25.7464 0.601366 -6.48946

Value 412: (gtsam::Pose3)
R: [
	-0.128793, -0.889003, 0.439415;
	0.957159, 0.00443993, 0.289527;
	-0.259342, 0.457879, 0.850346
]
t: 25.6624  3.8382 -7.2189

Value 413: (gtsam::Pose3)
R: [
	-0.290593, -0.882818, 0.369037;
	0.895552, -0.115115, 0.429808;
	-0.336961, 0.455391, 0.824061
]
t:   25.073  6.84611 -8.06898

Value 414: (gtsam::Pose3)
R: [
	-0.448908, -0.835717, 0.316322;
	0.80922, -0.23006, 0.540588;
	-0.379005, 0.498648, 0.779554
]
t:  24.0624  9.78092 -9.14238

Value 415: (gtsam::Pose3)
R: [
	-0.574781, -0.782894, 0.238127;
	0.678853, -0.293703, 0.672976;
	-0.45693, 0.548467, 0.700285
]
t:  22.5833  12.2741 -10.3517

Value 416: (gtsam::Pose3)
R: [
	-0.623396, -0.731617, 0.275889;
	0.704718, -0.372856, 0.603615;
	-0.338748, 0.570715, 0.74802
]
t:  20.5457  14.4474 -11.9112

Value 417: (gtsam::Pose3)
R: [
	-0.676984, -0.672783, 0.298423;
	0.682413, -0.421902, 0.596919;
	-0.275691, 0.607752, 0.744736
]
t:  18.4544  16.7058 -13.0419

Value 418: (gtsam::Pose3)
R: [
	-0.801643, -0.557709, 0.215242;
	0.521348, -0.47605, 0.708218;
	-0.292513, 0.679954, 0.672383
]
t:  16.1606  18.8223 -13.9434

Value 419: (gtsam::Pose3)
R: [
	-0.860846, -0.484323, 0.156127;
	0.453008, -0.589633, 0.668668;
	-0.231794, 0.646346, 0.726986
]
t:  13.4893  20.3747 -14.7714

Value 420: (gtsam::Pose3)
R: [
	-0.912261, -0.390272, 0.124368;
	0.356301, -0.606295, 0.710954;
	-0.202062, 0.692888, 0.692154
]
t:  10.6496  21.8142 -15.6617

Value 421: (gtsam::Pose3)
R: [
	-0.945865, -0.283316, 0.158341;
	0.310356, -0.646774, 0.69668;
	-0.0949705, 0.708107, 0.699689
]
t:  7.62843  22.9181 -16.2398

Value 422: (gtsam::Pose3)
R: [
	-0.988522, -0.15064, 0.0115252;
	0.107334, -0.646559, 0.755275;
	-0.106323, 0.747843, 0.655306
]
t:  4.28305  23.6804 -16.5312

Value 423: (gtsam::Pose3)
R: [
	-0.999912, -0.0117019, -0.00628419;
	0.00165094, -0.578942, 0.815367;
	-0.0131795, 0.815285, 0.57891
]
t: 0.775095  23.9788 -17.0237

Value 424: (gtsam::Pose3)
R: [
	-0.993129, 0.0472057, -0.107077;
	-0.113916, -0.599373, 0.792323;
	-0.0267769, 0.799077, 0.600632
]
t: -2.58128  23.7758 -17.0066

Value 425: (gtsam::Pose3)
R: [
	-0.984424, 0.165762, -0.0585792;
	-0.14374, -0.567014, 0.811069;
	0.101229, 0.806857, 0.582009
]
t: -5.80986  23.4166 -17.0822

Value 426: (gtsam::Pose3)
R: [
	-0.945611, 0.281206, -0.163533;
	-0.300769, -0.564275, 0.768851;
	0.123928, 0.77622, 0.618162
]
t: -9.08193  22.8386 -16.8955

Value 427: (gtsam::Pose3)
R: [
	-0.900649, 0.377857, -0.214604;
	-0.400963, -0.532256, 0.745608;
	0.167509, 0.75758, 0.630883
]
t: -12.1013  21.6246  -16.553

Value 428: (gtsam::Pose3)
R: [
	-0.855969, 0.481639, -0.18799;
	-0.452513, -0.522006, 0.723009;
	0.250097, 0.703941, 0.664769
]
t: -15.0138  19.9765  -16.048

Value 429: (gtsam::Pose3)
R: [
	-0.813358, 0.549245, -0.191775;
	-0.49521, -0.480651, 0.7237;
	0.305312, 0.683596, 0.662933
]
t:  -17.834  18.4155 -15.3757

Value 430: (gtsam::Pose3)
R: [
	-0.720624, 0.660389, -0.211158;
	-0.562429, -0.378707, 0.735021;
	0.405433, 0.648435, 0.644327
]
t: -20.4672  16.6281 -14.3711

Value 431: (gtsam::Pose3)
R: [
	-0.662713, 0.685747, -0.300937;
	-0.654034, -0.33426, 0.678609;
	0.364762, 0.646546, 0.67002
]
t: -22.8223  14.4814 -13.0171

Value 432: (gtsam::Pose3)
R: [
	-0.507064, 0.775146, -0.376876;
	-0.789286, -0.241921, 0.56436;
	0.346286, 0.583629, 0.734481
]
t: -24.8968  12.1597 -11.7224

Value 433: (gtsam::Pose3)
R: [
	-0.401136, 0.825358, -0.397333;
	-0.858535, -0.187514, 0.477239;
	0.319387, 0.532562, 0.783817
]
t: -26.3214  9.28165 -10.4713

Value 434: (gtsam::Pose3)
R: [
	-0.257161, 0.859792, -0.441164;
	-0.887435, -0.0294031, 0.459995;
	0.382528, 0.509797, 0.770571
]
t: -27.5042  6.30431 -9.31153

Value 435: (gtsam::Pose3)
R: [
	-0.13989, 0.903528, -0.405054;
	-0.918385, 0.0345214, 0.39418;
	0.370136, 0.427137, 0.824957
]
t: -28.1576  3.29931 -8.11839

Value 436: (gtsam::Pose3)
R: [
	-0.0371674, 0.914932, -0.401893;
	-0.950692, 0.0915411, 0.29632;
	0.307902, 0.393089, 0.866416
]
t:  -28.5005 0.0415738  -6.70702

Value 437: (gtsam::Pose3)
R: [
	0.103943, 0.92211, -0.372706;
	-0.955219, 0.196937, 0.220843;
	0.277042, 0.33306, 0.901287
]
t: -28.4858 -3.12959  -5.7886

Value 438: (gtsam::Pose3)
R: [
	0.268713, 0.906242, -0.326373;
	-0.941895, 0.318125, 0.107849;
	0.201564, 0.278428, 0.939068
]
t: -27.8707 -6.43783 -4.93623

Value 439: (gtsam::Pose3)
R: [
	0.432142, 0.833611, -0.344014;
	-0.889733, 0.456326, -0.011897;
	0.147065, 0.311222, 0.938889
]
t: -27.0218  -9.5572 -4.40037

Value 440: (gtsam::Pose3)
R: [
	0.534998, 0.773564, -0.33967;
	-0.832558, 0.551067, -0.0563255;
	0.143609, 0.312929, 0.938857
]
t: -25.3118 -12.6594 -4.06413

Value 441: (gtsam::Pose3)
R: [
	0.634731, 0.690018, -0.347839;
	-0.765955, 0.621308, -0.165195;
	0.102128, 0.371284, 0.922886
]
t: -23.5066  -15.531 -3.67781

Value 442: (gtsam::Pose3)
R: [
	0.73, 0.565495, -0.383818;
	-0.66874, 0.706894, -0.230408;
	0.141024, 0.424873, 0.894201
]
t: -21.3154 -17.9531 -3.40746

Value 443: (gtsam::Pose3)
R: [
	0.74641, 0.593801, -0.300453;
	-0.662799, 0.703848, -0.255528;
	0.0597402, 0.389869, 0.918931
]
t: -18.6291 -20.2964 -3.25877

Value 444: (gtsam::Pose3)
R: [
	0.845798, 0.470397, -0.2517;
	-0.532723, 0.770168, -0.35078;
	0.0288455, 0.430776, 0.901998
]
t: -15.8038 -22.6125 -3.14332

Value 445: (gtsam::Pose3)
R: [
	0.93033, 0.317741, -0.183101;
	-0.365871, 0.838206, -0.404412;
	0.0249781, 0.443228, 0.896061
]
t: -12.8771 -24.2746 -3.10407

Value 446: (gtsam::Pose3)
R: [
	0.961118, 0.259523, -0.0943401;
	-0.275658, 0.88156, -0.383229;
	-0.0162904, 0.394333, 0.918823
]
t: -9.56479  -25.432 -3.01212

Value 447: (gtsam::Pose3)
R: [
	0.981189, 0.17306, -0.0855516;
	-0.193049, 0.877336, -0.439333;
	-0.000973327, 0.447584, 0.894241
]
t:  -6.1275 -26.3743  -3.0965

Value 448: (gtsam::Pose3)
R: [
	0.997904, 0.0647054, 0.00105972;
	-0.0573683, 0.89209, -0.448201;
	-0.0299464, 0.447201, 0.893932
]
t: -2.74576 -26.8592 -3.09138

Value 449: (gtsam::Pose3)
R: [
	0.996144, -0.0183932, 0.0857824;
	0.0538961, 0.899815, -0.43293;
	-0.0692253, 0.435884, 0.897336
]
t: 0.758586 -26.7984 -3.27187

Value 450: (gtsam::Pose3)
R: [
	0.967516, -0.127799, 0.218129;
	0.215274, 0.868864, -0.445795;
	-0.132552, 0.478271, 0.868151
]
t:  4.32723 -26.4828  -3.5994

Value 451: (gtsam::Pose3)
R: [
	0.955822, -0.183422, 0.229697;
	0.269893, 0.857215, -0.438566;
	-0.116457, 0.481184, 0.868849
]
t:  7.61493 -25.6739  -3.9113

Value 452: (gtsam::Pose3)
R: [
	0.909696, -0.337806, 0.241539;
	0.413213, 0.794212, -0.445513;
	-0.0413364, 0.505089, 0.862077
]
t:  11.0466 -24.4524 -4.40407

Value 453: (gtsam::Pose3)
R: [
	0.847487, -0.453789, 0.275393;
	0.530771, 0.731206, -0.428509;
	-0.00691629, 0.509327, 0.860546
]
t:  14.2752 -22.8832   -4.568

Value 454: (gtsam::Pose3)
R: [
	0.741449, -0.547626, 0.387762;
	0.668178, 0.65559, -0.351766;
	-0.0615772, 0.51991, 0.851998
]
t:  17.0856 -20.8826 -4.71277

Value 455: (gtsam::Pose3)
R: [
	0.761337, -0.461138, 0.455761;
	0.616991, 0.731292, -0.290747;
	-0.19922, 0.502557, 0.841278
]
t:  19.7035  -18.418 -4.91577

Value 456: (gtsam::Pose3)
R: [
	0.61116, -0.610199, 0.504123;
	0.777576, 0.581844, -0.238399;
	-0.14785, 0.537694, 0.830076
]
t:  22.2174 -16.1231 -5.62306

Value 457: (gtsam::Pose3)
R: [
	0.476461, -0.711482, 0.516505;
	0.871002, 0.461996, -0.167078;
	-0.11975, 0.529483, 0.839826
]
t:  24.2155 -12.9828  -6.3477

Value 458: (gtsam::Pose3)
R: [
	0.435663, -0.742718, 0.508496;
	0.889421, 0.442016, -0.116411;
	-0.138303, 0.502983, 0.853159
]
t:  25.7219 -9.88163 -6.67303

Value 459: (gtsam::Pose3)
R: [
	0.291872, -0.794233, 0.532921;
	0.946159, 0.321301, -0.0393492;
	-0.139975, 0.515713, 0.84525
]
t:   27.253 -6.69967 -7.05526

Value 460: (gtsam::Pose3)
R: [
	0.100791, -0.834777, 0.541284;
	0.990956, 0.132673, 0.0200875;
	-0.0885821, 0.534364, 0.8406
]
t:  28.0593 -3.19813 -7.75946

Value 461: (gtsam::Pose3)
R: [
	0.133387, -0.833447, 0.536259;
	0.964764, 0.233024, 0.122192;
	-0.226801, 0.501065, 0.835162
]
t:  28.1591  0.23636 -8.04248

Value 462: (gtsam::Pose3)
R: [
	-0.115683, -0.852807, 0.509253;
	0.976572, -0.00399377, 0.215152;
	-0.181449, 0.522211, 0.83329
]
t:  28.3706  3.72849 -8.88982

Value 463: (gtsam::Pose3)
R: [
	-0.253032, -0.850228, 0.461614;
	0.932938, -0.0881177, 0.349087;
	-0.256127, 0.518988, 0.815506
]
t:  27.7575  7.17753 -9.58815

Value 464: (gtsam::Pose3)
R: [
	-0.462633, -0.793115, 0.396155;
	0.827132, -0.225301, 0.514872;
	-0.319099, 0.565869, 0.760242
]
t:   26.609  10.3435 -10.6602

Value 465: (gtsam::Pose3)
R: [
	-0.597528, -0.745605, 0.295015;
	0.691542, -0.292953, 0.660264;
	-0.405871, 0.598541, 0.690664
]
t:  24.7875  13.1876 -11.9448

Value 466: (gtsam::Pose3)
R: [
	-0.579156, -0.7521, 0.314521;
	0.714973, -0.283258, 0.639201;
	-0.391653, 0.595072, 0.701782
]
t:  22.6365  15.4894 -13.6462

Value 467: (gtsam::Pose3)
R: [
	-0.646519, -0.692051, 0.32106;
	0.687446, -0.345991, 0.63852;
	-0.330804, 0.633527, 0.699437
]
t:  20.4104  17.9594 -14.9536

Value 468: (gtsam::Pose3)
R: [
	-0.844992, -0.483005, 0.229555;
	0.48037, -0.496894, 0.722732;
	-0.235018, 0.720974, 0.651892
]
t:  17.9936  20.2666 -16.0941

Value 469: (gtsam::Pose3)
R: [
	-0.862013, -0.473091, 0.181986;
	0.446121, -0.537645, 0.715481;
	-0.240644, 0.697942, 0.674513
]
t:  15.0069   21.987 -16.9598

Value 470: (gtsam::Pose3)
R: [
	-0.903204, -0.405688, 0.140142;
	0.365977, -0.557346, 0.745269;
	-0.22424, 0.724419, 0.65187
]
t:  11.7891  23.6485 -17.7403

Value 471: (gtsam::Pose3)
R: [
	-0.94711, -0.272221, 0.169934;
	0.30306, -0.584601, 0.752593;
	-0.105529, 0.764289, 0.636181
]
t:  8.36657  24.7462 -18.5994

Value 472: (gtsam::Pose3)
R: [
	-0.985423, -0.169532, 0.0141511;
	0.11224, -0.585385, 0.802949;
	-0.127842, 0.792833, 0.59588
]
t:  4.69936  25.6242 -18.9505

Value 473: (gtsam::Pose3)
R: [
	-0.997419, -0.0442846, -0.0565186;
	-0.022593, -0.553597, 0.832478;
	-0.0681545, 0.831606, 0.551168
]
t:  1.08015  25.7867 -19.5454

Value 474: (gtsam::Pose3)
R: [
	-0.996201, 0.0599806, -0.0631409;
	-0.0856517, -0.543628, 0.834945;
	0.0157553, 0.83718, 0.5467
]
t: -2.63584  25.5088 -19.6973

Value 475: (gtsam::Pose3)
R: [
	-0.978527, 0.174054, -0.110409;
	-0.186097, -0.515744, 0.836287;
	0.0886166, 0.838876, 0.53706
]
t:  -6.3203   25.086 -19.6412

Value 476: (gtsam::Pose3)
R: [
	-0.947633, 0.263867, -0.179903;
	-0.294456, -0.503823, 0.81207;
	0.12364, 0.822518, 0.555137
]
t:   -9.836  24.4513 -19.4229

Value 477: (gtsam::Pose3)
R: [
	-0.910904, 0.339005, -0.235221;
	-0.385532, -0.496127, 0.777961;
	0.147033, 0.799333, 0.582621
]
t: -13.2725  23.2261 -18.9235

Value 478: (gtsam::Pose3)
R: [
	-0.864164, 0.461415, -0.200791;
	-0.422115, -0.447475, 0.788407;
	0.273934, 0.76607, 0.581462
]
t: -16.4966   21.578 -18.3586

Value 479: (gtsam::Pose3)
R: [
	-0.858834, 0.47799, -0.184198;
	-0.418349, -0.446972, 0.790696;
	0.295614, 0.756136, 0.583842
]
t: -19.5604  19.6388 -17.4302

Value 480: (gtsam::Pose3)
R: [
	-0.704459, 0.661626, -0.256881;
	-0.573315, -0.317109, 0.755481;
	0.418387, 0.67948, 0.602711
]
t: -22.5392  17.8359 -16.3532

Value 481: (gtsam::Pose3)
R: [
	-0.630268, 0.693683, -0.348663;
	-0.681267, -0.278772, 0.676877;
	0.372341, 0.664146, 0.648284
]
t:  -24.977  15.4976 -14.9845

Value 482: (gtsam::Pose3)
R: [
	-0.428303, 0.800327, -0.419565;
	-0.805575, -0.127815, 0.578543;
	0.409396, 0.585782, 0.699467
]
t: -27.3212  12.8051 -13.5294

Value 483: (gtsam::Pose3)
R: [
	-0.400828, 0.806073, -0.435412;
	-0.839429, -0.132743, 0.527008;
	0.367009, 0.576737, 0.729848
]
t: -28.655 9.71305 -12.053

Value 484: (gtsam::Pose3)
R: [
	-0.305566, 0.829452, -0.467589;
	-0.887108, -0.0695828, 0.456286;
	0.345931, 0.554227, 0.757076
]
t:  -29.945  6.46901 -10.8686

Value 485: (gtsam::Pose3)
R: [
	-0.173779, 0.867425, -0.466235;
	-0.909178, 0.0406055, 0.414423;
	0.378413, 0.495909, 0.781587
]
t: -30.7893  3.22329 -9.53338

Value 486: (gtsam::Pose3)
R: [
	-0.105213, 0.88578, -0.452022;
	-0.934659, 0.0671536, 0.349145;
	0.339621, 0.459222, 0.820837
]
t:  -31.1185 -0.237776  -8.03816

Value 487: (gtsam::Pose3)
R: [
	0.122721, 0.893569, -0.431826;
	-0.958739, 0.219171, 0.181062;
	0.256435, 0.391788, 0.883597
]
t: -31.2813 -3.69379 -6.82423

Value 488: (gtsam::Pose3)
R: [
	0.248458, 0.882806, -0.39865;
	-0.953245, 0.295931, 0.0612265;
	0.172024, 0.364799, 0.915057
]
t: -30.5198 -7.31971 -5.87941

Value 489: (gtsam::Pose3)
R: [
	0.391823, 0.849709, -0.352801;
	-0.918851, 0.380894, -0.103111;
	0.0467654, 0.364573, 0.93
]
t: -29.5464 -10.8795 -5.28376

Value 490: (gtsam::Pose3)
R: [
	0.581321, 0.723697, -0.371925;
	-0.806161, 0.574237, -0.142676;
	0.110319, 0.382772, 0.917233
]
t: -27.8255 -14.3627 -5.23336

Value 491: (gtsam::Pose3)
R: [
	0.666488, 0.638411, -0.385;
	-0.735626, 0.647003, -0.200603;
	0.121029, 0.416916, 0.900851
]
t: -25.5246 -17.3227 -4.92681

Value 492: (gtsam::Pose3)
R: [
	0.724442, 0.588325, -0.359247;
	-0.684462, 0.675777, -0.273563;
	0.0818275, 0.444071, 0.892247
]
t: -22.9682 -20.1283 -4.73616

Value 493: (gtsam::Pose3)
R: [
	0.73953, 0.580114, -0.341414;
	-0.671477, 0.671235, -0.313946;
	0.0470445, 0.461424, 0.885931
]
t: -20.2316 -22.4988 -4.54115

Value 494: (gtsam::Pose3)
R: [
	0.863151, 0.409393, -0.295581;
	-0.499438, 0.778405, -0.380325;
	0.0743793, 0.475902, 0.876347
]
t: -17.3147 -24.9923 -4.57125

Value 495: (gtsam::Pose3)
R: [
	0.914066, 0.346396, -0.210933;
	-0.40526, 0.800273, -0.441958;
	0.0157114, 0.489462, 0.871883
]
t: -13.8504  -26.669 -4.35976

Value 496: (gtsam::Pose3)
R: [
	0.940015, 0.292507, -0.17553;
	-0.340702, 0.830863, -0.439988;
	0.0171418, 0.473398, 0.880682
]
t: -10.3193 -28.0667  -4.2943

Value 497: (gtsam::Pose3)
R: [
	0.986828, 0.129235, -0.0973105;
	-0.160301, 0.862151, -0.480624;
	0.0217831, 0.489892, 0.871511
]
t:  -6.7129 -29.0558 -4.42812

Value 498: (gtsam::Pose3)
R: [
	0.998525, 0.0515442, 0.017071;
	-0.0367051, 0.872454, -0.487316;
	-0.040012, 0.485971, 0.873059
]
t: -2.87866  -29.439 -4.45967

Value 499: (gtsam::Pose3)
R: [
	0.996135, -0.0404969, 0.0779447;
	0.0740889, 0.864043, -0.497936;
	-0.0471827, 0.501786, 0.863704
]
t: 0.916236 -29.4663 -4.65515

Value 500: (gtsam::Pose3)
R: [
	0.968681, -0.14126, 0.204213;
	0.227033, 0.836931, -0.497999;
	-0.100565, 0.528765, 0.84279
]
t:  4.71709 -28.9904  -5.0108

