dataset: w10000
lc_lookahead: 5

preconditioner_generator, step = 55
0.0017955754236380415
preconditioner_generator, step = 56
0.0017805578053379162
preconditioner_generator, step = 57
0.0017770230267131451
preconditioner_generator, step = 58
0.0018412431009659873
preconditioner_generator, step = 59
0.00188109199699433
preconditioner_generator, step = 60
0.0019079038155509088
Matrix size:  (168, 168)
Update rank:  167
(636, 168)
(168, 168)
Condition num before conditioning:  164.747309703256
Condition num after conditioning:  1.2608763527712363
cg_count = 8
preconditioner_generator, step = 330
0.0016517829520040308
preconditioner_generator, step = 331
0.0016533927063625141
preconditioner_generator, step = 332
0.0016533927063625141
preconditioner_generator, step = 333
0.001653392706362514
preconditioner_generator, step = 334
0.0016503887087145474
preconditioner_generator, step = 335
0.0016511127129129224
Matrix size:  (993, 993)
Update rank:  590
(2403, 993)
(993, 993)
Condition num before conditioning:  8693.300064068084
Condition num after conditioning:  6.69509160311051
cg_count = 13
preconditioner_generator, step = 416
0.0016144785276029038
preconditioner_generator, step = 417
0.0016109440472058991
preconditioner_generator, step = 418
0.0016108268463970287
preconditioner_generator, step = 419
0.001609216803647802
preconditioner_generator, step = 420
0.0016116573640414002
preconditioner_generator, step = 421
0.0016127165541288545
Matrix size:  (1251, 1251)
Update rank:  845
(3735, 1251)
(1251, 1251)
Condition num before conditioning:  9461.88003539465
Condition num after conditioning:  9.207041505823762
cg_count = 12
preconditioner_generator, step = 778
0.0016843357156494758
preconditioner_generator, step = 779
0.0016833267457357435
preconditioner_generator, step = 780
0.0016897982100555807
preconditioner_generator, step = 781
0.0016921580001108651
preconditioner_generator, step = 782
0.0016932052694847216
preconditioner_generator, step = 783
0.0016946734377541438
Matrix size:  (2337, 2337)
Update rank:  251
(8028, 2337)
(2337, 2337)
Condition num before conditioning:  37267.83649820458
Condition num after conditioning:  601.9738521621978
cg_count = 19
preconditioner_generator, step = 926
0.0017183707208152836
preconditioner_generator, step = 927
0.0017183707208152715
preconditioner_generator, step = 928
0.0017183707208152706
preconditioner_generator, step = 929
0.0017185693391961563
preconditioner_generator, step = 930
0.0017180473926756894
preconditioner_generator, step = 931
0.0017175277518690088
Matrix size:  (2781, 2781)
Update rank:  770
(10824, 2781)
(2781, 2781)
Condition num before conditioning:  50327.70376468842
Condition num after conditioning:  1209.584141481909
cg_count = 25
