Step, Total affected keys, Total marked keys, Relinearize keys, Relinearize affected keys, New factors affected keys, Depth
2, 3, 3, 0, 0, 3, 2
3, 2, 2, 0, 0, 2, 1
4, 3, 2, 0, 0, 2, 1
5, 2, 2, 0, 0, 2, 1
6, 2, 2, 0, 0, 2, 1
7, 2, 2, 0, 0, 2, 1
8, 2, 2, 0, 0, 2, 1
9, 2, 2, 0, 0, 2, 1
10, 2, 2, 0, 0, 2, 1
11, 2, 2, 0, 0, 2, 1
12, 2, 2, 0, 0, 2, 1
13, 2, 2, 0, 0, 2, 1
14, 2, 2, 0, 0, 2, 1
15, 2, 2, 0, 0, 2, 1
16, 2, 2, 0, 0, 2, 1
17, 2, 2, 0, 0, 2, 1
18, 2, 2, 0, 0, 2, 1
19, 2, 2, 0, 0, 2, 1
20, 2, 2, 0, 0, 2, 1
21, 2, 2, 0, 0, 2, 1
22, 2, 2, 0, 0, 2, 1
23, 2, 2, 0, 0, 2, 1
24, 2, 2, 0, 0, 2, 1
25, 2, 2, 0, 0, 2, 1
26, 2, 2, 0, 0, 2, 1
27, 2, 2, 0, 0, 2, 1
28, 2, 2, 0, 0, 2, 1
29, 2, 2, 0, 0, 2, 1
30, 2, 2, 0, 0, 2, 1
31, 2, 2, 0, 0, 2, 1
32, 2, 2, 0, 0, 2, 1
33, 2, 2, 0, 0, 2, 1
34, 2, 2, 0, 0, 2, 1
35, 3, 2, 0, 0, 2, 1
36, 2, 2, 0, 0, 2, 1
37, 2, 2, 0, 0, 2, 1
38, 2, 2, 0, 0, 2, 1
39, 2, 2, 0, 0, 2, 1
40, 2, 2, 0, 0, 2, 1
41, 2, 2, 0, 0, 2, 1
42, 2, 2, 0, 0, 2, 1
43, 2, 2, 0, 0, 2, 1
44, 2, 2, 0, 0, 2, 1
45, 2, 2, 0, 0, 2, 1
46, 2, 2, 0, 0, 2, 1
47, 2, 2, 0, 0, 2, 1
48, 2, 2, 0, 0, 2, 1
49, 2, 2, 0, 0, 2, 1
50, 2, 2, 0, 0, 2, 1
51, 2, 2, 0, 0, 2, 1
52, 2, 2, 0, 0, 2, 1
53, 2, 2, 0, 0, 2, 1
54, 2, 2, 0, 0, 2, 1
55, 2, 2, 0, 0, 2, 1
56, 2, 2, 0, 0, 2, 1
57, 2, 2, 0, 0, 2, 1
58, 2, 2, 0, 0, 2, 1
59, 2, 2, 0, 0, 2, 1
60, 2, 2, 0, 0, 2, 1
61, 2, 2, 0, 0, 2, 1
62, 2, 2, 0, 0, 2, 1
63, 2, 2, 0, 0, 2, 1
64, 2, 2, 0, 0, 2, 1
65, 3, 2, 0, 0, 2, 1
66, 2, 2, 0, 0, 2, 1
67, 2, 2, 0, 0, 2, 1
68, 2, 2, 0, 0, 2, 1
69, 2, 2, 0, 0, 2, 1
70, 2, 2, 0, 0, 2, 1
71, 2, 2, 0, 0, 2, 1
72, 2, 2, 0, 0, 2, 1
73, 2, 2, 0, 0, 2, 1
74, 2, 2, 0, 0, 2, 1
75, 2, 2, 0, 0, 2, 1
76, 2, 2, 0, 0, 2, 1
77, 2, 2, 0, 0, 2, 1
78, 2, 2, 0, 0, 2, 1
79, 2, 2, 0, 0, 2, 1
80, 2, 2, 0, 0, 2, 1
81, 2, 2, 0, 0, 2, 1
82, 2, 2, 0, 0, 2, 1
83, 2, 2, 0, 0, 2, 1
84, 2, 2, 0, 0, 2, 1
85, 2, 2, 0, 0, 2, 1
86, 2, 2, 0, 0, 2, 1
87, 2, 2, 0, 0, 2, 1
88, 2, 2, 0, 0, 2, 1
89, 2, 2, 0, 0, 2, 1
90, 2, 2, 0, 0, 2, 1
91, 2, 2, 0, 0, 2, 1
92, 2, 2, 0, 0, 2, 1
93, 2, 2, 0, 0, 2, 1
94, 2, 2, 0, 0, 2, 1
95, 3, 2, 0, 0, 2, 1
96, 2, 2, 0, 0, 2, 1
97, 2, 2, 0, 0, 2, 1
98, 2, 2, 0, 0, 2, 1
99, 2, 2, 0, 0, 2, 1
100, 2, 2, 0, 0, 2, 1
101, 2, 2, 0, 0, 2, 1
102, 2, 2, 0, 0, 2, 1
103, 2, 2, 0, 0, 2, 1
104, 2, 2, 0, 0, 2, 1
105, 2, 2, 0, 0, 2, 1
106, 2, 2, 0, 0, 2, 1
107, 2, 2, 0, 0, 2, 1
108, 2, 2, 0, 0, 2, 1
109, 2, 2, 0, 0, 2, 1
110, 2, 2, 0, 0, 2, 1
111, 2, 2, 0, 0, 2, 1
112, 2, 2, 0, 0, 2, 1
113, 2, 2, 0, 0, 2, 1
114, 2, 2, 0, 0, 2, 1
115, 2, 2, 0, 0, 2, 1
116, 2, 2, 0, 0, 2, 1
117, 2, 2, 0, 0, 2, 1
118, 2, 2, 0, 0, 2, 1
119, 2, 2, 0, 0, 2, 1
120, 2, 2, 0, 0, 2, 1
121, 2, 2, 0, 0, 2, 1
122, 2, 2, 0, 0, 2, 1
123, 2, 2, 0, 0, 2, 1
124, 2, 2, 0, 0, 2, 1
125, 3, 2, 0, 0, 2, 1
126, 45, 5, 0, 0, 5, 46
127, 48, 36, 30, 34, 6, 48
128, 49, 6, 0, 0, 6, 50
129, 51, 20, 11, 15, 5, 51
130, 52, 5, 0, 0, 5, 53
131, 54, 44, 36, 40, 4, 54
132, 37, 27, 23, 25, 2, 1
133, 2, 2, 0, 0, 2, 1
134, 2, 2, 0, 0, 2, 1
135, 2, 2, 0, 0, 2, 1
136, 2, 2, 0, 0, 2, 1
137, 2, 2, 0, 0, 2, 1
138, 2, 2, 0, 0, 2, 1
139, 2, 2, 0, 0, 2, 1
140, 2, 2, 0, 0, 2, 1
141, 2, 2, 0, 0, 2, 1
142, 2, 2, 0, 0, 2, 1
143, 2, 2, 0, 0, 2, 1
144, 2, 2, 0, 0, 2, 1
145, 2, 2, 0, 0, 2, 1
146, 2, 2, 0, 0, 2, 1
147, 2, 2, 0, 0, 2, 1
148, 2, 2, 0, 0, 2, 1
149, 2, 2, 0, 0, 2, 1
150, 2, 2, 0, 0, 2, 1
151, 2, 2, 0, 0, 2, 1
152, 2, 2, 0, 0, 2, 1
153, 2, 2, 0, 0, 2, 1
154, 2, 2, 0, 0, 2, 1
155, 3, 2, 0, 0, 2, 1
156, 2, 2, 0, 0, 2, 1
157, 2, 2, 0, 0, 2, 1
158, 2, 2, 0, 0, 2, 1
159, 2, 2, 0, 0, 2, 1
160, 2, 2, 0, 0, 2, 1
161, 2, 2, 0, 0, 2, 1
162, 2, 2, 0, 0, 2, 1
163, 2, 2, 0, 0, 2, 1
164, 2, 2, 0, 0, 2, 1
165, 2, 2, 0, 0, 2, 1
166, 2, 2, 0, 0, 2, 1
167, 2, 2, 0, 0, 2, 1
168, 2, 2, 0, 0, 2, 1
169, 2, 2, 0, 0, 2, 1
170, 2, 2, 0, 0, 2, 1
171, 2, 2, 0, 0, 2, 1
172, 2, 2, 0, 0, 2, 1
173, 2, 2, 0, 0, 2, 1
174, 2, 2, 0, 0, 2, 1
175, 2, 2, 0, 0, 2, 1
176, 2, 2, 0, 0, 2, 1
177, 2, 2, 0, 0, 2, 1
178, 2, 2, 0, 0, 2, 1
179, 2, 2, 0, 0, 2, 1
180, 2, 2, 0, 0, 2, 1
181, 2, 2, 0, 0, 2, 1
182, 2, 2, 0, 0, 2, 1
183, 45, 4, 0, 0, 4, 45
184, 48, 28, 21, 23, 5, 47
185, 13, 12, 5, 7, 5, 49
186, 36, 16, 5, 11, 6, 51
187, 51, 42, 33, 36, 6, 53
188, 27, 15, 5, 9, 6, 55
189, 58, 44, 30, 38, 6, 57
190, 60, 29, 13, 23, 6, 59
191, 70, 7, 0, 0, 7, 114
192, 70, 15, 7, 9, 6, 114
193, 21, 4, 0, 0, 4, 63
194, 2, 2, 0, 0, 2, 1
195, 2, 2, 0, 0, 2, 1
196, 2, 2, 0, 0, 2, 1
197, 2, 2, 0, 0, 2, 1
198, 2, 2, 0, 0, 2, 1
199, 2, 2, 0, 0, 2, 1
200, 2, 2, 0, 0, 2, 1
201, 2, 2, 0, 0, 2, 1
202, 2, 2, 0, 0, 2, 1
203, 2, 2, 0, 0, 2, 1
204, 2, 2, 0, 0, 2, 1
205, 2, 2, 0, 0, 2, 1
206, 2, 2, 0, 0, 2, 1
207, 2, 2, 0, 0, 2, 1
208, 2, 2, 0, 0, 2, 1
209, 2, 2, 0, 0, 2, 1
210, 2, 2, 0, 0, 2, 1
211, 2, 2, 0, 0, 2, 1
212, 2, 2, 0, 0, 2, 1
213, 2, 2, 0, 0, 2, 1
214, 2, 2, 0, 0, 2, 1
215, 3, 2, 0, 0, 2, 1
216, 2, 2, 0, 0, 2, 1
217, 2, 2, 0, 0, 2, 1
218, 2, 2, 0, 0, 2, 1
219, 2, 2, 0, 0, 2, 1
220, 2, 2, 0, 0, 2, 1
221, 2, 2, 0, 0, 2, 1
222, 2, 2, 0, 0, 2, 1
223, 2, 2, 0, 0, 2, 1
224, 2, 2, 0, 0, 2, 1
225, 2, 2, 0, 0, 2, 1
226, 2, 2, 0, 0, 2, 1
227, 2, 2, 0, 0, 2, 1
228, 2, 2, 0, 0, 2, 1
229, 2, 2, 0, 0, 2, 1
230, 2, 2, 0, 0, 2, 1
231, 2, 2, 0, 0, 2, 1
232, 2, 2, 0, 0, 2, 1
233, 2, 2, 0, 0, 2, 1
234, 2, 2, 0, 0, 2, 1
235, 2, 2, 0, 0, 2, 1
236, 2, 2, 0, 0, 2, 1
237, 2, 2, 0, 0, 2, 1
238, 2, 2, 0, 0, 2, 1
239, 2, 2, 0, 0, 2, 1
240, 2, 2, 0, 0, 2, 1
241, 2, 2, 0, 0, 2, 1
242, 2, 2, 0, 0, 2, 1
243, 2, 2, 0, 0, 2, 1
244, 2, 2, 0, 0, 2, 1
245, 3, 2, 0, 0, 2, 1
246, 2, 2, 0, 0, 2, 1
247, 2, 2, 0, 0, 2, 1
248, 2, 2, 0, 0, 2, 1
249, 2, 2, 0, 0, 2, 1
250, 2, 2, 0, 0, 2, 1
251, 2, 2, 0, 0, 2, 1
252, 2, 2, 0, 0, 2, 1
253, 2, 2, 0, 0, 2, 1
254, 2, 2, 0, 0, 2, 1
255, 2, 2, 0, 0, 2, 1
256, 2, 2, 0, 0, 2, 1
257, 2, 2, 0, 0, 2, 1
258, 46, 5, 0, 0, 5, 46
259, 49, 40, 34, 38, 5, 48
260, 49, 27, 20, 22, 5, 49
261, 50, 5, 0, 0, 5, 51
262, 52, 31, 25, 27, 4, 52
263, 35, 15, 9, 13, 2, 1
264, 2, 2, 0, 0, 2, 1
265, 2, 2, 0, 0, 2, 1
266, 2, 2, 0, 0, 2, 1
267, 2, 2, 0, 0, 2, 1
268, 2, 2, 0, 0, 2, 1
269, 2, 2, 0, 0, 2, 1
270, 2, 2, 0, 0, 2, 1
271, 2, 2, 0, 0, 2, 1
272, 2, 2, 0, 0, 2, 1
273, 2, 2, 0, 0, 2, 1
274, 2, 2, 0, 0, 2, 1
275, 3, 2, 0, 0, 2, 1
276, 2, 2, 0, 0, 2, 1
277, 2, 2, 0, 0, 2, 1
278, 2, 2, 0, 0, 2, 1
279, 2, 2, 0, 0, 2, 1
280, 2, 2, 0, 0, 2, 1
281, 2, 2, 0, 0, 2, 1
282, 2, 2, 0, 0, 2, 1
283, 2, 2, 0, 0, 2, 1
284, 2, 2, 0, 0, 2, 1
285, 2, 2, 0, 0, 2, 1
286, 2, 2, 0, 0, 2, 1
287, 2, 2, 0, 0, 2, 1
288, 2, 2, 0, 0, 2, 1
289, 2, 2, 0, 0, 2, 1
290, 2, 2, 0, 0, 2, 1
291, 2, 2, 0, 0, 2, 1
292, 2, 2, 0, 0, 2, 1
293, 2, 2, 0, 0, 2, 1
294, 2, 2, 0, 0, 2, 1
295, 2, 2, 0, 0, 2, 1
296, 2, 2, 0, 0, 2, 1
297, 2, 2, 0, 0, 2, 1
298, 2, 2, 0, 0, 2, 1
299, 2, 2, 0, 0, 2, 1
300, 2, 2, 0, 0, 2, 1
301, 2, 2, 0, 0, 2, 1
302, 2, 2, 0, 0, 2, 1
303, 2, 2, 0, 0, 2, 1
304, 2, 2, 0, 0, 2, 1
305, 3, 2, 0, 0, 2, 1
306, 2, 2, 0, 0, 2, 1
307, 2, 2, 0, 0, 2, 1
308, 2, 2, 0, 0, 2, 1
309, 2, 2, 0, 0, 2, 1
310, 2, 2, 0, 0, 2, 1
311, 2, 2, 0, 0, 2, 1
312, 2, 2, 0, 0, 2, 1
313, 2, 2, 0, 0, 2, 1
314, 2, 2, 0, 0, 2, 1
315, 2, 2, 0, 0, 2, 1
316, 45, 4, 0, 0, 4, 46
317, 47, 20, 12, 15, 5, 48
318, 50, 19, 8, 14, 5, 50
319, 52, 44, 37, 39, 5, 52
320, 55, 33, 22, 28, 5, 54
321, 55, 33, 25, 30, 3, 54
322, 2, 2, 0, 0, 2, 1
323, 2, 2, 0, 0, 2, 1
324, 2, 2, 0, 0, 2, 1
325, 2, 2, 0, 0, 2, 1
326, 2, 2, 0, 0, 2, 1
327, 2, 2, 0, 0, 2, 1
328, 2, 2, 0, 0, 2, 1
329, 2, 2, 0, 0, 2, 1
330, 2, 2, 0, 0, 2, 1
331, 2, 2, 0, 0, 2, 1
332, 2, 2, 0, 0, 2, 1
333, 2, 2, 0, 0, 2, 1
334, 2, 2, 0, 0, 2, 1
335, 3, 2, 0, 0, 2, 1
336, 2, 2, 0, 0, 2, 1
337, 2, 2, 0, 0, 2, 1
338, 2, 2, 0, 0, 2, 1
339, 2, 2, 0, 0, 2, 1
340, 2, 2, 0, 0, 2, 1
341, 2, 2, 0, 0, 2, 1
342, 2, 2, 0, 0, 2, 1
343, 2, 2, 0, 0, 2, 1
344, 2, 2, 0, 0, 2, 1
345, 2, 2, 0, 0, 2, 1
346, 2, 2, 0, 0, 2, 1
347, 2, 2, 0, 0, 2, 1
348, 2, 2, 0, 0, 2, 1
349, 2, 2, 0, 0, 2, 1
350, 2, 2, 0, 0, 2, 1
351, 2, 2, 0, 0, 2, 1
352, 2, 2, 0, 0, 2, 1
353, 2, 2, 0, 0, 2, 1
354, 2, 2, 0, 0, 2, 1
355, 2, 2, 0, 0, 2, 1
356, 2, 2, 0, 0, 2, 1
357, 2, 2, 0, 0, 2, 1
358, 2, 2, 0, 0, 2, 1
359, 2, 2, 0, 0, 2, 1
360, 2, 2, 0, 0, 2, 1
361, 2, 2, 0, 0, 2, 1
362, 2, 2, 0, 0, 2, 1
363, 2, 2, 0, 0, 2, 1
364, 2, 2, 0, 0, 2, 1
365, 3, 2, 0, 0, 2, 1
366, 2, 2, 0, 0, 2, 1
367, 2, 2, 0, 0, 2, 1
368, 2, 2, 0, 0, 2, 1
369, 2, 2, 0, 0, 2, 1
370, 2, 2, 0, 0, 2, 1
371, 2, 2, 0, 0, 2, 1
372, 2, 2, 0, 0, 2, 1
373, 2, 2, 0, 0, 2, 1
374, 2, 2, 0, 0, 2, 1
375, 2, 2, 0, 0, 2, 1
376, 2, 2, 0, 0, 2, 1
377, 2, 2, 0, 0, 2, 1
378, 2, 2, 0, 0, 2, 1
379, 2, 2, 0, 0, 2, 1
380, 2, 2, 0, 0, 2, 1
381, 2, 2, 0, 0, 2, 1
382, 2, 2, 0, 0, 2, 1
383, 2, 2, 0, 0, 2, 1
384, 2, 2, 0, 0, 2, 1
385, 2, 2, 0, 0, 2, 1
386, 44, 3, 0, 0, 3, 44
387, 30, 10, 4, 6, 4, 46
388, 45, 45, 39, 42, 5, 48
389, 48, 45, 38, 40, 5, 50
390, 49, 36, 29, 31, 5, 52
391, 12, 4, 0, 0, 4, 53
392, 33, 6, 2, 4, 2, 1
393, 2, 2, 0, 0, 2, 1
394, 2, 2, 0, 0, 2, 1
395, 2, 2, 0, 0, 2, 1
396, 2, 2, 0, 0, 2, 1
397, 2, 2, 0, 0, 2, 1
398, 2, 2, 0, 0, 2, 1
399, 2, 2, 0, 0, 2, 1
400, 2, 2, 0, 0, 2, 1
401, 2, 2, 0, 0, 2, 1
402, 2, 2, 0, 0, 2, 1
403, 2, 2, 0, 0, 2, 1
404, 2, 2, 0, 0, 2, 1
405, 2, 2, 0, 0, 2, 1
406, 2, 2, 0, 0, 2, 1
407, 2, 2, 0, 0, 2, 1
408, 2, 2, 0, 0, 2, 1
409, 2, 2, 0, 0, 2, 1
410, 2, 2, 0, 0, 2, 1
411, 2, 2, 0, 0, 2, 1
412, 2, 2, 0, 0, 2, 1
413, 2, 2, 0, 0, 2, 1
414, 2, 2, 0, 0, 2, 1
415, 2, 2, 0, 0, 2, 1
416, 2, 2, 0, 0, 2, 1
417, 3, 2, 0, 0, 2, 1
418, 2, 2, 0, 0, 2, 1
419, 2, 2, 0, 0, 2, 1
420, 2, 2, 0, 0, 2, 1
421, 2, 2, 0, 0, 2, 1
422, 2, 2, 0, 0, 2, 1
423, 2, 2, 0, 0, 2, 1
424, 2, 2, 0, 0, 2, 1
425, 2, 2, 0, 0, 2, 1
426, 2, 2, 0, 0, 2, 1
427, 2, 2, 0, 0, 2, 1
428, 2, 2, 0, 0, 2, 1
429, 2, 2, 0, 0, 2, 1
430, 2, 2, 0, 0, 2, 1
431, 2, 2, 0, 0, 2, 1
432, 2, 2, 0, 0, 2, 1
433, 2, 2, 0, 0, 2, 1
434, 2, 2, 0, 0, 2, 1
435, 2, 2, 0, 0, 2, 1
436, 2, 2, 0, 0, 2, 1
437, 2, 2, 0, 0, 2, 1
438, 2, 2, 0, 0, 2, 1
439, 2, 2, 0, 0, 2, 1
440, 2, 2, 0, 0, 2, 1
441, 2, 2, 0, 0, 2, 1
442, 2, 2, 0, 0, 2, 1
443, 2, 2, 0, 0, 2, 1
444, 2, 2, 0, 0, 2, 1
445, 47, 5, 0, 0, 5, 47
446, 50, 40, 32, 38, 6, 49
447, 37, 30, 20, 24, 6, 51
448, 9, 5, 0, 0, 5, 52
449, 49, 40, 33, 37, 3, 53
450, 14, 5, 1, 3, 2, 1
451, 2, 2, 0, 0, 2, 1
452, 2, 2, 0, 0, 2, 1
453, 2, 2, 0, 0, 2, 1
454, 2, 2, 0, 0, 2, 1
455, 2, 2, 0, 0, 2, 1
456, 2, 2, 0, 0, 2, 1
457, 2, 2, 0, 0, 2, 1
458, 2, 2, 0, 0, 2, 1
459, 2, 2, 0, 0, 2, 1
460, 2, 2, 0, 0, 2, 1
461, 2, 2, 0, 0, 2, 1
462, 2, 2, 0, 0, 2, 1
463, 2, 2, 0, 0, 2, 1
464, 2, 2, 0, 0, 2, 1
465, 2, 2, 0, 0, 2, 1
466, 2, 2, 0, 0, 2, 1
467, 2, 2, 0, 0, 2, 1
468, 2, 2, 0, 0, 2, 1
469, 2, 2, 0, 0, 2, 1
470, 2, 2, 0, 0, 2, 1
471, 2, 2, 0, 0, 2, 1
472, 2, 2, 0, 0, 2, 1
473, 2, 2, 0, 0, 2, 1
474, 2, 2, 0, 0, 2, 1
475, 2, 2, 0, 0, 2, 1
476, 2, 2, 0, 0, 2, 1
477, 3, 2, 0, 0, 2, 1
478, 2, 2, 0, 0, 2, 1
479, 2, 2, 0, 0, 2, 1
480, 2, 2, 0, 0, 2, 1
481, 2, 2, 0, 0, 2, 1
482, 2, 2, 0, 0, 2, 1
483, 2, 2, 0, 0, 2, 1
484, 2, 2, 0, 0, 2, 1
485, 2, 2, 0, 0, 2, 1
486, 2, 2, 0, 0, 2, 1
487, 2, 2, 0, 0, 2, 1
488, 2, 2, 0, 0, 2, 1
489, 2, 2, 0, 0, 2, 1
490, 2, 2, 0, 0, 2, 1
491, 2, 2, 0, 0, 2, 1
492, 2, 2, 0, 0, 2, 1
493, 2, 2, 0, 0, 2, 1
494, 2, 2, 0, 0, 2, 1
495, 2, 2, 0, 0, 2, 1
496, 2, 2, 0, 0, 2, 1
497, 2, 2, 0, 0, 2, 1
498, 2, 2, 0, 0, 2, 1
499, 2, 2, 0, 0, 2, 1
500, 2, 2, 0, 0, 2, 1
501, 2, 2, 0, 0, 2, 1
502, 2, 2, 0, 0, 2, 1
503, 2, 2, 0, 0, 2, 1
504, 2, 2, 0, 0, 2, 1
505, 2, 2, 0, 0, 2, 1
506, 2, 2, 0, 0, 2, 1
507, 3, 2, 0, 0, 2, 1
508, 2, 2, 0, 0, 2, 1
509, 2, 2, 0, 0, 2, 1
510, 2, 2, 0, 0, 2, 1
511, 2, 2, 0, 0, 2, 1
512, 2, 2, 0, 0, 2, 1
513, 2, 2, 0, 0, 2, 1
514, 2, 2, 0, 0, 2, 1
515, 45, 3, 0, 0, 3, 46
516, 20, 20, 16, 18, 4, 48
517, 47, 43, 36, 38, 5, 50
518, 43, 30, 24, 26, 4, 51
519, 9, 3, 0, 0, 3, 52
520, 12, 5, 1, 3, 2, 1
521, 2, 2, 0, 0, 2, 1
522, 2, 2, 0, 0, 2, 1
523, 2, 2, 0, 0, 2, 1
524, 2, 2, 0, 0, 2, 1
525, 2, 2, 0, 0, 2, 1
526, 2, 2, 0, 0, 2, 1
527, 2, 2, 0, 0, 2, 1
528, 2, 2, 0, 0, 2, 1
529, 2, 2, 0, 0, 2, 1
530, 2, 2, 0, 0, 2, 1
531, 2, 2, 0, 0, 2, 1
532, 2, 2, 0, 0, 2, 1
533, 2, 2, 0, 0, 2, 1
534, 2, 2, 0, 0, 2, 1
535, 2, 2, 0, 0, 2, 1
536, 2, 2, 0, 0, 2, 1
537, 2, 2, 0, 0, 2, 1
538, 2, 2, 0, 0, 2, 1
539, 2, 2, 0, 0, 2, 1
540, 2, 2, 0, 0, 2, 1
541, 2, 2, 0, 0, 2, 1
542, 2, 2, 0, 0, 2, 1
543, 2, 2, 0, 0, 2, 1
544, 2, 2, 0, 0, 2, 1
545, 2, 2, 0, 0, 2, 1
546, 3, 2, 0, 0, 2, 1
547, 2, 2, 0, 0, 2, 1
548, 2, 2, 0, 0, 2, 1
549, 2, 2, 0, 0, 2, 1
550, 2, 2, 0, 0, 2, 1
551, 2, 2, 0, 0, 2, 1
552, 2, 2, 0, 0, 2, 1
553, 2, 2, 0, 0, 2, 1
554, 2, 2, 0, 0, 2, 1
555, 2, 2, 0, 0, 2, 1
556, 2, 2, 0, 0, 2, 1
557, 2, 2, 0, 0, 2, 1
558, 2, 2, 0, 0, 2, 1
559, 2, 2, 0, 0, 2, 1
560, 2, 2, 0, 0, 2, 1
561, 2, 2, 0, 0, 2, 1
562, 2, 2, 0, 0, 2, 1
563, 2, 2, 0, 0, 2, 1
564, 2, 2, 0, 0, 2, 1
565, 2, 2, 0, 0, 2, 1
566, 2, 2, 0, 0, 2, 1
567, 2, 2, 0, 0, 2, 1
568, 2, 2, 0, 0, 2, 1
569, 2, 2, 0, 0, 2, 1
570, 2, 2, 0, 0, 2, 1
571, 2, 2, 0, 0, 2, 1
572, 2, 2, 0, 0, 2, 1
573, 45, 4, 0, 0, 4, 45
574, 49, 41, 35, 38, 5, 48
575, 50, 6, 0, 0, 6, 50
576, 48, 37, 27, 31, 6, 52
577, 44, 12, 2, 6, 6, 54
578, 55, 37, 23, 31, 6, 56
579, 59, 53, 44, 47, 6, 58
580, 61, 59, 48, 53, 6, 60
581, 63, 55, 44, 49, 6, 62
582, 56, 20, 11, 13, 7, 116
583, 114, 101, 87, 92, 9, 117
584, 72, 46, 28, 40, 10, 118
585, 118, 91, 77, 82, 9, 118
586, 73, 37, 27, 29, 8, 118
587, 72, 6, 0, 0, 6, 118
588, 7, 5, 0, 0, 5, 118
589, 50, 5, 0, 0, 5, 118
590, 50, 5, 0, 0, 5, 118
591, 51, 5, 0, 0, 5, 118
592, 52, 25, 18, 20, 5, 118
593, 52, 5, 0, 0, 5, 118
594, 53, 5, 0, 0, 5, 118
595, 52, 21, 11, 16, 5, 118
596, 52, 5, 0, 0, 5, 118
597, 52, 5, 0, 0, 5, 118
598, 52, 5, 0, 0, 5, 118
599, 52, 5, 0, 0, 5, 118
600, 52, 5, 0, 0, 5, 118
601, 52, 5, 0, 0, 5, 118
602, 52, 5, 0, 0, 5, 118
603, 52, 5, 0, 0, 5, 118
604, 52, 5, 0, 0, 5, 118
605, 52, 4, 0, 0, 4, 118
606, 2, 2, 0, 0, 2, 1
607, 2, 2, 0, 0, 2, 1
608, 2, 2, 0, 0, 2, 1
609, 2, 2, 0, 0, 2, 1
610, 2, 2, 0, 0, 2, 1
611, 2, 2, 0, 0, 2, 1
612, 2, 2, 0, 0, 2, 1
613, 2, 2, 0, 0, 2, 1
614, 2, 2, 0, 0, 2, 1
615, 2, 2, 0, 0, 2, 1
616, 82, 5, 0, 0, 5, 62
617, 143, 106, 97, 105, 6, 64
618, 42, 6, 0, 0, 6, 66
619, 43, 6, 0, 0, 6, 68
620, 45, 13, 2, 7, 6, 70
621, 47, 6, 0, 0, 6, 72
622, 49, 5, 0, 0, 5, 74
623, 66, 11, 3, 5, 6, 76
624, 53, 6, 0, 0, 6, 78
625, 56, 5, 0, 0, 5, 80
626, 57, 5, 0, 0, 5, 82
627, 59, 5, 0, 0, 5, 84
628, 38, 5, 0, 0, 5, 86
629, 56, 12, 3, 7, 5, 88
630, 42, 5, 0, 0, 5, 90
631, 44, 5, 0, 0, 5, 92
632, 46, 5, 0, 0, 5, 94
633, 48, 5, 0, 0, 5, 96
634, 50, 5, 0, 0, 5, 98
635, 52, 5, 0, 0, 5, 100
636, 54, 5, 0, 0, 5, 102
637, 56, 5, 0, 0, 5, 104
638, 78, 20, 4, 14, 6, 107
639, 80, 18, 2, 12, 6, 109
640, 81, 24, 4, 18, 6, 111
641, 98, 36, 9, 29, 7, 113
642, 126, 67, 23, 59, 8, 115
643, 51, 8, 0, 0, 8, 117
644, 106, 27, 6, 26, 9, 119
645, 50, 9, 0, 0, 9, 121
646, 158, 85, 38, 76, 9, 123
647, 167, 105, 55, 96, 9, 125
648, 127, 54, 12, 45, 9, 127
649, 144, 53, 23, 44, 9, 129
650, 165, 98, 30, 89, 9, 131
651, 178, 119, 60, 109, 10, 185
652, 46, 11, 0, 0, 11, 186
653, 44, 11, 0, 0, 11, 187
654, 51, 22, 1, 10, 12, 187
655, 157, 53, 14, 41, 12, 187
656, 54, 9, 0, 0, 9, 187
657, 53, 6, 0, 0, 6, 145
658, 123, 33, 8, 27, 6, 147
659, 148, 49, 15, 45, 6, 149
660, 112, 26, 6, 22, 6, 151
661, 156, 69, 30, 65, 6, 153
662, 128, 44, 15, 40, 6, 155
663, 35, 6, 0, 0, 6, 157
664, 153, 48, 13, 42, 6, 159
665, 174, 69, 20, 63, 6, 161
666, 40, 6, 0, 0, 6, 163
667, 41, 6, 0, 0, 6, 165
668, 45, 9, 4, 8, 6, 167
669, 45, 6, 0, 0, 6, 169
670, 47, 6, 0, 0, 6, 171
671, 51, 8, 1, 3, 6, 173
672, 54, 10, 3, 9, 6, 175
673, 53, 6, 0, 0, 6, 177
674, 59, 17, 4, 15, 6, 179
675, 59, 22, 7, 19, 6, 181
676, 120, 14, 2, 10, 6, 183
677, 162, 43, 9, 37, 6, 185
678, 110, 13, 2, 9, 6, 187
679, 65, 13, 1, 7, 6, 189
680, 178, 68, 37, 67, 6, 191
681, 114, 19, 2, 13, 6, 194
682, 86, 8, 0, 0, 8, 196
683, 65, 8, 0, 0, 8, 198
684, 67, 9, 0, 0, 9, 200
685, 159, 41, 10, 38, 8, 202
686, 71, 8, 0, 0, 8, 204
687, 73, 8, 0, 0, 8, 206
688, 64, 8, 0, 0, 8, 208
689, 66, 8, 0, 0, 8, 210
690, 68, 8, 0, 0, 8, 212
691, 70, 8, 0, 0, 8, 214
692, 73, 8, 0, 0, 8, 216
693, 182, 50, 10, 42, 8, 218
694, 187, 35, 5, 27, 8, 220
695, 77, 8, 0, 0, 8, 222
696, 78, 8, 0, 0, 8, 224
697, 84, 8, 0, 0, 8, 226
698, 70, 9, 0, 0, 9, 228
699, 72, 12, 0, 0, 12, 231
700, 72, 15, 0, 0, 15, 233
701, 171, 52, 9, 36, 16, 235
702, 192, 92, 33, 77, 15, 236
703, 199, 113, 39, 101, 12, 185
704, 171, 106, 33, 104, 12, 185
705, 187, 134, 54, 123, 12, 185
706, 97, 12, 0, 0, 12, 185
707, 100, 12, 0, 0, 12, 185
708, 117, 19, 1, 7, 12, 185
709, 194, 94, 28, 82, 12, 185
710, 109, 12, 0, 0, 12, 185
711, 112, 12, 0, 0, 12, 185
712, 126, 11, 0, 0, 11, 185
713, 28, 10, 0, 0, 10, 185
714, 29, 9, 0, 0, 9, 185
715, 30, 9, 0, 0, 9, 185
716, 122, 24, 2, 16, 8, 184
717, 81, 17, 1, 9, 8, 184
718, 33, 9, 0, 0, 9, 184
719, 138, 49, 8, 40, 9, 184
720, 136, 59, 18, 50, 9, 184
721, 171, 89, 20, 81, 9, 184
722, 160, 48, 7, 39, 9, 184
723, 94, 27, 9, 18, 9, 184
724, 53, 14, 2, 5, 9, 184
725, 48, 13, 2, 4, 9, 184
726, 57, 23, 7, 20, 10, 184
727, 55, 9, 0, 0, 9, 184
728, 56, 8, 0, 0, 8, 184
729, 53, 8, 0, 0, 8, 184
730, 54, 8, 0, 0, 8, 184
731, 53, 8, 0, 0, 8, 184
732, 52, 10, 0, 0, 10, 184
733, 51, 10, 0, 0, 10, 184
734, 49, 9, 0, 0, 9, 183
735, 59, 18, 1, 9, 9, 183
736, 48, 8, 0, 0, 8, 183
737, 66, 16, 1, 9, 7, 183
738, 48, 6, 0, 0, 6, 183
739, 114, 41, 8, 36, 5, 125
740, 117, 41, 11, 38, 5, 127
741, 74, 7, 1, 5, 5, 129
742, 116, 44, 11, 39, 5, 131
743, 124, 50, 16, 49, 5, 133
744, 83, 37, 8, 32, 5, 135
745, 73, 18, 2, 13, 5, 137
746, 53, 5, 0, 0, 5, 139
747, 82, 13, 1, 7, 6, 141
748, 93, 36, 6, 30, 6, 143
749, 130, 33, 6, 26, 7, 262
750, 145, 54, 14, 49, 11, 264
751, 63, 13, 0, 0, 13, 266
752, 62, 14, 0, 0, 14, 268
753, 63, 14, 0, 0, 14, 270
754, 96, 20, 1, 7, 13, 272
755, 77, 32, 6, 28, 13, 274
756, 181, 63, 12, 59, 14, 276
757, 102, 19, 1, 6, 13, 278
758, 96, 13, 0, 0, 13, 280
759, 98, 13, 0, 0, 13, 282
760, 101, 14, 0, 0, 14, 284
761, 102, 14, 0, 0, 14, 286
762, 153, 34, 3, 20, 14, 288
763, 185, 80, 16, 66, 14, 290
764, 176, 49, 5, 35, 14, 292
765, 207, 100, 17, 86, 14, 294
766, 156, 64, 8, 51, 13, 296
767, 139, 35, 2, 22, 13, 298
768, 187, 71, 7, 55, 16, 300
769, 128, 42, 2, 22, 20, 302
770, 97, 19, 0, 0, 19, 303
771, 99, 20, 0, 0, 20, 305
772, 189, 76, 9, 57, 19, 307
773, 49, 19, 1, 16, 10, 308
774, 73, 37, 16, 33, 4, 309
775, 259, 224, 191, 221, 3, 310
776, 2, 2, 0, 0, 2, 1
777, 28, 5, 0, 0, 5, 316
778, 272, 234, 134, 229, 5, 318
779, 311, 260, 225, 255, 5, 320
780, 307, 245, 177, 240, 5, 322
781, 240, 141, 108, 136, 5, 324
782, 67, 18, 3, 13, 5, 326
783, 329, 327, 318, 322, 5, 328
784, 195, 112, 54, 107, 5, 330
785, 208, 131, 81, 126, 5, 332
786, 256, 165, 97, 160, 5, 334
787, 219, 115, 37, 110, 5, 336
788, 318, 300, 281, 295, 5, 338
789, 269, 223, 177, 218, 5, 340
790, 229, 130, 88, 123, 7, 395
791, 250, 148, 61, 142, 6, 398
792, 389, 351, 328, 345, 6, 400
793, 366, 312, 270, 306, 6, 402
794, 83, 6, 0, 0, 6, 457
795, 110, 32, 12, 28, 4, 458
796, 389, 260, 186, 257, 3, 459
797, 2, 2, 0, 0, 2, 1
798, 2, 2, 0, 0, 2, 1
799, 16, 5, 0, 0, 5, 467
800, 469, 449, 427, 444, 5, 469
801, 404, 307, 226, 302, 5, 471
802, 380, 182, 152, 177, 5, 473
803, 444, 402, 338, 397, 5, 475
804, 72, 34, 5, 29, 5, 477
805, 460, 292, 184, 287, 5, 479
806, 198, 23, 10, 18, 5, 481
807, 484, 482, 459, 477, 5, 483
808, 485, 438, 392, 433, 5, 485
809, 355, 107, 61, 102, 5, 487
810, 36, 14, 3, 8, 6, 489
811, 487, 434, 365, 429, 5, 491
812, 536, 372, 323, 366, 6, 548
813, 518, 444, 384, 438, 6, 550
814, 55, 22, 14, 16, 6, 552
815, 599, 448, 387, 442, 6, 606
816, 576, 348, 311, 344, 4, 607
817, 5, 3, 0, 0, 3, 608
818, 2, 2, 0, 0, 2, 1
819, 2, 2, 0, 0, 2, 1
820, 13, 5, 0, 0, 5, 616
821, 588, 406, 329, 401, 5, 618
822, 327, 132, 53, 127, 5, 620
823, 334, 128, 68, 123, 5, 622
824, 601, 386, 280, 381, 5, 624
825, 625, 518, 440, 513, 5, 626
826, 7, 5, 0, 0, 5, 628
827, 445, 125, 41, 120, 5, 630
828, 633, 623, 595, 618, 5, 632
829, 314, 74, 21, 69, 5, 634
830, 584, 452, 380, 447, 5, 636
831, 432, 151, 68, 146, 5, 638
832, 341, 67, 13, 59, 8, 702
833, 689, 502, 391, 493, 9, 755
834, 639, 535, 372, 524, 11, 758
835, 745, 661, 547, 652, 9, 760
836, 500, 146, 54, 140, 6, 762
837, 765, 756, 734, 750, 6, 764
838, 216, 47, 12, 41, 6, 766
839, 39, 28, 4, 22, 6, 768
840, 662, 360, 321, 355, 5, 770
841, 49, 26, 3, 21, 5, 772
842, 741, 675, 635, 670, 5, 774
843, 686, 484, 375, 479, 5, 776
844, 773, 761, 700, 756, 5, 778
845, 769, 758, 719, 753, 5, 780
846, 784, 781, 772, 776, 5, 782
847, 667, 371, 321, 366, 5, 784
848, 770, 724, 691, 719, 5, 786
849, 721, 615, 579, 610, 5, 788
850, 789, 780, 749, 775, 5, 790
851, 741, 565, 488, 560, 5, 792
852, 538, 241, 163, 235, 6, 794
853, 796, 786, 758, 781, 5, 795
854, 587, 230, 163, 225, 5, 797
855, 624, 291, 187, 287, 4, 799
856, 4, 2, 0, 0, 2, 1
857, 2, 2, 0, 0, 2, 1
858, 2, 2, 0, 0, 2, 1
859, 2, 2, 0, 0, 2, 1
860, 2, 2, 0, 0, 2, 1
861, 2, 2, 0, 0, 2, 1
862, 2, 2, 0, 0, 2, 1
863, 2, 2, 0, 0, 2, 1
864, 2, 2, 0, 0, 2, 1
865, 2, 2, 0, 0, 2, 1
866, 2, 2, 0, 0, 2, 1
867, 2, 2, 0, 0, 2, 1
868, 2, 2, 0, 0, 2, 1
869, 2, 2, 0, 0, 2, 1
870, 2, 2, 0, 0, 2, 1
871, 2, 2, 0, 0, 2, 1
872, 2, 2, 0, 0, 2, 1
873, 2, 2, 0, 0, 2, 1
874, 2, 2, 0, 0, 2, 1
875, 2, 2, 0, 0, 2, 1
876, 2, 2, 0, 0, 2, 1
877, 2, 2, 0, 0, 2, 1
878, 2, 2, 0, 0, 2, 1
879, 2, 2, 0, 0, 2, 1
880, 2, 2, 0, 0, 2, 1
881, 2, 2, 0, 0, 2, 1
882, 2, 2, 0, 0, 2, 1
883, 2, 2, 0, 0, 2, 1
884, 2, 2, 0, 0, 2, 1
885, 2, 2, 0, 0, 2, 1
886, 3, 2, 0, 0, 2, 1
887, 2, 2, 0, 0, 2, 1
888, 2, 2, 0, 0, 2, 1
889, 2, 2, 0, 0, 2, 1
890, 2, 2, 0, 0, 2, 1
891, 2, 2, 0, 0, 2, 1
892, 2, 2, 0, 0, 2, 1
893, 2, 2, 0, 0, 2, 1
894, 2, 2, 0, 0, 2, 1
895, 2, 2, 0, 0, 2, 1
896, 2, 2, 0, 0, 2, 1
897, 2, 2, 0, 0, 2, 1
898, 2, 2, 0, 0, 2, 1
899, 2, 2, 0, 0, 2, 1
900, 2, 2, 0, 0, 2, 1
901, 2, 2, 0, 0, 2, 1
902, 2, 2, 0, 0, 2, 1
903, 2, 2, 0, 0, 2, 1
904, 2, 2, 0, 0, 2, 1
905, 2, 2, 0, 0, 2, 1
906, 2, 2, 0, 0, 2, 1
907, 2, 2, 0, 0, 2, 1
908, 2, 2, 0, 0, 2, 1
909, 2, 2, 0, 0, 2, 1
910, 2, 2, 0, 0, 2, 1
911, 2, 2, 0, 0, 2, 1
912, 2, 2, 0, 0, 2, 1
913, 2, 2, 0, 0, 2, 1
914, 2, 2, 0, 0, 2, 1
915, 2, 2, 0, 0, 2, 1
916, 3, 2, 0, 0, 2, 1
917, 2, 2, 0, 0, 2, 1
918, 2, 2, 0, 0, 2, 1
919, 2, 2, 0, 0, 2, 1
920, 2, 2, 0, 0, 2, 1
921, 2, 2, 0, 0, 2, 1
922, 2, 2, 0, 0, 2, 1
923, 2, 2, 0, 0, 2, 1
924, 2, 2, 0, 0, 2, 1
925, 2, 2, 0, 0, 2, 1
926, 2, 2, 0, 0, 2, 1
927, 2, 2, 0, 0, 2, 1
928, 2, 2, 0, 0, 2, 1
929, 2, 2, 0, 0, 2, 1
930, 2, 2, 0, 0, 2, 1
931, 2, 2, 0, 0, 2, 1
932, 2, 2, 0, 0, 2, 1
933, 2, 2, 0, 0, 2, 1
934, 2, 2, 0, 0, 2, 1
935, 2, 2, 0, 0, 2, 1
936, 2, 2, 0, 0, 2, 1
937, 2, 2, 0, 0, 2, 1
938, 2, 2, 0, 0, 2, 1
939, 2, 2, 0, 0, 2, 1
940, 2, 2, 0, 0, 2, 1
941, 2, 2, 0, 0, 2, 1
942, 2, 2, 0, 0, 2, 1
943, 2, 2, 0, 0, 2, 1
944, 2, 2, 0, 0, 2, 1
945, 2, 2, 0, 0, 2, 1
946, 3, 2, 0, 0, 2, 1
947, 2, 2, 0, 0, 2, 1
948, 2, 2, 0, 0, 2, 1
949, 2, 2, 0, 0, 2, 1
950, 2, 2, 0, 0, 2, 1
951, 2, 2, 0, 0, 2, 1
952, 2, 2, 0, 0, 2, 1
953, 2, 2, 0, 0, 2, 1
954, 2, 2, 0, 0, 2, 1
955, 2, 2, 0, 0, 2, 1
956, 2, 2, 0, 0, 2, 1
957, 2, 2, 0, 0, 2, 1
958, 2, 2, 0, 0, 2, 1
959, 2, 2, 0, 0, 2, 1
960, 2, 2, 0, 0, 2, 1
961, 2, 2, 0, 0, 2, 1
962, 2, 2, 0, 0, 2, 1
963, 2, 2, 0, 0, 2, 1
964, 2, 2, 0, 0, 2, 1
965, 2, 2, 0, 0, 2, 1
966, 2, 2, 0, 0, 2, 1
967, 2, 2, 0, 0, 2, 1
968, 2, 2, 0, 0, 2, 1
969, 2, 2, 0, 0, 2, 1
970, 2, 2, 0, 0, 2, 1
971, 2, 2, 0, 0, 2, 1
972, 2, 2, 0, 0, 2, 1
973, 2, 2, 0, 0, 2, 1
974, 2, 2, 0, 0, 2, 1
975, 2, 2, 0, 0, 2, 1
976, 3, 2, 0, 0, 2, 1
977, 2, 2, 0, 0, 2, 1
978, 2, 2, 0, 0, 2, 1
979, 2, 2, 0, 0, 2, 1
980, 2, 2, 0, 0, 2, 1
981, 2, 2, 0, 0, 2, 1
982, 187, 3, 0, 0, 3, 240
983, 877, 847, 820, 846, 8, 371
984, 297, 67, 22, 59, 8, 371
985, 422, 139, 94, 131, 8, 371
986, 569, 240, 148, 231, 9, 431
987, 387, 157, 59, 150, 7, 432
988, 83, 5, 0, 0, 5, 432
989, 67, 5, 0, 0, 5, 432
990, 87, 15, 1, 10, 5, 432
991, 92, 19, 6, 14, 5, 432
992, 67, 5, 0, 0, 5, 432
993, 60, 5, 0, 0, 5, 432
994, 61, 5, 0, 0, 5, 432
995, 58, 5, 0, 0, 5, 432
996, 59, 5, 0, 0, 5, 432
997, 56, 5, 0, 0, 5, 432
998, 57, 6, 0, 0, 6, 433
999, 56, 6, 0, 0, 6, 433
1000, 57, 6, 0, 0, 6, 433
1001, 57, 6, 0, 0, 6, 433
1002, 57, 6, 0, 0, 6, 433
1003, 57, 6, 0, 0, 6, 433
1004, 71, 12, 0, 0, 12, 476
1005, 66, 16, 0, 0, 16, 478
1006, 78, 30, 5, 14, 16, 480
1007, 62, 17, 0, 0, 17, 483
1008, 133, 52, 19, 37, 15, 485
1009, 131, 30, 3, 15, 15, 487
1010, 56, 16, 0, 0, 16, 489
1011, 55, 16, 0, 0, 16, 491
1012, 53, 15, 0, 0, 15, 493
1013, 46, 19, 0, 0, 19, 547
1014, 47, 21, 0, 0, 21, 548
1015, 45, 21, 0, 0, 21, 549
1016, 152, 55, 6, 33, 22, 549
1017, 171, 68, 13, 48, 20, 549
1018, 263, 100, 49, 83, 17, 549
1019, 342, 89, 21, 72, 17, 549
1020, 177, 41, 9, 24, 17, 549
1021, 281, 82, 17, 65, 17, 549
1022, 213, 78, 8, 61, 17, 549
1023, 318, 99, 20, 82, 17, 549
1024, 286, 61, 10, 46, 15, 549
1025, 219, 26, 3, 12, 14, 549
1026, 115, 15, 0, 0, 15, 549
1027, 57, 15, 0, 0, 15, 549
1028, 81, 18, 1, 3, 15, 549
1029, 309, 53, 7, 38, 15, 549
1030, 65, 15, 0, 0, 15, 549
1031, 69, 15, 0, 0, 15, 549
1032, 67, 15, 0, 0, 15, 549
1033, 162, 21, 2, 6, 15, 549
1034, 59, 15, 0, 0, 15, 549
1035, 64, 15, 0, 0, 15, 549
1036, 59, 11, 0, 0, 11, 549
1037, 222, 44, 6, 35, 9, 432
1038, 234, 42, 5, 33, 9, 432
1039, 68, 9, 0, 0, 9, 432
1040, 71, 9, 0, 0, 9, 432
1041, 74, 9, 0, 0, 9, 432
1042, 75, 10, 0, 0, 10, 433
1043, 432, 69, 35, 61, 8, 432
1044, 166, 12, 1, 9, 3, 62
1045, 4, 3, 0, 0, 3, 63
1046, 2, 2, 0, 0, 2, 1
1047, 55, 5, 0, 0, 5, 69
1048, 654, 262, 136, 256, 6, 72
1049, 101, 26, 15, 20, 6, 74
1050, 131, 26, 15, 24, 6, 76
1051, 679, 250, 95, 244, 6, 78
1052, 61, 6, 0, 0, 6, 80
1053, 131, 10, 2, 4, 6, 82
1054, 132, 15, 6, 10, 5, 83
1055, 83, 10, 2, 5, 5, 85
1056, 114, 53, 41, 48, 5, 87
1057, 142, 27, 10, 22, 5, 89
1058, 149, 16, 5, 10, 6, 92
1059, 64, 6, 0, 0, 6, 94
1060, 121, 51, 38, 45, 6, 96
1061, 207, 55, 15, 51, 6, 98
1062, 125, 31, 18, 27, 6, 101
1063, 566, 302, 158, 298, 6, 103
1064, 85, 38, 31, 33, 5, 104
1065, 49, 5, 0, 0, 5, 106
1066, 83, 29, 24, 26, 3, 106
1067, 2, 2, 0, 0, 2, 1
1068, 115, 3, 0, 0, 3, 641
1069, 860, 583, 358, 582, 5, 642
1070, 327, 84, 11, 79, 5, 643
1071, 39, 5, 0, 0, 5, 643
1072, 68, 31, 2, 26, 5, 643
1073, 209, 44, 9, 39, 5, 643
1074, 139, 22, 2, 17, 5, 643
1075, 109, 60, 5, 55, 5, 643
1076, 129, 14, 1, 9, 5, 643
1077, 40, 5, 0, 0, 5, 643
1078, 183, 27, 3, 22, 5, 643
1079, 40, 5, 0, 0, 5, 643
1080, 77, 11, 1, 6, 5, 643
1081, 40, 5, 0, 0, 5, 643
1082, 222, 89, 14, 84, 5, 643
1083, 293, 160, 32, 155, 5, 643
1084, 320, 205, 68, 200, 5, 643
1085, 296, 140, 43, 135, 5, 643
1086, 277, 107, 13, 102, 5, 643
1087, 431, 260, 73, 251, 9, 689
1088, 523, 397, 237, 388, 9, 691
1089, 320, 85, 26, 76, 9, 693
1090, 295, 62, 10, 52, 10, 695
1091, 251, 69, 18, 59, 10, 697
1092, 284, 126, 79, 117, 9, 699
1093, 92, 9, 0, 0, 9, 701
1094, 544, 353, 216, 344, 9, 703
1095, 676, 345, 126, 335, 10, 757
1096, 780, 286, 92, 276, 10, 758
1097, 124, 25, 8, 15, 10, 759
1098, 60, 21, 5, 11, 10, 759
1099, 49, 21, 6, 12, 9, 759
1100, 58, 12, 2, 6, 6, 759
1101, 63, 28, 15, 22, 6, 759
1102, 28, 6, 0, 0, 6, 759
1103, 63, 12, 2, 6, 6, 759
1104, 66, 12, 3, 6, 6, 759
1105, 67, 26, 13, 20, 6, 759
1106, 40, 6, 0, 0, 6, 759
1107, 43, 6, 0, 0, 6, 759
1108, 70, 16, 5, 10, 6, 759
1109, 49, 6, 0, 0, 6, 759
1110, 52, 6, 0, 0, 6, 759
1111, 53, 5, 0, 0, 5, 759
1112, 58, 6, 0, 0, 6, 759
1113, 61, 6, 0, 0, 6, 759
1114, 64, 6, 0, 0, 6, 759
1115, 67, 9, 1, 3, 6, 759
1116, 70, 6, 0, 0, 6, 759
1117, 7, 5, 0, 0, 5, 759
1118, 8, 3, 0, 0, 3, 759
1119, 2, 2, 0, 0, 2, 1
1120, 91, 3, 0, 0, 3, 155
1121, 544, 444, 336, 443, 7, 157
1122, 267, 111, 31, 103, 8, 159
1123, 162, 45, 5, 36, 9, 161
1124, 83, 13, 1, 3, 10, 164
1125, 50, 9, 0, 0, 9, 165
1126, 108, 12, 1, 3, 9, 167
1127, 89, 13, 1, 10, 6, 167
1128, 118, 20, 6, 19, 5, 62
1129, 82, 5, 0, 0, 5, 62
1130, 228, 91, 36, 89, 7, 704
1131, 175, 46, 15, 40, 6, 706
1132, 67, 6, 0, 0, 6, 708
1133, 69, 6, 0, 0, 6, 710
1134, 87, 19, 2, 13, 6, 713
1135, 78, 11, 3, 5, 6, 715
1136, 139, 15, 2, 9, 6, 717
1137, 261, 38, 8, 32, 6, 719
1138, 71, 6, 0, 0, 6, 721
1139, 63, 6, 0, 0, 6, 723
1140, 292, 49, 6, 43, 6, 725
1141, 309, 50, 14, 44, 6, 727
1142, 74, 10, 2, 4, 6, 729
1143, 110, 9, 1, 3, 6, 731
1144, 62, 6, 0, 0, 6, 733
1145, 263, 35, 6, 29, 6, 735
1146, 215, 58, 8, 52, 6, 737
1147, 198, 51, 13, 46, 6, 739
1148, 115, 23, 4, 19, 6, 741
1149, 71, 6, 0, 0, 6, 743
1150, 64, 8, 1, 3, 6, 745
1151, 64, 6, 0, 0, 6, 747
1152, 65, 6, 0, 0, 6, 749
1153, 67, 5, 0, 0, 5, 751
1154, 61, 5, 0, 0, 5, 753
1155, 84, 9, 0, 0, 9, 755
1156, 85, 11, 0, 0, 11, 757
1157, 86, 13, 0, 0, 13, 759
1158, 64, 13, 0, 0, 13, 761
1159, 64, 13, 0, 0, 13, 763
1160, 62, 14, 0, 0, 14, 765
1161, 62, 14, 0, 0, 14, 767
1162, 60, 13, 0, 0, 13, 769
1163, 72, 13, 0, 0, 13, 771
1164, 121, 14, 0, 0, 14, 826
1165, 129, 21, 1, 6, 15, 828
1166, 238, 63, 12, 51, 12, 828
1167, 82, 12, 0, 0, 12, 828
1168, 266, 64, 12, 52, 12, 828
1169, 259, 62, 7, 51, 11, 828
1170, 93, 7, 0, 0, 7, 828
1171, 68, 5, 0, 0, 5, 787
1172, 192, 27, 5, 21, 6, 790
1173, 486, 186, 61, 180, 6, 792
1174, 352, 63, 10, 57, 6, 794
1175, 77, 6, 0, 0, 6, 796
1176, 70, 6, 0, 0, 6, 798
1177, 74, 9, 4, 7, 6, 800
1178, 73, 6, 0, 0, 6, 802
1179, 74, 10, 3, 5, 6, 804
1180, 72, 6, 0, 0, 6, 806
1181, 70, 6, 0, 0, 6, 808
1182, 74, 9, 1, 3, 6, 810
1183, 73, 6, 0, 0, 6, 812
1184, 76, 10, 3, 5, 6, 814
1185, 72, 6, 0, 0, 6, 816
1186, 105, 15, 2, 9, 6, 818
1187, 73, 6, 0, 0, 6, 820
1188, 75, 8, 1, 3, 6, 822
1189, 75, 6, 0, 0, 6, 824
1190, 73, 7, 1, 3, 6, 826
1191, 74, 7, 1, 3, 6, 828
1192, 74, 5, 0, 0, 5, 830
1193, 69, 6, 0, 0, 6, 833
1194, 72, 6, 0, 0, 6, 835
1195, 71, 7, 0, 0, 7, 836
1196, 72, 7, 0, 0, 7, 837
1197, 74, 6, 0, 0, 6, 80
1198, 36, 6, 0, 0, 6, 80
1199, 353, 103, 19, 95, 8, 235
1200, 366, 130, 28, 129, 12, 237
1201, 231, 75, 25, 73, 13, 239
1202, 72, 13, 0, 0, 13, 241
1203, 111, 17, 2, 4, 13, 243
1204, 112, 14, 1, 3, 11, 245
1205, 199, 20, 2, 16, 4, 246
1206, 60, 3, 0, 0, 3, 247
1207, 114, 28, 16, 26, 2, 1
1208, 117, 8, 1, 3, 5, 253
1209, 267, 51, 9, 46, 5, 255
1210, 73, 13, 4, 8, 5, 257
1211, 78, 23, 11, 18, 5, 259
1212, 277, 50, 10, 46, 5, 261
1213, 361, 114, 21, 109, 5, 263
1214, 61, 5, 0, 0, 5, 265
1215, 139, 49, 8, 44, 5, 267
1216, 436, 131, 71, 126, 5, 269
1217, 56, 5, 0, 0, 5, 271
1218, 58, 5, 0, 0, 5, 273
1219, 60, 5, 0, 0, 5, 275
1220, 52, 5, 0, 0, 5, 277
1221, 562, 234, 98, 228, 6, 280
1222, 57, 6, 0, 0, 6, 282
1223, 59, 6, 0, 0, 6, 284
1224, 61, 5, 0, 0, 5, 286
1225, 470, 214, 53, 209, 5, 288
1226, 53, 4, 0, 0, 4, 289
1227, 5, 3, 0, 0, 3, 290
1228, 2, 2, 0, 0, 2, 1
1229, 92, 4, 0, 0, 4, 931
1230, 1013, 871, 678, 870, 5, 932
1231, 396, 89, 16, 83, 6, 933
1232, 267, 41, 5, 36, 5, 932
1233, 150, 18, 2, 13, 5, 932
1234, 71, 5, 0, 0, 5, 932
1235, 222, 80, 18, 74, 6, 933
1236, 123, 12, 1, 7, 5, 932
1237, 71, 5, 0, 0, 5, 932
1238, 141, 22, 1, 17, 5, 932
1239, 254, 73, 9, 68, 5, 932
1240, 336, 98, 19, 93, 5, 932
1241, 171, 46, 3, 41, 5, 932
1242, 347, 90, 22, 85, 5, 932
1243, 391, 122, 18, 117, 5, 932
1244, 177, 30, 3, 25, 5, 932
1245, 289, 75, 11, 70, 5, 932
1246, 66, 5, 0, 0, 5, 932
1247, 355, 138, 61, 132, 6, 976
1248, 635, 298, 107, 290, 8, 979
1249, 819, 597, 327, 589, 8, 981
1250, 699, 366, 77, 358, 8, 983
1251, 74, 8, 0, 0, 8, 985
1252, 779, 430, 202, 420, 10, 987
1253, 738, 424, 191, 416, 8, 989
1254, 560, 253, 126, 244, 9, 991
1255, 638, 381, 142, 373, 8, 993
1256, 57, 9, 0, 0, 9, 1046
1257, 60, 9, 0, 0, 9, 1047
1258, 63, 9, 0, 0, 9, 1048
1259, 66, 9, 0, 0, 9, 1048
1260, 108, 11, 1, 3, 8, 1048
1261, 110, 7, 0, 0, 7, 1048
1262, 50, 6, 0, 0, 6, 1049
1263, 51, 9, 1, 3, 6, 1049
1264, 52, 6, 0, 0, 6, 1049
1265, 53, 26, 18, 20, 6, 1049
1266, 52, 14, 5, 9, 5, 1048
1267, 52, 8, 1, 3, 5, 1048
1268, 52, 5, 0, 0, 5, 1048
1269, 53, 12, 4, 6, 6, 1049
1270, 53, 6, 0, 0, 6, 1049
1271, 52, 13, 4, 8, 5, 1048
1272, 52, 5, 0, 0, 5, 1048
1273, 52, 5, 0, 0, 5, 1048
1274, 52, 8, 1, 3, 5, 1048
1275, 52, 7, 1, 3, 5, 1048
1276, 52, 5, 0, 0, 5, 1048
1277, 52, 5, 0, 0, 5, 1048
1278, 53, 5, 0, 0, 5, 1049
1279, 52, 3, 0, 0, 3, 1048
1280, 2, 2, 0, 0, 2, 1
1281, 68, 3, 0, 0, 3, 339
1282, 987, 919, 865, 918, 7, 341
1283, 182, 43, 5, 35, 8, 343
1284, 27, 9, 0, 0, 9, 345
1285, 30, 9, 0, 0, 9, 347
1286, 32, 9, 0, 0, 9, 349
1287, 34, 9, 0, 0, 9, 350
1288, 36, 8, 0, 0, 8, 351
1289, 37, 6, 0, 0, 6, 63
1290, 136, 15, 1, 7, 8, 992
1291, 97, 22, 2, 15, 7, 994
1292, 99, 13, 1, 6, 7, 996
1293, 102, 25, 4, 19, 6, 998
1294, 104, 6, 0, 0, 6, 1001
1295, 141, 17, 3, 11, 6, 1003
1296, 60, 6, 0, 0, 6, 1005
1297, 59, 6, 0, 0, 6, 1007
1298, 78, 9, 1, 3, 6, 1009
1299, 63, 6, 0, 0, 6, 1011
1300, 65, 6, 0, 0, 6, 1013
1301, 81, 10, 3, 8, 6, 1015
1302, 70, 7, 1, 3, 6, 1017
1303, 72, 7, 1, 3, 6, 1019
1304, 73, 6, 0, 0, 6, 1021
1305, 61, 9, 1, 3, 6, 1023
1306, 54, 7, 2, 6, 6, 1025
1307, 55, 6, 0, 0, 6, 1027
1308, 57, 6, 0, 0, 6, 1029
1309, 60, 8, 3, 7, 6, 1031
1310, 61, 6, 0, 0, 6, 1033
1311, 64, 6, 0, 0, 6, 1035
1312, 67, 6, 0, 0, 6, 1037
1313, 149, 14, 3, 9, 6, 1039
1314, 128, 9, 1, 3, 6, 1041
1315, 227, 52, 10, 47, 5, 1043
1316, 163, 49, 8, 48, 7, 1045
1317, 36, 11, 0, 0, 11, 1047
1318, 36, 12, 0, 0, 12, 1049
1319, 36, 13, 0, 0, 13, 1051
1320, 56, 13, 0, 0, 13, 1053
1321, 61, 18, 1, 6, 12, 1055
1322, 145, 20, 1, 6, 14, 1057
1323, 100, 19, 1, 7, 12, 1059
1324, 63, 36, 2, 23, 13, 1061
1325, 57, 24, 1, 12, 12, 1063
1326, 45, 13, 0, 0, 13, 1116
1327, 59, 24, 1, 12, 12, 1117
1328, 49, 13, 0, 0, 13, 1118
1329, 51, 12, 0, 0, 12, 1118
1330, 54, 11, 0, 0, 11, 1118
1331, 52, 7, 0, 0, 7, 1075
1332, 50, 5, 0, 0, 5, 1077
1333, 52, 5, 0, 0, 5, 1079
1334, 55, 6, 0, 0, 6, 1082
1335, 57, 6, 0, 0, 6, 1084
1336, 59, 6, 0, 0, 6, 1086
1337, 61, 6, 0, 0, 6, 1088
1338, 63, 6, 0, 0, 6, 1090
1339, 65, 6, 0, 0, 6, 1092
1340, 67, 6, 0, 0, 6, 1094
1341, 69, 7, 2, 6, 6, 1096
1342, 71, 6, 0, 0, 6, 1098
1343, 39, 13, 8, 12, 6, 1100
1344, 41, 9, 1, 3, 6, 1102
1345, 36, 6, 0, 0, 6, 1104
1346, 38, 6, 0, 0, 6, 1106
1347, 40, 6, 0, 0, 6, 1108
1348, 45, 9, 1, 3, 6, 1110
1349, 198, 23, 4, 17, 6, 1112
1350, 167, 24, 4, 18, 6, 1114
1351, 161, 32, 3, 26, 6, 1116
1352, 482, 206, 128, 200, 6, 1118
1353, 354, 78, 7, 73, 5, 1120
1354, 330, 155, 20, 154, 5, 1122
1355, 413, 119, 37, 114, 5, 1124
1356, 75, 6, 0, 0, 6, 1125
1357, 208, 47, 12, 41, 6, 1126
1358, 195, 46, 25, 41, 5, 79
1359, 65, 12, 1, 6, 6, 80
1360, 36, 9, 0, 0, 9, 419
1361, 56, 11, 0, 0, 11, 421
1362, 59, 13, 0, 0, 13, 423
1363, 61, 13, 0, 0, 13, 425
1364, 63, 13, 0, 0, 13, 427
1365, 84, 10, 0, 0, 10, 429
1366, 215, 117, 49, 113, 4, 430
1367, 121, 33, 26, 30, 3, 431
1368, 2, 2, 0, 0, 2, 1
1369, 80, 6, 0, 0, 6, 438
1370, 596, 349, 153, 343, 6, 440
1371, 1001, 626, 375, 621, 5, 441
1372, 59, 5, 0, 0, 5, 443
1373, 920, 477, 170, 472, 5, 445
1374, 1004, 530, 159, 525, 5, 447
1375, 73, 5, 0, 0, 5, 449
1376, 58, 5, 0, 0, 5, 451
1377, 820, 504, 163, 499, 5, 453
1378, 584, 190, 42, 185, 5, 455
1379, 101, 13, 4, 8, 5, 457
1380, 79, 9, 3, 8, 5, 459
1381, 78, 8, 1, 3, 5, 461
1382, 618, 196, 49, 191, 5, 463
1383, 78, 6, 1, 3, 4, 464
1384, 85, 14, 8, 12, 2, 1
1385, 2, 2, 0, 0, 2, 1
1386, 2, 2, 0, 0, 2, 1
1387, 2, 2, 0, 0, 2, 1
1388, 2, 2, 0, 0, 2, 1
1389, 2, 2, 0, 0, 2, 1
1390, 81, 4, 0, 0, 4, 1282
1391, 1187, 953, 638, 952, 5, 1284
1392, 918, 468, 158, 462, 6, 1286
1393, 201, 73, 7, 67, 6, 1288
1394, 859, 447, 157, 441, 6, 1290
1395, 589, 229, 48, 223, 6, 1292
1396, 597, 201, 46, 195, 6, 1294
1397, 616, 216, 51, 210, 6, 1296
1398, 169, 49, 4, 44, 5, 1298
1399, 121, 12, 1, 7, 5, 1300
1400, 92, 5, 0, 0, 5, 1302
1401, 83, 5, 0, 0, 5, 1304
1402, 84, 5, 0, 0, 5, 1306
1403, 85, 5, 0, 0, 5, 1308
1404, 155, 12, 1, 7, 5, 1310
1405, 222, 54, 5, 49, 5, 1312
1406, 169, 40, 7, 35, 5, 1314
1407, 143, 8, 1, 3, 5, 1316
1408, 167, 46, 21, 40, 6, 1318
1409, 490, 131, 32, 125, 6, 1320
1410, 584, 171, 61, 166, 5, 1322
1411, 347, 77, 15, 71, 6, 1324
1412, 313, 75, 11, 69, 6, 1326
1413, 368, 88, 13, 83, 5, 1328
1414, 133, 13, 1, 7, 6, 1331
1415, 238, 73, 25, 67, 6, 1333
1416, 389, 126, 32, 119, 7, 1335
1417, 254, 84, 28, 76, 8, 1337
1418, 396, 109, 41, 106, 9, 1339
1419, 159, 15, 1, 6, 9, 1341
1420, 153, 24, 10, 16, 8, 1342
1421, 388, 101, 25, 97, 15, 1344
1422, 470, 180, 69, 165, 15, 1345
1423, 400, 189, 58, 178, 11, 1292
1424, 134, 46, 22, 37, 9, 1292
1425, 84, 9, 0, 0, 9, 1292
1426, 87, 9, 0, 0, 9, 1292
1427, 133, 32, 12, 25, 9, 1292
1428, 93, 9, 0, 0, 9, 1292
1429, 139, 33, 13, 24, 9, 1292
1430, 140, 37, 19, 28, 9, 1292
1431, 139, 10, 1, 3, 7, 1292
1432, 39, 22, 10, 20, 6, 1252
1433, 34, 9, 1, 3, 6, 1254
1434, 47, 37, 21, 35, 6, 1256
1435, 35, 9, 1, 3, 6, 1258
1436, 50, 28, 12, 26, 6, 1260
1437, 20, 6, 0, 0, 6, 1262
1438, 22, 6, 0, 0, 6, 1264
1439, 24, 6, 0, 0, 6, 1266
1440, 51, 20, 10, 14, 6, 1268
1441, 28, 6, 0, 0, 6, 1270
1442, 54, 9, 1, 3, 6, 1272
1443, 32, 6, 0, 0, 6, 1274
1444, 34, 6, 0, 0, 6, 1276
1445, 51, 13, 3, 7, 6, 1278
1446, 54, 15, 3, 9, 6, 1280
1447, 56, 12, 2, 6, 6, 1282
1448, 55, 9, 1, 3, 6, 1284
1449, 44, 6, 0, 0, 6, 1286
1450, 46, 14, 3, 13, 6, 1288
1451, 48, 22, 9, 21, 6, 1290
1452, 50, 17, 4, 12, 6, 1292
1453, 57, 34, 19, 33, 6, 1294
1454, 63, 37, 12, 31, 6, 1296
1455, 59, 26, 14, 25, 6, 1298
1456, 58, 13, 1, 7, 6, 1300
1457, 68, 27, 8, 23, 4, 1301
1458, 2, 2, 0, 0, 2, 1
1459, 2, 2, 0, 0, 2, 1
1460, 147, 5, 0, 0, 5, 542
1461, 1320, 1217, 1183, 1216, 8, 544
1462, 153, 29, 7, 21, 8, 544
1463, 70, 5, 0, 0, 5, 80
1464, 83, 10, 1, 5, 5, 80
1465, 66, 5, 0, 0, 5, 80
1466, 67, 5, 0, 0, 5, 80
1467, 64, 5, 0, 0, 5, 80
1468, 63, 5, 0, 0, 5, 80
1469, 81, 12, 1, 6, 6, 1360
1470, 79, 9, 0, 0, 9, 1362
1471, 79, 6, 0, 0, 6, 1363
1472, 34, 6, 0, 0, 6, 1363
1473, 35, 6, 0, 0, 6, 1363
1474, 35, 6, 0, 0, 6, 1363
1475, 36, 6, 0, 0, 6, 1363
1476, 36, 6, 0, 0, 6, 1363
1477, 36, 6, 0, 0, 6, 1363
1478, 36, 6, 0, 0, 6, 1363
1479, 36, 6, 0, 0, 6, 1363
1480, 79, 17, 2, 11, 6, 1363
1481, 83, 26, 3, 20, 6, 1363
1482, 36, 5, 0, 0, 5, 1363
1483, 464, 235, 126, 229, 6, 1363
1484, 496, 257, 87, 252, 5, 1363
1485, 36, 5, 0, 0, 5, 1363
1486, 602, 306, 70, 301, 5, 1363
1487, 42, 6, 0, 0, 6, 1363
1488, 67, 12, 0, 0, 12, 1408
1489, 70, 14, 0, 0, 14, 1410
1490, 495, 159, 20, 147, 12, 1412
1491, 71, 15, 0, 0, 15, 1414
1492, 646, 307, 74, 289, 18, 1415
1493, 655, 250, 56, 232, 18, 1416
1494, 79, 14, 0, 0, 14, 1363
1495, 234, 59, 33, 47, 12, 1363
1496, 424, 104, 33, 92, 12, 1363
1497, 109, 19, 1, 7, 12, 1363
1498, 323, 57, 10, 45, 12, 1363
1499, 182, 19, 1, 7, 12, 1363
1500, 99, 12, 0, 0, 12, 1363
1501, 104, 10, 0, 0, 10, 1363
1502, 247, 39, 7, 32, 7, 1363
1503, 49, 5, 0, 0, 5, 1363
1504, 63, 5, 0, 0, 5, 1363
1505, 61, 5, 0, 0, 5, 1363
1506, 337, 45, 8, 40, 5, 1363
1507, 48, 5, 0, 0, 5, 1363
1508, 258, 38, 7, 33, 5, 1363
1509, 49, 5, 0, 0, 5, 1363
1510, 469, 96, 31, 91, 5, 1363
1511, 49, 5, 0, 0, 5, 1363
1512, 49, 5, 0, 0, 5, 1363
1513, 669, 275, 162, 270, 5, 1363
1514, 532, 154, 34, 149, 5, 1363
1515, 336, 82, 9, 77, 5, 1363
1516, 118, 25, 2, 20, 5, 1363
1517, 443, 156, 45, 151, 5, 1363
1518, 103, 8, 0, 0, 8, 1363
1519, 969, 595, 338, 587, 8, 1363
1520, 398, 228, 91, 222, 6, 63
1521, 487, 217, 63, 211, 9, 603
1522, 84, 10, 0, 0, 10, 605
1523, 395, 79, 13, 71, 8, 606
1524, 710, 287, 58, 282, 5, 608
1525, 156, 20, 3, 15, 5, 610
1526, 108, 5, 0, 0, 5, 612
1527, 104, 5, 0, 0, 5, 614
1528, 136, 11, 1, 6, 5, 616
1529, 105, 5, 0, 0, 5, 618
1530, 618, 253, 78, 251, 5, 620
1531, 100, 5, 0, 0, 5, 622
1532, 717, 284, 82, 283, 4, 623
1533, 574, 312, 106, 311, 4, 625
1534, 102, 5, 0, 0, 5, 628
1535, 599, 293, 102, 288, 5, 630
1536, 416, 147, 22, 142, 5, 632
1537, 563, 180, 44, 175, 5, 634
1538, 642, 173, 31, 168, 5, 636
1539, 156, 16, 3, 11, 5, 638
1540, 109, 7, 1, 3, 5, 640
1541, 691, 187, 53, 183, 4, 642
1542, 110, 12, 5, 7, 5, 645
1543, 125, 27, 8, 24, 5, 647
1544, 143, 29, 14, 24, 5, 649
1545, 134, 21, 8, 16, 5, 651
1546, 120, 15, 3, 12, 5, 653
1547, 111, 10, 1, 5, 5, 655
1548, 73, 8, 1, 6, 4, 656
1549, 7, 3, 0, 0, 3, 657
1550, 93, 8, 1, 6, 2, 1
1551, 2, 2, 0, 0, 2, 1
1552, 2, 2, 0, 0, 2, 1
1553, 2, 2, 0, 0, 2, 1
1554, 2, 2, 0, 0, 2, 1
1555, 2, 2, 0, 0, 2, 1
1556, 2, 2, 0, 0, 2, 1
1557, 2, 2, 0, 0, 2, 1
1558, 2, 2, 0, 0, 2, 1
1559, 2, 2, 0, 0, 2, 1
1560, 2, 2, 0, 0, 2, 1
1561, 2, 2, 0, 0, 2, 1
1562, 2, 2, 0, 0, 2, 1
1563, 2, 2, 0, 0, 2, 1
1564, 2, 2, 0, 0, 2, 1
1565, 2, 2, 0, 0, 2, 1
1566, 2, 2, 0, 0, 2, 1
1567, 2, 2, 0, 0, 2, 1
1568, 2, 2, 0, 0, 2, 1
1569, 2, 2, 0, 0, 2, 1
1570, 2, 2, 0, 0, 2, 1
1571, 2, 2, 0, 0, 2, 1
1572, 2, 2, 0, 0, 2, 1
1573, 2, 2, 0, 0, 2, 1
1574, 2, 2, 0, 0, 2, 1
1575, 2, 2, 0, 0, 2, 1
1576, 2, 2, 0, 0, 2, 1
1577, 2, 2, 0, 0, 2, 1
1578, 2, 2, 0, 0, 2, 1
1579, 2, 2, 0, 0, 2, 1
1580, 2, 2, 0, 0, 2, 1
1581, 3, 2, 0, 0, 2, 1
1582, 2, 2, 0, 0, 2, 1
1583, 2, 2, 0, 0, 2, 1
1584, 2, 2, 0, 0, 2, 1
1585, 2, 2, 0, 0, 2, 1
1586, 2, 2, 0, 0, 2, 1
1587, 2, 2, 0, 0, 2, 1
1588, 2, 2, 0, 0, 2, 1
1589, 2, 2, 0, 0, 2, 1
1590, 2, 2, 0, 0, 2, 1
1591, 2, 2, 0, 0, 2, 1
1592, 2, 2, 0, 0, 2, 1
1593, 2, 2, 0, 0, 2, 1
1594, 2, 2, 0, 0, 2, 1
1595, 2, 2, 0, 0, 2, 1
1596, 2, 2, 0, 0, 2, 1
1597, 2, 2, 0, 0, 2, 1
1598, 2, 2, 0, 0, 2, 1
1599, 2, 2, 0, 0, 2, 1
1600, 2, 2, 0, 0, 2, 1
1601, 2, 2, 0, 0, 2, 1
1602, 2, 2, 0, 0, 2, 1
1603, 2, 2, 0, 0, 2, 1
1604, 2, 2, 0, 0, 2, 1
1605, 2, 2, 0, 0, 2, 1
1606, 2, 2, 0, 0, 2, 1
1607, 2, 2, 0, 0, 2, 1
1608, 2, 2, 0, 0, 2, 1
1609, 2, 2, 0, 0, 2, 1
1610, 2, 2, 0, 0, 2, 1
1611, 3, 2, 0, 0, 2, 1
1612, 2, 2, 0, 0, 2, 1
1613, 2, 2, 0, 0, 2, 1
1614, 193, 4, 0, 0, 4, 1572
1615, 1571, 1571, 1566, 1569, 5, 1574
1616, 1577, 1562, 1555, 1557, 5, 1576
1617, 1575, 1568, 1561, 1563, 5, 1578
1618, 1576, 1573, 1561, 1568, 5, 1580
1619, 1583, 1583, 1573, 1578, 5, 1582
1620, 1567, 1534, 1473, 1529, 5, 1584
1621, 1582, 1580, 1567, 1575, 5, 1586
1622, 1400, 1095, 1026, 1090, 5, 1588
1623, 1589, 1581, 1569, 1576, 5, 1590
1624, 1588, 1532, 1399, 1527, 5, 1592
1625, 1593, 1583, 1575, 1578, 5, 1594
1626, 1597, 1591, 1583, 1586, 5, 1596
1627, 1599, 1591, 1583, 1586, 5, 1598
1628, 1601, 1591, 1583, 1586, 5, 1600
1629, 1553, 1464, 1351, 1459, 5, 1602
1630, 1605, 1597, 1588, 1592, 5, 1604
1631, 1607, 1597, 1589, 1592, 5, 1606
1632, 1566, 1528, 1495, 1523, 5, 1608
1633, 1611, 1605, 1589, 1600, 5, 1610
1634, 1613, 1609, 1601, 1604, 5, 1612
1635, 1615, 1597, 1590, 1592, 5, 1614
1636, 1617, 1609, 1601, 1604, 5, 1616
1637, 1619, 1611, 1600, 1606, 5, 1618
1638, 1621, 1611, 1603, 1606, 5, 1620
1639, 1619, 1599, 1581, 1594, 5, 1622
1640, 1574, 1566, 1534, 1561, 5, 1624
1641, 894, 519, 331, 513, 6, 1627
1642, 1620, 1590, 1568, 1584, 6, 1629
1643, 1632, 1626, 1610, 1620, 6, 1631
1644, 1622, 1618, 1606, 1612, 6, 1633
1645, 1636, 1622, 1608, 1616, 6, 1635
1646, 1638, 1632, 1623, 1626, 6, 1637
1647, 1640, 1637, 1620, 1631, 6, 1639
1648, 1642, 1637, 1621, 1631, 6, 1641
1649, 1614, 1584, 1576, 1578, 6, 1643
1650, 1620, 1602, 1594, 1596, 6, 1645
1651, 1601, 1557, 1530, 1551, 6, 1647
1652, 1650, 1645, 1636, 1639, 6, 1649
1653, 1629, 1611, 1596, 1605, 6, 1651
1654, 1654, 1643, 1625, 1637, 6, 1653
1655, 1622, 1573, 1556, 1568, 5, 1654
1656, 1622, 1569, 1559, 1567, 2, 1
1657, 2, 2, 0, 0, 2, 1
1658, 2, 2, 0, 0, 2, 1
1659, 2, 2, 0, 0, 2, 1
1660, 2, 2, 0, 0, 2, 1
