Step, Total affected keys, Total marked keys, Relinearize keys, Relinearize affected keys, New factors affected keys, Depth
2, 3, 3, 0, 0, 3, 2
3, 2, 2, 0, 0, 2, 1
4, 3, 2, 0, 0, 2, 1
5, 2, 2, 0, 0, 2, 1
6, 2, 2, 0, 0, 2, 1
7, 2, 2, 0, 0, 2, 1
8, 2, 2, 0, 0, 2, 1
9, 2, 2, 0, 0, 2, 1
10, 2, 2, 0, 0, 2, 1
11, 2, 2, 0, 0, 2, 1
12, 2, 2, 0, 0, 2, 1
13, 2, 2, 0, 0, 2, 1
14, 2, 2, 0, 0, 2, 1
15, 2, 2, 0, 0, 2, 1
16, 2, 2, 0, 0, 2, 1
17, 2, 2, 0, 0, 2, 1
18, 2, 2, 0, 0, 2, 1
19, 2, 2, 0, 0, 2, 1
20, 2, 2, 0, 0, 2, 1
21, 2, 2, 0, 0, 2, 1
22, 2, 2, 0, 0, 2, 1
23, 2, 2, 0, 0, 2, 1
24, 2, 2, 0, 0, 2, 1
25, 2, 2, 0, 0, 2, 1
26, 2, 2, 0, 0, 2, 1
27, 2, 2, 0, 0, 2, 1
28, 2, 2, 0, 0, 2, 1
29, 2, 2, 0, 0, 2, 1
30, 2, 2, 0, 0, 2, 1
31, 2, 2, 0, 0, 2, 1
32, 2, 2, 0, 0, 2, 1
33, 2, 2, 0, 0, 2, 1
34, 2, 2, 0, 0, 2, 1
35, 3, 2, 0, 0, 2, 1
36, 2, 2, 0, 0, 2, 1
37, 2, 2, 0, 0, 2, 1
38, 2, 2, 0, 0, 2, 1
39, 2, 2, 0, 0, 2, 1
40, 2, 2, 0, 0, 2, 1
41, 2, 2, 0, 0, 2, 1
42, 2, 2, 0, 0, 2, 1
43, 2, 2, 0, 0, 2, 1
44, 2, 2, 0, 0, 2, 1
45, 2, 2, 0, 0, 2, 1
46, 2, 2, 0, 0, 2, 1
47, 2, 2, 0, 0, 2, 1
48, 2, 2, 0, 0, 2, 1
49, 2, 2, 0, 0, 2, 1
50, 50, 3, 0, 0, 3, 50
51, 52, 37, 33, 35, 3, 50
52, 53, 48, 43, 46, 3, 50
53, 54, 54, 51, 53, 3, 50
54, 54, 33, 26, 31, 3, 50
55, 54, 28, 20, 26, 3, 50
56, 56, 46, 42, 45, 3, 50
57, 57, 41, 35, 40, 3, 50
58, 58, 32, 23, 31, 3, 50
59, 59, 32, 25, 31, 3, 50
60, 29, 10, 3, 8, 3, 50
61, 23, 3, 0, 0, 3, 50
62, 62, 40, 34, 39, 3, 50
63, 63, 39, 32, 38, 3, 50
64, 64, 34, 28, 33, 3, 50
65, 65, 40, 31, 39, 3, 50
66, 35, 5, 1, 3, 3, 50
67, 67, 29, 22, 27, 3, 50
68, 68, 40, 32, 39, 3, 50
69, 69, 31, 23, 29, 3, 50
70, 42, 3, 0, 0, 3, 50
71, 60, 14, 5, 13, 3, 50
72, 72, 41, 22, 40, 3, 50
73, 69, 22, 8, 20, 3, 50
74, 56, 19, 7, 18, 3, 50
75, 75, 45, 35, 44, 3, 50
76, 76, 32, 17, 31, 3, 50
77, 74, 26, 14, 25, 3, 50
78, 78, 43, 22, 42, 3, 50
79, 79, 58, 47, 57, 3, 50
80, 80, 56, 41, 55, 3, 50
81, 81, 66, 52, 65, 3, 50
82, 82, 52, 42, 51, 3, 50
83, 83, 66, 45, 65, 3, 50
84, 84, 58, 46, 57, 3, 50
85, 85, 30, 13, 28, 3, 50
86, 86, 34, 14, 31, 3, 50
87, 87, 30, 23, 29, 3, 50
88, 88, 19, 4, 16, 3, 50
89, 89, 19, 11, 18, 3, 50
90, 90, 38, 16, 36, 3, 50
91, 91, 40, 17, 39, 3, 50
92, 92, 32, 17, 31, 3, 50
93, 93, 60, 37, 59, 3, 50
94, 94, 36, 12, 34, 3, 50
95, 95, 39, 29, 38, 3, 50
96, 96, 76, 63, 75, 3, 50
97, 97, 29, 11, 28, 3, 50
98, 98, 69, 49, 68, 3, 50
99, 99, 82, 73, 81, 3, 50
100, 100, 60, 36, 59, 3, 50
101, 100, 87, 73, 85, 3, 50
102, 89, 79, 55, 77, 3, 50
103, 101, 90, 62, 89, 3, 50
104, 82, 62, 34, 59, 3, 50
105, 81, 60, 24, 57, 3, 50
106, 81, 51, 39, 48, 3, 50
107, 53, 39, 20, 37, 3, 50
108, 71, 36, 20, 34, 3, 50
109, 86, 72, 54, 71, 3, 50
110, 97, 82, 71, 81, 3, 50
111, 88, 68, 61, 67, 3, 50
112, 86, 69, 40, 68, 3, 50
113, 82, 53, 29, 52, 3, 50
114, 76, 52, 23, 50, 3, 50
115, 83, 57, 47, 56, 3, 50
116, 90, 69, 50, 68, 3, 50
117, 104, 89, 65, 88, 3, 50
118, 98, 73, 52, 72, 3, 50
119, 105, 88, 50, 87, 3, 50
120, 88, 60, 38, 59, 3, 50
121, 84, 59, 29, 58, 3, 50
122, 95, 72, 53, 71, 3, 50
123, 102, 87, 62, 86, 3, 50
124, 72, 36, 27, 35, 3, 50
125, 108, 93, 76, 92, 3, 50
126, 91, 64, 48, 63, 3, 50
127, 78, 44, 20, 42, 3, 50
128, 100, 84, 58, 83, 3, 50
129, 96, 79, 51, 77, 3, 50
130, 105, 90, 62, 89, 3, 50
131, 98, 79, 59, 78, 3, 50
132, 72, 34, 20, 33, 3, 50
133, 79, 46, 29, 45, 3, 50
134, 77, 39, 16, 38, 3, 50
135, 109, 86, 42, 85, 3, 50
136, 109, 101, 77, 100, 3, 50
137, 101, 87, 52, 86, 3, 50
138, 102, 77, 43, 75, 3, 50
139, 96, 70, 39, 69, 3, 50
140, 77, 52, 28, 51, 3, 50
141, 109, 93, 60, 92, 3, 50
142, 102, 74, 40, 72, 3, 50
143, 101, 90, 62, 88, 3, 50
144, 124, 106, 71, 105, 3, 50
145, 129, 117, 84, 116, 3, 50
146, 125, 114, 93, 113, 3, 50
147, 127, 105, 68, 103, 3, 50
148, 129, 113, 78, 111, 3, 50
149, 142, 137, 117, 136, 3, 50
150, 112, 91, 75, 88, 3, 50
151, 133, 127, 111, 126, 3, 50
152, 133, 117, 97, 115, 3, 50
153, 102, 75, 48, 73, 3, 50
154, 116, 92, 62, 90, 3, 50
155, 83, 46, 17, 44, 3, 50
156, 124, 95, 53, 93, 3, 50
157, 136, 118, 99, 117, 3, 50
158, 134, 111, 89, 109, 3, 50
159, 141, 126, 104, 125, 3, 50
160, 152, 136, 107, 135, 3, 50
161, 146, 131, 110, 130, 3, 50
162, 146, 132, 111, 131, 3, 50
163, 151, 142, 121, 141, 3, 50
164, 156, 150, 133, 149, 3, 50
165, 156, 148, 130, 147, 3, 50
166, 159, 150, 132, 149, 3, 50
167, 160, 151, 134, 150, 3, 50
168, 161, 154, 136, 153, 3, 50
169, 161, 155, 137, 154, 3, 50
170, 165, 159, 139, 158, 3, 50
171, 163, 157, 136, 156, 3, 50
172, 163, 157, 136, 156, 3, 50
173, 165, 158, 137, 157, 3, 50
174, 165, 157, 138, 156, 3, 50
175, 166, 158, 137, 157, 3, 50
176, 167, 157, 135, 156, 3, 50
177, 167, 156, 135, 155, 3, 50
178, 168, 158, 140, 157, 3, 50
179, 169, 160, 141, 159, 3, 50
180, 170, 159, 140, 158, 3, 50
181, 172, 163, 141, 162, 3, 50
182, 172, 161, 143, 160, 3, 50
183, 171, 159, 130, 158, 3, 50
184, 170, 158, 137, 157, 3, 50
185, 174, 160, 138, 159, 3, 50
186, 174, 160, 132, 159, 3, 50
187, 170, 153, 124, 152, 3, 50
188, 166, 145, 118, 144, 3, 50
189, 146, 120, 100, 119, 3, 50
190, 122, 103, 84, 101, 3, 50
191, 136, 109, 71, 108, 3, 50
192, 138, 113, 70, 112, 3, 50
193, 146, 111, 77, 109, 3, 50
194, 137, 105, 72, 103, 3, 50
195, 134, 83, 51, 81, 3, 50
196, 88, 41, 22, 39, 3, 50
197, 127, 69, 31, 67, 3, 50
198, 155, 128, 64, 127, 3, 50
199, 165, 140, 93, 138, 3, 50
200, 116, 77, 34, 75, 3, 50
201, 163, 128, 61, 125, 3, 50
202, 161, 126, 89, 124, 3, 50
203, 193, 185, 142, 184, 3, 50
204, 189, 175, 112, 174, 3, 50
205, 192, 176, 131, 175, 3, 50
206, 177, 152, 106, 151, 3, 50
207, 134, 78, 35, 77, 3, 50
208, 182, 164, 132, 163, 3, 50
209, 150, 123, 91, 122, 3, 50
210, 170, 142, 83, 141, 3, 50
211, 185, 163, 102, 162, 3, 50
212, 164, 146, 105, 143, 3, 50
213, 156, 122, 91, 121, 3, 50
214, 136, 85, 53, 82, 3, 50
215, 85, 24, 6, 22, 3, 50
216, 163, 124, 81, 123, 3, 50
217, 113, 47, 15, 46, 3, 50
218, 158, 116, 80, 115, 3, 50
219, 177, 150, 114, 149, 3, 50
220, 161, 124, 73, 123, 3, 50
221, 153, 119, 81, 118, 3, 50
222, 145, 84, 41, 82, 3, 50
223, 169, 133, 108, 132, 3, 50
224, 141, 102, 54, 101, 3, 50
225, 167, 126, 85, 125, 3, 50
226, 160, 117, 69, 116, 3, 50
227, 168, 138, 90, 137, 3, 50
228, 151, 104, 58, 103, 3, 50
229, 157, 110, 60, 109, 3, 50
230, 179, 135, 79, 134, 3, 50
231, 191, 160, 105, 159, 3, 50
232, 153, 115, 69, 113, 3, 50
233, 131, 79, 40, 78, 3, 50
234, 169, 123, 62, 122, 3, 50
235, 151, 104, 47, 102, 3, 50
236, 147, 94, 41, 93, 3, 50
237, 129, 84, 49, 82, 3, 50
238, 155, 105, 50, 104, 3, 50
239, 181, 136, 69, 135, 3, 50
240, 191, 154, 96, 153, 3, 50
241, 189, 150, 79, 149, 3, 50
242, 183, 150, 102, 149, 3, 50
243, 159, 113, 79, 111, 3, 50
244, 167, 114, 53, 113, 3, 50
245, 131, 65, 28, 63, 3, 50
246, 210, 186, 150, 185, 3, 50
247, 208, 179, 152, 177, 3, 50
248, 177, 136, 90, 134, 3, 50
249, 217, 200, 160, 198, 3, 50
250, 193, 156, 119, 154, 3, 50
251, 163, 124, 87, 121, 3, 50
252, 137, 82, 36, 80, 3, 50
253, 225, 201, 129, 200, 3, 50
254, 170, 120, 64, 118, 3, 50
255, 199, 155, 89, 154, 3, 50
256, 194, 153, 110, 152, 3, 50
257, 159, 90, 41, 89, 3, 50
258, 185, 131, 79, 129, 3, 50
259, 211, 170, 99, 169, 3, 50
260, 198, 155, 98, 154, 3, 50
261, 220, 196, 152, 195, 3, 50
262, 226, 188, 140, 186, 3, 50
263, 235, 213, 165, 212, 3, 50
264, 128, 55, 20, 54, 3, 50
265, 147, 81, 46, 79, 3, 50
266, 196, 148, 89, 146, 3, 50
267, 145, 80, 31, 78, 3, 50
268, 159, 95, 50, 93, 3, 50
269, 205, 171, 112, 170, 3, 50
270, 200, 156, 95, 155, 3, 50
271, 197, 165, 114, 164, 3, 50
272, 173, 112, 55, 111, 3, 50
273, 176, 137, 104, 136, 3, 50
274, 148, 90, 52, 89, 3, 50
275, 173, 115, 47, 112, 3, 50
276, 121, 46, 15, 44, 3, 50
277, 137, 55, 15, 52, 3, 50
278, 173, 118, 49, 117, 3, 50
279, 237, 210, 150, 209, 3, 50
280, 245, 218, 147, 217, 3, 50
281, 230, 198, 136, 196, 3, 50
282, 232, 197, 136, 195, 3, 50
283, 195, 143, 81, 142, 3, 50
284, 202, 149, 88, 148, 3, 50
285, 200, 150, 84, 149, 3, 50
286, 203, 155, 89, 154, 3, 50
287, 193, 145, 95, 144, 3, 50
288, 207, 159, 91, 157, 3, 50
289, 176, 115, 59, 114, 3, 50
290, 215, 161, 85, 160, 3, 50
291, 164, 101, 42, 99, 3, 50
292, 130, 58, 21, 56, 3, 50
293, 188, 114, 51, 113, 3, 50
294, 243, 214, 139, 212, 3, 50
295, 185, 128, 55, 127, 3, 50
296, 239, 210, 169, 208, 3, 50
297, 177, 106, 45, 104, 3, 50
298, 233, 193, 146, 191, 3, 50
299, 233, 197, 151, 196, 3, 50
300, 207, 157, 109, 155, 3, 50
301, 186, 131, 77, 129, 3, 50
302, 237, 202, 144, 201, 3, 50
303, 140, 57, 18, 56, 3, 50
304, 244, 216, 160, 215, 3, 50
305, 259, 221, 144, 220, 3, 50
306, 188, 129, 65, 128, 3, 50
307, 280, 258, 212, 257, 3, 50
308, 258, 225, 180, 224, 3, 50
309, 215, 165, 104, 164, 3, 50
310, 150, 63, 24, 61, 3, 50
311, 202, 146, 92, 145, 3, 50
312, 233, 192, 142, 191, 3, 50
313, 192, 136, 71, 135, 3, 50
314, 194, 128, 58, 127, 3, 50
315, 159, 80, 30, 78, 3, 50
316, 172, 106, 52, 105, 3, 50
317, 158, 79, 35, 78, 3, 50
318, 248, 207, 139, 206, 3, 50
319, 268, 227, 153, 226, 3, 50
320, 187, 123, 66, 122, 3, 50
321, 240, 183, 103, 182, 3, 50
322, 209, 140, 66, 139, 3, 50
323, 258, 211, 131, 210, 3, 50
324, 184, 114, 45, 113, 3, 50
325, 181, 95, 33, 94, 3, 50
326, 199, 131, 66, 130, 3, 50
327, 230, 172, 75, 169, 3, 50
328, 196, 116, 53, 115, 3, 50
329, 259, 209, 118, 207, 3, 50
330, 213, 154, 85, 152, 3, 50
331, 257, 197, 114, 195, 3, 50
332, 276, 241, 157, 240, 3, 50
333, 189, 108, 35, 106, 3, 50
334, 228, 167, 89, 166, 3, 50
335, 231, 167, 100, 166, 3, 50
336, 199, 131, 49, 130, 3, 50
337, 196, 142, 80, 141, 3, 50
338, 175, 114, 42, 112, 3, 50
339, 221, 164, 94, 163, 3, 50
340, 140, 59, 26, 56, 3, 50
341, 232, 178, 92, 176, 3, 50
342, 238, 157, 75, 156, 3, 50
343, 236, 182, 99, 180, 3, 50
344, 222, 159, 93, 157, 3, 50
345, 207, 134, 75, 133, 3, 50
346, 186, 107, 51, 105, 3, 50
347, 283, 255, 186, 254, 3, 50
348, 224, 167, 96, 166, 3, 50
349, 274, 231, 165, 228, 3, 50
350, 178, 118, 72, 116, 3, 50
351, 178, 91, 35, 89, 3, 50
352, 249, 184, 97, 182, 3, 50
353, 271, 220, 135, 219, 3, 50
354, 272, 223, 134, 222, 3, 50
355, 260, 198, 123, 197, 3, 50
356, 247, 187, 112, 185, 3, 50
357, 269, 208, 117, 206, 3, 50
358, 233, 155, 67, 154, 3, 50
359, 305, 274, 186, 273, 3, 50
360, 248, 176, 89, 174, 3, 50
361, 228, 149, 63, 147, 3, 50
362, 265, 204, 120, 202, 3, 50
363, 250, 185, 87, 184, 3, 50
364, 300, 260, 201, 259, 3, 50
365, 219, 157, 94, 156, 3, 50
366, 305, 253, 178, 252, 3, 50
367, 229, 156, 76, 154, 3, 50
368, 213, 145, 75, 143, 3, 50
369, 186, 108, 45, 107, 3, 50
370, 215, 134, 61, 133, 3, 50
371, 249, 183, 115, 182, 3, 50
372, 245, 174, 107, 172, 3, 50
373, 219, 117, 57, 116, 3, 50
374, 226, 134, 63, 133, 3, 50
375, 295, 228, 115, 227, 3, 50
376, 289, 230, 127, 229, 3, 50
377, 269, 198, 117, 197, 3, 50
378, 212, 126, 47, 124, 3, 50
379, 261, 188, 118, 187, 3, 50
380, 226, 160, 108, 159, 3, 50
381, 227, 162, 105, 161, 3, 50
382, 201, 125, 70, 124, 3, 50
383, 240, 179, 95, 178, 3, 50
384, 302, 245, 169, 244, 3, 50
385, 241, 171, 113, 170, 3, 50
386, 256, 184, 101, 183, 3, 50
387, 191, 95, 29, 94, 3, 50
388, 210, 123, 59, 121, 3, 50
389, 158, 86, 34, 84, 3, 50
390, 222, 126, 57, 125, 3, 50
391, 151, 70, 28, 69, 3, 50
392, 161, 77, 30, 75, 3, 50
393, 251, 177, 108, 176, 3, 50
394, 268, 197, 109, 196, 3, 50
395, 294, 225, 144, 224, 3, 50
396, 193, 123, 69, 122, 3, 50
397, 319, 265, 186, 263, 3, 50
398, 351, 321, 253, 320, 3, 50
399, 346, 311, 244, 309, 3, 50
400, 304, 254, 193, 253, 3, 50
401, 279, 204, 123, 203, 3, 50
402, 278, 213, 122, 211, 3, 50
403, 278, 205, 107, 204, 3, 50
404, 240, 167, 91, 166, 3, 50
405, 287, 214, 126, 213, 3, 50
406, 336, 293, 218, 292, 3, 50
407, 288, 219, 147, 218, 3, 50
408, 169, 68, 21, 66, 3, 50
409, 103, 41, 18, 40, 3, 50
410, 304, 258, 186, 257, 3, 50
411, 324, 255, 171, 254, 3, 50
412, 248, 164, 83, 162, 3, 50
413, 326, 273, 161, 272, 3, 50
414, 200, 111, 48, 109, 3, 50
415, 281, 205, 86, 204, 3, 50
416, 335, 271, 194, 270, 3, 50
417, 292, 250, 151, 249, 3, 50
418, 309, 254, 154, 253, 3, 50
419, 321, 267, 169, 266, 3, 50
420, 258, 184, 121, 183, 3, 50
421, 294, 214, 116, 213, 3, 50
422, 273, 194, 94, 193, 3, 50
423, 312, 241, 113, 240, 3, 50
424, 202, 125, 57, 124, 3, 50
425, 173, 76, 26, 74, 3, 50
426, 188, 106, 40, 105, 3, 50
427, 163, 72, 21, 70, 3, 50
428, 221, 141, 61, 140, 3, 50
429, 318, 249, 147, 248, 3, 50
430, 283, 199, 83, 198, 3, 50
431, 273, 183, 99, 181, 3, 50
432, 207, 117, 53, 115, 3, 50
433, 257, 179, 97, 178, 3, 50
434, 272, 181, 100, 180, 3, 50
435, 232, 153, 89, 152, 3, 50
436, 217, 116, 52, 114, 3, 50
437, 152, 72, 32, 70, 3, 50
438, 158, 77, 34, 75, 3, 50
439, 198, 91, 27, 90, 3, 50
440, 264, 181, 101, 180, 3, 50
441, 302, 234, 114, 232, 3, 50
442, 243, 148, 60, 147, 3, 50
443, 247, 150, 68, 149, 3, 50
444, 217, 122, 58, 120, 3, 50
445, 239, 158, 93, 156, 3, 50
446, 314, 246, 159, 245, 3, 50
447, 322, 255, 157, 254, 3, 50
448, 276, 179, 94, 177, 3, 50
449, 179, 97, 49, 95, 3, 50
450, 372, 326, 234, 325, 3, 50
451, 337, 264, 165, 262, 3, 50
452, 313, 236, 131, 234, 3, 50
453, 367, 319, 221, 318, 3, 50
454, 323, 247, 158, 246, 3, 50
455, 331, 246, 144, 245, 3, 50
456, 365, 317, 235, 316, 3, 50
457, 306, 220, 105, 219, 3, 50
458, 239, 128, 58, 126, 3, 50
459, 244, 138, 55, 136, 3, 50
460, 275, 193, 90, 192, 3, 50
461, 270, 174, 79, 173, 3, 50
462, 221, 128, 63, 127, 3, 50
463, 312, 234, 131, 233, 3, 50
464, 340, 281, 196, 280, 3, 50
465, 297, 229, 152, 228, 3, 50
466, 215, 124, 61, 122, 3, 50
467, 267, 154, 66, 153, 3, 50
468, 336, 256, 160, 255, 3, 50
469, 331, 266, 167, 265, 3, 50
470, 347, 277, 166, 276, 3, 50
471, 333, 248, 142, 247, 3, 50
472, 347, 279, 180, 278, 3, 50
473, 364, 310, 221, 309, 3, 50
474, 305, 211, 119, 210, 3, 50
475, 324, 231, 116, 230, 3, 50
476, 256, 156, 71, 155, 3, 50
477, 307, 204, 76, 201, 3, 50
478, 362, 298, 194, 297, 3, 50
479, 390, 347, 241, 346, 3, 50
480, 327, 248, 163, 247, 3, 50
481, 223, 116, 47, 115, 3, 50
482, 312, 237, 148, 236, 3, 50
483, 273, 194, 111, 193, 3, 50
484, 346, 258, 122, 256, 3, 50
485, 348, 277, 180, 276, 3, 50
486, 351, 261, 172, 259, 3, 50
487, 361, 269, 152, 268, 3, 50
488, 334, 254, 152, 253, 3, 50
489, 290, 193, 108, 192, 3, 50
490, 306, 225, 144, 224, 3, 50
491, 286, 181, 82, 180, 3, 50
492, 329, 224, 113, 222, 3, 50
493, 274, 176, 69, 175, 3, 50
494, 342, 247, 137, 246, 3, 50
495, 334, 251, 142, 250, 3, 50
496, 227, 113, 51, 111, 3, 50
497, 287, 179, 104, 177, 3, 50
498, 296, 192, 105, 191, 3, 50
499, 275, 161, 69, 160, 3, 50
500, 379, 319, 208, 317, 3, 50
501, 365, 289, 188, 287, 3, 50
502, 391, 294, 194, 293, 3, 50
503, 402, 333, 247, 332, 3, 50
504, 399, 332, 246, 331, 3, 50
505, 358, 254, 158, 252, 3, 50
506, 391, 315, 208, 314, 3, 50
507, 319, 240, 146, 239, 3, 50
508, 310, 199, 100, 197, 3, 50
509, 340, 253, 181, 252, 3, 50
510, 309, 208, 113, 207, 3, 50
511, 369, 289, 180, 288, 3, 50
512, 419, 366, 277, 365, 3, 50
513, 374, 299, 209, 298, 3, 50
514, 325, 216, 141, 215, 3, 50
515, 377, 294, 182, 293, 3, 50
516, 248, 122, 56, 121, 3, 50
517, 323, 221, 112, 220, 3, 50
518, 401, 346, 230, 345, 3, 50
519, 398, 336, 225, 335, 3, 50
520, 356, 276, 168, 275, 3, 50
521, 417, 343, 228, 342, 3, 50
522, 413, 339, 237, 338, 3, 50
523, 400, 317, 201, 316, 3, 50
524, 412, 342, 239, 341, 3, 50
525, 440, 387, 280, 386, 3, 50
526, 379, 294, 195, 293, 3, 50
527, 435, 376, 262, 375, 3, 50
528, 458, 401, 317, 400, 3, 50
529, 398, 341, 265, 340, 3, 50
530, 400, 322, 224, 321, 3, 50
531, 377, 299, 206, 298, 3, 50
532, 296, 168, 94, 166, 3, 50
533, 263, 147, 80, 146, 3, 50
534, 267, 145, 66, 144, 3, 50
535, 348, 239, 112, 238, 3, 50
536, 319, 208, 111, 207, 3, 50
537, 329, 229, 123, 228, 3, 50
538, 277, 179, 87, 178, 3, 50
539, 296, 169, 81, 167, 3, 50
540, 324, 218, 122, 216, 3, 50
541, 398, 299, 204, 298, 3, 50
542, 424, 357, 231, 356, 3, 50
543, 417, 326, 197, 325, 3, 50
544, 396, 329, 229, 328, 3, 50
545, 323, 201, 86, 200, 3, 50
546, 287, 145, 64, 144, 3, 50
547, 284, 165, 78, 164, 3, 50
548, 385, 306, 192, 305, 3, 50
549, 376, 299, 191, 297, 3, 50
550, 297, 209, 132, 208, 3, 50
551, 396, 318, 205, 317, 3, 50
552, 289, 142, 58, 141, 3, 50
553, 250, 145, 65, 144, 3, 50
554, 407, 323, 198, 322, 3, 50
555, 406, 316, 213, 315, 3, 50
556, 421, 341, 236, 340, 3, 50
557, 399, 304, 162, 303, 3, 50
558, 305, 191, 102, 190, 3, 50
559, 353, 239, 132, 238, 3, 50
560, 340, 225, 123, 224, 3, 50
561, 359, 275, 169, 274, 3, 50
562, 348, 257, 163, 256, 3, 50
563, 313, 220, 102, 219, 3, 50
564, 270, 147, 71, 146, 3, 50
565, 350, 242, 127, 241, 3, 50
566, 369, 254, 135, 253, 3, 50
567, 461, 401, 282, 400, 3, 50
568, 479, 421, 293, 420, 3, 50
569, 495, 464, 378, 463, 3, 50
570, 390, 262, 132, 260, 3, 50
571, 343, 254, 150, 253, 3, 50
572, 374, 289, 172, 288, 3, 50
573, 369, 254, 147, 252, 3, 50
574, 304, 162, 61, 161, 3, 50
575, 327, 227, 123, 226, 3, 50
576, 350, 249, 133, 248, 3, 50
577, 432, 347, 225, 346, 3, 50
578, 433, 359, 229, 358, 3, 50
579, 409, 315, 189, 314, 3, 50
580, 476, 418, 311, 417, 3, 50
581, 421, 335, 188, 334, 3, 50
582, 394, 283, 128, 282, 3, 50
583, 397, 297, 180, 296, 3, 50
584, 394, 278, 171, 277, 3, 50
585, 316, 199, 120, 198, 3, 50
586, 388, 293, 167, 292, 3, 50
587, 439, 369, 272, 368, 3, 50
588, 478, 405, 265, 403, 3, 50
589, 405, 305, 189, 304, 3, 50
590, 455, 370, 200, 369, 3, 50
591, 481, 428, 310, 427, 3, 50
592, 524, 487, 397, 486, 3, 50
593, 466, 389, 261, 388, 3, 50
594, 458, 393, 273, 392, 3, 50
595, 485, 428, 299, 427, 3, 50
596, 468, 399, 304, 398, 3, 50
597, 478, 406, 281, 405, 3, 50
598, 468, 386, 243, 385, 3, 50
599, 486, 419, 316, 418, 3, 50
600, 511, 471, 353, 470, 3, 50
601, 455, 381, 264, 380, 3, 50
602, 494, 437, 314, 436, 3, 50
603, 499, 426, 306, 425, 3, 50
604, 505, 450, 363, 449, 3, 50
605, 436, 327, 202, 326, 3, 50
606, 402, 297, 171, 296, 3, 50
607, 381, 288, 186, 285, 3, 50
608, 474, 408, 280, 407, 3, 50
609, 516, 459, 367, 458, 3, 50
610, 344, 230, 131, 229, 3, 50
611, 378, 262, 134, 260, 3, 50
612, 464, 401, 279, 400, 3, 50
613, 469, 400, 284, 399, 3, 50
614, 448, 373, 256, 372, 3, 50
615, 466, 386, 264, 385, 3, 50
616, 510, 456, 353, 455, 3, 50
617, 511, 452, 374, 451, 3, 50
618, 461, 378, 286, 377, 3, 50
619, 372, 249, 139, 248, 3, 50
620, 379, 260, 142, 259, 3, 50
621, 528, 482, 378, 481, 3, 50
622, 508, 462, 372, 461, 3, 50
623, 496, 435, 345, 434, 3, 50
624, 439, 363, 263, 362, 3, 50
625, 464, 393, 252, 392, 3, 50
626, 514, 460, 332, 459, 3, 50
627, 519, 469, 373, 468, 3, 50
628, 509, 464, 368, 463, 3, 50
629, 475, 406, 319, 405, 3, 50
630, 504, 450, 345, 449, 3, 50
631, 517, 461, 371, 460, 3, 50
632, 522, 473, 381, 472, 3, 50
633, 442, 370, 264, 369, 3, 50
634, 328, 222, 114, 221, 3, 50
635, 411, 323, 230, 322, 3, 50
636, 396, 291, 189, 290, 3, 50
637, 460, 373, 266, 372, 3, 50
638, 534, 467, 349, 466, 3, 50
639, 552, 512, 394, 511, 3, 50
640, 527, 455, 319, 454, 3, 50
641, 456, 345, 219, 344, 3, 50
642, 437, 331, 218, 330, 3, 50
643, 459, 336, 188, 335, 3, 50
644, 514, 436, 311, 435, 3, 50
645, 541, 493, 396, 492, 3, 50
646, 528, 468, 345, 467, 3, 50
647, 392, 251, 139, 250, 3, 50
648, 538, 465, 325, 464, 3, 50
649, 509, 448, 352, 447, 3, 50
650, 407, 265, 160, 264, 3, 50
651, 423, 308, 188, 307, 3, 50
652, 452, 328, 171, 326, 3, 50
653, 389, 267, 144, 266, 3, 50
654, 337, 200, 93, 199, 3, 50
655, 371, 225, 100, 222, 3, 50
656, 347, 219, 89, 217, 3, 50
657, 340, 187, 74, 186, 3, 50
658, 357, 194, 80, 192, 3, 50
659, 464, 337, 224, 336, 3, 50
660, 486, 374, 201, 373, 3, 50
661, 418, 298, 154, 297, 3, 50
662, 416, 292, 164, 291, 3, 50
663, 401, 265, 117, 264, 3, 50
664, 376, 248, 106, 246, 3, 50
665, 431, 310, 151, 309, 3, 50
666, 404, 306, 149, 305, 3, 50
667, 446, 366, 220, 365, 3, 50
668, 527, 435, 309, 434, 3, 50
669, 429, 285, 140, 284, 3, 50
670, 446, 351, 233, 350, 3, 50
671, 466, 370, 238, 369, 3, 50
672, 433, 325, 189, 324, 3, 50
673, 477, 379, 254, 378, 3, 50
674, 508, 422, 280, 421, 3, 50
675, 507, 416, 280, 415, 3, 50
676, 480, 409, 289, 408, 3, 50
677, 488, 395, 263, 394, 3, 50
678, 517, 423, 259, 422, 3, 50
679, 364, 209, 99, 208, 3, 50
680, 436, 323, 207, 322, 3, 50
681, 349, 225, 127, 224, 3, 50
682, 430, 298, 166, 297, 3, 50
683, 367, 232, 123, 231, 3, 50
684, 365, 236, 134, 235, 3, 50
685, 333, 186, 91, 185, 3, 50
686, 323, 188, 104, 187, 3, 50
687, 379, 255, 139, 254, 3, 50
688, 385, 273, 152, 272, 3, 50
689, 498, 399, 247, 398, 3, 50
690, 406, 296, 156, 295, 3, 50
691, 456, 348, 199, 346, 3, 50
692, 527, 447, 309, 446, 3, 50
693, 522, 441, 309, 440, 3, 50
694, 586, 529, 404, 528, 3, 50
695, 515, 435, 312, 434, 3, 50
696, 463, 354, 239, 353, 3, 50
697, 554, 477, 318, 476, 3, 50
698, 544, 476, 349, 475, 3, 50
699, 576, 517, 392, 516, 3, 50
700, 580, 514, 393, 513, 3, 50
701, 589, 521, 389, 520, 3, 50
702, 581, 530, 453, 529, 3, 50
703, 560, 484, 356, 483, 3, 50
704, 536, 453, 339, 452, 3, 50
705, 565, 485, 354, 484, 3, 50
706, 568, 497, 376, 496, 3, 50
707, 590, 526, 383, 525, 3, 50
708, 493, 394, 272, 393, 3, 50
709, 505, 411, 293, 410, 3, 50
710, 505, 432, 333, 431, 3, 50
711, 530, 431, 290, 430, 3, 50
712, 483, 345, 210, 344, 3, 50
713, 591, 522, 379, 521, 3, 50
714, 624, 562, 431, 561, 3, 50
715, 532, 455, 354, 454, 3, 50
716, 603, 536, 401, 535, 3, 50
717, 577, 497, 362, 496, 3, 50
718, 389, 250, 141, 249, 3, 50
719, 419, 300, 192, 299, 3, 50
720, 344, 194, 107, 192, 3, 50
721, 315, 133, 63, 132, 3, 50
722, 324, 155, 64, 154, 3, 50
723, 426, 290, 166, 289, 3, 50
724, 514, 375, 199, 373, 3, 50
725, 516, 392, 244, 391, 3, 50
726, 440, 305, 171, 304, 3, 50
727, 480, 365, 225, 364, 3, 50
728, 578, 482, 343, 481, 3, 50
729, 635, 582, 485, 581, 3, 50
730, 613, 553, 455, 552, 3, 50
731, 544, 467, 371, 466, 3, 50
732, 574, 479, 367, 478, 3, 50
733, 547, 423, 300, 421, 3, 50
734, 529, 405, 286, 403, 3, 50
735, 600, 527, 408, 526, 3, 50
736, 614, 552, 434, 551, 3, 50
737, 622, 573, 436, 572, 3, 50
738, 623, 562, 432, 561, 3, 50
739, 599, 536, 423, 535, 3, 50
740, 587, 521, 414, 520, 3, 50
741, 593, 527, 402, 526, 3, 50
742, 587, 513, 410, 512, 3, 50
743, 619, 553, 425, 551, 3, 50
744, 626, 573, 463, 572, 3, 50
745, 627, 573, 456, 572, 3, 50
746, 634, 582, 472, 581, 3, 50
747, 596, 525, 403, 524, 3, 50
748, 599, 526, 386, 525, 3, 50
749, 635, 584, 463, 583, 3, 50
750, 604, 525, 392, 524, 3, 50
751, 608, 539, 397, 538, 3, 50
752, 631, 580, 448, 579, 3, 50
753, 634, 583, 448, 582, 3, 50
754, 642, 597, 470, 596, 3, 50
755, 652, 608, 490, 607, 3, 50
756, 631, 578, 463, 577, 3, 50
757, 627, 561, 435, 560, 3, 50
758, 638, 584, 467, 583, 3, 50
759, 648, 602, 485, 601, 3, 50
760, 644, 593, 480, 592, 3, 50
761, 669, 618, 495, 617, 3, 50
762, 667, 604, 491, 603, 3, 50
763, 672, 611, 492, 610, 3, 50
764, 660, 597, 488, 596, 3, 50
765, 662, 599, 473, 598, 3, 50
766, 666, 602, 471, 601, 3, 50
767, 647, 564, 422, 563, 3, 50
768, 663, 602, 473, 601, 3, 50
769, 699, 667, 592, 666, 3, 50
770, 706, 675, 596, 674, 3, 50
771, 679, 632, 520, 631, 3, 50
772, 664, 601, 469, 600, 3, 50
773, 656, 586, 443, 585, 3, 50
774, 684, 639, 487, 638, 3, 50
775, 668, 621, 491, 620, 3, 50
776, 638, 558, 425, 557, 3, 50
777, 586, 474, 310, 473, 3, 50
778, 655, 584, 428, 583, 3, 50
779, 646, 560, 409, 559, 3, 50
780, 658, 589, 433, 588, 3, 50
781, 666, 586, 439, 585, 3, 50
782, 618, 516, 363, 515, 3, 50
783, 671, 598, 455, 597, 3, 50
784, 672, 596, 463, 595, 3, 50
785, 611, 518, 365, 517, 3, 50
786, 647, 582, 418, 581, 3, 50
787, 681, 609, 481, 608, 3, 50
788, 587, 464, 302, 463, 3, 50
789, 601, 478, 315, 477, 3, 50
790, 649, 551, 396, 550, 3, 50
791, 650, 569, 408, 568, 3, 50
792, 669, 608, 475, 607, 3, 50
793, 687, 630, 492, 629, 3, 50
794, 705, 654, 539, 653, 3, 50
795, 690, 634, 511, 633, 3, 50
796, 647, 568, 443, 567, 3, 50
797, 610, 510, 386, 509, 3, 50
798, 518, 424, 304, 423, 3, 50
799, 438, 297, 149, 296, 3, 50
800, 449, 306, 180, 305, 3, 50
801, 495, 367, 250, 366, 3, 50
802, 489, 349, 229, 348, 3, 50
803, 412, 246, 95, 244, 3, 50
804, 555, 419, 236, 418, 3, 50
805, 495, 326, 147, 324, 3, 50
806, 423, 262, 135, 261, 3, 50
807, 468, 327, 186, 326, 3, 50
808, 523, 407, 246, 406, 3, 50
809, 455, 322, 202, 321, 3, 50
810, 553, 460, 303, 459, 3, 50
811, 503, 399, 260, 398, 3, 50
812, 488, 387, 267, 384, 3, 50
813, 495, 377, 241, 376, 3, 50
814, 448, 347, 226, 346, 3, 50
815, 509, 401, 288, 400, 3, 50
816, 416, 313, 193, 312, 3, 50
817, 437, 312, 170, 310, 3, 50
818, 518, 396, 257, 395, 3, 50
819, 475, 372, 234, 371, 3, 50
820, 450, 342, 219, 341, 3, 50
821, 482, 377, 256, 376, 3, 50
822, 438, 297, 171, 294, 3, 50
823, 504, 378, 237, 377, 3, 50
824, 469, 327, 185, 326, 3, 50
825, 519, 398, 262, 397, 3, 50
826, 559, 456, 286, 455, 3, 50
827, 586, 479, 320, 478, 3, 50
828, 624, 515, 387, 514, 3, 50
829, 586, 475, 342, 474, 3, 50
830, 633, 528, 345, 527, 3, 50
831, 653, 564, 415, 563, 3, 50
832, 587, 506, 394, 505, 3, 50
833, 551, 422, 288, 421, 3, 50
834, 559, 453, 345, 452, 3, 50
835, 562, 439, 305, 437, 3, 50
836, 540, 426, 303, 425, 3, 50
837, 576, 474, 326, 473, 3, 50
838, 440, 256, 107, 254, 3, 50
839, 541, 407, 259, 406, 3, 50
840, 545, 430, 243, 429, 3, 50
841, 558, 407, 241, 406, 3, 50
842, 560, 442, 290, 441, 3, 50
843, 661, 556, 405, 555, 3, 50
844, 646, 536, 380, 535, 3, 50
845, 608, 480, 308, 478, 3, 50
846, 696, 620, 453, 619, 3, 50
847, 683, 623, 497, 622, 3, 50
848, 711, 620, 445, 619, 3, 50
849, 659, 562, 402, 561, 3, 50
850, 749, 696, 558, 695, 3, 50
851, 641, 534, 392, 533, 3, 50
852, 743, 690, 522, 689, 3, 50
853, 737, 670, 540, 669, 3, 50
854, 704, 612, 445, 611, 3, 50
855, 756, 707, 579, 706, 3, 50
856, 743, 682, 558, 681, 3, 50
857, 726, 639, 469, 638, 3, 50
858, 728, 672, 528, 671, 3, 50
859, 672, 589, 439, 588, 3, 50
860, 712, 659, 495, 658, 3, 50
861, 714, 659, 512, 658, 3, 50
862, 744, 687, 546, 686, 3, 50
863, 765, 717, 596, 716, 3, 50
864, 694, 596, 469, 595, 3, 50
865, 700, 592, 411, 591, 3, 50
866, 740, 663, 521, 662, 3, 50
867, 775, 729, 643, 728, 3, 50
868, 764, 716, 627, 715, 3, 50
869, 760, 713, 622, 712, 3, 50
870, 744, 666, 541, 665, 3, 50
871, 687, 592, 465, 591, 3, 50
872, 714, 635, 474, 634, 3, 50
873, 774, 707, 588, 706, 3, 50
874, 759, 694, 582, 693, 3, 50
875, 730, 627, 490, 626, 3, 50
876, 726, 653, 525, 652, 3, 50
877, 774, 711, 608, 710, 3, 50
878, 752, 693, 590, 692, 3, 50
879, 752, 696, 599, 695, 3, 50
880, 751, 675, 567, 674, 3, 50
881, 704, 616, 498, 615, 3, 50
882, 702, 628, 504, 627, 3, 50
883, 753, 694, 588, 693, 3, 50
884, 774, 721, 626, 720, 3, 50
885, 739, 668, 555, 667, 3, 50
886, 715, 612, 473, 611, 3, 50
887, 736, 663, 505, 662, 3, 50
888, 724, 644, 496, 643, 3, 50
889, 733, 645, 523, 644, 3, 50
890, 730, 660, 532, 659, 3, 50
891, 730, 644, 519, 643, 3, 50
892, 763, 699, 578, 698, 3, 50
893, 797, 749, 650, 748, 3, 50
894, 782, 734, 627, 733, 3, 50
895, 758, 693, 583, 692, 3, 50
896, 729, 645, 534, 644, 3, 50
897, 682, 583, 460, 581, 3, 50
898, 708, 617, 477, 616, 3, 50
899, 799, 733, 602, 732, 3, 50
900, 799, 732, 651, 731, 3, 50
901, 771, 695, 584, 694, 3, 50
902, 771, 688, 555, 687, 3, 50
903, 764, 680, 565, 679, 3, 50
904, 769, 679, 546, 678, 3, 50
905, 653, 520, 369, 519, 3, 50
906, 723, 633, 438, 632, 3, 50
907, 799, 743, 628, 742, 3, 50
908, 803, 750, 635, 749, 3, 50
909, 800, 734, 620, 733, 3, 50
910, 773, 704, 560, 703, 3, 50
911, 735, 644, 504, 643, 3, 50
912, 735, 638, 474, 637, 3, 50
913, 777, 711, 582, 710, 3, 50
914, 797, 729, 620, 728, 3, 50
915, 790, 714, 591, 713, 3, 50
916, 784, 694, 561, 693, 3, 50
917, 767, 661, 528, 660, 3, 50
918, 804, 733, 600, 732, 3, 50
919, 814, 751, 638, 750, 3, 50
920, 806, 742, 630, 741, 3, 50
921, 795, 724, 611, 723, 3, 50
922, 787, 710, 597, 709, 3, 50
923, 780, 713, 592, 712, 3, 50
924, 803, 744, 615, 743, 3, 50
925, 803, 736, 609, 735, 3, 50
926, 830, 768, 629, 767, 3, 50
927, 808, 733, 607, 732, 3, 50
928, 796, 711, 587, 710, 3, 50
929, 803, 722, 597, 721, 3, 50
930, 804, 732, 621, 731, 3, 50
931, 833, 783, 648, 782, 3, 50
932, 809, 747, 619, 746, 3, 50
933, 812, 755, 645, 754, 3, 50
934, 826, 770, 650, 769, 3, 50
935, 827, 759, 648, 758, 3, 50
936, 818, 755, 657, 754, 3, 50
937, 820, 752, 633, 751, 3, 50
938, 798, 705, 589, 704, 3, 50
939, 761, 656, 532, 655, 3, 50
940, 820, 747, 601, 746, 3, 50
941, 844, 792, 682, 791, 3, 50
942, 825, 749, 638, 748, 3, 50
943, 830, 768, 644, 767, 3, 50
944, 832, 776, 669, 775, 3, 50
945, 816, 726, 594, 725, 3, 50
946, 833, 751, 607, 750, 3, 50
947, 844, 801, 684, 800, 3, 50
948, 839, 793, 692, 792, 3, 50
949, 832, 770, 654, 769, 3, 50
950, 833, 775, 658, 774, 3, 50
951, 834, 781, 655, 780, 3, 50
952, 830, 770, 641, 769, 3, 50
953, 835, 783, 655, 782, 3, 50
954, 819, 740, 611, 739, 3, 50
955, 815, 750, 627, 749, 3, 50
956, 830, 768, 660, 767, 3, 50
957, 817, 762, 657, 761, 3, 50
958, 811, 753, 651, 752, 3, 50
959, 814, 753, 653, 752, 3, 50
960, 815, 756, 646, 755, 3, 50
961, 812, 744, 638, 743, 3, 50
962, 803, 726, 607, 725, 3, 50
963, 786, 707, 587, 706, 3, 50
964, 720, 585, 443, 584, 3, 50
965, 787, 708, 533, 707, 3, 50
966, 834, 776, 664, 775, 3, 50
967, 836, 778, 675, 777, 3, 50
968, 835, 768, 667, 767, 3, 50
969, 830, 751, 647, 750, 3, 50
970, 812, 721, 617, 720, 3, 50
971, 804, 739, 628, 738, 3, 50
972, 817, 753, 645, 752, 3, 50
973, 845, 777, 663, 776, 3, 50
974, 855, 787, 676, 786, 3, 50
975, 840, 777, 658, 776, 3, 50
976, 861, 784, 653, 783, 3, 50
977, 856, 793, 687, 792, 3, 50
978, 852, 786, 683, 785, 3, 50
979, 825, 744, 634, 743, 3, 50
980, 795, 699, 578, 698, 3, 50
981, 821, 716, 593, 715, 3, 50
982, 833, 753, 636, 752, 3, 50
983, 831, 745, 602, 744, 3, 50
984, 865, 790, 664, 789, 3, 50
985, 869, 802, 691, 801, 3, 50
986, 872, 814, 700, 813, 3, 50
987, 834, 762, 642, 761, 3, 50
988, 815, 723, 579, 722, 3, 50
989, 864, 785, 644, 784, 3, 50
990, 862, 793, 658, 792, 3, 50
991, 859, 788, 671, 787, 3, 50
992, 857, 784, 659, 783, 3, 50
993, 820, 720, 611, 719, 3, 50
994, 830, 726, 588, 725, 3, 50
995, 830, 742, 607, 740, 3, 50
996, 793, 679, 530, 677, 3, 50
997, 896, 839, 728, 838, 3, 50
998, 900, 845, 765, 844, 3, 50
999, 888, 823, 705, 822, 3, 50
1000, 892, 832, 706, 831, 3, 50
1001, 833, 737, 597, 736, 3, 50
1002, 840, 728, 564, 727, 3, 50
1003, 903, 843, 740, 842, 3, 50
1004, 884, 809, 700, 808, 3, 50
1005, 775, 628, 474, 627, 3, 50
1006, 859, 757, 612, 756, 3, 50
1007, 869, 795, 682, 794, 3, 50
1008, 844, 757, 642, 756, 3, 50
1009, 867, 785, 654, 784, 3, 50
1010, 878, 810, 682, 809, 3, 50
1011, 862, 787, 661, 786, 3, 50
1012, 857, 777, 651, 776, 3, 50
1013, 843, 756, 630, 755, 3, 50
1014, 865, 781, 645, 780, 3, 50
1015, 878, 811, 679, 810, 3, 50
1016, 859, 792, 694, 791, 3, 50
1017, 803, 705, 582, 704, 3, 50
1018, 804, 706, 584, 705, 3, 50
1019, 841, 747, 611, 746, 3, 50
1020, 851, 760, 633, 759, 3, 50
1021, 926, 876, 783, 875, 3, 50
1022, 908, 859, 752, 858, 3, 50
1023, 867, 773, 633, 772, 3, 50
1024, 835, 726, 592, 725, 3, 50
1025, 863, 772, 610, 771, 3, 50
1026, 865, 781, 641, 780, 3, 50
1027, 854, 757, 636, 756, 3, 50
1028, 814, 697, 572, 696, 3, 50
1029, 861, 784, 620, 783, 3, 50
1030, 865, 795, 669, 794, 3, 50
1031, 839, 733, 613, 732, 3, 50
1032, 866, 769, 624, 768, 3, 50
1033, 909, 857, 747, 856, 3, 50
1034, 905, 824, 710, 823, 3, 50
1035, 759, 595, 470, 594, 3, 50
1036, 720, 561, 415, 560, 3, 50
1037, 741, 580, 417, 579, 3, 50
1038, 785, 675, 507, 674, 3, 50
1039, 886, 845, 727, 844, 3, 50
1040, 893, 829, 714, 828, 3, 50
1041, 895, 819, 686, 818, 3, 50
1042, 874, 773, 642, 772, 3, 50
1043, 855, 725, 571, 724, 3, 50
1044, 898, 826, 662, 825, 3, 50
1045, 940, 897, 777, 896, 3, 50
1046, 923, 854, 728, 853, 3, 50
1047, 911, 850, 729, 849, 3, 50
1048, 928, 855, 733, 854, 3, 50
1049, 937, 871, 739, 870, 3, 50
1050, 929, 864, 747, 863, 3, 50
1051, 940, 877, 743, 876, 3, 50
1052, 921, 860, 752, 859, 3, 50
1053, 889, 801, 686, 800, 3, 50
1054, 832, 742, 640, 741, 3, 50
1055, 697, 545, 403, 544, 3, 50
1056, 645, 456, 296, 455, 3, 50
1057, 752, 593, 415, 592, 3, 50
1058, 814, 707, 563, 706, 3, 50
1059, 796, 681, 541, 680, 3, 50
1060, 806, 689, 541, 688, 3, 50
1061, 779, 659, 494, 658, 3, 50
1062, 750, 629, 472, 628, 3, 50
1063, 832, 708, 573, 707, 3, 50
1064, 836, 732, 577, 731, 3, 50
1065, 848, 732, 563, 731, 3, 50
1066, 937, 866, 752, 865, 3, 50
1067, 943, 865, 713, 864, 3, 50
1068, 925, 858, 724, 857, 3, 50
1069, 940, 862, 726, 861, 3, 50
1070, 885, 772, 619, 771, 3, 50
1071, 932, 850, 682, 849, 3, 50
1072, 938, 862, 726, 861, 3, 50
1073, 981, 926, 801, 925, 3, 50
1074, 941, 867, 691, 866, 3, 50
1075, 936, 853, 699, 852, 3, 50
1076, 953, 883, 765, 882, 3, 50
1077, 970, 905, 792, 904, 3, 50
1078, 965, 907, 798, 906, 3, 50
1079, 907, 812, 670, 811, 3, 50
1080, 828, 696, 504, 695, 3, 50
1081, 872, 764, 623, 763, 3, 50
1082, 948, 878, 776, 877, 3, 50
1083, 923, 841, 711, 840, 3, 50
1084, 860, 746, 542, 745, 3, 50
1085, 817, 661, 484, 660, 3, 50
1086, 920, 831, 673, 830, 3, 50
1087, 917, 834, 697, 833, 3, 50
1088, 890, 794, 666, 793, 3, 50
1089, 806, 650, 488, 649, 3, 50
1090, 900, 818, 686, 817, 3, 50
1091, 884, 787, 653, 786, 3, 50
1092, 898, 801, 655, 800, 3, 50
1093, 914, 816, 689, 815, 3, 50
1094, 955, 883, 768, 882, 3, 50
1095, 972, 899, 792, 898, 3, 50
1096, 964, 892, 789, 891, 3, 50
1097, 956, 885, 790, 884, 3, 50
1098, 888, 777, 630, 776, 3, 50
1099, 984, 928, 765, 927, 3, 50
1100, 934, 853, 712, 852, 3, 50
1101, 998, 946, 799, 945, 3, 50
1102, 935, 836, 686, 835, 3, 50
1103, 942, 839, 653, 838, 3, 50
1104, 956, 868, 685, 867, 3, 50
1105, 999, 937, 813, 936, 3, 50
1106, 1005, 951, 844, 950, 3, 50
1107, 994, 951, 841, 950, 3, 50
1108, 948, 861, 745, 860, 3, 50
1109, 946, 861, 724, 860, 3, 50
1110, 951, 855, 715, 854, 3, 50
1111, 866, 724, 556, 723, 3, 50
1112, 844, 713, 523, 712, 3, 50
1113, 890, 776, 599, 775, 3, 50
1114, 984, 928, 812, 927, 3, 50
1115, 976, 921, 803, 920, 3, 50
1116, 927, 826, 668, 825, 3, 50
1117, 903, 761, 564, 760, 3, 50
1118, 1012, 961, 866, 960, 3, 50
1119, 1012, 959, 872, 958, 3, 50
1120, 973, 889, 756, 888, 3, 50
1121, 987, 908, 771, 907, 3, 50
1122, 992, 926, 819, 925, 3, 50
1123, 959, 885, 776, 884, 3, 50
1124, 982, 907, 743, 906, 3, 50
1125, 949, 885, 739, 884, 3, 50
1126, 985, 928, 802, 927, 3, 50
1127, 1017, 959, 854, 958, 3, 50
1128, 1020, 961, 861, 960, 3, 50
1129, 906, 817, 713, 816, 3, 50
1130, 865, 744, 542, 743, 3, 50
1131, 921, 814, 625, 813, 3, 50
1132, 934, 848, 688, 847, 3, 50
1133, 956, 863, 701, 862, 3, 50
1134, 1002, 929, 791, 928, 3, 50
1135, 948, 885, 769, 884, 3, 50
1136, 871, 764, 634, 763, 3, 50
1137, 811, 646, 512, 645, 3, 50
1138, 1003, 937, 820, 936, 3, 50
1139, 945, 862, 776, 861, 3, 50
1140, 927, 826, 663, 825, 3, 50
1141, 892, 790, 638, 789, 3, 50
1142, 950, 872, 743, 871, 3, 50
1143, 1002, 947, 827, 946, 3, 50
1144, 945, 843, 719, 842, 3, 50
1145, 923, 810, 640, 809, 3, 50
1146, 1020, 948, 830, 947, 3, 50
1147, 1043, 985, 890, 984, 3, 50
1148, 1046, 991, 905, 990, 3, 50
1149, 1025, 957, 858, 956, 3, 50
1150, 1012, 919, 793, 918, 3, 50
1151, 897, 767, 624, 766, 3, 50
1152, 917, 783, 631, 782, 3, 50
1153, 957, 855, 704, 854, 3, 50
1154, 1008, 922, 793, 921, 3, 50
1155, 1027, 955, 859, 954, 3, 50
1156, 948, 811, 664, 810, 3, 50
1157, 869, 710, 572, 709, 3, 50
1158, 1008, 929, 820, 928, 3, 50
1159, 958, 882, 770, 881, 3, 50
1160, 941, 846, 708, 845, 3, 50
1161, 843, 669, 519, 668, 3, 50
1162, 904, 751, 563, 750, 3, 50
1163, 1024, 944, 814, 943, 3, 50
1164, 1046, 975, 879, 974, 3, 50
1165, 1050, 988, 891, 987, 3, 50
1166, 1056, 997, 904, 996, 3, 50
1167, 1044, 967, 868, 966, 3, 50
1168, 1033, 963, 844, 962, 3, 50
1169, 1033, 975, 880, 974, 3, 50
1170, 1022, 953, 839, 952, 3, 50
1171, 940, 811, 676, 810, 3, 50
1172, 933, 781, 588, 780, 3, 50
1173, 1008, 907, 732, 906, 3, 50
1174, 1017, 941, 812, 940, 3, 50
1175, 1016, 949, 839, 948, 3, 50
1176, 1000, 915, 787, 914, 3, 50
1177, 1011, 941, 797, 940, 3, 50
1178, 1022, 970, 855, 969, 3, 50
1179, 1034, 960, 847, 959, 3, 50
1180, 1038, 955, 836, 954, 3, 50
1181, 1035, 947, 827, 946, 3, 50
1182, 1010, 902, 758, 901, 3, 50
1183, 1047, 971, 819, 970, 3, 50
1184, 1024, 950, 832, 949, 3, 50
1185, 1034, 943, 791, 942, 3, 50
1186, 1027, 948, 793, 947, 3, 50
1187, 1044, 968, 824, 967, 3, 50
1188, 1081, 1020, 886, 1019, 3, 50
1189, 1060, 990, 841, 989, 3, 50
1190, 973, 855, 709, 854, 3, 50
1191, 1035, 930, 759, 929, 3, 50
1192, 1048, 973, 844, 972, 3, 50
1193, 1047, 968, 836, 967, 3, 50
1194, 1043, 970, 825, 969, 3, 50
1195, 1050, 975, 838, 974, 3, 50
1196, 1027, 951, 810, 950, 3, 50
1197, 1086, 1040, 914, 1039, 3, 50
1198, 1094, 1046, 946, 1045, 3, 50
1199, 1063, 997, 888, 996, 3, 50
1200, 1032, 923, 769, 922, 3, 50
1201, 1074, 1012, 838, 1011, 3, 50
1202, 1081, 1033, 926, 1032, 3, 50
1203, 1071, 1013, 893, 1012, 3, 50
1204, 1071, 1012, 886, 1011, 3, 50
1205, 1066, 997, 870, 996, 3, 50
1206, 1013, 910, 758, 909, 3, 50
1207, 993, 888, 712, 887, 3, 50
1208, 1053, 975, 834, 974, 3, 50
1209, 995, 889, 748, 888, 3, 50
1210, 1056, 961, 789, 960, 3, 50
1211, 1034, 954, 794, 953, 3, 50
1212, 998, 882, 718, 881, 3, 50
1213, 1062, 981, 839, 980, 3, 50
1214, 1049, 959, 817, 958, 3, 50
1215, 1070, 996, 838, 995, 3, 50
1216, 1082, 1014, 901, 1013, 3, 50
1217, 1045, 964, 825, 963, 3, 50
1218, 1027, 929, 778, 928, 3, 50
1219, 1080, 1010, 866, 1009, 3, 50
1220, 1068, 994, 864, 993, 3, 50
1221, 1050, 952, 815, 951, 3, 50
1222, 1106, 1049, 933, 1048, 3, 50
1223, 1117, 1058, 943, 1057, 3, 50
1224, 1097, 1036, 936, 1035, 3, 50
1225, 1080, 1019, 915, 1018, 3, 50
1226, 1078, 1016, 921, 1015, 3, 50
1227, 1087, 1024, 922, 1023, 3, 50
1228, 1087, 1019, 909, 1018, 3, 50
1229, 1091, 1040, 919, 1039, 3, 50
1230, 1083, 1013, 879, 1012, 3, 50
1231, 1076, 992, 853, 991, 3, 50
1232, 1071, 994, 849, 993, 3, 50
1233, 1074, 989, 847, 988, 3, 50
1234, 1106, 1051, 932, 1050, 3, 50
1235, 1105, 1059, 963, 1058, 3, 50
1236, 1114, 1054, 925, 1053, 3, 50
1237, 1098, 1030, 914, 1029, 3, 50
1238, 1117, 1057, 948, 1056, 3, 50
1239, 1100, 1031, 932, 1030, 3, 50
1240, 1087, 1015, 914, 1014, 3, 50
1241, 1080, 999, 890, 998, 3, 50
1242, 1075, 1000, 875, 999, 3, 50
1243, 1087, 1011, 882, 1010, 3, 50
1244, 1104, 1032, 912, 1031, 3, 50
1245, 1101, 1047, 947, 1046, 3, 50
1246, 1099, 1021, 913, 1020, 3, 50
1247, 1070, 980, 844, 979, 3, 50
1248, 1064, 984, 860, 983, 3, 50
1249, 1121, 1056, 938, 1055, 3, 50
1250, 1092, 1028, 904, 1027, 3, 50
1251, 1112, 1042, 908, 1041, 3, 50
1252, 1105, 1038, 916, 1037, 3, 50
1253, 1074, 970, 809, 969, 3, 50
1254, 1016, 912, 740, 911, 3, 50
1255, 1108, 1028, 860, 1027, 3, 50
1256, 1122, 1061, 925, 1060, 3, 50
1257, 1091, 1014, 846, 1013, 3, 50
1258, 935, 769, 586, 767, 3, 50
1259, 851, 615, 419, 614, 3, 50
1260, 971, 831, 583, 830, 3, 50
1261, 970, 836, 637, 835, 3, 50
1262, 945, 784, 565, 783, 3, 50
1263, 1005, 893, 656, 892, 3, 50
1264, 1079, 1017, 889, 1016, 3, 50
1265, 1102, 1035, 915, 1034, 3, 50
1266, 1101, 1015, 891, 1014, 3, 50
1267, 1108, 1047, 911, 1046, 3, 50
1268, 1105, 1030, 907, 1029, 3, 50
1269, 1070, 986, 849, 985, 3, 50
1270, 1065, 964, 805, 963, 3, 50
1271, 1106, 1050, 893, 1049, 3, 50
1272, 1110, 1049, 925, 1048, 3, 50
1273, 1115, 1052, 920, 1051, 3, 50
1274, 1137, 1076, 934, 1075, 3, 50
1275, 1143, 1080, 947, 1079, 3, 50
1276, 1172, 1120, 995, 1119, 3, 50
1277, 1144, 1067, 931, 1066, 3, 50
1278, 1103, 999, 841, 998, 3, 50
1279, 1135, 1051, 898, 1050, 3, 50
1280, 1136, 1081, 939, 1080, 3, 50
1281, 1138, 1057, 916, 1056, 3, 50
1282, 1158, 1086, 952, 1085, 3, 50
1283, 1177, 1119, 1000, 1118, 3, 50
1284, 1165, 1103, 990, 1102, 3, 50
1285, 1129, 1037, 916, 1036, 3, 50
1286, 1122, 1037, 883, 1036, 3, 50
1287, 1132, 1033, 888, 1032, 3, 50
1288, 1132, 1041, 903, 1040, 3, 50
1289, 1139, 1065, 949, 1064, 3, 50
1290, 1142, 1059, 951, 1058, 3, 50
1291, 1158, 1094, 979, 1093, 3, 50
1292, 1148, 1065, 942, 1064, 3, 50
1293, 1130, 1037, 910, 1036, 3, 50
1294, 1146, 1069, 948, 1068, 3, 50
1295, 1166, 1101, 986, 1100, 3, 50
1296, 1143, 1067, 937, 1066, 3, 50
1297, 1170, 1086, 933, 1085, 3, 50
1298, 1182, 1129, 1006, 1128, 3, 50
1299, 1192, 1142, 1033, 1141, 3, 50
1300, 1194, 1139, 1040, 1138, 3, 50
1301, 1179, 1118, 1005, 1117, 3, 50
1302, 1147, 1059, 918, 1058, 3, 50
1303, 1145, 1054, 915, 1053, 3, 50
1304, 1165, 1101, 979, 1100, 3, 50
1305, 1196, 1151, 1036, 1150, 3, 50
1306, 1176, 1112, 994, 1111, 3, 50
1307, 1144, 1053, 923, 1052, 3, 50
1308, 1182, 1099, 936, 1098, 3, 50
1309, 1189, 1131, 996, 1130, 3, 50
1310, 1161, 1086, 946, 1085, 3, 50
1311, 1132, 1042, 882, 1041, 3, 50
1312, 1203, 1147, 1023, 1146, 3, 50
1313, 1186, 1123, 1012, 1122, 3, 50
1314, 1168, 1081, 948, 1080, 3, 50
1315, 1189, 1096, 951, 1095, 3, 50
1316, 1173, 1097, 971, 1096, 3, 50
1317, 1170, 1095, 954, 1094, 3, 50
1318, 1167, 1091, 957, 1090, 3, 50
1319, 1178, 1105, 981, 1104, 3, 50
1320, 1161, 1094, 952, 1093, 3, 50
1321, 1152, 1084, 938, 1083, 3, 50
1322, 1174, 1101, 969, 1100, 3, 50
1323, 1204, 1131, 1002, 1130, 3, 50
1324, 1206, 1135, 1016, 1134, 3, 50
1325, 1193, 1139, 1038, 1138, 3, 50
1326, 1189, 1127, 1031, 1126, 3, 50
1327, 1200, 1135, 1034, 1134, 3, 50
1328, 1202, 1137, 1035, 1136, 3, 50
1329, 1199, 1125, 1008, 1124, 3, 50
1330, 1205, 1132, 1015, 1131, 3, 50
1331, 1195, 1115, 995, 1114, 3, 50
1332, 1182, 1108, 978, 1107, 3, 50
1333, 1181, 1103, 974, 1102, 3, 50
1334, 1174, 1098, 977, 1097, 3, 50
1335, 1184, 1112, 983, 1111, 3, 50
1336, 1224, 1148, 1029, 1147, 3, 50
1337, 1220, 1150, 1043, 1149, 3, 50
1338, 1186, 1097, 960, 1096, 3, 50
1339, 1036, 859, 682, 858, 3, 50
1340, 1106, 1008, 808, 1007, 3, 50
1341, 1240, 1178, 1076, 1177, 3, 50
1342, 1221, 1164, 1075, 1163, 3, 50
1343, 1161, 1065, 949, 1064, 3, 50
1344, 1212, 1137, 995, 1136, 3, 50
1345, 1229, 1177, 1051, 1176, 3, 50
1346, 1221, 1151, 1037, 1150, 3, 50
1347, 1236, 1174, 1065, 1173, 3, 50
1348, 1266, 1200, 1098, 1199, 3, 50
1349, 1242, 1175, 1069, 1174, 3, 50
1350, 1217, 1135, 1037, 1134, 3, 50
1351, 1195, 1107, 1003, 1106, 3, 50
1352, 1217, 1146, 1021, 1145, 3, 50
1353, 1225, 1159, 1040, 1158, 3, 50
1354, 1218, 1134, 1023, 1133, 3, 50
1355, 1228, 1164, 1050, 1163, 3, 50
1356, 1243, 1198, 1112, 1197, 3, 50
1357, 1242, 1196, 1104, 1195, 3, 50
1358, 1187, 1091, 977, 1090, 3, 50
1359, 1231, 1163, 1016, 1162, 3, 50
1360, 1242, 1186, 1083, 1185, 3, 50
1361, 1246, 1189, 1083, 1188, 3, 50
1362, 1227, 1171, 1046, 1170, 3, 50
1363, 1219, 1161, 1056, 1160, 3, 50
1364, 1198, 1129, 1018, 1128, 3, 50
1365, 1190, 1103, 972, 1102, 3, 50
1366, 1243, 1197, 1083, 1196, 3, 50
1367, 1228, 1171, 1060, 1170, 3, 50
1368, 1200, 1129, 983, 1128, 3, 50
1369, 1250, 1208, 1097, 1207, 3, 50
1370, 1254, 1213, 1122, 1212, 3, 50
1371, 1247, 1204, 1097, 1203, 3, 50
1372, 1208, 1133, 1012, 1132, 3, 50
1373, 1246, 1172, 1037, 1171, 3, 50
1374, 1225, 1143, 1022, 1142, 3, 50
1375, 1264, 1205, 1106, 1204, 3, 50
1376, 1272, 1232, 1152, 1231, 3, 50
1377, 1266, 1217, 1116, 1216, 3, 50
1378, 1204, 1126, 998, 1125, 3, 50
1379, 1220, 1145, 1020, 1144, 3, 50
1380, 1225, 1154, 1016, 1153, 3, 50
1381, 1235, 1163, 1022, 1162, 3, 50
1382, 1213, 1140, 1017, 1139, 3, 50
1383, 1241, 1164, 1022, 1163, 3, 50
1384, 1281, 1238, 1133, 1237, 3, 50
1385, 1279, 1226, 1133, 1225, 3, 50
1386, 1223, 1139, 1008, 1138, 3, 50
1387, 1105, 981, 827, 980, 3, 50
1388, 1215, 1120, 964, 1119, 3, 50
1389, 1260, 1194, 1063, 1193, 3, 50
1390, 1262, 1200, 1087, 1199, 3, 50
1391, 1251, 1178, 1051, 1177, 3, 50
1392, 1265, 1201, 1071, 1200, 3, 50
1393, 1284, 1224, 1105, 1223, 3, 50
1394, 1267, 1209, 1103, 1208, 3, 50
1395, 1249, 1188, 1083, 1187, 3, 50
1396, 1255, 1192, 1079, 1191, 3, 50
1397, 1233, 1162, 1038, 1161, 3, 50
1398, 1131, 997, 862, 996, 3, 50
1399, 1203, 1097, 958, 1096, 3, 50
1400, 1256, 1189, 1076, 1188, 3, 50
1401, 1266, 1208, 1108, 1207, 3, 50
1402, 1243, 1178, 1069, 1177, 3, 50
1403, 1241, 1174, 1057, 1173, 3, 50
1404, 1251, 1190, 1075, 1189, 3, 50
1405, 1254, 1175, 1064, 1174, 3, 50
1406, 1242, 1163, 1049, 1162, 3, 50
1407, 1266, 1198, 1072, 1197, 3, 50
1408, 1279, 1227, 1112, 1226, 3, 50
1409, 1269, 1207, 1085, 1206, 3, 50
1410, 1245, 1159, 1022, 1158, 3, 50
1411, 1267, 1196, 1034, 1195, 3, 50
1412, 1289, 1245, 1129, 1244, 3, 50
1413, 1282, 1235, 1133, 1234, 3, 50
1414, 1254, 1175, 1049, 1174, 3, 50
1415, 1277, 1218, 1069, 1217, 3, 50
1416, 1299, 1250, 1153, 1249, 3, 50
1417, 1295, 1243, 1151, 1242, 3, 50
1418, 1284, 1211, 1114, 1210, 3, 50
1419, 1250, 1164, 1050, 1163, 3, 50
1420, 1285, 1222, 1084, 1221, 3, 50
1421, 1310, 1259, 1135, 1258, 3, 50
1422, 1315, 1274, 1169, 1273, 3, 50
1423, 1309, 1265, 1169, 1264, 3, 50
1424, 1184, 1061, 916, 1060, 3, 50
1425, 1114, 978, 808, 977, 3, 50
1426, 1224, 1118, 918, 1117, 3, 50
1427, 1295, 1221, 1096, 1220, 3, 50
1428, 1301, 1243, 1146, 1242, 3, 50
1429, 1276, 1207, 1092, 1206, 3, 50
1430, 1255, 1165, 1032, 1164, 3, 50
1431, 1283, 1196, 1052, 1195, 3, 50
1432, 1298, 1221, 1106, 1220, 3, 50
1433, 1292, 1228, 1110, 1227, 3, 50
1434, 1290, 1225, 1111, 1224, 3, 50
1435, 1287, 1222, 1099, 1221, 3, 50
1436, 1310, 1260, 1138, 1259, 3, 50
1437, 1320, 1269, 1171, 1268, 3, 50
1438, 1283, 1201, 1079, 1200, 3, 50
1439, 1279, 1192, 1053, 1191, 3, 50
1440, 1303, 1240, 1107, 1239, 3, 50
1441, 1307, 1252, 1137, 1251, 3, 50
1442, 1306, 1250, 1147, 1249, 3, 50
1443, 1317, 1261, 1161, 1260, 3, 50
1444, 1326, 1280, 1181, 1279, 3, 50
1445, 1307, 1256, 1159, 1255, 3, 50
1446, 1316, 1258, 1154, 1257, 3, 50
1447, 1282, 1210, 1084, 1209, 3, 50
1448, 1260, 1160, 1006, 1159, 3, 50
1449, 1311, 1236, 1051, 1235, 3, 50
1450, 1314, 1252, 1138, 1251, 3, 50
1451, 1291, 1212, 1070, 1211, 3, 50
1452, 1328, 1259, 1114, 1258, 3, 50
1453, 1353, 1305, 1211, 1304, 3, 50
1454, 1321, 1251, 1122, 1250, 3, 50
1455, 1231, 1136, 985, 1135, 3, 50
1456, 998, 786, 612, 785, 3, 50
1457, 780, 548, 409, 547, 3, 50
1458, 913, 697, 515, 696, 3, 50
1459, 776, 512, 333, 509, 3, 50
1460, 906, 658, 392, 656, 3, 50
1461, 931, 653, 418, 652, 3, 50
1462, 897, 656, 439, 655, 3, 50
1463, 807, 538, 347, 537, 3, 50
1464, 811, 536, 324, 535, 3, 50
1465, 1022, 826, 602, 825, 3, 50
1466, 1204, 1074, 837, 1073, 3, 50
1467, 1234, 1117, 941, 1116, 3, 50
1468, 1265, 1170, 1013, 1169, 3, 50
1469, 1238, 1144, 1000, 1143, 3, 50
1470, 1311, 1258, 1110, 1257, 3, 50
1471, 1308, 1249, 1108, 1248, 3, 50
1472, 1294, 1223, 1077, 1222, 3, 50
1473, 1334, 1271, 1109, 1270, 3, 50
1474, 1335, 1279, 1147, 1278, 3, 50
1475, 1316, 1243, 1119, 1242, 3, 50
1476, 1323, 1247, 1119, 1246, 3, 50
1477, 1328, 1250, 1122, 1249, 3, 50
1478, 1346, 1282, 1162, 1281, 3, 50
1479, 1337, 1256, 1134, 1255, 3, 50
1480, 1271, 1169, 1025, 1168, 3, 50
1481, 1305, 1214, 1039, 1213, 3, 50
1482, 1362, 1317, 1211, 1316, 3, 50
1483, 1380, 1336, 1246, 1335, 3, 50
1484, 1375, 1318, 1227, 1317, 3, 50
1485, 1359, 1294, 1190, 1293, 3, 50
1486, 1298, 1197, 1056, 1196, 3, 50
1487, 1323, 1239, 1077, 1238, 3, 50
1488, 1376, 1331, 1236, 1330, 3, 50
1489, 1361, 1295, 1189, 1294, 3, 50
1490, 1354, 1280, 1167, 1279, 3, 50
1491, 1373, 1318, 1203, 1317, 3, 50
1492, 1364, 1294, 1186, 1293, 3, 50
1493, 1364, 1294, 1185, 1293, 3, 50
1494, 1361, 1295, 1184, 1294, 3, 50
1495, 1361, 1291, 1183, 1290, 3, 50
1496, 1354, 1276, 1145, 1275, 3, 50
1497, 1361, 1288, 1169, 1287, 3, 50
1498, 1368, 1314, 1201, 1313, 3, 50
1499, 1362, 1308, 1186, 1307, 3, 50
1500, 1386, 1330, 1223, 1329, 3, 50
1501, 1367, 1308, 1202, 1307, 3, 50
1502, 1361, 1296, 1176, 1295, 3, 50
1503, 1376, 1323, 1215, 1322, 3, 50
1504, 1388, 1341, 1231, 1340, 3, 50
1505, 1391, 1342, 1243, 1341, 3, 50
1506, 1391, 1342, 1257, 1341, 3, 50
1507, 1372, 1308, 1210, 1307, 3, 50
1508, 1367, 1306, 1190, 1305, 3, 50
1509, 1388, 1343, 1225, 1342, 3, 50
1510, 1347, 1264, 1152, 1263, 3, 50
1511, 1338, 1242, 1098, 1241, 3, 50
1512, 1347, 1257, 1124, 1256, 3, 50
1513, 1393, 1336, 1218, 1335, 3, 50
1514, 1406, 1354, 1268, 1353, 3, 50
1515, 1395, 1340, 1257, 1339, 3, 50
1516, 1386, 1318, 1218, 1317, 3, 50
1517, 1300, 1230, 1109, 1229, 3, 50
1518, 1327, 1235, 1097, 1234, 3, 50
1519, 1376, 1308, 1182, 1307, 3, 50
1520, 1370, 1292, 1180, 1291, 3, 50
1521, 1379, 1310, 1183, 1309, 3, 50
1522, 1361, 1271, 1129, 1270, 3, 50
1523, 1398, 1336, 1203, 1335, 3, 50
1524, 1417, 1373, 1290, 1372, 3, 50
1525, 1424, 1384, 1293, 1383, 3, 50
1526, 1402, 1344, 1233, 1343, 3, 50
1527, 1369, 1285, 1175, 1284, 3, 50
1528, 1319, 1210, 1077, 1209, 3, 50
1529, 1399, 1332, 1180, 1331, 3, 50
1530, 1392, 1331, 1227, 1330, 3, 50
1531, 1369, 1293, 1174, 1292, 3, 50
1532, 1378, 1308, 1158, 1307, 3, 50
1533, 1364, 1283, 1143, 1282, 3, 50
1534, 1438, 1380, 1274, 1379, 3, 50
1535, 1437, 1384, 1291, 1383, 3, 50
1536, 1409, 1341, 1240, 1340, 3, 50
1537, 1410, 1342, 1234, 1341, 3, 50
1538, 1364, 1260, 1122, 1259, 3, 50
1539, 1388, 1302, 1157, 1301, 3, 50
1540, 1419, 1352, 1254, 1351, 3, 50
1541, 1427, 1360, 1269, 1359, 3, 50
1542, 1418, 1352, 1252, 1351, 3, 50
1543, 1411, 1348, 1236, 1347, 3, 50
1544, 1402, 1326, 1199, 1325, 3, 50
1545, 1354, 1247, 1103, 1246, 3, 50
1546, 1405, 1331, 1183, 1330, 3, 50
1547, 1428, 1367, 1290, 1366, 3, 50
1548, 1434, 1377, 1291, 1376, 3, 50
1549, 1427, 1368, 1289, 1367, 3, 50
1550, 1407, 1336, 1227, 1335, 3, 50
1551, 1304, 1177, 1023, 1176, 3, 50
1552, 1368, 1254, 1067, 1253, 3, 50
1553, 1439, 1366, 1273, 1365, 3, 50
1554, 1424, 1356, 1264, 1355, 3, 50
1555, 1412, 1334, 1215, 1333, 3, 50
1556, 1417, 1349, 1227, 1348, 3, 50
1557, 1442, 1375, 1265, 1374, 3, 50
1558, 1426, 1361, 1257, 1360, 3, 50
1559, 1432, 1367, 1263, 1366, 3, 50
1560, 1459, 1403, 1296, 1402, 3, 50
1561, 1461, 1408, 1322, 1407, 3, 50
1562, 1458, 1410, 1316, 1409, 3, 50
1563, 1424, 1342, 1246, 1341, 3, 50
1564, 1413, 1319, 1172, 1318, 3, 50
1565, 1399, 1325, 1179, 1324, 3, 50
1566, 1424, 1352, 1247, 1351, 3, 50
1567, 1432, 1366, 1247, 1365, 3, 50
1568, 1404, 1325, 1216, 1324, 3, 50
1569, 1395, 1292, 1164, 1291, 3, 50
1570, 1462, 1407, 1283, 1406, 3, 50
1571, 1471, 1414, 1315, 1413, 3, 50
1572, 1381, 1277, 1138, 1276, 3, 50
1573, 1394, 1315, 1165, 1314, 3, 50
1574, 1442, 1384, 1278, 1383, 3, 50
1575, 1436, 1371, 1251, 1370, 3, 50
1576, 1427, 1358, 1231, 1357, 3, 50
1577, 1430, 1370, 1251, 1369, 3, 50
1578, 1430, 1351, 1225, 1350, 3, 50
1579, 1421, 1340, 1208, 1339, 3, 50
1580, 1452, 1400, 1282, 1399, 3, 50
1581, 1425, 1353, 1242, 1352, 3, 50
1582, 1438, 1370, 1245, 1369, 3, 50
1583, 1441, 1383, 1286, 1382, 3, 50
1584, 1461, 1407, 1310, 1406, 3, 50
1585, 1460, 1406, 1312, 1405, 3, 50
1586, 1455, 1395, 1294, 1394, 3, 50
1587, 1445, 1390, 1287, 1389, 3, 50
1588, 1464, 1409, 1301, 1408, 3, 50
1589, 1440, 1375, 1274, 1374, 3, 50
1590, 1428, 1355, 1245, 1354, 3, 50
1591, 1410, 1332, 1199, 1331, 3, 50
1592, 1384, 1282, 1128, 1281, 3, 50
1593, 1451, 1381, 1226, 1380, 3, 50
1594, 1454, 1390, 1275, 1389, 3, 50
1595, 1452, 1378, 1257, 1377, 3, 50
1596, 1462, 1396, 1281, 1395, 3, 50
1597, 1468, 1412, 1296, 1411, 3, 50
1598, 1469, 1413, 1319, 1412, 3, 50
1599, 1455, 1389, 1289, 1388, 3, 50
1600, 1470, 1414, 1308, 1413, 3, 50
1601, 1470, 1420, 1337, 1419, 3, 50
1602, 1433, 1339, 1219, 1338, 3, 50
1603, 1407, 1308, 1126, 1307, 3, 50
1604, 1450, 1390, 1249, 1389, 3, 50
1605, 1432, 1359, 1231, 1358, 3, 50
1606, 1391, 1281, 1136, 1280, 3, 50
1607, 1444, 1362, 1198, 1361, 3, 50
1608, 1436, 1376, 1253, 1375, 3, 50
1609, 1438, 1369, 1252, 1368, 3, 50
1610, 1425, 1352, 1233, 1351, 3, 50
1611, 1415, 1334, 1209, 1333, 3, 50
1612, 1436, 1367, 1224, 1366, 3, 50
1613, 1457, 1404, 1265, 1403, 3, 50
1614, 1457, 1403, 1279, 1402, 3, 50
1615, 1481, 1422, 1300, 1421, 3, 50
1616, 1477, 1420, 1307, 1419, 3, 50
1617, 1479, 1411, 1263, 1410, 3, 50
1618, 1460, 1383, 1220, 1382, 3, 50
1619, 1474, 1407, 1282, 1406, 3, 50
1620, 1478, 1412, 1290, 1411, 3, 50
1621, 1488, 1425, 1286, 1424, 3, 50
1622, 1506, 1452, 1324, 1451, 3, 50
1623, 1510, 1457, 1362, 1456, 3, 50
1624, 1502, 1433, 1344, 1432, 3, 50
1625, 1456, 1366, 1246, 1365, 3, 50
1626, 1462, 1376, 1239, 1375, 3, 50
1627, 1510, 1454, 1339, 1453, 3, 50
1628, 1512, 1459, 1364, 1458, 3, 50
1629, 1501, 1454, 1356, 1453, 3, 50
1630, 1494, 1445, 1350, 1444, 3, 50
1631, 1490, 1439, 1334, 1438, 3, 50
1632, 1510, 1463, 1356, 1462, 3, 50
1633, 1514, 1467, 1381, 1466, 3, 50
1634, 1495, 1429, 1310, 1428, 3, 50
1635, 1450, 1347, 1194, 1346, 3, 50
1636, 1505, 1434, 1255, 1433, 3, 50
1637, 1513, 1448, 1332, 1447, 3, 50
1638, 1486, 1404, 1270, 1403, 3, 50
1639, 1506, 1439, 1300, 1438, 3, 50
1640, 1528, 1474, 1380, 1473, 3, 50
1641, 1529, 1479, 1402, 1478, 3, 50
1642, 1526, 1474, 1386, 1473, 3, 50
1643, 1502, 1424, 1329, 1423, 3, 50
1644, 1494, 1419, 1309, 1418, 3, 50
1645, 1511, 1443, 1340, 1442, 3, 50
1646, 1500, 1419, 1301, 1418, 3, 50
1647, 1498, 1424, 1296, 1423, 3, 50
1648, 1526, 1469, 1363, 1468, 3, 50
1649, 1527, 1471, 1354, 1470, 3, 50
1650, 1513, 1452, 1356, 1451, 3, 50
1651, 1519, 1478, 1384, 1477, 3, 50
1652, 1508, 1444, 1341, 1443, 3, 50
1653, 1459, 1382, 1269, 1381, 3, 50
1654, 1480, 1401, 1273, 1400, 3, 50
1655, 1523, 1456, 1352, 1455, 3, 50
1656, 1528, 1468, 1362, 1467, 3, 50
1657, 1475, 1381, 1254, 1380, 3, 50
1658, 1459, 1371, 1219, 1370, 3, 50
1659, 1541, 1495, 1363, 1494, 3, 50
1660, 1550, 1501, 1409, 1500, 3, 50
1661, 1516, 1435, 1332, 1434, 3, 50
1662, 1464, 1365, 1234, 1364, 3, 50
1663, 1455, 1353, 1206, 1352, 3, 50
1664, 1524, 1456, 1324, 1455, 3, 50
1665, 1537, 1481, 1375, 1480, 3, 50
1666, 1513, 1439, 1313, 1438, 3, 50
1667, 1495, 1412, 1292, 1411, 3, 50
1668, 1543, 1490, 1372, 1489, 3, 50
1669, 1548, 1505, 1385, 1504, 3, 50
1670, 1550, 1502, 1391, 1501, 3, 50
1671, 1556, 1508, 1406, 1507, 3, 50
1672, 1538, 1479, 1378, 1478, 3, 50
1673, 1491, 1424, 1301, 1423, 3, 50
1674, 1480, 1378, 1252, 1377, 3, 50
1675, 1523, 1466, 1338, 1465, 3, 50
1676, 1513, 1447, 1323, 1446, 3, 50
1677, 1495, 1428, 1313, 1427, 3, 50
1678, 1522, 1459, 1342, 1458, 3, 50
1679, 1510, 1445, 1329, 1444, 3, 50
1680, 1505, 1440, 1328, 1439, 3, 50
1681, 1527, 1468, 1358, 1467, 3, 50
1682, 1516, 1451, 1340, 1450, 3, 50
1683, 1481, 1407, 1296, 1406, 3, 50
1684, 1517, 1445, 1311, 1444, 3, 50
1685, 1540, 1478, 1368, 1477, 3, 50
1686, 1504, 1434, 1315, 1433, 3, 50
1687, 1531, 1465, 1334, 1464, 3, 50
1688, 1557, 1506, 1405, 1505, 3, 50
1689, 1556, 1491, 1368, 1490, 3, 50
1690, 1532, 1466, 1356, 1465, 3, 50
1691, 1563, 1503, 1389, 1502, 3, 50
1692, 1564, 1502, 1395, 1501, 3, 50
1693, 1535, 1452, 1341, 1451, 3, 50
1694, 1490, 1391, 1237, 1390, 3, 50
1695, 1550, 1478, 1320, 1477, 3, 50
1696, 1567, 1513, 1416, 1512, 3, 50
1697, 1569, 1519, 1427, 1518, 3, 50
1698, 1564, 1496, 1380, 1495, 3, 50
1699, 1562, 1492, 1383, 1491, 3, 50
1700, 1579, 1525, 1415, 1524, 3, 50
1701, 1564, 1499, 1389, 1498, 3, 50
1702, 1539, 1466, 1349, 1465, 3, 50
1703, 1572, 1519, 1396, 1518, 3, 50
1704, 1557, 1493, 1389, 1492, 3, 50
1705, 1556, 1481, 1352, 1480, 3, 50
1706, 1580, 1526, 1422, 1525, 3, 50
1707, 1582, 1526, 1444, 1525, 3, 50
1708, 1568, 1500, 1403, 1499, 3, 50
1709, 1568, 1509, 1388, 1508, 3, 50
1710, 1567, 1509, 1393, 1508, 3, 50
1711, 1567, 1515, 1417, 1514, 3, 50
1712, 1567, 1510, 1412, 1509, 3, 50
1713, 1571, 1516, 1404, 1515, 3, 50
1714, 1571, 1512, 1404, 1511, 3, 50
1715, 1577, 1524, 1410, 1523, 3, 50
1716, 1594, 1558, 1470, 1557, 3, 50
1717, 1584, 1536, 1443, 1535, 3, 50
1718, 1574, 1509, 1393, 1508, 3, 50
1719, 1564, 1507, 1414, 1506, 3, 50
1720, 1559, 1483, 1360, 1482, 3, 50
1721, 1500, 1394, 1260, 1393, 3, 50
1722, 1480, 1401, 1244, 1400, 3, 50
1723, 1607, 1550, 1428, 1549, 3, 50
1724, 1596, 1526, 1415, 1525, 3, 50
1725, 1605, 1538, 1426, 1537, 3, 50
1726, 1607, 1553, 1457, 1552, 3, 50
1727, 1562, 1476, 1352, 1475, 3, 50
1728, 1566, 1488, 1362, 1487, 3, 50
1729, 1610, 1562, 1469, 1561, 3, 50
1730, 1603, 1548, 1457, 1547, 3, 50
1731, 1557, 1466, 1340, 1465, 3, 50
1732, 1572, 1485, 1347, 1484, 3, 50
1733, 1615, 1567, 1481, 1566, 3, 50
1734, 1605, 1547, 1461, 1546, 3, 50
1735, 1582, 1511, 1385, 1510, 3, 50
1736, 1607, 1558, 1431, 1557, 3, 50
1737, 1609, 1562, 1461, 1561, 3, 50
1738, 1579, 1525, 1427, 1524, 3, 50
1739, 1576, 1516, 1406, 1515, 3, 50
1740, 1614, 1557, 1455, 1556, 3, 50
1741, 1602, 1539, 1440, 1538, 3, 50
1742, 1614, 1553, 1436, 1552, 3, 50
1743, 1591, 1519, 1407, 1518, 3, 50
1744, 1612, 1551, 1429, 1550, 3, 50
1745, 1616, 1557, 1467, 1556, 3, 50
1746, 1613, 1557, 1469, 1556, 3, 50
1747, 1603, 1537, 1436, 1536, 3, 50
1748, 1605, 1547, 1439, 1546, 3, 50
1749, 1607, 1544, 1435, 1543, 3, 50
1750, 1607, 1540, 1430, 1539, 3, 50
1751, 1608, 1545, 1432, 1544, 3, 50
1752, 1620, 1564, 1447, 1563, 3, 50
1753, 1646, 1600, 1511, 1599, 3, 50
1754, 1638, 1590, 1498, 1589, 3, 50
1755, 1623, 1559, 1459, 1558, 3, 50
1756, 1587, 1499, 1362, 1498, 3, 50
1757, 1636, 1578, 1427, 1577, 3, 50
1758, 1634, 1585, 1477, 1584, 3, 50
1759, 1620, 1562, 1449, 1561, 3, 50
1760, 1631, 1576, 1468, 1575, 3, 50
1761, 1639, 1581, 1475, 1580, 3, 50
1762, 1627, 1557, 1451, 1556, 3, 50
1763, 1613, 1535, 1411, 1534, 3, 50
1764, 1642, 1581, 1446, 1580, 3, 50
1765, 1618, 1544, 1411, 1543, 3, 50
1766, 1604, 1524, 1403, 1523, 3, 50
1767, 1635, 1574, 1460, 1573, 3, 50
1768, 1639, 1582, 1471, 1581, 3, 50
1769, 1611, 1531, 1401, 1530, 3, 50
1770, 1619, 1540, 1411, 1539, 3, 50
1771, 1614, 1538, 1426, 1537, 3, 50
1772, 1620, 1546, 1432, 1545, 3, 50
1773, 1618, 1548, 1436, 1547, 3, 50
1774, 1616, 1543, 1435, 1542, 3, 50
1775, 1619, 1554, 1452, 1553, 3, 50
1776, 1624, 1561, 1459, 1560, 3, 50
1777, 1634, 1571, 1461, 1570, 3, 50
1778, 1638, 1577, 1469, 1576, 3, 50
1779, 1646, 1589, 1490, 1588, 3, 50
1780, 1653, 1599, 1489, 1598, 3, 50
1781, 1625, 1548, 1440, 1547, 3, 50
1782, 1613, 1528, 1382, 1527, 3, 50
1783, 1666, 1609, 1474, 1608, 3, 50
1784, 1660, 1597, 1482, 1596, 3, 50
1785, 1641, 1563, 1436, 1562, 3, 50
1786, 1637, 1563, 1438, 1562, 3, 50
1787, 1643, 1581, 1456, 1580, 3, 50
1788, 1648, 1584, 1458, 1583, 3, 50
1789, 1637, 1570, 1445, 1569, 3, 50
1790, 1649, 1598, 1480, 1597, 3, 50
1791, 1644, 1598, 1489, 1597, 3, 50
1792, 1663, 1602, 1491, 1601, 3, 50
1793, 1659, 1601, 1488, 1600, 3, 50
1794, 1641, 1574, 1447, 1573, 3, 50
1795, 1642, 1579, 1455, 1578, 3, 50
1796, 1683, 1637, 1531, 1636, 3, 50
1797, 1693, 1650, 1566, 1649, 3, 50
1798, 1671, 1608, 1507, 1607, 3, 50
1799, 1495, 1369, 1183, 1368, 3, 50
1800, 1434, 1253, 1009, 1252, 3, 50
1801, 1574, 1445, 1214, 1444, 3, 50
1802, 1615, 1528, 1370, 1527, 3, 50
1803, 1634, 1575, 1439, 1574, 3, 50
1804, 1661, 1600, 1468, 1599, 3, 50
1805, 1678, 1622, 1506, 1621, 3, 50
1806, 1658, 1582, 1464, 1581, 3, 50
1807, 1639, 1546, 1419, 1545, 3, 50
1808, 1673, 1601, 1470, 1600, 3, 50
1809, 1668, 1587, 1468, 1586, 3, 50
1810, 1634, 1539, 1404, 1538, 3, 50
1811, 1675, 1601, 1448, 1600, 3, 50
1812, 1661, 1602, 1488, 1601, 3, 50
1813, 1676, 1602, 1455, 1601, 3, 50
1814, 1612, 1494, 1349, 1493, 3, 50
1815, 1692, 1620, 1497, 1619, 3, 50
1816, 1693, 1634, 1526, 1633, 3, 50
1817, 1640, 1553, 1418, 1552, 3, 50
1818, 1647, 1568, 1409, 1567, 3, 50
1819, 1627, 1536, 1384, 1535, 3, 50
1820, 1670, 1594, 1453, 1593, 3, 50
1821, 1681, 1614, 1501, 1613, 3, 50
1822, 1681, 1598, 1469, 1597, 3, 50
1823, 1673, 1590, 1469, 1589, 3, 50
1824, 1674, 1591, 1468, 1590, 3, 50
1825, 1675, 1603, 1485, 1602, 3, 50
1826, 1622, 1519, 1386, 1518, 3, 50
1827, 1671, 1594, 1421, 1593, 3, 50
1828, 1702, 1644, 1533, 1643, 3, 50
1829, 1709, 1653, 1558, 1652, 3, 50
1830, 1713, 1657, 1556, 1656, 3, 50
1831, 1703, 1641, 1546, 1640, 3, 50
1832, 1655, 1565, 1431, 1564, 3, 50
1833, 1687, 1624, 1485, 1623, 3, 50
1834, 1707, 1644, 1542, 1643, 3, 50
1835, 1695, 1628, 1510, 1627, 3, 50
1836, 1709, 1657, 1542, 1656, 3, 50
1837, 1705, 1652, 1544, 1651, 3, 50
1838, 1698, 1630, 1510, 1629, 3, 50
1839, 1727, 1679, 1558, 1678, 3, 50
1840, 1718, 1667, 1565, 1666, 3, 50
1841, 1718, 1660, 1556, 1659, 3, 50
1842, 1701, 1629, 1513, 1628, 3, 50
1843, 1704, 1645, 1518, 1644, 3, 50
1844, 1695, 1625, 1499, 1624, 3, 50
1845, 1715, 1657, 1519, 1656, 3, 50
1846, 1725, 1680, 1591, 1679, 3, 50
1847, 1697, 1622, 1503, 1621, 3, 50
1848, 1697, 1630, 1493, 1629, 3, 50
1849, 1702, 1640, 1512, 1639, 3, 50
1850, 1727, 1665, 1553, 1664, 3, 50
1851, 1748, 1703, 1616, 1702, 3, 50
1852, 1739, 1689, 1598, 1688, 3, 50
1853, 1705, 1622, 1512, 1621, 3, 50
1854, 1727, 1661, 1537, 1660, 3, 50
1855, 1741, 1692, 1592, 1691, 3, 50
1856, 1705, 1614, 1498, 1613, 3, 50
1857, 1716, 1648, 1495, 1647, 3, 50
1858, 1695, 1606, 1468, 1605, 3, 50
1859, 1693, 1607, 1456, 1606, 3, 50
1860, 1674, 1569, 1408, 1568, 3, 50
1861, 1733, 1664, 1489, 1663, 3, 50
1862, 1762, 1725, 1642, 1724, 3, 50
1863, 1759, 1716, 1632, 1715, 3, 50
1864, 1736, 1668, 1572, 1667, 3, 50
1865, 1708, 1649, 1528, 1648, 3, 50
1866, 1700, 1631, 1516, 1630, 3, 50
1867, 1720, 1662, 1552, 1661, 3, 50
1868, 1713, 1659, 1567, 1658, 3, 50
1869, 1700, 1635, 1537, 1634, 3, 50
1870, 1593, 1477, 1353, 1476, 3, 50
1871, 1554, 1406, 1260, 1405, 3, 50
1872, 1465, 1296, 1141, 1295, 3, 50
1873, 1521, 1339, 1133, 1338, 3, 50
1874, 1648, 1548, 1370, 1547, 3, 50
1875, 1625, 1509, 1341, 1508, 3, 50
1876, 1568, 1438, 1272, 1437, 3, 50
1877, 1551, 1399, 1179, 1398, 3, 50
1878, 1590, 1446, 1212, 1445, 3, 50
1879, 1674, 1588, 1441, 1587, 3, 50
1880, 1706, 1633, 1508, 1632, 3, 50
1881, 1742, 1678, 1548, 1677, 3, 50
1882, 1756, 1695, 1594, 1694, 3, 50
1883, 1763, 1708, 1606, 1707, 3, 50
1884, 1760, 1708, 1606, 1707, 3, 50
1885, 1728, 1647, 1522, 1646, 3, 50
1886, 1740, 1670, 1533, 1669, 3, 50
1887, 1763, 1712, 1616, 1711, 3, 50
1888, 1781, 1740, 1653, 1739, 3, 50
1889, 1782, 1738, 1650, 1737, 3, 50
1890, 1768, 1706, 1600, 1705, 3, 50
1891, 1726, 1657, 1541, 1656, 3, 50
1892, 1573, 1401, 1231, 1400, 3, 50
1893, 1540, 1363, 1178, 1362, 3, 50
1894, 1509, 1345, 1179, 1344, 3, 50
1895, 1709, 1598, 1409, 1597, 3, 50
1896, 1758, 1683, 1532, 1682, 3, 50
1897, 1765, 1707, 1604, 1706, 3, 50
1898, 1753, 1679, 1568, 1678, 3, 50
1899, 1752, 1687, 1563, 1686, 3, 50
1900, 1740, 1657, 1538, 1656, 3, 50
1901, 1651, 1527, 1382, 1526, 3, 50
1902, 1704, 1622, 1442, 1621, 3, 50
1903, 1720, 1633, 1501, 1632, 3, 50
1904, 1729, 1631, 1483, 1630, 3, 50
1905, 1674, 1560, 1396, 1559, 3, 50
1906, 1749, 1656, 1490, 1655, 3, 50
1907, 1779, 1721, 1628, 1720, 3, 50
1908, 1749, 1648, 1516, 1647, 3, 50
1909, 1595, 1428, 1232, 1427, 3, 50
1910, 1707, 1589, 1352, 1588, 3, 50
1911, 1762, 1693, 1557, 1692, 3, 50
1912, 1747, 1677, 1553, 1676, 3, 50
1913, 1734, 1643, 1498, 1642, 3, 50
1914, 1751, 1667, 1518, 1666, 3, 50
1915, 1730, 1631, 1483, 1630, 3, 50
1916, 1748, 1664, 1492, 1663, 3, 50
1917, 1766, 1689, 1550, 1688, 3, 50
1918, 1745, 1668, 1546, 1667, 3, 50
1919, 1695, 1564, 1401, 1563, 3, 50
1920, 1679, 1550, 1378, 1549, 3, 50
1921, 1729, 1633, 1473, 1632, 3, 50
1922, 1751, 1661, 1519, 1660, 3, 50
1923, 1729, 1633, 1504, 1632, 3, 50
1924, 1743, 1657, 1511, 1656, 3, 50
1925, 1749, 1672, 1539, 1671, 3, 50
1926, 1738, 1656, 1527, 1655, 3, 50
1927, 1786, 1727, 1609, 1726, 3, 50
1928, 1771, 1702, 1579, 1701, 3, 50
1929, 1727, 1627, 1489, 1626, 3, 50
1930, 1559, 1393, 1228, 1392, 3, 50
1931, 981, 569, 352, 568, 3, 50
1932, 981, 582, 370, 581, 3, 50
1933, 968, 586, 374, 585, 3, 50
1934, 926, 520, 280, 519, 3, 50
1935, 939, 534, 273, 533, 3, 50
1936, 1552, 1323, 1008, 1322, 3, 50
1937, 1362, 1062, 771, 1061, 3, 50
1938, 1579, 1375, 1034, 1374, 3, 50
1939, 1737, 1648, 1489, 1647, 3, 50
1940, 1779, 1702, 1564, 1701, 3, 50
1941, 1748, 1658, 1525, 1657, 3, 50
1942, 1636, 1504, 1352, 1503, 3, 50
1943, 1533, 1366, 1157, 1365, 3, 50
1944, 1637, 1448, 1220, 1447, 3, 50
1945, 1638, 1496, 1297, 1495, 3, 50
1946, 1563, 1391, 1220, 1390, 3, 50
1947, 1704, 1600, 1401, 1599, 3, 50
1948, 1780, 1693, 1525, 1692, 3, 50
1949, 1829, 1766, 1638, 1765, 3, 50
1950, 1799, 1721, 1598, 1720, 3, 50
1951, 1704, 1586, 1449, 1585, 3, 50
1952, 1590, 1400, 1190, 1399, 3, 50
1953, 1652, 1492, 1275, 1491, 3, 50
1954, 1643, 1489, 1281, 1488, 3, 50
1955, 1609, 1431, 1217, 1430, 3, 50
1956, 1534, 1333, 1114, 1332, 3, 50
1957, 1592, 1433, 1207, 1432, 3, 50
1958, 1609, 1466, 1269, 1465, 3, 50
1959, 1612, 1466, 1266, 1465, 3, 50
1960, 1647, 1506, 1307, 1505, 3, 50
1961, 1682, 1574, 1412, 1573, 3, 50
1962, 1665, 1541, 1399, 1540, 3, 50
1963, 1641, 1494, 1320, 1493, 3, 50
1964, 1639, 1491, 1312, 1490, 3, 50
1965, 1667, 1543, 1393, 1542, 3, 50
1966, 1675, 1549, 1411, 1548, 3, 50
1967, 1672, 1541, 1399, 1540, 3, 50
1968, 1624, 1478, 1302, 1477, 3, 50
1969, 1559, 1383, 1167, 1382, 3, 50
1970, 1592, 1445, 1196, 1444, 3, 50
1971, 1627, 1485, 1287, 1484, 3, 50
1972, 1648, 1520, 1338, 1519, 3, 50
1973, 1646, 1532, 1377, 1531, 3, 50
1974, 1649, 1536, 1383, 1535, 3, 50
1975, 1651, 1520, 1356, 1519, 3, 50
1976, 1613, 1473, 1301, 1472, 3, 50
1977, 1684, 1553, 1351, 1552, 3, 50
1978, 1693, 1569, 1420, 1568, 3, 50
1979, 1689, 1572, 1425, 1571, 3, 50
1980, 1684, 1549, 1393, 1548, 3, 50
1981, 1698, 1560, 1404, 1559, 3, 50
1982, 1738, 1624, 1475, 1623, 3, 50
1983, 1771, 1674, 1508, 1673, 3, 50
1984, 1792, 1705, 1568, 1704, 3, 50
1985, 1833, 1764, 1629, 1763, 3, 50
1986, 1828, 1756, 1626, 1755, 3, 50
1987, 1766, 1672, 1526, 1671, 3, 50
1988, 1819, 1732, 1571, 1731, 3, 50
1989, 1867, 1816, 1706, 1815, 3, 50
1990, 1870, 1815, 1720, 1814, 3, 50
1991, 1826, 1735, 1623, 1734, 3, 50
1992, 1795, 1703, 1590, 1702, 3, 50
1993, 1777, 1663, 1541, 1662, 3, 50
1994, 1819, 1748, 1617, 1747, 3, 50
1995, 1842, 1770, 1631, 1769, 3, 50
1996, 1823, 1736, 1603, 1735, 3, 50
1997, 1791, 1689, 1548, 1688, 3, 50
1998, 1883, 1823, 1690, 1822, 3, 50
1999, 1897, 1844, 1765, 1843, 3, 50
2000, 1869, 1798, 1703, 1797, 3, 50
2001, 1834, 1745, 1621, 1744, 3, 50
2002, 1830, 1744, 1619, 1743, 3, 50
2003, 1865, 1804, 1697, 1803, 3, 50
2004, 1872, 1814, 1730, 1813, 3, 50
2005, 1876, 1825, 1742, 1824, 3, 50
2006, 1889, 1834, 1744, 1833, 3, 50
2007, 1873, 1803, 1696, 1802, 3, 50
2008, 1847, 1752, 1634, 1751, 3, 50
2009, 1889, 1827, 1700, 1826, 3, 50
2010, 1896, 1839, 1754, 1838, 3, 50
2011, 1888, 1819, 1708, 1818, 3, 50
2012, 1867, 1777, 1658, 1776, 3, 50
2013, 1881, 1806, 1656, 1805, 3, 50
2014, 1881, 1813, 1704, 1812, 3, 50
2015, 1877, 1805, 1689, 1804, 3, 50
2016, 1802, 1671, 1510, 1670, 3, 50
2017, 1817, 1700, 1517, 1699, 3, 50
2018, 1909, 1849, 1737, 1848, 3, 50
2019, 1897, 1845, 1756, 1844, 3, 50
2020, 1837, 1751, 1620, 1750, 3, 50
2021, 1841, 1758, 1610, 1757, 3, 50
2022, 1855, 1765, 1644, 1764, 3, 50
2023, 1851, 1751, 1622, 1750, 3, 50
2024, 1812, 1712, 1587, 1711, 3, 50
2025, 1823, 1733, 1603, 1732, 3, 50
2026, 1845, 1767, 1646, 1766, 3, 50
2027, 1840, 1764, 1649, 1763, 3, 50
2028, 1838, 1762, 1644, 1761, 3, 50
2029, 1886, 1814, 1688, 1813, 3, 50
2030, 1853, 1767, 1655, 1766, 3, 50
2031, 1866, 1785, 1667, 1784, 3, 50
2032, 1888, 1814, 1708, 1813, 3, 50
2033, 1886, 1811, 1696, 1810, 3, 50
2034, 1875, 1803, 1684, 1802, 3, 50
2035, 1870, 1789, 1663, 1788, 3, 50
2036, 1906, 1841, 1711, 1840, 3, 50
2037, 1921, 1864, 1750, 1863, 3, 50
2038, 1919, 1860, 1752, 1859, 3, 50
2039, 1919, 1861, 1753, 1860, 3, 50
2040, 1916, 1855, 1741, 1854, 3, 50
2041, 1915, 1845, 1724, 1844, 3, 50
2042, 1893, 1801, 1660, 1800, 3, 50
2043, 1905, 1820, 1680, 1819, 3, 50
2044, 1927, 1863, 1746, 1862, 3, 50
2045, 1930, 1868, 1756, 1867, 3, 50
2046, 1931, 1880, 1796, 1879, 3, 50
2047, 1928, 1872, 1785, 1871, 3, 50
2048, 1926, 1867, 1769, 1866, 3, 50
2049, 1917, 1845, 1724, 1844, 3, 50
2050, 1894, 1816, 1681, 1815, 3, 50
2051, 1905, 1820, 1684, 1819, 3, 50
2052, 1930, 1862, 1755, 1861, 3, 50
2053, 1943, 1889, 1796, 1888, 3, 50
2054, 1948, 1902, 1802, 1901, 3, 50
2055, 1936, 1889, 1792, 1888, 3, 50
2056, 1946, 1887, 1779, 1886, 3, 50
2057, 1931, 1860, 1761, 1859, 3, 50
2058, 1892, 1798, 1651, 1797, 3, 50
2059, 1908, 1828, 1676, 1827, 3, 50
2060, 1940, 1886, 1794, 1885, 3, 50
2061, 1934, 1875, 1780, 1874, 3, 50
2062, 1940, 1876, 1776, 1875, 3, 50
2063, 1929, 1862, 1760, 1861, 3, 50
2064, 1932, 1858, 1735, 1857, 3, 50
2065, 1934, 1857, 1741, 1856, 3, 50
2066, 1949, 1887, 1770, 1886, 3, 50
2067, 1962, 1904, 1805, 1903, 3, 50
2068, 1950, 1891, 1789, 1890, 3, 50
2069, 1950, 1887, 1777, 1886, 3, 50
2070, 1945, 1878, 1764, 1877, 3, 50
2071, 1965, 1911, 1789, 1910, 3, 50
2072, 1978, 1932, 1848, 1931, 3, 50
2073, 1972, 1922, 1835, 1921, 3, 50
2074, 1959, 1893, 1787, 1892, 3, 50
2075, 1876, 1778, 1656, 1777, 3, 50
2076, 1897, 1804, 1652, 1803, 3, 50
2077, 1951, 1882, 1760, 1881, 3, 50
2078, 1937, 1858, 1745, 1857, 3, 50
2079, 1923, 1835, 1705, 1834, 3, 50
2080, 1942, 1869, 1739, 1868, 3, 50
2081, 1948, 1883, 1787, 1882, 3, 50
2082, 1948, 1893, 1782, 1892, 3, 50
2083, 1926, 1836, 1721, 1835, 3, 50
2084, 1855, 1736, 1597, 1735, 3, 50
2085, 1934, 1847, 1659, 1846, 3, 50
2086, 1965, 1897, 1795, 1896, 3, 50
2087, 1928, 1849, 1740, 1848, 3, 50
2088, 1883, 1779, 1648, 1778, 3, 50
2089, 1948, 1884, 1731, 1883, 3, 50
2090, 1958, 1901, 1784, 1900, 3, 50
2091, 1938, 1857, 1720, 1856, 3, 50
2092, 1938, 1869, 1736, 1868, 3, 50
2093, 1957, 1897, 1793, 1896, 3, 50
2094, 1971, 1906, 1809, 1905, 3, 50
2095, 1963, 1884, 1783, 1883, 3, 50
2096, 1934, 1840, 1725, 1839, 3, 50
2097, 1920, 1812, 1687, 1811, 3, 50
2098, 1968, 1896, 1743, 1895, 3, 50
2099, 1938, 1856, 1718, 1855, 3, 50
2100, 1924, 1830, 1699, 1829, 3, 50
2101, 1932, 1847, 1714, 1846, 3, 50
2102, 1971, 1918, 1795, 1917, 3, 50
2103, 1987, 1934, 1846, 1933, 3, 50
2104, 1980, 1906, 1813, 1905, 3, 50
2105, 1949, 1855, 1729, 1854, 3, 50
2106, 1968, 1898, 1758, 1897, 3, 50
2107, 1951, 1880, 1752, 1879, 3, 50
2108, 1919, 1821, 1670, 1820, 3, 50
2109, 1969, 1893, 1732, 1892, 3, 50
2110, 1991, 1938, 1823, 1937, 3, 50
2111, 1984, 1937, 1831, 1936, 3, 50
2112, 1981, 1920, 1816, 1919, 3, 50
2113, 1970, 1896, 1787, 1895, 3, 50
2114, 1978, 1918, 1803, 1917, 3, 50
2115, 1944, 1866, 1725, 1865, 3, 50
2116, 1869, 1756, 1581, 1755, 3, 50
2117, 1946, 1885, 1692, 1884, 3, 50
2118, 2010, 1963, 1858, 1962, 3, 50
2119, 2022, 1970, 1885, 1969, 3, 50
2120, 2014, 1957, 1865, 1956, 3, 50
2121, 1961, 1884, 1771, 1883, 3, 50
2122, 1862, 1734, 1579, 1733, 3, 50
2123, 1728, 1497, 1270, 1496, 3, 50
2124, 1581, 1273, 987, 1272, 3, 50
2125, 1908, 1762, 1471, 1761, 3, 50
2126, 1973, 1883, 1683, 1882, 3, 50
2127, 1938, 1835, 1648, 1834, 3, 50
2128, 1949, 1854, 1640, 1853, 3, 50
2129, 1906, 1793, 1552, 1792, 3, 50
2130, 1971, 1889, 1717, 1888, 3, 50
2131, 2024, 1968, 1873, 1967, 3, 50
2132, 2013, 1950, 1824, 1949, 3, 50
2133, 1868, 1733, 1575, 1732, 3, 50
2134, 1794, 1621, 1390, 1620, 3, 50
2135, 1727, 1533, 1306, 1532, 3, 50
2136, 1810, 1687, 1457, 1686, 3, 50
2137, 1838, 1728, 1579, 1727, 3, 50
2138, 1887, 1769, 1622, 1768, 3, 50
2139, 1649, 1425, 1218, 1424, 3, 50
2140, 1850, 1676, 1364, 1675, 3, 50
2141, 1889, 1745, 1573, 1744, 3, 50
2142, 1985, 1887, 1707, 1886, 3, 50
2143, 1947, 1824, 1658, 1823, 3, 50
2144, 2017, 1958, 1819, 1957, 3, 50
2145, 2001, 1914, 1798, 1913, 3, 50
2146, 1977, 1884, 1730, 1883, 3, 50
2147, 2056, 1995, 1888, 1994, 3, 50
2148, 2035, 1980, 1870, 1979, 3, 50
2149, 1953, 1836, 1683, 1835, 3, 50
2150, 1864, 1708, 1547, 1707, 3, 50
2151, 1516, 1165, 950, 1164, 3, 50
2152, 1541, 1172, 919, 1171, 3, 50
2153, 1839, 1673, 1420, 1672, 3, 50
2154, 1825, 1668, 1476, 1667, 3, 50
2155, 1794, 1664, 1476, 1663, 3, 50
2156, 1413, 1063, 741, 1062, 3, 50
2157, 1439, 1145, 911, 1144, 3, 50
2158, 1519, 1256, 980, 1255, 3, 50
2159, 1531, 1257, 985, 1256, 3, 50
2160, 1634, 1410, 1104, 1409, 3, 50
2161, 1569, 1326, 1065, 1325, 3, 50
2162, 1632, 1396, 1107, 1395, 3, 50
2163, 1595, 1364, 1103, 1363, 3, 50
2164, 1535, 1282, 1029, 1281, 3, 50
2165, 1584, 1363, 1083, 1362, 3, 50
2166, 1560, 1316, 1062, 1315, 3, 50
2167, 1553, 1311, 1068, 1310, 3, 50
2168, 1600, 1356, 1089, 1355, 3, 50
2169, 1599, 1361, 1106, 1360, 3, 50
2170, 1548, 1287, 1032, 1286, 3, 50
2171, 1335, 920, 655, 919, 3, 50
2172, 1459, 1157, 798, 1156, 3, 50
2173, 1554, 1267, 953, 1266, 3, 50
2174, 1555, 1282, 961, 1281, 3, 50
2175, 1582, 1344, 1097, 1343, 3, 50
2176, 1578, 1290, 1029, 1289, 3, 50
2177, 1582, 1321, 1033, 1320, 3, 50
2178, 1591, 1346, 1060, 1345, 3, 50
2179, 1557, 1294, 1008, 1293, 3, 50
2180, 1646, 1395, 1078, 1394, 3, 50
2181, 1608, 1323, 1039, 1322, 3, 50
2182, 1618, 1333, 1043, 1332, 3, 50
2183, 1625, 1383, 1101, 1382, 3, 50
2184, 1573, 1307, 1059, 1306, 3, 50
2185, 1596, 1333, 1064, 1332, 3, 50
2186, 1619, 1365, 1069, 1364, 3, 50
2187, 1664, 1421, 1136, 1420, 3, 50
2188, 1630, 1405, 1130, 1404, 3, 50
2189, 1611, 1382, 1117, 1381, 3, 50
2190, 1637, 1426, 1151, 1425, 3, 50
2191, 1694, 1455, 1180, 1454, 3, 50
2192, 1706, 1470, 1223, 1469, 3, 50
2193, 1799, 1608, 1348, 1607, 3, 50
2194, 1987, 1890, 1652, 1889, 3, 50
2195, 2045, 1973, 1836, 1972, 3, 50
2196, 2054, 1986, 1861, 1985, 3, 50
2197, 1968, 1863, 1738, 1862, 3, 50
2198, 1986, 1855, 1706, 1854, 3, 50
2199, 2028, 1938, 1804, 1937, 3, 50
2200, 2017, 1939, 1810, 1938, 3, 50
2201, 2033, 1941, 1778, 1940, 3, 50
2202, 2060, 1992, 1835, 1991, 3, 50
2203, 2047, 1979, 1848, 1978, 3, 50
2204, 2013, 1911, 1770, 1910, 3, 50
2205, 2031, 1942, 1794, 1941, 3, 50
2206, 2014, 1935, 1808, 1934, 3, 50
2207, 1990, 1894, 1756, 1893, 3, 50
2208, 1766, 1554, 1379, 1553, 3, 50
2209, 1712, 1451, 1243, 1450, 3, 50
2210, 1877, 1708, 1438, 1707, 3, 50
2211, 1876, 1707, 1448, 1706, 3, 50
2212, 2002, 1918, 1733, 1917, 3, 50
2213, 2031, 1952, 1837, 1951, 3, 50
2214, 2043, 1952, 1835, 1951, 3, 50
2215, 2042, 1953, 1831, 1952, 3, 50
2216, 1911, 1781, 1610, 1780, 3, 50
2217, 1833, 1654, 1447, 1653, 3, 50
2218, 2052, 1975, 1776, 1974, 3, 50
2219, 2091, 2030, 1905, 2029, 3, 50
2220, 2047, 1963, 1861, 1962, 3, 50
2221, 1723, 1518, 1307, 1517, 3, 50
2222, 1184, 750, 482, 749, 3, 50
2223, 1243, 776, 452, 775, 3, 50
2224, 1507, 1184, 836, 1183, 3, 50
2225, 1146, 706, 417, 705, 3, 50
2226, 1458, 1076, 658, 1075, 3, 50
2227, 1641, 1355, 1022, 1354, 3, 50
2228, 1761, 1535, 1198, 1534, 3, 50
2229, 1704, 1447, 1146, 1446, 3, 50
2230, 1965, 1857, 1589, 1856, 3, 50
2231, 1891, 1750, 1489, 1749, 3, 50
2232, 1925, 1785, 1562, 1784, 3, 50
2233, 2098, 2014, 1879, 2013, 3, 50
2234, 2076, 1992, 1866, 1991, 3, 50
2235, 1991, 1862, 1683, 1861, 3, 50
2236, 1987, 1860, 1676, 1859, 3, 50
2237, 2034, 1925, 1755, 1924, 3, 50
2238, 2013, 1895, 1735, 1894, 3, 50
2239, 2091, 2017, 1851, 2016, 3, 50
2240, 2119, 2062, 1947, 2061, 3, 50
2241, 2122, 2063, 1962, 2062, 3, 50
2242, 2031, 1945, 1840, 1944, 3, 50
2243, 1829, 1617, 1393, 1616, 3, 50
2244, 1171, 662, 339, 660, 3, 50
2245, 1604, 1266, 919, 1265, 3, 50
2246, 2008, 1862, 1642, 1861, 3, 50
2247, 2087, 1986, 1816, 1985, 3, 50
2248, 2089, 1997, 1862, 1996, 3, 50
2249, 2100, 2015, 1860, 2014, 3, 50
2250, 2115, 2035, 1888, 2034, 3, 50
2251, 2066, 1976, 1850, 1975, 3, 50
2252, 2071, 1955, 1787, 1954, 3, 50
2253, 2013, 1894, 1724, 1893, 3, 50
2254, 2089, 1995, 1810, 1994, 3, 50
2255, 2050, 1970, 1849, 1969, 3, 50
2256, 2088, 2009, 1840, 2008, 3, 50
2257, 2063, 1987, 1847, 1986, 3, 50
2258, 2059, 1978, 1856, 1977, 3, 50
2259, 2097, 2018, 1904, 2017, 3, 50
2260, 2093, 2023, 1899, 2022, 3, 50
2261, 2085, 1992, 1868, 1991, 3, 50
2262, 2056, 1965, 1843, 1964, 3, 50
2263, 2063, 1977, 1841, 1976, 3, 50
2264, 2069, 1972, 1827, 1971, 3, 50
2265, 2097, 2021, 1871, 2020, 3, 50
2266, 2093, 2018, 1883, 2017, 3, 50
2267, 2126, 2055, 1905, 2054, 3, 50
2268, 2146, 2095, 1994, 2094, 3, 50
2269, 2129, 2056, 1948, 2055, 3, 50
2270, 1999, 1861, 1705, 1860, 3, 50
2271, 2024, 1919, 1732, 1918, 3, 50
2272, 2045, 1951, 1809, 1950, 3, 50
2273, 2049, 1960, 1828, 1959, 3, 50
2274, 2075, 1975, 1869, 1974, 3, 50
2275, 1928, 1805, 1663, 1804, 3, 50
2276, 1787, 1585, 1407, 1584, 3, 50
2277, 1738, 1483, 1248, 1482, 3, 50
2278, 1391, 1012, 759, 1011, 3, 50
2279, 1092, 587, 299, 586, 3, 50
2280, 919, 445, 192, 444, 3, 50
2281, 1190, 723, 420, 722, 3, 50
2282, 1171, 726, 360, 725, 3, 50
2283, 1176, 733, 381, 731, 3, 50
2284, 1140, 692, 379, 691, 3, 50
2285, 1079, 589, 311, 588, 3, 50
2286, 1126, 668, 341, 667, 3, 50
2287, 981, 475, 194, 473, 3, 50
2288, 934, 425, 175, 424, 3, 50
2289, 1057, 524, 229, 523, 3, 50
2290, 1067, 583, 285, 582, 3, 50
2291, 1073, 600, 299, 599, 3, 50
2292, 1038, 528, 219, 526, 3, 50
2293, 1046, 559, 265, 558, 3, 50
2294, 1095, 607, 279, 605, 3, 50
2295, 989, 468, 187, 466, 3, 50
2296, 1097, 600, 244, 599, 3, 50
2297, 1052, 547, 229, 546, 3, 50
2298, 992, 500, 205, 499, 3, 50
2299, 1100, 610, 274, 609, 3, 50
2300, 1093, 608, 304, 607, 3, 50
2301, 1078, 619, 307, 618, 3, 50
2302, 1000, 497, 192, 496, 3, 50
2303, 963, 447, 172, 446, 3, 50
2304, 978, 445, 168, 443, 3, 50
2305, 1061, 541, 211, 540, 3, 50
2306, 1066, 550, 237, 548, 3, 50
2307, 1070, 577, 243, 576, 3, 50
2308, 1124, 617, 232, 616, 3, 50
2309, 1040, 528, 199, 527, 3, 50
2310, 1261, 760, 308, 758, 3, 50
2311, 1169, 682, 291, 681, 3, 50
2312, 1190, 658, 250, 657, 3, 50
2313, 1100, 568, 218, 567, 3, 50
2314, 1064, 557, 221, 556, 3, 50
2315, 1042, 558, 228, 557, 3, 50
2316, 1023, 541, 224, 540, 3, 50
2317, 1035, 564, 242, 563, 3, 50
2318, 1063, 561, 230, 560, 3, 50
2319, 1133, 638, 272, 637, 3, 50
2320, 1180, 716, 355, 715, 3, 50
2321, 1202, 754, 386, 753, 3, 50
2322, 1150, 646, 254, 645, 3, 50
2323, 1037, 522, 201, 521, 3, 50
2324, 1084, 571, 212, 570, 3, 50
2325, 1080, 550, 204, 549, 3, 50
2326, 1093, 565, 217, 564, 3, 50
2327, 1228, 764, 327, 763, 3, 50
2328, 1252, 787, 353, 786, 3, 50
2329, 1163, 668, 269, 667, 3, 50
2330, 1222, 723, 273, 722, 3, 50
2331, 1118, 614, 251, 613, 3, 50
2332, 1105, 600, 227, 599, 3, 50
2333, 1127, 614, 238, 612, 3, 50
2334, 1164, 615, 236, 613, 3, 50
2335, 1142, 630, 247, 629, 3, 50
2336, 1098, 569, 218, 568, 3, 50
2337, 1089, 561, 214, 560, 3, 50
2338, 1223, 735, 311, 734, 3, 50
2339, 1150, 657, 263, 655, 3, 50
2340, 1099, 588, 234, 587, 3, 50
2341, 1086, 573, 212, 572, 3, 50
2342, 1143, 602, 214, 600, 3, 50
2343, 1290, 848, 436, 847, 3, 50
2344, 1206, 672, 278, 671, 3, 50
2345, 1217, 697, 281, 695, 3, 50
2346, 1204, 692, 291, 690, 3, 50
2347, 1216, 759, 328, 758, 3, 50
2348, 1165, 656, 276, 655, 3, 50
2349, 1128, 605, 239, 603, 3, 50
2350, 1107, 596, 241, 594, 3, 50
2351, 1163, 646, 269, 644, 3, 50
2352, 1150, 608, 248, 606, 3, 50
2353, 1073, 541, 210, 538, 3, 50
2354, 1251, 771, 357, 770, 3, 50
2355, 1215, 694, 293, 691, 3, 50
2356, 1130, 592, 235, 590, 3, 50
2357, 1162, 652, 274, 651, 3, 50
2358, 1218, 658, 241, 656, 3, 50
2359, 1141, 618, 236, 617, 3, 50
2360, 1185, 682, 268, 681, 3, 50
2361, 1159, 639, 250, 638, 3, 50
2362, 1138, 616, 236, 614, 3, 50
2363, 1097, 577, 223, 575, 3, 50
2364, 1172, 675, 269, 674, 3, 50
2365, 1232, 711, 294, 710, 3, 50
2366, 1237, 712, 271, 711, 3, 50
2367, 1280, 769, 335, 768, 3, 50
2368, 1306, 826, 324, 824, 3, 50
2369, 1169, 625, 246, 624, 3, 50
2370, 1227, 724, 299, 723, 3, 50
2371, 1149, 602, 232, 600, 3, 50
2372, 1194, 688, 308, 687, 3, 50
2373, 1177, 672, 301, 671, 3, 50
2374, 1223, 705, 270, 703, 3, 50
2375, 1178, 655, 257, 654, 3, 50
2376, 1149, 634, 265, 632, 3, 50
2377, 1206, 722, 335, 721, 3, 50
2378, 1161, 651, 261, 650, 3, 50
2379, 1246, 759, 318, 758, 3, 50
2380, 1185, 703, 283, 702, 3, 50
2381, 1189, 704, 289, 703, 3, 50
2382, 1193, 689, 274, 687, 3, 50
2383, 1128, 633, 256, 632, 3, 50
2384, 1204, 698, 271, 695, 3, 50
2385, 1158, 653, 246, 651, 3, 50
2386, 1122, 609, 238, 608, 3, 50
2387, 1191, 717, 311, 716, 3, 50
2388, 1209, 713, 318, 712, 3, 50
2389, 1184, 668, 260, 666, 3, 50
2390, 1151, 594, 224, 592, 3, 50
2391, 1124, 602, 237, 601, 3, 50
2392, 1235, 746, 319, 745, 3, 50
2393, 1282, 843, 363, 842, 3, 50
2394, 1226, 724, 288, 723, 3, 50
2395, 1078, 563, 218, 561, 3, 50
2396, 1257, 743, 286, 742, 3, 50
2397, 1138, 616, 247, 615, 3, 50
2398, 1137, 605, 247, 603, 3, 50
2399, 1158, 628, 251, 626, 3, 50
2400, 1149, 599, 230, 597, 3, 50
2401, 1163, 672, 284, 671, 3, 50
2402, 1160, 638, 270, 636, 3, 50
2403, 1126, 616, 260, 614, 3, 50
2404, 1179, 623, 253, 621, 3, 50
2405, 1147, 580, 219, 578, 3, 50
2406, 1127, 575, 216, 572, 3, 50
2407, 1182, 633, 243, 631, 3, 50
2408, 1202, 657, 263, 656, 3, 50
2409, 1221, 676, 274, 675, 3, 50
2410, 1209, 688, 287, 687, 3, 50
2411, 1185, 661, 259, 660, 3, 50
2412, 1244, 739, 299, 738, 3, 50
2413, 1232, 715, 285, 714, 3, 50
2414, 1198, 646, 257, 645, 3, 50
2415, 1225, 672, 260, 670, 3, 50
2416, 1175, 629, 246, 628, 3, 50
2417, 1254, 721, 283, 720, 3, 50
2418, 1191, 632, 244, 630, 3, 50
2419, 1199, 652, 255, 650, 3, 50
2420, 1225, 677, 258, 676, 3, 50
2421, 1307, 783, 332, 781, 3, 50
2422, 1236, 700, 303, 699, 3, 50
2423, 1211, 663, 265, 661, 3, 50
2424, 1158, 599, 231, 597, 3, 50
2425, 1201, 646, 249, 644, 3, 50
2426, 1272, 727, 306, 725, 3, 50
2427, 1196, 639, 254, 638, 3, 50
2428, 1234, 713, 299, 712, 3, 50
2429, 1325, 818, 357, 817, 3, 50
2430, 1371, 893, 393, 892, 3, 50
2431, 1273, 752, 295, 751, 3, 50
2432, 1224, 672, 267, 670, 3, 50
2433, 1200, 649, 252, 647, 3, 50
2434, 1254, 718, 278, 717, 3, 50
2435, 1335, 840, 362, 839, 3, 50
2436, 1242, 713, 274, 712, 3, 50
2437, 1239, 703, 265, 701, 3, 50
2438, 1187, 633, 244, 632, 3, 50
2439, 1199, 634, 243, 632, 3, 50
2440, 1153, 612, 236, 610, 3, 50
2441, 1133, 598, 235, 597, 3, 50
2442, 1232, 708, 309, 707, 3, 50
2443, 1242, 690, 285, 689, 3, 50
2444, 1145, 590, 240, 589, 3, 50
2445, 1140, 586, 234, 585, 3, 50
2446, 1171, 629, 256, 627, 3, 50
2447, 1192, 647, 259, 646, 3, 50
2448, 1196, 652, 265, 651, 3, 50
2449, 1192, 628, 239, 627, 3, 50
2450, 1263, 723, 302, 721, 3, 50
2451, 1193, 653, 259, 652, 3, 50
2452, 1164, 623, 260, 622, 3, 50
2453, 1257, 685, 262, 684, 3, 50
2454, 1183, 606, 239, 605, 3, 50
2455, 1154, 607, 248, 605, 3, 50
2456, 1187, 621, 250, 619, 3, 50
2457, 1265, 697, 280, 696, 3, 50
2458, 1329, 816, 367, 815, 3, 50
2459, 1326, 835, 360, 834, 3, 50
2460, 1249, 702, 283, 701, 3, 50
2461, 1248, 696, 273, 695, 3, 50
2462, 1200, 670, 269, 669, 3, 50
2463, 1144, 608, 237, 607, 3, 50
2464, 1128, 592, 236, 590, 3, 50
2465, 1222, 674, 265, 673, 3, 50
2466, 1170, 629, 247, 627, 3, 50
2467, 1157, 602, 233, 601, 3, 50
2468, 1242, 696, 264, 695, 3, 50
2469, 1190, 633, 235, 631, 3, 50
2470, 1139, 572, 216, 569, 3, 50
2471, 1179, 615, 232, 614, 3, 50
2472, 1207, 670, 274, 669, 3, 50
2473, 1260, 713, 290, 712, 3, 50
2474, 1235, 697, 277, 696, 3, 50
2475, 1245, 723, 287, 722, 3, 50
2476, 1228, 670, 260, 669, 3, 50
2477, 1238, 679, 254, 678, 3, 50
2478, 1222, 660, 254, 659, 3, 50
2479, 1160, 602, 226, 601, 3, 50
2480, 1193, 622, 236, 620, 3, 50
2481, 1195, 624, 243, 623, 3, 50
2482, 1145, 573, 218, 572, 3, 50
2483, 1182, 629, 235, 628, 3, 50
2484, 1202, 640, 248, 638, 3, 50
2485, 1176, 614, 237, 612, 3, 50
2486, 1164, 585, 220, 583, 3, 50
2487, 1182, 610, 228, 608, 3, 50
2488, 1139, 587, 227, 586, 3, 50
2489, 1181, 617, 235, 615, 3, 50
2490, 1159, 611, 236, 608, 3, 50
2491, 1182, 629, 251, 628, 3, 50
2492, 1212, 642, 250, 641, 3, 50
2493, 1173, 614, 233, 612, 3, 50
2494, 1174, 622, 237, 621, 3, 50
2495, 1210, 659, 246, 658, 3, 50
2496, 1174, 603, 226, 601, 3, 50
2497, 1162, 602, 230, 601, 3, 50
2498, 1180, 613, 241, 612, 3, 50
2499, 1183, 607, 239, 606, 3, 50
