Step, Total affected keys, Total marked keys, Relinearize keys, Relinearize affected keys, New factors affected keys, Depth
2, 3, 3, 0, 0, 3, 2
3, 2, 2, 0, 0, 2, 1
4, 3, 2, 0, 0, 2, 1
5, 2, 2, 0, 0, 2, 1
6, 2, 2, 0, 0, 2, 1
7, 2, 2, 0, 0, 2, 1
8, 2, 2, 0, 0, 2, 1
9, 2, 2, 0, 0, 2, 1
10, 2, 2, 0, 0, 2, 1
11, 2, 2, 0, 0, 2, 1
12, 2, 2, 0, 0, 2, 1
13, 2, 2, 0, 0, 2, 1
14, 2, 2, 0, 0, 2, 1
15, 2, 2, 0, 0, 2, 1
16, 2, 2, 0, 0, 2, 1
17, 2, 2, 0, 0, 2, 1
18, 2, 2, 0, 0, 2, 1
19, 2, 2, 0, 0, 2, 1
20, 2, 2, 0, 0, 2, 1
21, 2, 2, 0, 0, 2, 1
22, 2, 2, 0, 0, 2, 1
23, 2, 2, 0, 0, 2, 1
24, 2, 2, 0, 0, 2, 1
25, 2, 2, 0, 0, 2, 1
26, 2, 2, 0, 0, 2, 1
27, 2, 2, 0, 0, 2, 1
28, 2, 2, 0, 0, 2, 1
29, 2, 2, 0, 0, 2, 1
30, 2, 2, 0, 0, 2, 1
31, 2, 2, 0, 0, 2, 1
32, 2, 2, 0, 0, 2, 1
33, 2, 2, 0, 0, 2, 1
34, 2, 2, 0, 0, 2, 1
35, 3, 2, 0, 0, 2, 1
36, 2, 2, 0, 0, 2, 1
37, 2, 2, 0, 0, 2, 1
38, 2, 2, 0, 0, 2, 1
39, 2, 2, 0, 0, 2, 1
40, 2, 2, 0, 0, 2, 1
41, 2, 2, 0, 0, 2, 1
42, 2, 2, 0, 0, 2, 1
43, 2, 2, 0, 0, 2, 1
44, 2, 2, 0, 0, 2, 1
45, 2, 2, 0, 0, 2, 1
46, 2, 2, 0, 0, 2, 1
47, 2, 2, 0, 0, 2, 1
48, 2, 2, 0, 0, 2, 1
49, 2, 2, 0, 0, 2, 1
50, 50, 4, 0, 0, 4, 50
51, 52, 48, 43, 46, 5, 51
52, 53, 53, 49, 52, 5, 51
53, 53, 40, 35, 39, 5, 51
54, 54, 40, 35, 37, 5, 51
55, 55, 44, 35, 42, 5, 51
56, 56, 47, 41, 46, 5, 51
57, 57, 38, 32, 34, 5, 51
58, 58, 40, 35, 39, 5, 51
59, 59, 38, 33, 37, 5, 51
60, 60, 36, 31, 33, 5, 51
61, 61, 37, 27, 35, 5, 51
62, 29, 8, 1, 3, 5, 51
63, 63, 41, 33, 40, 5, 51
64, 58, 21, 16, 18, 5, 51
65, 65, 32, 26, 28, 5, 51
66, 66, 24, 14, 22, 5, 51
67, 67, 33, 27, 32, 5, 51
68, 68, 35, 28, 34, 5, 51
69, 69, 31, 26, 30, 5, 51
70, 70, 30, 25, 27, 5, 51
71, 71, 26, 18, 25, 5, 51
72, 72, 46, 32, 45, 5, 51
73, 73, 43, 25, 41, 5, 51
74, 74, 45, 29, 44, 5, 51
75, 75, 45, 24, 43, 5, 51
76, 72, 16, 5, 14, 5, 51
77, 77, 56, 43, 55, 5, 51
78, 78, 56, 49, 55, 5, 51
79, 79, 49, 34, 48, 5, 51
80, 75, 22, 5, 20, 5, 51
81, 81, 59, 47, 58, 5, 51
82, 82, 58, 47, 57, 5, 51
83, 83, 68, 53, 67, 5, 51
84, 84, 56, 42, 55, 5, 51
85, 85, 30, 26, 29, 5, 51
86, 86, 49, 39, 48, 5, 51
87, 87, 49, 37, 48, 5, 51
88, 88, 44, 28, 43, 5, 51
89, 89, 66, 54, 65, 5, 51
90, 90, 48, 31, 47, 5, 51
91, 91, 76, 58, 75, 5, 51
92, 92, 76, 59, 75, 5, 51
93, 93, 31, 25, 30, 5, 51
94, 94, 69, 56, 68, 5, 51
95, 95, 72, 68, 71, 5, 51
96, 96, 86, 77, 85, 5, 51
97, 97, 87, 75, 86, 5, 51
98, 98, 95, 83, 94, 5, 51
99, 99, 87, 80, 85, 5, 51
100, 95, 93, 87, 91, 5, 51
101, 101, 99, 90, 97, 5, 51
102, 102, 101, 85, 100, 5, 51
103, 72, 53, 41, 51, 5, 51
104, 85, 74, 61, 73, 5, 51
105, 92, 79, 59, 78, 5, 51
106, 98, 85, 59, 84, 5, 51
107, 94, 80, 70, 79, 5, 51
108, 87, 52, 24, 50, 5, 51
109, 94, 72, 62, 71, 5, 51
110, 99, 65, 47, 63, 5, 51
111, 75, 54, 42, 53, 5, 51
112, 104, 86, 53, 85, 5, 51
113, 80, 47, 20, 45, 5, 51
114, 107, 99, 80, 98, 5, 51
115, 100, 60, 43, 59, 5, 51
116, 78, 47, 27, 45, 5, 51
117, 92, 76, 51, 75, 5, 51
118, 56, 39, 22, 38, 5, 51
119, 82, 47, 33, 44, 5, 51
120, 94, 68, 41, 67, 5, 51
121, 54, 32, 11, 30, 5, 51
122, 99, 86, 65, 85, 5, 51
123, 94, 81, 63, 80, 5, 51
124, 109, 94, 70, 93, 5, 51
125, 101, 81, 44, 80, 5, 51
126, 79, 45, 20, 43, 5, 51
127, 87, 63, 29, 62, 5, 51
128, 80, 59, 29, 58, 5, 51
129, 61, 32, 9, 31, 5, 51
130, 73, 52, 20, 51, 5, 51
131, 59, 36, 8, 35, 5, 51
132, 65, 30, 10, 29, 5, 51
133, 91, 71, 34, 70, 5, 51
134, 90, 64, 29, 63, 5, 51
135, 105, 95, 65, 94, 5, 51
136, 48, 30, 12, 28, 5, 51
137, 105, 91, 72, 90, 5, 51
138, 114, 100, 59, 99, 5, 51
139, 99, 91, 66, 90, 5, 51
140, 69, 42, 12, 39, 5, 51
141, 108, 88, 54, 87, 5, 51
142, 83, 41, 21, 40, 5, 51
143, 89, 77, 59, 74, 5, 51
144, 97, 72, 49, 71, 5, 51
145, 85, 60, 40, 58, 5, 51
146, 105, 83, 62, 81, 5, 51
147, 75, 54, 14, 53, 5, 51
148, 125, 113, 78, 111, 5, 51
149, 123, 108, 82, 106, 5, 51
150, 143, 137, 120, 132, 5, 51
151, 139, 124, 112, 122, 5, 51
152, 135, 116, 71, 114, 5, 51
153, 101, 72, 40, 70, 5, 51
154, 129, 116, 77, 115, 5, 51
155, 138, 125, 64, 124, 5, 51
156, 133, 105, 62, 103, 5, 51
157, 122, 92, 69, 91, 5, 51
158, 121, 89, 71, 88, 5, 51
159, 103, 62, 25, 60, 5, 51
160, 120, 89, 57, 87, 5, 51
161, 119, 92, 59, 87, 5, 51
162, 138, 114, 88, 113, 5, 51
163, 103, 92, 76, 91, 5, 51
164, 77, 46, 15, 45, 5, 51
165, 120, 106, 84, 105, 5, 51
166, 61, 43, 17, 42, 5, 51
167, 114, 78, 50, 75, 5, 51
168, 50, 13, 2, 11, 5, 51
169, 110, 64, 16, 63, 5, 51
170, 76, 46, 21, 45, 5, 51
171, 129, 101, 70, 100, 5, 51
172, 99, 39, 13, 38, 5, 51
173, 94, 38, 18, 36, 5, 51
174, 77, 44, 14, 42, 5, 51
175, 61, 22, 5, 20, 5, 51
176, 89, 53, 10, 52, 5, 51
177, 66, 29, 3, 24, 5, 51
178, 42, 31, 13, 30, 5, 51
179, 75, 55, 26, 54, 5, 51
180, 95, 78, 34, 77, 5, 51
181, 139, 111, 45, 110, 5, 51
182, 61, 15, 3, 13, 5, 51
183, 40, 19, 5, 18, 5, 51
184, 39, 11, 2, 9, 5, 51
185, 93, 51, 13, 49, 5, 51
186, 70, 21, 2, 16, 5, 51
187, 63, 7, 1, 5, 5, 51
188, 102, 53, 12, 52, 5, 51
189, 116, 84, 44, 83, 5, 51
190, 94, 28, 5, 26, 5, 51
191, 142, 103, 47, 102, 5, 51
192, 80, 11, 1, 6, 5, 51
193, 153, 117, 59, 115, 5, 51
194, 98, 58, 14, 53, 5, 51
195, 131, 89, 52, 88, 5, 51
196, 112, 62, 29, 60, 5, 51
197, 134, 93, 66, 92, 5, 51
198, 152, 129, 81, 127, 5, 51
199, 82, 51, 10, 49, 5, 51
200, 171, 144, 115, 143, 5, 51
201, 173, 141, 88, 139, 5, 51
202, 68, 23, 7, 21, 5, 51
203, 103, 58, 12, 53, 5, 51
204, 165, 133, 75, 131, 5, 51
205, 63, 25, 4, 20, 5, 51
206, 154, 103, 53, 100, 5, 51
207, 152, 101, 39, 98, 5, 51
208, 173, 131, 51, 129, 5, 51
209, 33, 13, 4, 11, 5, 51
210, 42, 5, 0, 0, 5, 51
211, 43, 9, 1, 6, 5, 51
212, 123, 81, 56, 79, 5, 51
213, 110, 47, 9, 46, 5, 51
214, 169, 116, 69, 113, 5, 51
215, 75, 22, 6, 20, 5, 51
216, 62, 17, 3, 12, 5, 51
217, 60, 30, 5, 28, 5, 51
218, 69, 24, 6, 22, 5, 51
219, 133, 64, 13, 62, 5, 51
220, 56, 10, 1, 6, 5, 51
221, 132, 74, 15, 72, 5, 51
222, 98, 34, 9, 33, 5, 51
223, 58, 15, 4, 13, 5, 51
224, 115, 43, 13, 42, 5, 51
225, 129, 65, 14, 64, 5, 51
226, 42, 14, 4, 12, 5, 51
227, 83, 25, 4, 23, 5, 51
228, 37, 28, 10, 27, 5, 51
229, 30, 7, 1, 5, 5, 51
230, 98, 48, 12, 47, 5, 51
231, 54, 32, 7, 30, 5, 51
232, 90, 36, 10, 35, 5, 51
233, 113, 79, 32, 78, 5, 51
234, 122, 109, 56, 108, 5, 51
235, 73, 20, 4, 18, 5, 51
236, 137, 59, 9, 58, 5, 51
237, 98, 40, 21, 38, 5, 51
238, 122, 52, 12, 49, 5, 51
239, 97, 49, 15, 46, 5, 51
240, 106, 91, 48, 90, 5, 51
241, 99, 27, 5, 22, 5, 51
242, 186, 148, 66, 147, 5, 51
243, 218, 196, 129, 195, 5, 51
244, 110, 71, 17, 69, 5, 51
245, 151, 88, 49, 86, 5, 51
246, 47, 7, 1, 5, 5, 51
247, 131, 67, 25, 65, 5, 51
248, 232, 213, 147, 211, 5, 51
249, 130, 46, 18, 44, 5, 51
250, 83, 32, 9, 31, 5, 51
251, 183, 120, 48, 118, 5, 51
252, 113, 40, 6, 35, 5, 51
253, 208, 173, 133, 168, 5, 51
254, 184, 122, 49, 119, 5, 51
255, 111, 48, 11, 45, 5, 51
256, 57, 13, 2, 11, 5, 51
257, 192, 117, 54, 115, 5, 51
258, 203, 138, 55, 136, 5, 51
259, 52, 7, 1, 5, 5, 51
260, 53, 5, 0, 0, 5, 51
261, 184, 87, 21, 86, 5, 51
262, 105, 39, 11, 37, 5, 51
263, 115, 60, 24, 59, 5, 51
264, 120, 58, 13, 55, 5, 51
265, 130, 66, 17, 64, 5, 51
266, 194, 111, 43, 106, 5, 51
267, 170, 119, 60, 118, 5, 51
268, 103, 27, 5, 25, 5, 51
269, 122, 33, 5, 32, 5, 51
270, 142, 86, 27, 85, 5, 51
271, 78, 48, 7, 46, 5, 51
272, 149, 85, 24, 84, 5, 51
273, 98, 27, 5, 25, 5, 51
274, 134, 52, 13, 51, 5, 51
275, 198, 139, 43, 138, 5, 51
276, 118, 60, 13, 59, 5, 51
277, 120, 61, 17, 60, 5, 51
278, 74, 38, 16, 37, 5, 51
279, 87, 38, 10, 37, 5, 51
280, 98, 26, 4, 25, 5, 51
281, 177, 127, 71, 126, 5, 51
282, 148, 62, 32, 61, 5, 51
283, 120, 34, 6, 32, 5, 51
284, 120, 19, 3, 17, 5, 51
285, 136, 42, 8, 40, 5, 51
286, 172, 109, 48, 108, 5, 51
287, 107, 28, 11, 27, 5, 51
288, 114, 21, 4, 19, 5, 51
289, 40, 7, 1, 5, 5, 51
290, 134, 50, 13, 48, 5, 51
291, 168, 83, 26, 82, 5, 51
292, 76, 20, 3, 19, 5, 51
293, 207, 139, 60, 137, 5, 51
294, 203, 125, 37, 124, 5, 51
295, 250, 215, 123, 213, 5, 51
296, 71, 16, 2, 14, 5, 51
297, 86, 26, 4, 24, 5, 51
298, 261, 216, 123, 215, 5, 51
299, 245, 204, 111, 202, 5, 51
300, 197, 110, 50, 108, 5, 51
301, 181, 83, 15, 78, 5, 51
302, 158, 103, 34, 102, 5, 51
303, 140, 43, 5, 38, 5, 51
304, 186, 145, 48, 144, 5, 51
305, 168, 106, 32, 101, 5, 51
306, 28, 7, 1, 5, 5, 51
307, 75, 25, 4, 23, 5, 51
308, 147, 64, 16, 62, 5, 51
309, 190, 100, 26, 96, 5, 51
310, 276, 217, 89, 215, 5, 51
311, 210, 113, 25, 111, 5, 51
312, 121, 41, 9, 40, 5, 51
313, 82, 17, 2, 12, 5, 51
314, 114, 38, 9, 37, 5, 51
315, 116, 32, 6, 29, 5, 51
316, 105, 31, 8, 30, 5, 51
317, 78, 9, 2, 7, 5, 51
318, 73, 5, 0, 0, 5, 51
319, 48, 7, 1, 5, 5, 51
320, 61, 13, 2, 11, 5, 51
321, 121, 33, 6, 32, 5, 51
322, 133, 57, 12, 56, 5, 51
323, 225, 113, 34, 112, 5, 51
324, 122, 17, 4, 15, 5, 51
325, 148, 61, 14, 60, 5, 51
326, 115, 48, 12, 47, 5, 51
327, 102, 26, 7, 25, 5, 51
328, 80, 5, 0, 0, 5, 51
329, 87, 7, 1, 5, 5, 51
330, 104, 28, 4, 26, 5, 51
331, 155, 66, 19, 65, 5, 51
332, 212, 149, 74, 148, 5, 51
333, 267, 195, 66, 194, 5, 51
334, 87, 9, 2, 7, 5, 51
335, 88, 12, 2, 10, 5, 51
336, 44, 7, 1, 5, 5, 51
337, 48, 7, 1, 5, 5, 51
338, 183, 78, 21, 77, 5, 51
339, 84, 9, 2, 7, 5, 51
340, 133, 54, 14, 52, 5, 51
341, 193, 92, 21, 90, 5, 51
342, 209, 105, 18, 103, 5, 51
343, 245, 174, 67, 173, 5, 51
344, 130, 47, 9, 46, 5, 51
345, 194, 65, 18, 64, 5, 51
346, 199, 74, 18, 72, 5, 51
347, 297, 245, 142, 243, 5, 51
348, 88, 19, 3, 17, 5, 51
349, 203, 106, 19, 104, 5, 51
350, 184, 66, 12, 64, 5, 51
351, 246, 128, 38, 126, 5, 51
352, 220, 132, 39, 130, 5, 51
353, 304, 244, 154, 243, 5, 51
354, 290, 220, 96, 217, 5, 51
355, 142, 57, 15, 55, 5, 51
356, 108, 17, 3, 12, 5, 51
357, 149, 49, 16, 47, 5, 51
358, 207, 91, 41, 87, 5, 51
359, 51, 7, 1, 5, 5, 51
360, 75, 11, 1, 6, 5, 51
361, 54, 7, 1, 5, 5, 51
362, 88, 31, 5, 29, 5, 51
363, 69, 25, 6, 23, 5, 51
364, 57, 7, 1, 5, 5, 51
365, 138, 14, 1, 9, 5, 51
366, 187, 102, 39, 101, 5, 51
367, 190, 98, 25, 97, 5, 51
368, 77, 18, 4, 17, 5, 51
369, 171, 70, 23, 69, 5, 51
370, 186, 91, 28, 90, 5, 51
371, 45, 13, 2, 11, 5, 51
372, 119, 46, 17, 45, 5, 51
373, 85, 42, 11, 41, 5, 51
374, 50, 5, 0, 0, 5, 51
375, 78, 23, 4, 22, 5, 51
376, 171, 70, 16, 69, 5, 51
377, 78, 24, 4, 22, 5, 51
378, 105, 46, 12, 45, 5, 51
379, 207, 106, 30, 105, 5, 51
380, 114, 18, 6, 17, 5, 51
381, 177, 64, 23, 63, 5, 51
382, 175, 67, 14, 66, 5, 51
383, 218, 127, 44, 126, 5, 51
384, 94, 27, 4, 25, 5, 51
385, 265, 179, 82, 178, 5, 51
386, 178, 74, 29, 73, 5, 51
387, 161, 60, 9, 58, 5, 51
388, 153, 49, 8, 47, 5, 51
389, 65, 9, 2, 7, 5, 51
390, 204, 99, 37, 98, 5, 51
391, 125, 13, 2, 11, 5, 51
392, 144, 19, 3, 17, 5, 51
393, 247, 145, 50, 144, 5, 51
394, 76, 14, 2, 11, 5, 51
395, 243, 136, 48, 134, 5, 51
396, 278, 172, 57, 167, 5, 51
397, 163, 77, 28, 75, 5, 51
398, 205, 72, 20, 70, 5, 51
399, 274, 175, 61, 173, 5, 51
400, 159, 41, 8, 39, 5, 51
401, 170, 79, 18, 78, 5, 51
402, 44, 7, 1, 5, 5, 51
403, 186, 80, 14, 79, 5, 51
404, 114, 27, 6, 26, 5, 51
405, 353, 272, 106, 269, 5, 51
406, 269, 155, 33, 153, 5, 51
407, 348, 289, 124, 288, 5, 51
408, 189, 90, 15, 89, 5, 51
409, 179, 71, 12, 69, 5, 51
410, 291, 165, 39, 163, 5, 51
411, 156, 50, 9, 49, 5, 51
412, 249, 163, 58, 162, 5, 51
413, 116, 39, 6, 37, 5, 51
414, 133, 37, 6, 35, 5, 51
415, 65, 7, 1, 5, 5, 51
416, 66, 7, 1, 5, 5, 51
417, 99, 16, 2, 14, 5, 51
418, 95, 7, 1, 5, 5, 51
419, 190, 123, 56, 122, 5, 51
420, 173, 79, 14, 77, 5, 51
421, 239, 124, 36, 123, 5, 51
422, 188, 97, 24, 96, 5, 51
423, 160, 64, 11, 63, 5, 51
424, 190, 115, 28, 113, 5, 51
425, 168, 85, 21, 84, 5, 51
426, 118, 22, 4, 21, 5, 51
427, 97, 7, 1, 5, 5, 51
428, 86, 22, 9, 21, 5, 51
429, 127, 43, 7, 42, 5, 51
430, 115, 31, 5, 30, 5, 51
431, 94, 13, 3, 11, 5, 51
432, 91, 7, 1, 5, 5, 51
433, 160, 72, 24, 71, 5, 51
434, 154, 52, 9, 51, 5, 51
435, 100, 13, 2, 11, 5, 51
436, 225, 132, 57, 131, 5, 51
437, 201, 104, 24, 103, 5, 51
438, 183, 52, 9, 51, 5, 51
439, 103, 39, 6, 34, 5, 51
440, 85, 9, 2, 7, 5, 51
441, 162, 71, 15, 69, 5, 51
442, 234, 108, 31, 106, 5, 51
443, 300, 184, 57, 183, 5, 51
444, 257, 133, 33, 132, 5, 51
445, 126, 27, 3, 24, 5, 51
446, 160, 42, 7, 37, 5, 51
447, 300, 181, 49, 179, 5, 51
448, 292, 216, 57, 215, 5, 51
449, 261, 122, 20, 121, 5, 51
450, 121, 23, 4, 21, 5, 51
451, 275, 158, 50, 157, 5, 51
452, 271, 105, 19, 103, 5, 51
453, 157, 52, 8, 50, 5, 51
454, 203, 61, 10, 59, 5, 51
455, 157, 23, 4, 21, 5, 51
456, 97, 16, 2, 14, 5, 51
457, 134, 22, 3, 20, 5, 51
458, 213, 77, 18, 75, 5, 51
459, 222, 76, 10, 71, 5, 51
460, 339, 248, 114, 247, 5, 51
461, 150, 17, 2, 12, 5, 51
462, 207, 72, 16, 71, 5, 51
463, 132, 20, 3, 18, 5, 51
464, 202, 75, 16, 74, 5, 51
465, 281, 163, 47, 162, 5, 51
466, 225, 161, 46, 160, 5, 51
467, 257, 195, 93, 192, 5, 51
468, 318, 218, 57, 217, 5, 51
469, 204, 75, 12, 74, 5, 51
470, 59, 9, 2, 7, 5, 51
471, 142, 25, 4, 20, 5, 51
472, 181, 42, 7, 40, 5, 51
473, 172, 28, 5, 26, 5, 51
474, 264, 129, 40, 128, 5, 51
475, 277, 168, 45, 167, 5, 51
476, 172, 72, 16, 71, 5, 51
477, 263, 161, 56, 160, 5, 51
478, 296, 173, 58, 172, 5, 51
479, 268, 124, 28, 123, 5, 51
480, 276, 205, 79, 204, 5, 51
481, 314, 247, 86, 246, 5, 51
482, 268, 191, 56, 190, 5, 51
483, 41, 10, 2, 9, 5, 51
484, 186, 77, 15, 76, 5, 51
485, 43, 7, 1, 5, 5, 51
486, 100, 21, 5, 19, 5, 51
487, 176, 91, 27, 90, 5, 51
488, 106, 41, 8, 40, 5, 51
489, 245, 112, 30, 111, 5, 51
490, 270, 159, 57, 158, 5, 51
491, 328, 226, 80, 225, 5, 51
492, 360, 237, 75, 236, 5, 51
493, 358, 247, 80, 245, 5, 51
494, 421, 355, 188, 353, 5, 51
495, 95, 30, 6, 28, 5, 51
496, 222, 118, 23, 116, 5, 51
497, 253, 117, 25, 115, 5, 51
498, 134, 52, 8, 49, 5, 51
499, 272, 104, 20, 102, 5, 51
500, 244, 142, 25, 141, 5, 51
501, 280, 92, 25, 87, 5, 51
502, 153, 38, 9, 36, 5, 51
503, 80, 5, 0, 0, 5, 51
504, 136, 18, 2, 15, 5, 51
505, 196, 44, 11, 42, 5, 51
506, 277, 111, 36, 110, 5, 51
507, 383, 283, 107, 282, 5, 51
508, 268, 99, 22, 97, 5, 51
509, 314, 140, 25, 138, 5, 51
510, 139, 37, 6, 35, 5, 51
511, 131, 16, 4, 14, 5, 51
512, 134, 27, 4, 25, 5, 51
513, 109, 7, 1, 5, 5, 51
514, 85, 5, 0, 0, 5, 51
515, 137, 34, 11, 33, 5, 51
516, 73, 5, 0, 0, 5, 51
517, 94, 18, 4, 16, 5, 51
518, 76, 15, 4, 14, 5, 51
519, 85, 9, 2, 7, 5, 51
520, 154, 45, 15, 44, 5, 51
521, 239, 105, 28, 104, 5, 51
522, 82, 5, 0, 0, 5, 51
523, 89, 9, 2, 7, 5, 51
524, 81, 7, 1, 5, 5, 51
525, 47, 23, 7, 22, 5, 51
526, 113, 13, 2, 11, 5, 51
527, 156, 28, 3, 24, 5, 51
528, 298, 149, 39, 148, 5, 51
529, 161, 79, 15, 78, 5, 51
530, 218, 67, 18, 66, 5, 51
531, 198, 55, 11, 54, 5, 51
532, 104, 16, 2, 11, 5, 51
533, 103, 7, 1, 5, 5, 51
534, 282, 125, 30, 124, 5, 51
535, 216, 93, 16, 92, 5, 51
536, 73, 11, 2, 10, 5, 51
537, 288, 134, 25, 132, 5, 51
538, 103, 21, 4, 19, 5, 51
539, 94, 11, 1, 6, 5, 51
540, 38, 7, 1, 5, 5, 51
541, 158, 22, 3, 17, 5, 51
542, 48, 7, 1, 5, 5, 51
543, 117, 5, 0, 0, 5, 51
544, 111, 10, 2, 8, 5, 51
545, 136, 16, 2, 14, 5, 51
546, 220, 71, 16, 70, 5, 51
547, 44, 7, 1, 5, 5, 51
548, 264, 106, 33, 104, 5, 51
549, 318, 159, 46, 158, 5, 51
550, 273, 96, 20, 94, 5, 51
551, 309, 156, 33, 155, 5, 51
552, 362, 225, 57, 223, 5, 51
553, 38, 7, 1, 5, 5, 51
554, 137, 44, 12, 42, 5, 51
555, 245, 72, 12, 70, 5, 51
556, 171, 37, 6, 36, 5, 51
557, 62, 8, 1, 7, 5, 51
558, 64, 16, 4, 15, 5, 51
559, 154, 21, 3, 20, 5, 51
560, 230, 65, 14, 64, 5, 51
561, 275, 102, 23, 101, 5, 51
562, 223, 55, 7, 52, 5, 51
563, 282, 124, 27, 123, 5, 51
564, 173, 26, 3, 25, 5, 51
565, 81, 7, 1, 5, 5, 51
566, 166, 22, 3, 20, 5, 51
567, 322, 200, 63, 199, 5, 51
568, 126, 13, 2, 8, 5, 51
569, 317, 153, 39, 152, 5, 51
570, 307, 153, 36, 152, 5, 51
571, 332, 149, 32, 148, 5, 51
572, 114, 15, 4, 13, 5, 51
573, 241, 70, 10, 68, 5, 51
574, 253, 86, 19, 85, 5, 51
575, 82, 5, 0, 0, 5, 51
576, 81, 18, 2, 15, 5, 51
577, 292, 126, 33, 125, 5, 51
578, 302, 123, 27, 122, 5, 51
579, 214, 70, 12, 69, 5, 51
580, 216, 87, 15, 84, 5, 51
581, 265, 147, 47, 146, 5, 51
582, 92, 9, 2, 7, 5, 51
583, 90, 7, 1, 5, 5, 51
584, 84, 7, 1, 5, 5, 51
585, 147, 61, 16, 60, 5, 51
586, 259, 62, 8, 60, 5, 51
587, 287, 105, 15, 100, 5, 51
588, 255, 81, 12, 80, 5, 51
589, 348, 187, 36, 186, 5, 51
590, 389, 228, 48, 227, 5, 51
591, 155, 62, 11, 60, 5, 51
592, 78, 7, 1, 5, 5, 51
593, 80, 5, 0, 0, 5, 51
594, 253, 72, 12, 71, 5, 51
595, 137, 13, 2, 11, 5, 51
596, 301, 117, 30, 115, 5, 51
597, 353, 189, 50, 187, 5, 51
598, 191, 41, 6, 40, 5, 51
599, 109, 7, 1, 5, 5, 51
600, 144, 40, 6, 38, 5, 51
601, 66, 7, 1, 5, 5, 51
602, 67, 7, 1, 5, 5, 51
603, 139, 18, 3, 16, 5, 51
604, 170, 31, 5, 29, 5, 51
605, 78, 16, 2, 14, 5, 51
606, 224, 63, 12, 59, 5, 51
607, 81, 5, 0, 0, 5, 51
608, 152, 13, 2, 11, 5, 51
609, 51, 5, 0, 0, 5, 51
610, 170, 45, 11, 43, 5, 51
611, 185, 63, 9, 58, 5, 51
612, 60, 5, 0, 0, 5, 51
613, 197, 31, 4, 29, 5, 51
614, 134, 7, 1, 5, 5, 51
615, 207, 48, 9, 46, 5, 51
616, 114, 13, 2, 11, 5, 51
617, 246, 92, 17, 91, 5, 51
618, 390, 220, 79, 219, 5, 51
619, 156, 16, 2, 14, 5, 51
620, 168, 30, 4, 25, 5, 51
621, 159, 29, 4, 28, 5, 51
622, 149, 22, 3, 20, 5, 51
623, 246, 75, 11, 74, 5, 51
624, 259, 94, 15, 92, 5, 51
625, 368, 169, 24, 164, 5, 51
626, 374, 208, 63, 207, 5, 51
627, 140, 16, 2, 14, 5, 51
628, 95, 5, 0, 0, 5, 51
629, 244, 51, 7, 49, 5, 51
630, 94, 7, 1, 5, 5, 51
631, 56, 7, 1, 5, 5, 51
632, 57, 7, 1, 5, 5, 51
633, 59, 7, 1, 5, 5, 51
634, 259, 81, 16, 80, 5, 51
635, 303, 63, 9, 61, 5, 51
636, 337, 137, 31, 136, 5, 51
637, 340, 147, 35, 145, 5, 51
638, 155, 16, 2, 14, 5, 51
639, 78, 7, 1, 5, 5, 51
640, 156, 13, 2, 11, 5, 51
641, 219, 63, 12, 61, 5, 51
642, 202, 32, 3, 27, 5, 51
643, 178, 36, 5, 35, 5, 51
644, 313, 117, 21, 116, 5, 51
645, 141, 19, 3, 17, 5, 51
646, 434, 266, 56, 265, 5, 51
647, 117, 11, 1, 6, 5, 51
648, 83, 7, 1, 5, 5, 51
649, 165, 32, 5, 30, 5, 51
650, 230, 76, 13, 74, 5, 51
651, 227, 87, 15, 86, 5, 51
652, 140, 23, 2, 18, 5, 51
653, 255, 90, 15, 89, 5, 51
654, 279, 85, 18, 83, 5, 51
655, 102, 5, 0, 0, 5, 51
656, 139, 20, 4, 18, 5, 51
657, 304, 88, 17, 87, 5, 51
658, 399, 191, 39, 190, 5, 51
659, 287, 127, 26, 125, 5, 51
660, 332, 149, 26, 148, 5, 51
661, 285, 129, 21, 127, 5, 51
662, 430, 216, 57, 215, 5, 51
663, 114, 14, 1, 9, 5, 51
664, 91, 13, 3, 11, 5, 51
665, 174, 24, 3, 22, 5, 51
666, 85, 7, 1, 5, 5, 51
667, 117, 7, 1, 5, 5, 51
668, 117, 7, 1, 5, 5, 51
669, 118, 7, 1, 5, 5, 51
670, 118, 7, 1, 5, 5, 51
671, 121, 13, 3, 11, 5, 51
672, 125, 5, 0, 0, 5, 51
673, 119, 7, 1, 5, 5, 51
674, 116, 5, 0, 0, 5, 51
675, 178, 53, 13, 52, 5, 51
676, 119, 7, 1, 5, 5, 51
677, 174, 16, 3, 14, 5, 51
678, 239, 61, 10, 59, 5, 51
679, 133, 7, 1, 5, 5, 51
680, 190, 24, 4, 23, 5, 51
681, 134, 7, 1, 5, 5, 51
682, 131, 7, 1, 5, 5, 51
683, 238, 56, 8, 55, 5, 51
684, 190, 23, 2, 18, 5, 51
685, 219, 40, 6, 39, 5, 51
686, 204, 25, 4, 23, 5, 51
687, 291, 102, 23, 101, 5, 51
688, 161, 9, 2, 7, 5, 51
689, 193, 29, 5, 28, 5, 51
690, 310, 92, 20, 90, 5, 51
691, 373, 165, 30, 163, 5, 51
692, 322, 82, 11, 80, 5, 51
693, 226, 59, 9, 57, 5, 51
694, 127, 14, 1, 9, 5, 51
695, 428, 225, 50, 223, 5, 51
696, 278, 93, 16, 91, 5, 51
697, 448, 299, 80, 297, 5, 51
698, 254, 69, 10, 67, 5, 51
699, 280, 101, 20, 99, 5, 51
700, 122, 7, 1, 5, 5, 51
701, 111, 7, 1, 5, 5, 51
702, 111, 7, 1, 5, 5, 51
703, 288, 95, 15, 93, 5, 51
704, 125, 13, 2, 11, 5, 51
705, 114, 7, 1, 5, 5, 51
706, 235, 60, 18, 58, 5, 51
707, 75, 7, 1, 5, 5, 51
708, 80, 7, 1, 5, 5, 51
709, 78, 7, 1, 5, 5, 51
710, 147, 16, 2, 14, 5, 51
711, 90, 9, 2, 7, 5, 51
712, 91, 12, 3, 11, 5, 51
713, 89, 5, 0, 0, 5, 51
714, 80, 9, 2, 7, 5, 51
715, 105, 27, 6, 26, 5, 51
716, 207, 46, 8, 44, 5, 51
717, 262, 114, 28, 113, 5, 51
718, 248, 55, 11, 53, 5, 51
719, 337, 151, 41, 150, 5, 51
720, 327, 88, 13, 85, 5, 51
721, 235, 45, 6, 43, 5, 51
722, 247, 57, 8, 55, 5, 51
723, 292, 72, 13, 70, 5, 51
724, 122, 16, 2, 14, 5, 51
725, 136, 47, 10, 46, 5, 51
726, 230, 29, 6, 28, 5, 51
727, 188, 7, 1, 5, 5, 51
728, 299, 108, 24, 107, 5, 51
729, 261, 87, 15, 86, 5, 51
730, 300, 114, 18, 112, 5, 51
731, 148, 9, 1, 6, 5, 51
732, 155, 9, 1, 6, 5, 51
733, 219, 30, 5, 28, 5, 51
734, 148, 7, 1, 5, 5, 51
735, 184, 20, 4, 19, 5, 51
736, 146, 7, 1, 5, 5, 51
737, 152, 7, 1, 5, 5, 51
738, 197, 20, 2, 15, 5, 51
739, 263, 44, 6, 42, 5, 51
740, 188, 22, 3, 20, 5, 51
741, 362, 121, 17, 116, 5, 51
742, 534, 346, 148, 345, 5, 51
743, 584, 445, 133, 444, 5, 51
744, 464, 298, 89, 296, 5, 51
745, 373, 143, 32, 142, 5, 51
746, 508, 298, 76, 296, 5, 51
747, 539, 305, 69, 303, 5, 51
748, 214, 30, 6, 28, 5, 51
749, 384, 122, 22, 121, 5, 51
750, 223, 34, 4, 32, 5, 51
751, 207, 34, 4, 32, 5, 51
752, 191, 31, 4, 29, 5, 51
753, 77, 7, 1, 5, 5, 51
754, 209, 16, 2, 14, 5, 51
755, 238, 26, 5, 25, 5, 51
756, 502, 279, 65, 278, 5, 51
757, 393, 161, 27, 159, 5, 51
758, 230, 43, 6, 41, 5, 51
759, 395, 148, 27, 146, 5, 51
760, 486, 233, 44, 231, 5, 51
761, 220, 32, 5, 31, 5, 51
762, 314, 88, 12, 87, 5, 51
763, 287, 109, 19, 108, 5, 51
764, 143, 7, 1, 5, 5, 51
765, 320, 83, 13, 81, 5, 51
766, 138, 5, 0, 0, 5, 51
767, 147, 28, 8, 27, 5, 51
768, 183, 36, 8, 35, 5, 51
769, 163, 29, 4, 28, 5, 51
770, 192, 53, 9, 51, 5, 51
771, 166, 15, 3, 13, 5, 51
772, 276, 72, 14, 71, 5, 51
773, 131, 5, 0, 0, 5, 51
774, 126, 7, 1, 5, 5, 51
775, 129, 7, 1, 5, 5, 51
776, 174, 22, 3, 20, 5, 51
777, 209, 41, 6, 39, 5, 51
778, 245, 39, 6, 37, 5, 51
779, 136, 5, 0, 0, 5, 51
780, 123, 7, 1, 5, 5, 51
781, 223, 46, 8, 44, 5, 51
782, 233, 16, 2, 14, 5, 51
783, 79, 7, 1, 5, 5, 51
784, 180, 14, 1, 9, 5, 51
785, 82, 15, 3, 13, 5, 51
786, 86, 19, 3, 17, 5, 51
787, 86, 7, 1, 5, 5, 51
788, 181, 32, 4, 30, 5, 51
789, 88, 16, 2, 14, 5, 51
790, 80, 7, 1, 5, 5, 51
791, 59, 7, 1, 5, 5, 51
792, 60, 7, 1, 5, 5, 51
793, 63, 7, 1, 5, 5, 51
794, 63, 5, 0, 0, 5, 51
795, 263, 52, 6, 50, 5, 51
796, 230, 34, 4, 32, 5, 51
797, 188, 16, 2, 14, 5, 51
798, 360, 120, 17, 119, 5, 51
799, 237, 55, 8, 54, 5, 51
800, 215, 30, 5, 28, 5, 51
801, 81, 7, 1, 5, 5, 51
802, 273, 41, 5, 40, 5, 51
803, 320, 89, 16, 87, 5, 51
804, 271, 48, 7, 46, 5, 51
805, 232, 46, 7, 44, 5, 51
806, 322, 96, 29, 94, 5, 51
807, 300, 63, 11, 61, 5, 51
808, 183, 13, 2, 11, 5, 51
809, 430, 186, 37, 185, 5, 51
810, 471, 222, 52, 220, 5, 51
811, 152, 13, 3, 11, 5, 51
812, 55, 7, 1, 5, 5, 51
813, 189, 40, 7, 39, 5, 51
814, 265, 81, 13, 80, 5, 51
815, 307, 134, 30, 133, 5, 51
816, 66, 9, 2, 7, 5, 51
817, 269, 48, 5, 45, 5, 51
818, 213, 48, 7, 46, 5, 51
819, 359, 109, 17, 107, 5, 51
820, 359, 121, 22, 120, 5, 51
821, 76, 7, 1, 5, 5, 51
822, 76, 7, 1, 5, 5, 51
823, 78, 15, 5, 14, 5, 51
824, 167, 7, 1, 5, 5, 51
825, 157, 12, 3, 10, 5, 51
826, 125, 5, 0, 0, 5, 51
827, 167, 19, 3, 17, 5, 51
828, 131, 7, 1, 5, 5, 51
829, 264, 74, 15, 73, 5, 51
830, 202, 33, 5, 31, 5, 51
831, 453, 218, 70, 217, 5, 51
832, 208, 28, 4, 26, 5, 51
833, 191, 42, 7, 41, 5, 51
834, 245, 62, 11, 61, 5, 51
835, 157, 42, 8, 40, 5, 51
836, 252, 22, 3, 20, 5, 51
837, 253, 52, 12, 50, 5, 51
838, 295, 35, 6, 33, 5, 51
839, 139, 5, 0, 0, 5, 51
840, 249, 42, 7, 40, 5, 51
841, 135, 7, 1, 5, 5, 51
842, 134, 9, 2, 7, 5, 51
843, 171, 25, 5, 23, 5, 51
844, 245, 45, 9, 43, 5, 51
845, 133, 14, 4, 12, 5, 51
846, 156, 19, 3, 17, 5, 51
847, 127, 7, 1, 5, 5, 51
848, 282, 48, 8, 47, 5, 51
849, 202, 32, 5, 30, 5, 51
850, 269, 36, 7, 34, 5, 51
851, 135, 7, 1, 5, 5, 51
852, 391, 157, 47, 155, 5, 51
853, 224, 25, 3, 23, 5, 51
854, 142, 7, 1, 5, 5, 51
855, 140, 7, 1, 5, 5, 51
856, 139, 7, 1, 5, 5, 51
857, 143, 7, 1, 5, 5, 51
858, 143, 7, 1, 5, 5, 51
859, 94, 7, 1, 5, 5, 51
860, 227, 19, 3, 17, 5, 51
861, 171, 18, 3, 17, 5, 51
862, 250, 42, 7, 40, 5, 51
863, 271, 48, 12, 47, 5, 51
864, 99, 5, 0, 0, 5, 51
865, 99, 7, 1, 5, 5, 51
866, 209, 16, 2, 14, 5, 51
867, 97, 7, 1, 5, 5, 51
868, 178, 26, 4, 25, 5, 51
869, 112, 9, 2, 7, 5, 51
870, 118, 22, 6, 21, 5, 51
871, 171, 24, 4, 23, 5, 51
872, 116, 7, 1, 5, 5, 51
873, 104, 7, 1, 5, 5, 51
874, 107, 5, 0, 0, 5, 51
875, 113, 13, 2, 11, 5, 51
876, 109, 5, 0, 0, 5, 51
877, 208, 30, 5, 28, 5, 51
878, 150, 7, 1, 5, 5, 51
879, 243, 68, 14, 67, 5, 51
880, 152, 11, 2, 9, 5, 51
881, 151, 10, 2, 8, 5, 51
882, 167, 33, 7, 31, 5, 51
883, 149, 7, 1, 5, 5, 51
884, 204, 16, 2, 14, 5, 51
885, 227, 17, 4, 16, 5, 51
886, 274, 47, 7, 45, 5, 51
887, 169, 20, 2, 15, 5, 51
888, 154, 13, 3, 11, 5, 51
889, 348, 79, 16, 77, 5, 51
890, 127, 5, 0, 0, 5, 51
891, 161, 32, 4, 30, 5, 51
892, 156, 19, 3, 17, 5, 51
893, 127, 7, 1, 5, 5, 51
894, 343, 84, 14, 79, 5, 51
895, 239, 27, 4, 25, 5, 51
896, 207, 5, 0, 0, 5, 51
897, 302, 52, 7, 50, 5, 51
898, 113, 10, 2, 8, 5, 51
899, 109, 7, 1, 5, 5, 51
900, 106, 7, 1, 5, 5, 51
901, 105, 7, 1, 5, 5, 51
902, 90, 5, 0, 0, 5, 51
903, 109, 13, 3, 11, 5, 51
904, 371, 94, 14, 93, 5, 51
905, 179, 16, 2, 14, 5, 51
906, 87, 5, 0, 0, 5, 51
907, 331, 86, 12, 84, 5, 51
908, 286, 33, 4, 31, 5, 51
909, 111, 11, 1, 6, 5, 51
910, 113, 7, 1, 5, 5, 51
911, 103, 7, 1, 5, 5, 51
912, 252, 43, 5, 41, 5, 51
913, 103, 7, 1, 5, 5, 51
914, 102, 7, 1, 5, 5, 51
915, 10, 5, 0, 0, 5, 51
916, 168, 10, 1, 8, 5, 51
917, 166, 9, 2, 7, 5, 51
918, 175, 19, 3, 17, 5, 51
919, 140, 16, 3, 14, 5, 51
920, 280, 54, 8, 52, 5, 51
921, 143, 14, 3, 13, 5, 51
922, 149, 15, 2, 14, 5, 51
923, 156, 14, 1, 9, 5, 51
924, 133, 14, 1, 9, 5, 51
925, 237, 36, 7, 34, 5, 51
926, 188, 7, 1, 5, 5, 51
927, 181, 5, 0, 0, 5, 51
928, 180, 7, 1, 5, 5, 51
929, 281, 58, 12, 57, 5, 51
930, 282, 34, 4, 32, 5, 51
931, 183, 12, 1, 9, 5, 51
932, 184, 18, 3, 16, 5, 51
933, 269, 31, 4, 29, 5, 51
934, 183, 7, 1, 5, 5, 51
935, 177, 7, 1, 5, 5, 51
936, 153, 7, 1, 5, 5, 51
937, 187, 7, 1, 5, 5, 51
938, 172, 7, 1, 5, 5, 51
939, 354, 60, 7, 55, 5, 51
940, 290, 45, 5, 42, 5, 51
941, 521, 186, 26, 184, 5, 51
942, 583, 253, 39, 251, 5, 51
943, 546, 272, 47, 270, 5, 51
944, 550, 298, 54, 296, 5, 51
945, 645, 346, 61, 344, 5, 51
946, 476, 196, 37, 194, 5, 51
947, 173, 19, 2, 17, 5, 51
948, 105, 7, 1, 5, 5, 51
949, 277, 29, 4, 27, 5, 51
950, 104, 7, 1, 5, 5, 51
951, 269, 40, 6, 39, 5, 51
952, 103, 5, 0, 0, 5, 51
953, 189, 7, 1, 5, 5, 51
954, 263, 25, 3, 21, 5, 51
955, 281, 43, 7, 42, 5, 51
956, 382, 93, 12, 91, 5, 51
957, 182, 7, 1, 5, 5, 51
958, 169, 5, 0, 0, 5, 51
959, 176, 7, 1, 5, 5, 51
960, 176, 7, 1, 5, 5, 51
961, 383, 110, 18, 109, 5, 51
962, 176, 5, 0, 0, 5, 51
963, 254, 25, 3, 23, 5, 51
964, 193, 16, 2, 14, 5, 51
965, 251, 32, 7, 30, 5, 51
966, 135, 13, 2, 11, 5, 51
967, 233, 40, 6, 38, 5, 51
968, 230, 33, 5, 32, 5, 51
969, 424, 145, 28, 144, 5, 51
970, 479, 161, 25, 159, 5, 51
971, 110, 7, 1, 5, 5, 51
972, 154, 5, 0, 0, 5, 51
973, 289, 25, 3, 23, 5, 51
974, 170, 7, 1, 5, 5, 51
975, 238, 13, 2, 11, 5, 51
976, 172, 7, 1, 5, 5, 51
977, 173, 7, 1, 5, 5, 51
978, 382, 69, 10, 67, 5, 51
979, 320, 95, 12, 93, 5, 51
980, 200, 19, 3, 17, 5, 51
981, 208, 22, 4, 20, 5, 51
982, 207, 22, 3, 20, 5, 51
983, 68, 7, 1, 5, 5, 51
984, 75, 7, 1, 5, 5, 51
985, 213, 13, 2, 8, 5, 51
986, 57, 7, 1, 5, 5, 51
987, 250, 19, 3, 17, 5, 51
988, 283, 19, 3, 17, 5, 51
989, 300, 27, 5, 25, 5, 51
990, 194, 16, 2, 14, 5, 51
991, 191, 23, 4, 22, 5, 51
992, 159, 9, 2, 7, 5, 51
993, 317, 56, 11, 51, 5, 51
994, 158, 7, 1, 5, 5, 51
995, 266, 24, 4, 22, 5, 51
996, 282, 19, 3, 17, 5, 51
997, 354, 113, 20, 112, 5, 51
998, 312, 68, 9, 66, 5, 51
999, 357, 108, 13, 106, 5, 51
1000, 394, 100, 18, 99, 5, 51
1001, 242, 40, 6, 35, 5, 51
1002, 87, 5, 0, 0, 5, 51
1003, 374, 155, 31, 153, 5, 51
1004, 61, 5, 0, 0, 5, 51
1005, 336, 59, 8, 57, 5, 51
1006, 178, 26, 5, 24, 5, 51
1007, 219, 58, 10, 56, 5, 51
1008, 388, 121, 20, 120, 5, 51
1009, 316, 57, 7, 54, 5, 51
1010, 311, 66, 12, 65, 5, 51
1011, 425, 146, 25, 144, 5, 51
1012, 434, 125, 18, 124, 5, 51
1013, 355, 74, 14, 72, 5, 51
1014, 474, 175, 37, 174, 5, 51
1015, 435, 87, 12, 86, 5, 51
1016, 215, 7, 1, 5, 5, 51
1017, 220, 36, 5, 34, 5, 51
1018, 364, 89, 15, 88, 5, 51
1019, 324, 77, 15, 76, 5, 51
1020, 360, 80, 12, 75, 5, 51
1021, 252, 60, 9, 56, 5, 51
1022, 203, 24, 4, 22, 5, 51
1023, 208, 31, 5, 29, 5, 51
1024, 165, 7, 1, 5, 5, 51
1025, 187, 25, 4, 24, 5, 51
1026, 327, 86, 16, 85, 5, 51
1027, 172, 10, 1, 6, 5, 51
1028, 327, 93, 19, 92, 5, 51
1029, 488, 140, 21, 138, 5, 51
1030, 150, 7, 1, 5, 5, 51
1031, 209, 7, 1, 5, 5, 51
1032, 236, 16, 2, 14, 5, 51
1033, 202, 7, 1, 5, 5, 51
1034, 202, 16, 2, 14, 5, 51
1035, 196, 19, 2, 17, 5, 51
1036, 102, 7, 1, 5, 5, 51
1037, 100, 7, 1, 5, 5, 51
1038, 260, 80, 13, 78, 5, 51
1039, 618, 228, 34, 226, 5, 51
1040, 160, 16, 3, 14, 5, 51
1041, 125, 5, 0, 0, 5, 51
1042, 387, 63, 8, 58, 5, 51
1043, 126, 9, 2, 7, 5, 51
1044, 437, 76, 9, 74, 5, 51
1045, 431, 115, 17, 111, 5, 51
1046, 168, 7, 1, 5, 5, 51
1047, 187, 46, 6, 44, 5, 51
1048, 315, 43, 5, 41, 5, 51
1049, 94, 11, 3, 9, 5, 51
1050, 305, 40, 5, 38, 5, 51
1051, 523, 155, 21, 153, 5, 51
1052, 293, 23, 2, 18, 5, 51
1053, 684, 283, 46, 282, 5, 51
1054, 600, 295, 50, 294, 5, 51
1055, 243, 41, 4, 36, 5, 51
1056, 525, 176, 27, 174, 5, 51
1057, 287, 35, 5, 33, 5, 51
1058, 252, 30, 4, 28, 5, 51
1059, 317, 34, 4, 32, 5, 51
1060, 396, 83, 15, 81, 5, 51
1061, 126, 7, 1, 5, 5, 51
1062, 454, 131, 17, 130, 5, 51
1063, 116, 5, 0, 0, 5, 51
1064, 116, 9, 2, 7, 5, 51
1065, 110, 7, 1, 5, 5, 51
1066, 110, 7, 1, 5, 5, 51
1067, 75, 7, 1, 5, 5, 51
1068, 200, 7, 1, 5, 5, 51
1069, 150, 7, 1, 5, 5, 51
1070, 155, 7, 1, 5, 5, 51
1071, 204, 13, 2, 11, 5, 51
1072, 198, 7, 1, 5, 5, 51
1073, 226, 11, 1, 6, 5, 51
1074, 170, 9, 2, 7, 5, 51
1075, 156, 7, 1, 5, 5, 51
1076, 392, 92, 13, 90, 5, 51
1077, 594, 253, 44, 252, 5, 51
1078, 284, 43, 5, 41, 5, 51
1079, 192, 5, 0, 0, 5, 51
1080, 188, 7, 1, 5, 5, 51
1081, 234, 16, 3, 14, 5, 51
1082, 159, 7, 1, 5, 5, 51
1083, 159, 5, 0, 0, 5, 51
1084, 250, 32, 4, 27, 5, 51
1085, 271, 42, 7, 40, 5, 51
1086, 84, 7, 1, 5, 5, 51
1087, 78, 7, 1, 5, 5, 51
1088, 215, 23, 3, 21, 5, 51
1089, 81, 10, 2, 8, 5, 51
1090, 243, 22, 3, 20, 5, 51
1091, 258, 30, 4, 28, 5, 51
1092, 381, 138, 32, 136, 5, 51
1093, 312, 53, 9, 51, 5, 51
1094, 328, 51, 8, 49, 5, 51
1095, 192, 5, 0, 0, 5, 51
1096, 410, 145, 26, 143, 5, 51
1097, 167, 7, 1, 5, 5, 51
1098, 162, 7, 1, 5, 5, 51
1099, 166, 7, 1, 5, 5, 51
1100, 173, 13, 2, 11, 5, 51
1101, 167, 5, 0, 0, 5, 51
1102, 169, 13, 4, 12, 5, 51
1103, 228, 13, 2, 11, 5, 51
1104, 166, 7, 1, 5, 5, 51
1105, 262, 22, 3, 20, 5, 51
1106, 301, 87, 20, 85, 5, 51
1107, 106, 7, 1, 5, 5, 51
1108, 124, 23, 2, 18, 5, 51
1109, 108, 7, 1, 5, 5, 51
1110, 317, 35, 4, 30, 5, 51
1111, 246, 21, 3, 19, 5, 51
1112, 328, 63, 13, 61, 5, 51
1113, 297, 56, 13, 54, 5, 51
1114, 302, 42, 6, 39, 5, 51
1115, 326, 75, 16, 74, 5, 51
1116, 107, 5, 0, 0, 5, 51
1117, 134, 23, 5, 21, 5, 51
1118, 273, 56, 12, 54, 5, 51
1119, 218, 5, 0, 0, 5, 51
1120, 213, 9, 2, 7, 5, 51
1121, 113, 7, 1, 5, 5, 51
1122, 125, 12, 1, 9, 5, 51
1123, 342, 55, 8, 53, 5, 51
1124, 240, 17, 2, 12, 5, 51
1125, 66, 5, 0, 0, 5, 51
1126, 250, 17, 3, 15, 5, 51
1127, 293, 22, 3, 20, 5, 51
1128, 191, 7, 1, 5, 5, 51
1129, 327, 49, 9, 47, 5, 51
1130, 203, 18, 3, 16, 5, 51
1131, 260, 16, 2, 14, 5, 51
1132, 138, 5, 0, 0, 5, 51
1133, 107, 7, 1, 5, 5, 51
1134, 206, 37, 5, 35, 5, 51
1135, 157, 14, 1, 9, 5, 51
1136, 325, 38, 6, 37, 5, 51
1137, 361, 68, 8, 66, 5, 51
1138, 489, 223, 56, 222, 5, 51
1139, 151, 7, 1, 5, 5, 51
1140, 472, 202, 42, 201, 5, 51
1141, 425, 133, 19, 131, 5, 51
1142, 187, 22, 3, 20, 5, 51
1143, 83, 7, 1, 5, 5, 51
1144, 77, 7, 1, 5, 5, 51
1145, 297, 41, 4, 36, 5, 51
1146, 307, 56, 8, 52, 5, 51
1147, 311, 85, 13, 84, 5, 51
1148, 459, 199, 31, 198, 5, 51
1149, 432, 148, 25, 147, 5, 51
1150, 401, 127, 18, 125, 5, 51
1151, 73, 5, 0, 0, 5, 51
1152, 494, 176, 27, 174, 5, 51
1153, 500, 226, 37, 225, 5, 51
1154, 602, 339, 71, 338, 5, 51
1155, 195, 7, 1, 5, 5, 51
1156, 196, 7, 1, 5, 5, 51
1157, 230, 16, 2, 14, 5, 51
1158, 310, 44, 6, 42, 5, 51
1159, 172, 7, 1, 5, 5, 51
1160, 280, 62, 9, 60, 5, 51
1161, 384, 86, 14, 84, 5, 51
1162, 194, 7, 1, 5, 5, 51
1163, 177, 10, 2, 9, 5, 51
1164, 192, 12, 2, 10, 5, 51
1165, 175, 7, 1, 5, 5, 51
1166, 260, 42, 6, 40, 5, 51
1167, 178, 7, 1, 5, 5, 51
1168, 175, 7, 1, 5, 5, 51
1169, 194, 13, 2, 11, 5, 51
1170, 200, 13, 2, 11, 5, 51
1171, 159, 7, 1, 5, 5, 51
1172, 160, 7, 1, 5, 5, 51
1173, 115, 5, 0, 0, 5, 51
1174, 176, 9, 2, 7, 5, 51
1175, 172, 7, 1, 5, 5, 51
1176, 142, 5, 0, 0, 5, 51
1177, 144, 7, 1, 5, 5, 51
1178, 141, 7, 1, 5, 5, 51
1179, 265, 19, 2, 14, 5, 51
1180, 260, 27, 5, 25, 5, 51
1181, 195, 7, 1, 5, 5, 51
1182, 198, 17, 3, 15, 5, 51
1183, 161, 5, 0, 0, 5, 51
1184, 198, 9, 1, 6, 5, 51
1185, 195, 7, 1, 5, 5, 51
1186, 316, 46, 8, 45, 5, 51
1187, 195, 5, 0, 0, 5, 51
1188, 268, 18, 2, 15, 5, 51
1189, 256, 24, 4, 22, 5, 51
1190, 208, 5, 0, 0, 5, 51
1191, 208, 9, 2, 7, 5, 51
1192, 224, 15, 3, 13, 5, 51
1193, 284, 23, 2, 18, 5, 51
1194, 318, 36, 5, 34, 5, 51
1195, 205, 7, 1, 5, 5, 51
1196, 194, 7, 1, 5, 5, 51
1197, 193, 7, 1, 5, 5, 51
1198, 192, 7, 1, 5, 5, 51
1199, 322, 31, 5, 29, 5, 51
1200, 189, 5, 0, 0, 5, 51
1201, 187, 7, 1, 5, 5, 51
1202, 321, 60, 11, 59, 5, 51
1203, 400, 81, 12, 80, 5, 51
1204, 299, 74, 9, 69, 5, 51
1205, 239, 42, 5, 40, 5, 51
1206, 193, 10, 1, 8, 5, 51
1207, 167, 7, 1, 5, 5, 51
1208, 226, 13, 2, 11, 5, 51
1209, 200, 7, 1, 5, 5, 51
1210, 223, 11, 1, 6, 5, 51
1211, 201, 7, 1, 5, 5, 51
1212, 348, 56, 7, 54, 5, 51
1213, 388, 55, 7, 53, 5, 51
1214, 235, 16, 2, 14, 5, 51
1215, 219, 11, 1, 9, 5, 51
1216, 494, 198, 56, 197, 5, 51
1217, 416, 159, 26, 157, 5, 51
1218, 191, 5, 0, 0, 5, 51
1219, 293, 41, 4, 36, 5, 51
1220, 188, 7, 1, 5, 5, 51
1221, 187, 7, 1, 5, 5, 51
1222, 180, 5, 0, 0, 5, 51
1223, 316, 35, 5, 33, 5, 51
1224, 355, 28, 4, 26, 5, 51
1225, 340, 64, 9, 63, 5, 51
1226, 198, 5, 0, 0, 5, 51
1227, 195, 5, 0, 0, 5, 51
1228, 447, 151, 24, 150, 5, 51
1229, 197, 8, 1, 7, 5, 51
1230, 523, 194, 33, 193, 5, 51
1231, 592, 270, 55, 268, 5, 51
1232, 203, 14, 1, 9, 5, 51
1233, 318, 32, 7, 30, 5, 51
1234, 313, 25, 3, 23, 5, 51
1235, 484, 133, 25, 131, 5, 51
1236, 347, 43, 5, 41, 5, 51
1237, 440, 99, 16, 98, 5, 51
1238, 269, 17, 3, 16, 5, 51
1239, 340, 46, 8, 45, 5, 51
1240, 297, 22, 3, 20, 5, 51
1241, 313, 28, 4, 26, 5, 51
1242, 230, 5, 0, 0, 5, 51
1243, 287, 19, 3, 17, 5, 51
1244, 268, 11, 1, 6, 5, 51
1245, 224, 7, 1, 5, 5, 51
1246, 224, 5, 0, 0, 5, 51
1247, 286, 31, 6, 29, 5, 51
1248, 231, 14, 1, 9, 5, 51
1249, 308, 43, 7, 41, 5, 51
1250, 296, 42, 7, 41, 5, 51
1251, 208, 7, 1, 5, 5, 51
1252, 223, 19, 3, 17, 5, 51
1253, 437, 83, 14, 82, 5, 51
1254, 601, 200, 31, 199, 5, 51
1255, 191, 7, 1, 5, 5, 51
1256, 186, 7, 1, 5, 5, 51
1257, 265, 26, 4, 24, 5, 51
1258, 361, 56, 6, 51, 5, 51
1259, 202, 5, 0, 0, 5, 51
1260, 448, 77, 11, 75, 5, 51
1261, 379, 70, 12, 68, 5, 51
1262, 309, 25, 3, 23, 5, 51
1263, 185, 7, 1, 5, 5, 51
1264, 316, 35, 5, 34, 5, 51
1265, 379, 61, 8, 59, 5, 51
1266, 282, 68, 10, 67, 5, 51
1267, 330, 69, 8, 66, 5, 51
1268, 527, 150, 20, 148, 5, 51
1269, 210, 7, 1, 5, 5, 51
1270, 220, 13, 2, 11, 5, 51
1271, 202, 5, 0, 0, 5, 51
1272, 202, 9, 2, 7, 5, 51
1273, 226, 24, 5, 22, 5, 51
1274, 318, 22, 3, 20, 5, 51
1275, 327, 40, 5, 38, 5, 51
1276, 196, 7, 1, 5, 5, 51
1277, 193, 7, 1, 5, 5, 51
1278, 192, 5, 0, 0, 5, 51
1279, 191, 7, 1, 5, 5, 51
1280, 196, 7, 1, 5, 5, 51
1281, 205, 22, 5, 20, 5, 51
1282, 261, 14, 1, 9, 5, 51
1283, 228, 9, 2, 7, 5, 51
1284, 258, 20, 2, 15, 5, 51
1285, 280, 13, 2, 11, 5, 51
1286, 288, 30, 5, 28, 5, 51
1287, 211, 7, 1, 5, 5, 51
1288, 208, 7, 1, 5, 5, 51
1289, 208, 7, 1, 5, 5, 51
1290, 281, 27, 5, 25, 5, 51
1291, 267, 16, 2, 14, 5, 51
1292, 202, 7, 1, 5, 5, 51
1293, 287, 30, 5, 28, 5, 51
1294, 219, 5, 0, 0, 5, 51
1295, 217, 13, 3, 11, 5, 51
1296, 264, 60, 19, 59, 5, 51
1297, 395, 79, 13, 78, 5, 51
1298, 220, 7, 1, 5, 5, 51
1299, 277, 29, 4, 28, 5, 51
1300, 215, 13, 2, 11, 5, 51
1301, 181, 7, 1, 5, 5, 51
1302, 277, 37, 5, 35, 5, 51
1303, 180, 5, 0, 0, 5, 51
1304, 272, 22, 3, 20, 5, 51
1305, 258, 46, 6, 45, 5, 51
1306, 206, 12, 1, 9, 5, 51
1307, 230, 22, 3, 20, 5, 51
1308, 218, 14, 1, 9, 5, 51
1309, 355, 65, 9, 63, 5, 51
1310, 342, 34, 6, 32, 5, 51
1311, 253, 25, 3, 23, 5, 51
1312, 369, 70, 9, 68, 5, 51
1313, 271, 16, 2, 14, 5, 51
1314, 189, 7, 1, 5, 5, 51
1315, 258, 14, 1, 9, 5, 51
1316, 282, 40, 6, 38, 5, 51
1317, 279, 34, 4, 32, 5, 51
1318, 342, 54, 7, 52, 5, 51
1319, 217, 7, 1, 5, 5, 51
1320, 257, 16, 2, 14, 5, 51
1321, 274, 25, 3, 23, 5, 51
1322, 206, 7, 1, 5, 5, 51
1323, 304, 20, 3, 18, 5, 51
1324, 205, 7, 1, 5, 5, 51
1325, 258, 13, 2, 11, 5, 51
1326, 323, 40, 5, 38, 5, 51
1327, 475, 115, 18, 113, 5, 51
1328, 219, 7, 1, 5, 5, 51
1329, 250, 16, 2, 14, 5, 51
1330, 259, 16, 2, 14, 5, 51
1331, 253, 14, 2, 12, 5, 51
1332, 221, 7, 1, 5, 5, 51
1333, 229, 12, 1, 9, 5, 51
1334, 268, 17, 6, 16, 5, 51
1335, 190, 7, 1, 5, 5, 51
1336, 194, 7, 1, 5, 5, 51
1337, 188, 5, 0, 0, 5, 51
1338, 190, 9, 2, 7, 5, 51
1339, 578, 112, 16, 110, 5, 51
1340, 551, 133, 22, 131, 5, 51
1341, 536, 144, 21, 142, 5, 51
1342, 260, 7, 1, 5, 5, 51
1343, 206, 10, 1, 8, 5, 51
1344, 434, 49, 6, 47, 5, 51
1345, 206, 7, 1, 5, 5, 51
1346, 208, 7, 1, 5, 5, 51
1347, 207, 10, 2, 8, 5, 51
1348, 204, 5, 0, 0, 5, 51
1349, 539, 105, 12, 102, 5, 51
1350, 481, 75, 10, 72, 5, 51
1351, 206, 5, 0, 0, 5, 51
1352, 205, 7, 1, 5, 5, 51
1353, 550, 177, 25, 175, 5, 51
1354, 187, 7, 1, 5, 5, 51
1355, 663, 259, 36, 258, 5, 51
1356, 274, 16, 2, 14, 5, 51
1357, 111, 7, 1, 5, 5, 51
1358, 111, 7, 1, 5, 5, 51
1359, 111, 7, 1, 5, 5, 51
1360, 289, 27, 4, 25, 5, 51
1361, 452, 103, 22, 102, 5, 51
1362, 348, 31, 5, 29, 5, 51
1363, 447, 95, 12, 93, 5, 51
1364, 749, 284, 44, 282, 5, 51
1365, 817, 323, 49, 322, 5, 51
1366, 792, 305, 53, 303, 5, 51
1367, 134, 7, 1, 5, 5, 51
1368, 273, 16, 2, 14, 5, 51
1369, 449, 83, 11, 81, 5, 51
1370, 342, 58, 7, 56, 5, 51
1371, 190, 7, 1, 5, 5, 51
1372, 186, 5, 0, 0, 5, 51
1373, 259, 13, 2, 11, 5, 51
1374, 175, 5, 0, 0, 5, 51
1375, 244, 11, 1, 6, 5, 51
1376, 171, 7, 1, 5, 5, 51
1377, 178, 15, 4, 14, 5, 51
1378, 173, 7, 1, 5, 5, 51
1379, 266, 26, 6, 24, 5, 51
1380, 186, 13, 2, 11, 5, 51
1381, 182, 12, 3, 10, 5, 51
1382, 258, 24, 4, 22, 5, 51
1383, 185, 5, 0, 0, 5, 51
1384, 186, 7, 1, 5, 5, 51
1385, 181, 7, 1, 5, 5, 51
1386, 174, 7, 1, 5, 5, 51
1387, 197, 7, 1, 5, 5, 51
1388, 196, 7, 1, 5, 5, 51
1389, 195, 7, 1, 5, 5, 51
1390, 202, 13, 2, 11, 5, 51
1391, 197, 7, 1, 5, 5, 51
1392, 202, 17, 3, 15, 5, 51
1393, 195, 7, 1, 5, 5, 51
1394, 216, 14, 1, 9, 5, 51
1395, 200, 7, 1, 5, 5, 51
1396, 205, 7, 1, 5, 5, 51
1397, 206, 7, 1, 5, 5, 51
1398, 204, 7, 1, 5, 5, 51
1399, 207, 10, 2, 9, 5, 51
1400, 191, 7, 1, 5, 5, 51
1401, 193, 7, 1, 5, 5, 51
1402, 134, 7, 1, 5, 5, 51
1403, 230, 7, 1, 5, 5, 51
1404, 290, 22, 3, 20, 5, 51
1405, 222, 7, 1, 5, 5, 51
1406, 218, 7, 1, 5, 5, 51
1407, 453, 94, 15, 93, 5, 51
1408, 364, 58, 6, 54, 5, 51
1409, 382, 73, 11, 71, 5, 51
1410, 359, 65, 10, 63, 5, 51
1411, 239, 7, 1, 5, 5, 51
1412, 318, 23, 2, 18, 5, 51
1413, 213, 7, 1, 5, 5, 51
1414, 313, 34, 4, 32, 5, 51
1415, 291, 23, 4, 21, 5, 51
1416, 195, 5, 0, 0, 5, 51
1417, 217, 7, 1, 5, 5, 51
1418, 215, 7, 1, 5, 5, 51
1419, 261, 30, 6, 29, 5, 51
1420, 354, 64, 8, 62, 5, 51
1421, 222, 7, 1, 5, 5, 51
1422, 221, 7, 1, 5, 5, 51
1423, 218, 7, 1, 5, 5, 51
1424, 219, 7, 1, 5, 5, 51
1425, 150, 7, 1, 5, 5, 51
1426, 270, 19, 3, 17, 5, 51
1427, 303, 23, 2, 18, 5, 51
1428, 275, 37, 5, 35, 5, 51
1429, 254, 16, 2, 14, 5, 51
1430, 297, 43, 6, 42, 5, 51
1431, 367, 66, 8, 64, 5, 51
1432, 785, 341, 61, 340, 5, 51
1433, 551, 99, 13, 97, 5, 51
1434, 514, 122, 18, 121, 5, 51
1435, 219, 16, 2, 14, 5, 51
1436, 214, 16, 2, 14, 5, 51
1437, 567, 129, 16, 128, 5, 51
1438, 473, 83, 11, 81, 5, 51
1439, 850, 300, 40, 297, 5, 51
1440, 332, 90, 14, 88, 5, 51
1441, 418, 65, 9, 63, 5, 51
1442, 575, 137, 19, 135, 5, 51
1443, 406, 73, 9, 71, 5, 51
1444, 181, 20, 3, 19, 5, 51
1445, 732, 232, 30, 227, 5, 51
1446, 480, 92, 12, 89, 5, 51
1447, 348, 68, 8, 66, 5, 51
1448, 289, 25, 3, 23, 5, 51
1449, 531, 132, 17, 130, 5, 51
1450, 964, 444, 70, 443, 5, 51
1451, 817, 341, 55, 339, 5, 51
1452, 150, 7, 1, 5, 5, 51
1453, 171, 16, 2, 14, 5, 51
1454, 140, 7, 1, 5, 5, 51
1455, 140, 10, 2, 8, 5, 51
1456, 106, 7, 1, 5, 5, 51
1457, 190, 7, 1, 5, 5, 51
1458, 188, 16, 2, 14, 5, 51
1459, 117, 5, 0, 0, 5, 51
1460, 120, 10, 2, 8, 5, 51
1461, 126, 5, 0, 0, 5, 51
1462, 125, 7, 1, 5, 5, 51
1463, 120, 7, 1, 5, 5, 51
1464, 119, 7, 1, 5, 5, 51
1465, 118, 7, 1, 5, 5, 51
1466, 119, 5, 0, 0, 5, 51
1467, 121, 9, 2, 7, 5, 51
1468, 123, 14, 2, 12, 5, 51
1469, 333, 53, 8, 51, 5, 51
1470, 125, 7, 1, 5, 5, 51
1471, 247, 16, 2, 14, 5, 51
1472, 148, 16, 2, 14, 5, 51
1473, 120, 5, 0, 0, 5, 51
1474, 294, 60, 8, 58, 5, 51
1475, 349, 103, 20, 102, 5, 51
1476, 120, 7, 1, 5, 5, 51
1477, 277, 55, 8, 54, 5, 51
1478, 68, 7, 1, 5, 5, 51
1479, 122, 22, 3, 21, 5, 51
1480, 70, 7, 1, 5, 5, 51
1481, 131, 41, 8, 40, 5, 51
1482, 72, 5, 0, 0, 5, 51
1483, 67, 7, 1, 5, 5, 51
1484, 69, 10, 2, 8, 5, 51
1485, 437, 52, 7, 50, 5, 51
1486, 241, 28, 4, 25, 5, 51
1487, 424, 96, 16, 95, 5, 51
1488, 173, 35, 7, 34, 5, 51
1489, 344, 46, 6, 44, 5, 51
1490, 350, 32, 5, 30, 5, 51
1491, 159, 7, 1, 5, 5, 51
1492, 121, 7, 1, 5, 5, 51
1493, 121, 7, 1, 5, 5, 51
1494, 125, 10, 1, 8, 5, 51
1495, 254, 49, 6, 47, 5, 51
1496, 518, 112, 16, 110, 5, 51
1497, 316, 40, 7, 38, 5, 51
1498, 514, 106, 14, 104, 5, 51
1499, 150, 10, 2, 9, 5, 51
1500, 346, 51, 6, 49, 5, 51
1501, 357, 84, 14, 82, 5, 51
1502, 449, 143, 25, 141, 5, 51
1503, 153, 13, 2, 11, 5, 51
1504, 246, 13, 2, 11, 5, 51
1505, 188, 13, 2, 11, 5, 51
1506, 129, 5, 0, 0, 5, 51
1507, 196, 15, 2, 12, 5, 51
1508, 194, 15, 3, 13, 5, 51
1509, 149, 5, 0, 0, 5, 51
1510, 153, 10, 2, 8, 5, 51
1511, 147, 7, 1, 5, 5, 51
1512, 314, 40, 7, 38, 5, 51
1513, 243, 10, 2, 8, 5, 51
1514, 103, 5, 0, 0, 5, 51
1515, 105, 12, 2, 10, 5, 51
1516, 305, 56, 9, 54, 5, 51
1517, 109, 7, 1, 5, 5, 51
1518, 257, 22, 3, 20, 5, 51
1519, 259, 20, 2, 15, 5, 51
1520, 452, 97, 13, 94, 5, 51
1521, 128, 7, 1, 5, 5, 51
1522, 452, 97, 12, 95, 5, 51
1523, 201, 7, 1, 5, 5, 51
1524, 108, 7, 1, 5, 5, 51
1525, 110, 7, 1, 5, 5, 51
1526, 107, 5, 0, 0, 5, 51
1527, 105, 7, 1, 5, 5, 51
1528, 107, 7, 1, 5, 5, 51
1529, 107, 7, 1, 5, 5, 51
1530, 107, 7, 1, 5, 5, 51
1531, 93, 7, 1, 5, 5, 51
1532, 278, 23, 2, 18, 5, 51
1533, 103, 9, 1, 6, 5, 51
1534, 111, 10, 1, 8, 5, 51
1535, 105, 5, 0, 0, 5, 51
1536, 106, 5, 0, 0, 5, 51
1537, 109, 13, 2, 10, 5, 51
1538, 108, 5, 0, 0, 5, 51
1539, 8, 7, 1, 5, 5, 51
1540, 167, 7, 1, 5, 5, 51
1541, 199, 19, 3, 17, 5, 51
1542, 154, 7, 1, 5, 5, 51
1543, 87, 5, 0, 0, 5, 51
1544, 348, 45, 7, 43, 5, 51
1545, 245, 32, 3, 27, 5, 51
1546, 280, 22, 5, 21, 5, 51
1547, 271, 13, 2, 11, 5, 51
1548, 258, 28, 4, 26, 5, 51
1549, 168, 7, 1, 5, 5, 51
1550, 200, 31, 4, 29, 5, 51
1551, 166, 7, 1, 5, 5, 51
1552, 163, 7, 1, 5, 5, 51
1553, 161, 7, 1, 5, 5, 51
1554, 216, 16, 3, 14, 5, 51
1555, 87, 7, 1, 5, 5, 51
1556, 48, 7, 1, 5, 5, 51
1557, 232, 7, 1, 5, 5, 51
1558, 207, 7, 1, 5, 5, 51
1559, 206, 7, 1, 5, 5, 51
1560, 346, 32, 5, 30, 5, 51
1561, 144, 7, 1, 5, 5, 51
1562, 149, 7, 1, 5, 5, 51
1563, 149, 8, 1, 7, 5, 51
1564, 150, 7, 1, 5, 5, 51
1565, 150, 12, 2, 11, 5, 51
1566, 148, 7, 1, 5, 5, 51
1567, 147, 7, 1, 5, 5, 51
1568, 250, 15, 3, 13, 5, 51
1569, 317, 33, 6, 32, 5, 51
1570, 202, 7, 1, 5, 5, 51
1571, 163, 7, 1, 5, 5, 51
1572, 291, 13, 2, 11, 5, 51
1573, 262, 13, 2, 11, 5, 51
1574, 186, 20, 2, 15, 5, 51
1575, 333, 32, 6, 30, 5, 51
1576, 251, 16, 2, 14, 5, 51
1577, 232, 11, 1, 6, 5, 51
1578, 223, 7, 1, 5, 5, 51
1579, 223, 7, 1, 5, 5, 51
1580, 222, 7, 1, 5, 5, 51
1581, 157, 7, 1, 5, 5, 51
1582, 156, 7, 1, 5, 5, 51
1583, 230, 7, 1, 5, 5, 51
1584, 346, 36, 7, 35, 5, 51
1585, 408, 80, 13, 79, 5, 51
1586, 434, 119, 22, 118, 5, 51
1587, 240, 16, 2, 14, 5, 51
1588, 207, 7, 1, 5, 5, 51
1589, 206, 7, 1, 5, 5, 51
1590, 266, 16, 2, 14, 5, 51
1591, 236, 19, 3, 17, 5, 51
1592, 353, 60, 8, 58, 5, 51
1593, 130, 7, 1, 5, 5, 51
1594, 240, 16, 2, 14, 5, 51
1595, 230, 7, 1, 5, 5, 51
1596, 364, 72, 10, 70, 5, 51
1597, 228, 5, 0, 0, 5, 51
1598, 388, 83, 14, 82, 5, 51
1599, 207, 7, 1, 5, 5, 51
1600, 203, 7, 1, 5, 5, 51
1601, 253, 16, 2, 14, 5, 51
1602, 210, 7, 1, 5, 5, 51
1603, 329, 16, 2, 14, 5, 51
1604, 211, 5, 0, 0, 5, 51
1605, 210, 7, 1, 5, 5, 51
1606, 212, 5, 0, 0, 5, 51
1607, 211, 5, 0, 0, 5, 51
1608, 211, 10, 2, 9, 5, 51
1609, 289, 16, 2, 14, 5, 51
1610, 323, 27, 4, 22, 5, 51
1611, 209, 7, 1, 5, 5, 51
1612, 224, 19, 3, 15, 5, 51
1613, 214, 11, 2, 10, 5, 51
1614, 245, 19, 4, 18, 5, 51
1615, 252, 12, 2, 11, 5, 51
1616, 225, 7, 1, 5, 5, 51
1617, 225, 7, 1, 5, 5, 51
1618, 335, 35, 7, 34, 5, 51
1619, 225, 7, 1, 5, 5, 51
1620, 327, 27, 5, 26, 5, 51
1621, 294, 25, 3, 23, 5, 51
1622, 412, 82, 15, 81, 5, 51
1623, 332, 32, 6, 30, 5, 51
1624, 306, 23, 3, 18, 5, 51
1625, 200, 7, 1, 5, 5, 51
1626, 200, 7, 1, 5, 5, 51
1627, 203, 13, 2, 12, 5, 51
1628, 409, 125, 24, 123, 5, 51
1629, 264, 23, 3, 21, 5, 51
1630, 246, 14, 2, 12, 5, 51
1631, 211, 7, 1, 5, 5, 51
1632, 246, 16, 2, 14, 5, 51
1633, 248, 15, 2, 13, 5, 51
1634, 243, 20, 2, 18, 5, 51
1635, 201, 7, 1, 5, 5, 51
1636, 388, 49, 7, 47, 5, 51
1637, 452, 79, 11, 77, 5, 51
1638, 413, 79, 11, 77, 5, 51
1639, 339, 23, 2, 18, 5, 51
1640, 290, 12, 1, 9, 5, 51
1641, 246, 7, 1, 5, 5, 51
1642, 298, 33, 5, 31, 5, 51
1643, 289, 16, 2, 14, 5, 51
1644, 250, 7, 1, 5, 5, 51
1645, 249, 7, 1, 5, 5, 51
1646, 248, 7, 1, 5, 5, 51
1647, 247, 5, 0, 0, 5, 51
1648, 249, 7, 1, 5, 5, 51
1649, 332, 29, 4, 27, 5, 51
1650, 361, 32, 4, 27, 5, 51
1651, 242, 10, 2, 9, 5, 51
1652, 266, 16, 2, 14, 5, 51
1653, 370, 47, 6, 45, 5, 51
1654, 238, 7, 1, 5, 5, 51
1655, 244, 12, 2, 10, 5, 51
1656, 237, 7, 1, 5, 5, 51
1657, 351, 32, 4, 31, 5, 51
1658, 504, 117, 18, 116, 5, 51
1659, 347, 66, 9, 64, 5, 51
1660, 236, 20, 2, 15, 5, 51
1661, 520, 112, 17, 110, 5, 51
1662, 803, 301, 55, 300, 5, 51
1663, 781, 296, 44, 293, 5, 51
1664, 772, 232, 33, 231, 5, 51
1665, 575, 146, 22, 145, 5, 51
1666, 989, 476, 81, 475, 5, 51
1667, 623, 159, 25, 157, 5, 51
1668, 499, 99, 15, 98, 5, 51
1669, 202, 16, 2, 14, 5, 51
1670, 202, 13, 2, 11, 5, 51
1671, 194, 7, 1, 5, 5, 51
1672, 192, 7, 1, 5, 5, 51
1673, 194, 7, 1, 5, 5, 51
1674, 193, 7, 1, 5, 5, 51
1675, 190, 7, 1, 5, 5, 51
1676, 248, 15, 3, 13, 5, 51
1677, 308, 27, 6, 25, 5, 51
1678, 183, 7, 1, 5, 5, 51
1679, 183, 7, 1, 5, 5, 51
1680, 182, 7, 1, 5, 5, 51
1681, 179, 7, 1, 5, 5, 51
1682, 188, 7, 1, 5, 5, 51
1683, 188, 7, 1, 5, 5, 51
1684, 258, 16, 2, 14, 5, 51
1685, 206, 7, 1, 5, 5, 51
1686, 184, 7, 1, 5, 5, 51
1687, 182, 7, 1, 5, 5, 51
1688, 184, 5, 0, 0, 5, 51
1689, 135, 7, 1, 5, 5, 51
1690, 238, 15, 3, 13, 5, 51
1691, 190, 7, 1, 5, 5, 51
1692, 189, 7, 1, 5, 5, 51
1693, 231, 13, 2, 11, 5, 51
1694, 218, 16, 3, 15, 5, 51
1695, 188, 5, 0, 0, 5, 51
1696, 219, 15, 3, 13, 5, 51
1697, 282, 38, 6, 37, 5, 51
1698, 211, 10, 1, 8, 5, 51
1699, 190, 5, 0, 0, 5, 51
1700, 188, 7, 1, 5, 5, 51
1701, 192, 11, 2, 9, 5, 51
1702, 258, 20, 2, 15, 5, 51
1703, 182, 7, 1, 5, 5, 51
1704, 234, 19, 2, 14, 5, 51
1705, 190, 5, 0, 0, 5, 51
1706, 186, 7, 1, 5, 5, 51
1707, 307, 46, 9, 44, 5, 51
1708, 312, 54, 10, 52, 5, 51
1709, 371, 68, 9, 63, 5, 51
1710, 355, 54, 7, 52, 5, 51
1711, 365, 25, 3, 23, 5, 51
1712, 238, 16, 2, 14, 5, 51
1713, 187, 5, 0, 0, 5, 51
1714, 186, 5, 0, 0, 5, 51
1715, 187, 7, 1, 5, 5, 51
1716, 144, 7, 1, 5, 5, 51
1717, 246, 12, 2, 10, 5, 51
1718, 228, 7, 1, 5, 5, 51
1719, 250, 16, 2, 14, 5, 51
1720, 298, 31, 4, 29, 5, 51
1721, 591, 91, 12, 89, 5, 51
1722, 236, 7, 1, 5, 5, 51
1723, 443, 80, 9, 75, 5, 51
1724, 378, 61, 8, 59, 5, 51
1725, 344, 50, 10, 49, 5, 51
1726, 389, 90, 12, 88, 5, 51
1727, 361, 51, 10, 50, 5, 51
1728, 236, 7, 1, 5, 5, 51
1729, 346, 48, 7, 46, 5, 51
1730, 223, 7, 1, 5, 5, 51
1731, 651, 186, 33, 184, 5, 51
1732, 383, 52, 7, 50, 5, 51
1733, 389, 73, 11, 71, 5, 51
1734, 718, 220, 35, 218, 5, 51
1735, 390, 90, 11, 88, 5, 51
1736, 288, 16, 2, 14, 5, 51
1737, 214, 7, 1, 5, 5, 51
1738, 261, 14, 1, 9, 5, 51
1739, 211, 7, 1, 5, 5, 51
1740, 374, 61, 9, 60, 5, 51
1741, 650, 118, 14, 116, 5, 51
1742, 1024, 503, 95, 502, 5, 51
1743, 362, 21, 3, 19, 5, 51
1744, 300, 12, 2, 10, 5, 51
1745, 435, 48, 7, 43, 5, 51
1746, 468, 128, 22, 127, 5, 51
1747, 556, 179, 28, 177, 5, 51
1748, 229, 5, 0, 0, 5, 51
1749, 182, 5, 0, 0, 5, 51
1750, 571, 204, 39, 203, 5, 51
1751, 453, 80, 13, 79, 5, 51
1752, 284, 20, 3, 18, 5, 51
1753, 488, 90, 11, 88, 5, 51
1754, 270, 7, 1, 5, 5, 51
1755, 321, 23, 2, 18, 5, 51
1756, 287, 18, 2, 15, 5, 51
1757, 487, 119, 21, 118, 5, 51
1758, 258, 7, 1, 5, 5, 51
1759, 289, 11, 2, 10, 5, 51
1760, 273, 7, 1, 5, 5, 51
1761, 270, 7, 1, 5, 5, 51
1762, 345, 43, 5, 41, 5, 51
1763, 292, 23, 2, 18, 5, 51
1764, 267, 7, 1, 5, 5, 51
1765, 264, 7, 1, 5, 5, 51
1766, 297, 25, 4, 23, 5, 51
1767, 273, 14, 1, 9, 5, 51
1768, 273, 7, 1, 5, 5, 51
1769, 272, 7, 1, 5, 5, 51
1770, 269, 7, 1, 5, 5, 51
1771, 270, 7, 1, 5, 5, 51
1772, 201, 5, 0, 0, 5, 51
1773, 550, 138, 23, 137, 5, 51
1774, 524, 133, 19, 131, 5, 51
1775, 328, 14, 2, 12, 5, 51
1776, 248, 5, 0, 0, 5, 51
1777, 329, 13, 2, 11, 5, 51
1778, 249, 5, 0, 0, 5, 51
1779, 249, 5, 0, 0, 5, 51
1780, 237, 5, 0, 0, 5, 51
1781, 349, 16, 2, 14, 5, 51
1782, 288, 13, 2, 11, 5, 51
1783, 244, 5, 0, 0, 5, 51
1784, 239, 7, 1, 5, 5, 51
1785, 258, 12, 2, 10, 5, 51
1786, 250, 7, 1, 5, 5, 51
1787, 347, 44, 6, 42, 5, 51
1788, 252, 7, 1, 5, 5, 51
1789, 251, 7, 1, 5, 5, 51
1790, 249, 7, 1, 5, 5, 51
1791, 249, 5, 0, 0, 5, 51
1792, 249, 9, 2, 7, 5, 51
1793, 231, 7, 1, 5, 5, 51
1794, 231, 7, 1, 5, 5, 51
1795, 525, 107, 14, 105, 5, 51
1796, 464, 64, 8, 62, 5, 51
1797, 576, 118, 14, 116, 5, 51
1798, 232, 5, 0, 0, 5, 51
1799, 396, 38, 6, 36, 5, 51
1800, 647, 163, 21, 161, 5, 51
1801, 400, 32, 3, 27, 5, 51
1802, 272, 16, 2, 14, 5, 51
1803, 269, 10, 2, 8, 5, 51
1804, 294, 16, 2, 14, 5, 51
1805, 588, 114, 16, 113, 5, 51
1806, 322, 45, 7, 44, 5, 51
1807, 591, 150, 18, 148, 5, 51
1808, 682, 124, 18, 122, 5, 51
1809, 542, 130, 17, 128, 5, 51
1810, 607, 132, 18, 130, 5, 51
1811, 304, 7, 1, 5, 5, 51
1812, 300, 16, 2, 14, 5, 51
1813, 321, 25, 3, 23, 5, 51
1814, 262, 7, 1, 5, 5, 51
1815, 383, 32, 4, 30, 5, 51
1816, 333, 14, 1, 9, 5, 51
1817, 491, 80, 10, 78, 5, 51
1818, 513, 92, 10, 90, 5, 51
1819, 574, 91, 11, 89, 5, 51
1820, 727, 307, 45, 306, 5, 51
1821, 603, 147, 21, 146, 5, 51
1822, 494, 98, 13, 96, 5, 51
1823, 608, 148, 19, 146, 5, 51
1824, 766, 246, 38, 244, 5, 51
1825, 665, 272, 41, 271, 5, 51
1826, 526, 102, 13, 100, 5, 51
1827, 507, 91, 15, 89, 5, 51
1828, 354, 16, 2, 14, 5, 51
1829, 371, 25, 4, 23, 5, 51
1830, 621, 103, 12, 102, 5, 51
1831, 608, 132, 16, 130, 5, 51
1832, 282, 7, 1, 5, 5, 51
1833, 381, 22, 3, 20, 5, 51
1834, 278, 5, 0, 0, 5, 51
1835, 276, 7, 1, 5, 5, 51
1836, 271, 7, 1, 5, 5, 51
1837, 281, 5, 0, 0, 5, 51
1838, 315, 18, 2, 15, 5, 51
1839, 274, 7, 1, 5, 5, 51
1840, 304, 11, 2, 9, 5, 51
1841, 271, 7, 1, 5, 5, 51
1842, 272, 10, 2, 8, 5, 51
1843, 353, 44, 5, 41, 5, 51
1844, 404, 16, 2, 14, 5, 51
1845, 472, 31, 4, 29, 5, 51
1846, 109, 5, 0, 0, 5, 51
1847, 106, 5, 0, 0, 5, 51
1848, 310, 27, 5, 25, 5, 51
1849, 212, 22, 4, 20, 5, 51
1850, 111, 10, 1, 8, 5, 51
1851, 111, 9, 2, 7, 5, 51
1852, 96, 7, 1, 5, 5, 51
1853, 110, 7, 1, 5, 5, 51
1854, 108, 7, 1, 5, 5, 51
1855, 110, 7, 1, 5, 5, 51
1856, 110, 7, 1, 5, 5, 51
1857, 66, 7, 1, 5, 5, 51
1858, 230, 5, 0, 0, 5, 51
1859, 220, 7, 1, 5, 5, 51
1860, 230, 11, 2, 9, 5, 51
1861, 219, 7, 1, 5, 5, 51
1862, 221, 14, 2, 12, 5, 51
1863, 226, 7, 1, 5, 5, 51
1864, 226, 10, 1, 8, 5, 51
1865, 227, 7, 1, 5, 5, 51
1866, 227, 7, 1, 5, 5, 51
1867, 245, 11, 1, 6, 5, 51
1868, 223, 7, 1, 5, 5, 51
1869, 287, 16, 2, 14, 5, 51
1870, 151, 7, 1, 5, 5, 51
1871, 336, 34, 6, 32, 5, 51
1872, 140, 7, 1, 5, 5, 51
1873, 140, 8, 1, 7, 5, 51
1874, 382, 44, 7, 43, 5, 51
1875, 329, 25, 4, 23, 5, 51
1876, 318, 42, 7, 41, 5, 51
1877, 374, 39, 4, 34, 5, 51
1878, 541, 73, 9, 71, 5, 51
1879, 530, 134, 19, 133, 5, 51
1880, 552, 157, 23, 156, 5, 51
1881, 215, 7, 1, 5, 5, 51
1882, 199, 7, 1, 5, 5, 51
1883, 196, 7, 1, 5, 5, 51
1884, 216, 13, 2, 11, 5, 51
1885, 196, 7, 1, 5, 5, 51
1886, 194, 7, 1, 5, 5, 51
1887, 194, 7, 1, 5, 5, 51
1888, 215, 19, 3, 17, 5, 51
1889, 565, 62, 9, 60, 5, 51
1890, 626, 86, 11, 84, 5, 51
1891, 358, 11, 1, 6, 5, 51
1892, 843, 232, 33, 230, 5, 51
1893, 593, 94, 11, 89, 5, 51
1894, 226, 7, 1, 5, 5, 51
1895, 185, 7, 1, 5, 5, 51
1896, 180, 5, 0, 0, 5, 51
1897, 198, 15, 3, 13, 5, 51
1898, 197, 14, 1, 9, 5, 51
1899, 206, 23, 5, 21, 5, 51
1900, 228, 47, 11, 45, 5, 51
1901, 345, 50, 9, 48, 5, 51
1902, 213, 21, 4, 19, 5, 51
1903, 188, 13, 2, 11, 5, 51
1904, 174, 7, 1, 5, 5, 51
1905, 185, 7, 1, 5, 5, 51
1906, 185, 5, 0, 0, 5, 51
1907, 185, 7, 1, 5, 5, 51
1908, 10, 7, 1, 5, 5, 51
1909, 278, 14, 2, 13, 5, 51
1910, 105, 7, 1, 5, 5, 51
1911, 295, 22, 3, 20, 5, 51
1912, 284, 11, 1, 6, 5, 51
1913, 211, 7, 1, 5, 5, 51
1914, 244, 11, 1, 6, 5, 51
1915, 253, 21, 4, 19, 5, 51
1916, 220, 5, 0, 0, 5, 51
1917, 213, 7, 1, 5, 5, 51
1918, 211, 5, 0, 0, 5, 51
1919, 218, 7, 1, 5, 5, 51
1920, 217, 7, 1, 5, 5, 51
1921, 216, 7, 1, 5, 5, 51
1922, 218, 12, 2, 10, 5, 51
1923, 219, 14, 3, 13, 5, 51
1924, 254, 10, 2, 9, 5, 51
1925, 204, 7, 1, 5, 5, 51
1926, 243, 22, 3, 20, 5, 51
1927, 180, 7, 1, 5, 5, 51
1928, 180, 7, 1, 5, 5, 51
1929, 287, 36, 5, 31, 5, 51
1930, 226, 8, 1, 7, 5, 51
1931, 107, 9, 2, 7, 5, 51
1932, 95, 7, 1, 5, 5, 51
1933, 108, 13, 2, 11, 5, 51
1934, 242, 13, 2, 11, 5, 51
1935, 222, 5, 0, 0, 5, 51
1936, 270, 15, 3, 13, 5, 51
1937, 209, 7, 1, 5, 5, 51
1938, 197, 7, 1, 5, 5, 51
1939, 195, 7, 1, 5, 5, 51
1940, 236, 22, 3, 20, 5, 51
1941, 349, 58, 8, 54, 5, 51
1942, 198, 7, 1, 5, 5, 51
1943, 194, 7, 1, 5, 5, 51
1944, 193, 7, 1, 5, 5, 51
1945, 220, 21, 4, 19, 5, 51
1946, 210, 13, 2, 11, 5, 51
1947, 232, 13, 2, 12, 5, 51
1948, 65, 7, 1, 5, 5, 51
1949, 229, 11, 3, 9, 5, 51
1950, 238, 13, 2, 11, 5, 51
1951, 306, 24, 3, 19, 5, 51
1952, 298, 20, 2, 15, 5, 51
1953, 188, 15, 2, 14, 5, 51
1954, 336, 50, 12, 45, 5, 51
1955, 183, 7, 1, 5, 5, 51
1956, 323, 22, 3, 20, 5, 51
1957, 325, 42, 7, 41, 5, 51
1958, 351, 61, 11, 60, 5, 51
1959, 394, 127, 27, 125, 5, 51
1960, 464, 114, 24, 112, 5, 51
1961, 211, 5, 0, 0, 5, 51
1962, 225, 20, 3, 19, 5, 51
1963, 298, 53, 8, 51, 5, 51
1964, 204, 5, 0, 0, 5, 51
1965, 298, 24, 4, 22, 5, 51
1966, 350, 91, 16, 89, 5, 51
1967, 284, 26, 3, 21, 5, 51
1968, 297, 26, 4, 25, 5, 51
1969, 331, 35, 6, 34, 5, 51
1970, 240, 16, 2, 15, 5, 51
1971, 357, 28, 4, 26, 5, 51
1972, 325, 34, 6, 33, 5, 51
1973, 295, 22, 4, 21, 5, 51
1974, 296, 20, 3, 18, 5, 51
1975, 288, 5, 0, 0, 5, 51
1976, 615, 93, 16, 92, 5, 51
1977, 401, 50, 7, 49, 5, 51
1978, 258, 7, 1, 5, 5, 51
1979, 263, 11, 2, 9, 5, 51
1980, 259, 7, 1, 5, 5, 51
1981, 394, 39, 6, 37, 5, 51
1982, 706, 150, 31, 148, 5, 51
1983, 326, 13, 2, 11, 5, 51
1984, 239, 7, 1, 5, 5, 51
1985, 331, 27, 5, 25, 5, 51
1986, 238, 5, 0, 0, 5, 51
1987, 325, 15, 3, 13, 5, 51
1988, 309, 13, 2, 11, 5, 51
1989, 274, 22, 3, 20, 5, 51
1990, 303, 31, 7, 30, 5, 51
1991, 243, 17, 3, 16, 5, 51
1992, 328, 25, 4, 24, 5, 51
1993, 231, 7, 1, 5, 5, 51
1994, 349, 42, 8, 40, 5, 51
1995, 285, 11, 1, 6, 5, 51
1996, 257, 15, 3, 13, 5, 51
1997, 377, 63, 10, 61, 5, 51
1998, 244, 5, 0, 0, 5, 51
1999, 319, 53, 15, 52, 5, 51
2000, 234, 7, 1, 5, 5, 51
2001, 264, 37, 5, 35, 5, 51
2002, 232, 5, 0, 0, 5, 51
2003, 211, 7, 1, 5, 5, 51
2004, 365, 77, 12, 76, 5, 51
2005, 287, 22, 3, 20, 5, 51
2006, 260, 7, 1, 5, 5, 51
2007, 261, 7, 1, 5, 5, 51
2008, 358, 55, 8, 53, 5, 51
2009, 262, 7, 1, 5, 5, 51
2010, 227, 5, 0, 0, 5, 51
2011, 258, 5, 0, 0, 5, 51
2012, 259, 9, 2, 7, 5, 51
2013, 255, 5, 0, 0, 5, 51
2014, 258, 9, 2, 7, 5, 51
2015, 258, 13, 1, 9, 5, 51
2016, 255, 15, 2, 12, 5, 51
2017, 269, 9, 2, 7, 5, 51
2018, 262, 7, 1, 5, 5, 51
2019, 276, 16, 2, 14, 5, 51
2020, 262, 7, 1, 5, 5, 51
2021, 259, 7, 1, 5, 5, 51
2022, 268, 16, 2, 14, 5, 51
2023, 299, 32, 5, 31, 5, 51
2024, 262, 7, 1, 5, 5, 51
2025, 201, 7, 1, 5, 5, 51
2026, 180, 5, 0, 0, 5, 51
2027, 109, 7, 1, 5, 5, 51
2028, 379, 107, 23, 106, 5, 51
2029, 111, 5, 0, 0, 5, 51
2030, 111, 5, 0, 0, 5, 51
2031, 555, 130, 21, 128, 5, 51
2032, 113, 7, 1, 5, 5, 51
2033, 115, 13, 3, 11, 5, 51
2034, 239, 27, 8, 25, 5, 51
2035, 219, 25, 5, 24, 5, 51
2036, 97, 7, 1, 5, 5, 51
2037, 177, 7, 1, 5, 5, 51
2038, 199, 13, 2, 11, 5, 51
2039, 188, 7, 1, 5, 5, 51
2040, 174, 10, 1, 8, 5, 51
2041, 172, 7, 1, 5, 5, 51
2042, 342, 41, 5, 39, 5, 51
2043, 427, 56, 8, 55, 5, 51
2044, 176, 7, 1, 5, 5, 51
2045, 169, 7, 1, 5, 5, 51
2046, 158, 13, 2, 11, 5, 51
2047, 207, 7, 1, 5, 5, 51
2048, 201, 7, 1, 5, 5, 51
2049, 201, 5, 0, 0, 5, 51
2050, 196, 7, 1, 5, 5, 51
2051, 209, 5, 0, 0, 5, 51
2052, 209, 5, 0, 0, 5, 51
2053, 209, 10, 2, 9, 5, 51
2054, 471, 34, 4, 32, 5, 51
2055, 179, 31, 7, 30, 5, 51
2056, 180, 22, 3, 20, 5, 51
2057, 254, 84, 21, 83, 5, 51
2058, 288, 52, 7, 50, 5, 51
2059, 195, 25, 4, 23, 5, 51
2060, 262, 59, 10, 56, 5, 51
2061, 200, 23, 3, 21, 5, 51
2062, 174, 21, 3, 19, 5, 51
2063, 190, 25, 3, 23, 5, 51
2064, 161, 7, 1, 5, 5, 51
2065, 190, 25, 3, 23, 5, 51
2066, 89, 5, 0, 0, 5, 51
2067, 198, 32, 5, 30, 5, 51
2068, 91, 10, 2, 8, 5, 51
2069, 75, 7, 1, 5, 5, 51
2070, 76, 5, 0, 0, 5, 51
2071, 78, 9, 2, 7, 5, 51
2072, 76, 5, 0, 0, 5, 51
2073, 127, 9, 2, 7, 5, 51
2074, 38, 7, 1, 5, 5, 51
2075, 121, 7, 1, 5, 5, 51
2076, 116, 7, 1, 5, 5, 51
2077, 115, 7, 1, 5, 5, 51
2078, 86, 5, 0, 0, 5, 51
2079, 125, 20, 4, 18, 5, 51
2080, 171, 38, 7, 37, 5, 51
2081, 96, 12, 3, 11, 5, 51
2082, 97, 7, 1, 5, 5, 51
2083, 99, 11, 2, 9, 5, 51
2084, 187, 22, 3, 21, 5, 51
2085, 260, 76, 14, 74, 5, 51
2086, 90, 16, 2, 14, 5, 51
2087, 269, 37, 5, 35, 5, 51
2088, 213, 22, 3, 20, 5, 51
2089, 193, 17, 2, 12, 5, 51
2090, 194, 20, 3, 19, 5, 51
2091, 93, 7, 1, 5, 5, 51
2092, 225, 36, 5, 34, 5, 51
2093, 314, 64, 8, 62, 5, 51
2094, 120, 5, 0, 0, 5, 51
2095, 341, 116, 15, 113, 5, 51
2096, 382, 96, 12, 95, 5, 51
2097, 107, 5, 0, 0, 5, 51
2098, 104, 9, 2, 7, 5, 51
2099, 83, 5, 0, 0, 5, 51
2100, 89, 7, 1, 5, 5, 51
2101, 370, 71, 15, 70, 5, 51
2102, 50, 7, 1, 5, 5, 51
2103, 53, 10, 1, 8, 5, 51
2104, 245, 57, 15, 56, 5, 51
2105, 54, 8, 1, 7, 5, 51
2106, 78, 10, 2, 9, 5, 51
2107, 74, 7, 1, 5, 5, 51
2108, 177, 5, 0, 0, 5, 51
2109, 142, 7, 1, 5, 5, 51
2110, 187, 11, 1, 6, 5, 51
2111, 189, 11, 1, 6, 5, 51
2112, 197, 33, 6, 31, 5, 51
2113, 87, 7, 1, 5, 5, 51
2114, 70, 7, 1, 5, 5, 51
2115, 211, 28, 4, 26, 5, 51
2116, 201, 15, 3, 13, 5, 51
2117, 205, 30, 6, 28, 5, 51
2118, 95, 5, 0, 0, 5, 51
2119, 99, 9, 2, 7, 5, 51
2120, 75, 7, 1, 5, 5, 51
2121, 76, 5, 0, 0, 5, 51
2122, 79, 5, 0, 0, 5, 51
2123, 222, 28, 4, 23, 5, 51
2124, 78, 5, 0, 0, 5, 51
2125, 265, 34, 7, 33, 5, 51
2126, 233, 44, 9, 39, 5, 51
2127, 261, 48, 7, 45, 5, 51
2128, 185, 5, 0, 0, 5, 51
2129, 182, 11, 3, 9, 5, 51
2130, 196, 16, 2, 14, 5, 51
2131, 149, 7, 1, 5, 5, 51
2132, 295, 58, 11, 56, 5, 51
2133, 156, 7, 1, 5, 5, 51
2134, 259, 45, 6, 42, 5, 51
2135, 150, 5, 0, 0, 5, 51
2136, 148, 7, 1, 5, 5, 51
2137, 125, 7, 1, 5, 5, 51
2138, 171, 5, 0, 0, 5, 51
2139, 184, 20, 2, 15, 5, 51
2140, 256, 38, 7, 37, 5, 51
2141, 172, 13, 4, 11, 5, 51
2142, 154, 7, 1, 5, 5, 51
2143, 179, 12, 1, 9, 5, 51
2144, 176, 9, 2, 7, 5, 51
2145, 175, 9, 2, 7, 5, 51
2146, 287, 81, 21, 79, 5, 51
2147, 155, 5, 0, 0, 5, 51
2148, 155, 9, 2, 7, 5, 51
2149, 157, 13, 2, 11, 5, 51
2150, 152, 7, 1, 5, 5, 51
2151, 170, 5, 0, 0, 5, 51
2152, 263, 54, 14, 53, 5, 51
2153, 294, 73, 11, 72, 5, 51
2154, 170, 7, 1, 5, 5, 51
2155, 182, 30, 7, 28, 5, 51
2156, 273, 49, 8, 46, 5, 51
2157, 334, 69, 11, 67, 5, 51
2158, 127, 7, 1, 5, 5, 51
2159, 69, 10, 2, 9, 5, 51
2160, 71, 5, 0, 0, 5, 51
2161, 68, 7, 1, 5, 5, 51
2162, 227, 27, 4, 25, 5, 51
2163, 332, 80, 13, 78, 5, 51
2164, 289, 86, 14, 82, 5, 51
2165, 279, 64, 13, 63, 5, 51
2166, 163, 32, 4, 27, 5, 51
2167, 240, 28, 4, 26, 5, 51
2168, 183, 32, 4, 27, 5, 51
2169, 259, 39, 6, 34, 5, 51
2170, 154, 7, 1, 5, 5, 51
2171, 66, 7, 1, 5, 5, 51
2172, 86, 14, 1, 9, 5, 51
2173, 202, 13, 2, 11, 5, 51
2174, 158, 5, 0, 0, 5, 51
2175, 160, 7, 1, 5, 5, 51
2176, 134, 7, 1, 5, 5, 51
2177, 133, 5, 0, 0, 5, 51
2178, 249, 33, 5, 31, 5, 51
2179, 263, 22, 3, 20, 5, 51
2180, 98, 15, 3, 14, 5, 51
2181, 93, 9, 2, 7, 5, 51
2182, 104, 11, 1, 6, 5, 51
2183, 102, 7, 1, 5, 5, 51
2184, 107, 22, 3, 20, 5, 51
2185, 108, 19, 4, 17, 5, 51
2186, 93, 7, 1, 5, 5, 51
2187, 69, 5, 0, 0, 5, 51
2188, 189, 29, 9, 28, 5, 51
2189, 132, 7, 1, 5, 5, 51
2190, 63, 5, 0, 0, 5, 51
2191, 181, 28, 4, 23, 5, 51
2192, 299, 101, 23, 99, 5, 51
2193, 69, 14, 1, 9, 5, 51
2194, 117, 16, 2, 14, 5, 51
2195, 114, 7, 1, 5, 5, 51
2196, 88, 7, 1, 5, 5, 51
2197, 113, 14, 1, 9, 5, 51
2198, 87, 7, 1, 5, 5, 51
2199, 6, 4, 0, 0, 4, 51
