cliques
135
node 0	AtA: 14858	cholCost: 0	addCost: 4072	backsolveCost: 16310
node 1	AtA: 12236	cholCost: 0	addCost: 2200	backsolveCost: 16002
node 2	AtA: 14858	cholCost: 0	addCost: 4072	backsolveCost: 16310
node 3	AtA: 12236	cholCost: 0	addCost: 2200	backsolveCost: 16002
node 4	AtA: 12236	cholCost: 0	addCost: 2200	backsolveCost: 16002
node 5	AtA: 12236	cholCost: 0	addCost: 2200	backsolveCost: 16002
node 6	AtA: 14858	cholCost: 0	addCost: 4072	backsolveCost: 16310
node 7	AtA: 12236	cholCost: 0	addCost: 2200	backsolveCost: 16002
node 8	AtA: 12236	cholCost: 0	addCost: 2200	backsolveCost: 16002
node 9	AtA: 12236	cholCost: 0	addCost: 2200	backsolveCost: 16002
node 10	AtA: 12236	cholCost: 0	addCost: 2200	backsolveCost: 16002
node 11	AtA: 12236	cholCost: 0	addCost: 2200	backsolveCost: 16002
node 12	AtA: 12236	cholCost: 0	addCost: 2200	backsolveCost: 16002
node 13	AtA: 12236	cholCost: 0	addCost: 2200	backsolveCost: 16002
node 14	AtA: 12236	cholCost: 0	addCost: 2200	backsolveCost: 16002
node 15	AtA: 14858	cholCost: 0	addCost: 4072	backsolveCost: 16310
node 16	AtA: 14858	cholCost: 0	addCost: 4072	backsolveCost: 16310
node 17	AtA: 9614	cholCost: 0	addCost: 6808	backsolveCost: 16695
node 18	AtA: 14858	cholCost: 0	addCost: 4072	backsolveCost: 16310
node 19	AtA: 9614	cholCost: 0	addCost: 6808	backsolveCost: 16695
node 20	AtA: 14858	cholCost: 0	addCost: 4888	backsolveCost: 16464
node 21	AtA: 13984	cholCost: 0	addCost: 3352	backsolveCost: 24523
node 22	AtA: 16606	cholCost: 0	addCost: 5800	backsolveCost: 24927
node 23	AtA: 13110	cholCost: 0	addCost: 6808	backsolveCost: 16695
node 24	AtA: 7866	cholCost: 0	addCost: 11800	backsolveCost: 17157
node 25	AtA: 6992	cholCost: 0	addCost: 11800	backsolveCost: 17157
node 26	AtA: 20976	cholCost: 0	addCost: 4888	backsolveCost: 31323
node 27	AtA: 20976	cholCost: 0	addCost: 4888	backsolveCost: 31323
node 28	AtA: 20976	cholCost: 0	addCost: 4888	backsolveCost: 31323
node 29	AtA: 13110	cholCost: 0	addCost: 7912	backsolveCost: 16772
node 30	AtA: 14858	cholCost: 0	addCost: 4888	backsolveCost: 16464
node 31	AtA: 14858	cholCost: 0	addCost: 4888	backsolveCost: 16464
node 32	AtA: 16606	cholCost: 0	addCost: 9112	backsolveCost: 32001
node 33	AtA: 14858	cholCost: 0	addCost: 4888	backsolveCost: 16464
node 34	AtA: 7866	cholCost: 0	addCost: 10408	backsolveCost: 25533
node 35	AtA: 13984	cholCost: 0	addCost: 10408	backsolveCost: 51833
node 36	AtA: 14858	cholCost: 0	addCost: 4888	backsolveCost: 16464
node 37	AtA: 18354	cholCost: 0	addCost: 4888	backsolveCost: 24826
node 38	AtA: 13110	cholCost: 0	addCost: 11800	backsolveCost: 17157
node 39	AtA: 13984	cholCost: 0	addCost: 13288	backsolveCost: 17234
node 40	AtA: 6118	cholCost: 0	addCost: 6808	backsolveCost: 16695
node 41	AtA: 12236	cholCost: 0	addCost: 6808	backsolveCost: 16695
node 42	AtA: 6118	cholCost: 0	addCost: 11800	backsolveCost: 32340
node 43	AtA: 14858	cholCost: 0	addCost: 4072	backsolveCost: 16310
node 44	AtA: 14858	cholCost: 0	addCost: 4072	backsolveCost: 16310
node 45	AtA: 15732	cholCost: 0	addCost: 10408	backsolveCost: 25533
node 46	AtA: 6992	cholCost: 0	addCost: 11800	backsolveCost: 17157
node 47	AtA: 14858	cholCost: 0	addCost: 4072	backsolveCost: 16310
node 48	AtA: 14858	cholCost: 0	addCost: 4072	backsolveCost: 16310
node 49	AtA: 14858	cholCost: 0	addCost: 4072	backsolveCost: 16310
node 50	AtA: 14858	cholCost: 0	addCost: 4072	backsolveCost: 16310
node 51	AtA: 6992	cholCost: 0	addCost: 16552	backsolveCost: 26139
node 52	AtA: 14858	cholCost: 0	addCost: 4072	backsolveCost: 16310
node 53	AtA: 17480	cholCost: 0	addCost: 13288	backsolveCost: 32453
node 54	AtA: 6992	cholCost: 0	addCost: 18328	backsolveCost: 17619
node 55	AtA: 18354	cholCost: 0	addCost: 5800	backsolveCost: 24927
node 56	AtA: 18354	cholCost: 0	addCost: 4072	backsolveCost: 24624
node 57	AtA: 21850	cholCost: 0	addCost: 5800	backsolveCost: 31436
node 58	AtA: 13984	cholCost: 0	addCost: 4072	backsolveCost: 16310
node 59	AtA: 13984	cholCost: 0	addCost: 22168	backsolveCost: 53472
node 60	AtA: 14858	cholCost: 0	addCost: 4072	backsolveCost: 16310
node 61	AtA: 12236	cholCost: 0	addCost: 6808	backsolveCost: 16695
node 62	AtA: 12236	cholCost: 0	addCost: 18328	backsolveCost: 44428
node 63	AtA: 18354	cholCost: 0	addCost: 4888	backsolveCost: 24826
node 64	AtA: 14858	cholCost: 0	addCost: 4072	backsolveCost: 16310
node 65	AtA: 18354	cholCost: 0	addCost: 4888	backsolveCost: 24826
node 66	AtA: -1	cholCost: 0	addCost: -1	backsolveCost: 17388
node 67	AtA: 20976	cholCost: 0	addCost: 4888	backsolveCost: 31323
node 68	AtA: 16606	cholCost: 0	addCost: 13288	backsolveCost: 32453
node 69	AtA: 14858	cholCost: 0	addCost: 4888	backsolveCost: 16464
node 70	AtA: 14858	cholCost: 0	addCost: 4072	backsolveCost: 16310
node 71	AtA: 15732	cholCost: 0	addCost: 10408	backsolveCost: 25533
node 72	AtA: 21850	cholCost: 0	addCost: 5800	backsolveCost: 31436
node 73	AtA: 11362	cholCost: 0	addCost: 14872	backsolveCost: 17388
node 74	AtA: 10488	cholCost: 0	addCost: 10408	backsolveCost: 17003
node 75	AtA: 13984	cholCost: 0	addCost: 7912	backsolveCost: 16772
node 76	AtA: 12236	cholCost: 0	addCost: 5800	backsolveCost: 16541
node 77	AtA: 13110	cholCost: 0	addCost: 7912	backsolveCost: 16772
node 78	AtA: 16606	cholCost: 0	addCost: 9112	backsolveCost: 25432
node 79	AtA: 6118	cholCost: 0	addCost: 41368	backsolveCost: 27856
node 80	AtA: 21850	cholCost: 0	addCost: 5800	backsolveCost: 31436
node 81	AtA: 17480	cholCost: 0	addCost: 4072	backsolveCost: 24624
node 82	AtA: 7866	cholCost: 0	addCost: 13288	backsolveCost: 17234
node 83	AtA: 18354	cholCost: 0	addCost: 4072	backsolveCost: 24624
node 84	AtA: 13110	cholCost: 0	addCost: 4888	backsolveCost: 24826
node 85	AtA: 15732	cholCost: 0	addCost: 9112	backsolveCost: 25432
node 86	AtA: 6992	cholCost: 0	addCost: 16552	backsolveCost: 32792
node 87	AtA: 7866	cholCost: 0	addCost: 33448	backsolveCost: 45798
node 88	AtA: 9614	cholCost: 0	addCost: 38632	backsolveCost: 54962
node 89	AtA: 8740	cholCost: 0	addCost: 38632	backsolveCost: 54962
node 90	AtA: 9614	cholCost: 0	addCost: 38632	backsolveCost: 18620
node 91	AtA: 20976	cholCost: 0	addCost: 4888	backsolveCost: 31323
node 92	AtA: -1	cholCost: 0	addCost: -1	backsolveCost: 17465
node 93	AtA: 12236	cholCost: 0	addCost: 6808	backsolveCost: 16695
node 94	AtA: 9614	cholCost: 0	addCost: 6808	backsolveCost: 16695
node 95	AtA: -1	cholCost: 0	addCost: -1	backsolveCost: 25129
node 96	AtA: 17480	cholCost: 0	addCost: 3352	backsolveCost: 24523
node 97	AtA: 11362	cholCost: 0	addCost: 11800	backsolveCost: 25735
node 98	AtA: 3384	cholCost: 0	addCost: 13288	backsolveCost: 17234
node 99	AtA: 4370	cholCost: 0	addCost: 28648	backsolveCost: 18158
node 100	AtA: 9614	cholCost: 0	addCost: 28648	backsolveCost: 18158
node 101	AtA: 17480	cholCost: 0	addCost: 4072	backsolveCost: 24624
node 102	AtA: 12236	cholCost: 0	addCost: 5800	backsolveCost: 16541
node 103	AtA: 9614	cholCost: 0	addCost: 5800	backsolveCost: 16541
node 104	AtA: 18354	cholCost: 0	addCost: 4072	backsolveCost: 24624
node 105	AtA: 13110	cholCost: 0	addCost: 7912	backsolveCost: 16772
node 106	AtA: 6992	cholCost: 0	addCost: 10408	backsolveCost: 25533
node 107	AtA: 9614	cholCost: 0	addCost: 10408	backsolveCost: 17003
node 108	AtA: 6118	cholCost: 0	addCost: 14872	backsolveCost: 17388
node 109	AtA: 15732	cholCost: 0	addCost: 9112	backsolveCost: 25432
node 110	AtA: 10488	cholCost: 0	addCost: 10408	backsolveCost: 17003
node 111	AtA: 14858	cholCost: 0	addCost: 10408	backsolveCost: 32114
node 112	AtA: 9614	cholCost: 0	addCost: 10408	backsolveCost: 17003
node 113	AtA: 11362	cholCost: 0	addCost: 14872	backsolveCost: 32679
node 114	AtA: -1	cholCost: 0	addCost: -1	backsolveCost: 27250
node 115	AtA: -1	cholCost: 0	addCost: -1	backsolveCost: 54366
node 116	AtA: -1	cholCost: 0	addCost: -1	backsolveCost: 81155
node 117	AtA: -1	cholCost: 0	addCost: -1	backsolveCost: 96934
node 118	AtA: 12236	cholCost: 0	addCost: 2200	backsolveCost: 16002
node 119	AtA: 11362	cholCost: 0	addCost: 6808	backsolveCost: 25129
node 120	AtA: 10488	cholCost: 0	addCost: 6808	backsolveCost: 16695
node 121	AtA: 9614	cholCost: 0	addCost: 6808	backsolveCost: 16695
node 122	AtA: -1	cholCost: 0	addCost: -1	backsolveCost: 16310
node 123	AtA: 18354	cholCost: 0	addCost: 4888	backsolveCost: 24826
node 124	AtA: 8740	cholCost: 0	addCost: 16552	backsolveCost: 26139
node 125	AtA: 20102	cholCost: 0	addCost: 4072	backsolveCost: 31097
node 126	AtA: 5244	cholCost: 0	addCost: 10408	backsolveCost: 17003
node 127	AtA: 12236	cholCost: 0	addCost: 18328	backsolveCost: 53025
node 128	AtA: 13110	cholCost: 169177	addCost: 41368	backsolveCost: 110178
node 129	AtA: 7866	cholCost: 112830	addCost: 41368	backsolveCost: 46483
node 130	AtA: 17480	cholCost: 217765	addCost: 41368	backsolveCost: 183528
node 131	AtA: 24472	cholCost: 110341	addCost: 16552	backsolveCost: 269105
node 132	AtA: 24472	cholCost: 3072	addCost: 1192	backsolveCost: 260345
node 133	AtA: 6870	cholCost: 16194	addCost: 1000	backsolveCost: 10977
node 134	AtA: -1	cholCost: 0	addCost: -1	backsolveCost: 1561

