cliques
51
node 0	AtA: 14858	cholCost: 0	addCost: 4072	backsolveCost: 16310
node 1	AtA: 12236	cholCost: 0	addCost: 2200	backsolveCost: 16002
node 2	AtA: 14858	cholCost: 0	addCost: 4072	backsolveCost: 16310
node 3	AtA: 12236	cholCost: 0	addCost: 2200	backsolveCost: 16002
node 4	AtA: 12236	cholCost: 0	addCost: 2200	backsolveCost: 16002
node 5	AtA: 12236	cholCost: 0	addCost: 2200	backsolveCost: 16002
node 6	AtA: 14858	cholCost: 0	addCost: 4072	backsolveCost: 16310
node 7	AtA: 12236	cholCost: 0	addCost: 2200	backsolveCost: 16002
node 8	AtA: 12236	cholCost: 0	addCost: 2200	backsolveCost: 16002
node 9	AtA: 12236	cholCost: 0	addCost: 2200	backsolveCost: 16002
node 10	AtA: 12236	cholCost: 0	addCost: 2200	backsolveCost: 16002
node 11	AtA: 12236	cholCost: 0	addCost: 2200	backsolveCost: 16002
node 12	AtA: 12236	cholCost: 0	addCost: 2200	backsolveCost: 16002
node 13	AtA: 12236	cholCost: 0	addCost: 2200	backsolveCost: 16002
node 14	AtA: 12236	cholCost: 0	addCost: 2200	backsolveCost: 16002
node 15	AtA: 12236	cholCost: 0	addCost: 2200	backsolveCost: 16002
node 16	AtA: 12236	cholCost: 0	addCost: 2200	backsolveCost: 16002
node 17	AtA: 9614	cholCost: 0	addCost: 4072	backsolveCost: 16310
node 18	AtA: 12236	cholCost: 0	addCost: 2200	backsolveCost: 16002
node 19	AtA: 9614	cholCost: 0	addCost: 4072	backsolveCost: 16310
node 20	AtA: 12236	cholCost: 0	addCost: 2200	backsolveCost: 16002
node 21	AtA: 9614	cholCost: 0	addCost: 4072	backsolveCost: 16310
node 22	AtA: 12236	cholCost: 0	addCost: 2200	backsolveCost: 16002
node 23	AtA: 9614	cholCost: 0	addCost: 4072	backsolveCost: 16310
node 24	AtA: 14858	cholCost: 0	addCost: 4888	backsolveCost: 16464
node 25	AtA: 12236	cholCost: 0	addCost: 2200	backsolveCost: 16002
node 26	AtA: 9614	cholCost: 0	addCost: 4072	backsolveCost: 16310
node 27	AtA: 11362	cholCost: 0	addCost: 4888	backsolveCost: 16464
node 28	AtA: 13984	cholCost: 0	addCost: 3352	backsolveCost: 24523
node 29	AtA: 7866	cholCost: 0	addCost: 5800	backsolveCost: 16541
node 30	AtA: 12236	cholCost: 0	addCost: 2728	backsolveCost: 16079
node 31	AtA: 6992	cholCost: 0	addCost: 4888	backsolveCost: 24826
node 32	AtA: 12236	cholCost: 0	addCost: 4888	backsolveCost: 42373
node 33	AtA: 16606	cholCost: 0	addCost: 5800	backsolveCost: 24927
node 34	AtA: -1	cholCost: 0	addCost: -1	backsolveCost: 16310
node 35	AtA: -1	cholCost: 0	addCost: -1	backsolveCost: 24826
node 36	AtA: 11362	cholCost: 0	addCost: 4888	backsolveCost: 16464
node 37	AtA: 4370	cholCost: 0	addCost: 5800	backsolveCost: 16541
node 38	AtA: 8740	cholCost: 13804	addCost: 6808	backsolveCost: 25129
node 39	AtA: -1	cholCost: 0	addCost: -1	backsolveCost: 16310
node 40	AtA: -1	cholCost: 0	addCost: -1	backsolveCost: 16310
node 41	AtA: 12236	cholCost: 8268	addCost: 4072	backsolveCost: 24624
node 42	AtA: 4370	cholCost: 6708	addCost: 4072	backsolveCost: 16310
node 43	AtA: 9614	cholCost: 9048	addCost: 4072	backsolveCost: 31097
node 44	AtA: 6992	cholCost: 6708	addCost: 4072	backsolveCost: 16310
node 45	AtA: 4370	cholCost: 6708	addCost: 4072	backsolveCost: 16310
node 46	AtA: 4370	cholCost: 6708	addCost: 4072	backsolveCost: 16310
node 47	AtA: 4370	cholCost: 7728	addCost: 4888	backsolveCost: 16464
node 48	AtA: 14858	cholCost: 2208	addCost: 1192	backsolveCost: 134012
node 49	AtA: 6870	cholCost: 16194	addCost: 1000	backsolveCost: 10977
node 50	AtA: -1	cholCost: 0	addCost: -1	backsolveCost: 1561

