cliques
181
node 0	AtA: 14858	cholCost: 0	addCost: 4072	backsolveCost: 16310
node 1	AtA: 12236	cholCost: 0	addCost: 2200	backsolveCost: 16002
node 2	AtA: 14858	cholCost: 0	addCost: 4072	backsolveCost: 16310
node 3	AtA: 12236	cholCost: 0	addCost: 2200	backsolveCost: 16002
node 4	AtA: 12236	cholCost: 0	addCost: 2200	backsolveCost: 16002
node 5	AtA: 12236	cholCost: 0	addCost: 2200	backsolveCost: 16002
node 6	AtA: 14858	cholCost: 0	addCost: 4072	backsolveCost: 16310
node 7	AtA: 12236	cholCost: 0	addCost: 2200	backsolveCost: 16002
node 8	AtA: 12236	cholCost: 0	addCost: 2200	backsolveCost: 16002
node 9	AtA: 12236	cholCost: 0	addCost: 2200	backsolveCost: 16002
node 10	AtA: 12236	cholCost: 0	addCost: 2200	backsolveCost: 16002
node 11	AtA: 12236	cholCost: 0	addCost: 2200	backsolveCost: 16002
node 12	AtA: 12236	cholCost: 0	addCost: 2200	backsolveCost: 16002
node 13	AtA: 12236	cholCost: 0	addCost: 2200	backsolveCost: 16002
node 14	AtA: 12236	cholCost: 0	addCost: 2200	backsolveCost: 16002
node 15	AtA: 14858	cholCost: 0	addCost: 4072	backsolveCost: 16310
node 16	AtA: 14858	cholCost: 0	addCost: 4072	backsolveCost: 16310
node 17	AtA: 9614	cholCost: 0	addCost: 6808	backsolveCost: 16695
node 18	AtA: 14858	cholCost: 0	addCost: 4072	backsolveCost: 16310
node 19	AtA: 9614	cholCost: 0	addCost: 6808	backsolveCost: 16695
node 20	AtA: 14858	cholCost: 0	addCost: 4888	backsolveCost: 16464
node 21	AtA: 13984	cholCost: 0	addCost: 3352	backsolveCost: 24523
node 22	AtA: 16606	cholCost: 0	addCost: 5800	backsolveCost: 24927
node 23	AtA: 13110	cholCost: 0	addCost: 6808	backsolveCost: 16695
node 24	AtA: 7866	cholCost: 0	addCost: 11800	backsolveCost: 17157
node 25	AtA: 6992	cholCost: 0	addCost: 11800	backsolveCost: 17157
node 26	AtA: 20976	cholCost: 0	addCost: 4888	backsolveCost: 31323
node 27	AtA: 20976	cholCost: 0	addCost: 4888	backsolveCost: 31323
node 28	AtA: 20976	cholCost: 0	addCost: 4888	backsolveCost: 31323
node 29	AtA: 13110	cholCost: 0	addCost: 7912	backsolveCost: 16772
node 30	AtA: 14858	cholCost: 0	addCost: 4888	backsolveCost: 16464
node 31	AtA: 14858	cholCost: 0	addCost: 4888	backsolveCost: 16464
node 32	AtA: 16606	cholCost: 0	addCost: 9112	backsolveCost: 32001
node 33	AtA: 14858	cholCost: 0	addCost: 4888	backsolveCost: 16464
node 34	AtA: 7866	cholCost: 0	addCost: 10408	backsolveCost: 25533
node 35	AtA: 13984	cholCost: 0	addCost: 10408	backsolveCost: 51833
node 36	AtA: 14858	cholCost: 0	addCost: 4888	backsolveCost: 16464
node 37	AtA: 18354	cholCost: 0	addCost: 4888	backsolveCost: 24826
node 38	AtA: 13110	cholCost: 0	addCost: 11800	backsolveCost: 17157
node 39	AtA: 13984	cholCost: 0	addCost: 13288	backsolveCost: 17234
node 40	AtA: 6118	cholCost: 0	addCost: 6808	backsolveCost: 16695
node 41	AtA: 12236	cholCost: 0	addCost: 6808	backsolveCost: 16695
node 42	AtA: 6118	cholCost: 0	addCost: 11800	backsolveCost: 32340
node 43	AtA: 14858	cholCost: 0	addCost: 4072	backsolveCost: 16310
node 44	AtA: 14858	cholCost: 0	addCost: 4072	backsolveCost: 16310
node 45	AtA: 15732	cholCost: 0	addCost: 10408	backsolveCost: 25533
node 46	AtA: 6992	cholCost: 0	addCost: 11800	backsolveCost: 17157
node 47	AtA: 14858	cholCost: 0	addCost: 4072	backsolveCost: 16310
node 48	AtA: 14858	cholCost: 0	addCost: 4072	backsolveCost: 16310
node 49	AtA: 14858	cholCost: 0	addCost: 4072	backsolveCost: 16310
node 50	AtA: 14858	cholCost: 0	addCost: 4072	backsolveCost: 16310
node 51	AtA: 6992	cholCost: 0	addCost: 16552	backsolveCost: 26139
node 52	AtA: 14858	cholCost: 0	addCost: 4072	backsolveCost: 16310
node 53	AtA: 17480	cholCost: 0	addCost: 13288	backsolveCost: 32453
node 54	AtA: 6992	cholCost: 0	addCost: 18328	backsolveCost: 17619
node 55	AtA: 18354	cholCost: 0	addCost: 5800	backsolveCost: 24927
node 56	AtA: 18354	cholCost: 0	addCost: 4072	backsolveCost: 24624
node 57	AtA: 21850	cholCost: 0	addCost: 5800	backsolveCost: 31436
node 58	AtA: 13984	cholCost: 0	addCost: 4072	backsolveCost: 16310
node 59	AtA: 13984	cholCost: 0	addCost: 22168	backsolveCost: 53472
node 60	AtA: 14858	cholCost: 0	addCost: 4072	backsolveCost: 16310
node 61	AtA: 12236	cholCost: 0	addCost: 6808	backsolveCost: 16695
node 62	AtA: 12236	cholCost: 0	addCost: 18328	backsolveCost: 44428
node 63	AtA: 18354	cholCost: 0	addCost: 4888	backsolveCost: 24826
node 64	AtA: 14858	cholCost: 0	addCost: 4072	backsolveCost: 16310
node 65	AtA: 18354	cholCost: 0	addCost: 4888	backsolveCost: 24826
node 66	AtA: 8740	cholCost: 0	addCost: 14872	backsolveCost: 17388
node 67	AtA: 20976	cholCost: 0	addCost: 4888	backsolveCost: 31323
node 68	AtA: 16606	cholCost: 0	addCost: 13288	backsolveCost: 32453
node 69	AtA: 14858	cholCost: 0	addCost: 4888	backsolveCost: 16464
node 70	AtA: 14858	cholCost: 0	addCost: 4072	backsolveCost: 16310
node 71	AtA: 15732	cholCost: 0	addCost: 10408	backsolveCost: 25533
node 72	AtA: 21850	cholCost: 0	addCost: 5800	backsolveCost: 31436
node 73	AtA: 11362	cholCost: 0	addCost: 14872	backsolveCost: 17388
node 74	AtA: 10488	cholCost: 0	addCost: 10408	backsolveCost: 17003
node 75	AtA: 13984	cholCost: 0	addCost: 7912	backsolveCost: 16772
node 76	AtA: 12236	cholCost: 0	addCost: 5800	backsolveCost: 16541
node 77	AtA: 13110	cholCost: 0	addCost: 7912	backsolveCost: 16772
node 78	AtA: 16606	cholCost: 0	addCost: 9112	backsolveCost: 25432
node 79	AtA: 6118	cholCost: 0	addCost: 41368	backsolveCost: 27856
node 80	AtA: 21850	cholCost: 0	addCost: 5800	backsolveCost: 31436
node 81	AtA: 18354	cholCost: 0	addCost: 4072	backsolveCost: 24624
node 82	AtA: 20976	cholCost: 0	addCost: 4888	backsolveCost: 31323
node 83	AtA: 12236	cholCost: 0	addCost: 16552	backsolveCost: 17465
node 84	AtA: -1	cholCost: 0	addCost: -1	backsolveCost: 25129
node 85	AtA: 18354	cholCost: 0	addCost: 4072	backsolveCost: 24624
node 86	AtA: 13110	cholCost: 0	addCost: 7912	backsolveCost: 16772
node 87	AtA: 15732	cholCost: 0	addCost: 9112	backsolveCost: 25432
node 88	AtA: 13984	cholCost: 0	addCost: 35992	backsolveCost: 96934
node 89	AtA: 14858	cholCost: 0	addCost: 4072	backsolveCost: 16310
node 90	AtA: 18354	cholCost: 0	addCost: 4888	backsolveCost: 24826
node 91	AtA: 21850	cholCost: 0	addCost: 5800	backsolveCost: 31436
node 92	AtA: 6118	cholCost: 0	addCost: 24232	backsolveCost: 17927
node 93	AtA: 18354	cholCost: 0	addCost: 4888	backsolveCost: 24826
node 94	AtA: 15732	cholCost: 0	addCost: 7912	backsolveCost: 25230
node 95	AtA: 20976	cholCost: 0	addCost: 4888	backsolveCost: 31323
node 96	AtA: 17480	cholCost: 0	addCost: 4888	backsolveCost: 24826
node 97	AtA: 14858	cholCost: 0	addCost: 4072	backsolveCost: 16310
node 98	AtA: 18354	cholCost: 0	addCost: 4888	backsolveCost: 24826
node 99	AtA: 13110	cholCost: 0	addCost: 11800	backsolveCost: 25735
node 100	AtA: -1	cholCost: 0	addCost: -1	backsolveCost: 17388
node 101	AtA: 21850	cholCost: 0	addCost: 5800	backsolveCost: 31436
node 102	AtA: 14858	cholCost: 0	addCost: 4072	backsolveCost: 16310
node 103	AtA: 21850	cholCost: 0	addCost: 5800	backsolveCost: 31436
node 104	AtA: 10488	cholCost: 0	addCost: 16552	backsolveCost: 26139
node 105	AtA: 20976	cholCost: 0	addCost: 4888	backsolveCost: 31323
node 106	AtA: -1	cholCost: 0	addCost: -1	backsolveCost: 56154
node 107	AtA: 18354	cholCost: 0	addCost: 4072	backsolveCost: 24624
node 108	AtA: 18354	cholCost: 0	addCost: 4888	backsolveCost: 24826
node 109	AtA: 14858	cholCost: 0	addCost: 11800	backsolveCost: 32340
node 110	AtA: 11362	cholCost: 0	addCost: 10408	backsolveCost: 25533
node 111	AtA: 14858	cholCost: 0	addCost: 4072	backsolveCost: 16310
node 112	AtA: 18354	cholCost: 0	addCost: 4072	backsolveCost: 24624
node 113	AtA: 13110	cholCost: 0	addCost: 7912	backsolveCost: 16772
node 114	AtA: 7866	cholCost: 0	addCost: 10408	backsolveCost: 17003
node 115	AtA: 14858	cholCost: 0	addCost: 26392	backsolveCost: 68161
node 116	AtA: 18354	cholCost: 0	addCost: 4072	backsolveCost: 24624
node 117	AtA: 13110	cholCost: 0	addCost: 7912	backsolveCost: 16772
node 118	AtA: 10488	cholCost: 0	addCost: 18328	backsolveCost: 17619
node 119	AtA: 8740	cholCost: 0	addCost: 28648	backsolveCost: 27048
node 120	AtA: 13984	cholCost: 0	addCost: 4072	backsolveCost: 16310
node 121	AtA: 18354	cholCost: 0	addCost: 4072	backsolveCost: 24624
node 122	AtA: 10488	cholCost: 0	addCost: 16552	backsolveCost: 17465
node 123	AtA: 13984	cholCost: 0	addCost: 16552	backsolveCost: 17465
node 124	AtA: 12236	cholCost: 0	addCost: 31000	backsolveCost: 18312
node 125	AtA: 14858	cholCost: 0	addCost: 4072	backsolveCost: 16310
node 126	AtA: 12236	cholCost: 0	addCost: 18328	backsolveCost: 26341
node 127	AtA: 6118	cholCost: 0	addCost: 38632	backsolveCost: 17157
node 128	AtA: 14858	cholCost: 0	addCost: 4072	backsolveCost: 16310
node 129	AtA: 16606	cholCost: 6028	addCost: 3352	backsolveCost: 24523
node 130	AtA: 17480	cholCost: 13669	addCost: 5800	backsolveCost: 31436
node 131	AtA: 6118	cholCost: 113423	addCost: 53272	backsolveCost: 28462
node 132	AtA: 16606	cholCost: 0	addCost: 3352	backsolveCost: 24523
node 133	AtA: 20102	cholCost: 0	addCost: 7912	backsolveCost: 31775
node 134	AtA: 9614	cholCost: 0	addCost: 7912	backsolveCost: 16772
node 135	AtA: 6992	cholCost: 0	addCost: 13288	backsolveCost: 17234
node 136	AtA: 13984	cholCost: 0	addCost: 4072	backsolveCost: 16310
node 137	AtA: 17480	cholCost: 0	addCost: 13288	backsolveCost: 52280
node 138	AtA: 7866	cholCost: 0	addCost: 20200	backsolveCost: 26442
node 139	AtA: 9614	cholCost: 0	addCost: 24232	backsolveCost: 26745
node 140	AtA: 2422	cholCost: 0	addCost: 47128	backsolveCost: 46894
node 141	AtA: 2076	cholCost: 0	addCost: 74008	backsolveCost: 36408
node 142	AtA: 14858	cholCost: 0	addCost: 2728	backsolveCost: 24321
node 143	AtA: 14858	cholCost: 0	addCost: 4888	backsolveCost: 24826
node 144	AtA: 17480	cholCost: 0	addCost: 9112	backsolveCost: 32001
node 145	AtA: 9614	cholCost: 0	addCost: 10408	backsolveCost: 25533
node 146	AtA: -1	cholCost: 0	addCost: -1	backsolveCost: 17157
node 147	AtA: 16606	cholCost: 0	addCost: 3352	backsolveCost: 24523
node 148	AtA: 12236	cholCost: 0	addCost: 5800	backsolveCost: 16541
node 149	AtA: 14858	cholCost: 0	addCost: 9112	backsolveCost: 25432
node 150	AtA: 8740	cholCost: 0	addCost: 20200	backsolveCost: 26442
node 151	AtA: 5244	cholCost: 0	addCost: 26392	backsolveCost: 26947
node 152	AtA: 12236	cholCost: 0	addCost: 56488	backsolveCost: 56303
node 153	AtA: 8740	cholCost: 0	addCost: 53272	backsolveCost: 19236
node 154	AtA: 16606	cholCost: 0	addCost: 3352	backsolveCost: 24523
node 155	AtA: 14858	cholCost: 0	addCost: 41368	backsolveCost: 110178
node 156	AtA: 6118	cholCost: 0	addCost: 66712	backsolveCost: 29068
node 157	AtA: 13110	cholCost: 0	addCost: 98200	backsolveCost: 115482
node 158	AtA: 8740	cholCost: 0	addCost: 93928	backsolveCost: 20468
node 159	AtA: 9614	cholCost: 93014	addCost: 53272	backsolveCost: 19236
node 160	AtA: 15732	cholCost: 0	addCost: 22168	backsolveCost: 26644
node 161	AtA: 13110	cholCost: 0	addCost: 24232	backsolveCost: 26745
node 162	AtA: 16606	cholCost: 0	addCost: 3352	backsolveCost: 24523
node 163	AtA: 14858	cholCost: 0	addCost: 4888	backsolveCost: 24826
node 164	AtA: 14858	cholCost: 0	addCost: 6808	backsolveCost: 25129
node 165	AtA: 13984	cholCost: 0	addCost: 7912	backsolveCost: 16772
node 166	AtA: 9614	cholCost: 0	addCost: 6808	backsolveCost: 16695
node 167	AtA: 4370	cholCost: 0	addCost: 11800	backsolveCost: 17157
node 168	AtA: 13984	cholCost: 0	addCost: 3352	backsolveCost: 16233
node 169	AtA: 20976	cholCost: 10567	addCost: 4888	backsolveCost: 31323
node 170	AtA: 12236	cholCost: 46525	addCost: 16552	backsolveCost: 44154
node 171	AtA: 7866	cholCost: 48565	addCost: 20200	backsolveCost: 33131
node 172	AtA: 2422	cholCost: 97955	addCost: 35992	backsolveCost: 46072
node 173	AtA: 3730	cholCost: 96662	addCost: 44200	backsolveCost: 27957
node 174	AtA: 15732	cholCost: 319430	addCost: 70312	backsolveCost: 133197
node 175	AtA: 12236	cholCost: 341822	addCost: 98200	backsolveCost: 84855
node 176	AtA: 18354	cholCost: 497091	addCost: 107032	backsolveCost: 151488
node 177	AtA: 18354	cholCost: 710691	addCost: 121000	backsolveCost: 237314
node 178	AtA: 70794	cholCost: 9120	addCost: 1192	backsolveCost: 2305892
node 179	AtA: 6870	cholCost: 16194	addCost: 1000	backsolveCost: 10977
node 180	AtA: -1	cholCost: 0	addCost: -1	backsolveCost: 1561

