cliques
86
node 0	AtA: 14858	cholCost: 0	addCost: 4072	backsolveCost: 16310
node 1	AtA: 12236	cholCost: 0	addCost: 2200	backsolveCost: 16002
node 2	AtA: 14858	cholCost: 0	addCost: 4072	backsolveCost: 16310
node 3	AtA: 12236	cholCost: 0	addCost: 2200	backsolveCost: 16002
node 4	AtA: 12236	cholCost: 0	addCost: 2200	backsolveCost: 16002
node 5	AtA: 12236	cholCost: 0	addCost: 2200	backsolveCost: 16002
node 6	AtA: 14858	cholCost: 0	addCost: 4072	backsolveCost: 16310
node 7	AtA: 12236	cholCost: 0	addCost: 2200	backsolveCost: 16002
node 8	AtA: 12236	cholCost: 0	addCost: 2200	backsolveCost: 16002
node 9	AtA: 12236	cholCost: 0	addCost: 2200	backsolveCost: 16002
node 10	AtA: 12236	cholCost: 0	addCost: 2200	backsolveCost: 16002
node 11	AtA: 12236	cholCost: 0	addCost: 2200	backsolveCost: 16002
node 12	AtA: 12236	cholCost: 0	addCost: 2200	backsolveCost: 16002
node 13	AtA: 12236	cholCost: 0	addCost: 2200	backsolveCost: 16002
node 14	AtA: 12236	cholCost: 0	addCost: 2200	backsolveCost: 16002
node 15	AtA: 14858	cholCost: 0	addCost: 4072	backsolveCost: 16310
node 16	AtA: 14858	cholCost: 6708	addCost: 4072	backsolveCost: 16310
node 17	AtA: 9614	cholCost: 11220	addCost: 6808	backsolveCost: 16695
node 18	AtA: 14858	cholCost: 6708	addCost: 4072	backsolveCost: 16310
node 19	AtA: 9614	cholCost: 11359	addCost: 6808	backsolveCost: 16695
node 20	AtA: 14858	cholCost: 0	addCost: 4888	backsolveCost: 16464
node 21	AtA: 13984	cholCost: 0	addCost: 3352	backsolveCost: 24523
node 22	AtA: 16606	cholCost: 0	addCost: 5800	backsolveCost: 24927
node 23	AtA: 13110	cholCost: 0	addCost: 6808	backsolveCost: 16695
node 24	AtA: 7866	cholCost: 20148	addCost: 11800	backsolveCost: 17157
node 25	AtA: 6992	cholCost: 20287	addCost: 11800	backsolveCost: 17157
node 26	AtA: 20976	cholCost: 0	addCost: 4888	backsolveCost: 31323
node 27	AtA: 20976	cholCost: 0	addCost: 4888	backsolveCost: 31323
node 28	AtA: 20976	cholCost: 0	addCost: 4888	backsolveCost: 31323
node 29	AtA: 13110	cholCost: 0	addCost: 7912	backsolveCost: 16772
node 30	AtA: 14858	cholCost: 0	addCost: 4888	backsolveCost: 16464
node 31	AtA: 14858	cholCost: 0	addCost: 4888	backsolveCost: 16464
node 32	AtA: 16606	cholCost: 0	addCost: 9112	backsolveCost: 32001
node 33	AtA: 14858	cholCost: 7728	addCost: 4888	backsolveCost: 16464
node 34	AtA: 7866	cholCost: 0	addCost: 10408	backsolveCost: 25533
node 35	AtA: 13984	cholCost: 0	addCost: 10408	backsolveCost: 51833
node 36	AtA: 14858	cholCost: 0	addCost: 4888	backsolveCost: 16464
node 37	AtA: 18354	cholCost: 0	addCost: 4888	backsolveCost: 24826
node 38	AtA: 13110	cholCost: 0	addCost: 11800	backsolveCost: 17157
node 39	AtA: 13984	cholCost: 23833	addCost: 13288	backsolveCost: 17234
node 40	AtA: 6118	cholCost: 0	addCost: 6808	backsolveCost: 16695
node 41	AtA: 12236	cholCost: 0	addCost: 6808	backsolveCost: 16695
node 42	AtA: -1	cholCost: 0	addCost: -1	backsolveCost: 32340
node 43	AtA: 14858	cholCost: 6907	addCost: 4072	backsolveCost: 16310
node 44	AtA: 13110	cholCost: 4080	addCost: 2728	backsolveCost: 16079
node 45	AtA: 14858	cholCost: 0	addCost: 4072	backsolveCost: 16310
node 46	AtA: 10488	cholCost: 12288	addCost: 5800	backsolveCost: 24927
node 47	AtA: 15732	cholCost: 0	addCost: 10408	backsolveCost: 25533
node 48	AtA: 9614	cholCost: 10111	addCost: 5800	backsolveCost: 16541
node 49	AtA: 13984	cholCost: 0	addCost: 3352	backsolveCost: 16233
node 50	AtA: 6992	cholCost: 0	addCost: 11800	backsolveCost: 17157
node 51	AtA: 9614	cholCost: 0	addCost: 3352	backsolveCost: 16233
node 52	AtA: 11362	cholCost: 0	addCost: 5800	backsolveCost: 16541
node 53	AtA: 14858	cholCost: 0	addCost: 4072	backsolveCost: 16310
node 54	AtA: 7866	cholCost: 0	addCost: 13288	backsolveCost: 25836
node 55	AtA: 8740	cholCost: 0	addCost: 13288	backsolveCost: 43743
node 56	AtA: 5244	cholCost: 29257	addCost: 13288	backsolveCost: 25836
node 57	AtA: 13984	cholCost: 0	addCost: 3352	backsolveCost: 16233
node 58	AtA: 14858	cholCost: 0	addCost: 4072	backsolveCost: 16310
node 59	AtA: 20976	cholCost: 0	addCost: 14872	backsolveCost: 77085
node 60	AtA: 10488	cholCost: 49037	addCost: 14872	backsolveCost: 66604
node 61	AtA: 16606	cholCost: 0	addCost: 3352	backsolveCost: 24523
node 62	AtA: 12236	cholCost: 49867	addCost: 16552	backsolveCost: 52727
node 63	AtA: 13984	cholCost: 0	addCost: 4888	backsolveCost: 24826
node 64	AtA: 7866	cholCost: 34453	addCost: 14872	backsolveCost: 32679
node 65	AtA: 10488	cholCost: 29719	addCost: 16552	backsolveCost: 17465
node 66	AtA: 9614	cholCost: 42631	addCost: 18328	backsolveCost: 33018
node 67	AtA: 14858	cholCost: 0	addCost: 4072	backsolveCost: 16310
node 68	AtA: 10488	cholCost: 0	addCost: 4072	backsolveCost: 16310
node 69	AtA: 14858	cholCost: 0	addCost: 6808	backsolveCost: 25129
node 70	AtA: 14858	cholCost: 0	addCost: 4072	backsolveCost: 16310
node 71	AtA: 10488	cholCost: 0	addCost: 9112	backsolveCost: 32001
node 72	AtA: 10488	cholCost: 0	addCost: 10408	backsolveCost: 17003
node 73	AtA: -1	cholCost: 0	addCost: -1	backsolveCost: 26139
node 74	AtA: 14858	cholCost: 0	addCost: 4072	backsolveCost: 16310
node 75	AtA: 13110	cholCost: 0	addCost: 4888	backsolveCost: 24826
node 76	AtA: 13984	cholCost: 97285	addCost: 24232	backsolveCost: 95262
node 77	AtA: 12236	cholCost: 73391	addCost: 22168	backsolveCost: 67642
node 78	AtA: 11362	cholCost: 66679	addCost: 16552	backsolveCost: 94008
node 79	AtA: 13110	cholCost: 4080	addCost: 2728	backsolveCost: 16079
node 80	AtA: 19980	cholCost: 119132	addCost: 13288	backsolveCost: 32453
node 81	AtA: 6992	cholCost: 31819	addCost: 18328	backsolveCost: 17619
node 82	AtA: 13984	cholCost: 41712	addCost: 10408	backsolveCost: 92754
node 83	AtA: 19980	cholCost: 216030	addCost: 1768	backsolveCost: 156393
node 84	AtA: 10366	cholCost: 25368	addCost: 1000	backsolveCost: 23412
node 85	AtA: -1	cholCost: 0	addCost: -1	backsolveCost: 1561

