cliques
26
node 0	AtA: 11362	cholCost: 3140	addCost: 1432	backsolveCost: 15771
node 1	AtA: 8740	cholCost: 3140	addCost: 1432	backsolveCost: 15771
node 2	AtA: 8740	cholCost: 3140	addCost: 1432	backsolveCost: 15771
node 3	AtA: 8740	cholCost: 3140	addCost: 1432	backsolveCost: 15771
node 4	AtA: 8740	cholCost: 3140	addCost: 1432	backsolveCost: 15771
node 5	AtA: 8740	cholCost: 3140	addCost: 1432	backsolveCost: 15771
node 6	AtA: 8740	cholCost: 3140	addCost: 1432	backsolveCost: 15771
node 7	AtA: 8740	cholCost: 3140	addCost: 1432	backsolveCost: 15771
node 8	AtA: 8740	cholCost: 3140	addCost: 1432	backsolveCost: 15771
node 9	AtA: 8740	cholCost: 3140	addCost: 1432	backsolveCost: 15771
node 10	AtA: 8740	cholCost: 3140	addCost: 1432	backsolveCost: 15771
node 11	AtA: 8740	cholCost: 3140	addCost: 1432	backsolveCost: 15771
node 12	AtA: 8740	cholCost: 3140	addCost: 1432	backsolveCost: 15771
node 13	AtA: 8740	cholCost: 3140	addCost: 1432	backsolveCost: 15771
node 14	AtA: 8740	cholCost: 3140	addCost: 1432	backsolveCost: 15771
node 15	AtA: 8740	cholCost: 3140	addCost: 1432	backsolveCost: 15771
node 16	AtA: 8740	cholCost: 3140	addCost: 1432	backsolveCost: 15771
node 17	AtA: 8740	cholCost: 3140	addCost: 1432	backsolveCost: 15771
node 18	AtA: 8740	cholCost: 3140	addCost: 1432	backsolveCost: 15771
node 19	AtA: 8740	cholCost: 3140	addCost: 1432	backsolveCost: 15771
node 20	AtA: 8740	cholCost: 3140	addCost: 1432	backsolveCost: 15771
node 21	AtA: 8740	cholCost: 3140	addCost: 1432	backsolveCost: 15771
node 22	AtA: 8740	cholCost: 3140	addCost: 1432	backsolveCost: 15771
node 23	AtA: 8740	cholCost: 3140	addCost: 1432	backsolveCost: 15771
node 24	AtA: 11240	cholCost: 25368	addCost: 1000	backsolveCost: 23412
node 25	AtA: -1	cholCost: 0	addCost: -1	backsolveCost: 1561

