cliques
62
node 0	AtA: 14858	cholCost: 0	addCost: 4072	backsolveCost: 16310
node 1	AtA: 12236	cholCost: 0	addCost: 2200	backsolveCost: 16002
node 2	AtA: 14858	cholCost: 0	addCost: 4072	backsolveCost: 16310
node 3	AtA: 12236	cholCost: 0	addCost: 2200	backsolveCost: 16002
node 4	AtA: 12236	cholCost: 0	addCost: 2200	backsolveCost: 16002
node 5	AtA: 12236	cholCost: 0	addCost: 2200	backsolveCost: 16002
node 6	AtA: 14858	cholCost: 0	addCost: 4072	backsolveCost: 16310
node 7	AtA: 12236	cholCost: 0	addCost: 2200	backsolveCost: 16002
node 8	AtA: 12236	cholCost: 0	addCost: 2200	backsolveCost: 16002
node 9	AtA: 12236	cholCost: 0	addCost: 2200	backsolveCost: 16002
node 10	AtA: 12236	cholCost: 0	addCost: 2200	backsolveCost: 16002
node 11	AtA: 12236	cholCost: 0	addCost: 2200	backsolveCost: 16002
node 12	AtA: 12236	cholCost: 0	addCost: 2200	backsolveCost: 16002
node 13	AtA: 12236	cholCost: 0	addCost: 2200	backsolveCost: 16002
node 14	AtA: 12236	cholCost: 0	addCost: 2200	backsolveCost: 16002
node 15	AtA: 14858	cholCost: 0	addCost: 4072	backsolveCost: 16310
node 16	AtA: 14858	cholCost: 0	addCost: 4072	backsolveCost: 16310
node 17	AtA: 9614	cholCost: 0	addCost: 6808	backsolveCost: 16695
node 18	AtA: 14858	cholCost: 0	addCost: 4072	backsolveCost: 16310
node 19	AtA: 9614	cholCost: 0	addCost: 6808	backsolveCost: 16695
node 20	AtA: 14858	cholCost: 0	addCost: 4888	backsolveCost: 16464
node 21	AtA: 13984	cholCost: 0	addCost: 3352	backsolveCost: 24523
node 22	AtA: 16606	cholCost: 0	addCost: 5800	backsolveCost: 24927
node 23	AtA: 13110	cholCost: 0	addCost: 6808	backsolveCost: 16695
node 24	AtA: 7866	cholCost: 0	addCost: 11800	backsolveCost: 17157
node 25	AtA: 6992	cholCost: 0	addCost: 11800	backsolveCost: 17157
node 26	AtA: 20976	cholCost: 0	addCost: 4888	backsolveCost: 31323
node 27	AtA: 20976	cholCost: 10555	addCost: 4888	backsolveCost: 31323
node 28	AtA: 20976	cholCost: 0	addCost: 4888	backsolveCost: 31323
node 29	AtA: 13110	cholCost: 13908	addCost: 7912	backsolveCost: 16772
node 30	AtA: 14858	cholCost: 0	addCost: 4888	backsolveCost: 16464
node 31	AtA: 8740	cholCost: 0	addCost: 4072	backsolveCost: 16310
node 32	AtA: 7866	cholCost: 0	addCost: 7912	backsolveCost: 16772
node 33	AtA: 12236	cholCost: 0	addCost: 2200	backsolveCost: 16002
node 34	AtA: 13110	cholCost: 0	addCost: 4888	backsolveCost: 16464
node 35	AtA: 14858	cholCost: 0	addCost: 4888	backsolveCost: 16464
node 36	AtA: 16606	cholCost: 0	addCost: 9112	backsolveCost: 32001
node 37	AtA: 16606	cholCost: 0	addCost: 4072	backsolveCost: 31097
node 38	AtA: 12236	cholCost: 0	addCost: 2200	backsolveCost: 16002
node 39	AtA: -1	cholCost: 0	addCost: -1	backsolveCost: 16002
node 40	AtA: -1	cholCost: 0	addCost: -1	backsolveCost: 16695
node 41	AtA: -1	cholCost: 0	addCost: -1	backsolveCost: 16772
node 42	AtA: 12236	cholCost: 0	addCost: 2728	backsolveCost: 16079
node 43	AtA: 12236	cholCost: 0	addCost: 9112	backsolveCost: 43195
node 44	AtA: 7866	cholCost: 0	addCost: 7912	backsolveCost: 31775
node 45	AtA: 12236	cholCost: 0	addCost: 2728	backsolveCost: 16079
node 46	AtA: 13110	cholCost: 0	addCost: 6808	backsolveCost: 16695
node 47	AtA: 5244	cholCost: 0	addCost: 6808	backsolveCost: 25230
node 48	AtA: -1	cholCost: 0	addCost: -1	backsolveCost: 24927
node 49	AtA: -1	cholCost: 0	addCost: -1	backsolveCost: 42784
node 50	AtA: 8740	cholCost: 0	addCost: 6808	backsolveCost: 16695
node 51	AtA: 7866	cholCost: 22843	addCost: 10408	backsolveCost: 25533
node 52	AtA: 6992	cholCost: 17100	addCost: 7912	backsolveCost: 25230
node 53	AtA: 6992	cholCost: 18696	addCost: 7912	backsolveCost: 31775
node 54	AtA: 6992	cholCost: 0	addCost: 6808	backsolveCost: 51386
node 55	AtA: -1	cholCost: 0	addCost: -1	backsolveCost: 65047
node 56	AtA: -1	cholCost: 0	addCost: -1	backsolveCost: 42784
node 57	AtA: 6118	cholCost: 15235	addCost: 6808	backsolveCost: 31662
node 58	AtA: 15732	cholCost: 31200	addCost: 9112	backsolveCost: 75975
node 59	AtA: 10366	cholCost: 70710	addCost: 4072	backsolveCost: 31097
node 60	AtA: 17358	cholCost: 66483	addCost: 1000	backsolveCost: 62106
node 61	AtA: -1	cholCost: 0	addCost: -1	backsolveCost: 1561

