cliques
61
node 0	AtA: 14858	cholCost: 0	addCost: 4072	backsolveCost: 16310
node 1	AtA: 12236	cholCost: 0	addCost: 2200	backsolveCost: 16002
node 2	AtA: 14858	cholCost: 0	addCost: 4072	backsolveCost: 16310
node 3	AtA: 12236	cholCost: 0	addCost: 2200	backsolveCost: 16002
node 4	AtA: 12236	cholCost: 2688	addCost: 2200	backsolveCost: 16002
node 5	AtA: 12236	cholCost: 2688	addCost: 2200	backsolveCost: 16002
node 6	AtA: 14858	cholCost: 6708	addCost: 4072	backsolveCost: 16310
node 7	AtA: 12236	cholCost: 2688	addCost: 2200	backsolveCost: 16002
node 8	AtA: 12236	cholCost: 2688	addCost: 2200	backsolveCost: 16002
node 9	AtA: 12236	cholCost: 2688	addCost: 2200	backsolveCost: 16002
node 10	AtA: 12236	cholCost: 2688	addCost: 2200	backsolveCost: 16002
node 11	AtA: 12236	cholCost: 0	addCost: 2200	backsolveCost: 16002
node 12	AtA: 12236	cholCost: 0	addCost: 2200	backsolveCost: 16002
node 13	AtA: 12236	cholCost: 0	addCost: 2200	backsolveCost: 16002
node 14	AtA: 12236	cholCost: 0	addCost: 2200	backsolveCost: 16002
node 15	AtA: 14858	cholCost: 6708	addCost: 4072	backsolveCost: 16310
node 16	AtA: 14858	cholCost: 6708	addCost: 4072	backsolveCost: 16310
node 17	AtA: 9614	cholCost: 11220	addCost: 6808	backsolveCost: 16695
node 18	AtA: 14858	cholCost: 6708	addCost: 4072	backsolveCost: 16310
node 19	AtA: 9614	cholCost: 11353	addCost: 6808	backsolveCost: 16695
node 20	AtA: 14858	cholCost: 0	addCost: 4888	backsolveCost: 16464
node 21	AtA: 13984	cholCost: 0	addCost: 3352	backsolveCost: 24523
node 22	AtA: 16606	cholCost: 12288	addCost: 5800	backsolveCost: 24927
node 23	AtA: 13110	cholCost: 11220	addCost: 6808	backsolveCost: 16695
node 24	AtA: 7866	cholCost: 20148	addCost: 11800	backsolveCost: 17157
node 25	AtA: 6992	cholCost: 20148	addCost: 11800	backsolveCost: 17157
node 26	AtA: 20976	cholCost: 10416	addCost: 4888	backsolveCost: 31323
node 27	AtA: 20976	cholCost: 0	addCost: 4888	backsolveCost: 31323
node 28	AtA: 8740	cholCost: 7728	addCost: 4888	backsolveCost: 16464
node 29	AtA: 20976	cholCost: 0	addCost: 4888	backsolveCost: 31323
node 30	AtA: 10488	cholCost: 0	addCost: 4888	backsolveCost: 16464
node 31	AtA: 10488	cholCost: 0	addCost: 4888	backsolveCost: 16464
node 32	AtA: 14858	cholCost: 0	addCost: 4888	backsolveCost: 16464
node 33	AtA: 8740	cholCost: 0	addCost: 4072	backsolveCost: 16310
node 34	AtA: 7866	cholCost: 0	addCost: 7912	backsolveCost: 16772
node 35	AtA: 12236	cholCost: 0	addCost: 2200	backsolveCost: 16002
node 36	AtA: 13110	cholCost: 0	addCost: 4888	backsolveCost: 16464
node 37	AtA: 14858	cholCost: 7728	addCost: 4888	backsolveCost: 16464
node 38	AtA: 16606	cholCost: 20640	addCost: 9112	backsolveCost: 32001
node 39	AtA: 16606	cholCost: 9048	addCost: 4072	backsolveCost: 31097
node 40	AtA: 12236	cholCost: 2821	addCost: 2200	backsolveCost: 16002
node 41	AtA: -1	cholCost: 0	addCost: -1	backsolveCost: 16002
node 42	AtA: -1	cholCost: 0	addCost: -1	backsolveCost: 16695
node 43	AtA: -1	cholCost: 0	addCost: -1	backsolveCost: 16772
node 44	AtA: 2076	cholCost: 0	addCost: 5800	backsolveCost: 31436
node 45	AtA: 6992	cholCost: 13440	addCost: 5800	backsolveCost: 31436
node 46	AtA: 3384	cholCost: 9984	addCost: 5800	backsolveCost: 16541
node 47	AtA: 16606	cholCost: 17680	addCost: 6808	backsolveCost: 42784
node 48	AtA: 8740	cholCost: 13804	addCost: 6808	backsolveCost: 25129
node 49	AtA: 6992	cholCost: 15096	addCost: 6808	backsolveCost: 31662
node 50	AtA: 7866	cholCost: 13804	addCost: 6808	backsolveCost: 25129
node 51	AtA: 2076	cholCost: 15096	addCost: 6808	backsolveCost: 31662
node 52	AtA: 6992	cholCost: 13804	addCost: 6808	backsolveCost: 25129
node 53	AtA: 9614	cholCost: 17813	addCost: 6808	backsolveCost: 42784
node 54	AtA: 10366	cholCost: 72564	addCost: 16552	backsolveCost: 17465
node 55	AtA: 10366	cholCost: 98956	addCost: 9112	backsolveCost: 32001
node 56	AtA: 11240	cholCost: 124488	addCost: 9112	backsolveCost: 43195
node 57	AtA: 12114	cholCost: 117672	addCost: 6808	backsolveCost: 51237
node 58	AtA: 16484	cholCost: 78236	addCost: 1768	backsolveCost: 49598
node 59	AtA: 10366	cholCost: 25368	addCost: 1000	backsolveCost: 23412
node 60	AtA: -1	cholCost: 0	addCost: -1	backsolveCost: 1561

