cliques
89
node 0	AtA: 14858	cholCost: 0	addCost: 4072	backsolveCost: 16310
node 1	AtA: 12236	cholCost: 0	addCost: 2200	backsolveCost: 16002
node 2	AtA: 14858	cholCost: 0	addCost: 4072	backsolveCost: 16310
node 3	AtA: 12236	cholCost: 0	addCost: 2200	backsolveCost: 16002
node 4	AtA: 12236	cholCost: 0	addCost: 2200	backsolveCost: 16002
node 5	AtA: 12236	cholCost: 0	addCost: 2200	backsolveCost: 16002
node 6	AtA: 14858	cholCost: 0	addCost: 4072	backsolveCost: 16310
node 7	AtA: 12236	cholCost: 0	addCost: 2200	backsolveCost: 16002
node 8	AtA: 12236	cholCost: 0	addCost: 2200	backsolveCost: 16002
node 9	AtA: 12236	cholCost: 0	addCost: 2200	backsolveCost: 16002
node 10	AtA: 12236	cholCost: 0	addCost: 2200	backsolveCost: 16002
node 11	AtA: 12236	cholCost: 0	addCost: 2200	backsolveCost: 16002
node 12	AtA: 12236	cholCost: 0	addCost: 2200	backsolveCost: 16002
node 13	AtA: 12236	cholCost: 0	addCost: 2200	backsolveCost: 16002
node 14	AtA: 12236	cholCost: 0	addCost: 2200	backsolveCost: 16002
node 15	AtA: 14858	cholCost: 0	addCost: 4072	backsolveCost: 16310
node 16	AtA: 14858	cholCost: 0	addCost: 4072	backsolveCost: 16310
node 17	AtA: 9614	cholCost: 0	addCost: 6808	backsolveCost: 16695
node 18	AtA: 14858	cholCost: 0	addCost: 4072	backsolveCost: 16310
node 19	AtA: 9614	cholCost: 0	addCost: 6808	backsolveCost: 16695
node 20	AtA: 14858	cholCost: 0	addCost: 4888	backsolveCost: 16464
node 21	AtA: 13984	cholCost: 0	addCost: 3352	backsolveCost: 24523
node 22	AtA: 16606	cholCost: 0	addCost: 5800	backsolveCost: 24927
node 23	AtA: 13110	cholCost: 0	addCost: 6808	backsolveCost: 16695
node 24	AtA: 7866	cholCost: 0	addCost: 11800	backsolveCost: 17157
node 25	AtA: 6992	cholCost: 0	addCost: 11800	backsolveCost: 17157
node 26	AtA: 20976	cholCost: 0	addCost: 4888	backsolveCost: 31323
node 27	AtA: 20976	cholCost: 0	addCost: 4888	backsolveCost: 31323
node 28	AtA: 20976	cholCost: 0	addCost: 4888	backsolveCost: 31323
node 29	AtA: 13110	cholCost: 0	addCost: 7912	backsolveCost: 16772
node 30	AtA: 14858	cholCost: 0	addCost: 4888	backsolveCost: 16464
node 31	AtA: 14858	cholCost: 0	addCost: 4888	backsolveCost: 16464
node 32	AtA: 16606	cholCost: 0	addCost: 9112	backsolveCost: 32001
node 33	AtA: 14858	cholCost: 0	addCost: 4888	backsolveCost: 16464
node 34	AtA: 7866	cholCost: 0	addCost: 10408	backsolveCost: 25533
node 35	AtA: 13984	cholCost: 0	addCost: 10408	backsolveCost: 51833
node 36	AtA: 14858	cholCost: 0	addCost: 4888	backsolveCost: 16464
node 37	AtA: 18354	cholCost: 0	addCost: 4888	backsolveCost: 24826
node 38	AtA: 13110	cholCost: 0	addCost: 11800	backsolveCost: 17157
node 39	AtA: 13984	cholCost: 0	addCost: 13288	backsolveCost: 17234
node 40	AtA: 6118	cholCost: 0	addCost: 6808	backsolveCost: 16695
node 41	AtA: 12236	cholCost: 0	addCost: 6808	backsolveCost: 16695
node 42	AtA: -1	cholCost: 0	addCost: -1	backsolveCost: 32340
node 43	AtA: 14858	cholCost: 0	addCost: 4072	backsolveCost: 16310
node 44	AtA: 14858	cholCost: 0	addCost: 4072	backsolveCost: 16310
node 45	AtA: 15732	cholCost: 0	addCost: 10408	backsolveCost: 25533
node 46	AtA: 6992	cholCost: 0	addCost: 11800	backsolveCost: 17157
node 47	AtA: 14858	cholCost: 0	addCost: 4072	backsolveCost: 16310
node 48	AtA: 13984	cholCost: 0	addCost: 3352	backsolveCost: 16233
node 49	AtA: 14858	cholCost: 0	addCost: 4072	backsolveCost: 16310
node 50	AtA: 20976	cholCost: 0	addCost: 14872	backsolveCost: 77085
node 51	AtA: 16606	cholCost: 0	addCost: 3352	backsolveCost: 24523
node 52	AtA: 13984	cholCost: 0	addCost: 4888	backsolveCost: 24826
node 53	AtA: 14858	cholCost: 0	addCost: 4072	backsolveCost: 16310
node 54	AtA: 10488	cholCost: 0	addCost: 4072	backsolveCost: 16310
node 55	AtA: 14858	cholCost: 0	addCost: 6808	backsolveCost: 25129
node 56	AtA: 14858	cholCost: 0	addCost: 4072	backsolveCost: 16310
node 57	AtA: 10488	cholCost: 0	addCost: 9112	backsolveCost: 32001
node 58	AtA: 10488	cholCost: 0	addCost: 10408	backsolveCost: 17003
node 59	AtA: -1	cholCost: 0	addCost: -1	backsolveCost: 26139
node 60	AtA: 14858	cholCost: 0	addCost: 4072	backsolveCost: 16310
node 61	AtA: 13110	cholCost: 0	addCost: 4888	backsolveCost: 24826
node 62	AtA: 13984	cholCost: 0	addCost: 24232	backsolveCost: 95262
node 63	AtA: 12236	cholCost: 0	addCost: 22168	backsolveCost: 67642
node 64	AtA: 13110	cholCost: 0	addCost: 2728	backsolveCost: 16079
node 65	AtA: 17480	cholCost: 0	addCost: 13288	backsolveCost: 32453
node 66	AtA: 6992	cholCost: 0	addCost: 18328	backsolveCost: 17619
node 67	AtA: 8740	cholCost: 0	addCost: 11800	backsolveCost: 25735
node 68	AtA: -1	cholCost: 0	addCost: -1	backsolveCost: 16002
node 69	AtA: -1	cholCost: 0	addCost: -1	backsolveCost: 16695
node 70	AtA: 20102	cholCost: 0	addCost: 4072	backsolveCost: 31097
node 71	AtA: 18354	cholCost: 0	addCost: 5800	backsolveCost: 24927
node 72	AtA: -1	cholCost: 0	addCost: -1	backsolveCost: 44428
node 73	AtA: -1	cholCost: 0	addCost: -1	backsolveCost: 32792
node 74	AtA: 9614	cholCost: 7728	addCost: 4888	backsolveCost: 16464
node 75	AtA: 6118	cholCost: 13908	addCost: 7912	backsolveCost: 16772
node 76	AtA: 12236	cholCost: 2688	addCost: 2200	backsolveCost: 16002
node 77	AtA: -1	cholCost: 0	addCost: -1	backsolveCost: 16079
node 78	AtA: 10488	cholCost: 9984	addCost: 5800	backsolveCost: 16541
node 79	AtA: 5244	cholCost: 23839	addCost: 13288	backsolveCost: 17234
node 80	AtA: 6118	cholCost: 34483	addCost: 14872	backsolveCost: 32679
node 81	AtA: 2768	cholCost: 53389	addCost: 18328	backsolveCost: 53025
node 82	AtA: 5244	cholCost: 36265	addCost: 20200	backsolveCost: 17696
node 83	AtA: 11362	cholCost: 71393	addCost: 18328	backsolveCost: 94426
node 84	AtA: 10488	cholCost: 60575	addCost: 18328	backsolveCost: 67123
node 85	AtA: 13984	cholCost: 31464	addCost: 7912	backsolveCost: 92127
node 86	AtA: 16606	cholCost: 2208	addCost: 1192	backsolveCost: 134012
node 87	AtA: 6870	cholCost: 16194	addCost: 1000	backsolveCost: 10977
node 88	AtA: -1	cholCost: 0	addCost: -1	backsolveCost: 1561

