cliques
112
node 0	AtA: 14858	cholCost: 0	addCost: 4072	backsolveCost: 16310
node 1	AtA: 12236	cholCost: 0	addCost: 2200	backsolveCost: 16002
node 2	AtA: 14858	cholCost: 0	addCost: 4072	backsolveCost: 16310
node 3	AtA: 12236	cholCost: 0	addCost: 2200	backsolveCost: 16002
node 4	AtA: 12236	cholCost: 0	addCost: 2200	backsolveCost: 16002
node 5	AtA: 12236	cholCost: 0	addCost: 2200	backsolveCost: 16002
node 6	AtA: 14858	cholCost: 0	addCost: 4072	backsolveCost: 16310
node 7	AtA: 12236	cholCost: 0	addCost: 2200	backsolveCost: 16002
node 8	AtA: 12236	cholCost: 0	addCost: 2200	backsolveCost: 16002
node 9	AtA: 12236	cholCost: 0	addCost: 2200	backsolveCost: 16002
node 10	AtA: 12236	cholCost: 0	addCost: 2200	backsolveCost: 16002
node 11	AtA: 12236	cholCost: 0	addCost: 2200	backsolveCost: 16002
node 12	AtA: 12236	cholCost: 0	addCost: 2200	backsolveCost: 16002
node 13	AtA: 12236	cholCost: 0	addCost: 2200	backsolveCost: 16002
node 14	AtA: 12236	cholCost: 0	addCost: 2200	backsolveCost: 16002
node 15	AtA: 14858	cholCost: 6708	addCost: 4072	backsolveCost: 16310
node 16	AtA: 14858	cholCost: 0	addCost: 4072	backsolveCost: 16310
node 17	AtA: 9614	cholCost: 0	addCost: 6808	backsolveCost: 16695
node 18	AtA: 14858	cholCost: 0	addCost: 4072	backsolveCost: 16310
node 19	AtA: 9614	cholCost: 0	addCost: 6808	backsolveCost: 16695
node 20	AtA: 14858	cholCost: 0	addCost: 4888	backsolveCost: 16464
node 21	AtA: 13984	cholCost: 0	addCost: 3352	backsolveCost: 24523
node 22	AtA: 16606	cholCost: 0	addCost: 5800	backsolveCost: 24927
node 23	AtA: 13110	cholCost: 0	addCost: 6808	backsolveCost: 16695
node 24	AtA: 7866	cholCost: 20148	addCost: 11800	backsolveCost: 17157
node 25	AtA: 6992	cholCost: 20287	addCost: 11800	backsolveCost: 17157
node 26	AtA: 20976	cholCost: 0	addCost: 4888	backsolveCost: 31323
node 27	AtA: 20976	cholCost: 0	addCost: 4888	backsolveCost: 31323
node 28	AtA: 20976	cholCost: 0	addCost: 4888	backsolveCost: 31323
node 29	AtA: 13110	cholCost: 0	addCost: 7912	backsolveCost: 16772
node 30	AtA: 14858	cholCost: 0	addCost: 4888	backsolveCost: 16464
node 31	AtA: 14858	cholCost: 7728	addCost: 4888	backsolveCost: 16464
node 32	AtA: 16606	cholCost: 20779	addCost: 9112	backsolveCost: 32001
node 33	AtA: 14858	cholCost: 0	addCost: 4888	backsolveCost: 16464
node 34	AtA: 7866	cholCost: 0	addCost: 10408	backsolveCost: 25533
node 35	AtA: 13984	cholCost: 0	addCost: 10408	backsolveCost: 51833
node 36	AtA: 14858	cholCost: 0	addCost: 4888	backsolveCost: 16464
node 37	AtA: 18354	cholCost: 0	addCost: 4888	backsolveCost: 24826
node 38	AtA: 13110	cholCost: 20287	addCost: 11800	backsolveCost: 17157
node 39	AtA: 13984	cholCost: 23833	addCost: 13288	backsolveCost: 17234
node 40	AtA: 6118	cholCost: 0	addCost: 6808	backsolveCost: 16695
node 41	AtA: 12236	cholCost: 0	addCost: 6808	backsolveCost: 16695
node 42	AtA: 6118	cholCost: 0	addCost: 11800	backsolveCost: 32340
node 43	AtA: 14858	cholCost: 6708	addCost: 4072	backsolveCost: 16310
node 44	AtA: 14858	cholCost: 0	addCost: 4072	backsolveCost: 16310
node 45	AtA: 15732	cholCost: 0	addCost: 10408	backsolveCost: 25533
node 46	AtA: 6992	cholCost: 0	addCost: 11800	backsolveCost: 17157
node 47	AtA: 14858	cholCost: 0	addCost: 4072	backsolveCost: 16310
node 48	AtA: 14858	cholCost: 0	addCost: 4072	backsolveCost: 16310
node 49	AtA: 14858	cholCost: 0	addCost: 4072	backsolveCost: 16310
node 50	AtA: 14858	cholCost: 6931	addCost: 4072	backsolveCost: 16310
node 51	AtA: 6992	cholCost: 36481	addCost: 16552	backsolveCost: 26139
node 52	AtA: 14858	cholCost: 6708	addCost: 4072	backsolveCost: 16310
node 53	AtA: 17480	cholCost: 31975	addCost: 13288	backsolveCost: 32453
node 54	AtA: 6992	cholCost: 31843	addCost: 18328	backsolveCost: 17619
node 55	AtA: 18354	cholCost: 0	addCost: 5800	backsolveCost: 24927
node 56	AtA: 18354	cholCost: 0	addCost: 4072	backsolveCost: 24624
node 57	AtA: 21850	cholCost: 0	addCost: 5800	backsolveCost: 31436
node 58	AtA: 13984	cholCost: 6708	addCost: 4072	backsolveCost: 16310
node 59	AtA: 13984	cholCost: 64711	addCost: 22168	backsolveCost: 53472
node 60	AtA: 14858	cholCost: 0	addCost: 4072	backsolveCost: 16310
node 61	AtA: 12236	cholCost: 0	addCost: 6808	backsolveCost: 16695
node 62	AtA: 12236	cholCost: 0	addCost: 18328	backsolveCost: 44428
node 63	AtA: 18354	cholCost: 0	addCost: 4888	backsolveCost: 24826
node 64	AtA: 14858	cholCost: 0	addCost: 4072	backsolveCost: 16310
node 65	AtA: 18354	cholCost: 0	addCost: 4888	backsolveCost: 24826
node 66	AtA: -1	cholCost: 0	addCost: -1	backsolveCost: 17388
node 67	AtA: 20976	cholCost: 10549	addCost: 4888	backsolveCost: 31323
node 68	AtA: 16606	cholCost: 31927	addCost: 13288	backsolveCost: 32453
node 69	AtA: 14858	cholCost: 7728	addCost: 4888	backsolveCost: 16464
node 70	AtA: 14858	cholCost: 6708	addCost: 4072	backsolveCost: 16310
node 71	AtA: 8740	cholCost: 6708	addCost: 4072	backsolveCost: 16310
node 72	AtA: 8740	cholCost: 11220	addCost: 6808	backsolveCost: 16695
node 73	AtA: 11362	cholCost: 13943	addCost: 6808	backsolveCost: 25129
node 74	AtA: 13110	cholCost: 13908	addCost: 7912	backsolveCost: 16772
node 75	AtA: 9614	cholCost: 13908	addCost: 7912	backsolveCost: 16772
node 76	AtA: 10488	cholCost: 15511	addCost: 9112	backsolveCost: 16926
node 77	AtA: 15732	cholCost: 45439	addCost: 13288	backsolveCost: 66258
node 78	AtA: 13984	cholCost: 36415	addCost: 16552	backsolveCost: 26139
node 79	AtA: 8740	cholCost: 25711	addCost: 14872	backsolveCost: 17388
node 80	AtA: 9614	cholCost: 25747	addCost: 14872	backsolveCost: 17388
node 81	AtA: 6992	cholCost: 53239	addCost: 24232	backsolveCost: 26745
node 82	AtA: 10488	cholCost: 97477	addCost: 28648	backsolveCost: 68334
node 83	AtA: 15732	cholCost: 0	addCost: 10408	backsolveCost: 25533
node 84	AtA: 7866	cholCost: 0	addCost: 7912	backsolveCost: 16772
node 85	AtA: 9614	cholCost: 0	addCost: 14872	backsolveCost: 17388
node 86	AtA: 21850	cholCost: 0	addCost: 5800	backsolveCost: 31436
node 87	AtA: 12236	cholCost: 0	addCost: 24232	backsolveCost: 53621
node 88	AtA: 9614	cholCost: 0	addCost: 28648	backsolveCost: 54068
node 89	AtA: 8740	cholCost: 0	addCost: 28648	backsolveCost: 54068
node 90	AtA: 9614	cholCost: 0	addCost: 28648	backsolveCost: 18158
node 91	AtA: 16606	cholCost: 0	addCost: 3352	backsolveCost: 24523
node 92	AtA: 14858	cholCost: 0	addCost: 4888	backsolveCost: 24826
node 93	AtA: 9614	cholCost: 0	addCost: 4888	backsolveCost: 16464
node 94	AtA: 13110	cholCost: 0	addCost: 13288	backsolveCost: 43743
node 95	AtA: 10488	cholCost: 0	addCost: 20200	backsolveCost: 26442
node 96	AtA: 8740	cholCost: 0	addCost: 31000	backsolveCost: 68680
node 97	AtA: 9614	cholCost: 0	addCost: 31000	backsolveCost: 18312
node 98	AtA: 9614	cholCost: 0	addCost: 31000	backsolveCost: 54366
node 99	AtA: 11362	cholCost: 25807	addCost: 14872	backsolveCost: 17388
node 100	AtA: 13984	cholCost: 133681	addCost: 33448	backsolveCost: 96516
node 101	AtA: 12236	cholCost: 0	addCost: 2728	backsolveCost: 16079
node 102	AtA: 10488	cholCost: 18619	addCost: 10408	backsolveCost: 17003
node 103	AtA: 13110	cholCost: 161701	addCost: 38632	backsolveCost: 109736
node 104	AtA: 13110	cholCost: 85369	addCost: 20200	backsolveCost: 107084
node 105	AtA: 14858	cholCost: 0	addCost: 4888	backsolveCost: 24826
node 106	AtA: 10488	cholCost: 10165	addCost: 5800	backsolveCost: 16541
node 107	AtA: 16484	cholCost: 51972	addCost: 7912	backsolveCost: 16772
node 108	AtA: 15610	cholCost: 263495	addCost: 20200	backsolveCost: 77825
node 109	AtA: 26098	cholCost: 325506	addCost: 1432	backsolveCost: 261075
node 110	AtA: 8618	cholCost: 17778	addCost: 1000	backsolveCost: 15386
node 111	AtA: -1	cholCost: 0	addCost: -1	backsolveCost: 1561

