cliques
102
node 0	AtA: 14858	cholCost: 0	addCost: 4072	backsolveCost: 16310
node 1	AtA: 12236	cholCost: 0	addCost: 2200	backsolveCost: 16002
node 2	AtA: 14858	cholCost: 0	addCost: 4072	backsolveCost: 16310
node 3	AtA: 12236	cholCost: 0	addCost: 2200	backsolveCost: 16002
node 4	AtA: 12236	cholCost: 0	addCost: 2200	backsolveCost: 16002
node 5	AtA: 12236	cholCost: 0	addCost: 2200	backsolveCost: 16002
node 6	AtA: 14858	cholCost: 0	addCost: 4072	backsolveCost: 16310
node 7	AtA: 12236	cholCost: 0	addCost: 2200	backsolveCost: 16002
node 8	AtA: 12236	cholCost: 0	addCost: 2200	backsolveCost: 16002
node 9	AtA: 12236	cholCost: 0	addCost: 2200	backsolveCost: 16002
node 10	AtA: 12236	cholCost: 0	addCost: 2200	backsolveCost: 16002
node 11	AtA: 12236	cholCost: 0	addCost: 2200	backsolveCost: 16002
node 12	AtA: 12236	cholCost: 0	addCost: 2200	backsolveCost: 16002
node 13	AtA: 12236	cholCost: 0	addCost: 2200	backsolveCost: 16002
node 14	AtA: 12236	cholCost: 0	addCost: 2200	backsolveCost: 16002
node 15	AtA: 14858	cholCost: 0	addCost: 4072	backsolveCost: 16310
node 16	AtA: 14858	cholCost: 0	addCost: 4072	backsolveCost: 16310
node 17	AtA: 9614	cholCost: 0	addCost: 6808	backsolveCost: 16695
node 18	AtA: 14858	cholCost: 0	addCost: 4072	backsolveCost: 16310
node 19	AtA: 9614	cholCost: 0	addCost: 6808	backsolveCost: 16695
node 20	AtA: 14858	cholCost: 0	addCost: 4888	backsolveCost: 16464
node 21	AtA: 13984	cholCost: 0	addCost: 3352	backsolveCost: 24523
node 22	AtA: 16606	cholCost: 12415	addCost: 5800	backsolveCost: 24927
node 23	AtA: 13110	cholCost: 11220	addCost: 6808	backsolveCost: 16695
node 24	AtA: 7866	cholCost: 0	addCost: 11800	backsolveCost: 17157
node 25	AtA: 6992	cholCost: 0	addCost: 11800	backsolveCost: 17157
node 26	AtA: 20976	cholCost: 0	addCost: 4888	backsolveCost: 31323
node 27	AtA: 20976	cholCost: 0	addCost: 4888	backsolveCost: 31323
node 28	AtA: 20976	cholCost: 0	addCost: 4888	backsolveCost: 31323
node 29	AtA: 13110	cholCost: 0	addCost: 7912	backsolveCost: 16772
node 30	AtA: 14858	cholCost: 0	addCost: 4888	backsolveCost: 16464
node 31	AtA: 14858	cholCost: 0	addCost: 4888	backsolveCost: 16464
node 32	AtA: 16606	cholCost: 0	addCost: 9112	backsolveCost: 32001
node 33	AtA: 14858	cholCost: 0	addCost: 4888	backsolveCost: 16464
node 34	AtA: 7866	cholCost: 0	addCost: 10408	backsolveCost: 25533
node 35	AtA: 13984	cholCost: 0	addCost: 10408	backsolveCost: 51833
node 36	AtA: 14858	cholCost: 0	addCost: 4888	backsolveCost: 16464
node 37	AtA: 18354	cholCost: 9647	addCost: 4888	backsolveCost: 24826
node 38	AtA: 13110	cholCost: 20287	addCost: 11800	backsolveCost: 17157
node 39	AtA: 13984	cholCost: 0	addCost: 13288	backsolveCost: 17234
node 40	AtA: 6118	cholCost: 0	addCost: 6808	backsolveCost: 16695
node 41	AtA: 12236	cholCost: 11353	addCost: 6808	backsolveCost: 16695
node 42	AtA: 6118	cholCost: 27229	addCost: 11800	backsolveCost: 32340
node 43	AtA: 14858	cholCost: 0	addCost: 4072	backsolveCost: 16310
node 44	AtA: 14858	cholCost: 0	addCost: 4072	backsolveCost: 16310
node 45	AtA: 15732	cholCost: 0	addCost: 10408	backsolveCost: 25533
node 46	AtA: 6992	cholCost: 0	addCost: 11800	backsolveCost: 17157
node 47	AtA: 14858	cholCost: 0	addCost: 4072	backsolveCost: 16310
node 48	AtA: 14858	cholCost: 0	addCost: 4072	backsolveCost: 16310
node 49	AtA: 14858	cholCost: 0	addCost: 4072	backsolveCost: 16310
node 50	AtA: 14858	cholCost: 6859	addCost: 4072	backsolveCost: 16310
node 51	AtA: 6992	cholCost: 36475	addCost: 16552	backsolveCost: 26139
node 52	AtA: 14858	cholCost: 0	addCost: 4072	backsolveCost: 16310
node 53	AtA: 17480	cholCost: 0	addCost: 13288	backsolveCost: 32453
node 54	AtA: 6992	cholCost: 0	addCost: 18328	backsolveCost: 17619
node 55	AtA: 18354	cholCost: 0	addCost: 5800	backsolveCost: 24927
node 56	AtA: 18354	cholCost: 0	addCost: 4072	backsolveCost: 24624
node 57	AtA: 21850	cholCost: 0	addCost: 5800	backsolveCost: 31436
node 58	AtA: 13984	cholCost: 6708	addCost: 4072	backsolveCost: 16310
node 59	AtA: 10488	cholCost: 6708	addCost: 4072	backsolveCost: 16310
node 60	AtA: 11362	cholCost: 17233	addCost: 7912	backsolveCost: 25230
node 61	AtA: 12236	cholCost: 0	addCost: 2728	backsolveCost: 16079
node 62	AtA: 14858	cholCost: 0	addCost: 4888	backsolveCost: 24826
node 63	AtA: 9614	cholCost: 0	addCost: 4888	backsolveCost: 16464
node 64	AtA: 13984	cholCost: 0	addCost: 22168	backsolveCost: 53472
node 65	AtA: 14858	cholCost: 0	addCost: 4072	backsolveCost: 16310
node 66	AtA: 12236	cholCost: 0	addCost: 6808	backsolveCost: 16695
node 67	AtA: 12236	cholCost: 0	addCost: 18328	backsolveCost: 44428
node 68	AtA: 18354	cholCost: 0	addCost: 4888	backsolveCost: 24826
node 69	AtA: 13110	cholCost: 0	addCost: 5800	backsolveCost: 24927
node 70	AtA: 13110	cholCost: 0	addCost: 5800	backsolveCost: 24927
node 71	AtA: 8740	cholCost: 0	addCost: 10408	backsolveCost: 25533
node 72	AtA: 9614	cholCost: 0	addCost: 20200	backsolveCost: 44565
node 73	AtA: 10488	cholCost: 0	addCost: 24232	backsolveCost: 67815
node 74	AtA: 9614	cholCost: 0	addCost: 24232	backsolveCost: 17927
node 75	AtA: -1	cholCost: 0	addCost: -1	backsolveCost: 16002
node 76	AtA: 6118	cholCost: 0	addCost: 5800	backsolveCost: 16541
node 77	AtA: 11362	cholCost: 0	addCost: 6808	backsolveCost: 16695
node 78	AtA: 9614	cholCost: 0	addCost: 22168	backsolveCost: 44839
node 79	AtA: 13984	cholCost: 0	addCost: 9112	backsolveCost: 25432
node 80	AtA: 8740	cholCost: 0	addCost: 7912	backsolveCost: 16772
node 81	AtA: 14858	cholCost: 0	addCost: 4072	backsolveCost: 16310
node 82	AtA: 16606	cholCost: 0	addCost: 3352	backsolveCost: 24523
node 83	AtA: 18354	cholCost: 9647	addCost: 4888	backsolveCost: 24826
node 84	AtA: 14858	cholCost: 0	addCost: 4888	backsolveCost: 24826
node 85	AtA: 7866	cholCost: 29100	addCost: 13288	backsolveCost: 25836
node 86	AtA: 6992	cholCost: 18613	addCost: 10408	backsolveCost: 17003
node 87	AtA: -1	cholCost: 0	addCost: -1	backsolveCost: 17388
node 88	AtA: 20976	cholCost: 0	addCost: 4888	backsolveCost: 31323
node 89	AtA: 16606	cholCost: 0	addCost: 13288	backsolveCost: 32453
node 90	AtA: 7866	cholCost: 29773	addCost: 16552	backsolveCost: 17465
node 91	AtA: 10488	cholCost: 103213	addCost: 28648	backsolveCost: 78935
node 92	AtA: 11362	cholCost: 102941	addCost: 26392	backsolveCost: 95680
node 93	AtA: 7866	cholCost: 71861	addCost: 26392	backsolveCost: 45250
node 94	AtA: 8740	cholCost: 20299	addCost: 11800	backsolveCost: 17157
node 95	AtA: 7866	cholCost: 31981	addCost: 13288	backsolveCost: 32453
node 96	AtA: 7866	cholCost: 71867	addCost: 26392	backsolveCost: 45250
node 97	AtA: 11362	cholCost: 82597	addCost: 24232	backsolveCost: 67815
node 98	AtA: 13110	cholCost: 64351	addCost: 13288	backsolveCost: 139409
node 99	AtA: 35712	cholCost: 385748	addCost: 1432	backsolveCost: 312474
node 100	AtA: 8618	cholCost: 17778	addCost: 1000	backsolveCost: 15386
node 101	AtA: -1	cholCost: 0	addCost: -1	backsolveCost: 1561

