cliques
68
node 0	AtA: 14858	cholCost: 0	addCost: 4072	backsolveCost: 16310
node 1	AtA: 12236	cholCost: 0	addCost: 2200	backsolveCost: 16002
node 2	AtA: 14858	cholCost: 0	addCost: 4072	backsolveCost: 16310
node 3	AtA: 12236	cholCost: 0	addCost: 2200	backsolveCost: 16002
node 4	AtA: 12236	cholCost: 0	addCost: 2200	backsolveCost: 16002
node 5	AtA: 12236	cholCost: 0	addCost: 2200	backsolveCost: 16002
node 6	AtA: 14858	cholCost: 0	addCost: 4072	backsolveCost: 16310
node 7	AtA: 12236	cholCost: 0	addCost: 2200	backsolveCost: 16002
node 8	AtA: 12236	cholCost: 0	addCost: 2200	backsolveCost: 16002
node 9	AtA: 12236	cholCost: 0	addCost: 2200	backsolveCost: 16002
node 10	AtA: 12236	cholCost: 0	addCost: 2200	backsolveCost: 16002
node 11	AtA: 12236	cholCost: 0	addCost: 2200	backsolveCost: 16002
node 12	AtA: 12236	cholCost: 0	addCost: 2200	backsolveCost: 16002
node 13	AtA: 12236	cholCost: 0	addCost: 2200	backsolveCost: 16002
node 14	AtA: 12236	cholCost: 0	addCost: 2200	backsolveCost: 16002
node 15	AtA: 14858	cholCost: 0	addCost: 4072	backsolveCost: 16310
node 16	AtA: 14858	cholCost: 0	addCost: 4072	backsolveCost: 16310
node 17	AtA: 9614	cholCost: 0	addCost: 6808	backsolveCost: 16695
node 18	AtA: 14858	cholCost: 0	addCost: 4072	backsolveCost: 16310
node 19	AtA: 9614	cholCost: 0	addCost: 6808	backsolveCost: 16695
node 20	AtA: 14858	cholCost: 0	addCost: 4888	backsolveCost: 16464
node 21	AtA: 13984	cholCost: 0	addCost: 3352	backsolveCost: 24523
node 22	AtA: 16606	cholCost: 0	addCost: 5800	backsolveCost: 24927
node 23	AtA: 13110	cholCost: 0	addCost: 6808	backsolveCost: 16695
node 24	AtA: 7866	cholCost: 0	addCost: 11800	backsolveCost: 17157
node 25	AtA: 6992	cholCost: 0	addCost: 11800	backsolveCost: 17157
node 26	AtA: 20976	cholCost: 0	addCost: 4888	backsolveCost: 31323
node 27	AtA: 20976	cholCost: 0	addCost: 4888	backsolveCost: 31323
node 28	AtA: 20976	cholCost: 0	addCost: 4888	backsolveCost: 31323
node 29	AtA: 13110	cholCost: 0	addCost: 7912	backsolveCost: 16772
node 30	AtA: 14858	cholCost: 0	addCost: 4888	backsolveCost: 16464
node 31	AtA: 14858	cholCost: 0	addCost: 4888	backsolveCost: 16464
node 32	AtA: 16606	cholCost: 0	addCost: 9112	backsolveCost: 32001
node 33	AtA: 16484	cholCost: 40241	addCost: 4072	backsolveCost: 16310
node 34	AtA: 12236	cholCost: 0	addCost: 2728	backsolveCost: 16079
node 35	AtA: 8740	cholCost: 0	addCost: 6808	backsolveCost: 16695
node 36	AtA: 7866	cholCost: 0	addCost: 10408	backsolveCost: 25533
node 37	AtA: 6992	cholCost: 0	addCost: 7912	backsolveCost: 25230
node 38	AtA: 13984	cholCost: 0	addCost: 6808	backsolveCost: 25129
node 39	AtA: 13110	cholCost: 0	addCost: 2728	backsolveCost: 16079
node 40	AtA: 15732	cholCost: 0	addCost: 7912	backsolveCost: 31775
node 41	AtA: 9614	cholCost: 0	addCost: 7912	backsolveCost: 16772
node 42	AtA: 13984	cholCost: 0	addCost: 10408	backsolveCost: 51833
node 43	AtA: 10488	cholCost: 0	addCost: 10408	backsolveCost: 43332
node 44	AtA: 8740	cholCost: 0	addCost: 9112	backsolveCost: 16926
node 45	AtA: 9614	cholCost: 0	addCost: 9112	backsolveCost: 16926
node 46	AtA: 14858	cholCost: 0	addCost: 4888	backsolveCost: 16464
node 47	AtA: 13984	cholCost: 0	addCost: 9112	backsolveCost: 75975
node 48	AtA: 9614	cholCost: 0	addCost: 9112	backsolveCost: 16926
node 49	AtA: 18354	cholCost: 0	addCost: 4888	backsolveCost: 24826
node 50	AtA: 12236	cholCost: 0	addCost: 6808	backsolveCost: 16695
node 51	AtA: 3730	cholCost: 0	addCost: 9112	backsolveCost: 25432
node 52	AtA: 9614	cholCost: 0	addCost: 10408	backsolveCost: 17003
node 53	AtA: 6118	cholCost: 0	addCost: 9112	backsolveCost: 25432
node 54	AtA: 13110	cholCost: 0	addCost: 11800	backsolveCost: 17157
node 55	AtA: 14858	cholCost: 0	addCost: 9112	backsolveCost: 75975
node 56	AtA: 9614	cholCost: 0	addCost: 10408	backsolveCost: 17003
node 57	AtA: 8740	cholCost: 0	addCost: 9112	backsolveCost: 43195
node 58	AtA: 16484	cholCost: 64452	addCost: 11800	backsolveCost: 17157
node 59	AtA: 13110	cholCost: 22704	addCost: 10408	backsolveCost: 25533
node 60	AtA: -1	cholCost: 0	addCost: -1	backsolveCost: 42921
node 61	AtA: 6118	cholCost: 0	addCost: 7912	backsolveCost: 31775
node 62	AtA: 2076	cholCost: 24816	addCost: 10408	backsolveCost: 32114
node 63	AtA: 6992	cholCost: 24748	addCost: 11800	backsolveCost: 25735
node 64	AtA: 9614	cholCost: 23484	addCost: 7912	backsolveCost: 51386
node 65	AtA: 17358	cholCost: 141690	addCost: 4072	backsolveCost: 74495
node 66	AtA: 17358	cholCost: 66483	addCost: 1000	backsolveCost: 62106
node 67	AtA: -1	cholCost: 0	addCost: -1	backsolveCost: 1561

