cliques
50
node 0	AtA: 14858	cholCost: 0	addCost: 4072	backsolveCost: 16310
node 1	AtA: 12236	cholCost: 2688	addCost: 2200	backsolveCost: 16002
node 2	AtA: 14858	cholCost: 6708	addCost: 4072	backsolveCost: 16310
node 3	AtA: 12236	cholCost: 2688	addCost: 2200	backsolveCost: 16002
node 4	AtA: 12236	cholCost: 0	addCost: 2200	backsolveCost: 16002
node 5	AtA: 12236	cholCost: 2688	addCost: 2200	backsolveCost: 16002
node 6	AtA: 14858	cholCost: 6708	addCost: 4072	backsolveCost: 16310
node 7	AtA: 12236	cholCost: 0	addCost: 2200	backsolveCost: 16002
node 8	AtA: 12236	cholCost: 0	addCost: 2200	backsolveCost: 16002
node 9	AtA: 12236	cholCost: 0	addCost: 2200	backsolveCost: 16002
node 10	AtA: 12236	cholCost: 0	addCost: 2200	backsolveCost: 16002
node 11	AtA: 12236	cholCost: 0	addCost: 2200	backsolveCost: 16002
node 12	AtA: 12236	cholCost: 0	addCost: 2200	backsolveCost: 16002
node 13	AtA: 12236	cholCost: 2688	addCost: 2200	backsolveCost: 16002
node 14	AtA: 12236	cholCost: 2688	addCost: 2200	backsolveCost: 16002
node 15	AtA: 18354	cholCost: 0	addCost: 3352	backsolveCost: 30984
node 16	AtA: 12236	cholCost: 0	addCost: 2200	backsolveCost: 16002
node 17	AtA: -1	cholCost: 0	addCost: -1	backsolveCost: 24624
node 18	AtA: 6992	cholCost: 0	addCost: 4072	backsolveCost: 16310
node 19	AtA: 12236	cholCost: 0	addCost: 2200	backsolveCost: 16002
node 20	AtA: 9614	cholCost: 0	addCost: 4072	backsolveCost: 16310
node 21	AtA: 4370	cholCost: 0	addCost: 4072	backsolveCost: 16310
node 22	AtA: 12236	cholCost: 0	addCost: 2200	backsolveCost: 16002
node 23	AtA: 9614	cholCost: 0	addCost: 4072	backsolveCost: 16310
node 24	AtA: 4370	cholCost: 0	addCost: 4072	backsolveCost: 16310
node 25	AtA: 12236	cholCost: 0	addCost: 2200	backsolveCost: 16002
node 26	AtA: 9614	cholCost: 0	addCost: 4072	backsolveCost: 16310
node 27	AtA: 4370	cholCost: 0	addCost: 4072	backsolveCost: 16310
node 28	AtA: 12236	cholCost: 0	addCost: 2200	backsolveCost: 16002
node 29	AtA: 9614	cholCost: 0	addCost: 4072	backsolveCost: 16310
node 30	AtA: 4370	cholCost: 0	addCost: 4072	backsolveCost: 16310
node 31	AtA: 14858	cholCost: 7728	addCost: 4888	backsolveCost: 16464
node 32	AtA: 12236	cholCost: 0	addCost: 2200	backsolveCost: 16002
node 33	AtA: 9614	cholCost: 0	addCost: 4072	backsolveCost: 16310
node 34	AtA: 4370	cholCost: 0	addCost: 4072	backsolveCost: 16310
node 35	AtA: 11362	cholCost: 0	addCost: 4888	backsolveCost: 16464
node 36	AtA: 13984	cholCost: 6028	addCost: 3352	backsolveCost: 24523
node 37	AtA: 7866	cholCost: 9984	addCost: 5800	backsolveCost: 16541
node 38	AtA: 6992	cholCost: 9048	addCost: 4072	backsolveCost: 31097
node 39	AtA: 8740	cholCost: 8268	addCost: 4072	backsolveCost: 24624
node 40	AtA: 12236	cholCost: 4080	addCost: 2728	backsolveCost: 16079
node 41	AtA: 6992	cholCost: 9520	addCost: 4888	backsolveCost: 24826
node 42	AtA: 12236	cholCost: 12208	addCost: 4888	backsolveCost: 42373
node 43	AtA: 16606	cholCost: 12288	addCost: 5800	backsolveCost: 24927
node 44	AtA: 6870	cholCost: 45732	addCost: 6808	backsolveCost: 16695
node 45	AtA: 7744	cholCost: 75952	addCost: 9112	backsolveCost: 25432
node 46	AtA: 8618	cholCost: 61808	addCost: 5800	backsolveCost: 24927
node 47	AtA: 16484	cholCost: 79484	addCost: 2200	backsolveCost: 49896
node 48	AtA: 12114	cholCost: 37265	addCost: 1000	backsolveCost: 29741
node 49	AtA: -1	cholCost: 0	addCost: -1	backsolveCost: 1561

