cliques
166
node 0	AtA: 14858	cholCost: 0	addCost: 4072	backsolveCost: 16310
node 1	AtA: 12236	cholCost: 0	addCost: 2200	backsolveCost: 16002
node 2	AtA: 14858	cholCost: 0	addCost: 4072	backsolveCost: 16310
node 3	AtA: 12236	cholCost: 0	addCost: 2200	backsolveCost: 16002
node 4	AtA: 12236	cholCost: 0	addCost: 2200	backsolveCost: 16002
node 5	AtA: 12236	cholCost: 0	addCost: 2200	backsolveCost: 16002
node 6	AtA: 14858	cholCost: 0	addCost: 4072	backsolveCost: 16310
node 7	AtA: 12236	cholCost: 0	addCost: 2200	backsolveCost: 16002
node 8	AtA: 12236	cholCost: 0	addCost: 2200	backsolveCost: 16002
node 9	AtA: 12236	cholCost: 0	addCost: 2200	backsolveCost: 16002
node 10	AtA: 12236	cholCost: 0	addCost: 2200	backsolveCost: 16002
node 11	AtA: 12236	cholCost: 0	addCost: 2200	backsolveCost: 16002
node 12	AtA: 12236	cholCost: 0	addCost: 2200	backsolveCost: 16002
node 13	AtA: 12236	cholCost: 0	addCost: 2200	backsolveCost: 16002
node 14	AtA: 12236	cholCost: 0	addCost: 2200	backsolveCost: 16002
node 15	AtA: 14858	cholCost: 0	addCost: 4072	backsolveCost: 16310
node 16	AtA: 14858	cholCost: 0	addCost: 4072	backsolveCost: 16310
node 17	AtA: 9614	cholCost: 0	addCost: 6808	backsolveCost: 16695
node 18	AtA: 14858	cholCost: 0	addCost: 4072	backsolveCost: 16310
node 19	AtA: 9614	cholCost: 0	addCost: 6808	backsolveCost: 16695
node 20	AtA: 14858	cholCost: 0	addCost: 4888	backsolveCost: 16464
node 21	AtA: 13984	cholCost: 0	addCost: 3352	backsolveCost: 24523
node 22	AtA: 16606	cholCost: 0	addCost: 5800	backsolveCost: 24927
node 23	AtA: 13110	cholCost: 0	addCost: 6808	backsolveCost: 16695
node 24	AtA: 7866	cholCost: 0	addCost: 11800	backsolveCost: 17157
node 25	AtA: 6992	cholCost: 0	addCost: 11800	backsolveCost: 17157
node 26	AtA: 20976	cholCost: 0	addCost: 4888	backsolveCost: 31323
node 27	AtA: 20976	cholCost: 0	addCost: 4888	backsolveCost: 31323
node 28	AtA: 20976	cholCost: 0	addCost: 4888	backsolveCost: 31323
node 29	AtA: 13110	cholCost: 0	addCost: 7912	backsolveCost: 16772
node 30	AtA: 14858	cholCost: 0	addCost: 4888	backsolveCost: 16464
node 31	AtA: 14858	cholCost: 0	addCost: 4888	backsolveCost: 16464
node 32	AtA: 16606	cholCost: 0	addCost: 9112	backsolveCost: 32001
node 33	AtA: 14858	cholCost: 0	addCost: 4888	backsolveCost: 16464
node 34	AtA: 7866	cholCost: 0	addCost: 10408	backsolveCost: 25533
node 35	AtA: 13984	cholCost: 0	addCost: 10408	backsolveCost: 51833
node 36	AtA: 14858	cholCost: 0	addCost: 4888	backsolveCost: 16464
node 37	AtA: 18354	cholCost: 0	addCost: 4888	backsolveCost: 24826
node 38	AtA: 13110	cholCost: 0	addCost: 11800	backsolveCost: 17157
node 39	AtA: 13984	cholCost: 0	addCost: 13288	backsolveCost: 17234
node 40	AtA: 6118	cholCost: 0	addCost: 6808	backsolveCost: 16695
node 41	AtA: 12236	cholCost: 0	addCost: 6808	backsolveCost: 16695
node 42	AtA: 6118	cholCost: 0	addCost: 11800	backsolveCost: 32340
node 43	AtA: 14858	cholCost: 0	addCost: 4072	backsolveCost: 16310
node 44	AtA: 14858	cholCost: 0	addCost: 4072	backsolveCost: 16310
node 45	AtA: 15732	cholCost: 0	addCost: 10408	backsolveCost: 25533
node 46	AtA: 6992	cholCost: 0	addCost: 11800	backsolveCost: 17157
node 47	AtA: 14858	cholCost: 0	addCost: 4072	backsolveCost: 16310
node 48	AtA: 14858	cholCost: 0	addCost: 4072	backsolveCost: 16310
node 49	AtA: 14858	cholCost: 0	addCost: 4072	backsolveCost: 16310
node 50	AtA: 14858	cholCost: 0	addCost: 4072	backsolveCost: 16310
node 51	AtA: 6992	cholCost: 0	addCost: 16552	backsolveCost: 26139
node 52	AtA: 14858	cholCost: 0	addCost: 4072	backsolveCost: 16310
node 53	AtA: 17480	cholCost: 0	addCost: 13288	backsolveCost: 32453
node 54	AtA: 6992	cholCost: 0	addCost: 18328	backsolveCost: 17619
node 55	AtA: 18354	cholCost: 0	addCost: 5800	backsolveCost: 24927
node 56	AtA: 18354	cholCost: 0	addCost: 4072	backsolveCost: 24624
node 57	AtA: 21850	cholCost: 0	addCost: 5800	backsolveCost: 31436
node 58	AtA: 13984	cholCost: 0	addCost: 4072	backsolveCost: 16310
node 59	AtA: 13984	cholCost: 0	addCost: 22168	backsolveCost: 53472
node 60	AtA: 14858	cholCost: 0	addCost: 4072	backsolveCost: 16310
node 61	AtA: 12236	cholCost: 0	addCost: 6808	backsolveCost: 16695
node 62	AtA: 12236	cholCost: 0	addCost: 18328	backsolveCost: 44428
node 63	AtA: 18354	cholCost: 0	addCost: 4888	backsolveCost: 24826
node 64	AtA: 14858	cholCost: 0	addCost: 4072	backsolveCost: 16310
node 65	AtA: 18354	cholCost: 0	addCost: 4888	backsolveCost: 24826
node 66	AtA: 8740	cholCost: 0	addCost: 14872	backsolveCost: 17388
node 67	AtA: 20976	cholCost: 0	addCost: 4888	backsolveCost: 31323
node 68	AtA: 16606	cholCost: 0	addCost: 13288	backsolveCost: 32453
node 69	AtA: 14858	cholCost: 0	addCost: 4888	backsolveCost: 16464
node 70	AtA: 14858	cholCost: 0	addCost: 4072	backsolveCost: 16310
node 71	AtA: 15732	cholCost: 0	addCost: 10408	backsolveCost: 25533
node 72	AtA: 21850	cholCost: 0	addCost: 5800	backsolveCost: 31436
node 73	AtA: 11362	cholCost: 0	addCost: 14872	backsolveCost: 17388
node 74	AtA: 10488	cholCost: 0	addCost: 10408	backsolveCost: 17003
node 75	AtA: 13984	cholCost: 0	addCost: 7912	backsolveCost: 16772
node 76	AtA: 12236	cholCost: 0	addCost: 5800	backsolveCost: 16541
node 77	AtA: 13110	cholCost: 0	addCost: 7912	backsolveCost: 16772
node 78	AtA: 16606	cholCost: 0	addCost: 9112	backsolveCost: 25432
node 79	AtA: 6118	cholCost: 0	addCost: 41368	backsolveCost: 27856
node 80	AtA: 21850	cholCost: 0	addCost: 5800	backsolveCost: 31436
node 81	AtA: 18354	cholCost: 0	addCost: 4072	backsolveCost: 24624
node 82	AtA: 20976	cholCost: 0	addCost: 4888	backsolveCost: 31323
node 83	AtA: 12236	cholCost: 0	addCost: 16552	backsolveCost: 17465
node 84	AtA: -1	cholCost: 0	addCost: -1	backsolveCost: 25129
node 85	AtA: 18354	cholCost: 0	addCost: 4072	backsolveCost: 24624
node 86	AtA: 13110	cholCost: 0	addCost: 7912	backsolveCost: 16772
node 87	AtA: 15732	cholCost: 0	addCost: 9112	backsolveCost: 25432
node 88	AtA: 13984	cholCost: 0	addCost: 35992	backsolveCost: 96934
node 89	AtA: 14858	cholCost: 0	addCost: 4072	backsolveCost: 16310
node 90	AtA: 18354	cholCost: 0	addCost: 4888	backsolveCost: 24826
node 91	AtA: 21850	cholCost: 0	addCost: 5800	backsolveCost: 31436
node 92	AtA: 6118	cholCost: 0	addCost: 24232	backsolveCost: 17927
node 93	AtA: 18354	cholCost: 0	addCost: 4888	backsolveCost: 24826
node 94	AtA: 15732	cholCost: 0	addCost: 7912	backsolveCost: 25230
node 95	AtA: 20976	cholCost: 0	addCost: 4888	backsolveCost: 31323
node 96	AtA: 17480	cholCost: 0	addCost: 4888	backsolveCost: 24826
node 97	AtA: 14858	cholCost: 0	addCost: 4072	backsolveCost: 16310
node 98	AtA: 18354	cholCost: 0	addCost: 4888	backsolveCost: 24826
node 99	AtA: 13110	cholCost: 0	addCost: 11800	backsolveCost: 25735
node 100	AtA: -1	cholCost: 0	addCost: -1	backsolveCost: 17388
node 101	AtA: 21850	cholCost: 0	addCost: 5800	backsolveCost: 31436
node 102	AtA: 14858	cholCost: 0	addCost: 4072	backsolveCost: 16310
node 103	AtA: 21850	cholCost: 0	addCost: 5800	backsolveCost: 31436
node 104	AtA: 10488	cholCost: 0	addCost: 16552	backsolveCost: 26139
node 105	AtA: 20976	cholCost: 0	addCost: 4888	backsolveCost: 31323
node 106	AtA: -1	cholCost: 0	addCost: -1	backsolveCost: 56154
node 107	AtA: 18354	cholCost: 0	addCost: 4072	backsolveCost: 24624
node 108	AtA: 18354	cholCost: 0	addCost: 4888	backsolveCost: 24826
node 109	AtA: 14858	cholCost: 0	addCost: 11800	backsolveCost: 32340
node 110	AtA: 11362	cholCost: 0	addCost: 10408	backsolveCost: 25533
node 111	AtA: 14858	cholCost: 0	addCost: 4072	backsolveCost: 16310
node 112	AtA: 18354	cholCost: 0	addCost: 4072	backsolveCost: 24624
node 113	AtA: 13110	cholCost: 0	addCost: 7912	backsolveCost: 16772
node 114	AtA: 7866	cholCost: 0	addCost: 10408	backsolveCost: 17003
node 115	AtA: 14858	cholCost: 0	addCost: 26392	backsolveCost: 68161
node 116	AtA: 18354	cholCost: 0	addCost: 4072	backsolveCost: 24624
node 117	AtA: 13110	cholCost: 0	addCost: 7912	backsolveCost: 16772
node 118	AtA: 10488	cholCost: 0	addCost: 9112	backsolveCost: 16926
node 119	AtA: 13110	cholCost: 0	addCost: 2728	backsolveCost: 16079
node 120	AtA: 13984	cholCost: 0	addCost: 10408	backsolveCost: 25533
node 121	AtA: 3384	cholCost: 0	addCost: 16552	backsolveCost: 17465
node 122	AtA: -1	cholCost: 0	addCost: -1	backsolveCost: 17157
node 123	AtA: 11362	cholCost: 0	addCost: 14872	backsolveCost: 32679
node 124	AtA: 10488	cholCost: 0	addCost: 18328	backsolveCost: 17619
node 125	AtA: 8740	cholCost: 0	addCost: 28648	backsolveCost: 27048
node 126	AtA: 10488	cholCost: 0	addCost: 16552	backsolveCost: 17465
node 127	AtA: 14858	cholCost: 0	addCost: 31000	backsolveCost: 79305
node 128	AtA: 7866	cholCost: 0	addCost: 53272	backsolveCost: 47305
node 129	AtA: 15732	cholCost: 0	addCost: 81688	backsolveCost: 101323
node 130	AtA: 13984	cholCost: 0	addCost: 4072	backsolveCost: 16310
node 131	AtA: 18354	cholCost: 0	addCost: 4072	backsolveCost: 24624
node 132	AtA: 8740	cholCost: 0	addCost: 7912	backsolveCost: 16772
node 133	AtA: 13110	cholCost: 0	addCost: 7912	backsolveCost: 25230
node 134	AtA: 9614	cholCost: 0	addCost: 7912	backsolveCost: 16772
node 135	AtA: 13110	cholCost: 0	addCost: 13288	backsolveCost: 32453
node 136	AtA: 6992	cholCost: 0	addCost: 35992	backsolveCost: 34374
node 137	AtA: 9614	cholCost: 0	addCost: 35992	backsolveCost: 18543
node 138	AtA: 9614	cholCost: 0	addCost: 35992	backsolveCost: 18543
node 139	AtA: 10488	cholCost: 0	addCost: 16552	backsolveCost: 17465
node 140	AtA: 12236	cholCost: 0	addCost: 2200	backsolveCost: 16002
node 141	AtA: 12236	cholCost: 0	addCost: 14872	backsolveCost: 26038
node 142	AtA: 10488	cholCost: 0	addCost: 26392	backsolveCost: 45250
node 143	AtA: 3384	cholCost: 0	addCost: 28648	backsolveCost: 18158
node 144	AtA: 4370	cholCost: 0	addCost: 50152	backsolveCost: 19082
node 145	AtA: 9614	cholCost: 0	addCost: 70312	backsolveCost: 82820
node 146	AtA: 8740	cholCost: 0	addCost: 70312	backsolveCost: 19775
node 147	AtA: 13984	cholCost: 0	addCost: 16552	backsolveCost: 17465
node 148	AtA: 10488	cholCost: 0	addCost: 16552	backsolveCost: 17465
node 149	AtA: 16606	cholCost: 0	addCost: 3352	backsolveCost: 24523
node 150	AtA: 12236	cholCost: 0	addCost: 5800	backsolveCost: 16541
node 151	AtA: 11362	cholCost: 0	addCost: 6808	backsolveCost: 16695
node 152	AtA: 9614	cholCost: 0	addCost: 6808	backsolveCost: 16695
node 153	AtA: 12236	cholCost: 0	addCost: 5800	backsolveCost: 16541
node 154	AtA: 8740	cholCost: 0	addCost: 9112	backsolveCost: 16926
node 155	AtA: 4370	cholCost: 0	addCost: 11800	backsolveCost: 17157
node 156	AtA: 9614	cholCost: 0	addCost: 24232	backsolveCost: 78380
node 157	AtA: 6118	cholCost: 0	addCost: 31000	backsolveCost: 18312
node 158	AtA: 9614	cholCost: 0	addCost: 31000	backsolveCost: 18312
node 159	AtA: 14858	cholCost: 66558	addCost: 31000	backsolveCost: 27250
node 160	AtA: 17480	cholCost: 291398	addCost: 56488	backsolveCost: 169038
node 161	AtA: 12236	cholCost: 284966	addCost: 81688	backsolveCost: 83745
node 162	AtA: 20102	cholCost: 590834	addCost: 93928	backsolveCost: 262779
node 163	AtA: 62928	cholCost: 8256	addCost: 1192	backsolveCost: 1889255
node 164	AtA: 6870	cholCost: 16194	addCost: 1000	backsolveCost: 10977
node 165	AtA: -1	cholCost: 0	addCost: -1	backsolveCost: 1561

