cliques
75
node 0	AtA: 14858	cholCost: 0	addCost: 4072	backsolveCost: 16310
node 1	AtA: 12236	cholCost: 0	addCost: 2200	backsolveCost: 16002
node 2	AtA: 14858	cholCost: 0	addCost: 4072	backsolveCost: 16310
node 3	AtA: 12236	cholCost: 0	addCost: 2200	backsolveCost: 16002
node 4	AtA: 12236	cholCost: 0	addCost: 2200	backsolveCost: 16002
node 5	AtA: 12236	cholCost: 2688	addCost: 2200	backsolveCost: 16002
node 6	AtA: 14858	cholCost: 0	addCost: 4072	backsolveCost: 16310
node 7	AtA: 12236	cholCost: 2688	addCost: 2200	backsolveCost: 16002
node 8	AtA: 12236	cholCost: 2688	addCost: 2200	backsolveCost: 16002
node 9	AtA: 12236	cholCost: 2688	addCost: 2200	backsolveCost: 16002
node 10	AtA: 12236	cholCost: 0	addCost: 2200	backsolveCost: 16002
node 11	AtA: 12236	cholCost: 0	addCost: 2200	backsolveCost: 16002
node 12	AtA: 12236	cholCost: 0	addCost: 2200	backsolveCost: 16002
node 13	AtA: 12236	cholCost: 0	addCost: 2200	backsolveCost: 16002
node 14	AtA: 12236	cholCost: 0	addCost: 2200	backsolveCost: 16002
node 15	AtA: 14858	cholCost: 6708	addCost: 4072	backsolveCost: 16310
node 16	AtA: 14858	cholCost: 6708	addCost: 4072	backsolveCost: 16310
node 17	AtA: 9614	cholCost: 11220	addCost: 6808	backsolveCost: 16695
node 18	AtA: 14858	cholCost: 6708	addCost: 4072	backsolveCost: 16310
node 19	AtA: 9614	cholCost: 11359	addCost: 6808	backsolveCost: 16695
node 20	AtA: 14858	cholCost: 0	addCost: 4888	backsolveCost: 16464
node 21	AtA: 13984	cholCost: 0	addCost: 3352	backsolveCost: 24523
node 22	AtA: 16606	cholCost: 0	addCost: 5800	backsolveCost: 24927
node 23	AtA: 13110	cholCost: 0	addCost: 6808	backsolveCost: 16695
node 24	AtA: 7866	cholCost: 20148	addCost: 11800	backsolveCost: 17157
node 25	AtA: 6992	cholCost: 20275	addCost: 11800	backsolveCost: 17157
node 26	AtA: 20976	cholCost: 0	addCost: 4888	backsolveCost: 31323
node 27	AtA: 20976	cholCost: 0	addCost: 4888	backsolveCost: 31323
node 28	AtA: 20976	cholCost: 0	addCost: 4888	backsolveCost: 31323
node 29	AtA: 13110	cholCost: 0	addCost: 7912	backsolveCost: 16772
node 30	AtA: 14858	cholCost: 0	addCost: 4888	backsolveCost: 16464
node 31	AtA: 14858	cholCost: 7728	addCost: 4888	backsolveCost: 16464
node 32	AtA: 16606	cholCost: 20773	addCost: 9112	backsolveCost: 32001
node 33	AtA: 14858	cholCost: 7728	addCost: 4888	backsolveCost: 16464
node 34	AtA: 7866	cholCost: 0	addCost: 10408	backsolveCost: 25533
node 35	AtA: 13984	cholCost: 0	addCost: 10408	backsolveCost: 51833
node 36	AtA: 14858	cholCost: 0	addCost: 4888	backsolveCost: 16464
node 37	AtA: 18354	cholCost: 0	addCost: 4888	backsolveCost: 24826
node 38	AtA: 13110	cholCost: 20287	addCost: 11800	backsolveCost: 17157
node 39	AtA: 13984	cholCost: 23700	addCost: 13288	backsolveCost: 17234
node 40	AtA: 13984	cholCost: 17807	addCost: 6808	backsolveCost: 42784
node 41	AtA: 9614	cholCost: 29251	addCost: 13288	backsolveCost: 25836
node 42	AtA: 17480	cholCost: 0	addCost: 4072	backsolveCost: 24624
node 43	AtA: 6118	cholCost: 0	addCost: 6808	backsolveCost: 16695
node 44	AtA: 16606	cholCost: 0	addCost: 3352	backsolveCost: 24523
node 45	AtA: 11362	cholCost: 0	addCost: 10408	backsolveCost: 43332
node 46	AtA: -1	cholCost: 0	addCost: -1	backsolveCost: 16002
node 47	AtA: 14858	cholCost: 5173	addCost: 2728	backsolveCost: 24321
node 48	AtA: 13110	cholCost: 0	addCost: 10408	backsolveCost: 32114
node 49	AtA: 10488	cholCost: 0	addCost: 10408	backsolveCost: 32114
node 50	AtA: 6992	cholCost: 0	addCost: 10408	backsolveCost: 43332
node 51	AtA: 15610	cholCost: 95920	addCost: 14872	backsolveCost: 26038
node 52	AtA: 11240	cholCost: 158856	addCost: 14872	backsolveCost: 52578
node 53	AtA: 12236	cholCost: 0	addCost: 2728	backsolveCost: 16079
node 54	AtA: 20102	cholCost: 0	addCost: 6808	backsolveCost: 31662
node 55	AtA: 11362	cholCost: 0	addCost: 6808	backsolveCost: 25129
node 56	AtA: 9614	cholCost: 0	addCost: 10408	backsolveCost: 17003
node 57	AtA: 2076	cholCost: 0	addCost: 11800	backsolveCost: 32340
node 58	AtA: 12236	cholCost: 0	addCost: 2200	backsolveCost: 16002
node 59	AtA: 12236	cholCost: 0	addCost: 6808	backsolveCost: 16695
node 60	AtA: 12236	cholCost: 0	addCost: 13288	backsolveCost: 52280
node 61	AtA: -1	cholCost: 0	addCost: -1	backsolveCost: 24624
node 62	AtA: 13110	cholCost: 0	addCost: 2728	backsolveCost: 16079
node 63	AtA: 12236	cholCost: 0	addCost: 4888	backsolveCost: 16464
node 64	AtA: -1	cholCost: 0	addCost: -1	backsolveCost: 32340
node 65	AtA: 9614	cholCost: 0	addCost: 4888	backsolveCost: 16464
node 66	AtA: 10488	cholCost: 0	addCost: 6808	backsolveCost: 16695
node 67	AtA: 11362	cholCost: 34465	addCost: 14872	backsolveCost: 32679
node 68	AtA: 6992	cholCost: 39781	addCost: 16552	backsolveCost: 32792
node 69	AtA: 6118	cholCost: 31535	addCost: 14872	backsolveCost: 26038
node 70	AtA: 6118	cholCost: 25729	addCost: 14872	backsolveCost: 17388
node 71	AtA: 8740	cholCost: 38687	addCost: 11800	backsolveCost: 66085
node 72	AtA: 24350	cholCost: 323826	addCost: 1768	backsolveCost: 241599
node 73	AtA: 10366	cholCost: 25368	addCost: 1000	backsolveCost: 23412
node 74	AtA: -1	cholCost: 0	addCost: -1	backsolveCost: 1561

