cliques
46
node 0	AtA: 14858	cholCost: 6708	addCost: 4072	backsolveCost: 16310
node 1	AtA: 12236	cholCost: 0	addCost: 2200	backsolveCost: 16002
node 2	AtA: 14858	cholCost: 0	addCost: 4072	backsolveCost: 16310
node 3	AtA: 12236	cholCost: 0	addCost: 2200	backsolveCost: 16002
node 4	AtA: 12236	cholCost: 2688	addCost: 2200	backsolveCost: 16002
node 5	AtA: 12236	cholCost: 2688	addCost: 2200	backsolveCost: 16002
node 6	AtA: 14858	cholCost: 6708	addCost: 4072	backsolveCost: 16310
node 7	AtA: 12236	cholCost: 0	addCost: 2200	backsolveCost: 16002
node 8	AtA: 12236	cholCost: 0	addCost: 2200	backsolveCost: 16002
node 9	AtA: 12236	cholCost: 0	addCost: 2200	backsolveCost: 16002
node 10	AtA: 12236	cholCost: 0	addCost: 2200	backsolveCost: 16002
node 11	AtA: 12236	cholCost: 0	addCost: 2200	backsolveCost: 16002
node 12	AtA: 12236	cholCost: 2688	addCost: 2200	backsolveCost: 16002
node 13	AtA: 12236	cholCost: 2688	addCost: 2200	backsolveCost: 16002
node 14	AtA: 12236	cholCost: 2688	addCost: 2200	backsolveCost: 16002
node 15	AtA: 10488	cholCost: 4080	addCost: 2728	backsolveCost: 16079
node 16	AtA: 12236	cholCost: 0	addCost: 2200	backsolveCost: 16002
node 17	AtA: 9614	cholCost: 6708	addCost: 4072	backsolveCost: 16310
node 18	AtA: 9614	cholCost: 9048	addCost: 4072	backsolveCost: 31097
node 19	AtA: 12236	cholCost: 2688	addCost: 2200	backsolveCost: 16002
node 20	AtA: 10488	cholCost: 6708	addCost: 4072	backsolveCost: 16310
node 21	AtA: 2076	cholCost: 9048	addCost: 4072	backsolveCost: 31097
node 22	AtA: 18354	cholCost: 0	addCost: 3352	backsolveCost: 30984
node 23	AtA: 5244	cholCost: 6708	addCost: 4072	backsolveCost: 16310
node 24	AtA: 12236	cholCost: 0	addCost: 2200	backsolveCost: 16002
node 25	AtA: -1	cholCost: 0	addCost: -1	backsolveCost: 24624
node 26	AtA: 6992	cholCost: 0	addCost: 4072	backsolveCost: 16310
node 27	AtA: 12236	cholCost: 0	addCost: 2200	backsolveCost: 16002
node 28	AtA: 9614	cholCost: 0	addCost: 4072	backsolveCost: 16310
node 29	AtA: 4370	cholCost: 0	addCost: 4072	backsolveCost: 16310
node 30	AtA: 12236	cholCost: 0	addCost: 2200	backsolveCost: 16002
node 31	AtA: 9614	cholCost: 0	addCost: 4072	backsolveCost: 16310
node 32	AtA: 4370	cholCost: 0	addCost: 4072	backsolveCost: 16310
node 33	AtA: 12236	cholCost: 0	addCost: 2200	backsolveCost: 16002
node 34	AtA: 9614	cholCost: 0	addCost: 4072	backsolveCost: 16310
node 35	AtA: 4370	cholCost: 0	addCost: 4072	backsolveCost: 16310
node 36	AtA: 12236	cholCost: 2688	addCost: 2200	backsolveCost: 16002
node 37	AtA: 9614	cholCost: 6708	addCost: 4072	backsolveCost: 16310
node 38	AtA: 4370	cholCost: 6708	addCost: 4072	backsolveCost: 16310
node 39	AtA: 14736	cholCost: 52490	addCost: 3352	backsolveCost: 24523
node 40	AtA: 10366	cholCost: 40865	addCost: 4888	backsolveCost: 16464
node 41	AtA: 8618	cholCost: 74745	addCost: 4888	backsolveCost: 31323
node 42	AtA: 8618	cholCost: 61808	addCost: 5800	backsolveCost: 24927
node 43	AtA: 11240	cholCost: 69750	addCost: 1432	backsolveCost: 49449
node 44	AtA: 8618	cholCost: 17778	addCost: 1000	backsolveCost: 15386
node 45	AtA: -1	cholCost: 0	addCost: -1	backsolveCost: 1561

