cliques
38
node 0	AtA: 12236	cholCost: 0	addCost: 2200	backsolveCost: 16002
node 1	AtA: 12236	cholCost: 0	addCost: 2200	backsolveCost: 16002
node 2	AtA: 12236	cholCost: 0	addCost: 2200	backsolveCost: 16002
node 3	AtA: 12236	cholCost: 0	addCost: 2200	backsolveCost: 16002
node 4	AtA: 12236	cholCost: 0	addCost: 2200	backsolveCost: 16002
node 5	AtA: 12236	cholCost: 0	addCost: 2200	backsolveCost: 16002
node 6	AtA: 12236	cholCost: 0	addCost: 2200	backsolveCost: 16002
node 7	AtA: 12236	cholCost: 0	addCost: 2200	backsolveCost: 16002
node 8	AtA: 12236	cholCost: 0	addCost: 2200	backsolveCost: 16002
node 9	AtA: 12236	cholCost: 0	addCost: 2200	backsolveCost: 16002
node 10	AtA: 12236	cholCost: 0	addCost: 2200	backsolveCost: 16002
node 11	AtA: -1	cholCost: 0	addCost: -1	backsolveCost: 16002
node 12	AtA: 12236	cholCost: 0	addCost: 2200	backsolveCost: 16002
node 13	AtA: -1	cholCost: 0	addCost: -1	backsolveCost: 16002
node 14	AtA: 12236	cholCost: 0	addCost: 2200	backsolveCost: 16002
node 15	AtA: -1	cholCost: 0	addCost: -1	backsolveCost: 16002
node 16	AtA: 12236	cholCost: 0	addCost: 2200	backsolveCost: 16002
node 17	AtA: -1	cholCost: 0	addCost: -1	backsolveCost: 16002
node 18	AtA: 12236	cholCost: 0	addCost: 2200	backsolveCost: 16002
node 19	AtA: -1	cholCost: 0	addCost: -1	backsolveCost: 16002
node 20	AtA: 12236	cholCost: 0	addCost: 2200	backsolveCost: 16002
node 21	AtA: 12236	cholCost: 2688	addCost: 2200	backsolveCost: 16002
node 22	AtA: 12236	cholCost: 2688	addCost: 2200	backsolveCost: 16002
node 23	AtA: 6992	cholCost: 2688	addCost: 2200	backsolveCost: 16002
node 24	AtA: 9614	cholCost: 2688	addCost: 2200	backsolveCost: 16002
node 25	AtA: 3384	cholCost: 2688	addCost: 2200	backsolveCost: 16002
node 26	AtA: 3384	cholCost: 2688	addCost: 2200	backsolveCost: 16002
node 27	AtA: 3384	cholCost: 2688	addCost: 2200	backsolveCost: 16002
node 28	AtA: 3384	cholCost: 2688	addCost: 2200	backsolveCost: 16002
node 29	AtA: 3384	cholCost: 2688	addCost: 2200	backsolveCost: 16002
node 30	AtA: 3384	cholCost: 2688	addCost: 2200	backsolveCost: 16002
node 31	AtA: 3384	cholCost: 2688	addCost: 2200	backsolveCost: 16002
node 32	AtA: 3384	cholCost: 2688	addCost: 2200	backsolveCost: 16002
node 33	AtA: 3384	cholCost: 2688	addCost: 2200	backsolveCost: 16002
node 34	AtA: 3384	cholCost: 2688	addCost: 2200	backsolveCost: 16002
node 35	AtA: 6118	cholCost: 2100	addCost: 1768	backsolveCost: 15848
node 36	AtA: 12988	cholCost: 37265	addCost: 1000	backsolveCost: 29741
node 37	AtA: -1	cholCost: 0	addCost: -1	backsolveCost: 1561

