cliques
45
node 0	AtA: 14858	cholCost: 6708	addCost: 4072	backsolveCost: 16310
node 1	AtA: 12236	cholCost: 0	addCost: 2200	backsolveCost: 16002
node 2	AtA: 14858	cholCost: 0	addCost: 4072	backsolveCost: 16310
node 3	AtA: 12236	cholCost: 0	addCost: 2200	backsolveCost: 16002
node 4	AtA: 12236	cholCost: 2688	addCost: 2200	backsolveCost: 16002
node 5	AtA: 12236	cholCost: 2688	addCost: 2200	backsolveCost: 16002
node 6	AtA: 14858	cholCost: 6708	addCost: 4072	backsolveCost: 16310
node 7	AtA: 12236	cholCost: 0	addCost: 2200	backsolveCost: 16002
node 8	AtA: 12236	cholCost: 0	addCost: 2200	backsolveCost: 16002
node 9	AtA: 12236	cholCost: 0	addCost: 2200	backsolveCost: 16002
node 10	AtA: 12236	cholCost: 0	addCost: 2200	backsolveCost: 16002
node 11	AtA: 12236	cholCost: 2688	addCost: 2200	backsolveCost: 16002
node 12	AtA: 12236	cholCost: 2688	addCost: 2200	backsolveCost: 16002
node 13	AtA: 12236	cholCost: 2688	addCost: 2200	backsolveCost: 16002
node 14	AtA: 12236	cholCost: 2688	addCost: 2200	backsolveCost: 16002
node 15	AtA: 12236	cholCost: 2688	addCost: 2200	backsolveCost: 16002
node 16	AtA: 10488	cholCost: 4080	addCost: 2728	backsolveCost: 16079
node 17	AtA: 3384	cholCost: 4080	addCost: 2728	backsolveCost: 16079
node 18	AtA: 12236	cholCost: 0	addCost: 2200	backsolveCost: 16002
node 19	AtA: 9614	cholCost: 6708	addCost: 4072	backsolveCost: 16310
node 20	AtA: 9614	cholCost: 9048	addCost: 4072	backsolveCost: 31097
node 21	AtA: 12236	cholCost: 2688	addCost: 2200	backsolveCost: 16002
node 22	AtA: 10488	cholCost: 6708	addCost: 4072	backsolveCost: 16310
node 23	AtA: 2076	cholCost: 9048	addCost: 4072	backsolveCost: 31097
node 24	AtA: 18354	cholCost: 0	addCost: 3352	backsolveCost: 30984
node 25	AtA: 5244	cholCost: 6708	addCost: 4072	backsolveCost: 16310
node 26	AtA: 12236	cholCost: 0	addCost: 2200	backsolveCost: 16002
node 27	AtA: -1	cholCost: 0	addCost: -1	backsolveCost: 24624
node 28	AtA: 6992	cholCost: 0	addCost: 4072	backsolveCost: 16310
node 29	AtA: 12236	cholCost: 0	addCost: 2200	backsolveCost: 16002
node 30	AtA: 9614	cholCost: 0	addCost: 4072	backsolveCost: 16310
node 31	AtA: 4370	cholCost: 0	addCost: 4072	backsolveCost: 16310
node 32	AtA: 12236	cholCost: 0	addCost: 2200	backsolveCost: 16002
node 33	AtA: 9614	cholCost: 0	addCost: 4072	backsolveCost: 16310
node 34	AtA: 4370	cholCost: 0	addCost: 4072	backsolveCost: 16310
node 35	AtA: 12236	cholCost: 2688	addCost: 2200	backsolveCost: 16002
node 36	AtA: 9614	cholCost: 6708	addCost: 4072	backsolveCost: 16310
node 37	AtA: 4370	cholCost: 6708	addCost: 4072	backsolveCost: 16310
node 38	AtA: 15610	cholCost: 53322	addCost: 4072	backsolveCost: 24624
node 39	AtA: 10366	cholCost: 45108	addCost: 5800	backsolveCost: 16541
node 40	AtA: 8618	cholCost: 84812	addCost: 5800	backsolveCost: 31436
node 41	AtA: 8618	cholCost: 68464	addCost: 6808	backsolveCost: 25129
node 42	AtA: 11240	cholCost: 78236	addCost: 1768	backsolveCost: 49598
node 43	AtA: 10366	cholCost: 25368	addCost: 1000	backsolveCost: 23412
node 44	AtA: -1	cholCost: 0	addCost: -1	backsolveCost: 1561

