cliques
80
node 0	AtA: 14858	cholCost: 0	addCost: 4072	backsolveCost: 16310
node 1	AtA: 12236	cholCost: 0	addCost: 2200	backsolveCost: 16002
node 2	AtA: 14858	cholCost: 0	addCost: 4072	backsolveCost: 16310
node 3	AtA: 12236	cholCost: 0	addCost: 2200	backsolveCost: 16002
node 4	AtA: 12236	cholCost: 0	addCost: 2200	backsolveCost: 16002
node 5	AtA: 12236	cholCost: 0	addCost: 2200	backsolveCost: 16002
node 6	AtA: 14858	cholCost: 0	addCost: 4072	backsolveCost: 16310
node 7	AtA: 12236	cholCost: 0	addCost: 2200	backsolveCost: 16002
node 8	AtA: 12236	cholCost: 0	addCost: 2200	backsolveCost: 16002
node 9	AtA: 12236	cholCost: 0	addCost: 2200	backsolveCost: 16002
node 10	AtA: 12236	cholCost: 0	addCost: 2200	backsolveCost: 16002
node 11	AtA: 12236	cholCost: 0	addCost: 2200	backsolveCost: 16002
node 12	AtA: 12236	cholCost: 0	addCost: 2200	backsolveCost: 16002
node 13	AtA: 12236	cholCost: 0	addCost: 2200	backsolveCost: 16002
node 14	AtA: 12236	cholCost: 0	addCost: 2200	backsolveCost: 16002
node 15	AtA: 14858	cholCost: 0	addCost: 4072	backsolveCost: 16310
node 16	AtA: 14858	cholCost: 0	addCost: 4072	backsolveCost: 16310
node 17	AtA: 9614	cholCost: 0	addCost: 6808	backsolveCost: 16695
node 18	AtA: 14858	cholCost: 0	addCost: 4072	backsolveCost: 16310
node 19	AtA: 9614	cholCost: 0	addCost: 6808	backsolveCost: 16695
node 20	AtA: 14858	cholCost: 0	addCost: 4888	backsolveCost: 16464
node 21	AtA: 13984	cholCost: 0	addCost: 3352	backsolveCost: 24523
node 22	AtA: 16606	cholCost: 0	addCost: 5800	backsolveCost: 24927
node 23	AtA: 13110	cholCost: 0	addCost: 6808	backsolveCost: 16695
node 24	AtA: 7866	cholCost: 0	addCost: 11800	backsolveCost: 17157
node 25	AtA: 6992	cholCost: 0	addCost: 11800	backsolveCost: 17157
node 26	AtA: 20976	cholCost: 0	addCost: 4888	backsolveCost: 31323
node 27	AtA: 20976	cholCost: 0	addCost: 4888	backsolveCost: 31323
node 28	AtA: 20976	cholCost: 0	addCost: 4888	backsolveCost: 31323
node 29	AtA: 13110	cholCost: 0	addCost: 7912	backsolveCost: 16772
node 30	AtA: 14858	cholCost: 0	addCost: 4888	backsolveCost: 16464
node 31	AtA: 14858	cholCost: 0	addCost: 4888	backsolveCost: 16464
node 32	AtA: 16606	cholCost: 0	addCost: 9112	backsolveCost: 32001
node 33	AtA: 14858	cholCost: 0	addCost: 4888	backsolveCost: 16464
node 34	AtA: 7866	cholCost: 0	addCost: 10408	backsolveCost: 25533
node 35	AtA: 13984	cholCost: 0	addCost: 10408	backsolveCost: 51833
node 36	AtA: 14858	cholCost: 0	addCost: 4888	backsolveCost: 16464
node 37	AtA: 18354	cholCost: 0	addCost: 4888	backsolveCost: 24826
node 38	AtA: 13110	cholCost: 0	addCost: 11800	backsolveCost: 17157
node 39	AtA: 13984	cholCost: 0	addCost: 13288	backsolveCost: 17234
node 40	AtA: 6118	cholCost: 0	addCost: 6808	backsolveCost: 16695
node 41	AtA: -1	cholCost: 0	addCost: -1	backsolveCost: 16002
node 42	AtA: 13110	cholCost: 0	addCost: 10408	backsolveCost: 32114
node 43	AtA: 10488	cholCost: 0	addCost: 10408	backsolveCost: 32114
node 44	AtA: 12236	cholCost: 0	addCost: 2728	backsolveCost: 16079
node 45	AtA: 20102	cholCost: 0	addCost: 6808	backsolveCost: 31662
node 46	AtA: 11362	cholCost: 0	addCost: 6808	backsolveCost: 25129
node 47	AtA: 9614	cholCost: 0	addCost: 10408	backsolveCost: 17003
node 48	AtA: 12236	cholCost: 0	addCost: 2200	backsolveCost: 16002
node 49	AtA: 12236	cholCost: 0	addCost: 6808	backsolveCost: 16695
node 50	AtA: -1	cholCost: 0	addCost: -1	backsolveCost: 24624
node 51	AtA: 13110	cholCost: 0	addCost: 2728	backsolveCost: 16079
node 52	AtA: 12236	cholCost: 0	addCost: 4888	backsolveCost: 16464
node 53	AtA: -1	cholCost: 0	addCost: -1	backsolveCost: 32340
node 54	AtA: 9614	cholCost: 0	addCost: 4888	backsolveCost: 16464
node 55	AtA: 10488	cholCost: 0	addCost: 6808	backsolveCost: 16695
node 56	AtA: 11362	cholCost: 0	addCost: 14872	backsolveCost: 32679
node 57	AtA: 6992	cholCost: 0	addCost: 16552	backsolveCost: 32792
node 58	AtA: 6118	cholCost: 0	addCost: 14872	backsolveCost: 26038
node 59	AtA: 6118	cholCost: 0	addCost: 14872	backsolveCost: 17388
node 60	AtA: 12236	cholCost: 0	addCost: 2200	backsolveCost: 16002
node 61	AtA: 10488	cholCost: 0	addCost: 3352	backsolveCost: 16233
node 62	AtA: 14858	cholCost: 0	addCost: 4072	backsolveCost: 16310
node 63	AtA: 6118	cholCost: 0	addCost: 14872	backsolveCost: 17388
node 64	AtA: 13984	cholCost: 0	addCost: 3352	backsolveCost: 24523
node 65	AtA: 10488	cholCost: 0	addCost: 9112	backsolveCost: 25432
node 66	AtA: 13110	cholCost: 0	addCost: 2728	backsolveCost: 16079
node 67	AtA: 14858	cholCost: 0	addCost: 4072	backsolveCost: 16310
node 68	AtA: -1	cholCost: 0	addCost: -1	backsolveCost: 26139
node 69	AtA: 13984	cholCost: 5023	addCost: 3352	backsolveCost: 16233
node 70	AtA: 11362	cholCost: 35503	addCost: 10408	backsolveCost: 65739
node 71	AtA: 2076	cholCost: 27193	addCost: 11800	backsolveCost: 32340
node 72	AtA: 12236	cholCost: 40045	addCost: 13288	backsolveCost: 52280
node 73	AtA: 8740	cholCost: 38693	addCost: 11800	backsolveCost: 66085
node 74	AtA: 7866	cholCost: 40051	addCost: 13288	backsolveCost: 52280
node 75	AtA: 9614	cholCost: 45300	addCost: 13288	backsolveCost: 66258
node 76	AtA: 11362	cholCost: 14896	addCost: 4888	backsolveCost: 64528
node 77	AtA: 20102	cholCost: 2112	addCost: 1192	backsolveCost: 119967
node 78	AtA: 6870	cholCost: 16194	addCost: 1000	backsolveCost: 10977
node 79	AtA: -1	cholCost: 0	addCost: -1	backsolveCost: 1561

