cliques
50
node 0	AtA: 14858	cholCost: 0	addCost: 4072	backsolveCost: 16310
node 1	AtA: 12236	cholCost: 2688	addCost: 2200	backsolveCost: 16002
node 2	AtA: 14858	cholCost: 6708	addCost: 4072	backsolveCost: 16310
node 3	AtA: 12236	cholCost: 2688	addCost: 2200	backsolveCost: 16002
node 4	AtA: 12236	cholCost: 2688	addCost: 2200	backsolveCost: 16002
node 5	AtA: 12236	cholCost: 2688	addCost: 2200	backsolveCost: 16002
node 6	AtA: 14858	cholCost: 6708	addCost: 4072	backsolveCost: 16310
node 7	AtA: 12236	cholCost: 0	addCost: 2200	backsolveCost: 16002
node 8	AtA: 12236	cholCost: 0	addCost: 2200	backsolveCost: 16002
node 9	AtA: 12236	cholCost: 0	addCost: 2200	backsolveCost: 16002
node 10	AtA: 12236	cholCost: 0	addCost: 2200	backsolveCost: 16002
node 11	AtA: 12236	cholCost: 0	addCost: 2200	backsolveCost: 16002
node 12	AtA: 12236	cholCost: 0	addCost: 2200	backsolveCost: 16002
node 13	AtA: 12236	cholCost: 2688	addCost: 2200	backsolveCost: 16002
node 14	AtA: 12236	cholCost: 0	addCost: 2200	backsolveCost: 16002
node 15	AtA: 12236	cholCost: 2688	addCost: 2200	backsolveCost: 16002
node 16	AtA: 10488	cholCost: 6708	addCost: 4072	backsolveCost: 16310
node 17	AtA: 18354	cholCost: 0	addCost: 3352	backsolveCost: 30984
node 18	AtA: 12236	cholCost: 0	addCost: 2200	backsolveCost: 16002
node 19	AtA: -1	cholCost: 0	addCost: -1	backsolveCost: 24624
node 20	AtA: 6992	cholCost: 0	addCost: 4072	backsolveCost: 16310
node 21	AtA: 12236	cholCost: 0	addCost: 2200	backsolveCost: 16002
node 22	AtA: 9614	cholCost: 0	addCost: 4072	backsolveCost: 16310
node 23	AtA: 4370	cholCost: 0	addCost: 4072	backsolveCost: 16310
node 24	AtA: 12236	cholCost: 0	addCost: 2200	backsolveCost: 16002
node 25	AtA: 9614	cholCost: 0	addCost: 4072	backsolveCost: 16310
node 26	AtA: 4370	cholCost: 0	addCost: 4072	backsolveCost: 16310
node 27	AtA: 12236	cholCost: 0	addCost: 2200	backsolveCost: 16002
node 28	AtA: 9614	cholCost: 0	addCost: 4072	backsolveCost: 16310
node 29	AtA: 4370	cholCost: 0	addCost: 4072	backsolveCost: 16310
node 30	AtA: 12236	cholCost: 0	addCost: 2200	backsolveCost: 16002
node 31	AtA: 9614	cholCost: 0	addCost: 4072	backsolveCost: 16310
node 32	AtA: 4370	cholCost: 0	addCost: 4072	backsolveCost: 16310
node 33	AtA: 14858	cholCost: 7728	addCost: 4888	backsolveCost: 16464
node 34	AtA: 12236	cholCost: 0	addCost: 2200	backsolveCost: 16002
node 35	AtA: 9614	cholCost: 0	addCost: 4072	backsolveCost: 16310
node 36	AtA: 4370	cholCost: 0	addCost: 4072	backsolveCost: 16310
node 37	AtA: 11362	cholCost: 0	addCost: 4888	backsolveCost: 16464
node 38	AtA: 6118	cholCost: 6708	addCost: 4072	backsolveCost: 16310
node 39	AtA: 9492	cholCost: 45108	addCost: 5800	backsolveCost: 16541
node 40	AtA: 13984	cholCost: 6028	addCost: 3352	backsolveCost: 24523
node 41	AtA: 7866	cholCost: 9984	addCost: 5800	backsolveCost: 16541
node 42	AtA: 6992	cholCost: 9048	addCost: 4072	backsolveCost: 31097
node 43	AtA: 8740	cholCost: 8268	addCost: 4072	backsolveCost: 24624
node 44	AtA: 8618	cholCost: 51972	addCost: 7912	backsolveCost: 16772
node 45	AtA: 3884	cholCost: 51972	addCost: 7912	backsolveCost: 16772
node 46	AtA: 7744	cholCost: 52596	addCost: 9112	backsolveCost: 16926
node 47	AtA: 13862	cholCost: 99096	addCost: 2200	backsolveCost: 63490
node 48	AtA: 12114	cholCost: 37265	addCost: 1000	backsolveCost: 29741
node 49	AtA: -1	cholCost: 0	addCost: -1	backsolveCost: 1561

