cliques
40
node 0	AtA: 14858	cholCost: 0	addCost: 4072	backsolveCost: 16310
node 1	AtA: 12236	cholCost: 0	addCost: 2200	backsolveCost: 16002
node 2	AtA: 14858	cholCost: 0	addCost: 4072	backsolveCost: 16310
node 3	AtA: 12236	cholCost: 0	addCost: 2200	backsolveCost: 16002
node 4	AtA: 12236	cholCost: 0	addCost: 2200	backsolveCost: 16002
node 5	AtA: 12236	cholCost: 0	addCost: 2200	backsolveCost: 16002
node 6	AtA: 12236	cholCost: 0	addCost: 2200	backsolveCost: 16002
node 7	AtA: 12236	cholCost: 0	addCost: 2200	backsolveCost: 16002
node 8	AtA: 12236	cholCost: 0	addCost: 2200	backsolveCost: 16002
node 9	AtA: 12236	cholCost: 0	addCost: 2200	backsolveCost: 16002
node 10	AtA: -1	cholCost: 0	addCost: -1	backsolveCost: 16002
node 11	AtA: 12236	cholCost: 0	addCost: 2200	backsolveCost: 16002
node 12	AtA: -1	cholCost: 0	addCost: -1	backsolveCost: 16002
node 13	AtA: 12236	cholCost: 0	addCost: 2200	backsolveCost: 16002
node 14	AtA: -1	cholCost: 0	addCost: -1	backsolveCost: 16002
node 15	AtA: 12236	cholCost: 0	addCost: 2200	backsolveCost: 16002
node 16	AtA: -1	cholCost: 0	addCost: -1	backsolveCost: 16002
node 17	AtA: 12236	cholCost: 0	addCost: 2200	backsolveCost: 16002
node 18	AtA: -1	cholCost: 0	addCost: -1	backsolveCost: 16002
node 19	AtA: 12236	cholCost: 0	addCost: 2200	backsolveCost: 16002
node 20	AtA: 12236	cholCost: 0	addCost: 2200	backsolveCost: 16002
node 21	AtA: 12236	cholCost: 0	addCost: 2200	backsolveCost: 16002
node 22	AtA: 10488	cholCost: 0	addCost: 2728	backsolveCost: 16079
node 23	AtA: 3384	cholCost: 0	addCost: 2728	backsolveCost: 16079
node 24	AtA: 3384	cholCost: 0	addCost: 2728	backsolveCost: 16079
node 25	AtA: 3384	cholCost: 0	addCost: 2728	backsolveCost: 16079
node 26	AtA: 3384	cholCost: 0	addCost: 2728	backsolveCost: 16079
node 27	AtA: 3384	cholCost: 0	addCost: 2728	backsolveCost: 16079
node 28	AtA: 3384	cholCost: 0	addCost: 2728	backsolveCost: 16079
node 29	AtA: 3384	cholCost: 0	addCost: 2728	backsolveCost: 16079
node 30	AtA: 3384	cholCost: 0	addCost: 2728	backsolveCost: 16079
node 31	AtA: 9614	cholCost: 4080	addCost: 2728	backsolveCost: 16079
node 32	AtA: 7866	cholCost: 4884	addCost: 3352	backsolveCost: 16233
node 33	AtA: -1	cholCost: 0	addCost: -1	backsolveCost: 16002
node 34	AtA: -1	cholCost: 0	addCost: -1	backsolveCost: 16310
node 35	AtA: 9614	cholCost: 9048	addCost: 4072	backsolveCost: 31097
node 36	AtA: 8740	cholCost: 10416	addCost: 4888	backsolveCost: 31323
node 37	AtA: 8740	cholCost: 3344	addCost: 1192	backsolveCost: 49151
node 38	AtA: 6870	cholCost: 16194	addCost: 1000	backsolveCost: 10977
node 39	AtA: -1	cholCost: 0	addCost: -1	backsolveCost: 1561

