cliques
66
node 0	AtA: 14858	cholCost: 0	addCost: 4072	backsolveCost: 16310
node 1	AtA: 12236	cholCost: 0	addCost: 2200	backsolveCost: 16002
node 2	AtA: 14858	cholCost: 0	addCost: 4072	backsolveCost: 16310
node 3	AtA: 12236	cholCost: 0	addCost: 2200	backsolveCost: 16002
node 4	AtA: 12236	cholCost: 2688	addCost: 2200	backsolveCost: 16002
node 5	AtA: 12236	cholCost: 2688	addCost: 2200	backsolveCost: 16002
node 6	AtA: 14858	cholCost: 6708	addCost: 4072	backsolveCost: 16310
node 7	AtA: 12236	cholCost: 0	addCost: 2200	backsolveCost: 16002
node 8	AtA: 12236	cholCost: 0	addCost: 2200	backsolveCost: 16002
node 9	AtA: 12236	cholCost: 0	addCost: 2200	backsolveCost: 16002
node 10	AtA: 12236	cholCost: 0	addCost: 2200	backsolveCost: 16002
node 11	AtA: 12236	cholCost: 2688	addCost: 2200	backsolveCost: 16002
node 12	AtA: 12236	cholCost: 2688	addCost: 2200	backsolveCost: 16002
node 13	AtA: 12236	cholCost: 2688	addCost: 2200	backsolveCost: 16002
node 14	AtA: 12236	cholCost: 0	addCost: 2200	backsolveCost: 16002
node 15	AtA: 14858	cholCost: 0	addCost: 4072	backsolveCost: 16310
node 16	AtA: 14858	cholCost: 0	addCost: 4072	backsolveCost: 16310
node 17	AtA: 9614	cholCost: 0	addCost: 6808	backsolveCost: 16695
node 18	AtA: 14858	cholCost: 0	addCost: 4072	backsolveCost: 16310
node 19	AtA: 9614	cholCost: 0	addCost: 6808	backsolveCost: 16695
node 20	AtA: 14858	cholCost: 0	addCost: 4888	backsolveCost: 16464
node 21	AtA: 13984	cholCost: 0	addCost: 3352	backsolveCost: 24523
node 22	AtA: 16606	cholCost: 12288	addCost: 5800	backsolveCost: 24927
node 23	AtA: 13110	cholCost: 11220	addCost: 6808	backsolveCost: 16695
node 24	AtA: 7866	cholCost: 0	addCost: 11800	backsolveCost: 17157
node 25	AtA: 6992	cholCost: 0	addCost: 11800	backsolveCost: 17157
node 26	AtA: 20976	cholCost: 0	addCost: 4888	backsolveCost: 31323
node 27	AtA: 20976	cholCost: 10416	addCost: 4888	backsolveCost: 31323
node 28	AtA: 20976	cholCost: 10416	addCost: 4888	backsolveCost: 31323
node 29	AtA: 13110	cholCost: 13908	addCost: 7912	backsolveCost: 16772
node 30	AtA: 14858	cholCost: 0	addCost: 4888	backsolveCost: 16464
node 31	AtA: 14858	cholCost: 7728	addCost: 4888	backsolveCost: 16464
node 32	AtA: 16606	cholCost: 20640	addCost: 9112	backsolveCost: 32001
node 33	AtA: 16606	cholCost: 0	addCost: 4072	backsolveCost: 31097
node 34	AtA: 12236	cholCost: 2688	addCost: 2200	backsolveCost: 16002
node 35	AtA: 12236	cholCost: 0	addCost: 2728	backsolveCost: 16079
node 36	AtA: 12236	cholCost: 0	addCost: 9112	backsolveCost: 43195
node 37	AtA: 7866	cholCost: 0	addCost: 7912	backsolveCost: 31775
node 38	AtA: 12236	cholCost: 0	addCost: 2728	backsolveCost: 16079
node 39	AtA: 8740	cholCost: 0	addCost: 6808	backsolveCost: 16695
node 40	AtA: 7866	cholCost: 22704	addCost: 10408	backsolveCost: 25533
node 41	AtA: 6992	cholCost: 17100	addCost: 7912	backsolveCost: 25230
node 42	AtA: 6992	cholCost: 18696	addCost: 7912	backsolveCost: 31775
node 43	AtA: 13984	cholCost: 13804	addCost: 6808	backsolveCost: 25129
node 44	AtA: 6118	cholCost: 17100	addCost: 7912	backsolveCost: 25230
node 45	AtA: 8740	cholCost: 21888	addCost: 7912	backsolveCost: 42921
node 46	AtA: 13110	cholCost: 0	addCost: 2728	backsolveCost: 16079
node 47	AtA: 15732	cholCost: 0	addCost: 7912	backsolveCost: 31775
node 48	AtA: 9614	cholCost: 0	addCost: 7912	backsolveCost: 16772
node 49	AtA: 13984	cholCost: 0	addCost: 10408	backsolveCost: 51833
node 50	AtA: 10488	cholCost: 0	addCost: 10408	backsolveCost: 43332
node 51	AtA: 8740	cholCost: 0	addCost: 9112	backsolveCost: 16926
node 52	AtA: 9614	cholCost: 0	addCost: 9112	backsolveCost: 16926
node 53	AtA: 14858	cholCost: 0	addCost: 4888	backsolveCost: 16464
node 54	AtA: 13984	cholCost: 0	addCost: 9112	backsolveCost: 75975
node 55	AtA: 9614	cholCost: 0	addCost: 9112	backsolveCost: 16926
node 56	AtA: 18354	cholCost: 0	addCost: 4888	backsolveCost: 24826
node 57	AtA: 12236	cholCost: 11220	addCost: 6808	backsolveCost: 16695
node 58	AtA: 3730	cholCost: 19007	addCost: 9112	backsolveCost: 25432
node 59	AtA: 11240	cholCost: 52596	addCost: 9112	backsolveCost: 16926
node 60	AtA: 7744	cholCost: 81776	addCost: 10408	backsolveCost: 25533
node 61	AtA: 8618	cholCost: 81776	addCost: 10408	backsolveCost: 25533
node 62	AtA: 7744	cholCost: 89264	addCost: 13288	backsolveCost: 25836
node 63	AtA: 18232	cholCost: 188210	addCost: 1768	backsolveCost: 134783
node 64	AtA: 10366	cholCost: 25368	addCost: 1000	backsolveCost: 23412
node 65	AtA: -1	cholCost: 0	addCost: -1	backsolveCost: 1561

