cliques
72
node 0	AtA: 14858	cholCost: 0	addCost: 4072	backsolveCost: 16310
node 1	AtA: 12236	cholCost: 0	addCost: 2200	backsolveCost: 16002
node 2	AtA: 14858	cholCost: 0	addCost: 4072	backsolveCost: 16310
node 3	AtA: 12236	cholCost: 0	addCost: 2200	backsolveCost: 16002
node 4	AtA: 12236	cholCost: 0	addCost: 2200	backsolveCost: 16002
node 5	AtA: 12236	cholCost: 0	addCost: 2200	backsolveCost: 16002
node 6	AtA: 14858	cholCost: 0	addCost: 4072	backsolveCost: 16310
node 7	AtA: 12236	cholCost: 0	addCost: 2200	backsolveCost: 16002
node 8	AtA: 12236	cholCost: 0	addCost: 2200	backsolveCost: 16002
node 9	AtA: 12236	cholCost: 0	addCost: 2200	backsolveCost: 16002
node 10	AtA: 12236	cholCost: 0	addCost: 2200	backsolveCost: 16002
node 11	AtA: 12236	cholCost: 0	addCost: 2200	backsolveCost: 16002
node 12	AtA: 12236	cholCost: 0	addCost: 2200	backsolveCost: 16002
node 13	AtA: 12236	cholCost: 0	addCost: 2200	backsolveCost: 16002
node 14	AtA: 12236	cholCost: 0	addCost: 2200	backsolveCost: 16002
node 15	AtA: 14858	cholCost: 0	addCost: 4072	backsolveCost: 16310
node 16	AtA: 14858	cholCost: 0	addCost: 4072	backsolveCost: 16310
node 17	AtA: 9614	cholCost: 0	addCost: 6808	backsolveCost: 16695
node 18	AtA: 14858	cholCost: 0	addCost: 4072	backsolveCost: 16310
node 19	AtA: 9614	cholCost: 0	addCost: 6808	backsolveCost: 16695
node 20	AtA: 14858	cholCost: 0	addCost: 4888	backsolveCost: 16464
node 21	AtA: 13984	cholCost: 0	addCost: 3352	backsolveCost: 24523
node 22	AtA: 16606	cholCost: 0	addCost: 5800	backsolveCost: 24927
node 23	AtA: 13110	cholCost: 0	addCost: 6808	backsolveCost: 16695
node 24	AtA: 7866	cholCost: 0	addCost: 11800	backsolveCost: 17157
node 25	AtA: 6992	cholCost: 0	addCost: 11800	backsolveCost: 17157
node 26	AtA: 20976	cholCost: 0	addCost: 4888	backsolveCost: 31323
node 27	AtA: 20976	cholCost: 0	addCost: 4888	backsolveCost: 31323
node 28	AtA: 20976	cholCost: 0	addCost: 4888	backsolveCost: 31323
node 29	AtA: 13110	cholCost: 0	addCost: 7912	backsolveCost: 16772
node 30	AtA: 14858	cholCost: 0	addCost: 4888	backsolveCost: 16464
node 31	AtA: 14858	cholCost: 0	addCost: 4888	backsolveCost: 16464
node 32	AtA: 16606	cholCost: 0	addCost: 9112	backsolveCost: 32001
node 33	AtA: 14858	cholCost: 0	addCost: 4888	backsolveCost: 16464
node 34	AtA: 7866	cholCost: 0	addCost: 10408	backsolveCost: 25533
node 35	AtA: 13984	cholCost: 0	addCost: 10408	backsolveCost: 51833
node 36	AtA: 14858	cholCost: 0	addCost: 4888	backsolveCost: 16464
node 37	AtA: 18354	cholCost: 0	addCost: 4888	backsolveCost: 24826
node 38	AtA: 12236	cholCost: 0	addCost: 6808	backsolveCost: 16695
node 39	AtA: 13110	cholCost: 0	addCost: 11800	backsolveCost: 17157
node 40	AtA: 13984	cholCost: 0	addCost: 13288	backsolveCost: 17234
node 41	AtA: 13984	cholCost: 0	addCost: 6808	backsolveCost: 42784
node 42	AtA: 9614	cholCost: 0	addCost: 13288	backsolveCost: 25836
node 43	AtA: 17480	cholCost: 0	addCost: 4072	backsolveCost: 24624
node 44	AtA: 6118	cholCost: 0	addCost: 6808	backsolveCost: 16695
node 45	AtA: 16606	cholCost: 0	addCost: 3352	backsolveCost: 24523
node 46	AtA: 11362	cholCost: 0	addCost: 10408	backsolveCost: 43332
node 47	AtA: -1	cholCost: 0	addCost: -1	backsolveCost: 16002
node 48	AtA: -1	cholCost: 0	addCost: -1	backsolveCost: 24321
node 49	AtA: -1	cholCost: 0	addCost: -1	backsolveCost: 16079
node 50	AtA: -1	cholCost: 0	addCost: -1	backsolveCost: 16926
node 51	AtA: -1	cholCost: 0	addCost: -1	backsolveCost: 25533
node 52	AtA: 13110	cholCost: 0	addCost: 10408	backsolveCost: 32114
node 53	AtA: 10488	cholCost: 0	addCost: 10408	backsolveCost: 32114
node 54	AtA: 6992	cholCost: 0	addCost: 10408	backsolveCost: 43332
node 55	AtA: -1	cholCost: 0	addCost: -1	backsolveCost: 25735
node 56	AtA: 8740	cholCost: 0	addCost: 10408	backsolveCost: 52131
node 57	AtA: 12236	cholCost: 0	addCost: 2728	backsolveCost: 16079
node 58	AtA: 20102	cholCost: 0	addCost: 6808	backsolveCost: 31662
node 59	AtA: 11362	cholCost: 0	addCost: 6808	backsolveCost: 25129
node 60	AtA: 9614	cholCost: 0	addCost: 10408	backsolveCost: 17003
node 61	AtA: 2076	cholCost: 0	addCost: 11800	backsolveCost: 32340
node 62	AtA: 12236	cholCost: 0	addCost: 2200	backsolveCost: 16002
node 63	AtA: 11362	cholCost: 9984	addCost: 5800	backsolveCost: 16541
node 64	AtA: -1	cholCost: 0	addCost: -1	backsolveCost: 52280
node 65	AtA: -1	cholCost: 0	addCost: -1	backsolveCost: 66258
node 66	AtA: -1	cholCost: 0	addCost: -1	backsolveCost: 44017
node 67	AtA: -1	cholCost: 0	addCost: -1	backsolveCost: 32453
node 68	AtA: -1	cholCost: 0	addCost: -1	backsolveCost: 75420
node 69	AtA: 25346	cholCost: 2496	addCost: 1192	backsolveCost: 171515
node 70	AtA: 6870	cholCost: 16194	addCost: 1000	backsolveCost: 10977
node 71	AtA: -1	cholCost: 0	addCost: -1	backsolveCost: 1561

