cliques
53
node 0	AtA: 14858	cholCost: 0	addCost: 4072	backsolveCost: 16310
node 1	AtA: 12236	cholCost: 0	addCost: 2200	backsolveCost: 16002
node 2	AtA: 14858	cholCost: 0	addCost: 4072	backsolveCost: 16310
node 3	AtA: 12236	cholCost: 0	addCost: 2200	backsolveCost: 16002
node 4	AtA: 12236	cholCost: 0	addCost: 2200	backsolveCost: 16002
node 5	AtA: 12236	cholCost: 0	addCost: 2200	backsolveCost: 16002
node 6	AtA: 14858	cholCost: 0	addCost: 4072	backsolveCost: 16310
node 7	AtA: 12236	cholCost: 0	addCost: 2200	backsolveCost: 16002
node 8	AtA: 12236	cholCost: 0	addCost: 2200	backsolveCost: 16002
node 9	AtA: 12236	cholCost: 0	addCost: 2200	backsolveCost: 16002
node 10	AtA: 12236	cholCost: 0	addCost: 2200	backsolveCost: 16002
node 11	AtA: 12236	cholCost: 0	addCost: 2200	backsolveCost: 16002
node 12	AtA: 12236	cholCost: 0	addCost: 2200	backsolveCost: 16002
node 13	AtA: 12236	cholCost: 0	addCost: 2200	backsolveCost: 16002
node 14	AtA: 12236	cholCost: 0	addCost: 2200	backsolveCost: 16002
node 15	AtA: 14858	cholCost: 0	addCost: 4072	backsolveCost: 16310
node 16	AtA: 14858	cholCost: 0	addCost: 4072	backsolveCost: 16310
node 17	AtA: 9614	cholCost: 0	addCost: 6808	backsolveCost: 16695
node 18	AtA: 14858	cholCost: 0	addCost: 4072	backsolveCost: 16310
node 19	AtA: 9614	cholCost: 0	addCost: 6808	backsolveCost: 16695
node 20	AtA: 12236	cholCost: 0	addCost: 2200	backsolveCost: 16002
node 21	AtA: 9614	cholCost: 0	addCost: 4072	backsolveCost: 16310
node 22	AtA: 14858	cholCost: 0	addCost: 4888	backsolveCost: 16464
node 23	AtA: 12236	cholCost: 0	addCost: 2200	backsolveCost: 16002
node 24	AtA: 9614	cholCost: 0	addCost: 4072	backsolveCost: 16310
node 25	AtA: 11362	cholCost: 0	addCost: 4888	backsolveCost: 16464
node 26	AtA: 13984	cholCost: 0	addCost: 3352	backsolveCost: 24523
node 27	AtA: 7866	cholCost: 0	addCost: 5800	backsolveCost: 16541
node 28	AtA: 12236	cholCost: 0	addCost: 2728	backsolveCost: 16079
node 29	AtA: 6992	cholCost: 0	addCost: 4888	backsolveCost: 24826
node 30	AtA: 12236	cholCost: 0	addCost: 4888	backsolveCost: 42373
node 31	AtA: 16606	cholCost: 0	addCost: 5800	backsolveCost: 24927
node 32	AtA: -1	cholCost: 0	addCost: -1	backsolveCost: 16310
node 33	AtA: -1	cholCost: 0	addCost: -1	backsolveCost: 24826
node 34	AtA: 11362	cholCost: 0	addCost: 4888	backsolveCost: 16464
node 35	AtA: 4370	cholCost: 0	addCost: 5800	backsolveCost: 16541
node 36	AtA: 8740	cholCost: 0	addCost: 6808	backsolveCost: 25129
node 37	AtA: 7866	cholCost: 0	addCost: 11800	backsolveCost: 17157
node 38	AtA: 6992	cholCost: 0	addCost: 11800	backsolveCost: 17157
node 39	AtA: 6992	cholCost: 0	addCost: 5800	backsolveCost: 31436
node 40	AtA: 16606	cholCost: 0	addCost: 3352	backsolveCost: 24523
node 41	AtA: 10488	cholCost: 0	addCost: 5800	backsolveCost: 16541
node 42	AtA: 3730	cholCost: 0	addCost: 5800	backsolveCost: 24927
node 43	AtA: 5244	cholCost: 0	addCost: 4888	backsolveCost: 24826
node 44	AtA: 4370	cholCost: 0	addCost: 4888	backsolveCost: 16464
node 45	AtA: 4370	cholCost: 0	addCost: 4888	backsolveCost: 16464
node 46	AtA: 8740	cholCost: 9984	addCost: 5800	backsolveCost: 16541
node 47	AtA: 19228	cholCost: 6600	addCost: 3352	backsolveCost: 30984
node 48	AtA: 5244	cholCost: 9520	addCost: 4888	backsolveCost: 24826
node 49	AtA: 10488	cholCost: 18696	addCost: 7912	backsolveCost: 31775
node 50	AtA: 20102	cholCost: 2400	addCost: 1192	backsolveCost: 155550
node 51	AtA: 6870	cholCost: 16194	addCost: 1000	backsolveCost: 10977
node 52	AtA: -1	cholCost: 0	addCost: -1	backsolveCost: 1561

