cliques
20
node 0	AtA: 10366	cholCost: 22645	addCost: 1192	backsolveCost: 6876
node 1	AtA: 9492	cholCost: 22645	addCost: 1192	backsolveCost: 6876
node 2	AtA: 9492	cholCost: 22645	addCost: 1192	backsolveCost: 6876
node 3	AtA: 9492	cholCost: 22645	addCost: 1192	backsolveCost: 6876
node 4	AtA: 9492	cholCost: 22645	addCost: 1192	backsolveCost: 6876
node 5	AtA: 11240	cholCost: 26264	addCost: 1432	backsolveCost: 6980
node 6	AtA: 11240	cholCost: 26264	addCost: 1432	backsolveCost: 6980
node 7	AtA: 11240	cholCost: 26264	addCost: 1432	backsolveCost: 6980
node 8	AtA: 11240	cholCost: 26264	addCost: 1432	backsolveCost: 6980
node 9	AtA: 11240	cholCost: 26264	addCost: 1432	backsolveCost: 6980
node 10	AtA: 11240	cholCost: 26264	addCost: 1432	backsolveCost: 6980
node 11	AtA: 11240	cholCost: 26264	addCost: 1432	backsolveCost: 6980
node 12	AtA: 11240	cholCost: 26264	addCost: 1432	backsolveCost: 6980
node 13	AtA: 11240	cholCost: 26264	addCost: 1432	backsolveCost: 6980
node 14	AtA: 11240	cholCost: 26264	addCost: 1432	backsolveCost: 6980
node 15	AtA: 11240	cholCost: 26264	addCost: 1432	backsolveCost: 6980
node 16	AtA: 11240	cholCost: 26264	addCost: 1432	backsolveCost: 6980
node 17	AtA: 11240	cholCost: 26264	addCost: 1432	backsolveCost: 6980
node 18	AtA: 13862	cholCost: 37265	addCost: 1000	backsolveCost: 13536
node 19	AtA: -1	cholCost: 0	addCost: -1	backsolveCost: 404

