cliques
133
node 0	AtA: 14858	cholCost: 0	addCost: 2200	backsolveCost: 24220
node 1	AtA: 12236	cholCost: 0	addCost: 2200	backsolveCost: 16002
node 2	AtA: 12236	cholCost: 2688	addCost: 2200	backsolveCost: 16002
node 3	AtA: 19228	cholCost: 10416	addCost: 4888	backsolveCost: 31323
node 4	AtA: 17480	cholCost: 18823	addCost: 7912	backsolveCost: 31775
node 5	AtA: 14858	cholCost: 0	addCost: 4072	backsolveCost: 24624
node 6	AtA: 11362	cholCost: 0	addCost: 4888	backsolveCost: 16464
node 7	AtA: 13984	cholCost: 6028	addCost: 3352	backsolveCost: 24523
node 8	AtA: 20976	cholCost: 10416	addCost: 4888	backsolveCost: 31323
node 9	AtA: 18354	cholCost: 8401	addCost: 4072	backsolveCost: 24624
node 10	AtA: 18354	cholCost: 8395	addCost: 4072	backsolveCost: 24624
node 11	AtA: 18354	cholCost: 8395	addCost: 4072	backsolveCost: 24624
node 12	AtA: 18354	cholCost: 8395	addCost: 4072	backsolveCost: 24624
node 13	AtA: 20854	cholCost: 0	addCost: 4072	backsolveCost: 24624
node 14	AtA: 23476	cholCost: 0	addCost: 4888	backsolveCost: 31323
node 15	AtA: 9492	cholCost: 0	addCost: 7912	backsolveCost: 16772
node 16	AtA: 9614	cholCost: 27217	addCost: 11800	backsolveCost: 32340
node 17	AtA: 14858	cholCost: 9689	addCost: 4888	backsolveCost: 24826
node 18	AtA: 20854	cholCost: 0	addCost: 4072	backsolveCost: 24624
node 19	AtA: 20854	cholCost: 0	addCost: 4072	backsolveCost: 24624
node 20	AtA: 2422	cholCost: 60341	addCost: 22168	backsolveCost: 44839
node 21	AtA: 18354	cholCost: 8268	addCost: 4072	backsolveCost: 24624
node 22	AtA: 19228	cholCost: 18847	addCost: 7912	backsolveCost: 31775
node 23	AtA: 18354	cholCost: 8407	addCost: 4072	backsolveCost: 24624
node 24	AtA: 14736	cholCost: 31131	addCost: 2200	backsolveCost: 16002
node 25	AtA: 21728	cholCost: 74745	addCost: 4888	backsolveCost: 31323
node 26	AtA: 20854	cholCost: 53322	addCost: 4072	backsolveCost: 24624
node 27	AtA: 13862	cholCost: 75952	addCost: 9112	backsolveCost: 25432
node 28	AtA: 23476	cholCost: 74745	addCost: 4888	backsolveCost: 31323
node 29	AtA: 15610	cholCost: 32379	addCost: 2728	backsolveCost: 16079
node 30	AtA: 14736	cholCost: 31131	addCost: 2200	backsolveCost: 16002
node 31	AtA: 12988	cholCost: 45108	addCost: 5800	backsolveCost: 16541
node 32	AtA: 19980	cholCost: 98956	addCost: 9112	backsolveCost: 32001
node 33	AtA: 16484	cholCost: 119132	addCost: 13288	backsolveCost: 32453
node 34	AtA: 3884	cholCost: 84420	addCost: 20200	backsolveCost: 17696
node 35	AtA: 23476	cholCost: 74745	addCost: 4888	backsolveCost: 31323
node 36	AtA: 20854	cholCost: 53322	addCost: 4072	backsolveCost: 24624
node 37	AtA: 21728	cholCost: 92924	addCost: 7912	backsolveCost: 31775
node 38	AtA: 3884	cholCost: 85044	addCost: 22168	backsolveCost: 17850
node 39	AtA: 20854	cholCost: 53322	addCost: 4072	backsolveCost: 24624
node 40	AtA: 20854	cholCost: 53322	addCost: 4072	backsolveCost: 24624
node 41	AtA: 12988	cholCost: 58836	addCost: 10408	backsolveCost: 17003
node 42	AtA: 14736	cholCost: 31131	addCost: 2200	backsolveCost: 16002
node 43	AtA: 21728	cholCost: 74745	addCost: 4888	backsolveCost: 31323
node 44	AtA: 12114	cholCost: 40865	addCost: 4888	backsolveCost: 16464
node 45	AtA: 20854	cholCost: 53322	addCost: 4072	backsolveCost: 24624
node 46	AtA: 14736	cholCost: 31131	addCost: 2200	backsolveCost: 16002
node 47	AtA: 16484	cholCost: 52490	addCost: 3352	backsolveCost: 24523
node 48	AtA: 12988	cholCost: 52596	addCost: 9112	backsolveCost: 16926
node 49	AtA: 4230	cholCost: 132362	addCost: 26392	backsolveCost: 26947
node 50	AtA: 5268	cholCost: 247216	addCost: 33448	backsolveCost: 54515
node 51	AtA: 16606	cholCost: 18880	addCost: 9112	backsolveCost: 25432
node 52	AtA: 14858	cholCost: 24929	addCost: 11800	backsolveCost: 25735
node 53	AtA: 4370	cholCost: 59755	addCost: 33448	backsolveCost: 18389
node 54	AtA: 3730	cholCost: 29263	addCost: 13288	backsolveCost: 25836
node 55	AtA: 14736	cholCost: 31131	addCost: 2200	backsolveCost: 16002
node 56	AtA: 21728	cholCost: 74745	addCost: 4888	backsolveCost: 31323
node 57	AtA: 14736	cholCost: 31131	addCost: 2200	backsolveCost: 16002
node 58	AtA: 21728	cholCost: 74745	addCost: 4888	backsolveCost: 31323
node 59	AtA: 14736	cholCost: 98956	addCost: 9112	backsolveCost: 32001
node 60	AtA: 13862	cholCost: 95920	addCost: 14872	backsolveCost: 26038
node 61	AtA: 3884	cholCost: 93905	addCost: 26392	backsolveCost: 18081
node 62	AtA: 5268	cholCost: 301880	addCost: 47128	backsolveCost: 55707
node 63	AtA: 20854	cholCost: 53322	addCost: 4072	backsolveCost: 24624
node 64	AtA: 14736	cholCost: 31131	addCost: 2200	backsolveCost: 16002
node 65	AtA: 14736	cholCost: 31131	addCost: 2200	backsolveCost: 16002
node 66	AtA: 12988	cholCost: 40865	addCost: 4888	backsolveCost: 16464
node 67	AtA: 12988	cholCost: 40865	addCost: 4888	backsolveCost: 16464
node 68	AtA: 13862	cholCost: 75952	addCost: 9112	backsolveCost: 25432
node 69	AtA: 14736	cholCost: 31131	addCost: 2200	backsolveCost: 16002
node 70	AtA: 21728	cholCost: 74745	addCost: 4888	backsolveCost: 31323
node 71	AtA: 20854	cholCost: 53322	addCost: 4072	backsolveCost: 24624
node 72	AtA: 14736	cholCost: 31131	addCost: 2200	backsolveCost: 16002
node 73	AtA: 16484	cholCost: 52490	addCost: 3352	backsolveCost: 24523
node 74	AtA: 17358	cholCost: 57981	addCost: 4888	backsolveCost: 24826
node 75	AtA: 13862	cholCost: 75952	addCost: 9112	backsolveCost: 25432
node 76	AtA: 10366	cholCost: 88432	addCost: 11800	backsolveCost: 25735
node 77	AtA: 10366	cholCost: 115888	addCost: 22168	backsolveCost: 26644
node 78	AtA: 20854	cholCost: 53322	addCost: 4072	backsolveCost: 24624
node 79	AtA: 20854	cholCost: 53322	addCost: 4072	backsolveCost: 24624
node 80	AtA: 22602	cholCost: 149448	addCost: 13288	backsolveCost: 43743
node 81	AtA: 20854	cholCost: 53322	addCost: 4072	backsolveCost: 24624
node 82	AtA: 20854	cholCost: 53322	addCost: 4072	backsolveCost: 24624
node 83	AtA: 12988	cholCost: 58836	addCost: 10408	backsolveCost: 17003
node 84	AtA: 14736	cholCost: 31131	addCost: 2200	backsolveCost: 16002
node 85	AtA: 21728	cholCost: 74745	addCost: 4888	backsolveCost: 31323
node 86	AtA: 14736	cholCost: 31131	addCost: 2200	backsolveCost: 16002
node 87	AtA: 21728	cholCost: 74745	addCost: 4888	backsolveCost: 31323
node 88	AtA: 4230	cholCost: 108400	addCost: 18328	backsolveCost: 26341
node 89	AtA: 4230	cholCost: 132362	addCost: 26392	backsolveCost: 26947
node 90	AtA: 4922	cholCost: 254781	addCost: 38632	backsolveCost: 46209
node 91	AtA: 20854	cholCost: 53322	addCost: 4072	backsolveCost: 24624
node 92	AtA: 20854	cholCost: 53322	addCost: 4072	backsolveCost: 24624
node 93	AtA: 20854	cholCost: 53322	addCost: 4072	backsolveCost: 24624
node 94	AtA: 14736	cholCost: 119132	addCost: 13288	backsolveCost: 32453
node 95	AtA: 20854	cholCost: 53322	addCost: 4072	backsolveCost: 24624
node 96	AtA: 22602	cholCost: 149448	addCost: 13288	backsolveCost: 43743
node 97	AtA: 20854	cholCost: 53322	addCost: 4072	backsolveCost: 24624
node 98	AtA: 12236	cholCost: 2688	addCost: 2200	backsolveCost: 16002
node 99	AtA: 21728	cholCost: 74745	addCost: 4888	backsolveCost: 31323
node 100	AtA: 12988	cholCost: 64452	addCost: 11800	backsolveCost: 17157
node 101	AtA: 14736	cholCost: 31131	addCost: 2200	backsolveCost: 16002
node 102	AtA: 16484	cholCost: 52490	addCost: 3352	backsolveCost: 24523
node 103	AtA: 17358	cholCost: 57981	addCost: 4888	backsolveCost: 24826
node 104	AtA: 20854	cholCost: 53322	addCost: 4072	backsolveCost: 24624
node 105	AtA: 19980	cholCost: 52490	addCost: 3352	backsolveCost: 24523
node 106	AtA: 12988	cholCost: 52596	addCost: 9112	backsolveCost: 16926
node 107	AtA: 3884	cholCost: 52596	addCost: 9112	backsolveCost: 16926
node 108	AtA: 4230	cholCost: 95920	addCost: 14872	backsolveCost: 26038
node 109	AtA: 11240	cholCost: 163478	addCost: 26392	backsolveCost: 33696
node 110	AtA: 20854	cholCost: 53322	addCost: 4072	backsolveCost: 24624
node 111	AtA: 14736	cholCost: 31131	addCost: 2200	backsolveCost: 16002
node 112	AtA: 21728	cholCost: 74745	addCost: 4888	backsolveCost: 31323
node 113	AtA: 23476	cholCost: 150120	addCost: 11800	backsolveCost: 52131
node 114	AtA: 20854	cholCost: 53322	addCost: 4072	backsolveCost: 24624
node 115	AtA: 20854	cholCost: 53322	addCost: 4072	backsolveCost: 24624
node 116	AtA: 20854	cholCost: 53322	addCost: 4072	backsolveCost: 24624
node 117	AtA: 14736	cholCost: 31131	addCost: 2200	backsolveCost: 16002
node 118	AtA: 21728	cholCost: 74745	addCost: 4888	backsolveCost: 31323
node 119	AtA: 14736	cholCost: 31131	addCost: 2200	backsolveCost: 16002
node 120	AtA: 21728	cholCost: 74745	addCost: 4888	backsolveCost: 31323
node 121	AtA: 14736	cholCost: 98956	addCost: 9112	backsolveCost: 32001
node 122	AtA: 3884	cholCost: 66324	addCost: 14872	backsolveCost: 17388
node 123	AtA: 14736	cholCost: 133276	addCost: 18328	backsolveCost: 33018
node 124	AtA: 4230	cholCost: 132362	addCost: 26392	backsolveCost: 26947
node 125	AtA: 5268	cholCost: 264938	addCost: 38632	backsolveCost: 54962
node 126	AtA: 4922	cholCost: 254781	addCost: 38632	backsolveCost: 46209
node 127	AtA: 7344	cholCost: 557123	addCost: 38632	backsolveCost: 144035
node 128	AtA: 7344	cholCost: 616195	addCost: 47128	backsolveCost: 145320
node 129	AtA: 19106	cholCost: 553636	addCost: 18328	backsolveCost: 222180
node 130	AtA: 24350	cholCost: 306412	addCost: 1192	backsolveCost: 260345
node 131	AtA: 6870	cholCost: 16194	addCost: 1000	backsolveCost: 10977
node 132	AtA: -1	cholCost: 0	addCost: -1	backsolveCost: 1561

