cliques
163
node 0	AtA: 12236	cholCost: 2688	addCost: 2200	backsolveCost: 16002
node 1	AtA: 12236	cholCost: 2688	addCost: 2200	backsolveCost: 16002
node 2	AtA: 19228	cholCost: 10416	addCost: 4888	backsolveCost: 31323
node 3	AtA: 12236	cholCost: 2688	addCost: 2200	backsolveCost: 16002
node 4	AtA: 12236	cholCost: 0	addCost: 2200	backsolveCost: 16002
node 5	AtA: 13984	cholCost: 6028	addCost: 3352	backsolveCost: 24523
node 6	AtA: 18354	cholCost: 8407	addCost: 4072	backsolveCost: 24624
node 7	AtA: 14736	cholCost: 0	addCost: 2200	backsolveCost: 16002
node 8	AtA: 16484	cholCost: 0	addCost: 3352	backsolveCost: 24523
node 9	AtA: 20854	cholCost: 0	addCost: 4072	backsolveCost: 24624
node 10	AtA: 14736	cholCost: 0	addCost: 2200	backsolveCost: 16002
node 11	AtA: 13984	cholCost: 6028	addCost: 3352	backsolveCost: 24523
node 12	AtA: 14858	cholCost: 9520	addCost: 4888	backsolveCost: 24826
node 13	AtA: 11362	cholCost: 19007	addCost: 9112	backsolveCost: 25432
node 14	AtA: 12236	cholCost: 27217	addCost: 11800	backsolveCost: 32340
node 15	AtA: 18354	cholCost: 8268	addCost: 4072	backsolveCost: 24624
node 16	AtA: 17480	cholCost: 6155	addCost: 3352	backsolveCost: 24523
node 17	AtA: 18354	cholCost: 8395	addCost: 4072	backsolveCost: 24624
node 18	AtA: 14736	cholCost: 0	addCost: 2200	backsolveCost: 16002
node 19	AtA: 13984	cholCost: 6028	addCost: 3352	backsolveCost: 24523
node 20	AtA: 14858	cholCost: 9647	addCost: 4888	backsolveCost: 24826
node 21	AtA: 13984	cholCost: 26113	addCost: 9112	backsolveCost: 51684
node 22	AtA: 18354	cholCost: 8407	addCost: 4072	backsolveCost: 24624
node 23	AtA: 18354	cholCost: 8268	addCost: 4072	backsolveCost: 24624
node 24	AtA: 18354	cholCost: 8268	addCost: 4072	backsolveCost: 24624
node 25	AtA: 18354	cholCost: 8268	addCost: 4072	backsolveCost: 24624
node 26	AtA: 20854	cholCost: 0	addCost: 4072	backsolveCost: 24624
node 27	AtA: 21850	cholCost: 15744	addCost: 5800	backsolveCost: 42510
node 28	AtA: 14736	cholCost: 31131	addCost: 2200	backsolveCost: 16002
node 29	AtA: 21728	cholCost: 74745	addCost: 4888	backsolveCost: 31323
node 30	AtA: 20854	cholCost: 53322	addCost: 4072	backsolveCost: 24624
node 31	AtA: 19106	cholCost: 124488	addCost: 9112	backsolveCost: 43195
node 32	AtA: 20854	cholCost: 53322	addCost: 4072	backsolveCost: 24624
node 33	AtA: 23476	cholCost: 74745	addCost: 4888	backsolveCost: 31323
node 34	AtA: 23476	cholCost: 150120	addCost: 11800	backsolveCost: 52131
node 35	AtA: 20854	cholCost: 53322	addCost: 4072	backsolveCost: 24624
node 36	AtA: 23476	cholCost: 74745	addCost: 4888	backsolveCost: 31323
node 37	AtA: 20854	cholCost: 65635	addCost: 3352	backsolveCost: 30984
node 38	AtA: 14736	cholCost: 31131	addCost: 2200	backsolveCost: 16002
node 39	AtA: 19106	cholCost: 61808	addCost: 5800	backsolveCost: 24927
node 40	AtA: 11240	cholCost: 61808	addCost: 5800	backsolveCost: 24927
node 41	AtA: 8618	cholCost: 81776	addCost: 10408	backsolveCost: 25533
node 42	AtA: 7744	cholCost: 84420	addCost: 20200	backsolveCost: 17696
node 43	AtA: 20854	cholCost: 53322	addCost: 4072	backsolveCost: 24624
node 44	AtA: 20854	cholCost: 53322	addCost: 4072	backsolveCost: 24624
node 45	AtA: 12988	cholCost: 58836	addCost: 10408	backsolveCost: 17003
node 46	AtA: 20854	cholCost: 53322	addCost: 4072	backsolveCost: 24624
node 47	AtA: 18354	cholCost: 8401	addCost: 4072	backsolveCost: 24624
node 48	AtA: 23476	cholCost: 138888	addCost: 10408	backsolveCost: 51833
node 49	AtA: 20976	cholCost: 10416	addCost: 4888	backsolveCost: 31323
node 50	AtA: 23476	cholCost: 74745	addCost: 4888	backsolveCost: 31323
node 51	AtA: 15610	cholCost: 88432	addCost: 11800	backsolveCost: 25735
node 52	AtA: 11362	cholCost: 19061	addCost: 9112	backsolveCost: 25432
node 53	AtA: 13862	cholCost: 40241	addCost: 4072	backsolveCost: 16310
node 54	AtA: 11240	cholCost: 68464	addCost: 6808	backsolveCost: 25129
node 55	AtA: 15610	cholCost: 263495	addCost: 20200	backsolveCost: 77825
node 56	AtA: 13862	cholCost: 343665	addCost: 44200	backsolveCost: 69891
node 57	AtA: 20854	cholCost: 53322	addCost: 4072	backsolveCost: 24624
node 58	AtA: 20854	cholCost: 53322	addCost: 4072	backsolveCost: 24624
node 59	AtA: 20854	cholCost: 53322	addCost: 4072	backsolveCost: 24624
node 60	AtA: 14736	cholCost: 119132	addCost: 13288	backsolveCost: 32453
node 61	AtA: 23476	cholCost: 74745	addCost: 4888	backsolveCost: 31323
node 62	AtA: 20854	cholCost: 53322	addCost: 4072	backsolveCost: 24624
node 63	AtA: 12988	cholCost: 64452	addCost: 11800	backsolveCost: 17157
node 64	AtA: 20854	cholCost: 53322	addCost: 4072	backsolveCost: 24624
node 65	AtA: 20854	cholCost: 53322	addCost: 4072	backsolveCost: 24624
node 66	AtA: 18354	cholCost: 8407	addCost: 4072	backsolveCost: 24624
node 67	AtA: 13862	cholCost: 101744	addCost: 16552	backsolveCost: 26139
node 68	AtA: 3884	cholCost: 93905	addCost: 26392	backsolveCost: 18081
node 69	AtA: 3884	cholCost: 120488	addCost: 41368	backsolveCost: 18774
node 70	AtA: 20854	cholCost: 53322	addCost: 4072	backsolveCost: 24624
node 71	AtA: 20854	cholCost: 53322	addCost: 4072	backsolveCost: 24624
node 72	AtA: 20854	cholCost: 53322	addCost: 4072	backsolveCost: 24624
node 73	AtA: 21728	cholCost: 92924	addCost: 7912	backsolveCost: 31775
node 74	AtA: 10366	cholCost: 101744	addCost: 16552	backsolveCost: 26139
node 75	AtA: 20854	cholCost: 53322	addCost: 4072	backsolveCost: 24624
node 76	AtA: 19980	cholCost: 52490	addCost: 3352	backsolveCost: 24523
node 77	AtA: 21728	cholCost: 85852	addCost: 6808	backsolveCost: 31662
node 78	AtA: 13862	cholCost: 88432	addCost: 11800	backsolveCost: 25735
node 79	AtA: 20854	cholCost: 53322	addCost: 4072	backsolveCost: 24624
node 80	AtA: 14736	cholCost: 31131	addCost: 2200	backsolveCost: 16002
node 81	AtA: 21728	cholCost: 74745	addCost: 4888	backsolveCost: 31323
node 82	AtA: 14736	cholCost: 31131	addCost: 2200	backsolveCost: 16002
node 83	AtA: 21728	cholCost: 74745	addCost: 4888	backsolveCost: 31323
node 84	AtA: 16484	cholCost: 150120	addCost: 11800	backsolveCost: 52131
node 85	AtA: 3884	cholCost: 85044	addCost: 22168	backsolveCost: 17850
node 86	AtA: 4576	cholCost: 180576	addCost: 31000	backsolveCost: 34035
node 87	AtA: 5614	cholCost: 395333	addCost: 56488	backsolveCost: 70929
node 88	AtA: 20854	cholCost: 53322	addCost: 4072	backsolveCost: 24624
node 89	AtA: 20854	cholCost: 53322	addCost: 4072	backsolveCost: 24624
node 90	AtA: 20854	cholCost: 53322	addCost: 4072	backsolveCost: 24624
node 91	AtA: 14736	cholCost: 119132	addCost: 13288	backsolveCost: 32453
node 92	AtA: 20854	cholCost: 53322	addCost: 4072	backsolveCost: 24624
node 93	AtA: 20854	cholCost: 53322	addCost: 4072	backsolveCost: 24624
node 94	AtA: 20854	cholCost: 53322	addCost: 4072	backsolveCost: 24624
node 95	AtA: 14736	cholCost: 31131	addCost: 2200	backsolveCost: 16002
node 96	AtA: 21728	cholCost: 74745	addCost: 4888	backsolveCost: 31323
node 97	AtA: 14736	cholCost: 31131	addCost: 2200	backsolveCost: 16002
node 98	AtA: 21728	cholCost: 74745	addCost: 4888	backsolveCost: 31323
node 99	AtA: 9492	cholCost: 52596	addCost: 9112	backsolveCost: 16926
node 100	AtA: 3884	cholCost: 66324	addCost: 14872	backsolveCost: 17388
node 101	AtA: 14736	cholCost: 133276	addCost: 18328	backsolveCost: 33018
node 102	AtA: 20854	cholCost: 53322	addCost: 4072	backsolveCost: 24624
node 103	AtA: 20854	cholCost: 53322	addCost: 4072	backsolveCost: 24624
node 104	AtA: 23476	cholCost: 138888	addCost: 10408	backsolveCost: 51833
node 105	AtA: 20854	cholCost: 53322	addCost: 4072	backsolveCost: 24624
node 106	AtA: 14736	cholCost: 31131	addCost: 2200	backsolveCost: 16002
node 107	AtA: 21728	cholCost: 74745	addCost: 4888	backsolveCost: 31323
node 108	AtA: 14736	cholCost: 31131	addCost: 2200	backsolveCost: 16002
node 109	AtA: 21728	cholCost: 74745	addCost: 4888	backsolveCost: 31323
node 110	AtA: 14736	cholCost: 31131	addCost: 2200	backsolveCost: 16002
node 111	AtA: 21728	cholCost: 74745	addCost: 4888	backsolveCost: 31323
node 112	AtA: 14736	cholCost: 98956	addCost: 9112	backsolveCost: 32001
node 113	AtA: 4230	cholCost: 95920	addCost: 14872	backsolveCost: 26038
node 114	AtA: 3884	cholCost: 85044	addCost: 22168	backsolveCost: 17850
node 115	AtA: 4922	cholCost: 228822	addCost: 31000	backsolveCost: 45661
node 116	AtA: 4230	cholCost: 167806	addCost: 41368	backsolveCost: 27856
node 117	AtA: 14736	cholCost: 31131	addCost: 2200	backsolveCost: 16002
node 118	AtA: 21728	cholCost: 74745	addCost: 4888	backsolveCost: 31323
node 119	AtA: 12988	cholCost: 64452	addCost: 11800	backsolveCost: 17157
node 120	AtA: 20854	cholCost: 53322	addCost: 4072	backsolveCost: 24624
node 121	AtA: 22602	cholCost: 149448	addCost: 13288	backsolveCost: 43743
node 122	AtA: 3884	cholCost: 85044	addCost: 22168	backsolveCost: 17850
node 123	AtA: 20854	cholCost: 53322	addCost: 4072	backsolveCost: 24624
node 124	AtA: 20854	cholCost: 53322	addCost: 4072	backsolveCost: 24624
node 125	AtA: 12988	cholCost: 58836	addCost: 10408	backsolveCost: 17003
node 126	AtA: 14736	cholCost: 31131	addCost: 2200	backsolveCost: 16002
node 127	AtA: 14736	cholCost: 31131	addCost: 2200	backsolveCost: 16002
node 128	AtA: 12988	cholCost: 40865	addCost: 4888	backsolveCost: 16464
node 129	AtA: 12988	cholCost: 40865	addCost: 4888	backsolveCost: 16464
node 130	AtA: 20854	cholCost: 53322	addCost: 4072	backsolveCost: 24624
node 131	AtA: 14736	cholCost: 31131	addCost: 2200	backsolveCost: 16002
node 132	AtA: 21728	cholCost: 74745	addCost: 4888	backsolveCost: 31323
node 133	AtA: 13862	cholCost: 75952	addCost: 9112	backsolveCost: 25432
node 134	AtA: 10366	cholCost: 88432	addCost: 11800	backsolveCost: 25735
node 135	AtA: 6306	cholCost: 381048	addCost: 31000	backsolveCost: 96307
node 136	AtA: 12988	cholCost: 58836	addCost: 10408	backsolveCost: 17003
node 137	AtA: 20854	cholCost: 53322	addCost: 4072	backsolveCost: 24624
node 138	AtA: 20854	cholCost: 53322	addCost: 4072	backsolveCost: 24624
node 139	AtA: 12988	cholCost: 58836	addCost: 10408	backsolveCost: 17003
node 140	AtA: 18354	cholCost: 8268	addCost: 4072	backsolveCost: 24624
node 141	AtA: 16484	cholCost: 52490	addCost: 3352	backsolveCost: 24523
node 142	AtA: 17358	cholCost: 57981	addCost: 4888	backsolveCost: 24826
node 143	AtA: 13862	cholCost: 75952	addCost: 9112	backsolveCost: 25432
node 144	AtA: 3884	cholCost: 66324	addCost: 14872	backsolveCost: 17388
node 145	AtA: 5614	cholCost: 262210	addCost: 26392	backsolveCost: 68161
node 146	AtA: 20854	cholCost: 53322	addCost: 4072	backsolveCost: 24624
node 147	AtA: 21728	cholCost: 92924	addCost: 7912	backsolveCost: 31775
node 148	AtA: 19106	cholCost: 149448	addCost: 13288	backsolveCost: 43743
node 149	AtA: 20854	cholCost: 53322	addCost: 4072	backsolveCost: 24624
node 150	AtA: 20854	cholCost: 53322	addCost: 4072	backsolveCost: 24624
node 151	AtA: 21728	cholCost: 92924	addCost: 7912	backsolveCost: 31775
node 152	AtA: 10366	cholCost: 101744	addCost: 16552	backsolveCost: 26139
node 153	AtA: 12114	cholCost: 193378	addCost: 22168	backsolveCost: 44839
node 154	AtA: 3884	cholCost: 111627	addCost: 35992	backsolveCost: 18543
node 155	AtA: 5268	cholCost: 314610	addCost: 53272	backsolveCost: 56154
node 156	AtA: 5960	cholCost: 489137	addCost: 63208	backsolveCost: 82265
node 157	AtA: 7344	cholCost: 735338	addCost: 63208	backsolveCost: 147119
node 158	AtA: 8036	cholCost: 858852	addCost: 66712	backsolveCost: 187044
node 159	AtA: 22602	cholCost: 832661	addCost: 22168	backsolveCost: 323301
node 160	AtA: 25224	cholCost: 476921	addCost: 1192	backsolveCost: 402585
node 161	AtA: 6870	cholCost: 16194	addCost: 1000	backsolveCost: 10977
node 162	AtA: -1	cholCost: 0	addCost: -1	backsolveCost: 1561

