cliques
161
node 0	AtA: 12236	cholCost: 2688	addCost: 2200	backsolveCost: 16002
node 1	AtA: 18354	cholCost: 5520	addCost: 2728	backsolveCost: 30758
node 2	AtA: 18354	cholCost: 8401	addCost: 4072	backsolveCost: 24624
node 3	AtA: 20854	cholCost: 0	addCost: 4072	backsolveCost: 24624
node 4	AtA: 20976	cholCost: 31297	addCost: 10408	backsolveCost: 51833
node 5	AtA: 12236	cholCost: 2688	addCost: 2200	backsolveCost: 16002
node 6	AtA: 12236	cholCost: 2688	addCost: 2200	backsolveCost: 16002
node 7	AtA: 14736	cholCost: 32379	addCost: 2728	backsolveCost: 16079
node 8	AtA: 19980	cholCost: 74745	addCost: 4888	backsolveCost: 31323
node 9	AtA: 12988	cholCost: 40865	addCost: 4888	backsolveCost: 16464
node 10	AtA: 14736	cholCost: 32379	addCost: 2728	backsolveCost: 16079
node 11	AtA: 20854	cholCost: 74745	addCost: 4888	backsolveCost: 31323
node 12	AtA: 20854	cholCost: 53322	addCost: 4072	backsolveCost: 24624
node 13	AtA: 13862	cholCost: 75952	addCost: 9112	backsolveCost: 25432
node 14	AtA: 11240	cholCost: 88432	addCost: 11800	backsolveCost: 25735
node 15	AtA: 20854	cholCost: 53322	addCost: 4072	backsolveCost: 24624
node 16	AtA: 20854	cholCost: 53322	addCost: 4072	backsolveCost: 24624
node 17	AtA: 20854	cholCost: 53322	addCost: 4072	backsolveCost: 24624
node 18	AtA: 14736	cholCost: 119132	addCost: 13288	backsolveCost: 32453
node 19	AtA: 19106	cholCost: 52490	addCost: 3352	backsolveCost: 24523
node 20	AtA: 21728	cholCost: 85852	addCost: 6808	backsolveCost: 31662
node 21	AtA: 20854	cholCost: 53322	addCost: 4072	backsolveCost: 24624
node 22	AtA: 14736	cholCost: 31131	addCost: 2200	backsolveCost: 16002
node 23	AtA: 21728	cholCost: 74745	addCost: 4888	backsolveCost: 31323
node 24	AtA: 12114	cholCost: 138216	addCost: 11800	backsolveCost: 43606
node 25	AtA: 3884	cholCost: 85044	addCost: 22168	backsolveCost: 17850
node 26	AtA: 20854	cholCost: 53322	addCost: 4072	backsolveCost: 24624
node 27	AtA: 20854	cholCost: 53322	addCost: 4072	backsolveCost: 24624
node 28	AtA: 21728	cholCost: 92924	addCost: 7912	backsolveCost: 31775
node 29	AtA: 12988	cholCost: 72564	addCost: 16552	backsolveCost: 17465
node 30	AtA: 20854	cholCost: 53322	addCost: 4072	backsolveCost: 24624
node 31	AtA: 21728	cholCost: 74745	addCost: 4888	backsolveCost: 31323
node 32	AtA: 23476	cholCost: 74745	addCost: 4888	backsolveCost: 31323
node 33	AtA: 14736	cholCost: 31131	addCost: 2200	backsolveCost: 16002
node 34	AtA: 13862	cholCost: 40241	addCost: 4072	backsolveCost: 16310
node 35	AtA: 19980	cholCost: 110760	addCost: 6808	backsolveCost: 42784
node 36	AtA: 18232	cholCost: 184292	addCost: 13288	backsolveCost: 66258
node 37	AtA: 14736	cholCost: 132236	addCost: 16552	backsolveCost: 32792
node 38	AtA: 3884	cholCost: 111003	addCost: 33448	backsolveCost: 18389
node 39	AtA: 20854	cholCost: 53322	addCost: 4072	backsolveCost: 24624
node 40	AtA: 20854	cholCost: 53322	addCost: 4072	backsolveCost: 24624
node 41	AtA: 12988	cholCost: 58836	addCost: 10408	backsolveCost: 17003
node 42	AtA: 20976	cholCost: 10561	addCost: 4888	backsolveCost: 31323
node 43	AtA: 13862	cholCost: 108400	addCost: 18328	backsolveCost: 26341
node 44	AtA: 10366	cholCost: 141847	addCost: 31000	backsolveCost: 27250
node 45	AtA: 20854	cholCost: 57981	addCost: 4888	backsolveCost: 24826
node 46	AtA: 23476	cholCost: 74745	addCost: 4888	backsolveCost: 31323
node 47	AtA: 20854	cholCost: 53322	addCost: 4072	backsolveCost: 24624
node 48	AtA: 12988	cholCost: 64452	addCost: 11800	backsolveCost: 17157
node 49	AtA: 10366	cholCost: 72564	addCost: 16552	backsolveCost: 17465
node 50	AtA: 20854	cholCost: 53322	addCost: 4072	backsolveCost: 24624
node 51	AtA: 14736	cholCost: 31131	addCost: 2200	backsolveCost: 16002
node 52	AtA: 12988	cholCost: 40865	addCost: 4888	backsolveCost: 16464
node 53	AtA: 12988	cholCost: 40865	addCost: 4888	backsolveCost: 16464
node 54	AtA: 13862	cholCost: 75952	addCost: 9112	backsolveCost: 25432
node 55	AtA: 23476	cholCost: 74745	addCost: 4888	backsolveCost: 31323
node 56	AtA: 20854	cholCost: 53322	addCost: 4072	backsolveCost: 24624
node 57	AtA: 12236	cholCost: 2688	addCost: 2200	backsolveCost: 16002
node 58	AtA: 21728	cholCost: 74745	addCost: 4888	backsolveCost: 31323
node 59	AtA: 10366	cholCost: 89264	addCost: 13288	backsolveCost: 25836
node 60	AtA: 11240	cholCost: 140348	addCost: 20200	backsolveCost: 33131
node 61	AtA: 7744	cholCost: 149668	addCost: 33448	backsolveCost: 27351
node 62	AtA: 11240	cholCost: 326092	addCost: 56488	backsolveCost: 56303
node 63	AtA: 12988	cholCost: 593460	addCost: 66712	backsolveCost: 100069
node 64	AtA: 20854	cholCost: 53322	addCost: 4072	backsolveCost: 24624
node 65	AtA: 14736	cholCost: 31131	addCost: 2200	backsolveCost: 16002
node 66	AtA: 14736	cholCost: 31131	addCost: 2200	backsolveCost: 16002
node 67	AtA: 12988	cholCost: 40865	addCost: 4888	backsolveCost: 16464
node 68	AtA: 12988	cholCost: 40865	addCost: 4888	backsolveCost: 16464
node 69	AtA: 13862	cholCost: 75952	addCost: 9112	backsolveCost: 25432
node 70	AtA: 23476	cholCost: 74745	addCost: 4888	backsolveCost: 31323
node 71	AtA: 14736	cholCost: 32379	addCost: 2728	backsolveCost: 16079
node 72	AtA: 18232	cholCost: 52490	addCost: 3352	backsolveCost: 24523
node 73	AtA: 17358	cholCost: 57981	addCost: 4888	backsolveCost: 24826
node 74	AtA: 13862	cholCost: 68464	addCost: 6808	backsolveCost: 25129
node 75	AtA: 23476	cholCost: 74745	addCost: 4888	backsolveCost: 31323
node 76	AtA: 14736	cholCost: 32379	addCost: 2728	backsolveCost: 16079
node 77	AtA: 17358	cholCost: 53322	addCost: 4072	backsolveCost: 24624
node 78	AtA: 12988	cholCost: 64452	addCost: 11800	backsolveCost: 17157
node 79	AtA: 12114	cholCost: 125164	addCost: 14872	backsolveCost: 32679
node 80	AtA: 16484	cholCost: 140348	addCost: 20200	backsolveCost: 33131
node 81	AtA: 4230	cholCost: 123709	addCost: 24232	backsolveCost: 26745
node 82	AtA: 20854	cholCost: 53322	addCost: 4072	backsolveCost: 24624
node 83	AtA: 20854	cholCost: 53322	addCost: 4072	backsolveCost: 24624
node 84	AtA: 12988	cholCost: 58836	addCost: 10408	backsolveCost: 17003
node 85	AtA: 14736	cholCost: 31131	addCost: 2200	backsolveCost: 16002
node 86	AtA: 21728	cholCost: 74745	addCost: 4888	backsolveCost: 31323
node 87	AtA: 20854	cholCost: 53322	addCost: 4072	backsolveCost: 24624
node 88	AtA: 12236	cholCost: 2688	addCost: 2200	backsolveCost: 16002
node 89	AtA: 21728	cholCost: 74745	addCost: 4888	backsolveCost: 31323
node 90	AtA: 13862	cholCost: 75952	addCost: 9112	backsolveCost: 25432
node 91	AtA: 9492	cholCost: 66324	addCost: 14872	backsolveCost: 17388
node 92	AtA: 4230	cholCost: 108400	addCost: 18328	backsolveCost: 26341
node 93	AtA: 20854	cholCost: 53322	addCost: 4072	backsolveCost: 24624
node 94	AtA: 20854	cholCost: 53322	addCost: 4072	backsolveCost: 24624
node 95	AtA: 23476	cholCost: 138888	addCost: 10408	backsolveCost: 51833
node 96	AtA: 20854	cholCost: 53322	addCost: 4072	backsolveCost: 24624
node 97	AtA: 20854	cholCost: 53322	addCost: 4072	backsolveCost: 24624
node 98	AtA: 20854	cholCost: 53322	addCost: 4072	backsolveCost: 24624
node 99	AtA: 20854	cholCost: 53322	addCost: 4072	backsolveCost: 24624
node 100	AtA: 12988	cholCost: 58836	addCost: 10408	backsolveCost: 17003
node 101	AtA: 11240	cholCost: 132236	addCost: 16552	backsolveCost: 32792
node 102	AtA: 5614	cholCost: 326234	addCost: 41368	backsolveCost: 69718
node 103	AtA: 20854	cholCost: 53322	addCost: 4072	backsolveCost: 24624
node 104	AtA: 20854	cholCost: 53322	addCost: 4072	backsolveCost: 24624
node 105	AtA: 20854	cholCost: 53322	addCost: 4072	backsolveCost: 24624
node 106	AtA: 20854	cholCost: 53322	addCost: 4072	backsolveCost: 24624
node 107	AtA: 23476	cholCost: 138888	addCost: 10408	backsolveCost: 51833
node 108	AtA: 3884	cholCost: 72564	addCost: 16552	backsolveCost: 17465
node 109	AtA: 20854	cholCost: 53322	addCost: 4072	backsolveCost: 24624
node 110	AtA: 14736	cholCost: 31131	addCost: 2200	backsolveCost: 16002
node 111	AtA: 14736	cholCost: 31131	addCost: 2200	backsolveCost: 16002
node 112	AtA: 12988	cholCost: 40865	addCost: 4888	backsolveCost: 16464
node 113	AtA: 12988	cholCost: 40865	addCost: 4888	backsolveCost: 16464
node 114	AtA: 13862	cholCost: 75952	addCost: 9112	backsolveCost: 25432
node 115	AtA: 20854	cholCost: 53322	addCost: 4072	backsolveCost: 24624
node 116	AtA: 20854	cholCost: 53322	addCost: 4072	backsolveCost: 24624
node 117	AtA: 12988	cholCost: 58836	addCost: 10408	backsolveCost: 17003
node 118	AtA: 20854	cholCost: 53322	addCost: 4072	backsolveCost: 24624
node 119	AtA: 14736	cholCost: 31131	addCost: 2200	backsolveCost: 16002
node 120	AtA: 21728	cholCost: 74745	addCost: 4888	backsolveCost: 31323
node 121	AtA: 19106	cholCost: 124488	addCost: 9112	backsolveCost: 43195
node 122	AtA: 3884	cholCost: 66324	addCost: 14872	backsolveCost: 17388
node 123	AtA: 5960	cholCost: 329058	addCost: 31000	backsolveCost: 79305
node 124	AtA: 20854	cholCost: 53322	addCost: 4072	backsolveCost: 24624
node 125	AtA: 20854	cholCost: 53322	addCost: 4072	backsolveCost: 24624
node 126	AtA: 20854	cholCost: 53322	addCost: 4072	backsolveCost: 24624
node 127	AtA: 14736	cholCost: 119132	addCost: 13288	backsolveCost: 32453
node 128	AtA: 20854	cholCost: 53322	addCost: 4072	backsolveCost: 24624
node 129	AtA: 20854	cholCost: 53322	addCost: 4072	backsolveCost: 24624
node 130	AtA: 12988	cholCost: 58836	addCost: 10408	backsolveCost: 17003
node 131	AtA: 20854	cholCost: 53322	addCost: 4072	backsolveCost: 24624
node 132	AtA: 20854	cholCost: 53322	addCost: 4072	backsolveCost: 24624
node 133	AtA: 23476	cholCost: 138888	addCost: 10408	backsolveCost: 51833
node 134	AtA: 4922	cholCost: 230070	addCost: 33448	backsolveCost: 45798
node 135	AtA: 20854	cholCost: 53322	addCost: 4072	backsolveCost: 24624
node 136	AtA: 14736	cholCost: 31131	addCost: 2200	backsolveCost: 16002
node 137	AtA: 21728	cholCost: 74745	addCost: 4888	backsolveCost: 31323
node 138	AtA: 20854	cholCost: 53322	addCost: 4072	backsolveCost: 24624
node 139	AtA: 14736	cholCost: 31131	addCost: 2200	backsolveCost: 16002
node 140	AtA: 21728	cholCost: 74745	addCost: 4888	backsolveCost: 31323
node 141	AtA: 4230	cholCost: 75952	addCost: 9112	backsolveCost: 25432
node 142	AtA: 13862	cholCost: 95920	addCost: 14872	backsolveCost: 26038
node 143	AtA: 20854	cholCost: 53322	addCost: 4072	backsolveCost: 24624
node 144	AtA: 20854	cholCost: 53322	addCost: 4072	backsolveCost: 24624
node 145	AtA: 23476	cholCost: 138888	addCost: 10408	backsolveCost: 51833
node 146	AtA: 12236	cholCost: 2688	addCost: 2200	backsolveCost: 16002
node 147	AtA: 21728	cholCost: 74745	addCost: 4888	backsolveCost: 31323
node 148	AtA: 21728	cholCost: 74745	addCost: 4888	backsolveCost: 31323
node 149	AtA: 20854	cholCost: 53322	addCost: 4072	backsolveCost: 24624
node 150	AtA: 13862	cholCost: 75952	addCost: 9112	backsolveCost: 25432
node 151	AtA: 4576	cholCost: 153369	addCost: 22168	backsolveCost: 33357
node 152	AtA: 4922	cholCost: 204111	addCost: 26392	backsolveCost: 45250
node 153	AtA: 4922	cholCost: 312690	addCost: 53272	backsolveCost: 47305
node 154	AtA: 5614	cholCost: 448996	addCost: 70312	backsolveCost: 71967
node 155	AtA: 7344	cholCost: 791124	addCost: 70312	backsolveCost: 147890
node 156	AtA: 16484	cholCost: 641892	addCost: 74008	backsolveCost: 113493
node 157	AtA: 25224	cholCost: 1090568	addCost: 28648	backsolveCost: 417798
node 158	AtA: 28720	cholCost: 586075	addCost: 1192	backsolveCost: 493301
node 159	AtA: 6870	cholCost: 16194	addCost: 1000	backsolveCost: 10977
node 160	AtA: -1	cholCost: 0	addCost: -1	backsolveCost: 1561

