cliques
166
node 0	AtA: 12236	cholCost: 2688	addCost: 2200	backsolveCost: 16002
node 1	AtA: 13984	cholCost: 6028	addCost: 3352	backsolveCost: 24523
node 2	AtA: 12236	cholCost: 2688	addCost: 2200	backsolveCost: 16002
node 3	AtA: 12236	cholCost: 2688	addCost: 2200	backsolveCost: 16002
node 4	AtA: 12236	cholCost: 2688	addCost: 2200	backsolveCost: 16002
node 5	AtA: 12236	cholCost: 2688	addCost: 2200	backsolveCost: 16002
node 6	AtA: 11362	cholCost: 6708	addCost: 4072	backsolveCost: 16310
node 7	AtA: 19228	cholCost: 10416	addCost: 4888	backsolveCost: 31323
node 8	AtA: 13984	cholCost: 6028	addCost: 3352	backsolveCost: 24523
node 9	AtA: 17480	cholCost: 6028	addCost: 3352	backsolveCost: 24523
node 10	AtA: 19228	cholCost: 10416	addCost: 4888	backsolveCost: 31323
node 11	AtA: 18354	cholCost: 8413	addCost: 4072	backsolveCost: 24624
node 12	AtA: 20976	cholCost: 10416	addCost: 4888	backsolveCost: 31323
node 13	AtA: 7866	cholCost: 11371	addCost: 6808	backsolveCost: 16695
node 14	AtA: 12236	cholCost: 2688	addCost: 2200	backsolveCost: 16002
node 15	AtA: 14858	cholCost: 9520	addCost: 4888	backsolveCost: 24826
node 16	AtA: 19228	cholCost: 10416	addCost: 4888	backsolveCost: 31323
node 17	AtA: 12236	cholCost: 0	addCost: 2200	backsolveCost: 16002
node 18	AtA: 18354	cholCost: 8268	addCost: 4072	backsolveCost: 24624
node 19	AtA: 18354	cholCost: 8401	addCost: 4072	backsolveCost: 24624
node 20	AtA: 18354	cholCost: 8268	addCost: 4072	backsolveCost: 24624
node 21	AtA: 8740	cholCost: 4884	addCost: 3352	backsolveCost: 16233
node 22	AtA: 12236	cholCost: 0	addCost: 2200	backsolveCost: 16002
node 23	AtA: 18354	cholCost: 8268	addCost: 4072	backsolveCost: 24624
node 24	AtA: 16484	cholCost: 0	addCost: 3352	backsolveCost: 24523
node 25	AtA: 17358	cholCost: 0	addCost: 4888	backsolveCost: 24826
node 26	AtA: 18354	cholCost: 8268	addCost: 4072	backsolveCost: 24624
node 27	AtA: 3384	cholCost: 15360	addCost: 9112	backsolveCost: 16926
node 28	AtA: 6992	cholCost: 20293	addCost: 11800	backsolveCost: 17157
node 29	AtA: 10488	cholCost: 18709	addCost: 10408	backsolveCost: 17003
node 30	AtA: 18354	cholCost: 8268	addCost: 4072	backsolveCost: 24624
node 31	AtA: 18354	cholCost: 8401	addCost: 4072	backsolveCost: 24624
node 32	AtA: 18354	cholCost: 8401	addCost: 4072	backsolveCost: 24624
node 33	AtA: 20976	cholCost: 10561	addCost: 4888	backsolveCost: 31323
node 34	AtA: 12236	cholCost: 20791	addCost: 9112	backsolveCost: 32001
node 35	AtA: 20854	cholCost: 53322	addCost: 4072	backsolveCost: 24624
node 36	AtA: 20854	cholCost: 53322	addCost: 4072	backsolveCost: 24624
node 37	AtA: 12988	cholCost: 58836	addCost: 10408	backsolveCost: 17003
node 38	AtA: 20854	cholCost: 53322	addCost: 4072	backsolveCost: 24624
node 39	AtA: 20854	cholCost: 53322	addCost: 4072	backsolveCost: 24624
node 40	AtA: 22602	cholCost: 149448	addCost: 13288	backsolveCost: 43743
node 41	AtA: 10366	cholCost: 123709	addCost: 24232	backsolveCost: 26745
node 42	AtA: 20854	cholCost: 53322	addCost: 4072	backsolveCost: 24624
node 43	AtA: 20854	cholCost: 53322	addCost: 4072	backsolveCost: 24624
node 44	AtA: 20854	cholCost: 53322	addCost: 4072	backsolveCost: 24624
node 45	AtA: 14736	cholCost: 119132	addCost: 13288	backsolveCost: 32453
node 46	AtA: 20854	cholCost: 53322	addCost: 4072	backsolveCost: 24624
node 47	AtA: 14736	cholCost: 31131	addCost: 2200	backsolveCost: 16002
node 48	AtA: 21728	cholCost: 74745	addCost: 4888	backsolveCost: 31323
node 49	AtA: 19106	cholCost: 124488	addCost: 9112	backsolveCost: 43195
node 50	AtA: 21728	cholCost: 65635	addCost: 3352	backsolveCost: 30984
node 51	AtA: 14736	cholCost: 32379	addCost: 2728	backsolveCost: 16079
node 52	AtA: 20854	cholCost: 74745	addCost: 4888	backsolveCost: 31323
node 53	AtA: 25224	cholCost: 158500	addCost: 9112	backsolveCost: 65566
node 54	AtA: 4922	cholCost: 212348	addCost: 28648	backsolveCost: 45387
node 55	AtA: 20854	cholCost: 53322	addCost: 4072	backsolveCost: 24624
node 56	AtA: 20854	cholCost: 53322	addCost: 4072	backsolveCost: 24624
node 57	AtA: 14736	cholCost: 31131	addCost: 2200	backsolveCost: 16002
node 58	AtA: 21728	cholCost: 74745	addCost: 4888	backsolveCost: 31323
node 59	AtA: 20854	cholCost: 53322	addCost: 4072	backsolveCost: 24624
node 60	AtA: 14736	cholCost: 31131	addCost: 2200	backsolveCost: 16002
node 61	AtA: 21728	cholCost: 74745	addCost: 4888	backsolveCost: 31323
node 62	AtA: 4230	cholCost: 75952	addCost: 9112	backsolveCost: 25432
node 63	AtA: 3884	cholCost: 66324	addCost: 14872	backsolveCost: 17388
node 64	AtA: 20854	cholCost: 53322	addCost: 4072	backsolveCost: 24624
node 65	AtA: 21728	cholCost: 92924	addCost: 7912	backsolveCost: 31775
node 66	AtA: 20854	cholCost: 53322	addCost: 4072	backsolveCost: 24624
node 67	AtA: 14736	cholCost: 31131	addCost: 2200	backsolveCost: 16002
node 68	AtA: 14736	cholCost: 31131	addCost: 2200	backsolveCost: 16002
node 69	AtA: 12988	cholCost: 40865	addCost: 4888	backsolveCost: 16464
node 70	AtA: 12988	cholCost: 40865	addCost: 4888	backsolveCost: 16464
node 71	AtA: 13862	cholCost: 75952	addCost: 9112	backsolveCost: 25432
node 72	AtA: 9492	cholCost: 78180	addCost: 18328	backsolveCost: 17619
node 73	AtA: 4576	cholCost: 163478	addCost: 26392	backsolveCost: 33696
node 74	AtA: 20854	cholCost: 53322	addCost: 4072	backsolveCost: 24624
node 75	AtA: 20854	cholCost: 53322	addCost: 4072	backsolveCost: 24624
node 76	AtA: 16484	cholCost: 52490	addCost: 3352	backsolveCost: 24523
node 77	AtA: 17358	cholCost: 57981	addCost: 4888	backsolveCost: 24826
node 78	AtA: 13862	cholCost: 75952	addCost: 9112	backsolveCost: 25432
node 79	AtA: 13862	cholCost: 95920	addCost: 14872	backsolveCost: 26038
node 80	AtA: 20854	cholCost: 53322	addCost: 4072	backsolveCost: 24624
node 81	AtA: 23476	cholCost: 138888	addCost: 10408	backsolveCost: 51833
node 82	AtA: 20854	cholCost: 53322	addCost: 4072	backsolveCost: 24624
node 83	AtA: 20854	cholCost: 53322	addCost: 4072	backsolveCost: 24624
node 84	AtA: 12988	cholCost: 58836	addCost: 10408	backsolveCost: 17003
node 85	AtA: 20854	cholCost: 53322	addCost: 4072	backsolveCost: 24624
node 86	AtA: 20854	cholCost: 53322	addCost: 4072	backsolveCost: 24624
node 87	AtA: 20854	cholCost: 53322	addCost: 4072	backsolveCost: 24624
node 88	AtA: 21728	cholCost: 92924	addCost: 7912	backsolveCost: 31775
node 89	AtA: 4922	cholCost: 194626	addCost: 24232	backsolveCost: 44976
node 90	AtA: 5268	cholCost: 284657	addCost: 44200	backsolveCost: 55409
node 91	AtA: 4576	cholCost: 252962	addCost: 53272	backsolveCost: 35391
node 92	AtA: 5268	cholCost: 378507	addCost: 70312	backsolveCost: 57197
node 93	AtA: 20854	cholCost: 53322	addCost: 4072	backsolveCost: 24624
node 94	AtA: 20854	cholCost: 53322	addCost: 4072	backsolveCost: 24624
node 95	AtA: 20854	cholCost: 53322	addCost: 4072	backsolveCost: 24624
node 96	AtA: 23476	cholCost: 138888	addCost: 10408	backsolveCost: 51833
node 97	AtA: 13862	cholCost: 101744	addCost: 16552	backsolveCost: 26139
node 98	AtA: 20854	cholCost: 53322	addCost: 4072	backsolveCost: 24624
node 99	AtA: 14736	cholCost: 31131	addCost: 2200	backsolveCost: 16002
node 100	AtA: 21728	cholCost: 74745	addCost: 4888	backsolveCost: 31323
node 101	AtA: 20854	cholCost: 53322	addCost: 4072	backsolveCost: 24624
node 102	AtA: 14736	cholCost: 31131	addCost: 2200	backsolveCost: 16002
node 103	AtA: 21728	cholCost: 74745	addCost: 4888	backsolveCost: 31323
node 104	AtA: 13862	cholCost: 75952	addCost: 9112	backsolveCost: 25432
node 105	AtA: 12114	cholCost: 156936	addCost: 14872	backsolveCost: 44017
node 106	AtA: 20854	cholCost: 53322	addCost: 4072	backsolveCost: 24624
node 107	AtA: 12988	cholCost: 58836	addCost: 10408	backsolveCost: 17003
node 108	AtA: 20854	cholCost: 53322	addCost: 4072	backsolveCost: 24624
node 109	AtA: 20854	cholCost: 53322	addCost: 4072	backsolveCost: 24624
node 110	AtA: 22602	cholCost: 149448	addCost: 13288	backsolveCost: 43743
node 111	AtA: 11240	cholCost: 140348	addCost: 20200	backsolveCost: 33131
node 112	AtA: 20854	cholCost: 53322	addCost: 4072	backsolveCost: 24624
node 113	AtA: 13862	cholCost: 108400	addCost: 18328	backsolveCost: 26341
node 114	AtA: 20854	cholCost: 53322	addCost: 4072	backsolveCost: 24624
node 115	AtA: 13862	cholCost: 75952	addCost: 9112	backsolveCost: 25432
node 116	AtA: 23476	cholCost: 138888	addCost: 10408	backsolveCost: 51833
node 117	AtA: 5614	cholCost: 280556	addCost: 31000	backsolveCost: 68680
node 118	AtA: 4922	cholCost: 264266	addCost: 41368	backsolveCost: 46483
node 119	AtA: 6652	cholCost: 594468	addCost: 63208	backsolveCost: 112388
node 120	AtA: 23476	cholCost: 74745	addCost: 4888	backsolveCost: 31323
node 121	AtA: 20854	cholCost: 53322	addCost: 4072	backsolveCost: 24624
node 122	AtA: 20854	cholCost: 53322	addCost: 4072	backsolveCost: 24624
node 123	AtA: 23476	cholCost: 138888	addCost: 10408	backsolveCost: 51833
node 124	AtA: 13862	cholCost: 108400	addCost: 18328	backsolveCost: 26341
node 125	AtA: 14736	cholCost: 31131	addCost: 2200	backsolveCost: 16002
node 126	AtA: 21728	cholCost: 74745	addCost: 4888	backsolveCost: 31323
node 127	AtA: 23476	cholCost: 74745	addCost: 4888	backsolveCost: 31323
node 128	AtA: 12988	cholCost: 65700	addCost: 13288	backsolveCost: 17234
node 129	AtA: 23476	cholCost: 74745	addCost: 4888	backsolveCost: 31323
node 130	AtA: 14736	cholCost: 31131	addCost: 2200	backsolveCost: 16002
node 131	AtA: 13862	cholCost: 40241	addCost: 4072	backsolveCost: 16310
node 132	AtA: 13862	cholCost: 40865	addCost: 4888	backsolveCost: 16464
node 133	AtA: 14736	cholCost: 31131	addCost: 2200	backsolveCost: 16002
node 134	AtA: 21728	cholCost: 74745	addCost: 4888	backsolveCost: 31323
node 135	AtA: 14736	cholCost: 51972	addCost: 7912	backsolveCost: 16772
node 136	AtA: 11240	cholCost: 81776	addCost: 10408	backsolveCost: 25533
node 137	AtA: 10366	cholCost: 66324	addCost: 14872	backsolveCost: 17388
node 138	AtA: 8618	cholCost: 140348	addCost: 20200	backsolveCost: 33131
node 139	AtA: 8618	cholCost: 159153	addCost: 38632	backsolveCost: 27654
node 140	AtA: 23476	cholCost: 74745	addCost: 4888	backsolveCost: 31323
node 141	AtA: 17358	cholCost: 156936	addCost: 14872	backsolveCost: 44017
node 142	AtA: 11240	cholCost: 109232	addCost: 20200	backsolveCost: 26442
node 143	AtA: 20854	cholCost: 53322	addCost: 4072	backsolveCost: 24624
node 144	AtA: 23476	cholCost: 74745	addCost: 4888	backsolveCost: 31323
node 145	AtA: 20854	cholCost: 53322	addCost: 4072	backsolveCost: 24624
node 146	AtA: 20854	cholCost: 53322	addCost: 4072	backsolveCost: 24624
node 147	AtA: 23476	cholCost: 138888	addCost: 10408	backsolveCost: 51833
node 148	AtA: 3884	cholCost: 78180	addCost: 18328	backsolveCost: 17619
node 149	AtA: 20854	cholCost: 53322	addCost: 4072	backsolveCost: 24624
node 150	AtA: 18354	cholCost: 8395	addCost: 4072	backsolveCost: 24624
node 151	AtA: 20854	cholCost: 53322	addCost: 4072	backsolveCost: 24624
node 152	AtA: 12236	cholCost: 2688	addCost: 2200	backsolveCost: 16002
node 153	AtA: 10488	cholCost: 7728	addCost: 4888	backsolveCost: 16464
node 154	AtA: 12988	cholCost: 40865	addCost: 4888	backsolveCost: 16464
node 155	AtA: 4230	cholCost: 75952	addCost: 9112	backsolveCost: 25432
node 156	AtA: 3884	cholCost: 66324	addCost: 14872	backsolveCost: 17388
node 157	AtA: 3884	cholCost: 85044	addCost: 22168	backsolveCost: 17850
node 158	AtA: 4576	cholCost: 196634	addCost: 33448	backsolveCost: 34148
node 159	AtA: 10366	cholCost: 266186	addCost: 41368	backsolveCost: 55260
node 160	AtA: 11240	cholCost: 438555	addCost: 66712	backsolveCost: 71794
node 161	AtA: 8728	cholCost: 1057584	addCost: 66712	backsolveCost: 231063
node 162	AtA: 10458	cholCost: 1135751	addCost: 38632	backsolveCost: 360537
node 163	AtA: 39208	cholCost: 1047676	addCost: 1192	backsolveCost: 851091
node 164	AtA: 6870	cholCost: 16194	addCost: 1000	backsolveCost: 10977
node 165	AtA: -1	cholCost: 0	addCost: -1	backsolveCost: 1561

