cliques
96
node 0	AtA: 14858	cholCost: 0	addCost: 2200	backsolveCost: 24220
node 1	AtA: 12236	cholCost: 4884	addCost: 3352	backsolveCost: 16233
node 2	AtA: 10488	cholCost: 6708	addCost: 4072	backsolveCost: 16310
node 3	AtA: 12236	cholCost: 2688	addCost: 2200	backsolveCost: 16002
node 4	AtA: 12236	cholCost: 0	addCost: 2200	backsolveCost: 16002
node 5	AtA: 18354	cholCost: 9665	addCost: 4888	backsolveCost: 24826
node 6	AtA: 17480	cholCost: 6028	addCost: 3352	backsolveCost: 24523
node 7	AtA: 12236	cholCost: 2688	addCost: 2200	backsolveCost: 16002
node 8	AtA: 19228	cholCost: 10416	addCost: 4888	backsolveCost: 31323
node 9	AtA: 18354	cholCost: 8268	addCost: 4072	backsolveCost: 24624
node 10	AtA: 17480	cholCost: 6028	addCost: 3352	backsolveCost: 24523
node 11	AtA: 16484	cholCost: 0	addCost: 3352	backsolveCost: 24523
node 12	AtA: 12236	cholCost: 2688	addCost: 2200	backsolveCost: 16002
node 13	AtA: 19228	cholCost: 10416	addCost: 4888	backsolveCost: 31323
node 14	AtA: 14858	cholCost: 13931	addCost: 6808	backsolveCost: 25129
node 15	AtA: 19228	cholCost: 10416	addCost: 4888	backsolveCost: 31323
node 16	AtA: 12236	cholCost: 2688	addCost: 2200	backsolveCost: 16002
node 17	AtA: 18354	cholCost: 9520	addCost: 4888	backsolveCost: 24826
node 18	AtA: 19106	cholCost: 52490	addCost: 3352	backsolveCost: 24523
node 19	AtA: 17358	cholCost: 57981	addCost: 4888	backsolveCost: 24826
node 20	AtA: 20854	cholCost: 53322	addCost: 4072	backsolveCost: 24624
node 21	AtA: 14736	cholCost: 32379	addCost: 2728	backsolveCost: 16079
node 22	AtA: 20854	cholCost: 74745	addCost: 4888	backsolveCost: 31323
node 23	AtA: 14736	cholCost: 31131	addCost: 2200	backsolveCost: 16002
node 24	AtA: 21728	cholCost: 74745	addCost: 4888	backsolveCost: 31323
node 25	AtA: 9492	cholCost: 45732	addCost: 6808	backsolveCost: 16695
node 26	AtA: 20854	cholCost: 53322	addCost: 4072	backsolveCost: 24624
node 27	AtA: 12988	cholCost: 58836	addCost: 10408	backsolveCost: 17003
node 28	AtA: 11240	cholCost: 119132	addCost: 13288	backsolveCost: 32453
node 29	AtA: 20854	cholCost: 53322	addCost: 4072	backsolveCost: 24624
node 30	AtA: 12236	cholCost: 2688	addCost: 2200	backsolveCost: 16002
node 31	AtA: 12236	cholCost: 2688	addCost: 2200	backsolveCost: 16002
node 32	AtA: 12988	cholCost: 40865	addCost: 4888	backsolveCost: 16464
node 33	AtA: 12988	cholCost: 40865	addCost: 4888	backsolveCost: 16464
node 34	AtA: 13862	cholCost: 75952	addCost: 9112	backsolveCost: 25432
node 35	AtA: 13984	cholCost: 9647	addCost: 4888	backsolveCost: 24826
node 36	AtA: 20854	cholCost: 53322	addCost: 4072	backsolveCost: 24624
node 37	AtA: 21728	cholCost: 92924	addCost: 7912	backsolveCost: 31775
node 38	AtA: 14736	cholCost: 107068	addCost: 11800	backsolveCost: 32340
node 39	AtA: 3884	cholCost: 66324	addCost: 14872	backsolveCost: 17388
node 40	AtA: 20854	cholCost: 53322	addCost: 4072	backsolveCost: 24624
node 41	AtA: 20854	cholCost: 53322	addCost: 4072	backsolveCost: 24624
node 42	AtA: 11240	cholCost: 35998	addCost: 3352	backsolveCost: 16233
node 43	AtA: 20854	cholCost: 53322	addCost: 4072	backsolveCost: 24624
node 44	AtA: 14736	cholCost: 31131	addCost: 2200	backsolveCost: 16002
node 45	AtA: 21728	cholCost: 74745	addCost: 4888	backsolveCost: 31323
node 46	AtA: 21728	cholCost: 189280	addCost: 9112	backsolveCost: 75975
node 47	AtA: 3884	cholCost: 66324	addCost: 14872	backsolveCost: 17388
node 48	AtA: 4576	cholCost: 140348	addCost: 20200	backsolveCost: 33131
node 49	AtA: 20854	cholCost: 53322	addCost: 4072	backsolveCost: 24624
node 50	AtA: 14736	cholCost: 32379	addCost: 2728	backsolveCost: 16079
node 51	AtA: 20854	cholCost: 74745	addCost: 4888	backsolveCost: 31323
node 52	AtA: 14736	cholCost: 32379	addCost: 2728	backsolveCost: 16079
node 53	AtA: 11240	cholCost: 45108	addCost: 5800	backsolveCost: 16541
node 54	AtA: 10366	cholCost: 156936	addCost: 14872	backsolveCost: 44017
node 55	AtA: 14736	cholCost: 31131	addCost: 2200	backsolveCost: 16002
node 56	AtA: 21728	cholCost: 74745	addCost: 4888	backsolveCost: 31323
node 57	AtA: 20854	cholCost: 53322	addCost: 4072	backsolveCost: 24624
node 58	AtA: 14736	cholCost: 31131	addCost: 2200	backsolveCost: 16002
node 59	AtA: 16484	cholCost: 52490	addCost: 3352	backsolveCost: 24523
node 60	AtA: 12988	cholCost: 52596	addCost: 9112	backsolveCost: 16926
node 61	AtA: 3884	cholCost: 52596	addCost: 9112	backsolveCost: 16926
node 62	AtA: 20854	cholCost: 53322	addCost: 4072	backsolveCost: 24624
node 63	AtA: 20854	cholCost: 53322	addCost: 4072	backsolveCost: 24624
node 64	AtA: 14736	cholCost: 31131	addCost: 2200	backsolveCost: 16002
node 65	AtA: 16484	cholCost: 52490	addCost: 3352	backsolveCost: 24523
node 66	AtA: 17358	cholCost: 57981	addCost: 4888	backsolveCost: 24826
node 67	AtA: 17358	cholCost: 68464	addCost: 6808	backsolveCost: 25129
node 68	AtA: 3884	cholCost: 64452	addCost: 11800	backsolveCost: 17157
node 69	AtA: 14858	cholCost: 13804	addCost: 6808	backsolveCost: 25129
node 70	AtA: 11362	cholCost: 24887	addCost: 11800	backsolveCost: 25735
node 71	AtA: 14736	cholCost: 31131	addCost: 2200	backsolveCost: 16002
node 72	AtA: 21728	cholCost: 74745	addCost: 4888	backsolveCost: 31323
node 73	AtA: 14736	cholCost: 31131	addCost: 2200	backsolveCost: 16002
node 74	AtA: 16484	cholCost: 52490	addCost: 3352	backsolveCost: 24523
node 75	AtA: 19106	cholCost: 124488	addCost: 9112	backsolveCost: 43195
node 76	AtA: 3884	cholCost: 78180	addCost: 18328	backsolveCost: 17619
node 77	AtA: 18354	cholCost: 8268	addCost: 4072	backsolveCost: 24624
node 78	AtA: 12988	cholCost: 64452	addCost: 11800	backsolveCost: 17157
node 79	AtA: 20854	cholCost: 53322	addCost: 4072	backsolveCost: 24624
node 80	AtA: 21728	cholCost: 74745	addCost: 4888	backsolveCost: 31323
node 81	AtA: 14736	cholCost: 31131	addCost: 2200	backsolveCost: 16002
node 82	AtA: 21728	cholCost: 74745	addCost: 4888	backsolveCost: 31323
node 83	AtA: 9492	cholCost: 52596	addCost: 9112	backsolveCost: 16926
node 84	AtA: 14736	cholCost: 107068	addCost: 11800	backsolveCost: 32340
node 85	AtA: 4230	cholCost: 108400	addCost: 18328	backsolveCost: 26341
node 86	AtA: 5268	cholCost: 194050	addCost: 20200	backsolveCost: 53174
node 87	AtA: 4922	cholCost: 178901	addCost: 20200	backsolveCost: 44565
node 88	AtA: 4576	cholCost: 140348	addCost: 20200	backsolveCost: 33131
node 89	AtA: 5268	cholCost: 194050	addCost: 20200	backsolveCost: 53174
node 90	AtA: 5960	cholCost: 263495	addCost: 20200	backsolveCost: 77825
node 91	AtA: 4576	cholCost: 140348	addCost: 20200	backsolveCost: 33131
node 92	AtA: 12114	cholCost: 202592	addCost: 10408	backsolveCost: 76160
node 93	AtA: 19106	cholCost: 232452	addCost: 1192	backsolveCost: 195741
node 94	AtA: 6870	cholCost: 16194	addCost: 1000	backsolveCost: 10977
node 95	AtA: -1	cholCost: 0	addCost: -1	backsolveCost: 1561

