cliques
90
node 0	AtA: 14858	cholCost: 0	addCost: 2200	backsolveCost: 24220
node 1	AtA: 12236	cholCost: 0	addCost: 2200	backsolveCost: 16002
node 2	AtA: 12236	cholCost: 2688	addCost: 2200	backsolveCost: 16002
node 3	AtA: 19228	cholCost: 10543	addCost: 4888	backsolveCost: 31323
node 4	AtA: 12236	cholCost: 2688	addCost: 2200	backsolveCost: 16002
node 5	AtA: 12236	cholCost: 0	addCost: 3352	backsolveCost: 16233
node 6	AtA: 13984	cholCost: 6028	addCost: 3352	backsolveCost: 24523
node 7	AtA: 12236	cholCost: 2688	addCost: 2200	backsolveCost: 16002
node 8	AtA: 13984	cholCost: 6155	addCost: 3352	backsolveCost: 24523
node 9	AtA: 12236	cholCost: 2688	addCost: 2200	backsolveCost: 16002
node 10	AtA: 12236	cholCost: 2688	addCost: 2200	backsolveCost: 16002
node 11	AtA: 10488	cholCost: 7728	addCost: 4888	backsolveCost: 16464
node 12	AtA: 10488	cholCost: 7728	addCost: 4888	backsolveCost: 16464
node 13	AtA: 21728	cholCost: 0	addCost: 6808	backsolveCost: 31662
node 14	AtA: 7866	cholCost: 19007	addCost: 9112	backsolveCost: 25432
node 15	AtA: 6992	cholCost: 25741	addCost: 14872	backsolveCost: 17388
node 16	AtA: 20854	cholCost: 53322	addCost: 4072	backsolveCost: 24624
node 17	AtA: 23476	cholCost: 126408	addCost: 9112	backsolveCost: 51684
node 18	AtA: 20854	cholCost: 53322	addCost: 4072	backsolveCost: 24624
node 19	AtA: 14736	cholCost: 31131	addCost: 2200	backsolveCost: 16002
node 20	AtA: 21728	cholCost: 74745	addCost: 4888	backsolveCost: 31323
node 21	AtA: 12988	cholCost: 64452	addCost: 11800	backsolveCost: 17157
node 22	AtA: 19106	cholCost: 52490	addCost: 3352	backsolveCost: 24523
node 23	AtA: 20854	cholCost: 53322	addCost: 4072	backsolveCost: 24624
node 24	AtA: 14736	cholCost: 31131	addCost: 2200	backsolveCost: 16002
node 25	AtA: 21728	cholCost: 74745	addCost: 4888	backsolveCost: 31323
node 26	AtA: 21728	cholCost: 189280	addCost: 9112	backsolveCost: 75975
node 27	AtA: 4230	cholCost: 95920	addCost: 14872	backsolveCost: 26038
node 28	AtA: 20854	cholCost: 53322	addCost: 4072	backsolveCost: 24624
node 29	AtA: 21728	cholCost: 74745	addCost: 4888	backsolveCost: 31323
node 30	AtA: 14736	cholCost: 31131	addCost: 2200	backsolveCost: 16002
node 31	AtA: 14736	cholCost: 31131	addCost: 2200	backsolveCost: 16002
node 32	AtA: 21728	cholCost: 74745	addCost: 4888	backsolveCost: 31323
node 33	AtA: 13862	cholCost: 68464	addCost: 6808	backsolveCost: 25129
node 34	AtA: 14736	cholCost: 107068	addCost: 11800	backsolveCost: 32340
node 35	AtA: 15610	cholCost: 138216	addCost: 11800	backsolveCost: 43606
node 36	AtA: 14736	cholCost: 31131	addCost: 2200	backsolveCost: 16002
node 37	AtA: 16484	cholCost: 52490	addCost: 3352	backsolveCost: 24523
node 38	AtA: 20854	cholCost: 53322	addCost: 4072	backsolveCost: 24624
node 39	AtA: 23476	cholCost: 126408	addCost: 9112	backsolveCost: 51684
node 40	AtA: 20854	cholCost: 53322	addCost: 4072	backsolveCost: 24624
node 41	AtA: 14736	cholCost: 31131	addCost: 2200	backsolveCost: 16002
node 42	AtA: 21728	cholCost: 74745	addCost: 4888	backsolveCost: 31323
node 43	AtA: 19106	cholCost: 124488	addCost: 9112	backsolveCost: 43195
node 44	AtA: 20854	cholCost: 53322	addCost: 4072	backsolveCost: 24624
node 45	AtA: 18232	cholCost: 52490	addCost: 3352	backsolveCost: 24523
node 46	AtA: 16484	cholCost: 57981	addCost: 4888	backsolveCost: 24826
node 47	AtA: 12988	cholCost: 40865	addCost: 4888	backsolveCost: 16464
node 48	AtA: 13862	cholCost: 75952	addCost: 9112	backsolveCost: 25432
node 49	AtA: 17358	cholCost: 57981	addCost: 4888	backsolveCost: 24826
node 50	AtA: 20854	cholCost: 53322	addCost: 4072	backsolveCost: 24624
node 51	AtA: 14736	cholCost: 31131	addCost: 2200	backsolveCost: 16002
node 52	AtA: 16484	cholCost: 52490	addCost: 3352	backsolveCost: 24523
node 53	AtA: 17358	cholCost: 57981	addCost: 4888	backsolveCost: 24826
node 54	AtA: 13862	cholCost: 75952	addCost: 9112	backsolveCost: 25432
node 55	AtA: 20854	cholCost: 53322	addCost: 4072	backsolveCost: 24624
node 56	AtA: 14736	cholCost: 32379	addCost: 2728	backsolveCost: 16079
node 57	AtA: 20854	cholCost: 74745	addCost: 4888	backsolveCost: 31323
node 58	AtA: 14736	cholCost: 32379	addCost: 2728	backsolveCost: 16079
node 59	AtA: 20854	cholCost: 74745	addCost: 4888	backsolveCost: 31323
node 60	AtA: 15610	cholCost: 98956	addCost: 9112	backsolveCost: 32001
node 61	AtA: 19106	cholCost: 156936	addCost: 14872	backsolveCost: 44017
node 62	AtA: 5614	cholCost: 205633	addCost: 16552	backsolveCost: 66777
node 63	AtA: 8618	cholCost: 132236	addCost: 16552	backsolveCost: 32792
node 64	AtA: 20854	cholCost: 53322	addCost: 4072	backsolveCost: 24624
node 65	AtA: 20854	cholCost: 53322	addCost: 4072	backsolveCost: 24624
node 66	AtA: 14736	cholCost: 31131	addCost: 2200	backsolveCost: 16002
node 67	AtA: 16484	cholCost: 52490	addCost: 3352	backsolveCost: 24523
node 68	AtA: 17358	cholCost: 57981	addCost: 4888	backsolveCost: 24826
node 69	AtA: 13862	cholCost: 75952	addCost: 9112	backsolveCost: 25432
node 70	AtA: 13862	cholCost: 95920	addCost: 14872	backsolveCost: 26038
node 71	AtA: 20854	cholCost: 53322	addCost: 4072	backsolveCost: 24624
node 72	AtA: 14736	cholCost: 32379	addCost: 2728	backsolveCost: 16079
node 73	AtA: 20854	cholCost: 74745	addCost: 4888	backsolveCost: 31323
node 74	AtA: 14736	cholCost: 31131	addCost: 2200	backsolveCost: 16002
node 75	AtA: 14736	cholCost: 40241	addCost: 4072	backsolveCost: 16310
node 76	AtA: 20854	cholCost: 57981	addCost: 4888	backsolveCost: 24826
node 77	AtA: 14736	cholCost: 32379	addCost: 2728	backsolveCost: 16079
node 78	AtA: 20854	cholCost: 74745	addCost: 4888	backsolveCost: 31323
node 79	AtA: 14736	cholCost: 125736	addCost: 10408	backsolveCost: 43332
node 80	AtA: 12988	cholCost: 158184	addCost: 16552	backsolveCost: 44154
node 81	AtA: 9492	cholCost: 165672	addCost: 18328	backsolveCost: 44428
node 82	AtA: 5268	cholCost: 179573	addCost: 18328	backsolveCost: 53025
node 83	AtA: 11240	cholCost: 220526	addCost: 18328	backsolveCost: 67123
node 84	AtA: 4576	cholCost: 133276	addCost: 18328	backsolveCost: 33018
node 85	AtA: 4576	cholCost: 133276	addCost: 18328	backsolveCost: 33018
node 86	AtA: 4922	cholCost: 165672	addCost: 18328	backsolveCost: 44428
node 87	AtA: 22602	cholCost: 382212	addCost: 1192	backsolveCost: 311672
node 88	AtA: 6870	cholCost: 16194	addCost: 1000	backsolveCost: 10977
node 89	AtA: -1	cholCost: 0	addCost: -1	backsolveCost: 1561

