cliques
158
node 0	AtA: 20854	cholCost: 53322	addCost: 4072	backsolveCost: 24624
node 1	AtA: 20854	cholCost: 53322	addCost: 4072	backsolveCost: 24624
node 2	AtA: 20854	cholCost: 53322	addCost: 4072	backsolveCost: 24624
node 3	AtA: 13862	cholCost: 101744	addCost: 16552	backsolveCost: 26139
node 4	AtA: 20854	cholCost: 53322	addCost: 4072	backsolveCost: 24624
node 5	AtA: 20854	cholCost: 53322	addCost: 4072	backsolveCost: 24624
node 6	AtA: 21728	cholCost: 92924	addCost: 7912	backsolveCost: 31775
node 7	AtA: 14736	cholCost: 31131	addCost: 2200	backsolveCost: 16002
node 8	AtA: 14736	cholCost: 31131	addCost: 2200	backsolveCost: 16002
node 9	AtA: 12988	cholCost: 40865	addCost: 4888	backsolveCost: 16464
node 10	AtA: 12988	cholCost: 40865	addCost: 4888	backsolveCost: 16464
node 11	AtA: 20854	cholCost: 53322	addCost: 4072	backsolveCost: 24624
node 12	AtA: 14736	cholCost: 31131	addCost: 2200	backsolveCost: 16002
node 13	AtA: 21728	cholCost: 74745	addCost: 4888	backsolveCost: 31323
node 14	AtA: 19106	cholCost: 124488	addCost: 9112	backsolveCost: 43195
node 15	AtA: 10366	cholCost: 88432	addCost: 11800	backsolveCost: 25735
node 16	AtA: 4230	cholCost: 115888	addCost: 22168	backsolveCost: 26644
node 17	AtA: 3884	cholCost: 120488	addCost: 41368	backsolveCost: 18774
node 18	AtA: 20854	cholCost: 53322	addCost: 4072	backsolveCost: 24624
node 19	AtA: 20854	cholCost: 53322	addCost: 4072	backsolveCost: 24624
node 20	AtA: 20854	cholCost: 53322	addCost: 4072	backsolveCost: 24624
node 21	AtA: 14736	cholCost: 119132	addCost: 13288	backsolveCost: 32453
node 22	AtA: 20854	cholCost: 53322	addCost: 4072	backsolveCost: 24624
node 23	AtA: 20854	cholCost: 53322	addCost: 4072	backsolveCost: 24624
node 24	AtA: 12988	cholCost: 58836	addCost: 10408	backsolveCost: 17003
node 25	AtA: 20854	cholCost: 53322	addCost: 4072	backsolveCost: 24624
node 26	AtA: 20854	cholCost: 53322	addCost: 4072	backsolveCost: 24624
node 27	AtA: 22602	cholCost: 149448	addCost: 13288	backsolveCost: 43743
node 28	AtA: 3884	cholCost: 84420	addCost: 20200	backsolveCost: 17696
node 29	AtA: 3884	cholCost: 111003	addCost: 33448	backsolveCost: 18389
node 30	AtA: 19106	cholCost: 52490	addCost: 3352	backsolveCost: 24523
node 31	AtA: 14736	cholCost: 32379	addCost: 2728	backsolveCost: 16079
node 32	AtA: 20854	cholCost: 74745	addCost: 4888	backsolveCost: 31323
node 33	AtA: 20854	cholCost: 53322	addCost: 4072	backsolveCost: 24624
node 34	AtA: 13862	cholCost: 75952	addCost: 9112	backsolveCost: 25432
node 35	AtA: 14736	cholCost: 89264	addCost: 13288	backsolveCost: 25836
node 36	AtA: 14736	cholCost: 31131	addCost: 2200	backsolveCost: 16002
node 37	AtA: 21728	cholCost: 74745	addCost: 4888	backsolveCost: 31323
node 38	AtA: 20854	cholCost: 53322	addCost: 4072	backsolveCost: 24624
node 39	AtA: 14736	cholCost: 31131	addCost: 2200	backsolveCost: 16002
node 40	AtA: 21728	cholCost: 74745	addCost: 4888	backsolveCost: 31323
node 41	AtA: 4230	cholCost: 75952	addCost: 9112	backsolveCost: 25432
node 42	AtA: 20854	cholCost: 53322	addCost: 4072	backsolveCost: 24624
node 43	AtA: 20854	cholCost: 53322	addCost: 4072	backsolveCost: 24624
node 44	AtA: 20854	cholCost: 53322	addCost: 4072	backsolveCost: 24624
node 45	AtA: 21728	cholCost: 92924	addCost: 7912	backsolveCost: 31775
node 46	AtA: 3884	cholCost: 65700	addCost: 13288	backsolveCost: 17234
node 47	AtA: 5614	cholCost: 263666	addCost: 28648	backsolveCost: 68334
node 48	AtA: 5268	cholCost: 313362	addCost: 50152	backsolveCost: 55856
node 49	AtA: 20854	cholCost: 53322	addCost: 4072	backsolveCost: 24624
node 50	AtA: 20854	cholCost: 53322	addCost: 4072	backsolveCost: 24624
node 51	AtA: 22602	cholCost: 149448	addCost: 13288	backsolveCost: 43743
node 52	AtA: 20854	cholCost: 53322	addCost: 4072	backsolveCost: 24624
node 53	AtA: 20854	cholCost: 53322	addCost: 4072	backsolveCost: 24624
node 54	AtA: 20854	cholCost: 53322	addCost: 4072	backsolveCost: 24624
node 55	AtA: 20854	cholCost: 53322	addCost: 4072	backsolveCost: 24624
node 56	AtA: 12988	cholCost: 58836	addCost: 10408	backsolveCost: 17003
node 57	AtA: 10366	cholCost: 109232	addCost: 20200	backsolveCost: 26442
node 58	AtA: 12114	cholCost: 212348	addCost: 28648	backsolveCost: 45387
node 59	AtA: 20854	cholCost: 53322	addCost: 4072	backsolveCost: 24624
node 60	AtA: 20854	cholCost: 53322	addCost: 4072	backsolveCost: 24624
node 61	AtA: 20854	cholCost: 53322	addCost: 4072	backsolveCost: 24624
node 62	AtA: 14736	cholCost: 31131	addCost: 2200	backsolveCost: 16002
node 63	AtA: 21728	cholCost: 74745	addCost: 4888	backsolveCost: 31323
node 64	AtA: 14736	cholCost: 31131	addCost: 2200	backsolveCost: 16002
node 65	AtA: 21728	cholCost: 74745	addCost: 4888	backsolveCost: 31323
node 66	AtA: 4576	cholCost: 125164	addCost: 14872	backsolveCost: 32679
node 67	AtA: 14736	cholCost: 133276	addCost: 18328	backsolveCost: 33018
node 68	AtA: 20854	cholCost: 53322	addCost: 4072	backsolveCost: 24624
node 69	AtA: 20854	cholCost: 53322	addCost: 4072	backsolveCost: 24624
node 70	AtA: 20854	cholCost: 53322	addCost: 4072	backsolveCost: 24624
node 71	AtA: 14736	cholCost: 119132	addCost: 13288	backsolveCost: 32453
node 72	AtA: 14736	cholCost: 31131	addCost: 2200	backsolveCost: 16002
node 73	AtA: 16484	cholCost: 52490	addCost: 3352	backsolveCost: 24523
node 74	AtA: 20854	cholCost: 53322	addCost: 4072	backsolveCost: 24624
node 75	AtA: 14736	cholCost: 31131	addCost: 2200	backsolveCost: 16002
node 76	AtA: 21728	cholCost: 74745	addCost: 4888	backsolveCost: 31323
node 77	AtA: 20854	cholCost: 182836	addCost: 11800	backsolveCost: 66085
node 78	AtA: 11240	cholCost: 153369	addCost: 22168	backsolveCost: 33357
node 79	AtA: 4230	cholCost: 167806	addCost: 41368	backsolveCost: 27856
node 80	AtA: 5960	cholCost: 405937	addCost: 47128	backsolveCost: 80970
node 81	AtA: 6652	cholCost: 596340	addCost: 66712	backsolveCost: 112830
node 82	AtA: 23476	cholCost: 74745	addCost: 4888	backsolveCost: 31323
node 83	AtA: 23476	cholCost: 74745	addCost: 4888	backsolveCost: 31323
node 84	AtA: 13862	cholCost: 65700	addCost: 13288	backsolveCost: 17234
node 85	AtA: 20854	cholCost: 53322	addCost: 4072	backsolveCost: 24624
node 86	AtA: 20854	cholCost: 53322	addCost: 4072	backsolveCost: 24624
node 87	AtA: 14736	cholCost: 32379	addCost: 2728	backsolveCost: 16079
node 88	AtA: 17358	cholCost: 53322	addCost: 4072	backsolveCost: 24624
node 89	AtA: 23476	cholCost: 74745	addCost: 4888	backsolveCost: 31323
node 90	AtA: 9492	cholCost: 119132	addCost: 13288	backsolveCost: 32453
node 91	AtA: 6870	cholCost: 86292	addCost: 24232	backsolveCost: 17927
node 92	AtA: 18232	cholCost: 52490	addCost: 3352	backsolveCost: 24523
node 93	AtA: 16484	cholCost: 57981	addCost: 4888	backsolveCost: 24826
node 94	AtA: 12988	cholCost: 40865	addCost: 4888	backsolveCost: 16464
node 95	AtA: 20854	cholCost: 53322	addCost: 4072	backsolveCost: 24624
node 96	AtA: 14736	cholCost: 32379	addCost: 2728	backsolveCost: 16079
node 97	AtA: 20854	cholCost: 74745	addCost: 4888	backsolveCost: 31323
node 98	AtA: 7744	cholCost: 75952	addCost: 9112	backsolveCost: 25432
node 99	AtA: 20854	cholCost: 53322	addCost: 4072	backsolveCost: 24624
node 100	AtA: 20854	cholCost: 53322	addCost: 4072	backsolveCost: 24624
node 101	AtA: 20854	cholCost: 53322	addCost: 4072	backsolveCost: 24624
node 102	AtA: 14736	cholCost: 119132	addCost: 13288	backsolveCost: 32453
node 103	AtA: 20854	cholCost: 53322	addCost: 4072	backsolveCost: 24624
node 104	AtA: 18232	cholCost: 52490	addCost: 3352	backsolveCost: 24523
node 105	AtA: 17358	cholCost: 57981	addCost: 4888	backsolveCost: 24826
node 106	AtA: 18232	cholCost: 52490	addCost: 3352	backsolveCost: 24523
node 107	AtA: 17358	cholCost: 57981	addCost: 4888	backsolveCost: 24826
node 108	AtA: 17358	cholCost: 150120	addCost: 11800	backsolveCost: 52131
node 109	AtA: 3884	cholCost: 85044	addCost: 22168	backsolveCost: 17850
node 110	AtA: 8618	cholCost: 153369	addCost: 22168	backsolveCost: 33357
node 111	AtA: 8618	cholCost: 223841	addCost: 44200	backsolveCost: 34826
node 112	AtA: 20854	cholCost: 53322	addCost: 4072	backsolveCost: 24624
node 113	AtA: 23476	cholCost: 74745	addCost: 4888	backsolveCost: 31323
node 114	AtA: 14736	cholCost: 31131	addCost: 2200	backsolveCost: 16002
node 115	AtA: 21728	cholCost: 74745	addCost: 4888	backsolveCost: 31323
node 116	AtA: 14736	cholCost: 31131	addCost: 2200	backsolveCost: 16002
node 117	AtA: 16484	cholCost: 52490	addCost: 3352	backsolveCost: 24523
node 118	AtA: 13862	cholCost: 40241	addCost: 4072	backsolveCost: 16310
node 119	AtA: 15610	cholCost: 45732	addCost: 6808	backsolveCost: 16695
node 120	AtA: 15610	cholCost: 124488	addCost: 9112	backsolveCost: 43195
node 121	AtA: 10366	cholCost: 65700	addCost: 13288	backsolveCost: 17234
node 122	AtA: 14736	cholCost: 132236	addCost: 16552	backsolveCost: 32792
node 123	AtA: 20854	cholCost: 53322	addCost: 4072	backsolveCost: 24624
node 124	AtA: 20854	cholCost: 53322	addCost: 4072	backsolveCost: 24624
node 125	AtA: 23476	cholCost: 138888	addCost: 10408	backsolveCost: 51833
node 126	AtA: 14736	cholCost: 31131	addCost: 2200	backsolveCost: 16002
node 127	AtA: 21728	cholCost: 74745	addCost: 4888	backsolveCost: 31323
node 128	AtA: 20854	cholCost: 53322	addCost: 4072	backsolveCost: 24624
node 129	AtA: 14736	cholCost: 31131	addCost: 2200	backsolveCost: 16002
node 130	AtA: 21728	cholCost: 74745	addCost: 4888	backsolveCost: 31323
node 131	AtA: 12114	cholCost: 124488	addCost: 9112	backsolveCost: 43195
node 132	AtA: 15610	cholCost: 363326	addCost: 28648	backsolveCost: 95889
node 133	AtA: 20854	cholCost: 53322	addCost: 4072	backsolveCost: 24624
node 134	AtA: 20854	cholCost: 53322	addCost: 4072	backsolveCost: 24624
node 135	AtA: 12988	cholCost: 58836	addCost: 10408	backsolveCost: 17003
node 136	AtA: 23476	cholCost: 74745	addCost: 4888	backsolveCost: 31323
node 137	AtA: 23476	cholCost: 74745	addCost: 4888	backsolveCost: 31323
node 138	AtA: 13862	cholCost: 65700	addCost: 13288	backsolveCost: 17234
node 139	AtA: 20854	cholCost: 53322	addCost: 4072	backsolveCost: 24624
node 140	AtA: 14736	cholCost: 31131	addCost: 2200	backsolveCost: 16002
node 141	AtA: 16484	cholCost: 52490	addCost: 3352	backsolveCost: 24523
node 142	AtA: 23476	cholCost: 126408	addCost: 9112	backsolveCost: 51684
node 143	AtA: 20854	cholCost: 53322	addCost: 4072	backsolveCost: 24624
node 144	AtA: 21728	cholCost: 92924	addCost: 7912	backsolveCost: 31775
node 145	AtA: 14736	cholCost: 31131	addCost: 2200	backsolveCost: 16002
node 146	AtA: 21728	cholCost: 74745	addCost: 4888	backsolveCost: 31323
node 147	AtA: 20854	cholCost: 53322	addCost: 4072	backsolveCost: 24624
node 148	AtA: 14736	cholCost: 31131	addCost: 2200	backsolveCost: 16002
node 149	AtA: 21728	cholCost: 74745	addCost: 4888	backsolveCost: 31323
node 150	AtA: 4230	cholCost: 75952	addCost: 9112	backsolveCost: 25432
node 151	AtA: 4922	cholCost: 193378	addCost: 22168	backsolveCost: 44839
node 152	AtA: 11240	cholCost: 343665	addCost: 44200	backsolveCost: 69891
node 153	AtA: 10366	cholCost: 367026	addCost: 66712	backsolveCost: 57048
node 154	AtA: 14736	cholCost: 728772	addCost: 74008	backsolveCost: 133687
node 155	AtA: 47948	cholCost: 2049446	addCost: 1192	backsolveCost: 1584012
node 156	AtA: 6870	cholCost: 16194	addCost: 1000	backsolveCost: 10977
node 157	AtA: -1	cholCost: 0	addCost: -1	backsolveCost: 1561

