cliques
135
node 0	AtA: 14858	cholCost: 0	addCost: 2200	backsolveCost: 24220
node 1	AtA: 12236	cholCost: 2688	addCost: 2200	backsolveCost: 16002
node 2	AtA: 12236	cholCost: 2688	addCost: 2200	backsolveCost: 16002
node 3	AtA: 13984	cholCost: 6028	addCost: 3352	backsolveCost: 24523
node 4	AtA: 14858	cholCost: 9520	addCost: 4888	backsolveCost: 24826
node 5	AtA: 18354	cholCost: 8268	addCost: 4072	backsolveCost: 24624
node 6	AtA: 18354	cholCost: 8455	addCost: 4072	backsolveCost: 24624
node 7	AtA: 11362	cholCost: 0	addCost: 3352	backsolveCost: 16233
node 8	AtA: 18354	cholCost: 0	addCost: 5800	backsolveCost: 31436
node 9	AtA: 19228	cholCost: 10416	addCost: 4888	backsolveCost: 31323
node 10	AtA: 18354	cholCost: 8268	addCost: 4072	backsolveCost: 24624
node 11	AtA: 18354	cholCost: 8268	addCost: 4072	backsolveCost: 24624
node 12	AtA: 10488	cholCost: 18691	addCost: 10408	backsolveCost: 17003
node 13	AtA: 12236	cholCost: 2688	addCost: 2200	backsolveCost: 16002
node 14	AtA: 19228	cholCost: 10549	addCost: 4888	backsolveCost: 31323
node 15	AtA: 18354	cholCost: 8268	addCost: 4072	backsolveCost: 24624
node 16	AtA: 18354	cholCost: 8395	addCost: 4072	backsolveCost: 24624
node 17	AtA: 18354	cholCost: 8268	addCost: 4072	backsolveCost: 24624
node 18	AtA: 11362	cholCost: 0	addCost: 6808	backsolveCost: 16695
node 19	AtA: 7866	cholCost: 19067	addCost: 9112	backsolveCost: 25432
node 20	AtA: 20854	cholCost: 53322	addCost: 4072	backsolveCost: 24624
node 21	AtA: 21728	cholCost: 92924	addCost: 7912	backsolveCost: 31775
node 22	AtA: 20854	cholCost: 53322	addCost: 4072	backsolveCost: 24624
node 23	AtA: 20854	cholCost: 53322	addCost: 4072	backsolveCost: 24624
node 24	AtA: 12988	cholCost: 58836	addCost: 10408	backsolveCost: 17003
node 25	AtA: 20854	cholCost: 53322	addCost: 4072	backsolveCost: 24624
node 26	AtA: 20854	cholCost: 53322	addCost: 4072	backsolveCost: 24624
node 27	AtA: 20854	cholCost: 53322	addCost: 4072	backsolveCost: 24624
node 28	AtA: 14736	cholCost: 119132	addCost: 13288	backsolveCost: 32453
node 29	AtA: 21728	cholCost: 65635	addCost: 3352	backsolveCost: 30984
node 30	AtA: 14736	cholCost: 32379	addCost: 2728	backsolveCost: 16079
node 31	AtA: 18232	cholCost: 52490	addCost: 3352	backsolveCost: 24523
node 32	AtA: 17358	cholCost: 57981	addCost: 4888	backsolveCost: 24826
node 33	AtA: 13862	cholCost: 68464	addCost: 6808	backsolveCost: 25129
node 34	AtA: 19980	cholCost: 138216	addCost: 11800	backsolveCost: 43606
node 35	AtA: 20854	cholCost: 53322	addCost: 4072	backsolveCost: 24624
node 36	AtA: 10366	cholCost: 88432	addCost: 11800	backsolveCost: 25735
node 37	AtA: 10366	cholCost: 95920	addCost: 14872	backsolveCost: 26038
node 38	AtA: 20854	cholCost: 57981	addCost: 4888	backsolveCost: 24826
node 39	AtA: 20854	cholCost: 53322	addCost: 4072	backsolveCost: 24624
node 40	AtA: 20854	cholCost: 53322	addCost: 4072	backsolveCost: 24624
node 41	AtA: 16484	cholCost: 305168	addCost: 20200	backsolveCost: 94635
node 42	AtA: 11240	cholCost: 206743	addCost: 38632	backsolveCost: 34487
node 43	AtA: 23476	cholCost: 74745	addCost: 4888	backsolveCost: 31323
node 44	AtA: 20854	cholCost: 53322	addCost: 4072	backsolveCost: 24624
node 45	AtA: 14736	cholCost: 31131	addCost: 2200	backsolveCost: 16002
node 46	AtA: 21728	cholCost: 74745	addCost: 4888	backsolveCost: 31323
node 47	AtA: 19980	cholCost: 166344	addCost: 16552	backsolveCost: 52727
node 48	AtA: 20854	cholCost: 53322	addCost: 4072	backsolveCost: 24624
node 49	AtA: 14736	cholCost: 32379	addCost: 2728	backsolveCost: 16079
node 50	AtA: 20854	cholCost: 74745	addCost: 4888	backsolveCost: 31323
node 51	AtA: 13862	cholCost: 75952	addCost: 9112	backsolveCost: 25432
node 52	AtA: 23476	cholCost: 74745	addCost: 4888	backsolveCost: 31323
node 53	AtA: 23476	cholCost: 74745	addCost: 4888	backsolveCost: 31323
node 54	AtA: 14736	cholCost: 31131	addCost: 2200	backsolveCost: 16002
node 55	AtA: 13862	cholCost: 40241	addCost: 4072	backsolveCost: 16310
node 56	AtA: 19980	cholCost: 52490	addCost: 3352	backsolveCost: 24523
node 57	AtA: 19106	cholCost: 117000	addCost: 7912	backsolveCost: 42921
node 58	AtA: 9492	cholCost: 95920	addCost: 14872	backsolveCost: 26038
node 59	AtA: 6870	cholCost: 85044	addCost: 22168	backsolveCost: 17850
node 60	AtA: 8618	cholCost: 196634	addCost: 33448	backsolveCost: 34148
node 61	AtA: 20854	cholCost: 53322	addCost: 4072	backsolveCost: 24624
node 62	AtA: 14736	cholCost: 31131	addCost: 2200	backsolveCost: 16002
node 63	AtA: 16484	cholCost: 52490	addCost: 3352	backsolveCost: 24523
node 64	AtA: 20854	cholCost: 53322	addCost: 4072	backsolveCost: 24624
node 65	AtA: 20854	cholCost: 53322	addCost: 4072	backsolveCost: 24624
node 66	AtA: 14736	cholCost: 107068	addCost: 11800	backsolveCost: 32340
node 67	AtA: 13862	cholCost: 108400	addCost: 18328	backsolveCost: 26341
node 68	AtA: 20854	cholCost: 53322	addCost: 4072	backsolveCost: 24624
node 69	AtA: 20854	cholCost: 53322	addCost: 4072	backsolveCost: 24624
node 70	AtA: 20854	cholCost: 53322	addCost: 4072	backsolveCost: 24624
node 71	AtA: 14736	cholCost: 119132	addCost: 13288	backsolveCost: 32453
node 72	AtA: 14736	cholCost: 31131	addCost: 2200	backsolveCost: 16002
node 73	AtA: 21728	cholCost: 74745	addCost: 4888	backsolveCost: 31323
node 74	AtA: 20854	cholCost: 53322	addCost: 4072	backsolveCost: 24624
node 75	AtA: 14736	cholCost: 31131	addCost: 2200	backsolveCost: 16002
node 76	AtA: 21728	cholCost: 74745	addCost: 4888	backsolveCost: 31323
node 77	AtA: 12114	cholCost: 124488	addCost: 9112	backsolveCost: 43195
node 78	AtA: 5960	cholCost: 329058	addCost: 31000	backsolveCost: 79305
node 79	AtA: 11240	cholCost: 364008	addCost: 50152	backsolveCost: 70410
node 80	AtA: 20854	cholCost: 53322	addCost: 4072	backsolveCost: 24624
node 81	AtA: 14736	cholCost: 32379	addCost: 2728	backsolveCost: 16079
node 82	AtA: 19980	cholCost: 74745	addCost: 4888	backsolveCost: 31323
node 83	AtA: 12988	cholCost: 40865	addCost: 4888	backsolveCost: 16464
node 84	AtA: 20854	cholCost: 53322	addCost: 4072	backsolveCost: 24624
node 85	AtA: 14736	cholCost: 32379	addCost: 2728	backsolveCost: 16079
node 86	AtA: 19980	cholCost: 74745	addCost: 4888	backsolveCost: 31323
node 87	AtA: 12988	cholCost: 40865	addCost: 4888	backsolveCost: 16464
node 88	AtA: 13862	cholCost: 75952	addCost: 9112	backsolveCost: 25432
node 89	AtA: 18232	cholCost: 192196	addCost: 14872	backsolveCost: 66604
node 90	AtA: 20854	cholCost: 53322	addCost: 4072	backsolveCost: 24624
node 91	AtA: 20854	cholCost: 53322	addCost: 4072	backsolveCost: 24624
node 92	AtA: 20854	cholCost: 53322	addCost: 4072	backsolveCost: 24624
node 93	AtA: 20854	cholCost: 53322	addCost: 4072	backsolveCost: 24624
node 94	AtA: 12988	cholCost: 58836	addCost: 10408	backsolveCost: 17003
node 95	AtA: 20854	cholCost: 53322	addCost: 4072	backsolveCost: 24624
node 96	AtA: 20854	cholCost: 53322	addCost: 4072	backsolveCost: 24624
node 97	AtA: 12988	cholCost: 58836	addCost: 10408	backsolveCost: 17003
node 98	AtA: 3884	cholCost: 72564	addCost: 16552	backsolveCost: 17465
node 99	AtA: 3884	cholCost: 86292	addCost: 24232	backsolveCost: 17927
node 100	AtA: 12114	cholCost: 246544	addCost: 35992	backsolveCost: 46072
node 101	AtA: 20854	cholCost: 53322	addCost: 4072	backsolveCost: 24624
node 102	AtA: 20854	cholCost: 53322	addCost: 4072	backsolveCost: 24624
node 103	AtA: 18232	cholCost: 52490	addCost: 3352	backsolveCost: 24523
node 104	AtA: 16484	cholCost: 57981	addCost: 4888	backsolveCost: 24826
node 105	AtA: 12988	cholCost: 40865	addCost: 4888	backsolveCost: 16464
node 106	AtA: 14736	cholCost: 32379	addCost: 2728	backsolveCost: 16079
node 107	AtA: 20854	cholCost: 74745	addCost: 4888	backsolveCost: 31323
node 108	AtA: 20854	cholCost: 53322	addCost: 4072	backsolveCost: 24624
node 109	AtA: 13862	cholCost: 75952	addCost: 9112	backsolveCost: 25432
node 110	AtA: 11240	cholCost: 88432	addCost: 11800	backsolveCost: 25735
node 111	AtA: 3884	cholCost: 78180	addCost: 18328	backsolveCost: 17619
node 112	AtA: 20854	cholCost: 53322	addCost: 4072	backsolveCost: 24624
node 113	AtA: 21728	cholCost: 92924	addCost: 7912	backsolveCost: 31775
node 114	AtA: 20854	cholCost: 53322	addCost: 4072	backsolveCost: 24624
node 115	AtA: 12988	cholCost: 58836	addCost: 10408	backsolveCost: 17003
node 116	AtA: 21728	cholCost: 92924	addCost: 7912	backsolveCost: 31775
node 117	AtA: 14736	cholCost: 31131	addCost: 2200	backsolveCost: 16002
node 118	AtA: 16484	cholCost: 52490	addCost: 3352	backsolveCost: 24523
node 119	AtA: 17358	cholCost: 57981	addCost: 4888	backsolveCost: 24826
node 120	AtA: 14736	cholCost: 31131	addCost: 2200	backsolveCost: 16002
node 121	AtA: 12236	cholCost: 2688	addCost: 2200	backsolveCost: 16002
node 122	AtA: 16484	cholCost: 52490	addCost: 3352	backsolveCost: 24523
node 123	AtA: 23476	cholCost: 117672	addCost: 6808	backsolveCost: 51237
node 124	AtA: 3884	cholCost: 66324	addCost: 14872	backsolveCost: 17388
node 125	AtA: 3884	cholCost: 78180	addCost: 18328	backsolveCost: 17619
node 126	AtA: 4230	cholCost: 115888	addCost: 22168	backsolveCost: 26644
node 127	AtA: 5268	cholCost: 255453	addCost: 35992	backsolveCost: 54813
node 128	AtA: 4922	cholCost: 265514	addCost: 44200	backsolveCost: 46620
node 129	AtA: 14736	cholCost: 540906	addCost: 44200	backsolveCost: 130257
node 130	AtA: 16484	cholCost: 719228	addCost: 50152	backsolveCost: 168195
node 131	AtA: 17358	cholCost: 603260	addCost: 33448	backsolveCost: 182063
node 132	AtA: 35712	cholCost: 1047676	addCost: 1192	backsolveCost: 851091
node 133	AtA: 6870	cholCost: 16194	addCost: 1000	backsolveCost: 10977
node 134	AtA: -1	cholCost: 0	addCost: -1	backsolveCost: 1561

