cliques
85
node 0	AtA: 12236	cholCost: 2688	addCost: 2200	backsolveCost: 16002
node 1	AtA: 12236	cholCost: 2688	addCost: 2200	backsolveCost: 16002
node 2	AtA: 12236	cholCost: 2688	addCost: 2200	backsolveCost: 16002
node 3	AtA: 14858	cholCost: 3328	addCost: 2200	backsolveCost: 24220
node 4	AtA: 12236	cholCost: 4884	addCost: 3352	backsolveCost: 16233
node 5	AtA: 12236	cholCost: 7728	addCost: 4888	backsolveCost: 16464
node 6	AtA: 19228	cholCost: 10416	addCost: 4888	backsolveCost: 31323
node 7	AtA: 12236	cholCost: 20767	addCost: 9112	backsolveCost: 32001
node 8	AtA: 21850	cholCost: 13440	addCost: 5800	backsolveCost: 31436
node 9	AtA: 14736	cholCost: 32379	addCost: 2728	backsolveCost: 16079
node 10	AtA: 20854	cholCost: 74745	addCost: 4888	backsolveCost: 31323
node 11	AtA: 21728	cholCost: 65635	addCost: 3352	backsolveCost: 30984
node 12	AtA: 21728	cholCost: 85852	addCost: 6808	backsolveCost: 31662
node 13	AtA: 20854	cholCost: 53322	addCost: 4072	backsolveCost: 24624
node 14	AtA: 19980	cholCost: 52490	addCost: 3352	backsolveCost: 24523
node 15	AtA: 12236	cholCost: 2688	addCost: 2200	backsolveCost: 16002
node 16	AtA: 14736	cholCost: 31131	addCost: 2200	backsolveCost: 16002
node 17	AtA: 21728	cholCost: 74745	addCost: 4888	backsolveCost: 31323
node 18	AtA: 13862	cholCost: 68464	addCost: 6808	backsolveCost: 25129
node 19	AtA: 12988	cholCost: 45732	addCost: 6808	backsolveCost: 16695
node 20	AtA: 13862	cholCost: 88432	addCost: 11800	backsolveCost: 25735
node 21	AtA: 14736	cholCost: 125164	addCost: 14872	backsolveCost: 32679
node 22	AtA: 14736	cholCost: 31131	addCost: 2200	backsolveCost: 16002
node 23	AtA: 14736	cholCost: 31131	addCost: 2200	backsolveCost: 16002
node 24	AtA: 12988	cholCost: 40865	addCost: 4888	backsolveCost: 16464
node 25	AtA: 12988	cholCost: 40865	addCost: 4888	backsolveCost: 16464
node 26	AtA: 14736	cholCost: 31131	addCost: 2200	backsolveCost: 16002
node 27	AtA: 21728	cholCost: 74745	addCost: 4888	backsolveCost: 31323
node 28	AtA: 20854	cholCost: 53322	addCost: 4072	backsolveCost: 24624
node 29	AtA: 13862	cholCost: 75952	addCost: 9112	backsolveCost: 25432
node 30	AtA: 10366	cholCost: 88432	addCost: 11800	backsolveCost: 25735
node 31	AtA: 14736	cholCost: 32379	addCost: 2728	backsolveCost: 16079
node 32	AtA: 19980	cholCost: 74745	addCost: 4888	backsolveCost: 31323
node 33	AtA: 12988	cholCost: 40865	addCost: 4888	backsolveCost: 16464
node 34	AtA: 18232	cholCost: 52490	addCost: 3352	backsolveCost: 24523
node 35	AtA: 16484	cholCost: 57981	addCost: 4888	backsolveCost: 24826
node 36	AtA: 12988	cholCost: 40865	addCost: 4888	backsolveCost: 16464
node 37	AtA: 20854	cholCost: 53322	addCost: 4072	backsolveCost: 24624
node 38	AtA: 20854	cholCost: 53322	addCost: 4072	backsolveCost: 24624
node 39	AtA: 10366	cholCost: 88432	addCost: 11800	backsolveCost: 25735
node 40	AtA: 11240	cholCost: 205633	addCost: 16552	backsolveCost: 66777
node 41	AtA: 14736	cholCost: 32379	addCost: 2728	backsolveCost: 16079
node 42	AtA: 19980	cholCost: 74745	addCost: 4888	backsolveCost: 31323
node 43	AtA: 12988	cholCost: 40865	addCost: 4888	backsolveCost: 16464
node 44	AtA: 14736	cholCost: 32379	addCost: 2728	backsolveCost: 16079
node 45	AtA: 20854	cholCost: 74745	addCost: 4888	backsolveCost: 31323
node 46	AtA: 20854	cholCost: 53322	addCost: 4072	backsolveCost: 24624
node 47	AtA: 13862	cholCost: 75952	addCost: 9112	backsolveCost: 25432
node 48	AtA: 11240	cholCost: 88432	addCost: 11800	backsolveCost: 25735
node 49	AtA: 12236	cholCost: 2688	addCost: 2200	backsolveCost: 16002
node 50	AtA: 21728	cholCost: 74745	addCost: 4888	backsolveCost: 31323
node 51	AtA: 20854	cholCost: 53322	addCost: 4072	backsolveCost: 24624
node 52	AtA: 20854	cholCost: 53322	addCost: 4072	backsolveCost: 24624
node 53	AtA: 14736	cholCost: 31131	addCost: 2200	backsolveCost: 16002
node 54	AtA: 12988	cholCost: 40865	addCost: 4888	backsolveCost: 16464
node 55	AtA: 12988	cholCost: 40865	addCost: 4888	backsolveCost: 16464
node 56	AtA: 12988	cholCost: 158856	addCost: 14872	backsolveCost: 52578
node 57	AtA: 4576	cholCost: 132236	addCost: 16552	backsolveCost: 32792
node 58	AtA: 14736	cholCost: 31131	addCost: 2200	backsolveCost: 16002
node 59	AtA: 17358	cholCost: 53322	addCost: 4072	backsolveCost: 24624
node 60	AtA: 14736	cholCost: 31131	addCost: 2200	backsolveCost: 16002
node 61	AtA: 21728	cholCost: 74745	addCost: 4888	backsolveCost: 31323
node 62	AtA: 7744	cholCost: 81776	addCost: 10408	backsolveCost: 25533
node 63	AtA: 6870	cholCost: 66324	addCost: 14872	backsolveCost: 17388
node 64	AtA: 20854	cholCost: 53322	addCost: 4072	backsolveCost: 24624
node 65	AtA: 14736	cholCost: 31131	addCost: 2200	backsolveCost: 16002
node 66	AtA: 21728	cholCost: 74745	addCost: 4888	backsolveCost: 31323
node 67	AtA: 21728	cholCost: 74745	addCost: 4888	backsolveCost: 31323
node 68	AtA: 14736	cholCost: 98956	addCost: 9112	backsolveCost: 32001
node 69	AtA: 14736	cholCost: 31131	addCost: 2200	backsolveCost: 16002
node 70	AtA: 14736	cholCost: 31131	addCost: 2200	backsolveCost: 16002
node 71	AtA: 12988	cholCost: 40865	addCost: 4888	backsolveCost: 16464
node 72	AtA: 12988	cholCost: 40865	addCost: 4888	backsolveCost: 16464
node 73	AtA: 14736	cholCost: 31131	addCost: 2200	backsolveCost: 16002
node 74	AtA: 21728	cholCost: 74745	addCost: 4888	backsolveCost: 31323
node 75	AtA: 17358	cholCost: 68464	addCost: 6808	backsolveCost: 25129
node 76	AtA: 4922	cholCost: 149448	addCost: 13288	backsolveCost: 43743
node 77	AtA: 15610	cholCost: 149448	addCost: 13288	backsolveCost: 43743
node 78	AtA: 5268	cholCost: 158856	addCost: 14872	backsolveCost: 52578
node 79	AtA: 11240	cholCost: 192196	addCost: 14872	backsolveCost: 66604
node 80	AtA: 11240	cholCost: 192196	addCost: 14872	backsolveCost: 66604
node 81	AtA: 5960	cholCost: 177632	addCost: 7912	backsolveCost: 75605
node 82	AtA: 16484	cholCost: 170364	addCost: 1192	backsolveCost: 134012
node 83	AtA: 6870	cholCost: 16194	addCost: 1000	backsolveCost: 10977
node 84	AtA: -1	cholCost: 0	addCost: -1	backsolveCost: 1561

