cliques
105
node 0	AtA: 14858	cholCost: 3328	addCost: 2200	backsolveCost: 24220
node 1	AtA: 12236	cholCost: 4884	addCost: 3352	backsolveCost: 16233
node 2	AtA: 14736	cholCost: 32379	addCost: 2728	backsolveCost: 16079
node 3	AtA: 20854	cholCost: 74745	addCost: 4888	backsolveCost: 31323
node 4	AtA: 14736	cholCost: 51972	addCost: 7912	backsolveCost: 16772
node 5	AtA: 20854	cholCost: 53322	addCost: 4072	backsolveCost: 24624
node 6	AtA: 23476	cholCost: 74745	addCost: 4888	backsolveCost: 31323
node 7	AtA: 14736	cholCost: 31131	addCost: 2200	backsolveCost: 16002
node 8	AtA: 13862	cholCost: 40241	addCost: 4072	backsolveCost: 16310
node 9	AtA: 20854	cholCost: 53322	addCost: 4072	backsolveCost: 24624
node 10	AtA: 19106	cholCost: 52490	addCost: 3352	backsolveCost: 24523
node 11	AtA: 17358	cholCost: 57981	addCost: 4888	backsolveCost: 24826
node 12	AtA: 13862	cholCost: 75952	addCost: 9112	backsolveCost: 25432
node 13	AtA: 10366	cholCost: 81776	addCost: 10408	backsolveCost: 25533
node 14	AtA: 7744	cholCost: 95920	addCost: 14872	backsolveCost: 26038
node 15	AtA: 20854	cholCost: 53322	addCost: 4072	backsolveCost: 24624
node 16	AtA: 20854	cholCost: 53322	addCost: 4072	backsolveCost: 24624
node 17	AtA: 12988	cholCost: 58836	addCost: 10408	backsolveCost: 17003
node 18	AtA: 20854	cholCost: 53322	addCost: 4072	backsolveCost: 24624
node 19	AtA: 24350	cholCost: 84812	addCost: 5800	backsolveCost: 31436
node 20	AtA: 21728	cholCost: 85852	addCost: 6808	backsolveCost: 31662
node 21	AtA: 14736	cholCost: 31131	addCost: 2200	backsolveCost: 16002
node 22	AtA: 14736	cholCost: 31131	addCost: 2200	backsolveCost: 16002
node 23	AtA: 12988	cholCost: 40865	addCost: 4888	backsolveCost: 16464
node 24	AtA: 12988	cholCost: 40865	addCost: 4888	backsolveCost: 16464
node 25	AtA: 10366	cholCost: 75952	addCost: 9112	backsolveCost: 25432
node 26	AtA: 18232	cholCost: 192196	addCost: 14872	backsolveCost: 66604
node 27	AtA: 11240	cholCost: 153369	addCost: 22168	backsolveCost: 33357
node 28	AtA: 14736	cholCost: 31131	addCost: 2200	backsolveCost: 16002
node 29	AtA: 21728	cholCost: 74745	addCost: 4888	backsolveCost: 31323
node 30	AtA: 12236	cholCost: 2688	addCost: 2200	backsolveCost: 16002
node 31	AtA: 21728	cholCost: 74745	addCost: 4888	backsolveCost: 31323
node 32	AtA: 17358	cholCost: 68464	addCost: 6808	backsolveCost: 25129
node 33	AtA: 14736	cholCost: 107068	addCost: 11800	backsolveCost: 32340
node 34	AtA: 14736	cholCost: 32379	addCost: 2728	backsolveCost: 16079
node 35	AtA: 20854	cholCost: 74745	addCost: 4888	backsolveCost: 31323
node 36	AtA: 20854	cholCost: 53322	addCost: 4072	backsolveCost: 24624
node 37	AtA: 12988	cholCost: 64452	addCost: 11800	backsolveCost: 17157
node 38	AtA: 20854	cholCost: 53322	addCost: 4072	backsolveCost: 24624
node 39	AtA: 14736	cholCost: 32379	addCost: 2728	backsolveCost: 16079
node 40	AtA: 20854	cholCost: 74745	addCost: 4888	backsolveCost: 31323
node 41	AtA: 18232	cholCost: 52490	addCost: 3352	backsolveCost: 24523
node 42	AtA: 16484	cholCost: 57981	addCost: 4888	backsolveCost: 24826
node 43	AtA: 12988	cholCost: 40865	addCost: 4888	backsolveCost: 16464
node 44	AtA: 17358	cholCost: 150120	addCost: 11800	backsolveCost: 52131
node 45	AtA: 7744	cholCost: 108400	addCost: 18328	backsolveCost: 26341
node 46	AtA: 4230	cholCost: 123709	addCost: 24232	backsolveCost: 26745
node 47	AtA: 20854	cholCost: 53322	addCost: 4072	backsolveCost: 24624
node 48	AtA: 14736	cholCost: 32379	addCost: 2728	backsolveCost: 16079
node 49	AtA: 20854	cholCost: 74745	addCost: 4888	backsolveCost: 31323
node 50	AtA: 20854	cholCost: 53322	addCost: 4072	backsolveCost: 24624
node 51	AtA: 14736	cholCost: 32379	addCost: 2728	backsolveCost: 16079
node 52	AtA: 20854	cholCost: 74745	addCost: 4888	backsolveCost: 31323
node 53	AtA: 7744	cholCost: 75952	addCost: 9112	backsolveCost: 25432
node 54	AtA: 13862	cholCost: 95920	addCost: 14872	backsolveCost: 26038
node 55	AtA: 20854	cholCost: 53322	addCost: 4072	backsolveCost: 24624
node 56	AtA: 14736	cholCost: 31131	addCost: 2200	backsolveCost: 16002
node 57	AtA: 21728	cholCost: 74745	addCost: 4888	backsolveCost: 31323
node 58	AtA: 14736	cholCost: 31131	addCost: 2200	backsolveCost: 16002
node 59	AtA: 21728	cholCost: 74745	addCost: 4888	backsolveCost: 31323
node 60	AtA: 14736	cholCost: 98956	addCost: 9112	backsolveCost: 32001
node 61	AtA: 18232	cholCost: 133276	addCost: 18328	backsolveCost: 33018
node 62	AtA: 4576	cholCost: 162438	addCost: 24232	backsolveCost: 33470
node 63	AtA: 20854	cholCost: 53322	addCost: 4072	backsolveCost: 24624
node 64	AtA: 14736	cholCost: 31131	addCost: 2200	backsolveCost: 16002
node 65	AtA: 21728	cholCost: 74745	addCost: 4888	backsolveCost: 31323
node 66	AtA: 14736	cholCost: 31131	addCost: 2200	backsolveCost: 16002
node 67	AtA: 21728	cholCost: 74745	addCost: 4888	backsolveCost: 31323
node 68	AtA: 9492	cholCost: 52596	addCost: 9112	backsolveCost: 16926
node 69	AtA: 14736	cholCost: 107068	addCost: 11800	backsolveCost: 32340
node 70	AtA: 20854	cholCost: 53322	addCost: 4072	backsolveCost: 24624
node 71	AtA: 20854	cholCost: 53322	addCost: 4072	backsolveCost: 24624
node 72	AtA: 14736	cholCost: 32379	addCost: 2728	backsolveCost: 16079
node 73	AtA: 19980	cholCost: 74745	addCost: 4888	backsolveCost: 31323
node 74	AtA: 12988	cholCost: 40865	addCost: 4888	backsolveCost: 16464
node 75	AtA: 14736	cholCost: 125164	addCost: 14872	backsolveCost: 32679
node 76	AtA: 20854	cholCost: 53322	addCost: 4072	backsolveCost: 24624
node 77	AtA: 20854	cholCost: 53322	addCost: 4072	backsolveCost: 24624
node 78	AtA: 14736	cholCost: 32379	addCost: 2728	backsolveCost: 16079
node 79	AtA: 20854	cholCost: 74745	addCost: 4888	backsolveCost: 31323
node 80	AtA: 14736	cholCost: 32379	addCost: 2728	backsolveCost: 16079
node 81	AtA: 20854	cholCost: 74745	addCost: 4888	backsolveCost: 31323
node 82	AtA: 15610	cholCost: 98956	addCost: 9112	backsolveCost: 32001
node 83	AtA: 3884	cholCost: 66324	addCost: 14872	backsolveCost: 17388
node 84	AtA: 20854	cholCost: 53322	addCost: 4072	backsolveCost: 24624
node 85	AtA: 14736	cholCost: 31131	addCost: 2200	backsolveCost: 16002
node 86	AtA: 21728	cholCost: 74745	addCost: 4888	backsolveCost: 31323
node 87	AtA: 23476	cholCost: 150120	addCost: 11800	backsolveCost: 52131
node 88	AtA: 14736	cholCost: 31131	addCost: 2200	backsolveCost: 16002
node 89	AtA: 16484	cholCost: 52490	addCost: 3352	backsolveCost: 24523
node 90	AtA: 14736	cholCost: 31131	addCost: 2200	backsolveCost: 16002
node 91	AtA: 21728	cholCost: 74745	addCost: 4888	backsolveCost: 31323
node 92	AtA: 20854	cholCost: 53322	addCost: 4072	backsolveCost: 24624
node 93	AtA: 13862	cholCost: 75952	addCost: 9112	backsolveCost: 25432
node 94	AtA: 14736	cholCost: 107068	addCost: 11800	backsolveCost: 32340
node 95	AtA: 3884	cholCost: 85044	addCost: 22168	backsolveCost: 17850
node 96	AtA: 4922	cholCost: 194626	addCost: 24232	backsolveCost: 44976
node 97	AtA: 15610	cholCost: 294446	addCost: 24232	backsolveCost: 78380
node 98	AtA: 4922	cholCost: 194626	addCost: 24232	backsolveCost: 44976
node 99	AtA: 12988	cholCost: 329754	addCost: 24232	backsolveCost: 95262
node 100	AtA: 12988	cholCost: 329754	addCost: 24232	backsolveCost: 95262
node 101	AtA: 6306	cholCost: 291315	addCost: 18328	backsolveCost: 94426
node 102	AtA: 31342	cholCost: 430144	addCost: 1192	backsolveCost: 367607
node 103	AtA: 6870	cholCost: 16194	addCost: 1000	backsolveCost: 10977
node 104	AtA: -1	cholCost: 0	addCost: -1	backsolveCost: 1561

