cliques
177
node 0	AtA: 12236	cholCost: 0	addCost: 2200	backsolveCost: 16002
node 1	AtA: 13984	cholCost: 6028	addCost: 3352	backsolveCost: 24523
node 2	AtA: 12236	cholCost: 2688	addCost: 2200	backsolveCost: 16002
node 3	AtA: 12236	cholCost: 2688	addCost: 2200	backsolveCost: 16002
node 4	AtA: 19228	cholCost: 10561	addCost: 4888	backsolveCost: 31323
node 5	AtA: 12236	cholCost: 2688	addCost: 2200	backsolveCost: 16002
node 6	AtA: 18354	cholCost: 8407	addCost: 4072	backsolveCost: 24624
node 7	AtA: 12236	cholCost: 2688	addCost: 2200	backsolveCost: 16002
node 8	AtA: 12236	cholCost: 2688	addCost: 2200	backsolveCost: 16002
node 9	AtA: 18354	cholCost: 8407	addCost: 4072	backsolveCost: 24624
node 10	AtA: 12236	cholCost: 2688	addCost: 2200	backsolveCost: 16002
node 11	AtA: 19228	cholCost: 10416	addCost: 4888	backsolveCost: 31323
node 12	AtA: 20976	cholCost: 10416	addCost: 4888	backsolveCost: 31323
node 13	AtA: 12236	cholCost: 2688	addCost: 2200	backsolveCost: 16002
node 14	AtA: 12236	cholCost: 2688	addCost: 2200	backsolveCost: 16002
node 15	AtA: 12236	cholCost: 2688	addCost: 2200	backsolveCost: 16002
node 16	AtA: 18354	cholCost: 8268	addCost: 4072	backsolveCost: 24624
node 17	AtA: 20976	cholCost: 10416	addCost: 4888	backsolveCost: 31323
node 18	AtA: 18354	cholCost: 8268	addCost: 4072	backsolveCost: 24624
node 19	AtA: 19980	cholCost: 0	addCost: 3352	backsolveCost: 24523
node 20	AtA: 10488	cholCost: 15360	addCost: 9112	backsolveCost: 16926
node 21	AtA: 3384	cholCost: 15565	addCost: 9112	backsolveCost: 16926
node 22	AtA: 18354	cholCost: 8268	addCost: 4072	backsolveCost: 24624
node 23	AtA: 20976	cholCost: 10416	addCost: 4888	backsolveCost: 31323
node 24	AtA: 20854	cholCost: 53322	addCost: 4072	backsolveCost: 24624
node 25	AtA: 20854	cholCost: 53322	addCost: 4072	backsolveCost: 24624
node 26	AtA: 12988	cholCost: 58836	addCost: 10408	backsolveCost: 17003
node 27	AtA: 14736	cholCost: 31131	addCost: 2200	backsolveCost: 16002
node 28	AtA: 14736	cholCost: 31131	addCost: 2200	backsolveCost: 16002
node 29	AtA: 12988	cholCost: 40865	addCost: 4888	backsolveCost: 16464
node 30	AtA: 12988	cholCost: 40865	addCost: 4888	backsolveCost: 16464
node 31	AtA: 14736	cholCost: 31131	addCost: 2200	backsolveCost: 16002
node 32	AtA: 21728	cholCost: 74745	addCost: 4888	backsolveCost: 31323
node 33	AtA: 14736	cholCost: 98956	addCost: 9112	backsolveCost: 32001
node 34	AtA: 20854	cholCost: 53322	addCost: 4072	backsolveCost: 24624
node 35	AtA: 20854	cholCost: 53322	addCost: 4072	backsolveCost: 24624
node 36	AtA: 19106	cholCost: 52490	addCost: 3352	backsolveCost: 24523
node 37	AtA: 20854	cholCost: 53322	addCost: 4072	backsolveCost: 24624
node 38	AtA: 19980	cholCost: 52490	addCost: 3352	backsolveCost: 24523
node 39	AtA: 12988	cholCost: 52596	addCost: 9112	backsolveCost: 16926
node 40	AtA: 15610	cholCost: 124488	addCost: 9112	backsolveCost: 43195
node 41	AtA: 3884	cholCost: 66324	addCost: 14872	backsolveCost: 17388
node 42	AtA: 3884	cholCost: 85044	addCost: 22168	backsolveCost: 17850
node 43	AtA: 20854	cholCost: 53322	addCost: 4072	backsolveCost: 24624
node 44	AtA: 20854	cholCost: 53322	addCost: 4072	backsolveCost: 24624
node 45	AtA: 12988	cholCost: 58836	addCost: 10408	backsolveCost: 17003
node 46	AtA: 20854	cholCost: 53322	addCost: 4072	backsolveCost: 24624
node 47	AtA: 20854	cholCost: 53322	addCost: 4072	backsolveCost: 24624
node 48	AtA: 23476	cholCost: 138888	addCost: 10408	backsolveCost: 51833
node 49	AtA: 18354	cholCost: 8407	addCost: 4072	backsolveCost: 24624
node 50	AtA: 18354	cholCost: 8268	addCost: 4072	backsolveCost: 24624
node 51	AtA: 21728	cholCost: 92924	addCost: 7912	backsolveCost: 31775
node 52	AtA: 19106	cholCost: 149448	addCost: 13288	backsolveCost: 43743
node 53	AtA: 16484	cholCost: 52490	addCost: 3352	backsolveCost: 24523
node 54	AtA: 20854	cholCost: 53322	addCost: 4072	backsolveCost: 24624
node 55	AtA: 20854	cholCost: 53322	addCost: 4072	backsolveCost: 24624
node 56	AtA: 14736	cholCost: 107068	addCost: 11800	backsolveCost: 32340
node 57	AtA: 20854	cholCost: 53322	addCost: 4072	backsolveCost: 24624
node 58	AtA: 20854	cholCost: 53322	addCost: 4072	backsolveCost: 24624
node 59	AtA: 20854	cholCost: 53322	addCost: 4072	backsolveCost: 24624
node 60	AtA: 13862	cholCost: 101744	addCost: 16552	backsolveCost: 26139
node 61	AtA: 3884	cholCost: 93905	addCost: 26392	backsolveCost: 18081
node 62	AtA: 3884	cholCost: 120488	addCost: 41368	backsolveCost: 18774
node 63	AtA: 5614	cholCost: 416216	addCost: 59800	backsolveCost: 71275
node 64	AtA: 20854	cholCost: 53322	addCost: 4072	backsolveCost: 24624
node 65	AtA: 20854	cholCost: 53322	addCost: 4072	backsolveCost: 24624
node 66	AtA: 20854	cholCost: 53322	addCost: 4072	backsolveCost: 24624
node 67	AtA: 13862	cholCost: 101744	addCost: 16552	backsolveCost: 26139
node 68	AtA: 20854	cholCost: 53322	addCost: 4072	backsolveCost: 24624
node 69	AtA: 20854	cholCost: 53322	addCost: 4072	backsolveCost: 24624
node 70	AtA: 20854	cholCost: 53322	addCost: 4072	backsolveCost: 24624
node 71	AtA: 14736	cholCost: 31131	addCost: 2200	backsolveCost: 16002
node 72	AtA: 21728	cholCost: 74745	addCost: 4888	backsolveCost: 31323
node 73	AtA: 19106	cholCost: 124488	addCost: 9112	backsolveCost: 43195
node 74	AtA: 3884	cholCost: 66324	addCost: 14872	backsolveCost: 17388
node 75	AtA: 20854	cholCost: 53322	addCost: 4072	backsolveCost: 24624
node 76	AtA: 20854	cholCost: 53322	addCost: 4072	backsolveCost: 24624
node 77	AtA: 20854	cholCost: 53322	addCost: 4072	backsolveCost: 24624
node 78	AtA: 20854	cholCost: 53322	addCost: 4072	backsolveCost: 24624
node 79	AtA: 20854	cholCost: 53322	addCost: 4072	backsolveCost: 24624
node 80	AtA: 20854	cholCost: 53322	addCost: 4072	backsolveCost: 24624
node 81	AtA: 14736	cholCost: 119132	addCost: 13288	backsolveCost: 32453
node 82	AtA: 4230	cholCost: 133194	addCost: 28648	backsolveCost: 27048
node 83	AtA: 20854	cholCost: 53322	addCost: 4072	backsolveCost: 24624
node 84	AtA: 20854	cholCost: 53322	addCost: 4072	backsolveCost: 24624
node 85	AtA: 12988	cholCost: 58836	addCost: 10408	backsolveCost: 17003
node 86	AtA: 21728	cholCost: 74745	addCost: 4888	backsolveCost: 31323
node 87	AtA: 14736	cholCost: 31131	addCost: 2200	backsolveCost: 16002
node 88	AtA: 21728	cholCost: 74745	addCost: 4888	backsolveCost: 31323
node 89	AtA: 20854	cholCost: 53322	addCost: 4072	backsolveCost: 24624
node 90	AtA: 19106	cholCost: 124488	addCost: 9112	backsolveCost: 43195
node 91	AtA: 13862	cholCost: 220526	addCost: 18328	backsolveCost: 67123
node 92	AtA: 20854	cholCost: 53322	addCost: 4072	backsolveCost: 24624
node 93	AtA: 20854	cholCost: 53322	addCost: 4072	backsolveCost: 24624
node 94	AtA: 22602	cholCost: 149448	addCost: 13288	backsolveCost: 43743
node 95	AtA: 21728	cholCost: 92924	addCost: 7912	backsolveCost: 31775
node 96	AtA: 10488	cholCost: 7855	addCost: 4888	backsolveCost: 16464
node 97	AtA: 21728	cholCost: 74745	addCost: 4888	backsolveCost: 31323
node 98	AtA: 19980	cholCost: 126408	addCost: 9112	backsolveCost: 51684
node 99	AtA: 10366	cholCost: 95920	addCost: 14872	backsolveCost: 26038
node 100	AtA: 4230	cholCost: 115888	addCost: 22168	backsolveCost: 26644
node 101	AtA: 4576	cholCost: 197674	addCost: 35992	backsolveCost: 34374
node 102	AtA: 14736	cholCost: 444875	addCost: 53272	backsolveCost: 81525
node 103	AtA: 6652	cholCost: 665604	addCost: 77800	backsolveCost: 113714
node 104	AtA: 8036	cholCost: 1002620	addCost: 85672	backsolveCost: 189095
node 105	AtA: 10488	cholCost: 20353	addCost: 11800	backsolveCost: 17157
node 106	AtA: 23476	cholCost: 74745	addCost: 4888	backsolveCost: 31323
node 107	AtA: 13862	cholCost: 40241	addCost: 4072	backsolveCost: 16310
node 108	AtA: 18232	cholCost: 157608	addCost: 13288	backsolveCost: 52280
node 109	AtA: 16484	cholCost: 347476	addCost: 26392	backsolveCost: 95680
node 110	AtA: 20854	cholCost: 53322	addCost: 4072	backsolveCost: 24624
node 111	AtA: 22602	cholCost: 149448	addCost: 13288	backsolveCost: 43743
node 112	AtA: 20854	cholCost: 53322	addCost: 4072	backsolveCost: 24624
node 113	AtA: 20854	cholCost: 53322	addCost: 4072	backsolveCost: 24624
node 114	AtA: 23476	cholCost: 138888	addCost: 10408	backsolveCost: 51833
node 115	AtA: 20854	cholCost: 53322	addCost: 4072	backsolveCost: 24624
node 116	AtA: 20854	cholCost: 53322	addCost: 4072	backsolveCost: 24624
node 117	AtA: 20854	cholCost: 53322	addCost: 4072	backsolveCost: 24624
node 118	AtA: 20854	cholCost: 53322	addCost: 4072	backsolveCost: 24624
node 119	AtA: 23476	cholCost: 138888	addCost: 10408	backsolveCost: 51833
node 120	AtA: 3884	cholCost: 72564	addCost: 16552	backsolveCost: 17465
node 121	AtA: 20854	cholCost: 53322	addCost: 4072	backsolveCost: 24624
node 122	AtA: 21728	cholCost: 74745	addCost: 4888	backsolveCost: 31323
node 123	AtA: 21728	cholCost: 74745	addCost: 4888	backsolveCost: 31323
node 124	AtA: 13862	cholCost: 88432	addCost: 11800	backsolveCost: 25735
node 125	AtA: 3884	cholCost: 78180	addCost: 18328	backsolveCost: 17619
node 126	AtA: 3884	cholCost: 111627	addCost: 35992	backsolveCost: 18543
node 127	AtA: 5960	cholCost: 444875	addCost: 53272	backsolveCost: 81525
node 128	AtA: 4922	cholCost: 410532	addCost: 81688	backsolveCost: 48949
node 129	AtA: 20854	cholCost: 53322	addCost: 4072	backsolveCost: 24624
node 130	AtA: 13862	cholCost: 65700	addCost: 13288	backsolveCost: 17234
node 131	AtA: 23476	cholCost: 74745	addCost: 4888	backsolveCost: 31323
node 132	AtA: 12988	cholCost: 65700	addCost: 13288	backsolveCost: 17234
node 133	AtA: 23476	cholCost: 74745	addCost: 4888	backsolveCost: 31323
node 134	AtA: 14736	cholCost: 32379	addCost: 2728	backsolveCost: 16079
node 135	AtA: 14736	cholCost: 32379	addCost: 2728	backsolveCost: 16079
node 136	AtA: 20854	cholCost: 74745	addCost: 4888	backsolveCost: 31323
node 137	AtA: 13862	cholCost: 68464	addCost: 6808	backsolveCost: 25129
node 138	AtA: 12988	cholCost: 45732	addCost: 6808	backsolveCost: 16695
node 139	AtA: 13862	cholCost: 89264	addCost: 13288	backsolveCost: 25836
node 140	AtA: 14736	cholCost: 32379	addCost: 2728	backsolveCost: 16079
node 141	AtA: 17358	cholCost: 53322	addCost: 4072	backsolveCost: 24624
node 142	AtA: 20854	cholCost: 53322	addCost: 4072	backsolveCost: 24624
node 143	AtA: 14736	cholCost: 31131	addCost: 2200	backsolveCost: 16002
node 144	AtA: 14736	cholCost: 31131	addCost: 2200	backsolveCost: 16002
node 145	AtA: 12988	cholCost: 40865	addCost: 4888	backsolveCost: 16464
node 146	AtA: 12988	cholCost: 40865	addCost: 4888	backsolveCost: 16464
node 147	AtA: 20854	cholCost: 184292	addCost: 13288	backsolveCost: 66258
node 148	AtA: 6870	cholCost: 93905	addCost: 26392	backsolveCost: 18081
node 149	AtA: 11240	cholCost: 204111	addCost: 26392	backsolveCost: 45250
node 150	AtA: 7744	cholCost: 158321	addCost: 35992	backsolveCost: 27553
node 151	AtA: 20854	cholCost: 53322	addCost: 4072	backsolveCost: 24624
node 152	AtA: 20854	cholCost: 53322	addCost: 4072	backsolveCost: 24624
node 153	AtA: 23476	cholCost: 74745	addCost: 4888	backsolveCost: 31323
node 154	AtA: 23476	cholCost: 74745	addCost: 4888	backsolveCost: 31323
node 155	AtA: 7744	cholCost: 85044	addCost: 22168	backsolveCost: 17850
node 156	AtA: 20854	cholCost: 53322	addCost: 4072	backsolveCost: 24624
node 157	AtA: 20854	cholCost: 53322	addCost: 4072	backsolveCost: 24624
node 158	AtA: 20854	cholCost: 53322	addCost: 4072	backsolveCost: 24624
node 159	AtA: 14736	cholCost: 119132	addCost: 13288	backsolveCost: 32453
node 160	AtA: 20854	cholCost: 53322	addCost: 4072	backsolveCost: 24624
node 161	AtA: 20854	cholCost: 53322	addCost: 4072	backsolveCost: 24624
node 162	AtA: 12988	cholCost: 58836	addCost: 10408	backsolveCost: 17003
node 163	AtA: 18232	cholCost: 52490	addCost: 3352	backsolveCost: 24523
node 164	AtA: 17358	cholCost: 57981	addCost: 4888	backsolveCost: 24826
node 165	AtA: 20854	cholCost: 53322	addCost: 4072	backsolveCost: 24624
node 166	AtA: 18232	cholCost: 52490	addCost: 3352	backsolveCost: 24523
node 167	AtA: 17358	cholCost: 57981	addCost: 4888	backsolveCost: 24826
node 168	AtA: 7744	cholCost: 75952	addCost: 9112	backsolveCost: 25432
node 169	AtA: 4576	cholCost: 197674	addCost: 35992	backsolveCost: 34374
node 170	AtA: 4922	cholCost: 301208	addCost: 50152	backsolveCost: 47031
node 171	AtA: 12988	cholCost: 532068	addCost: 70312	backsolveCost: 82820
node 172	AtA: 18232	cholCost: 1155893	addCost: 89752	backsolveCost: 215395
node 173	AtA: 13572	cholCost: 1465104	addCost: 20200	backsolveCost: 653114
node 174	AtA: 25224	cholCost: 476921	addCost: 1192	backsolveCost: 402585
node 175	AtA: 6870	cholCost: 16194	addCost: 1000	backsolveCost: 10977
node 176	AtA: -1	cholCost: 0	addCost: -1	backsolveCost: 1561

