cliques
64
node 0	AtA: 12236	cholCost: 2688	addCost: 2200	backsolveCost: 16002
node 1	AtA: 18354	cholCost: 5520	addCost: 2728	backsolveCost: 30758
node 2	AtA: 9614	cholCost: 7728	addCost: 4888	backsolveCost: 16464
node 3	AtA: 12236	cholCost: 2688	addCost: 2200	backsolveCost: 16002
node 4	AtA: 12236	cholCost: 2688	addCost: 2200	backsolveCost: 16002
node 5	AtA: 12236	cholCost: 2688	addCost: 2200	backsolveCost: 16002
node 6	AtA: 12236	cholCost: 2688	addCost: 2200	backsolveCost: 16002
node 7	AtA: 13862	cholCost: 45108	addCost: 5800	backsolveCost: 16541
node 8	AtA: 21728	cholCost: 74745	addCost: 4888	backsolveCost: 31323
node 9	AtA: 14736	cholCost: 31131	addCost: 2200	backsolveCost: 16002
node 10	AtA: 21728	cholCost: 74745	addCost: 4888	backsolveCost: 31323
node 11	AtA: 12114	cholCost: 40865	addCost: 4888	backsolveCost: 16464
node 12	AtA: 21728	cholCost: 74745	addCost: 4888	backsolveCost: 31323
node 13	AtA: 14736	cholCost: 31131	addCost: 2200	backsolveCost: 16002
node 14	AtA: 19228	cholCost: 10416	addCost: 4888	backsolveCost: 31323
node 15	AtA: 14736	cholCost: 31131	addCost: 2200	backsolveCost: 16002
node 16	AtA: 14736	cholCost: 31131	addCost: 2200	backsolveCost: 16002
node 17	AtA: 12988	cholCost: 40865	addCost: 4888	backsolveCost: 16464
node 18	AtA: 12988	cholCost: 40865	addCost: 4888	backsolveCost: 16464
node 19	AtA: 13984	cholCost: 6028	addCost: 3352	backsolveCost: 24523
node 20	AtA: 17358	cholCost: 57981	addCost: 4888	backsolveCost: 24826
node 21	AtA: 14736	cholCost: 31131	addCost: 2200	backsolveCost: 16002
node 22	AtA: 16484	cholCost: 52490	addCost: 3352	backsolveCost: 24523
node 23	AtA: 17358	cholCost: 57981	addCost: 4888	backsolveCost: 24826
node 24	AtA: 14736	cholCost: 31131	addCost: 2200	backsolveCost: 16002
node 25	AtA: 14736	cholCost: 31131	addCost: 2200	backsolveCost: 16002
node 26	AtA: 12988	cholCost: 40865	addCost: 4888	backsolveCost: 16464
node 27	AtA: 12988	cholCost: 40865	addCost: 4888	backsolveCost: 16464
node 28	AtA: 14736	cholCost: 31131	addCost: 2200	backsolveCost: 16002
node 29	AtA: 21728	cholCost: 74745	addCost: 4888	backsolveCost: 31323
node 30	AtA: 14736	cholCost: 31131	addCost: 2200	backsolveCost: 16002
node 31	AtA: 14736	cholCost: 31131	addCost: 2200	backsolveCost: 16002
node 32	AtA: 21728	cholCost: 74745	addCost: 4888	backsolveCost: 31323
node 33	AtA: 14736	cholCost: 31131	addCost: 2200	backsolveCost: 16002
node 34	AtA: 14736	cholCost: 31131	addCost: 2200	backsolveCost: 16002
node 35	AtA: 21728	cholCost: 74745	addCost: 4888	backsolveCost: 31323
node 36	AtA: 13862	cholCost: 68464	addCost: 6808	backsolveCost: 25129
node 37	AtA: 17358	cholCost: 145604	addCost: 7912	backsolveCost: 65220
node 38	AtA: 3884	cholCost: 51972	addCost: 7912	backsolveCost: 16772
node 39	AtA: 14736	cholCost: 31131	addCost: 2200	backsolveCost: 16002
node 40	AtA: 21728	cholCost: 74745	addCost: 4888	backsolveCost: 31323
node 41	AtA: 14736	cholCost: 31131	addCost: 2200	backsolveCost: 16002
node 42	AtA: 19980	cholCost: 52490	addCost: 3352	backsolveCost: 24523
node 43	AtA: 23476	cholCost: 117672	addCost: 6808	backsolveCost: 51237
node 44	AtA: 14736	cholCost: 31131	addCost: 2200	backsolveCost: 16002
node 45	AtA: 14736	cholCost: 31131	addCost: 2200	backsolveCost: 16002
node 46	AtA: 21728	cholCost: 74745	addCost: 4888	backsolveCost: 31323
node 47	AtA: 13862	cholCost: 68464	addCost: 6808	backsolveCost: 25129
node 48	AtA: 3884	cholCost: 51972	addCost: 7912	backsolveCost: 16772
node 49	AtA: 3884	cholCost: 51972	addCost: 7912	backsolveCost: 16772
node 50	AtA: 4576	cholCost: 92924	addCost: 7912	backsolveCost: 31775
node 51	AtA: 3884	cholCost: 51972	addCost: 7912	backsolveCost: 16772
node 52	AtA: 3884	cholCost: 51972	addCost: 7912	backsolveCost: 16772
node 53	AtA: 3884	cholCost: 51972	addCost: 7912	backsolveCost: 16772
node 54	AtA: 3884	cholCost: 51972	addCost: 7912	backsolveCost: 16772
node 55	AtA: 11240	cholCost: 92924	addCost: 7912	backsolveCost: 31775
node 56	AtA: 14736	cholCost: 92924	addCost: 7912	backsolveCost: 31775
node 57	AtA: 3884	cholCost: 51972	addCost: 7912	backsolveCost: 16772
node 58	AtA: 3884	cholCost: 51972	addCost: 7912	backsolveCost: 16772
node 59	AtA: 3884	cholCost: 51972	addCost: 7912	backsolveCost: 16772
node 60	AtA: 14736	cholCost: 114446	addCost: 3352	backsolveCost: 64009
node 61	AtA: 28720	cholCost: 122596	addCost: 1192	backsolveCost: 101117
node 62	AtA: 6870	cholCost: 16194	addCost: 1000	backsolveCost: 10977
node 63	AtA: -1	cholCost: 0	addCost: -1	backsolveCost: 1561

