cliques
167
node 0	AtA: 12236	cholCost: 0	addCost: 2200	backsolveCost: 16002
node 1	AtA: 13984	cholCost: 0	addCost: 3352	backsolveCost: 24523
node 2	AtA: 12236	cholCost: 2688	addCost: 2200	backsolveCost: 16002
node 3	AtA: 12236	cholCost: 2688	addCost: 2200	backsolveCost: 16002
node 4	AtA: 12236	cholCost: 0	addCost: 2200	backsolveCost: 16002
node 5	AtA: 11362	cholCost: 0	addCost: 4072	backsolveCost: 16310
node 6	AtA: 13984	cholCost: 6028	addCost: 3352	backsolveCost: 24523
node 7	AtA: 17480	cholCost: 6028	addCost: 3352	backsolveCost: 24523
node 8	AtA: 19228	cholCost: 10416	addCost: 4888	backsolveCost: 31323
node 9	AtA: 18354	cholCost: 8268	addCost: 4072	backsolveCost: 24624
node 10	AtA: 20976	cholCost: 0	addCost: 4888	backsolveCost: 31323
node 11	AtA: 7866	cholCost: 0	addCost: 6808	backsolveCost: 16695
node 12	AtA: 12236	cholCost: 2688	addCost: 2200	backsolveCost: 16002
node 13	AtA: 14858	cholCost: 9520	addCost: 4888	backsolveCost: 24826
node 14	AtA: 8740	cholCost: 4884	addCost: 3352	backsolveCost: 16233
node 15	AtA: 12236	cholCost: 0	addCost: 2200	backsolveCost: 16002
node 16	AtA: 13984	cholCost: 6028	addCost: 3352	backsolveCost: 24523
node 17	AtA: 14858	cholCost: 9520	addCost: 4888	backsolveCost: 24826
node 18	AtA: 18354	cholCost: 8268	addCost: 4072	backsolveCost: 24624
node 19	AtA: 3384	cholCost: 15499	addCost: 9112	backsolveCost: 16926
node 20	AtA: 18354	cholCost: 8425	addCost: 4072	backsolveCost: 24624
node 21	AtA: 18354	cholCost: 8268	addCost: 4072	backsolveCost: 24624
node 22	AtA: 18354	cholCost: 0	addCost: 4072	backsolveCost: 24624
node 23	AtA: 18354	cholCost: 8268	addCost: 4072	backsolveCost: 24624
node 24	AtA: 11362	cholCost: 19085	addCost: 9112	backsolveCost: 25432
node 25	AtA: 23476	cholCost: 0	addCost: 4888	backsolveCost: 31323
node 26	AtA: 10488	cholCost: 20275	addCost: 11800	backsolveCost: 17157
node 27	AtA: 3384	cholCost: 25747	addCost: 14872	backsolveCost: 17388
node 28	AtA: 13984	cholCost: 51679	addCost: 22168	backsolveCost: 33357
node 29	AtA: 18354	cholCost: 8268	addCost: 4072	backsolveCost: 24624
node 30	AtA: 18354	cholCost: 8443	addCost: 4072	backsolveCost: 24624
node 31	AtA: 13984	cholCost: 6028	addCost: 3352	backsolveCost: 24523
node 32	AtA: 18354	cholCost: 8407	addCost: 4072	backsolveCost: 24624
node 33	AtA: 18354	cholCost: 8425	addCost: 4072	backsolveCost: 24624
node 34	AtA: 18354	cholCost: 8407	addCost: 4072	backsolveCost: 24624
node 35	AtA: 18354	cholCost: 8425	addCost: 4072	backsolveCost: 24624
node 36	AtA: 19228	cholCost: 10416	addCost: 4888	backsolveCost: 31323
node 37	AtA: 18354	cholCost: 8401	addCost: 4072	backsolveCost: 24624
node 38	AtA: 18354	cholCost: 8401	addCost: 4072	backsolveCost: 24624
node 39	AtA: 12236	cholCost: 2688	addCost: 2200	backsolveCost: 16002
node 40	AtA: 20854	cholCost: 53322	addCost: 4072	backsolveCost: 24624
node 41	AtA: 23476	cholCost: 74745	addCost: 4888	backsolveCost: 31323
node 42	AtA: 22602	cholCost: 156936	addCost: 14872	backsolveCost: 44017
node 43	AtA: 23476	cholCost: 74745	addCost: 4888	backsolveCost: 31323
node 44	AtA: 14736	cholCost: 31131	addCost: 2200	backsolveCost: 16002
node 45	AtA: 14736	cholCost: 40241	addCost: 4072	backsolveCost: 16310
node 46	AtA: 14736	cholCost: 31131	addCost: 2200	backsolveCost: 16002
node 47	AtA: 16484	cholCost: 52490	addCost: 3352	backsolveCost: 24523
node 48	AtA: 13862	cholCost: 69296	addCost: 7912	backsolveCost: 25230
node 49	AtA: 15610	cholCost: 75952	addCost: 9112	backsolveCost: 25432
node 50	AtA: 16484	cholCost: 119132	addCost: 13288	backsolveCost: 32453
node 51	AtA: 20854	cholCost: 53322	addCost: 4072	backsolveCost: 24624
node 52	AtA: 20854	cholCost: 53322	addCost: 4072	backsolveCost: 24624
node 53	AtA: 12988	cholCost: 58836	addCost: 10408	backsolveCost: 17003
node 54	AtA: 14736	cholCost: 32379	addCost: 2728	backsolveCost: 16079
node 55	AtA: 18232	cholCost: 52490	addCost: 3352	backsolveCost: 24523
node 56	AtA: 17358	cholCost: 57981	addCost: 4888	backsolveCost: 24826
node 57	AtA: 13862	cholCost: 68464	addCost: 6808	backsolveCost: 25129
node 58	AtA: 20854	cholCost: 53322	addCost: 4072	backsolveCost: 24624
node 59	AtA: 21728	cholCost: 65635	addCost: 3352	backsolveCost: 30984
node 60	AtA: 12988	cholCost: 52596	addCost: 9112	backsolveCost: 16926
node 61	AtA: 12114	cholCost: 107068	addCost: 11800	backsolveCost: 32340
node 62	AtA: 10366	cholCost: 115888	addCost: 22168	backsolveCost: 26644
node 63	AtA: 8618	cholCost: 172547	addCost: 28648	backsolveCost: 33809
node 64	AtA: 20854	cholCost: 53322	addCost: 4072	backsolveCost: 24624
node 65	AtA: 21728	cholCost: 74745	addCost: 4888	backsolveCost: 31323
node 66	AtA: 15610	cholCost: 138216	addCost: 11800	backsolveCost: 43606
node 67	AtA: 20854	cholCost: 53322	addCost: 4072	backsolveCost: 24624
node 68	AtA: 20854	cholCost: 53322	addCost: 4072	backsolveCost: 24624
node 69	AtA: 20854	cholCost: 53322	addCost: 4072	backsolveCost: 24624
node 70	AtA: 14736	cholCost: 119132	addCost: 13288	backsolveCost: 32453
node 71	AtA: 3884	cholCost: 85044	addCost: 22168	backsolveCost: 17850
node 72	AtA: 20854	cholCost: 53322	addCost: 4072	backsolveCost: 24624
node 73	AtA: 12988	cholCost: 58836	addCost: 10408	backsolveCost: 17003
node 74	AtA: 20854	cholCost: 53322	addCost: 4072	backsolveCost: 24624
node 75	AtA: 14736	cholCost: 31131	addCost: 2200	backsolveCost: 16002
node 76	AtA: 21728	cholCost: 74745	addCost: 4888	backsolveCost: 31323
node 77	AtA: 14736	cholCost: 31131	addCost: 2200	backsolveCost: 16002
node 78	AtA: 21728	cholCost: 74745	addCost: 4888	backsolveCost: 31323
node 79	AtA: 9492	cholCost: 45732	addCost: 6808	backsolveCost: 16695
node 80	AtA: 12114	cholCost: 138216	addCost: 11800	backsolveCost: 43606
node 81	AtA: 12988	cholCost: 195298	addCost: 22168	backsolveCost: 53472
node 82	AtA: 4922	cholCost: 246544	addCost: 35992	backsolveCost: 46072
node 83	AtA: 20854	cholCost: 53322	addCost: 4072	backsolveCost: 24624
node 84	AtA: 20854	cholCost: 53322	addCost: 4072	backsolveCost: 24624
node 85	AtA: 20854	cholCost: 53322	addCost: 4072	backsolveCost: 24624
node 86	AtA: 20854	cholCost: 53322	addCost: 4072	backsolveCost: 24624
node 87	AtA: 3884	cholCost: 72564	addCost: 16552	backsolveCost: 17465
node 88	AtA: 20854	cholCost: 53322	addCost: 4072	backsolveCost: 24624
node 89	AtA: 20854	cholCost: 53322	addCost: 4072	backsolveCost: 24624
node 90	AtA: 20854	cholCost: 53322	addCost: 4072	backsolveCost: 24624
node 91	AtA: 20854	cholCost: 53322	addCost: 4072	backsolveCost: 24624
node 92	AtA: 10366	cholCost: 109232	addCost: 20200	backsolveCost: 26442
node 93	AtA: 3884	cholCost: 119864	addCost: 38632	backsolveCost: 18620
node 94	AtA: 18354	cholCost: 8401	addCost: 4072	backsolveCost: 24624
node 95	AtA: 20854	cholCost: 53322	addCost: 4072	backsolveCost: 24624
node 96	AtA: 14736	cholCost: 119132	addCost: 13288	backsolveCost: 32453
node 97	AtA: 20854	cholCost: 53322	addCost: 4072	backsolveCost: 24624
node 98	AtA: 12988	cholCost: 64452	addCost: 11800	backsolveCost: 17157
node 99	AtA: 3884	cholCost: 78180	addCost: 18328	backsolveCost: 17619
node 100	AtA: 16484	cholCost: 230742	addCost: 31000	backsolveCost: 54366
node 101	AtA: 20854	cholCost: 53322	addCost: 4072	backsolveCost: 24624
node 102	AtA: 14736	cholCost: 31131	addCost: 2200	backsolveCost: 16002
node 103	AtA: 14736	cholCost: 31131	addCost: 2200	backsolveCost: 16002
node 104	AtA: 12988	cholCost: 40865	addCost: 4888	backsolveCost: 16464
node 105	AtA: 12988	cholCost: 40865	addCost: 4888	backsolveCost: 16464
node 106	AtA: 13862	cholCost: 75952	addCost: 9112	backsolveCost: 25432
node 107	AtA: 20854	cholCost: 53322	addCost: 4072	backsolveCost: 24624
node 108	AtA: 22602	cholCost: 149448	addCost: 13288	backsolveCost: 43743
node 109	AtA: 20854	cholCost: 53322	addCost: 4072	backsolveCost: 24624
node 110	AtA: 20854	cholCost: 53322	addCost: 4072	backsolveCost: 24624
node 111	AtA: 22602	cholCost: 149448	addCost: 13288	backsolveCost: 43743
node 112	AtA: 12114	cholCost: 178901	addCost: 20200	backsolveCost: 44565
node 113	AtA: 3884	cholCost: 93905	addCost: 26392	backsolveCost: 18081
node 114	AtA: 20854	cholCost: 53322	addCost: 4072	backsolveCost: 24624
node 115	AtA: 20854	cholCost: 53322	addCost: 4072	backsolveCost: 24624
node 116	AtA: 19980	cholCost: 52490	addCost: 3352	backsolveCost: 24523
node 117	AtA: 14736	cholCost: 31131	addCost: 2200	backsolveCost: 16002
node 118	AtA: 21728	cholCost: 74745	addCost: 4888	backsolveCost: 31323
node 119	AtA: 13862	cholCost: 75952	addCost: 9112	backsolveCost: 25432
node 120	AtA: 3884	cholCost: 66324	addCost: 14872	backsolveCost: 17388
node 121	AtA: 20854	cholCost: 53322	addCost: 4072	backsolveCost: 24624
node 122	AtA: 20854	cholCost: 53322	addCost: 4072	backsolveCost: 24624
node 123	AtA: 20854	cholCost: 53322	addCost: 4072	backsolveCost: 24624
node 124	AtA: 20854	cholCost: 53322	addCost: 4072	backsolveCost: 24624
node 125	AtA: 23476	cholCost: 138888	addCost: 10408	backsolveCost: 51833
node 126	AtA: 3884	cholCost: 72564	addCost: 16552	backsolveCost: 17465
node 127	AtA: 3884	cholCost: 102766	addCost: 31000	backsolveCost: 18312
node 128	AtA: 4922	cholCost: 312690	addCost: 53272	backsolveCost: 47305
node 129	AtA: 5960	cholCost: 489137	addCost: 63208	backsolveCost: 82265
node 130	AtA: 20854	cholCost: 53322	addCost: 4072	backsolveCost: 24624
node 131	AtA: 18354	cholCost: 8473	addCost: 4072	backsolveCost: 24624
node 132	AtA: 20854	cholCost: 53322	addCost: 4072	backsolveCost: 24624
node 133	AtA: 20854	cholCost: 53322	addCost: 4072	backsolveCost: 24624
node 134	AtA: 4576	cholCost: 140348	addCost: 20200	backsolveCost: 33131
node 135	AtA: 5614	cholCost: 280556	addCost: 31000	backsolveCost: 68680
node 136	AtA: 5268	cholCost: 266186	addCost: 41368	backsolveCost: 55260
node 137	AtA: 20854	cholCost: 53322	addCost: 4072	backsolveCost: 24624
node 138	AtA: 20854	cholCost: 53322	addCost: 4072	backsolveCost: 24624
node 139	AtA: 23476	cholCost: 74745	addCost: 4888	backsolveCost: 31323
node 140	AtA: 23476	cholCost: 74745	addCost: 4888	backsolveCost: 31323
node 141	AtA: 26098	cholCost: 182836	addCost: 11800	backsolveCost: 66085
node 142	AtA: 23476	cholCost: 74745	addCost: 4888	backsolveCost: 31323
node 143	AtA: 14736	cholCost: 31131	addCost: 2200	backsolveCost: 16002
node 144	AtA: 21728	cholCost: 74745	addCost: 4888	backsolveCost: 31323
node 145	AtA: 23476	cholCost: 150120	addCost: 11800	backsolveCost: 52131
node 146	AtA: 19106	cholCost: 178901	addCost: 20200	backsolveCost: 44565
node 147	AtA: 10488	cholCost: 18619	addCost: 10408	backsolveCost: 17003
node 148	AtA: -1	cholCost: 0	addCost: -1	backsolveCost: 24624
node 149	AtA: 11362	cholCost: 36451	addCost: 16552	backsolveCost: 26139
node 150	AtA: 14736	cholCost: 31131	addCost: 2200	backsolveCost: 16002
node 151	AtA: 16484	cholCost: 52490	addCost: 3352	backsolveCost: 24523
node 152	AtA: 14736	cholCost: 31131	addCost: 2200	backsolveCost: 16002
node 153	AtA: 21728	cholCost: 74745	addCost: 4888	backsolveCost: 31323
node 154	AtA: 20854	cholCost: 53322	addCost: 4072	backsolveCost: 24624
node 155	AtA: 19106	cholCost: 124488	addCost: 9112	backsolveCost: 43195
node 156	AtA: 14736	cholCost: 107068	addCost: 11800	backsolveCost: 32340
node 157	AtA: 3884	cholCost: 93905	addCost: 26392	backsolveCost: 18081
node 158	AtA: 4576	cholCost: 223841	addCost: 44200	backsolveCost: 34826
node 159	AtA: 13862	cholCost: 519204	addCost: 56488	backsolveCost: 99024
node 160	AtA: 13862	cholCost: 596340	addCost: 66712	backsolveCost: 112830
node 161	AtA: 8728	cholCost: 1057584	addCost: 66712	backsolveCost: 231063
node 162	AtA: 6652	cholCost: 641892	addCost: 74008	backsolveCost: 113493
node 163	AtA: 9074	cholCost: 794202	addCost: 33448	backsolveCost: 253248
node 164	AtA: 31342	cholCost: 724592	addCost: 1192	backsolveCost: 606102
node 165	AtA: 6870	cholCost: 16194	addCost: 1000	backsolveCost: 10977
node 166	AtA: -1	cholCost: 0	addCost: -1	backsolveCost: 1561

