cliques
172
node 0	AtA: 12236	cholCost: 0	addCost: 2200	backsolveCost: 16002
node 1	AtA: 13984	cholCost: 6028	addCost: 3352	backsolveCost: 24523
node 2	AtA: 12236	cholCost: 2688	addCost: 2200	backsolveCost: 16002
node 3	AtA: 12236	cholCost: 2688	addCost: 2200	backsolveCost: 16002
node 4	AtA: 12236	cholCost: 2688	addCost: 2200	backsolveCost: 16002
node 5	AtA: 19228	cholCost: 10416	addCost: 4888	backsolveCost: 31323
node 6	AtA: 17480	cholCost: 6028	addCost: 3352	backsolveCost: 24523
node 7	AtA: 12236	cholCost: 2688	addCost: 2200	backsolveCost: 16002
node 8	AtA: 11362	cholCost: 6708	addCost: 4072	backsolveCost: 16310
node 9	AtA: 18354	cholCost: 0	addCost: 4072	backsolveCost: 24624
node 10	AtA: 18354	cholCost: 8395	addCost: 4072	backsolveCost: 24624
node 11	AtA: 18354	cholCost: 8401	addCost: 4072	backsolveCost: 24624
node 12	AtA: 20976	cholCost: 31297	addCost: 10408	backsolveCost: 51833
node 13	AtA: 12236	cholCost: 2688	addCost: 2200	backsolveCost: 16002
node 14	AtA: 13984	cholCost: 6028	addCost: 3352	backsolveCost: 24523
node 15	AtA: 18354	cholCost: 8268	addCost: 4072	backsolveCost: 24624
node 16	AtA: 18354	cholCost: 8437	addCost: 4072	backsolveCost: 24624
node 17	AtA: 20854	cholCost: 53322	addCost: 4072	backsolveCost: 24624
node 18	AtA: 21728	cholCost: 92924	addCost: 7912	backsolveCost: 31775
node 19	AtA: 14736	cholCost: 31131	addCost: 2200	backsolveCost: 16002
node 20	AtA: 14736	cholCost: 40241	addCost: 4072	backsolveCost: 16310
node 21	AtA: 14736	cholCost: 31131	addCost: 2200	backsolveCost: 16002
node 22	AtA: 21728	cholCost: 74745	addCost: 4888	backsolveCost: 31323
node 23	AtA: 17358	cholCost: 124488	addCost: 9112	backsolveCost: 43195
node 24	AtA: 9492	cholCost: 78180	addCost: 18328	backsolveCost: 17619
node 25	AtA: 20854	cholCost: 53322	addCost: 4072	backsolveCost: 24624
node 26	AtA: 20854	cholCost: 53322	addCost: 4072	backsolveCost: 24624
node 27	AtA: 20854	cholCost: 53322	addCost: 4072	backsolveCost: 24624
node 28	AtA: 20854	cholCost: 53322	addCost: 4072	backsolveCost: 24624
node 29	AtA: 4230	cholCost: 89264	addCost: 13288	backsolveCost: 25836
node 30	AtA: 20854	cholCost: 53322	addCost: 4072	backsolveCost: 24624
node 31	AtA: 20854	cholCost: 53322	addCost: 4072	backsolveCost: 24624
node 32	AtA: 12988	cholCost: 58836	addCost: 10408	backsolveCost: 17003
node 33	AtA: 14736	cholCost: 31131	addCost: 2200	backsolveCost: 16002
node 34	AtA: 16484	cholCost: 52490	addCost: 3352	backsolveCost: 24523
node 35	AtA: 20854	cholCost: 53322	addCost: 4072	backsolveCost: 24624
node 36	AtA: 21728	cholCost: 65635	addCost: 3352	backsolveCost: 30984
node 37	AtA: 12988	cholCost: 52596	addCost: 9112	backsolveCost: 16926
node 38	AtA: 14736	cholCost: 107068	addCost: 11800	backsolveCost: 32340
node 39	AtA: 11240	cholCost: 133276	addCost: 18328	backsolveCost: 33018
node 40	AtA: 3884	cholCost: 102766	addCost: 31000	backsolveCost: 18312
node 41	AtA: 5268	cholCost: 255453	addCost: 35992	backsolveCost: 54813
node 42	AtA: 20854	cholCost: 53322	addCost: 4072	backsolveCost: 24624
node 43	AtA: 20854	cholCost: 53322	addCost: 4072	backsolveCost: 24624
node 44	AtA: 23476	cholCost: 74745	addCost: 4888	backsolveCost: 31323
node 45	AtA: 23476	cholCost: 74745	addCost: 4888	backsolveCost: 31323
node 46	AtA: 9492	cholCost: 125164	addCost: 14872	backsolveCost: 32679
node 47	AtA: 20854	cholCost: 53322	addCost: 4072	backsolveCost: 24624
node 48	AtA: 21728	cholCost: 74745	addCost: 4888	backsolveCost: 31323
node 49	AtA: 9492	cholCost: 45732	addCost: 6808	backsolveCost: 16695
node 50	AtA: 12988	cholCost: 66324	addCost: 14872	backsolveCost: 17388
node 51	AtA: 23476	cholCost: 74745	addCost: 4888	backsolveCost: 31323
node 52	AtA: 23476	cholCost: 74745	addCost: 4888	backsolveCost: 31323
node 53	AtA: 15610	cholCost: 88432	addCost: 11800	backsolveCost: 25735
node 54	AtA: 13862	cholCost: 75952	addCost: 9112	backsolveCost: 25432
node 55	AtA: 20854	cholCost: 53322	addCost: 4072	backsolveCost: 24624
node 56	AtA: 14736	cholCost: 107068	addCost: 11800	backsolveCost: 32340
node 57	AtA: 3884	cholCost: 84420	addCost: 20200	backsolveCost: 17696
node 58	AtA: 4230	cholCost: 149668	addCost: 33448	backsolveCost: 27351
node 59	AtA: 9492	cholCost: 223841	addCost: 44200	backsolveCost: 34826
node 60	AtA: 20854	cholCost: 53322	addCost: 4072	backsolveCost: 24624
node 61	AtA: 20854	cholCost: 53322	addCost: 4072	backsolveCost: 24624
node 62	AtA: 20854	cholCost: 53322	addCost: 4072	backsolveCost: 24624
node 63	AtA: 20854	cholCost: 53322	addCost: 4072	backsolveCost: 24624
node 64	AtA: 20854	cholCost: 53322	addCost: 4072	backsolveCost: 24624
node 65	AtA: 14736	cholCost: 119132	addCost: 13288	backsolveCost: 32453
node 66	AtA: 20854	cholCost: 53322	addCost: 4072	backsolveCost: 24624
node 67	AtA: 23476	cholCost: 74745	addCost: 4888	backsolveCost: 31323
node 68	AtA: 12988	cholCost: 64452	addCost: 11800	backsolveCost: 17157
node 69	AtA: 20854	cholCost: 53322	addCost: 4072	backsolveCost: 24624
node 70	AtA: 20854	cholCost: 53322	addCost: 4072	backsolveCost: 24624
node 71	AtA: 18232	cholCost: 52490	addCost: 3352	backsolveCost: 24523
node 72	AtA: 16484	cholCost: 57981	addCost: 4888	backsolveCost: 24826
node 73	AtA: 12988	cholCost: 40865	addCost: 4888	backsolveCost: 16464
node 74	AtA: 14736	cholCost: 32379	addCost: 2728	backsolveCost: 16079
node 75	AtA: 20854	cholCost: 74745	addCost: 4888	backsolveCost: 31323
node 76	AtA: 20854	cholCost: 53322	addCost: 4072	backsolveCost: 24624
node 77	AtA: 21728	cholCost: 92924	addCost: 7912	backsolveCost: 31775
node 78	AtA: 9492	cholCost: 64452	addCost: 11800	backsolveCost: 17157
node 79	AtA: 16484	cholCost: 156936	addCost: 14872	backsolveCost: 44017
node 80	AtA: 4230	cholCost: 108400	addCost: 18328	backsolveCost: 26341
node 81	AtA: 3884	cholCost: 102142	addCost: 28648	backsolveCost: 18158
node 82	AtA: 5614	cholCost: 364008	addCost: 50152	backsolveCost: 70410
node 83	AtA: 5960	cholCost: 557028	addCost: 77800	backsolveCost: 83375
node 84	AtA: 20854	cholCost: 53322	addCost: 4072	backsolveCost: 24624
node 85	AtA: 20854	cholCost: 53322	addCost: 4072	backsolveCost: 24624
node 86	AtA: 12988	cholCost: 58836	addCost: 10408	backsolveCost: 17003
node 87	AtA: 20854	cholCost: 53322	addCost: 4072	backsolveCost: 24624
node 88	AtA: 20854	cholCost: 53322	addCost: 4072	backsolveCost: 24624
node 89	AtA: 23476	cholCost: 138888	addCost: 10408	backsolveCost: 51833
node 90	AtA: 20854	cholCost: 53322	addCost: 4072	backsolveCost: 24624
node 91	AtA: 20854	cholCost: 53322	addCost: 4072	backsolveCost: 24624
node 92	AtA: 20854	cholCost: 57981	addCost: 4888	backsolveCost: 24826
node 93	AtA: 21728	cholCost: 74745	addCost: 4888	backsolveCost: 31323
node 94	AtA: 7744	cholCost: 75952	addCost: 9112	backsolveCost: 25432
node 95	AtA: 10366	cholCost: 108400	addCost: 18328	backsolveCost: 26341
node 96	AtA: 8618	cholCost: 140348	addCost: 20200	backsolveCost: 33131
node 97	AtA: 4922	cholCost: 265514	addCost: 44200	backsolveCost: 46620
node 98	AtA: 18354	cholCost: 8268	addCost: 4072	backsolveCost: 24624
node 99	AtA: 21728	cholCost: 92924	addCost: 7912	backsolveCost: 31775
node 100	AtA: 14736	cholCost: 32379	addCost: 2728	backsolveCost: 16079
node 101	AtA: 20854	cholCost: 74745	addCost: 4888	backsolveCost: 31323
node 102	AtA: 20854	cholCost: 53322	addCost: 4072	backsolveCost: 24624
node 103	AtA: 12988	cholCost: 64452	addCost: 11800	backsolveCost: 17157
node 104	AtA: 14736	cholCost: 32379	addCost: 2728	backsolveCost: 16079
node 105	AtA: 20854	cholCost: 74745	addCost: 4888	backsolveCost: 31323
node 106	AtA: 14736	cholCost: 32379	addCost: 2728	backsolveCost: 16079
node 107	AtA: 20854	cholCost: 74745	addCost: 4888	backsolveCost: 31323
node 108	AtA: 15610	cholCost: 98956	addCost: 9112	backsolveCost: 32001
node 109	AtA: 12988	cholCost: 156936	addCost: 14872	backsolveCost: 44017
node 110	AtA: 4230	cholCost: 132362	addCost: 26392	backsolveCost: 26947
node 111	AtA: 14736	cholCost: 32379	addCost: 2728	backsolveCost: 16079
node 112	AtA: 18232	cholCost: 57981	addCost: 4888	backsolveCost: 24826
node 113	AtA: 20854	cholCost: 53322	addCost: 4072	backsolveCost: 24624
node 114	AtA: 18232	cholCost: 52490	addCost: 3352	backsolveCost: 24523
node 115	AtA: 16484	cholCost: 57981	addCost: 4888	backsolveCost: 24826
node 116	AtA: 12988	cholCost: 40865	addCost: 4888	backsolveCost: 16464
node 117	AtA: 13862	cholCost: 75952	addCost: 9112	backsolveCost: 25432
node 118	AtA: 11240	cholCost: 88432	addCost: 11800	backsolveCost: 25735
node 119	AtA: 20854	cholCost: 53322	addCost: 4072	backsolveCost: 24624
node 120	AtA: 20854	cholCost: 53322	addCost: 4072	backsolveCost: 24624
node 121	AtA: 23476	cholCost: 138888	addCost: 10408	backsolveCost: 51833
node 122	AtA: 20854	cholCost: 53322	addCost: 4072	backsolveCost: 24624
node 123	AtA: 20854	cholCost: 53322	addCost: 4072	backsolveCost: 24624
node 124	AtA: 23476	cholCost: 138888	addCost: 10408	backsolveCost: 51833
node 125	AtA: 12988	cholCost: 255453	addCost: 35992	backsolveCost: 54813
node 126	AtA: 10366	cholCost: 314610	addCost: 53272	backsolveCost: 56154
node 127	AtA: 20854	cholCost: 53322	addCost: 4072	backsolveCost: 24624
node 128	AtA: 20854	cholCost: 53322	addCost: 4072	backsolveCost: 24624
node 129	AtA: 12988	cholCost: 58836	addCost: 10408	backsolveCost: 17003
node 130	AtA: 20854	cholCost: 53322	addCost: 4072	backsolveCost: 24624
node 131	AtA: 12988	cholCost: 58836	addCost: 10408	backsolveCost: 17003
node 132	AtA: 20854	cholCost: 53322	addCost: 4072	backsolveCost: 24624
node 133	AtA: 20854	cholCost: 53322	addCost: 4072	backsolveCost: 24624
node 134	AtA: 3884	cholCost: 72564	addCost: 16552	backsolveCost: 17465
node 135	AtA: 10366	cholCost: 133194	addCost: 28648	backsolveCost: 27048
node 136	AtA: 20854	cholCost: 53322	addCost: 4072	backsolveCost: 24624
node 137	AtA: 20854	cholCost: 53322	addCost: 4072	backsolveCost: 24624
node 138	AtA: 12236	cholCost: 2688	addCost: 2200	backsolveCost: 16002
node 139	AtA: 14736	cholCost: 31131	addCost: 2200	backsolveCost: 16002
node 140	AtA: 12988	cholCost: 40865	addCost: 4888	backsolveCost: 16464
node 141	AtA: 12988	cholCost: 40865	addCost: 4888	backsolveCost: 16464
node 142	AtA: 20854	cholCost: 53322	addCost: 4072	backsolveCost: 24624
node 143	AtA: 19980	cholCost: 52490	addCost: 3352	backsolveCost: 24523
node 144	AtA: 23476	cholCost: 126408	addCost: 9112	backsolveCost: 51684
node 145	AtA: 10366	cholCost: 88432	addCost: 11800	backsolveCost: 25735
node 146	AtA: 3884	cholCost: 78180	addCost: 18328	backsolveCost: 17619
node 147	AtA: 20854	cholCost: 53322	addCost: 4072	backsolveCost: 24624
node 148	AtA: 20854	cholCost: 53322	addCost: 4072	backsolveCost: 24624
node 149	AtA: 20854	cholCost: 53322	addCost: 4072	backsolveCost: 24624
node 150	AtA: 4230	cholCost: 89264	addCost: 13288	backsolveCost: 25836
node 151	AtA: 18354	cholCost: 8401	addCost: 4072	backsolveCost: 24624
node 152	AtA: 20854	cholCost: 53322	addCost: 4072	backsolveCost: 24624
node 153	AtA: 20854	cholCost: 53322	addCost: 4072	backsolveCost: 24624
node 154	AtA: 14736	cholCost: 119132	addCost: 13288	backsolveCost: 32453
node 155	AtA: 14736	cholCost: 31131	addCost: 2200	backsolveCost: 16002
node 156	AtA: 21728	cholCost: 74745	addCost: 4888	backsolveCost: 31323
node 157	AtA: 14736	cholCost: 31131	addCost: 2200	backsolveCost: 16002
node 158	AtA: 21728	cholCost: 74745	addCost: 4888	backsolveCost: 31323
node 159	AtA: 20854	cholCost: 53322	addCost: 4072	backsolveCost: 24624
node 160	AtA: 13984	cholCost: 6028	addCost: 3352	backsolveCost: 24523
node 161	AtA: 12988	cholCost: 52596	addCost: 9112	backsolveCost: 16926
node 162	AtA: 11240	cholCost: 98956	addCost: 9112	backsolveCost: 32001
node 163	AtA: 4922	cholCost: 193378	addCost: 22168	backsolveCost: 44839
node 164	AtA: 4230	cholCost: 141847	addCost: 31000	backsolveCost: 27250
node 165	AtA: 4230	cholCost: 195762	addCost: 53272	backsolveCost: 28462
node 166	AtA: 5268	cholCost: 388740	addCost: 74008	backsolveCost: 57495
node 167	AtA: 7690	cholCost: 926896	addCost: 77800	backsolveCost: 171567
node 168	AtA: 7690	cholCost: 893450	addCost: 74008	backsolveCost: 171286
node 169	AtA: 53192	cholCost: 2049446	addCost: 1192	backsolveCost: 1584012
node 170	AtA: 6870	cholCost: 16194	addCost: 1000	backsolveCost: 10977
node 171	AtA: -1	cholCost: 0	addCost: -1	backsolveCost: 1561

