cliques
164
node 0	AtA: 12236	cholCost: 0	addCost: 2200	backsolveCost: 16002
node 1	AtA: 13984	cholCost: 6028	addCost: 3352	backsolveCost: 24523
node 2	AtA: 12236	cholCost: 2688	addCost: 2200	backsolveCost: 16002
node 3	AtA: 12236	cholCost: 2688	addCost: 2200	backsolveCost: 16002
node 4	AtA: 12236	cholCost: 2688	addCost: 2200	backsolveCost: 16002
node 5	AtA: 12236	cholCost: 2688	addCost: 2200	backsolveCost: 16002
node 6	AtA: 12236	cholCost: 2688	addCost: 2200	backsolveCost: 16002
node 7	AtA: 19228	cholCost: 10416	addCost: 4888	backsolveCost: 31323
node 8	AtA: 18354	cholCost: 8268	addCost: 4072	backsolveCost: 24624
node 9	AtA: 14858	cholCost: 9520	addCost: 4888	backsolveCost: 24826
node 10	AtA: 18354	cholCost: 8268	addCost: 4072	backsolveCost: 24624
node 11	AtA: 18354	cholCost: 8401	addCost: 4072	backsolveCost: 24624
node 12	AtA: 18354	cholCost: 8268	addCost: 4072	backsolveCost: 24624
node 13	AtA: 18354	cholCost: 8407	addCost: 4072	backsolveCost: 24624
node 14	AtA: 12236	cholCost: 2688	addCost: 2200	backsolveCost: 16002
node 15	AtA: 20854	cholCost: 53322	addCost: 4072	backsolveCost: 24624
node 16	AtA: 20854	cholCost: 53322	addCost: 4072	backsolveCost: 24624
node 17	AtA: 12988	cholCost: 58836	addCost: 10408	backsolveCost: 17003
node 18	AtA: 20854	cholCost: 53322	addCost: 4072	backsolveCost: 24624
node 19	AtA: 20854	cholCost: 53322	addCost: 4072	backsolveCost: 24624
node 20	AtA: 20854	cholCost: 53322	addCost: 4072	backsolveCost: 24624
node 21	AtA: 12988	cholCost: 58836	addCost: 10408	backsolveCost: 17003
node 22	AtA: 19106	cholCost: 158184	addCost: 16552	backsolveCost: 44154
node 23	AtA: 3884	cholCost: 86292	addCost: 24232	backsolveCost: 17927
node 24	AtA: 23476	cholCost: 74745	addCost: 4888	backsolveCost: 31323
node 25	AtA: 23476	cholCost: 74745	addCost: 4888	backsolveCost: 31323
node 26	AtA: 23476	cholCost: 74745	addCost: 4888	backsolveCost: 31323
node 27	AtA: 17358	cholCost: 47831	addCost: 2728	backsolveCost: 24321
node 28	AtA: 14736	cholCost: 40241	addCost: 4072	backsolveCost: 16310
node 29	AtA: 14736	cholCost: 31131	addCost: 2200	backsolveCost: 16002
node 30	AtA: 21728	cholCost: 74745	addCost: 4888	backsolveCost: 31323
node 31	AtA: 17358	cholCost: 68464	addCost: 6808	backsolveCost: 25129
node 32	AtA: 12114	cholCost: 158856	addCost: 14872	backsolveCost: 52578
node 33	AtA: 20854	cholCost: 194050	addCost: 20200	backsolveCost: 53174
node 34	AtA: 20854	cholCost: 53322	addCost: 4072	backsolveCost: 24624
node 35	AtA: 20854	cholCost: 53322	addCost: 4072	backsolveCost: 24624
node 36	AtA: 20854	cholCost: 53322	addCost: 4072	backsolveCost: 24624
node 37	AtA: 21728	cholCost: 74745	addCost: 4888	backsolveCost: 31323
node 38	AtA: 20854	cholCost: 53322	addCost: 4072	backsolveCost: 24624
node 39	AtA: 19106	cholCost: 124488	addCost: 9112	backsolveCost: 43195
node 40	AtA: 10366	cholCost: 88432	addCost: 11800	backsolveCost: 25735
node 41	AtA: 3884	cholCost: 78180	addCost: 18328	backsolveCost: 17619
node 42	AtA: 20854	cholCost: 53322	addCost: 4072	backsolveCost: 24624
node 43	AtA: 23476	cholCost: 74745	addCost: 4888	backsolveCost: 31323
node 44	AtA: 20854	cholCost: 57981	addCost: 4888	backsolveCost: 24826
node 45	AtA: 12988	cholCost: 64452	addCost: 11800	backsolveCost: 17157
node 46	AtA: 12114	cholCost: 140348	addCost: 20200	backsolveCost: 33131
node 47	AtA: 20854	cholCost: 53322	addCost: 4072	backsolveCost: 24624
node 48	AtA: 20854	cholCost: 53322	addCost: 4072	backsolveCost: 24624
node 49	AtA: 21728	cholCost: 92924	addCost: 7912	backsolveCost: 31775
node 50	AtA: 19106	cholCost: 149448	addCost: 13288	backsolveCost: 43743
node 51	AtA: 23476	cholCost: 74745	addCost: 4888	backsolveCost: 31323
node 52	AtA: 10366	cholCost: 51972	addCost: 7912	backsolveCost: 16772
node 53	AtA: 23476	cholCost: 74745	addCost: 4888	backsolveCost: 31323
node 54	AtA: 16484	cholCost: 52596	addCost: 9112	backsolveCost: 16926
node 55	AtA: 21728	cholCost: 74745	addCost: 4888	backsolveCost: 31323
node 56	AtA: 13862	cholCost: 68464	addCost: 6808	backsolveCost: 25129
node 57	AtA: 10366	cholCost: 89264	addCost: 13288	backsolveCost: 25836
node 58	AtA: 12114	cholCost: 133276	addCost: 18328	backsolveCost: 33018
node 59	AtA: 3884	cholCost: 102766	addCost: 31000	backsolveCost: 18312
node 60	AtA: 7744	cholCost: 195762	addCost: 53272	backsolveCost: 28462
node 61	AtA: 6998	cholCost: 682596	addCost: 66712	backsolveCost: 132952
node 62	AtA: 20854	cholCost: 53322	addCost: 4072	backsolveCost: 24624
node 63	AtA: 20854	cholCost: 53322	addCost: 4072	backsolveCost: 24624
node 64	AtA: 22602	cholCost: 149448	addCost: 13288	backsolveCost: 43743
node 65	AtA: 14736	cholCost: 31131	addCost: 2200	backsolveCost: 16002
node 66	AtA: 21728	cholCost: 74745	addCost: 4888	backsolveCost: 31323
node 67	AtA: 14736	cholCost: 31131	addCost: 2200	backsolveCost: 16002
node 68	AtA: 21728	cholCost: 74745	addCost: 4888	backsolveCost: 31323
node 69	AtA: 14736	cholCost: 98956	addCost: 9112	backsolveCost: 32001
node 70	AtA: 11240	cholCost: 133276	addCost: 18328	backsolveCost: 33018
node 71	AtA: 20854	cholCost: 53322	addCost: 4072	backsolveCost: 24624
node 72	AtA: 20854	cholCost: 53322	addCost: 4072	backsolveCost: 24624
node 73	AtA: 20854	cholCost: 53322	addCost: 4072	backsolveCost: 24624
node 74	AtA: 14736	cholCost: 119132	addCost: 13288	backsolveCost: 32453
node 75	AtA: 20854	cholCost: 53322	addCost: 4072	backsolveCost: 24624
node 76	AtA: 14736	cholCost: 31131	addCost: 2200	backsolveCost: 16002
node 77	AtA: 21728	cholCost: 74745	addCost: 4888	backsolveCost: 31323
node 78	AtA: 14736	cholCost: 31131	addCost: 2200	backsolveCost: 16002
node 79	AtA: 21728	cholCost: 74745	addCost: 4888	backsolveCost: 31323
node 80	AtA: 9492	cholCost: 52596	addCost: 9112	backsolveCost: 16926
node 81	AtA: 12988	cholCost: 78180	addCost: 18328	backsolveCost: 17619
node 82	AtA: 4576	cholCost: 153369	addCost: 22168	backsolveCost: 33357
node 83	AtA: 12988	cholCost: 255453	addCost: 35992	backsolveCost: 54813
node 84	AtA: 20854	cholCost: 53322	addCost: 4072	backsolveCost: 24624
node 85	AtA: 23476	cholCost: 138888	addCost: 10408	backsolveCost: 51833
node 86	AtA: 20854	cholCost: 53322	addCost: 4072	backsolveCost: 24624
node 87	AtA: 12988	cholCost: 58836	addCost: 10408	backsolveCost: 17003
node 88	AtA: 9492	cholCost: 65700	addCost: 13288	backsolveCost: 17234
node 89	AtA: 20854	cholCost: 53322	addCost: 4072	backsolveCost: 24624
node 90	AtA: 20854	cholCost: 53322	addCost: 4072	backsolveCost: 24624
node 91	AtA: 20854	cholCost: 53322	addCost: 4072	backsolveCost: 24624
node 92	AtA: 14736	cholCost: 119132	addCost: 13288	backsolveCost: 32453
node 93	AtA: 20854	cholCost: 53322	addCost: 4072	backsolveCost: 24624
node 94	AtA: 14736	cholCost: 31131	addCost: 2200	backsolveCost: 16002
node 95	AtA: 21728	cholCost: 74745	addCost: 4888	backsolveCost: 31323
node 96	AtA: 13984	cholCost: 6028	addCost: 3352	backsolveCost: 24523
node 97	AtA: 19106	cholCost: 124488	addCost: 9112	backsolveCost: 43195
node 98	AtA: 14736	cholCost: 107068	addCost: 11800	backsolveCost: 32340
node 99	AtA: 3884	cholCost: 85044	addCost: 22168	backsolveCost: 17850
node 100	AtA: 5614	cholCost: 326234	addCost: 41368	backsolveCost: 69718
node 101	AtA: 20854	cholCost: 53322	addCost: 4072	backsolveCost: 24624
node 102	AtA: 20854	cholCost: 53322	addCost: 4072	backsolveCost: 24624
node 103	AtA: 22602	cholCost: 149448	addCost: 13288	backsolveCost: 43743
node 104	AtA: 20854	cholCost: 53322	addCost: 4072	backsolveCost: 24624
node 105	AtA: 20854	cholCost: 53322	addCost: 4072	backsolveCost: 24624
node 106	AtA: 14736	cholCost: 31131	addCost: 2200	backsolveCost: 16002
node 107	AtA: 21728	cholCost: 74745	addCost: 4888	backsolveCost: 31323
node 108	AtA: 14736	cholCost: 31131	addCost: 2200	backsolveCost: 16002
node 109	AtA: 21728	cholCost: 74745	addCost: 4888	backsolveCost: 31323
node 110	AtA: 4576	cholCost: 125164	addCost: 14872	backsolveCost: 32679
node 111	AtA: 20854	cholCost: 53322	addCost: 4072	backsolveCost: 24624
node 112	AtA: 20854	cholCost: 53322	addCost: 4072	backsolveCost: 24624
node 113	AtA: 20854	cholCost: 53322	addCost: 4072	backsolveCost: 24624
node 114	AtA: 16484	cholCost: 52490	addCost: 3352	backsolveCost: 24523
node 115	AtA: 14736	cholCost: 31131	addCost: 2200	backsolveCost: 16002
node 116	AtA: 21728	cholCost: 74745	addCost: 4888	backsolveCost: 31323
node 117	AtA: 13862	cholCost: 75952	addCost: 9112	backsolveCost: 25432
node 118	AtA: 14736	cholCost: 107068	addCost: 11800	backsolveCost: 32340
node 119	AtA: 3884	cholCost: 78180	addCost: 18328	backsolveCost: 17619
node 120	AtA: 12988	cholCost: 213020	addCost: 26392	backsolveCost: 53919
node 121	AtA: 4230	cholCost: 158321	addCost: 35992	backsolveCost: 27553
node 122	AtA: 20854	cholCost: 53322	addCost: 4072	backsolveCost: 24624
node 123	AtA: 20854	cholCost: 53322	addCost: 4072	backsolveCost: 24624
node 124	AtA: 12988	cholCost: 58836	addCost: 10408	backsolveCost: 17003
node 125	AtA: 14736	cholCost: 31131	addCost: 2200	backsolveCost: 16002
node 126	AtA: 14736	cholCost: 31131	addCost: 2200	backsolveCost: 16002
node 127	AtA: 12988	cholCost: 40865	addCost: 4888	backsolveCost: 16464
node 128	AtA: 12988	cholCost: 40865	addCost: 4888	backsolveCost: 16464
node 129	AtA: 14736	cholCost: 31131	addCost: 2200	backsolveCost: 16002
node 130	AtA: 21728	cholCost: 74745	addCost: 4888	backsolveCost: 31323
node 131	AtA: 20854	cholCost: 53322	addCost: 4072	backsolveCost: 24624
node 132	AtA: 20854	cholCost: 53322	addCost: 4072	backsolveCost: 24624
node 133	AtA: 4576	cholCost: 125164	addCost: 14872	backsolveCost: 32679
node 134	AtA: 9492	cholCost: 102766	addCost: 31000	backsolveCost: 18312
node 135	AtA: 20854	cholCost: 53322	addCost: 4072	backsolveCost: 24624
node 136	AtA: 20854	cholCost: 53322	addCost: 4072	backsolveCost: 24624
node 137	AtA: 20854	cholCost: 53322	addCost: 4072	backsolveCost: 24624
node 138	AtA: 20854	cholCost: 53322	addCost: 4072	backsolveCost: 24624
node 139	AtA: 12988	cholCost: 58836	addCost: 10408	backsolveCost: 17003
node 140	AtA: 20854	cholCost: 53322	addCost: 4072	backsolveCost: 24624
node 141	AtA: 20854	cholCost: 53322	addCost: 4072	backsolveCost: 24624
node 142	AtA: 12988	cholCost: 58836	addCost: 10408	backsolveCost: 17003
node 143	AtA: 20854	cholCost: 53322	addCost: 4072	backsolveCost: 24624
node 144	AtA: 20854	cholCost: 53322	addCost: 4072	backsolveCost: 24624
node 145	AtA: 14736	cholCost: 31131	addCost: 2200	backsolveCost: 16002
node 146	AtA: 21728	cholCost: 74745	addCost: 4888	backsolveCost: 31323
node 147	AtA: 14736	cholCost: 31131	addCost: 2200	backsolveCost: 16002
node 148	AtA: 21728	cholCost: 74745	addCost: 4888	backsolveCost: 31323
node 149	AtA: 14736	cholCost: 31131	addCost: 2200	backsolveCost: 16002
node 150	AtA: 21728	cholCost: 74745	addCost: 4888	backsolveCost: 31323
node 151	AtA: 14736	cholCost: 98956	addCost: 9112	backsolveCost: 32001
node 152	AtA: 9492	cholCost: 66324	addCost: 14872	backsolveCost: 17388
node 153	AtA: 4230	cholCost: 108400	addCost: 18328	backsolveCost: 26341
node 154	AtA: 4230	cholCost: 115888	addCost: 22168	backsolveCost: 26644
node 155	AtA: 5960	cholCost: 329058	addCost: 31000	backsolveCost: 79305
node 156	AtA: 15610	cholCost: 468785	addCost: 47128	backsolveCost: 98188
node 157	AtA: 5614	cholCost: 448996	addCost: 70312	backsolveCost: 71967
node 158	AtA: 7344	cholCost: 791124	addCost: 70312	backsolveCost: 147890
node 159	AtA: 6306	cholCost: 666468	addCost: 85672	backsolveCost: 101532
node 160	AtA: 10458	cholCost: 1237339	addCost: 47128	backsolveCost: 362662
node 161	AtA: 38334	cholCost: 975564	addCost: 1192	backsolveCost: 799985
node 162	AtA: 6870	cholCost: 16194	addCost: 1000	backsolveCost: 10977
node 163	AtA: -1	cholCost: 0	addCost: -1	backsolveCost: 1561

