cliques
171
node 0	AtA: 12236	cholCost: 0	addCost: 2200	backsolveCost: 16002
node 1	AtA: 13984	cholCost: 0	addCost: 3352	backsolveCost: 24523
node 2	AtA: 12236	cholCost: 2688	addCost: 2200	backsolveCost: 16002
node 3	AtA: 12236	cholCost: 2688	addCost: 2200	backsolveCost: 16002
node 4	AtA: 12236	cholCost: 2688	addCost: 2200	backsolveCost: 16002
node 5	AtA: 19228	cholCost: 10416	addCost: 4888	backsolveCost: 31323
node 6	AtA: 11362	cholCost: 0	addCost: 4072	backsolveCost: 16310
node 7	AtA: 14858	cholCost: 13804	addCost: 6808	backsolveCost: 25129
node 8	AtA: 19228	cholCost: 10416	addCost: 4888	backsolveCost: 31323
node 9	AtA: 6992	cholCost: 13908	addCost: 7912	backsolveCost: 16772
node 10	AtA: 18354	cholCost: 8268	addCost: 4072	backsolveCost: 24624
node 11	AtA: 11362	cholCost: 24887	addCost: 11800	backsolveCost: 25735
node 12	AtA: 14736	cholCost: 0	addCost: 2200	backsolveCost: 16002
node 13	AtA: 18354	cholCost: 8268	addCost: 4072	backsolveCost: 24624
node 14	AtA: 18354	cholCost: 8268	addCost: 4072	backsolveCost: 24624
node 15	AtA: 18354	cholCost: 8413	addCost: 4072	backsolveCost: 24624
node 16	AtA: 18354	cholCost: 8407	addCost: 4072	backsolveCost: 24624
node 17	AtA: 18354	cholCost: 8401	addCost: 4072	backsolveCost: 24624
node 18	AtA: 24350	cholCost: 100277	addCost: 5800	backsolveCost: 42510
node 19	AtA: 11240	cholCost: 88432	addCost: 11800	backsolveCost: 25735
node 20	AtA: 20854	cholCost: 53322	addCost: 4072	backsolveCost: 24624
node 21	AtA: 23476	cholCost: 74745	addCost: 4888	backsolveCost: 31323
node 22	AtA: 22602	cholCost: 156936	addCost: 14872	backsolveCost: 44017
node 23	AtA: 6870	cholCost: 86292	addCost: 24232	backsolveCost: 17927
node 24	AtA: 20976	cholCost: 10579	addCost: 4888	backsolveCost: 31323
node 25	AtA: 23476	cholCost: 74745	addCost: 4888	backsolveCost: 31323
node 26	AtA: 23476	cholCost: 74745	addCost: 4888	backsolveCost: 31323
node 27	AtA: 21728	cholCost: 98956	addCost: 9112	backsolveCost: 32001
node 28	AtA: 14736	cholCost: 101744	addCost: 16552	backsolveCost: 26139
node 29	AtA: 15610	cholCost: 153369	addCost: 22168	backsolveCost: 33357
node 30	AtA: 7744	cholCost: 184280	addCost: 47128	backsolveCost: 28159
node 31	AtA: 20854	cholCost: 53322	addCost: 4072	backsolveCost: 24624
node 32	AtA: 20854	cholCost: 53322	addCost: 4072	backsolveCost: 24624
node 33	AtA: 22602	cholCost: 149448	addCost: 13288	backsolveCost: 43743
node 34	AtA: 20854	cholCost: 53322	addCost: 4072	backsolveCost: 24624
node 35	AtA: 20854	cholCost: 53322	addCost: 4072	backsolveCost: 24624
node 36	AtA: 20854	cholCost: 53322	addCost: 4072	backsolveCost: 24624
node 37	AtA: 14736	cholCost: 119132	addCost: 13288	backsolveCost: 32453
node 38	AtA: 10366	cholCost: 133194	addCost: 28648	backsolveCost: 27048
node 39	AtA: 19980	cholCost: 52490	addCost: 3352	backsolveCost: 24523
node 40	AtA: 20854	cholCost: 53322	addCost: 4072	backsolveCost: 24624
node 41	AtA: 13984	cholCost: 6028	addCost: 3352	backsolveCost: 24523
node 42	AtA: 12988	cholCost: 52596	addCost: 9112	backsolveCost: 16926
node 43	AtA: 15610	cholCost: 124488	addCost: 9112	backsolveCost: 43195
node 44	AtA: 20854	cholCost: 53322	addCost: 4072	backsolveCost: 24624
node 45	AtA: 20854	cholCost: 53322	addCost: 4072	backsolveCost: 24624
node 46	AtA: 14736	cholCost: 31131	addCost: 2200	backsolveCost: 16002
node 47	AtA: 21728	cholCost: 74745	addCost: 4888	backsolveCost: 31323
node 48	AtA: 13862	cholCost: 75952	addCost: 9112	backsolveCost: 25432
node 49	AtA: 13862	cholCost: 95920	addCost: 14872	backsolveCost: 26038
node 50	AtA: 4230	cholCost: 108400	addCost: 18328	backsolveCost: 26341
node 51	AtA: 11240	cholCost: 252962	addCost: 53272	backsolveCost: 35391
node 52	AtA: 20854	cholCost: 53322	addCost: 4072	backsolveCost: 24624
node 53	AtA: 12988	cholCost: 58836	addCost: 10408	backsolveCost: 17003
node 54	AtA: 20854	cholCost: 53322	addCost: 4072	backsolveCost: 24624
node 55	AtA: 12988	cholCost: 58836	addCost: 10408	backsolveCost: 17003
node 56	AtA: 3884	cholCost: 72564	addCost: 16552	backsolveCost: 17465
node 57	AtA: 20854	cholCost: 53322	addCost: 4072	backsolveCost: 24624
node 58	AtA: 20854	cholCost: 53322	addCost: 4072	backsolveCost: 24624
node 59	AtA: 20854	cholCost: 53322	addCost: 4072	backsolveCost: 24624
node 60	AtA: 18232	cholCost: 52490	addCost: 3352	backsolveCost: 24523
node 61	AtA: 16484	cholCost: 57981	addCost: 4888	backsolveCost: 24826
node 62	AtA: 12988	cholCost: 40865	addCost: 4888	backsolveCost: 16464
node 63	AtA: 14736	cholCost: 32379	addCost: 2728	backsolveCost: 16079
node 64	AtA: 20854	cholCost: 74745	addCost: 4888	backsolveCost: 31323
node 65	AtA: 15610	cholCost: 98956	addCost: 9112	backsolveCost: 32001
node 66	AtA: 19106	cholCost: 156936	addCost: 14872	backsolveCost: 44017
node 67	AtA: 3884	cholCost: 85044	addCost: 22168	backsolveCost: 17850
node 68	AtA: 20854	cholCost: 53322	addCost: 4072	backsolveCost: 24624
node 69	AtA: 20854	cholCost: 53322	addCost: 4072	backsolveCost: 24624
node 70	AtA: 20854	cholCost: 53322	addCost: 4072	backsolveCost: 24624
node 71	AtA: 18354	cholCost: 8268	addCost: 4072	backsolveCost: 24624
node 72	AtA: 12988	cholCost: 58836	addCost: 10408	backsolveCost: 17003
node 73	AtA: 10366	cholCost: 109232	addCost: 20200	backsolveCost: 26442
node 74	AtA: 20854	cholCost: 53322	addCost: 4072	backsolveCost: 24624
node 75	AtA: 14736	cholCost: 32379	addCost: 2728	backsolveCost: 16079
node 76	AtA: 19980	cholCost: 74745	addCost: 4888	backsolveCost: 31323
node 77	AtA: 12988	cholCost: 40865	addCost: 4888	backsolveCost: 16464
node 78	AtA: 18232	cholCost: 52490	addCost: 3352	backsolveCost: 24523
node 79	AtA: 17358	cholCost: 57981	addCost: 4888	backsolveCost: 24826
node 80	AtA: 17358	cholCost: 68464	addCost: 6808	backsolveCost: 25129
node 81	AtA: 18232	cholCost: 182836	addCost: 11800	backsolveCost: 66085
node 82	AtA: 3884	cholCost: 78180	addCost: 18328	backsolveCost: 17619
node 83	AtA: 4230	cholCost: 158321	addCost: 35992	backsolveCost: 27553
node 84	AtA: 12114	cholCost: 603620	addCost: 89752	backsolveCost: 84300
node 85	AtA: 7690	cholCost: 1038716	addCost: 93928	backsolveCost: 173253
node 86	AtA: 23476	cholCost: 74745	addCost: 4888	backsolveCost: 31323
node 87	AtA: 23476	cholCost: 74745	addCost: 4888	backsolveCost: 31323
node 88	AtA: 20854	cholCost: 53322	addCost: 4072	backsolveCost: 24624
node 89	AtA: 14736	cholCost: 32379	addCost: 2728	backsolveCost: 16079
node 90	AtA: 19980	cholCost: 74745	addCost: 4888	backsolveCost: 31323
node 91	AtA: 12988	cholCost: 40865	addCost: 4888	backsolveCost: 16464
node 92	AtA: 13862	cholCost: 75952	addCost: 9112	backsolveCost: 25432
node 93	AtA: 20854	cholCost: 53322	addCost: 4072	backsolveCost: 24624
node 94	AtA: 21728	cholCost: 92924	addCost: 7912	backsolveCost: 31775
node 95	AtA: 20854	cholCost: 53322	addCost: 4072	backsolveCost: 24624
node 96	AtA: 14736	cholCost: 32379	addCost: 2728	backsolveCost: 16079
node 97	AtA: 18232	cholCost: 57981	addCost: 4888	backsolveCost: 24826
node 98	AtA: 15610	cholCost: 165672	addCost: 18328	backsolveCost: 44428
node 99	AtA: 8618	cholCost: 133276	addCost: 18328	backsolveCost: 33018
node 100	AtA: 11240	cholCost: 172547	addCost: 28648	backsolveCost: 33809
node 101	AtA: 23476	cholCost: 74745	addCost: 4888	backsolveCost: 31323
node 102	AtA: 14736	cholCost: 32379	addCost: 2728	backsolveCost: 16079
node 103	AtA: 14736	cholCost: 40241	addCost: 4072	backsolveCost: 16310
node 104	AtA: 12988	cholCost: 45108	addCost: 5800	backsolveCost: 16541
node 105	AtA: 10366	cholCost: 52596	addCost: 9112	backsolveCost: 16926
node 106	AtA: 18232	cholCost: 52490	addCost: 3352	backsolveCost: 24523
node 107	AtA: 17358	cholCost: 57981	addCost: 4888	backsolveCost: 24826
node 108	AtA: 20854	cholCost: 53322	addCost: 4072	backsolveCost: 24624
node 109	AtA: 21728	cholCost: 92924	addCost: 7912	backsolveCost: 31775
node 110	AtA: 9492	cholCost: 156936	addCost: 14872	backsolveCost: 44017
node 111	AtA: 18232	cholCost: 52490	addCost: 3352	backsolveCost: 24523
node 112	AtA: 17358	cholCost: 57981	addCost: 4888	backsolveCost: 24826
node 113	AtA: 20854	cholCost: 53322	addCost: 4072	backsolveCost: 24624
node 114	AtA: 14736	cholCost: 32379	addCost: 2728	backsolveCost: 16079
node 115	AtA: 20854	cholCost: 74745	addCost: 4888	backsolveCost: 31323
node 116	AtA: 7744	cholCost: 75952	addCost: 9112	backsolveCost: 25432
node 117	AtA: 20854	cholCost: 53322	addCost: 4072	backsolveCost: 24624
node 118	AtA: 20854	cholCost: 53322	addCost: 4072	backsolveCost: 24624
node 119	AtA: 20854	cholCost: 53322	addCost: 4072	backsolveCost: 24624
node 120	AtA: 20854	cholCost: 53322	addCost: 4072	backsolveCost: 24624
node 121	AtA: 4230	cholCost: 89264	addCost: 13288	backsolveCost: 25836
node 122	AtA: 11240	cholCost: 280556	addCost: 31000	backsolveCost: 68680
node 123	AtA: 8618	cholCost: 227712	addCost: 66712	backsolveCost: 29068
node 124	AtA: 20854	cholCost: 53322	addCost: 4072	backsolveCost: 24624
node 125	AtA: 20854	cholCost: 53322	addCost: 4072	backsolveCost: 24624
node 126	AtA: 20854	cholCost: 53322	addCost: 4072	backsolveCost: 24624
node 127	AtA: 14736	cholCost: 119132	addCost: 13288	backsolveCost: 32453
node 128	AtA: 20854	cholCost: 53322	addCost: 4072	backsolveCost: 24624
node 129	AtA: 20854	cholCost: 53322	addCost: 4072	backsolveCost: 24624
node 130	AtA: 20854	cholCost: 53322	addCost: 4072	backsolveCost: 24624
node 131	AtA: 19980	cholCost: 52490	addCost: 3352	backsolveCost: 24523
node 132	AtA: 12988	cholCost: 52596	addCost: 9112	backsolveCost: 16926
node 133	AtA: 3884	cholCost: 66324	addCost: 14872	backsolveCost: 17388
node 134	AtA: 20854	cholCost: 53322	addCost: 4072	backsolveCost: 24624
node 135	AtA: 20854	cholCost: 53322	addCost: 4072	backsolveCost: 24624
node 136	AtA: 23476	cholCost: 138888	addCost: 10408	backsolveCost: 51833
node 137	AtA: 14736	cholCost: 31131	addCost: 2200	backsolveCost: 16002
node 138	AtA: 16484	cholCost: 52490	addCost: 3352	backsolveCost: 24523
node 139	AtA: 21728	cholCost: 85852	addCost: 6808	backsolveCost: 31662
node 140	AtA: 11240	cholCost: 125164	addCost: 14872	backsolveCost: 32679
node 141	AtA: 3884	cholCost: 85044	addCost: 22168	backsolveCost: 17850
node 142	AtA: 4576	cholCost: 180576	addCost: 31000	backsolveCost: 34035
node 143	AtA: 4230	cholCost: 167806	addCost: 41368	backsolveCost: 27856
node 144	AtA: 18354	cholCost: 8401	addCost: 4072	backsolveCost: 24624
node 145	AtA: 23476	cholCost: 138888	addCost: 10408	backsolveCost: 51833
node 146	AtA: 20854	cholCost: 53322	addCost: 4072	backsolveCost: 24624
node 147	AtA: 20854	cholCost: 53322	addCost: 4072	backsolveCost: 24624
node 148	AtA: 21728	cholCost: 92924	addCost: 7912	backsolveCost: 31775
node 149	AtA: 19106	cholCost: 149448	addCost: 13288	backsolveCost: 43743
node 150	AtA: 20854	cholCost: 53322	addCost: 4072	backsolveCost: 24624
node 151	AtA: 20854	cholCost: 53322	addCost: 4072	backsolveCost: 24624
node 152	AtA: 22602	cholCost: 149448	addCost: 13288	backsolveCost: 43743
node 153	AtA: 20854	cholCost: 53322	addCost: 4072	backsolveCost: 24624
node 154	AtA: 14736	cholCost: 31131	addCost: 2200	backsolveCost: 16002
node 155	AtA: 14736	cholCost: 31131	addCost: 2200	backsolveCost: 16002
node 156	AtA: 12988	cholCost: 40865	addCost: 4888	backsolveCost: 16464
node 157	AtA: 12988	cholCost: 40865	addCost: 4888	backsolveCost: 16464
node 158	AtA: 20854	cholCost: 53322	addCost: 4072	backsolveCost: 24624
node 159	AtA: 20854	cholCost: 53322	addCost: 4072	backsolveCost: 24624
node 160	AtA: 14736	cholCost: 31131	addCost: 2200	backsolveCost: 16002
node 161	AtA: 21728	cholCost: 74745	addCost: 4888	backsolveCost: 31323
node 162	AtA: 19980	cholCost: 158856	addCost: 14872	backsolveCost: 52578
node 163	AtA: 4576	cholCost: 133276	addCost: 18328	backsolveCost: 33018
node 164	AtA: 10366	cholCost: 158321	addCost: 35992	backsolveCost: 27553
node 165	AtA: 5960	cholCost: 444875	addCost: 53272	backsolveCost: 81525
node 166	AtA: 5960	cholCost: 578660	addCost: 81688	backsolveCost: 83745
node 167	AtA: 8382	cholCost: 1115541	addCost: 85672	backsolveCost: 214761
node 168	AtA: 54940	cholCost: 2646897	addCost: 1192	backsolveCost: 1967241
node 169	AtA: 6870	cholCost: 16194	addCost: 1000	backsolveCost: 10977
node 170	AtA: -1	cholCost: 0	addCost: -1	backsolveCost: 1561

