cliques
173
node 0	AtA: 12236	cholCost: 0	addCost: 2200	backsolveCost: 16002
node 1	AtA: 13984	cholCost: 6028	addCost: 3352	backsolveCost: 24523
node 2	AtA: 12236	cholCost: 2688	addCost: 2200	backsolveCost: 16002
node 3	AtA: 12236	cholCost: 2688	addCost: 2200	backsolveCost: 16002
node 4	AtA: 12236	cholCost: 0	addCost: 2200	backsolveCost: 16002
node 5	AtA: 12236	cholCost: 2688	addCost: 2200	backsolveCost: 16002
node 6	AtA: 19228	cholCost: 10416	addCost: 4888	backsolveCost: 31323
node 7	AtA: 12236	cholCost: 2688	addCost: 2200	backsolveCost: 16002
node 8	AtA: 19228	cholCost: 10416	addCost: 4888	backsolveCost: 31323
node 9	AtA: 13984	cholCost: 0	addCost: 3352	backsolveCost: 24523
node 10	AtA: 18354	cholCost: 13440	addCost: 5800	backsolveCost: 31436
node 11	AtA: 4370	cholCost: 11359	addCost: 6808	backsolveCost: 16695
node 12	AtA: 12236	cholCost: 2688	addCost: 2200	backsolveCost: 16002
node 13	AtA: 12236	cholCost: 2688	addCost: 2200	backsolveCost: 16002
node 14	AtA: 13984	cholCost: 9665	addCost: 4888	backsolveCost: 24826
node 15	AtA: 18354	cholCost: 8268	addCost: 4072	backsolveCost: 24624
node 16	AtA: 18354	cholCost: 8268	addCost: 4072	backsolveCost: 24624
node 17	AtA: 18354	cholCost: 8268	addCost: 4072	backsolveCost: 24624
node 18	AtA: 13984	cholCost: 6028	addCost: 3352	backsolveCost: 24523
node 19	AtA: 14858	cholCost: 9520	addCost: 4888	backsolveCost: 24826
node 20	AtA: 18354	cholCost: 8401	addCost: 4072	backsolveCost: 24624
node 21	AtA: 18354	cholCost: 8401	addCost: 4072	backsolveCost: 24624
node 22	AtA: 18354	cholCost: 8268	addCost: 4072	backsolveCost: 24624
node 23	AtA: 18354	cholCost: 8268	addCost: 4072	backsolveCost: 24624
node 24	AtA: 10488	cholCost: 18715	addCost: 10408	backsolveCost: 17003
node 25	AtA: 18354	cholCost: 8395	addCost: 4072	backsolveCost: 24624
node 26	AtA: 18354	cholCost: 8395	addCost: 4072	backsolveCost: 24624
node 27	AtA: 18354	cholCost: 8413	addCost: 4072	backsolveCost: 24624
node 28	AtA: 18354	cholCost: 8395	addCost: 4072	backsolveCost: 24624
node 29	AtA: 18354	cholCost: 8419	addCost: 4072	backsolveCost: 24624
node 30	AtA: 18354	cholCost: 8413	addCost: 4072	backsolveCost: 24624
node 31	AtA: 19228	cholCost: 10416	addCost: 4888	backsolveCost: 31323
node 32	AtA: 11362	cholCost: 19025	addCost: 9112	backsolveCost: 25432
node 33	AtA: 9614	cholCost: 40295	addCost: 14872	backsolveCost: 44017
node 34	AtA: 12236	cholCost: 42655	addCost: 18328	backsolveCost: 33018
node 35	AtA: 18354	cholCost: 8401	addCost: 4072	backsolveCost: 24624
node 36	AtA: 18354	cholCost: 8401	addCost: 4072	backsolveCost: 24624
node 37	AtA: 20854	cholCost: 53322	addCost: 4072	backsolveCost: 24624
node 38	AtA: 20854	cholCost: 53322	addCost: 4072	backsolveCost: 24624
node 39	AtA: 22602	cholCost: 149448	addCost: 13288	backsolveCost: 43743
node 40	AtA: 20854	cholCost: 53322	addCost: 4072	backsolveCost: 24624
node 41	AtA: 20854	cholCost: 53322	addCost: 4072	backsolveCost: 24624
node 42	AtA: 12988	cholCost: 58836	addCost: 10408	backsolveCost: 17003
node 43	AtA: 19228	cholCost: 10567	addCost: 4888	backsolveCost: 31323
node 44	AtA: 20854	cholCost: 53322	addCost: 4072	backsolveCost: 24624
node 45	AtA: 14736	cholCost: 31131	addCost: 2200	backsolveCost: 16002
node 46	AtA: 21728	cholCost: 74745	addCost: 4888	backsolveCost: 31323
node 47	AtA: 20854	cholCost: 53322	addCost: 4072	backsolveCost: 24624
node 48	AtA: 19106	cholCost: 124488	addCost: 9112	backsolveCost: 43195
node 49	AtA: 13862	cholCost: 95920	addCost: 14872	backsolveCost: 26038
node 50	AtA: 16484	cholCost: 158856	addCost: 14872	backsolveCost: 52578
node 51	AtA: 3884	cholCost: 85044	addCost: 22168	backsolveCost: 17850
node 52	AtA: 4230	cholCost: 141847	addCost: 31000	backsolveCost: 27250
node 53	AtA: 20854	cholCost: 53322	addCost: 4072	backsolveCost: 24624
node 54	AtA: 18354	cholCost: 8401	addCost: 4072	backsolveCost: 24624
node 55	AtA: 20854	cholCost: 53322	addCost: 4072	backsolveCost: 24624
node 56	AtA: 18354	cholCost: 8401	addCost: 4072	backsolveCost: 24624
node 57	AtA: 23476	cholCost: 138888	addCost: 10408	backsolveCost: 51833
node 58	AtA: 3884	cholCost: 72564	addCost: 16552	backsolveCost: 17465
node 59	AtA: 20854	cholCost: 53322	addCost: 4072	backsolveCost: 24624
node 60	AtA: 20854	cholCost: 53322	addCost: 4072	backsolveCost: 24624
node 61	AtA: 22602	cholCost: 149448	addCost: 13288	backsolveCost: 43743
node 62	AtA: 20854	cholCost: 53322	addCost: 4072	backsolveCost: 24624
node 63	AtA: 14736	cholCost: 31131	addCost: 2200	backsolveCost: 16002
node 64	AtA: 16484	cholCost: 52490	addCost: 3352	backsolveCost: 24523
node 65	AtA: 17358	cholCost: 57981	addCost: 4888	backsolveCost: 24826
node 66	AtA: 13862	cholCost: 75952	addCost: 9112	backsolveCost: 25432
node 67	AtA: 14736	cholCost: 31131	addCost: 2200	backsolveCost: 16002
node 68	AtA: 21728	cholCost: 74745	addCost: 4888	backsolveCost: 31323
node 69	AtA: 20854	cholCost: 53322	addCost: 4072	backsolveCost: 24624
node 70	AtA: 14736	cholCost: 31131	addCost: 2200	backsolveCost: 16002
node 71	AtA: 21728	cholCost: 74745	addCost: 4888	backsolveCost: 31323
node 72	AtA: 12114	cholCost: 124488	addCost: 9112	backsolveCost: 43195
node 73	AtA: 5268	cholCost: 213020	addCost: 26392	backsolveCost: 53919
node 74	AtA: 4230	cholCost: 167806	addCost: 41368	backsolveCost: 27856
node 75	AtA: 20854	cholCost: 53322	addCost: 4072	backsolveCost: 24624
node 76	AtA: 20854	cholCost: 53322	addCost: 4072	backsolveCost: 24624
node 77	AtA: 23476	cholCost: 138888	addCost: 10408	backsolveCost: 51833
node 78	AtA: 20854	cholCost: 53322	addCost: 4072	backsolveCost: 24624
node 79	AtA: 14736	cholCost: 32379	addCost: 2728	backsolveCost: 16079
node 80	AtA: 20854	cholCost: 74745	addCost: 4888	backsolveCost: 31323
node 81	AtA: 18232	cholCost: 52490	addCost: 3352	backsolveCost: 24523
node 82	AtA: 17358	cholCost: 57981	addCost: 4888	backsolveCost: 24826
node 83	AtA: 17358	cholCost: 150120	addCost: 11800	backsolveCost: 52131
node 84	AtA: 20854	cholCost: 53322	addCost: 4072	backsolveCost: 24624
node 85	AtA: 21728	cholCost: 92924	addCost: 7912	backsolveCost: 31775
node 86	AtA: 20854	cholCost: 65635	addCost: 3352	backsolveCost: 30984
node 87	AtA: 17358	cholCost: 57981	addCost: 4888	backsolveCost: 24826
node 88	AtA: 17358	cholCost: 68464	addCost: 6808	backsolveCost: 25129
node 89	AtA: 9492	cholCost: 66324	addCost: 14872	backsolveCost: 17388
node 90	AtA: 8618	cholCost: 133276	addCost: 18328	backsolveCost: 33018
node 91	AtA: 10366	cholCost: 141847	addCost: 31000	backsolveCost: 27250
node 92	AtA: 3384	cholCost: 29767	addCost: 16552	backsolveCost: 17465
node 93	AtA: 8740	cholCost: 84206	addCost: 35992	backsolveCost: 34374
node 94	AtA: 20854	cholCost: 53322	addCost: 4072	backsolveCost: 24624
node 95	AtA: 12988	cholCost: 58836	addCost: 10408	backsolveCost: 17003
node 96	AtA: 20854	cholCost: 53322	addCost: 4072	backsolveCost: 24624
node 97	AtA: 12988	cholCost: 58836	addCost: 10408	backsolveCost: 17003
node 98	AtA: 20854	cholCost: 53322	addCost: 4072	backsolveCost: 24624
node 99	AtA: 19106	cholCost: 124488	addCost: 9112	backsolveCost: 43195
node 100	AtA: 10366	cholCost: 88432	addCost: 11800	backsolveCost: 25735
node 101	AtA: 6652	cholCost: 428483	addCost: 35992	backsolveCost: 109515
node 102	AtA: 21728	cholCost: 665990	addCost: 53272	backsolveCost: 146091
node 103	AtA: 5614	cholCost: 448996	addCost: 70312	backsolveCost: 71967
node 104	AtA: 20854	cholCost: 53322	addCost: 4072	backsolveCost: 24624
node 105	AtA: 21728	cholCost: 92924	addCost: 7912	backsolveCost: 31775
node 106	AtA: 20854	cholCost: 53322	addCost: 4072	backsolveCost: 24624
node 107	AtA: 20854	cholCost: 53322	addCost: 4072	backsolveCost: 24624
node 108	AtA: 23476	cholCost: 138888	addCost: 10408	backsolveCost: 51833
node 109	AtA: 9492	cholCost: 84420	addCost: 20200	backsolveCost: 17696
node 110	AtA: 20854	cholCost: 53322	addCost: 4072	backsolveCost: 24624
node 111	AtA: 20854	cholCost: 53322	addCost: 4072	backsolveCost: 24624
node 112	AtA: 20854	cholCost: 53322	addCost: 4072	backsolveCost: 24624
node 113	AtA: 14736	cholCost: 119132	addCost: 13288	backsolveCost: 32453
node 114	AtA: 14736	cholCost: 31131	addCost: 2200	backsolveCost: 16002
node 115	AtA: 21728	cholCost: 74745	addCost: 4888	backsolveCost: 31323
node 116	AtA: 14736	cholCost: 31131	addCost: 2200	backsolveCost: 16002
node 117	AtA: 13862	cholCost: 40241	addCost: 4072	backsolveCost: 16310
node 118	AtA: 23476	cholCost: 74745	addCost: 4888	backsolveCost: 31323
node 119	AtA: 19980	cholCost: 124488	addCost: 9112	backsolveCost: 43195
node 120	AtA: 4922	cholCost: 193378	addCost: 22168	backsolveCost: 44839
node 121	AtA: 12988	cholCost: 255453	addCost: 35992	backsolveCost: 54813
node 122	AtA: 20854	cholCost: 53322	addCost: 4072	backsolveCost: 24624
node 123	AtA: 20854	cholCost: 53322	addCost: 4072	backsolveCost: 24624
node 124	AtA: 20854	cholCost: 53322	addCost: 4072	backsolveCost: 24624
node 125	AtA: 4230	cholCost: 89264	addCost: 13288	backsolveCost: 25836
node 126	AtA: 3884	cholCost: 84420	addCost: 20200	backsolveCost: 17696
node 127	AtA: 23476	cholCost: 74745	addCost: 4888	backsolveCost: 31323
node 128	AtA: 23476	cholCost: 74745	addCost: 4888	backsolveCost: 31323
node 129	AtA: 15610	cholCost: 88432	addCost: 11800	backsolveCost: 25735
node 130	AtA: 18232	cholCost: 52490	addCost: 3352	backsolveCost: 24523
node 131	AtA: 17358	cholCost: 57981	addCost: 4888	backsolveCost: 24826
node 132	AtA: 20854	cholCost: 53322	addCost: 4072	backsolveCost: 24624
node 133	AtA: 14736	cholCost: 32379	addCost: 2728	backsolveCost: 16079
node 134	AtA: 20854	cholCost: 74745	addCost: 4888	backsolveCost: 31323
node 135	AtA: 20854	cholCost: 53322	addCost: 4072	backsolveCost: 24624
node 136	AtA: 14736	cholCost: 32379	addCost: 2728	backsolveCost: 16079
node 137	AtA: 20854	cholCost: 74745	addCost: 4888	backsolveCost: 31323
node 138	AtA: 7744	cholCost: 75952	addCost: 9112	backsolveCost: 25432
node 139	AtA: 3884	cholCost: 66324	addCost: 14872	backsolveCost: 17388
node 140	AtA: 6870	cholCost: 66324	addCost: 14872	backsolveCost: 17388
node 141	AtA: 3884	cholCost: 86292	addCost: 24232	backsolveCost: 17927
node 142	AtA: 4230	cholCost: 175627	addCost: 44200	backsolveCost: 27957
node 143	AtA: 23476	cholCost: 74745	addCost: 4888	backsolveCost: 31323
node 144	AtA: 23476	cholCost: 74745	addCost: 4888	backsolveCost: 31323
node 145	AtA: 23476	cholCost: 74745	addCost: 4888	backsolveCost: 31323
node 146	AtA: 23476	cholCost: 74745	addCost: 4888	backsolveCost: 31323
node 147	AtA: 21728	cholCost: 98956	addCost: 9112	backsolveCost: 32001
node 148	AtA: 19980	cholCost: 158184	addCost: 16552	backsolveCost: 44154
node 149	AtA: 6870	cholCost: 78180	addCost: 18328	backsolveCost: 17619
node 150	AtA: 8618	cholCost: 111003	addCost: 33448	backsolveCost: 18389
node 151	AtA: 20854	cholCost: 53322	addCost: 4072	backsolveCost: 24624
node 152	AtA: 16484	cholCost: 52490	addCost: 3352	backsolveCost: 24523
node 153	AtA: 17358	cholCost: 57981	addCost: 4888	backsolveCost: 24826
node 154	AtA: 20854	cholCost: 53322	addCost: 4072	backsolveCost: 24624
node 155	AtA: 14736	cholCost: 31131	addCost: 2200	backsolveCost: 16002
node 156	AtA: 21728	cholCost: 74745	addCost: 4888	backsolveCost: 31323
node 157	AtA: 13862	cholCost: 75952	addCost: 9112	backsolveCost: 25432
node 158	AtA: 16484	cholCost: 179573	addCost: 18328	backsolveCost: 53025
node 159	AtA: 23476	cholCost: 74745	addCost: 4888	backsolveCost: 31323
node 160	AtA: 20854	cholCost: 53322	addCost: 4072	backsolveCost: 24624
node 161	AtA: 12988	cholCost: 64452	addCost: 11800	backsolveCost: 17157
node 162	AtA: 20854	cholCost: 53322	addCost: 4072	backsolveCost: 24624
node 163	AtA: 20854	cholCost: 53322	addCost: 4072	backsolveCost: 24624
node 164	AtA: 23476	cholCost: 138888	addCost: 10408	backsolveCost: 51833
node 165	AtA: 5614	cholCost: 295990	addCost: 33448	backsolveCost: 68853
node 166	AtA: 12988	cholCost: 447194	addCost: 41368	backsolveCost: 97561
node 167	AtA: 11240	cholCost: 471876	addCost: 74008	backsolveCost: 72313
node 168	AtA: 15610	cholCost: 728772	addCost: 74008	backsolveCost: 133687
node 169	AtA: 19980	cholCost: 1201052	addCost: 74008	backsolveCost: 260308
node 170	AtA: 17724	cholCost: 1488855	addCost: 1192	backsolveCost: 1180397
node 171	AtA: 6870	cholCost: 16194	addCost: 1000	backsolveCost: 10977
node 172	AtA: -1	cholCost: 0	addCost: -1	backsolveCost: 1561

