cliques
127
node 0	AtA: 14858	cholCost: 0	addCost: 2200	backsolveCost: 24220
node 1	AtA: 12236	cholCost: 2688	addCost: 2200	backsolveCost: 16002
node 2	AtA: 12236	cholCost: 0	addCost: 2200	backsolveCost: 16002
node 3	AtA: 18354	cholCost: 8437	addCost: 4072	backsolveCost: 24624
node 4	AtA: 12236	cholCost: 2688	addCost: 2200	backsolveCost: 16002
node 5	AtA: 19228	cholCost: 10416	addCost: 4888	backsolveCost: 31323
node 6	AtA: 17480	cholCost: 18823	addCost: 7912	backsolveCost: 31775
node 7	AtA: 20976	cholCost: 0	addCost: 4888	backsolveCost: 31323
node 8	AtA: 14858	cholCost: 0	addCost: 4072	backsolveCost: 24624
node 9	AtA: 11362	cholCost: 0	addCost: 4888	backsolveCost: 16464
node 10	AtA: 6992	cholCost: 0	addCost: 7912	backsolveCost: 16772
node 11	AtA: 9614	cholCost: 27211	addCost: 11800	backsolveCost: 32340
node 12	AtA: 18354	cholCost: 8401	addCost: 4072	backsolveCost: 24624
node 13	AtA: 13984	cholCost: 6028	addCost: 3352	backsolveCost: 24523
node 14	AtA: 23476	cholCost: 74745	addCost: 4888	backsolveCost: 31323
node 15	AtA: 14736	cholCost: 31131	addCost: 2200	backsolveCost: 16002
node 16	AtA: 21728	cholCost: 74745	addCost: 4888	backsolveCost: 31323
node 17	AtA: 12114	cholCost: 40865	addCost: 4888	backsolveCost: 16464
node 18	AtA: 12988	cholCost: 65700	addCost: 13288	backsolveCost: 17234
node 19	AtA: 22602	cholCost: 70710	addCost: 4072	backsolveCost: 31097
node 20	AtA: 20854	cholCost: 53322	addCost: 4072	backsolveCost: 24624
node 21	AtA: 14736	cholCost: 31131	addCost: 2200	backsolveCost: 16002
node 22	AtA: 21728	cholCost: 74745	addCost: 4888	backsolveCost: 31323
node 23	AtA: 19106	cholCost: 124488	addCost: 9112	backsolveCost: 43195
node 24	AtA: 23476	cholCost: 74745	addCost: 4888	backsolveCost: 31323
node 25	AtA: 20854	cholCost: 53322	addCost: 4072	backsolveCost: 24624
node 26	AtA: 20854	cholCost: 53322	addCost: 4072	backsolveCost: 24624
node 27	AtA: 12988	cholCost: 58836	addCost: 10408	backsolveCost: 17003
node 28	AtA: 21728	cholCost: 74745	addCost: 4888	backsolveCost: 31323
node 29	AtA: 20854	cholCost: 53322	addCost: 4072	backsolveCost: 24624
node 30	AtA: 20854	cholCost: 53322	addCost: 4072	backsolveCost: 24624
node 31	AtA: 4922	cholCost: 165672	addCost: 18328	backsolveCost: 44428
node 32	AtA: 3884	cholCost: 102142	addCost: 28648	backsolveCost: 18158
node 33	AtA: 20854	cholCost: 53322	addCost: 4072	backsolveCost: 24624
node 34	AtA: 20854	cholCost: 53322	addCost: 4072	backsolveCost: 24624
node 35	AtA: 13862	cholCost: 68464	addCost: 6808	backsolveCost: 25129
node 36	AtA: 13862	cholCost: 88432	addCost: 11800	backsolveCost: 25735
node 37	AtA: 11240	cholCost: 153369	addCost: 22168	backsolveCost: 33357
node 38	AtA: 20854	cholCost: 53322	addCost: 4072	backsolveCost: 24624
node 39	AtA: 21728	cholCost: 92924	addCost: 7912	backsolveCost: 31775
node 40	AtA: 20854	cholCost: 53322	addCost: 4072	backsolveCost: 24624
node 41	AtA: 20854	cholCost: 57981	addCost: 4888	backsolveCost: 24826
node 42	AtA: 12988	cholCost: 64452	addCost: 11800	backsolveCost: 17157
node 43	AtA: 11240	cholCost: 295990	addCost: 33448	backsolveCost: 68853
node 44	AtA: 20854	cholCost: 53322	addCost: 4072	backsolveCost: 24624
node 45	AtA: 20854	cholCost: 53322	addCost: 4072	backsolveCost: 24624
node 46	AtA: 22602	cholCost: 149448	addCost: 13288	backsolveCost: 43743
node 47	AtA: 20854	cholCost: 53322	addCost: 4072	backsolveCost: 24624
node 48	AtA: 14736	cholCost: 31131	addCost: 2200	backsolveCost: 16002
node 49	AtA: 16484	cholCost: 52490	addCost: 3352	backsolveCost: 24523
node 50	AtA: 21728	cholCost: 85852	addCost: 6808	backsolveCost: 31662
node 51	AtA: 19106	cholCost: 138216	addCost: 11800	backsolveCost: 43606
node 52	AtA: 20854	cholCost: 53322	addCost: 4072	backsolveCost: 24624
node 53	AtA: 23476	cholCost: 138888	addCost: 10408	backsolveCost: 51833
node 54	AtA: 14736	cholCost: 31131	addCost: 2200	backsolveCost: 16002
node 55	AtA: 21728	cholCost: 74745	addCost: 4888	backsolveCost: 31323
node 56	AtA: 14736	cholCost: 31131	addCost: 2200	backsolveCost: 16002
node 57	AtA: 21728	cholCost: 74745	addCost: 4888	backsolveCost: 31323
node 58	AtA: 13862	cholCost: 88432	addCost: 11800	backsolveCost: 25735
node 59	AtA: 3884	cholCost: 78180	addCost: 18328	backsolveCost: 17619
node 60	AtA: 4576	cholCost: 153369	addCost: 22168	backsolveCost: 33357
node 61	AtA: 4230	cholCost: 141847	addCost: 31000	backsolveCost: 27250
node 62	AtA: 5960	cholCost: 384970	addCost: 41368	backsolveCost: 80415
node 63	AtA: 20854	cholCost: 53322	addCost: 4072	backsolveCost: 24624
node 64	AtA: 20854	cholCost: 53322	addCost: 4072	backsolveCost: 24624
node 65	AtA: 12988	cholCost: 58836	addCost: 10408	backsolveCost: 17003
node 66	AtA: 14736	cholCost: 31131	addCost: 2200	backsolveCost: 16002
node 67	AtA: 21728	cholCost: 74745	addCost: 4888	backsolveCost: 31323
node 68	AtA: 14736	cholCost: 31131	addCost: 2200	backsolveCost: 16002
node 69	AtA: 14736	cholCost: 31131	addCost: 2200	backsolveCost: 16002
node 70	AtA: 21728	cholCost: 74745	addCost: 4888	backsolveCost: 31323
node 71	AtA: 13862	cholCost: 68464	addCost: 6808	backsolveCost: 25129
node 72	AtA: 19980	cholCost: 150120	addCost: 11800	backsolveCost: 52131
node 73	AtA: 11240	cholCost: 133276	addCost: 18328	backsolveCost: 33018
node 74	AtA: 20854	cholCost: 53322	addCost: 4072	backsolveCost: 24624
node 75	AtA: 14736	cholCost: 31131	addCost: 2200	backsolveCost: 16002
node 76	AtA: 21728	cholCost: 74745	addCost: 4888	backsolveCost: 31323
node 77	AtA: 20854	cholCost: 53322	addCost: 4072	backsolveCost: 24624
node 78	AtA: 14736	cholCost: 31131	addCost: 2200	backsolveCost: 16002
node 79	AtA: 21728	cholCost: 74745	addCost: 4888	backsolveCost: 31323
node 80	AtA: 4230	cholCost: 75952	addCost: 9112	backsolveCost: 25432
node 81	AtA: 13862	cholCost: 95920	addCost: 14872	backsolveCost: 26038
node 82	AtA: 20854	cholCost: 53322	addCost: 4072	backsolveCost: 24624
node 83	AtA: 20854	cholCost: 53322	addCost: 4072	backsolveCost: 24624
node 84	AtA: 12988	cholCost: 58836	addCost: 10408	backsolveCost: 17003
node 85	AtA: 19980	cholCost: 52490	addCost: 3352	backsolveCost: 24523
node 86	AtA: 14736	cholCost: 31131	addCost: 2200	backsolveCost: 16002
node 87	AtA: 21728	cholCost: 74745	addCost: 4888	backsolveCost: 31323
node 88	AtA: 13862	cholCost: 75952	addCost: 9112	backsolveCost: 25432
node 89	AtA: 5960	cholCost: 277140	addCost: 22168	backsolveCost: 78195
node 90	AtA: 4230	cholCost: 159153	addCost: 38632	backsolveCost: 27654
node 91	AtA: 20854	cholCost: 53322	addCost: 4072	backsolveCost: 24624
node 92	AtA: 20854	cholCost: 53322	addCost: 4072	backsolveCost: 24624
node 93	AtA: 20854	cholCost: 53322	addCost: 4072	backsolveCost: 24624
node 94	AtA: 20854	cholCost: 53322	addCost: 4072	backsolveCost: 24624
node 95	AtA: 4230	cholCost: 89264	addCost: 13288	backsolveCost: 25836
node 96	AtA: 14736	cholCost: 31131	addCost: 2200	backsolveCost: 16002
node 97	AtA: 14736	cholCost: 31131	addCost: 2200	backsolveCost: 16002
node 98	AtA: 12988	cholCost: 40865	addCost: 4888	backsolveCost: 16464
node 99	AtA: 12988	cholCost: 40865	addCost: 4888	backsolveCost: 16464
node 100	AtA: 19980	cholCost: 52490	addCost: 3352	backsolveCost: 24523
node 101	AtA: 20854	cholCost: 53322	addCost: 4072	backsolveCost: 24624
node 102	AtA: 23476	cholCost: 126408	addCost: 9112	backsolveCost: 51684
node 103	AtA: 10366	cholCost: 88432	addCost: 11800	backsolveCost: 25735
node 104	AtA: 20854	cholCost: 53322	addCost: 4072	backsolveCost: 24624
node 105	AtA: 20854	cholCost: 53322	addCost: 4072	backsolveCost: 24624
node 106	AtA: 23476	cholCost: 138888	addCost: 10408	backsolveCost: 51833
node 107	AtA: 20854	cholCost: 53322	addCost: 4072	backsolveCost: 24624
node 108	AtA: 20854	cholCost: 53322	addCost: 4072	backsolveCost: 24624
node 109	AtA: 12988	cholCost: 58836	addCost: 10408	backsolveCost: 17003
node 110	AtA: 14736	cholCost: 31131	addCost: 2200	backsolveCost: 16002
node 111	AtA: 21728	cholCost: 74745	addCost: 4888	backsolveCost: 31323
node 112	AtA: 14736	cholCost: 31131	addCost: 2200	backsolveCost: 16002
node 113	AtA: 21728	cholCost: 74745	addCost: 4888	backsolveCost: 31323
node 114	AtA: 14736	cholCost: 31131	addCost: 2200	backsolveCost: 16002
node 115	AtA: 16484	cholCost: 52490	addCost: 3352	backsolveCost: 24523
node 116	AtA: 21728	cholCost: 85852	addCost: 6808	backsolveCost: 31662
node 117	AtA: 10366	cholCost: 75952	addCost: 9112	backsolveCost: 25432
node 118	AtA: 4576	cholCost: 153369	addCost: 22168	backsolveCost: 33357
node 119	AtA: 3884	cholCost: 102766	addCost: 31000	backsolveCost: 18312
node 120	AtA: 6652	cholCost: 448202	addCost: 38632	backsolveCost: 109736
node 121	AtA: 7344	cholCost: 557123	addCost: 38632	backsolveCost: 144035
node 122	AtA: 7344	cholCost: 584371	addCost: 41368	backsolveCost: 144549
node 123	AtA: 17358	cholCost: 464978	addCost: 18328	backsolveCost: 179133
node 124	AtA: 33090	cholCost: 586075	addCost: 1192	backsolveCost: 493301
node 125	AtA: 6870	cholCost: 16194	addCost: 1000	backsolveCost: 10977
node 126	AtA: -1	cholCost: 0	addCost: -1	backsolveCost: 1561

