cliques
174
node 0	AtA: 12236	cholCost: 0	addCost: 2200	backsolveCost: 16002
node 1	AtA: 13984	cholCost: 0	addCost: 3352	backsolveCost: 24523
node 2	AtA: 12236	cholCost: 0	addCost: 2200	backsolveCost: 16002
node 3	AtA: 13984	cholCost: 0	addCost: 3352	backsolveCost: 24523
node 4	AtA: 11362	cholCost: 0	addCost: 4072	backsolveCost: 16310
node 5	AtA: 11362	cholCost: 0	addCost: 4888	backsolveCost: 16464
node 6	AtA: 12236	cholCost: 2688	addCost: 2200	backsolveCost: 16002
node 7	AtA: 12236	cholCost: 0	addCost: 2200	backsolveCost: 16002
node 8	AtA: 19228	cholCost: 10416	addCost: 4888	backsolveCost: 31323
node 9	AtA: 14858	cholCost: 0	addCost: 4888	backsolveCost: 24826
node 10	AtA: 12236	cholCost: 2688	addCost: 2200	backsolveCost: 16002
node 11	AtA: 12236	cholCost: 2688	addCost: 2200	backsolveCost: 16002
node 12	AtA: 19228	cholCost: 10549	addCost: 4888	backsolveCost: 31323
node 13	AtA: 13984	cholCost: 6155	addCost: 3352	backsolveCost: 24523
node 14	AtA: 18354	cholCost: 8401	addCost: 4072	backsolveCost: 24624
node 15	AtA: 20976	cholCost: 0	addCost: 4888	backsolveCost: 31323
node 16	AtA: 23476	cholCost: 0	addCost: 4888	backsolveCost: 31323
node 17	AtA: 12236	cholCost: 2688	addCost: 2200	backsolveCost: 16002
node 18	AtA: 19228	cholCost: 10416	addCost: 4888	backsolveCost: 31323
node 19	AtA: 18354	cholCost: 8268	addCost: 4072	backsolveCost: 24624
node 20	AtA: 3730	cholCost: 19019	addCost: 9112	backsolveCost: 25432
node 21	AtA: 11362	cholCost: 36451	addCost: 16552	backsolveCost: 26139
node 22	AtA: 10488	cholCost: 53762	addCost: 18328	backsolveCost: 53025
node 23	AtA: 20854	cholCost: 53322	addCost: 4072	backsolveCost: 24624
node 24	AtA: 20854	cholCost: 53322	addCost: 4072	backsolveCost: 24624
node 25	AtA: 20854	cholCost: 53322	addCost: 4072	backsolveCost: 24624
node 26	AtA: 14736	cholCost: 119132	addCost: 13288	backsolveCost: 32453
node 27	AtA: 20854	cholCost: 53322	addCost: 4072	backsolveCost: 24624
node 28	AtA: 20854	cholCost: 53322	addCost: 4072	backsolveCost: 24624
node 29	AtA: 21728	cholCost: 92924	addCost: 7912	backsolveCost: 31775
node 30	AtA: 13862	cholCost: 89264	addCost: 13288	backsolveCost: 25836
node 31	AtA: 20854	cholCost: 53322	addCost: 4072	backsolveCost: 24624
node 32	AtA: 20854	cholCost: 53322	addCost: 4072	backsolveCost: 24624
node 33	AtA: 20854	cholCost: 53322	addCost: 4072	backsolveCost: 24624
node 34	AtA: 14736	cholCost: 31131	addCost: 2200	backsolveCost: 16002
node 35	AtA: 21728	cholCost: 74745	addCost: 4888	backsolveCost: 31323
node 36	AtA: 20854	cholCost: 53322	addCost: 4072	backsolveCost: 24624
node 37	AtA: 14736	cholCost: 31131	addCost: 2200	backsolveCost: 16002
node 38	AtA: 16484	cholCost: 52490	addCost: 3352	backsolveCost: 24523
node 39	AtA: 17358	cholCost: 57981	addCost: 4888	backsolveCost: 24826
node 40	AtA: 13862	cholCost: 75952	addCost: 9112	backsolveCost: 25432
node 41	AtA: 4230	cholCost: 95920	addCost: 14872	backsolveCost: 26038
node 42	AtA: 3884	cholCost: 85044	addCost: 22168	backsolveCost: 17850
node 43	AtA: 20854	cholCost: 53322	addCost: 4072	backsolveCost: 24624
node 44	AtA: 20854	cholCost: 53322	addCost: 4072	backsolveCost: 24624
node 45	AtA: 4230	cholCost: 95920	addCost: 14872	backsolveCost: 26038
node 46	AtA: 20854	cholCost: 53322	addCost: 4072	backsolveCost: 24624
node 47	AtA: 20854	cholCost: 53322	addCost: 4072	backsolveCost: 24624
node 48	AtA: 20854	cholCost: 53322	addCost: 4072	backsolveCost: 24624
node 49	AtA: 20854	cholCost: 53322	addCost: 4072	backsolveCost: 24624
node 50	AtA: 4230	cholCost: 89264	addCost: 13288	backsolveCost: 25836
node 51	AtA: 20854	cholCost: 53322	addCost: 4072	backsolveCost: 24624
node 52	AtA: 20854	cholCost: 53322	addCost: 4072	backsolveCost: 24624
node 53	AtA: 20854	cholCost: 53322	addCost: 4072	backsolveCost: 24624
node 54	AtA: 14736	cholCost: 119132	addCost: 13288	backsolveCost: 32453
node 55	AtA: 20854	cholCost: 53322	addCost: 4072	backsolveCost: 24624
node 56	AtA: 12236	cholCost: 2688	addCost: 2200	backsolveCost: 16002
node 57	AtA: 21728	cholCost: 74745	addCost: 4888	backsolveCost: 31323
node 58	AtA: 20854	cholCost: 53322	addCost: 4072	backsolveCost: 24624
node 59	AtA: 23476	cholCost: 126408	addCost: 9112	backsolveCost: 51684
node 60	AtA: 10366	cholCost: 88432	addCost: 11800	backsolveCost: 25735
node 61	AtA: 19106	cholCost: 165672	addCost: 18328	backsolveCost: 44428
node 62	AtA: 4230	cholCost: 132362	addCost: 26392	backsolveCost: 26947
node 63	AtA: 3884	cholCost: 120488	addCost: 41368	backsolveCost: 18774
node 64	AtA: 11240	cholCost: 295145	addCost: 66712	backsolveCost: 36069
node 65	AtA: 9614	cholCost: 7728	addCost: 4888	backsolveCost: 16464
node 66	AtA: 20854	cholCost: 53322	addCost: 4072	backsolveCost: 24624
node 67	AtA: 13862	cholCost: 75952	addCost: 9112	backsolveCost: 25432
node 68	AtA: 20854	cholCost: 53322	addCost: 4072	backsolveCost: 24624
node 69	AtA: 20854	cholCost: 53322	addCost: 4072	backsolveCost: 24624
node 70	AtA: 23476	cholCost: 138888	addCost: 10408	backsolveCost: 51833
node 71	AtA: 20854	cholCost: 53322	addCost: 4072	backsolveCost: 24624
node 72	AtA: 20854	cholCost: 53322	addCost: 4072	backsolveCost: 24624
node 73	AtA: 20854	cholCost: 53322	addCost: 4072	backsolveCost: 24624
node 74	AtA: 4230	cholCost: 123709	addCost: 24232	backsolveCost: 26745
node 75	AtA: 16484	cholCost: 496625	addCost: 47128	backsolveCost: 110841
node 76	AtA: 23476	cholCost: 74745	addCost: 4888	backsolveCost: 31323
node 77	AtA: 23476	cholCost: 74745	addCost: 4888	backsolveCost: 31323
node 78	AtA: 15610	cholCost: 88432	addCost: 11800	backsolveCost: 25735
node 79	AtA: 23476	cholCost: 74745	addCost: 4888	backsolveCost: 31323
node 80	AtA: 20854	cholCost: 53322	addCost: 4072	backsolveCost: 24624
node 81	AtA: 20854	cholCost: 53322	addCost: 4072	backsolveCost: 24624
node 82	AtA: 20854	cholCost: 53322	addCost: 4072	backsolveCost: 24624
node 83	AtA: 12988	cholCost: 58836	addCost: 10408	backsolveCost: 17003
node 84	AtA: 3884	cholCost: 78180	addCost: 18328	backsolveCost: 17619
node 85	AtA: 20854	cholCost: 53322	addCost: 4072	backsolveCost: 24624
node 86	AtA: 21728	cholCost: 92924	addCost: 7912	backsolveCost: 31775
node 87	AtA: 18232	cholCost: 52490	addCost: 3352	backsolveCost: 24523
node 88	AtA: 17358	cholCost: 57981	addCost: 4888	backsolveCost: 24826
node 89	AtA: 14736	cholCost: 32379	addCost: 2728	backsolveCost: 16079
node 90	AtA: 18232	cholCost: 52490	addCost: 3352	backsolveCost: 24523
node 91	AtA: 17358	cholCost: 57981	addCost: 4888	backsolveCost: 24826
node 92	AtA: 13862	cholCost: 68464	addCost: 6808	backsolveCost: 25129
node 93	AtA: 12988	cholCost: 45732	addCost: 6808	backsolveCost: 16695
node 94	AtA: 13862	cholCost: 158856	addCost: 14872	backsolveCost: 52578
node 95	AtA: 23476	cholCost: 74745	addCost: 4888	backsolveCost: 31323
node 96	AtA: 20854	cholCost: 53322	addCost: 4072	backsolveCost: 24624
node 97	AtA: 13862	cholCost: 65700	addCost: 13288	backsolveCost: 17234
node 98	AtA: 20854	cholCost: 53322	addCost: 4072	backsolveCost: 24624
node 99	AtA: 14736	cholCost: 31131	addCost: 2200	backsolveCost: 16002
node 100	AtA: 21728	cholCost: 74745	addCost: 4888	backsolveCost: 31323
node 101	AtA: 14736	cholCost: 32379	addCost: 2728	backsolveCost: 16079
node 102	AtA: 17358	cholCost: 53322	addCost: 4072	backsolveCost: 24624
node 103	AtA: 23476	cholCost: 74745	addCost: 4888	backsolveCost: 31323
node 104	AtA: 10366	cholCost: 149448	addCost: 13288	backsolveCost: 43743
node 105	AtA: 7744	cholCost: 109232	addCost: 20200	backsolveCost: 26442
node 106	AtA: 7744	cholCost: 149668	addCost: 33448	backsolveCost: 27351
node 107	AtA: 13862	cholCost: 519204	addCost: 56488	backsolveCost: 99024
node 108	AtA: 13862	cholCost: 641892	addCost: 74008	backsolveCost: 113493
node 109	AtA: 20854	cholCost: 53322	addCost: 4072	backsolveCost: 24624
node 110	AtA: 20854	cholCost: 53322	addCost: 4072	backsolveCost: 24624
node 111	AtA: 21728	cholCost: 92924	addCost: 7912	backsolveCost: 31775
node 112	AtA: 12988	cholCost: 72564	addCost: 16552	backsolveCost: 17465
node 113	AtA: 20854	cholCost: 53322	addCost: 4072	backsolveCost: 24624
node 114	AtA: 18232	cholCost: 52490	addCost: 3352	backsolveCost: 24523
node 115	AtA: 17358	cholCost: 57981	addCost: 4888	backsolveCost: 24826
node 116	AtA: 20854	cholCost: 53322	addCost: 4072	backsolveCost: 24624
node 117	AtA: 14736	cholCost: 32379	addCost: 2728	backsolveCost: 16079
node 118	AtA: 20854	cholCost: 74745	addCost: 4888	backsolveCost: 31323
node 119	AtA: 7744	cholCost: 75952	addCost: 9112	backsolveCost: 25432
node 120	AtA: 13862	cholCost: 95920	addCost: 14872	backsolveCost: 26038
node 121	AtA: 4576	cholCost: 153369	addCost: 22168	backsolveCost: 33357
node 122	AtA: 20854	cholCost: 53322	addCost: 4072	backsolveCost: 24624
node 123	AtA: 20854	cholCost: 53322	addCost: 4072	backsolveCost: 24624
node 124	AtA: 12988	cholCost: 58836	addCost: 10408	backsolveCost: 17003
node 125	AtA: 18232	cholCost: 52490	addCost: 3352	backsolveCost: 24523
node 126	AtA: 17358	cholCost: 57981	addCost: 4888	backsolveCost: 24826
node 127	AtA: 18232	cholCost: 52490	addCost: 3352	backsolveCost: 24523
node 128	AtA: 17358	cholCost: 57981	addCost: 4888	backsolveCost: 24826
node 129	AtA: 7744	cholCost: 108400	addCost: 18328	backsolveCost: 26341
node 130	AtA: 20854	cholCost: 53322	addCost: 4072	backsolveCost: 24624
node 131	AtA: 21728	cholCost: 65635	addCost: 3352	backsolveCost: 30984
node 132	AtA: 21728	cholCost: 85852	addCost: 6808	backsolveCost: 31662
node 133	AtA: 19106	cholCost: 138216	addCost: 11800	backsolveCost: 43606
node 134	AtA: 20854	cholCost: 53322	addCost: 4072	backsolveCost: 24624
node 135	AtA: 20854	cholCost: 53322	addCost: 4072	backsolveCost: 24624
node 136	AtA: 20854	cholCost: 53322	addCost: 4072	backsolveCost: 24624
node 137	AtA: 23476	cholCost: 138888	addCost: 10408	backsolveCost: 51833
node 138	AtA: 12988	cholCost: 84420	addCost: 20200	backsolveCost: 17696
node 139	AtA: 11240	cholCost: 180576	addCost: 31000	backsolveCost: 34035
node 140	AtA: 9492	cholCost: 264266	addCost: 41368	backsolveCost: 46483
node 141	AtA: 20854	cholCost: 53322	addCost: 4072	backsolveCost: 24624
node 142	AtA: 20854	cholCost: 53322	addCost: 4072	backsolveCost: 24624
node 143	AtA: 22602	cholCost: 149448	addCost: 13288	backsolveCost: 43743
node 144	AtA: 20854	cholCost: 53322	addCost: 4072	backsolveCost: 24624
node 145	AtA: 20854	cholCost: 53322	addCost: 4072	backsolveCost: 24624
node 146	AtA: 18354	cholCost: 8395	addCost: 4072	backsolveCost: 24624
node 147	AtA: 18354	cholCost: 8395	addCost: 4072	backsolveCost: 24624
node 148	AtA: 20854	cholCost: 53322	addCost: 4072	backsolveCost: 24624
node 149	AtA: 20854	cholCost: 53322	addCost: 4072	backsolveCost: 24624
node 150	AtA: 4230	cholCost: 89264	addCost: 13288	backsolveCost: 25836
node 151	AtA: 3884	cholCost: 84420	addCost: 20200	backsolveCost: 17696
node 152	AtA: 4230	cholCost: 133194	addCost: 28648	backsolveCost: 27048
node 153	AtA: 20854	cholCost: 53322	addCost: 4072	backsolveCost: 24624
node 154	AtA: 20854	cholCost: 53322	addCost: 4072	backsolveCost: 24624
node 155	AtA: 21728	cholCost: 92924	addCost: 7912	backsolveCost: 31775
node 156	AtA: 12988	cholCost: 72564	addCost: 16552	backsolveCost: 17465
node 157	AtA: 16484	cholCost: 52490	addCost: 3352	backsolveCost: 24523
node 158	AtA: 14736	cholCost: 31131	addCost: 2200	backsolveCost: 16002
node 159	AtA: 21728	cholCost: 74745	addCost: 4888	backsolveCost: 31323
node 160	AtA: 20854	cholCost: 53322	addCost: 4072	backsolveCost: 24624
node 161	AtA: 14736	cholCost: 31131	addCost: 2200	backsolveCost: 16002
node 162	AtA: 21728	cholCost: 74745	addCost: 4888	backsolveCost: 31323
node 163	AtA: 12114	cholCost: 124488	addCost: 9112	backsolveCost: 43195
node 164	AtA: 13862	cholCost: 95920	addCost: 14872	backsolveCost: 26038
node 165	AtA: 12114	cholCost: 204111	addCost: 26392	backsolveCost: 45250
node 166	AtA: 4922	cholCost: 283985	addCost: 47128	backsolveCost: 46894
node 167	AtA: 5960	cholCost: 532068	addCost: 70312	backsolveCost: 82820
node 168	AtA: 12114	cholCost: 532068	addCost: 70312	backsolveCost: 82820
node 169	AtA: 19980	cholCost: 1201052	addCost: 74008	backsolveCost: 260308
node 170	AtA: 10112	cholCost: 1128773	addCost: 44200	backsolveCost: 328514
node 171	AtA: 15648	cholCost: 1123404	addCost: 1192	backsolveCost: 888176
node 172	AtA: 6870	cholCost: 16194	addCost: 1000	backsolveCost: 10977
node 173	AtA: -1	cholCost: 0	addCost: -1	backsolveCost: 1561

