cliques
175
node 0	AtA: 12236	cholCost: 2688	addCost: 2200	backsolveCost: 16002
node 1	AtA: 13984	cholCost: 6028	addCost: 3352	backsolveCost: 24523
node 2	AtA: 12236	cholCost: 2688	addCost: 2200	backsolveCost: 16002
node 3	AtA: 12236	cholCost: 2688	addCost: 2200	backsolveCost: 16002
node 4	AtA: 12236	cholCost: 2688	addCost: 2200	backsolveCost: 16002
node 5	AtA: 12236	cholCost: 2688	addCost: 2200	backsolveCost: 16002
node 6	AtA: 12236	cholCost: 2688	addCost: 2200	backsolveCost: 16002
node 7	AtA: 19228	cholCost: 10416	addCost: 4888	backsolveCost: 31323
node 8	AtA: 18354	cholCost: 8268	addCost: 4072	backsolveCost: 24624
node 9	AtA: 12236	cholCost: 2688	addCost: 2200	backsolveCost: 16002
node 10	AtA: 19228	cholCost: 10555	addCost: 4888	backsolveCost: 31323
node 11	AtA: 12236	cholCost: 2688	addCost: 2200	backsolveCost: 16002
node 12	AtA: 18354	cholCost: 8268	addCost: 4072	backsolveCost: 24624
node 13	AtA: 19228	cholCost: 10416	addCost: 4888	backsolveCost: 31323
node 14	AtA: 13984	cholCost: 6028	addCost: 3352	backsolveCost: 24523
node 15	AtA: 14858	cholCost: 9683	addCost: 4888	backsolveCost: 24826
node 16	AtA: 20854	cholCost: 0	addCost: 4888	backsolveCost: 24826
node 17	AtA: 18354	cholCost: 8268	addCost: 4072	backsolveCost: 24624
node 18	AtA: 18354	cholCost: 8268	addCost: 4072	backsolveCost: 24624
node 19	AtA: 7866	cholCost: 24899	addCost: 11800	backsolveCost: 25735
node 20	AtA: 20854	cholCost: 53322	addCost: 4072	backsolveCost: 24624
node 21	AtA: 12988	cholCost: 58836	addCost: 10408	backsolveCost: 17003
node 22	AtA: 20854	cholCost: 53322	addCost: 4072	backsolveCost: 24624
node 23	AtA: 20854	cholCost: 53322	addCost: 4072	backsolveCost: 24624
node 24	AtA: 20854	cholCost: 53322	addCost: 4072	backsolveCost: 24624
node 25	AtA: 14736	cholCost: 119132	addCost: 13288	backsolveCost: 32453
node 26	AtA: 10366	cholCost: 123709	addCost: 24232	backsolveCost: 26745
node 27	AtA: 20854	cholCost: 53322	addCost: 4072	backsolveCost: 24624
node 28	AtA: 20854	cholCost: 53322	addCost: 4072	backsolveCost: 24624
node 29	AtA: 20854	cholCost: 53322	addCost: 4072	backsolveCost: 24624
node 30	AtA: 20854	cholCost: 53322	addCost: 4072	backsolveCost: 24624
node 31	AtA: 20854	cholCost: 53322	addCost: 4072	backsolveCost: 24624
node 32	AtA: 21728	cholCost: 74745	addCost: 4888	backsolveCost: 31323
node 33	AtA: 20854	cholCost: 53322	addCost: 4072	backsolveCost: 24624
node 34	AtA: 13862	cholCost: 75952	addCost: 9112	backsolveCost: 25432
node 35	AtA: 10366	cholCost: 88432	addCost: 11800	backsolveCost: 25735
node 36	AtA: 11240	cholCost: 133276	addCost: 18328	backsolveCost: 33018
node 37	AtA: 4576	cholCost: 180576	addCost: 31000	backsolveCost: 34035
node 38	AtA: 4576	cholCost: 252962	addCost: 53272	backsolveCost: 35391
node 39	AtA: 20854	cholCost: 53322	addCost: 4072	backsolveCost: 24624
node 40	AtA: 20854	cholCost: 53322	addCost: 4072	backsolveCost: 24624
node 41	AtA: 22602	cholCost: 149448	addCost: 13288	backsolveCost: 43743
node 42	AtA: 20854	cholCost: 53322	addCost: 4072	backsolveCost: 24624
node 43	AtA: 20854	cholCost: 53322	addCost: 4072	backsolveCost: 24624
node 44	AtA: 20854	cholCost: 53322	addCost: 4072	backsolveCost: 24624
node 45	AtA: 18232	cholCost: 52490	addCost: 3352	backsolveCost: 24523
node 46	AtA: 17358	cholCost: 57981	addCost: 4888	backsolveCost: 24826
node 47	AtA: 18232	cholCost: 52490	addCost: 3352	backsolveCost: 24523
node 48	AtA: 17358	cholCost: 57981	addCost: 4888	backsolveCost: 24826
node 49	AtA: 17358	cholCost: 150120	addCost: 11800	backsolveCost: 52131
node 50	AtA: 3884	cholCost: 78180	addCost: 18328	backsolveCost: 17619
node 51	AtA: 12114	cholCost: 204111	addCost: 26392	backsolveCost: 45250
node 52	AtA: 19980	cholCost: 52490	addCost: 3352	backsolveCost: 24523
node 53	AtA: 19106	cholCost: 52490	addCost: 3352	backsolveCost: 24523
node 54	AtA: 23476	cholCost: 126408	addCost: 9112	backsolveCost: 51684
node 55	AtA: 20854	cholCost: 53322	addCost: 4072	backsolveCost: 24624
node 56	AtA: 20854	cholCost: 53322	addCost: 4072	backsolveCost: 24624
node 57	AtA: 23476	cholCost: 138888	addCost: 10408	backsolveCost: 51833
node 58	AtA: 20854	cholCost: 53322	addCost: 4072	backsolveCost: 24624
node 59	AtA: 14736	cholCost: 32379	addCost: 2728	backsolveCost: 16079
node 60	AtA: 20854	cholCost: 74745	addCost: 4888	backsolveCost: 31323
node 61	AtA: 20854	cholCost: 53322	addCost: 4072	backsolveCost: 24624
node 62	AtA: 20854	cholCost: 53322	addCost: 4072	backsolveCost: 24624
node 63	AtA: 23476	cholCost: 138888	addCost: 10408	backsolveCost: 51833
node 64	AtA: 12988	cholCost: 427475	addCost: 38632	backsolveCost: 97143
node 65	AtA: 9492	cholCost: 344639	addCost: 63208	backsolveCost: 47853
node 66	AtA: 20854	cholCost: 53322	addCost: 4072	backsolveCost: 24624
node 67	AtA: 20854	cholCost: 53322	addCost: 4072	backsolveCost: 24624
node 68	AtA: 20854	cholCost: 53322	addCost: 4072	backsolveCost: 24624
node 69	AtA: 14736	cholCost: 119132	addCost: 13288	backsolveCost: 32453
node 70	AtA: 20854	cholCost: 53322	addCost: 4072	backsolveCost: 24624
node 71	AtA: 20854	cholCost: 53322	addCost: 4072	backsolveCost: 24624
node 72	AtA: 21728	cholCost: 92924	addCost: 7912	backsolveCost: 31775
node 73	AtA: 20854	cholCost: 53322	addCost: 4072	backsolveCost: 24624
node 74	AtA: 20854	cholCost: 53322	addCost: 4072	backsolveCost: 24624
node 75	AtA: 22602	cholCost: 149448	addCost: 13288	backsolveCost: 43743
node 76	AtA: 4230	cholCost: 123709	addCost: 24232	backsolveCost: 26745
node 77	AtA: 11240	cholCost: 206743	addCost: 38632	backsolveCost: 34487
node 78	AtA: 16484	cholCost: 52490	addCost: 3352	backsolveCost: 24523
node 79	AtA: 20854	cholCost: 53322	addCost: 4072	backsolveCost: 24624
node 80	AtA: 21728	cholCost: 189280	addCost: 9112	backsolveCost: 75975
node 81	AtA: 20854	cholCost: 53322	addCost: 4072	backsolveCost: 24624
node 82	AtA: 20854	cholCost: 53322	addCost: 4072	backsolveCost: 24624
node 83	AtA: 20854	cholCost: 53322	addCost: 4072	backsolveCost: 24624
node 84	AtA: 20854	cholCost: 53322	addCost: 4072	backsolveCost: 24624
node 85	AtA: 4230	cholCost: 89264	addCost: 13288	backsolveCost: 25836
node 86	AtA: 10366	cholCost: 115888	addCost: 22168	backsolveCost: 26644
node 87	AtA: 20854	cholCost: 53322	addCost: 4072	backsolveCost: 24624
node 88	AtA: 20854	cholCost: 53322	addCost: 4072	backsolveCost: 24624
node 89	AtA: 20854	cholCost: 53322	addCost: 4072	backsolveCost: 24624
node 90	AtA: 20854	cholCost: 53322	addCost: 4072	backsolveCost: 24624
node 91	AtA: 12988	cholCost: 58836	addCost: 10408	backsolveCost: 17003
node 92	AtA: 3884	cholCost: 72564	addCost: 16552	backsolveCost: 17465
node 93	AtA: 20854	cholCost: 53322	addCost: 4072	backsolveCost: 24624
node 94	AtA: 20854	cholCost: 53322	addCost: 4072	backsolveCost: 24624
node 95	AtA: 14736	cholCost: 31131	addCost: 2200	backsolveCost: 16002
node 96	AtA: 14736	cholCost: 31131	addCost: 2200	backsolveCost: 16002
node 97	AtA: 12988	cholCost: 40865	addCost: 4888	backsolveCost: 16464
node 98	AtA: 12988	cholCost: 40865	addCost: 4888	backsolveCost: 16464
node 99	AtA: 20854	cholCost: 53322	addCost: 4072	backsolveCost: 24624
node 100	AtA: 19980	cholCost: 52490	addCost: 3352	backsolveCost: 24523
node 101	AtA: 23476	cholCost: 126408	addCost: 9112	backsolveCost: 51684
node 102	AtA: 10366	cholCost: 88432	addCost: 11800	backsolveCost: 25735
node 103	AtA: 5268	cholCost: 179573	addCost: 18328	backsolveCost: 53025
node 104	AtA: 3884	cholCost: 111627	addCost: 35992	backsolveCost: 18543
node 105	AtA: 5614	cholCost: 326234	addCost: 41368	backsolveCost: 69718
node 106	AtA: 5268	cholCost: 388740	addCost: 74008	backsolveCost: 57495
node 107	AtA: 20854	cholCost: 53322	addCost: 4072	backsolveCost: 24624
node 108	AtA: 20854	cholCost: 53322	addCost: 4072	backsolveCost: 24624
node 109	AtA: 20854	cholCost: 53322	addCost: 4072	backsolveCost: 24624
node 110	AtA: 20854	cholCost: 53322	addCost: 4072	backsolveCost: 24624
node 111	AtA: 14736	cholCost: 119132	addCost: 13288	backsolveCost: 32453
node 112	AtA: 13862	cholCost: 109232	addCost: 20200	backsolveCost: 26442
node 113	AtA: 23476	cholCost: 74745	addCost: 4888	backsolveCost: 31323
node 114	AtA: 12988	cholCost: 64452	addCost: 11800	backsolveCost: 17157
node 115	AtA: 7744	cholCost: 85044	addCost: 22168	backsolveCost: 17850
node 116	AtA: 16484	cholCost: 52490	addCost: 3352	backsolveCost: 24523
node 117	AtA: 17358	cholCost: 57981	addCost: 4888	backsolveCost: 24826
node 118	AtA: 20854	cholCost: 53322	addCost: 4072	backsolveCost: 24624
node 119	AtA: 20854	cholCost: 84812	addCost: 5800	backsolveCost: 31436
node 120	AtA: 6870	cholCost: 45732	addCost: 6808	backsolveCost: 16695
node 121	AtA: 13862	cholCost: 88432	addCost: 11800	backsolveCost: 25735
node 122	AtA: 10366	cholCost: 95920	addCost: 14872	backsolveCost: 26038
node 123	AtA: 7744	cholCost: 149668	addCost: 33448	backsolveCost: 27351
node 124	AtA: 4576	cholCost: 242936	addCost: 50152	backsolveCost: 35165
node 125	AtA: 23476	cholCost: 74745	addCost: 4888	backsolveCost: 31323
node 126	AtA: 20854	cholCost: 53322	addCost: 4072	backsolveCost: 24624
node 127	AtA: 12988	cholCost: 64452	addCost: 11800	backsolveCost: 17157
node 128	AtA: 14736	cholCost: 32379	addCost: 2728	backsolveCost: 16079
node 129	AtA: 19980	cholCost: 74745	addCost: 4888	backsolveCost: 31323
node 130	AtA: 12988	cholCost: 40865	addCost: 4888	backsolveCost: 16464
node 131	AtA: 20854	cholCost: 53322	addCost: 4072	backsolveCost: 24624
node 132	AtA: 13862	cholCost: 75952	addCost: 9112	backsolveCost: 25432
node 133	AtA: 20854	cholCost: 53322	addCost: 4072	backsolveCost: 24624
node 134	AtA: 20854	cholCost: 53322	addCost: 4072	backsolveCost: 24624
node 135	AtA: 20854	cholCost: 53322	addCost: 4072	backsolveCost: 24624
node 136	AtA: 18232	cholCost: 52490	addCost: 3352	backsolveCost: 24523
node 137	AtA: 16484	cholCost: 57981	addCost: 4888	backsolveCost: 24826
node 138	AtA: 12988	cholCost: 40865	addCost: 4888	backsolveCost: 16464
node 139	AtA: 18232	cholCost: 52490	addCost: 3352	backsolveCost: 24523
node 140	AtA: 17358	cholCost: 57981	addCost: 4888	backsolveCost: 24826
node 141	AtA: 20854	cholCost: 53322	addCost: 4072	backsolveCost: 24624
node 142	AtA: 12988	cholCost: 64452	addCost: 11800	backsolveCost: 17157
node 143	AtA: 13862	cholCost: 158856	addCost: 14872	backsolveCost: 52578
node 144	AtA: 3884	cholCost: 85044	addCost: 22168	backsolveCost: 17850
node 145	AtA: 12114	cholCost: 346364	addCost: 33448	backsolveCost: 79490
node 146	AtA: 20854	cholCost: 57981	addCost: 4888	backsolveCost: 24826
node 147	AtA: 20854	cholCost: 53322	addCost: 4072	backsolveCost: 24624
node 148	AtA: 21728	cholCost: 92924	addCost: 7912	backsolveCost: 31775
node 149	AtA: 20854	cholCost: 53322	addCost: 4072	backsolveCost: 24624
node 150	AtA: 20854	cholCost: 53322	addCost: 4072	backsolveCost: 24624
node 151	AtA: 20854	cholCost: 57981	addCost: 4888	backsolveCost: 24826
node 152	AtA: 14736	cholCost: 125164	addCost: 14872	backsolveCost: 32679
node 153	AtA: 9492	cholCost: 163478	addCost: 26392	backsolveCost: 33696
node 154	AtA: 20854	cholCost: 53322	addCost: 4072	backsolveCost: 24624
node 155	AtA: 20854	cholCost: 53322	addCost: 4072	backsolveCost: 24624
node 156	AtA: 14736	cholCost: 31131	addCost: 2200	backsolveCost: 16002
node 157	AtA: 21728	cholCost: 74745	addCost: 4888	backsolveCost: 31323
node 158	AtA: 14736	cholCost: 32379	addCost: 2728	backsolveCost: 16079
node 159	AtA: 17358	cholCost: 53322	addCost: 4072	backsolveCost: 24624
node 160	AtA: 20854	cholCost: 53322	addCost: 4072	backsolveCost: 24624
node 161	AtA: 14736	cholCost: 31131	addCost: 2200	backsolveCost: 16002
node 162	AtA: 14736	cholCost: 31131	addCost: 2200	backsolveCost: 16002
node 163	AtA: 12988	cholCost: 40865	addCost: 4888	backsolveCost: 16464
node 164	AtA: 12988	cholCost: 40865	addCost: 4888	backsolveCost: 16464
node 165	AtA: 13862	cholCost: 75952	addCost: 9112	backsolveCost: 25432
node 166	AtA: 5268	cholCost: 166344	addCost: 16552	backsolveCost: 52727
node 167	AtA: 14736	cholCost: 140348	addCost: 20200	backsolveCost: 33131
node 168	AtA: 6870	cholCost: 138210	addCost: 53272	backsolveCost: 19236
node 169	AtA: 14736	cholCost: 593460	addCost: 66712	backsolveCost: 100069
node 170	AtA: 13862	cholCost: 726007	addCost: 89752	backsolveCost: 114819
node 171	AtA: 9766	cholCost: 1368110	addCost: 74008	backsolveCost: 311731
node 172	AtA: 48822	cholCost: 2139926	addCost: 1192	backsolveCost: 1634537
node 173	AtA: 6870	cholCost: 16194	addCost: 1000	backsolveCost: 10977
node 174	AtA: -1	cholCost: 0	addCost: -1	backsolveCost: 1561

