cliques
174
node 0	AtA: 12236	cholCost: 0	addCost: 2200	backsolveCost: 16002
node 1	AtA: 13984	cholCost: 6028	addCost: 3352	backsolveCost: 24523
node 2	AtA: 12236	cholCost: 2688	addCost: 2200	backsolveCost: 16002
node 3	AtA: 12236	cholCost: 2688	addCost: 2200	backsolveCost: 16002
node 4	AtA: 11362	cholCost: 6708	addCost: 4072	backsolveCost: 16310
node 5	AtA: 13984	cholCost: 6028	addCost: 3352	backsolveCost: 24523
node 6	AtA: 12236	cholCost: 2688	addCost: 2200	backsolveCost: 16002
node 7	AtA: 19228	cholCost: 10416	addCost: 4888	backsolveCost: 31323
node 8	AtA: 18354	cholCost: 8268	addCost: 4072	backsolveCost: 24624
node 9	AtA: 11362	cholCost: 19007	addCost: 9112	backsolveCost: 25432
node 10	AtA: 12236	cholCost: 2688	addCost: 2200	backsolveCost: 16002
node 11	AtA: 14736	cholCost: 0	addCost: 2200	backsolveCost: 16002
node 12	AtA: 21728	cholCost: 0	addCost: 4888	backsolveCost: 31323
node 13	AtA: 11362	cholCost: 13973	addCost: 6808	backsolveCost: 25129
node 14	AtA: 12236	cholCost: 2688	addCost: 2200	backsolveCost: 16002
node 15	AtA: 19228	cholCost: 10416	addCost: 4888	backsolveCost: 31323
node 16	AtA: 20854	cholCost: 53322	addCost: 4072	backsolveCost: 24624
node 17	AtA: 20854	cholCost: 53322	addCost: 4072	backsolveCost: 24624
node 18	AtA: 20854	cholCost: 53322	addCost: 4072	backsolveCost: 24624
node 19	AtA: 14736	cholCost: 119132	addCost: 13288	backsolveCost: 32453
node 20	AtA: 14736	cholCost: 32379	addCost: 2728	backsolveCost: 16079
node 21	AtA: 20854	cholCost: 74745	addCost: 4888	backsolveCost: 31323
node 22	AtA: 20854	cholCost: 53322	addCost: 4072	backsolveCost: 24624
node 23	AtA: 18232	cholCost: 52490	addCost: 3352	backsolveCost: 24523
node 24	AtA: 17358	cholCost: 57981	addCost: 4888	backsolveCost: 24826
node 25	AtA: 7744	cholCost: 75952	addCost: 9112	backsolveCost: 25432
node 26	AtA: 10366	cholCost: 115888	addCost: 22168	backsolveCost: 26644
node 27	AtA: 23476	cholCost: 74745	addCost: 4888	backsolveCost: 31323
node 28	AtA: 23476	cholCost: 74745	addCost: 4888	backsolveCost: 31323
node 29	AtA: 23476	cholCost: 158184	addCost: 16552	backsolveCost: 44154
node 30	AtA: 23476	cholCost: 74745	addCost: 4888	backsolveCost: 31323
node 31	AtA: 14736	cholCost: 32379	addCost: 2728	backsolveCost: 16079
node 32	AtA: 15610	cholCost: 40865	addCost: 4888	backsolveCost: 16464
node 33	AtA: 14736	cholCost: 32379	addCost: 2728	backsolveCost: 16079
node 34	AtA: 23476	cholCost: 100277	addCost: 5800	backsolveCost: 42510
node 35	AtA: 19106	cholCost: 158856	addCost: 14872	backsolveCost: 52578
node 36	AtA: 7744	cholCost: 132362	addCost: 26392	backsolveCost: 26947
node 37	AtA: 20854	cholCost: 53322	addCost: 4072	backsolveCost: 24624
node 38	AtA: 20854	cholCost: 53322	addCost: 4072	backsolveCost: 24624
node 39	AtA: 23476	cholCost: 138888	addCost: 10408	backsolveCost: 51833
node 40	AtA: 20854	cholCost: 53322	addCost: 4072	backsolveCost: 24624
node 41	AtA: 20854	cholCost: 53322	addCost: 4072	backsolveCost: 24624
node 42	AtA: 20854	cholCost: 53322	addCost: 4072	backsolveCost: 24624
node 43	AtA: 20854	cholCost: 53322	addCost: 4072	backsolveCost: 24624
node 44	AtA: 12988	cholCost: 58836	addCost: 10408	backsolveCost: 17003
node 45	AtA: 4922	cholCost: 193378	addCost: 22168	backsolveCost: 44839
node 46	AtA: 3884	cholCost: 102766	addCost: 31000	backsolveCost: 18312
node 47	AtA: 20854	cholCost: 57981	addCost: 4888	backsolveCost: 24826
node 48	AtA: 17358	cholCost: 57981	addCost: 4888	backsolveCost: 24826
node 49	AtA: 7744	cholCost: 75952	addCost: 9112	backsolveCost: 25432
node 50	AtA: 20854	cholCost: 53322	addCost: 4072	backsolveCost: 24624
node 51	AtA: 20854	cholCost: 53322	addCost: 4072	backsolveCost: 24624
node 52	AtA: 12988	cholCost: 58836	addCost: 10408	backsolveCost: 17003
node 53	AtA: 20854	cholCost: 53322	addCost: 4072	backsolveCost: 24624
node 54	AtA: 20854	cholCost: 53322	addCost: 4072	backsolveCost: 24624
node 55	AtA: 3884	cholCost: 66324	addCost: 14872	backsolveCost: 17388
node 56	AtA: 3884	cholCost: 85044	addCost: 22168	backsolveCost: 17850
node 57	AtA: 4230	cholCost: 132362	addCost: 26392	backsolveCost: 26947
node 58	AtA: 20854	cholCost: 53322	addCost: 4072	backsolveCost: 24624
node 59	AtA: 20854	cholCost: 53322	addCost: 4072	backsolveCost: 24624
node 60	AtA: 20854	cholCost: 53322	addCost: 4072	backsolveCost: 24624
node 61	AtA: 12988	cholCost: 58836	addCost: 10408	backsolveCost: 17003
node 62	AtA: 13862	cholCost: 101744	addCost: 16552	backsolveCost: 26139
node 63	AtA: 20854	cholCost: 53322	addCost: 4072	backsolveCost: 24624
node 64	AtA: 19980	cholCost: 52490	addCost: 3352	backsolveCost: 24523
node 65	AtA: 14736	cholCost: 31131	addCost: 2200	backsolveCost: 16002
node 66	AtA: 12988	cholCost: 40865	addCost: 4888	backsolveCost: 16464
node 67	AtA: 12988	cholCost: 40865	addCost: 4888	backsolveCost: 16464
node 68	AtA: 13862	cholCost: 75952	addCost: 9112	backsolveCost: 25432
node 69	AtA: 14736	cholCost: 107068	addCost: 11800	backsolveCost: 32340
node 70	AtA: 6306	cholCost: 468785	addCost: 47128	backsolveCost: 98188
node 71	AtA: 5614	cholCost: 438555	addCost: 66712	backsolveCost: 71794
node 72	AtA: 20854	cholCost: 53322	addCost: 4072	backsolveCost: 24624
node 73	AtA: 20854	cholCost: 53322	addCost: 4072	backsolveCost: 24624
node 74	AtA: 12988	cholCost: 58836	addCost: 10408	backsolveCost: 17003
node 75	AtA: 20854	cholCost: 53322	addCost: 4072	backsolveCost: 24624
node 76	AtA: 20854	cholCost: 53322	addCost: 4072	backsolveCost: 24624
node 77	AtA: 20854	cholCost: 53322	addCost: 4072	backsolveCost: 24624
node 78	AtA: 20854	cholCost: 53322	addCost: 4072	backsolveCost: 24624
node 79	AtA: 23476	cholCost: 138888	addCost: 10408	backsolveCost: 51833
node 80	AtA: 3884	cholCost: 72564	addCost: 16552	backsolveCost: 17465
node 81	AtA: 3884	cholCost: 86292	addCost: 24232	backsolveCost: 17927
node 82	AtA: 20854	cholCost: 53322	addCost: 4072	backsolveCost: 24624
node 83	AtA: 20854	cholCost: 53322	addCost: 4072	backsolveCost: 24624
node 84	AtA: 12988	cholCost: 58836	addCost: 10408	backsolveCost: 17003
node 85	AtA: 18232	cholCost: 52490	addCost: 3352	backsolveCost: 24523
node 86	AtA: 17358	cholCost: 57981	addCost: 4888	backsolveCost: 24826
node 87	AtA: 20854	cholCost: 53322	addCost: 4072	backsolveCost: 24624
node 88	AtA: 21728	cholCost: 92924	addCost: 7912	backsolveCost: 31775
node 89	AtA: 14736	cholCost: 32379	addCost: 2728	backsolveCost: 16079
node 90	AtA: 20854	cholCost: 74745	addCost: 4888	backsolveCost: 31323
node 91	AtA: 20854	cholCost: 53322	addCost: 4072	backsolveCost: 24624
node 92	AtA: 14736	cholCost: 32379	addCost: 2728	backsolveCost: 16079
node 93	AtA: 20854	cholCost: 74745	addCost: 4888	backsolveCost: 31323
node 94	AtA: 7744	cholCost: 75952	addCost: 9112	backsolveCost: 25432
node 95	AtA: 9492	cholCost: 156936	addCost: 14872	backsolveCost: 44017
node 96	AtA: 3884	cholCost: 85044	addCost: 22168	backsolveCost: 17850
node 97	AtA: 4230	cholCost: 184280	addCost: 47128	backsolveCost: 28159
node 98	AtA: 20854	cholCost: 53322	addCost: 4072	backsolveCost: 24624
node 99	AtA: 20854	cholCost: 53322	addCost: 4072	backsolveCost: 24624
node 100	AtA: 23476	cholCost: 138888	addCost: 10408	backsolveCost: 51833
node 101	AtA: 20854	cholCost: 53322	addCost: 4072	backsolveCost: 24624
node 102	AtA: 14736	cholCost: 31131	addCost: 2200	backsolveCost: 16002
node 103	AtA: 16484	cholCost: 52490	addCost: 3352	backsolveCost: 24523
node 104	AtA: 21728	cholCost: 85852	addCost: 6808	backsolveCost: 31662
node 105	AtA: 10366	cholCost: 75952	addCost: 9112	backsolveCost: 25432
node 106	AtA: 19106	cholCost: 156936	addCost: 14872	backsolveCost: 44017
node 107	AtA: 9492	cholCost: 102766	addCost: 31000	backsolveCost: 18312
node 108	AtA: 20854	cholCost: 53322	addCost: 4072	backsolveCost: 24624
node 109	AtA: 20854	cholCost: 53322	addCost: 4072	backsolveCost: 24624
node 110	AtA: 22602	cholCost: 149448	addCost: 13288	backsolveCost: 43743
node 111	AtA: 20854	cholCost: 53322	addCost: 4072	backsolveCost: 24624
node 112	AtA: 19980	cholCost: 52490	addCost: 3352	backsolveCost: 24523
node 113	AtA: 12988	cholCost: 52596	addCost: 9112	backsolveCost: 16926
node 114	AtA: 20854	cholCost: 53322	addCost: 4072	backsolveCost: 24624
node 115	AtA: 14736	cholCost: 31131	addCost: 2200	backsolveCost: 16002
node 116	AtA: 21728	cholCost: 74745	addCost: 4888	backsolveCost: 31323
node 117	AtA: 4230	cholCost: 95920	addCost: 14872	backsolveCost: 26038
node 118	AtA: 11240	cholCost: 163478	addCost: 26392	backsolveCost: 33696
node 119	AtA: 15610	cholCost: 447194	addCost: 41368	backsolveCost: 97561
node 120	AtA: 5614	cholCost: 473332	addCost: 77800	backsolveCost: 72486
node 121	AtA: 20854	cholCost: 53322	addCost: 4072	backsolveCost: 24624
node 122	AtA: 20854	cholCost: 53322	addCost: 4072	backsolveCost: 24624
node 123	AtA: 20854	cholCost: 53322	addCost: 4072	backsolveCost: 24624
node 124	AtA: 20854	cholCost: 53322	addCost: 4072	backsolveCost: 24624
node 125	AtA: 18232	cholCost: 52490	addCost: 3352	backsolveCost: 24523
node 126	AtA: 17358	cholCost: 57981	addCost: 4888	backsolveCost: 24826
node 127	AtA: 20854	cholCost: 53322	addCost: 4072	backsolveCost: 24624
node 128	AtA: 18232	cholCost: 52490	addCost: 3352	backsolveCost: 24523
node 129	AtA: 16484	cholCost: 57981	addCost: 4888	backsolveCost: 24826
node 130	AtA: 12988	cholCost: 40865	addCost: 4888	backsolveCost: 16464
node 131	AtA: 13862	cholCost: 75952	addCost: 9112	backsolveCost: 25432
node 132	AtA: 20854	cholCost: 53322	addCost: 4072	backsolveCost: 24624
node 133	AtA: 20854	cholCost: 53322	addCost: 4072	backsolveCost: 24624
node 134	AtA: 12988	cholCost: 58836	addCost: 10408	backsolveCost: 17003
node 135	AtA: 20854	cholCost: 53322	addCost: 4072	backsolveCost: 24624
node 136	AtA: 20854	cholCost: 53322	addCost: 4072	backsolveCost: 24624
node 137	AtA: 12988	cholCost: 58836	addCost: 10408	backsolveCost: 17003
node 138	AtA: 3884	cholCost: 72564	addCost: 16552	backsolveCost: 17465
node 139	AtA: 9492	cholCost: 204111	addCost: 26392	backsolveCost: 45250
node 140	AtA: 5614	cholCost: 326234	addCost: 41368	backsolveCost: 69718
node 141	AtA: 20854	cholCost: 53322	addCost: 4072	backsolveCost: 24624
node 142	AtA: 20854	cholCost: 53322	addCost: 4072	backsolveCost: 24624
node 143	AtA: 20854	cholCost: 53322	addCost: 4072	backsolveCost: 24624
node 144	AtA: 20854	cholCost: 53322	addCost: 4072	backsolveCost: 24624
node 145	AtA: 22602	cholCost: 149448	addCost: 13288	backsolveCost: 43743
node 146	AtA: 11240	cholCost: 140348	addCost: 20200	backsolveCost: 33131
node 147	AtA: 23476	cholCost: 74745	addCost: 4888	backsolveCost: 31323
node 148	AtA: 23476	cholCost: 74745	addCost: 4888	backsolveCost: 31323
node 149	AtA: 23476	cholCost: 74745	addCost: 4888	backsolveCost: 31323
node 150	AtA: 19106	cholCost: 165672	addCost: 18328	backsolveCost: 44428
node 151	AtA: 20854	cholCost: 53322	addCost: 4072	backsolveCost: 24624
node 152	AtA: 18354	cholCost: 8268	addCost: 4072	backsolveCost: 24624
node 153	AtA: 12988	cholCost: 58836	addCost: 10408	backsolveCost: 17003
node 154	AtA: 20854	cholCost: 53322	addCost: 4072	backsolveCost: 24624
node 155	AtA: 14736	cholCost: 32379	addCost: 2728	backsolveCost: 16079
node 156	AtA: 20854	cholCost: 74745	addCost: 4888	backsolveCost: 31323
node 157	AtA: 12988	cholCost: 64452	addCost: 11800	backsolveCost: 17157
node 158	AtA: 20854	cholCost: 53322	addCost: 4072	backsolveCost: 24624
node 159	AtA: 14736	cholCost: 32379	addCost: 2728	backsolveCost: 16079
node 160	AtA: 20854	cholCost: 74745	addCost: 4888	backsolveCost: 31323
node 161	AtA: 14736	cholCost: 32379	addCost: 2728	backsolveCost: 16079
node 162	AtA: 20854	cholCost: 74745	addCost: 4888	backsolveCost: 31323
node 163	AtA: 17358	cholCost: 150120	addCost: 11800	backsolveCost: 52131
node 164	AtA: 12988	cholCost: 165672	addCost: 18328	backsolveCost: 44428
node 165	AtA: 3884	cholCost: 93905	addCost: 26392	backsolveCost: 18081
node 166	AtA: 4230	cholCost: 175627	addCost: 44200	backsolveCost: 27957
node 167	AtA: 4230	cholCost: 237529	addCost: 70312	backsolveCost: 29169
node 168	AtA: 14736	cholCost: 730852	addCost: 77800	backsolveCost: 133932
node 169	AtA: 19980	cholCost: 1298270	addCost: 81688	backsolveCost: 261367
node 170	AtA: 23476	cholCost: 1182926	addCost: 44200	backsolveCost: 361812
node 171	AtA: 36586	cholCost: 922370	addCost: 1192	backsolveCost: 764820
node 172	AtA: 6870	cholCost: 16194	addCost: 1000	backsolveCost: 10977
node 173	AtA: -1	cholCost: 0	addCost: -1	backsolveCost: 1561

