cliques
85
node 0	AtA: 14858	cholCost: 3328	addCost: 2200	backsolveCost: 24220
node 1	AtA: 12236	cholCost: 4884	addCost: 3352	backsolveCost: 16233
node 2	AtA: 12236	cholCost: 2688	addCost: 2200	backsolveCost: 16002
node 3	AtA: 12236	cholCost: 2688	addCost: 2200	backsolveCost: 16002
node 4	AtA: 12236	cholCost: 2688	addCost: 2200	backsolveCost: 16002
node 5	AtA: 19228	cholCost: 15096	addCost: 6808	backsolveCost: 31662
node 6	AtA: 12236	cholCost: 2688	addCost: 2200	backsolveCost: 16002
node 7	AtA: 13984	cholCost: 6028	addCost: 3352	backsolveCost: 24523
node 8	AtA: 14858	cholCost: 9520	addCost: 4888	backsolveCost: 24826
node 9	AtA: 12236	cholCost: 0	addCost: 2200	backsolveCost: 16002
node 10	AtA: 19228	cholCost: 0	addCost: 4888	backsolveCost: 31323
node 11	AtA: 20854	cholCost: 0	addCost: 4072	backsolveCost: 24624
node 12	AtA: 14736	cholCost: 0	addCost: 2200	backsolveCost: 16002
node 13	AtA: 13984	cholCost: 6028	addCost: 3352	backsolveCost: 24523
node 14	AtA: 12236	cholCost: 2688	addCost: 2200	backsolveCost: 16002
node 15	AtA: 19228	cholCost: 10416	addCost: 4888	backsolveCost: 31323
node 16	AtA: 14858	cholCost: 13804	addCost: 6808	backsolveCost: 25129
node 17	AtA: 12236	cholCost: 20779	addCost: 9112	backsolveCost: 32001
node 18	AtA: 18354	cholCost: 8407	addCost: 4072	backsolveCost: 24624
node 19	AtA: 15732	cholCost: 6028	addCost: 3352	backsolveCost: 24523
node 20	AtA: 14858	cholCost: 9659	addCost: 4888	backsolveCost: 24826
node 21	AtA: 20976	cholCost: 34099	addCost: 11800	backsolveCost: 52131
node 22	AtA: 11362	cholCost: 19025	addCost: 9112	backsolveCost: 25432
node 23	AtA: 20854	cholCost: 0	addCost: 4072	backsolveCost: 24624
node 24	AtA: 19106	cholCost: 0	addCost: 9112	backsolveCost: 43195
node 25	AtA: 15732	cholCost: 0	addCost: 3352	backsolveCost: 24523
node 26	AtA: 14858	cholCost: 0	addCost: 4888	backsolveCost: 24826
node 27	AtA: 14736	cholCost: 0	addCost: 2728	backsolveCost: 16079
node 28	AtA: 14736	cholCost: 0	addCost: 2728	backsolveCost: 16079
node 29	AtA: 20854	cholCost: 0	addCost: 4888	backsolveCost: 31323
node 30	AtA: 13862	cholCost: 0	addCost: 6808	backsolveCost: 25129
node 31	AtA: 15610	cholCost: 0	addCost: 11800	backsolveCost: 32340
node 32	AtA: 3884	cholCost: 0	addCost: 16552	backsolveCost: 17465
node 33	AtA: 2076	cholCost: 39799	addCost: 16552	backsolveCost: 32792
node 34	AtA: 12236	cholCost: 4080	addCost: 2728	backsolveCost: 16079
node 35	AtA: 18354	cholCost: 10555	addCost: 4888	backsolveCost: 31323
node 36	AtA: 11362	cholCost: 36463	addCost: 16552	backsolveCost: 26139
node 37	AtA: 20854	cholCost: 57981	addCost: 4888	backsolveCost: 24826
node 38	AtA: 14736	cholCost: 31131	addCost: 2200	backsolveCost: 16002
node 39	AtA: 13862	cholCost: 40241	addCost: 4072	backsolveCost: 16310
node 40	AtA: 14736	cholCost: 32379	addCost: 2728	backsolveCost: 16079
node 41	AtA: 20854	cholCost: 74745	addCost: 4888	backsolveCost: 31323
node 42	AtA: 10366	cholCost: 92924	addCost: 7912	backsolveCost: 31775
node 43	AtA: 21728	cholCost: 74745	addCost: 4888	backsolveCost: 31323
node 44	AtA: 10366	cholCost: 75952	addCost: 9112	backsolveCost: 25432
node 45	AtA: 13984	cholCost: 6028	addCost: 3352	backsolveCost: 24523
node 46	AtA: 19228	cholCost: 15223	addCost: 6808	backsolveCost: 31662
node 47	AtA: 20854	cholCost: 53322	addCost: 4072	backsolveCost: 24624
node 48	AtA: 21728	cholCost: 92924	addCost: 7912	backsolveCost: 31775
node 49	AtA: 9492	cholCost: 66324	addCost: 14872	backsolveCost: 17388
node 50	AtA: 12114	cholCost: 165672	addCost: 18328	backsolveCost: 44428
node 51	AtA: 21728	cholCost: 65635	addCost: 3352	backsolveCost: 30984
node 52	AtA: 14736	cholCost: 32379	addCost: 2728	backsolveCost: 16079
node 53	AtA: 20854	cholCost: 74745	addCost: 4888	backsolveCost: 31323
node 54	AtA: 25224	cholCost: 158500	addCost: 9112	backsolveCost: 65566
node 55	AtA: 14736	cholCost: 31131	addCost: 2200	backsolveCost: 16002
node 56	AtA: 21728	cholCost: 74745	addCost: 4888	backsolveCost: 31323
node 57	AtA: 14736	cholCost: 31131	addCost: 2200	backsolveCost: 16002
node 58	AtA: 21728	cholCost: 74745	addCost: 4888	backsolveCost: 31323
node 59	AtA: 17358	cholCost: 68464	addCost: 6808	backsolveCost: 25129
node 60	AtA: 12988	cholCost: 166344	addCost: 16552	backsolveCost: 52727
node 61	AtA: 20854	cholCost: 53322	addCost: 4072	backsolveCost: 24624
node 62	AtA: 16484	cholCost: 52490	addCost: 3352	backsolveCost: 24523
node 63	AtA: 16484	cholCost: 57981	addCost: 4888	backsolveCost: 24826
node 64	AtA: 19106	cholCost: 124488	addCost: 9112	backsolveCost: 43195
node 65	AtA: 18232	cholCost: 52490	addCost: 3352	backsolveCost: 24523
node 66	AtA: 17358	cholCost: 57981	addCost: 4888	backsolveCost: 24826
node 67	AtA: 18232	cholCost: 52490	addCost: 3352	backsolveCost: 24523
node 68	AtA: 17358	cholCost: 57981	addCost: 4888	backsolveCost: 24826
node 69	AtA: 14736	cholCost: 88432	addCost: 11800	backsolveCost: 25735
node 70	AtA: 3884	cholCost: 72564	addCost: 16552	backsolveCost: 17465
node 71	AtA: 20854	cholCost: 53322	addCost: 4072	backsolveCost: 24624
node 72	AtA: 18232	cholCost: 52490	addCost: 3352	backsolveCost: 24523
node 73	AtA: 17358	cholCost: 57981	addCost: 4888	backsolveCost: 24826
node 74	AtA: 17358	cholCost: 68464	addCost: 6808	backsolveCost: 25129
node 75	AtA: 13862	cholCost: 88432	addCost: 11800	backsolveCost: 25735
node 76	AtA: 9492	cholCost: 158184	addCost: 16552	backsolveCost: 44154
node 77	AtA: 16484	cholCost: 275590	addCost: 16552	backsolveCost: 94008
node 78	AtA: 9492	cholCost: 158184	addCost: 16552	backsolveCost: 44154
node 79	AtA: 11240	cholCost: 205633	addCost: 16552	backsolveCost: 66777
node 80	AtA: 11240	cholCost: 205633	addCost: 16552	backsolveCost: 66777
node 81	AtA: 6306	cholCost: 223548	addCost: 9112	backsolveCost: 92545
node 82	AtA: 12988	cholCost: 109742	addCost: 1768	backsolveCost: 73385
node 83	AtA: 12988	cholCost: 37265	addCost: 1000	backsolveCost: 29741
node 84	AtA: -1	cholCost: 0	addCost: -1	backsolveCost: 1561

