cliques
163
node 0	AtA: 12236	cholCost: 2688	addCost: 2200	backsolveCost: 16002
node 1	AtA: 13984	cholCost: 6028	addCost: 3352	backsolveCost: 24523
node 2	AtA: 12236	cholCost: 2688	addCost: 2200	backsolveCost: 16002
node 3	AtA: 19228	cholCost: 10416	addCost: 4888	backsolveCost: 31323
node 4	AtA: 12236	cholCost: 2688	addCost: 2200	backsolveCost: 16002
node 5	AtA: 12236	cholCost: 2688	addCost: 2200	backsolveCost: 16002
node 6	AtA: 13984	cholCost: 6028	addCost: 3352	backsolveCost: 24523
node 7	AtA: 20854	cholCost: 53322	addCost: 4072	backsolveCost: 24624
node 8	AtA: 20854	cholCost: 53322	addCost: 4072	backsolveCost: 24624
node 9	AtA: 20854	cholCost: 53322	addCost: 4072	backsolveCost: 24624
node 10	AtA: 14736	cholCost: 31131	addCost: 2200	backsolveCost: 16002
node 11	AtA: 21728	cholCost: 74745	addCost: 4888	backsolveCost: 31323
node 12	AtA: 19106	cholCost: 124488	addCost: 9112	backsolveCost: 43195
node 13	AtA: 3884	cholCost: 66324	addCost: 14872	backsolveCost: 17388
node 14	AtA: 20854	cholCost: 53322	addCost: 4072	backsolveCost: 24624
node 15	AtA: 20854	cholCost: 53322	addCost: 4072	backsolveCost: 24624
node 16	AtA: 20854	cholCost: 53322	addCost: 4072	backsolveCost: 24624
node 17	AtA: 20854	cholCost: 53322	addCost: 4072	backsolveCost: 24624
node 18	AtA: 23476	cholCost: 138888	addCost: 10408	backsolveCost: 51833
node 19	AtA: 3884	cholCost: 72564	addCost: 16552	backsolveCost: 17465
node 20	AtA: 10366	cholCost: 158321	addCost: 35992	backsolveCost: 27553
node 21	AtA: 20854	cholCost: 53322	addCost: 4072	backsolveCost: 24624
node 22	AtA: 14736	cholCost: 31131	addCost: 2200	backsolveCost: 16002
node 23	AtA: 16484	cholCost: 52490	addCost: 3352	backsolveCost: 24523
node 24	AtA: 20854	cholCost: 53322	addCost: 4072	backsolveCost: 24624
node 25	AtA: 14736	cholCost: 31131	addCost: 2200	backsolveCost: 16002
node 26	AtA: 16484	cholCost: 52490	addCost: 3352	backsolveCost: 24523
node 27	AtA: 17358	cholCost: 57981	addCost: 4888	backsolveCost: 24826
node 28	AtA: 13862	cholCost: 75952	addCost: 9112	backsolveCost: 25432
node 29	AtA: 14736	cholCost: 107068	addCost: 11800	backsolveCost: 32340
node 30	AtA: 14736	cholCost: 125164	addCost: 14872	backsolveCost: 32679
node 31	AtA: 20854	cholCost: 53322	addCost: 4072	backsolveCost: 24624
node 32	AtA: 20854	cholCost: 53322	addCost: 4072	backsolveCost: 24624
node 33	AtA: 12988	cholCost: 58836	addCost: 10408	backsolveCost: 17003
node 34	AtA: 19980	cholCost: 52490	addCost: 3352	backsolveCost: 24523
node 35	AtA: 20854	cholCost: 53322	addCost: 4072	backsolveCost: 24624
node 36	AtA: 14736	cholCost: 31131	addCost: 2200	backsolveCost: 16002
node 37	AtA: 16484	cholCost: 52490	addCost: 3352	backsolveCost: 24523
node 38	AtA: 17358	cholCost: 57981	addCost: 4888	backsolveCost: 24826
node 39	AtA: 16484	cholCost: 126408	addCost: 9112	backsolveCost: 51684
node 40	AtA: 10366	cholCost: 108400	addCost: 18328	backsolveCost: 26341
node 41	AtA: 4230	cholCost: 141847	addCost: 31000	backsolveCost: 27250
node 42	AtA: 5268	cholCost: 345311	addCost: 59800	backsolveCost: 56601
node 43	AtA: 20854	cholCost: 53322	addCost: 4072	backsolveCost: 24624
node 44	AtA: 20854	cholCost: 53322	addCost: 4072	backsolveCost: 24624
node 45	AtA: 23476	cholCost: 138888	addCost: 10408	backsolveCost: 51833
node 46	AtA: 14736	cholCost: 31131	addCost: 2200	backsolveCost: 16002
node 47	AtA: 21728	cholCost: 74745	addCost: 4888	backsolveCost: 31323
node 48	AtA: 14736	cholCost: 31131	addCost: 2200	backsolveCost: 16002
node 49	AtA: 21728	cholCost: 74745	addCost: 4888	backsolveCost: 31323
node 50	AtA: 20854	cholCost: 53322	addCost: 4072	backsolveCost: 24624
node 51	AtA: 14736	cholCost: 31131	addCost: 2200	backsolveCost: 16002
node 52	AtA: 14736	cholCost: 31131	addCost: 2200	backsolveCost: 16002
node 53	AtA: 12988	cholCost: 40865	addCost: 4888	backsolveCost: 16464
node 54	AtA: 12988	cholCost: 40865	addCost: 4888	backsolveCost: 16464
node 55	AtA: 17358	cholCost: 68464	addCost: 6808	backsolveCost: 25129
node 56	AtA: 13862	cholCost: 88432	addCost: 11800	backsolveCost: 25735
node 57	AtA: 4576	cholCost: 133276	addCost: 18328	backsolveCost: 33018
node 58	AtA: 3884	cholCost: 93905	addCost: 26392	backsolveCost: 18081
node 59	AtA: 20854	cholCost: 53322	addCost: 4072	backsolveCost: 24624
node 60	AtA: 20854	cholCost: 53322	addCost: 4072	backsolveCost: 24624
node 61	AtA: 12988	cholCost: 58836	addCost: 10408	backsolveCost: 17003
node 62	AtA: 20854	cholCost: 53322	addCost: 4072	backsolveCost: 24624
node 63	AtA: 20854	cholCost: 53322	addCost: 4072	backsolveCost: 24624
node 64	AtA: 20854	cholCost: 53322	addCost: 4072	backsolveCost: 24624
node 65	AtA: 23476	cholCost: 138888	addCost: 10408	backsolveCost: 51833
node 66	AtA: 13862	cholCost: 101744	addCost: 16552	backsolveCost: 26139
node 67	AtA: 3884	cholCost: 86292	addCost: 24232	backsolveCost: 17927
node 68	AtA: 20854	cholCost: 53322	addCost: 4072	backsolveCost: 24624
node 69	AtA: 20854	cholCost: 53322	addCost: 4072	backsolveCost: 24624
node 70	AtA: 22602	cholCost: 149448	addCost: 13288	backsolveCost: 43743
node 71	AtA: 20854	cholCost: 53322	addCost: 4072	backsolveCost: 24624
node 72	AtA: 14736	cholCost: 31131	addCost: 2200	backsolveCost: 16002
node 73	AtA: 14736	cholCost: 31131	addCost: 2200	backsolveCost: 16002
node 74	AtA: 21728	cholCost: 74745	addCost: 4888	backsolveCost: 31323
node 75	AtA: 13862	cholCost: 68464	addCost: 6808	backsolveCost: 25129
node 76	AtA: 13862	cholCost: 88432	addCost: 11800	backsolveCost: 25735
node 77	AtA: 15610	cholCost: 204111	addCost: 26392	backsolveCost: 45250
node 78	AtA: 4576	cholCost: 224881	addCost: 47128	backsolveCost: 35052
node 79	AtA: 4922	cholCost: 377835	addCost: 74008	backsolveCost: 48538
node 80	AtA: 8728	cholCost: 1014736	addCost: 63208	backsolveCost: 230405
node 81	AtA: 19106	cholCost: 52490	addCost: 3352	backsolveCost: 24523
node 82	AtA: 20854	cholCost: 53322	addCost: 4072	backsolveCost: 24624
node 83	AtA: 20854	cholCost: 53322	addCost: 4072	backsolveCost: 24624
node 84	AtA: 13862	cholCost: 95920	addCost: 14872	backsolveCost: 26038
node 85	AtA: 14736	cholCost: 31131	addCost: 2200	backsolveCost: 16002
node 86	AtA: 21728	cholCost: 74745	addCost: 4888	backsolveCost: 31323
node 87	AtA: 20854	cholCost: 53322	addCost: 4072	backsolveCost: 24624
node 88	AtA: 12988	cholCost: 64452	addCost: 11800	backsolveCost: 17157
node 89	AtA: 19980	cholCost: 52490	addCost: 3352	backsolveCost: 24523
node 90	AtA: 20854	cholCost: 53322	addCost: 4072	backsolveCost: 24624
node 91	AtA: 14736	cholCost: 31131	addCost: 2200	backsolveCost: 16002
node 92	AtA: 21728	cholCost: 74745	addCost: 4888	backsolveCost: 31323
node 93	AtA: 16484	cholCost: 126408	addCost: 9112	backsolveCost: 51684
node 94	AtA: 4230	cholCost: 95920	addCost: 14872	backsolveCost: 26038
node 95	AtA: 4576	cholCost: 153369	addCost: 22168	backsolveCost: 33357
node 96	AtA: 20854	cholCost: 53322	addCost: 4072	backsolveCost: 24624
node 97	AtA: 20854	cholCost: 53322	addCost: 4072	backsolveCost: 24624
node 98	AtA: 20854	cholCost: 53322	addCost: 4072	backsolveCost: 24624
node 99	AtA: 14736	cholCost: 119132	addCost: 13288	backsolveCost: 32453
node 100	AtA: 20854	cholCost: 53322	addCost: 4072	backsolveCost: 24624
node 101	AtA: 20854	cholCost: 53322	addCost: 4072	backsolveCost: 24624
node 102	AtA: 20854	cholCost: 53322	addCost: 4072	backsolveCost: 24624
node 103	AtA: 20854	cholCost: 53322	addCost: 4072	backsolveCost: 24624
node 104	AtA: 20854	cholCost: 53322	addCost: 4072	backsolveCost: 24624
node 105	AtA: 13862	cholCost: 101744	addCost: 16552	backsolveCost: 26139
node 106	AtA: 3884	cholCost: 86292	addCost: 24232	backsolveCost: 17927
node 107	AtA: 11240	cholCost: 206743	addCost: 38632	backsolveCost: 34487
node 108	AtA: 4576	cholCost: 265068	addCost: 59800	backsolveCost: 35730
node 109	AtA: 20854	cholCost: 57981	addCost: 4888	backsolveCost: 24826
node 110	AtA: 20854	cholCost: 53322	addCost: 4072	backsolveCost: 24624
node 111	AtA: 20854	cholCost: 53322	addCost: 4072	backsolveCost: 24624
node 112	AtA: 10366	cholCost: 88432	addCost: 11800	backsolveCost: 25735
node 113	AtA: 14736	cholCost: 31131	addCost: 2200	backsolveCost: 16002
node 114	AtA: 16484	cholCost: 52490	addCost: 3352	backsolveCost: 24523
node 115	AtA: 20854	cholCost: 53322	addCost: 4072	backsolveCost: 24624
node 116	AtA: 19106	cholCost: 124488	addCost: 9112	backsolveCost: 43195
node 117	AtA: 14736	cholCost: 107068	addCost: 11800	backsolveCost: 32340
node 118	AtA: 10366	cholCost: 123709	addCost: 24232	backsolveCost: 26745
node 119	AtA: 20854	cholCost: 53322	addCost: 4072	backsolveCost: 24624
node 120	AtA: 20854	cholCost: 53322	addCost: 4072	backsolveCost: 24624
node 121	AtA: 23476	cholCost: 138888	addCost: 10408	backsolveCost: 51833
node 122	AtA: 20854	cholCost: 53322	addCost: 4072	backsolveCost: 24624
node 123	AtA: 17358	cholCost: 57981	addCost: 4888	backsolveCost: 24826
node 124	AtA: 13862	cholCost: 40241	addCost: 4072	backsolveCost: 16310
node 125	AtA: 24350	cholCost: 100277	addCost: 5800	backsolveCost: 42510
node 126	AtA: 9492	cholCost: 156936	addCost: 14872	backsolveCost: 44017
node 127	AtA: 6870	cholCost: 86292	addCost: 24232	backsolveCost: 17927
node 128	AtA: 9492	cholCost: 264266	addCost: 41368	backsolveCost: 46483
node 129	AtA: 20854	cholCost: 53322	addCost: 4072	backsolveCost: 24624
node 130	AtA: 20854	cholCost: 53322	addCost: 4072	backsolveCost: 24624
node 131	AtA: 20854	cholCost: 53322	addCost: 4072	backsolveCost: 24624
node 132	AtA: 12988	cholCost: 58836	addCost: 10408	backsolveCost: 17003
node 133	AtA: 18354	cholCost: 8401	addCost: 4072	backsolveCost: 24624
node 134	AtA: 20854	cholCost: 53322	addCost: 4072	backsolveCost: 24624
node 135	AtA: 20854	cholCost: 53322	addCost: 4072	backsolveCost: 24624
node 136	AtA: 14736	cholCost: 119132	addCost: 13288	backsolveCost: 32453
node 137	AtA: 4230	cholCost: 133194	addCost: 28648	backsolveCost: 27048
node 138	AtA: 23476	cholCost: 74745	addCost: 4888	backsolveCost: 31323
node 139	AtA: 20854	cholCost: 53322	addCost: 4072	backsolveCost: 24624
node 140	AtA: 20854	cholCost: 53322	addCost: 4072	backsolveCost: 24624
node 141	AtA: 14736	cholCost: 125164	addCost: 14872	backsolveCost: 32679
node 142	AtA: 23476	cholCost: 74745	addCost: 4888	backsolveCost: 31323
node 143	AtA: 20854	cholCost: 53322	addCost: 4072	backsolveCost: 24624
node 144	AtA: 12988	cholCost: 64452	addCost: 11800	backsolveCost: 17157
node 145	AtA: 20854	cholCost: 53322	addCost: 4072	backsolveCost: 24624
node 146	AtA: 14736	cholCost: 31131	addCost: 2200	backsolveCost: 16002
node 147	AtA: 21728	cholCost: 74745	addCost: 4888	backsolveCost: 31323
node 148	AtA: 23476	cholCost: 74745	addCost: 4888	backsolveCost: 31323
node 149	AtA: 14736	cholCost: 32379	addCost: 2728	backsolveCost: 16079
node 150	AtA: 20854	cholCost: 74745	addCost: 4888	backsolveCost: 31323
node 151	AtA: 23476	cholCost: 74745	addCost: 4888	backsolveCost: 31323
node 152	AtA: 14736	cholCost: 32379	addCost: 2728	backsolveCost: 16079
node 153	AtA: 17358	cholCost: 53322	addCost: 4072	backsolveCost: 24624
node 154	AtA: 9492	cholCost: 81776	addCost: 10408	backsolveCost: 25533
node 155	AtA: 11240	cholCost: 194050	addCost: 20200	backsolveCost: 53174
node 156	AtA: 7744	cholCost: 132362	addCost: 26392	backsolveCost: 26947
node 157	AtA: 8618	cholCost: 196634	addCost: 33448	backsolveCost: 34148
node 158	AtA: 4922	cholCost: 313938	addCost: 56488	backsolveCost: 47442
node 159	AtA: 13862	cholCost: 596340	addCost: 66712	backsolveCost: 112830
node 160	AtA: 54066	cholCost: 2375778	addCost: 1192	backsolveCost: 1759592
node 161	AtA: 6870	cholCost: 16194	addCost: 1000	backsolveCost: 10977
node 162	AtA: -1	cholCost: 0	addCost: -1	backsolveCost: 1561

