cliques
168
node 0	AtA: 12236	cholCost: 2688	addCost: 2200	backsolveCost: 16002
node 1	AtA: 13984	cholCost: 6028	addCost: 3352	backsolveCost: 24523
node 2	AtA: 12236	cholCost: 2688	addCost: 2200	backsolveCost: 16002
node 3	AtA: 12236	cholCost: 2688	addCost: 2200	backsolveCost: 16002
node 4	AtA: 12236	cholCost: 2688	addCost: 2200	backsolveCost: 16002
node 5	AtA: 12236	cholCost: 2688	addCost: 2200	backsolveCost: 16002
node 6	AtA: 19228	cholCost: 10555	addCost: 4888	backsolveCost: 31323
node 7	AtA: 19228	cholCost: 10416	addCost: 4888	backsolveCost: 31323
node 8	AtA: 12236	cholCost: 2688	addCost: 2200	backsolveCost: 16002
node 9	AtA: 18354	cholCost: 8268	addCost: 4072	backsolveCost: 24624
node 10	AtA: 12236	cholCost: 2688	addCost: 2200	backsolveCost: 16002
node 11	AtA: 17480	cholCost: 0	addCost: 3352	backsolveCost: 24523
node 12	AtA: 12236	cholCost: 2688	addCost: 2200	backsolveCost: 16002
node 13	AtA: 13984	cholCost: 9520	addCost: 4888	backsolveCost: 24826
node 14	AtA: 12236	cholCost: 2688	addCost: 2200	backsolveCost: 16002
node 15	AtA: 13984	cholCost: 6028	addCost: 3352	backsolveCost: 24523
node 16	AtA: 13984	cholCost: 6028	addCost: 3352	backsolveCost: 24523
node 17	AtA: 18354	cholCost: 8395	addCost: 4072	backsolveCost: 24624
node 18	AtA: 14736	cholCost: 31131	addCost: 2200	backsolveCost: 16002
node 19	AtA: 21728	cholCost: 74745	addCost: 4888	backsolveCost: 31323
node 20	AtA: 20854	cholCost: 53322	addCost: 4072	backsolveCost: 24624
node 21	AtA: 20854	cholCost: 53322	addCost: 4072	backsolveCost: 24624
node 22	AtA: 23476	cholCost: 138888	addCost: 10408	backsolveCost: 51833
node 23	AtA: 9492	cholCost: 66324	addCost: 14872	backsolveCost: 17388
node 24	AtA: 20854	cholCost: 53322	addCost: 4072	backsolveCost: 24624
node 25	AtA: 20854	cholCost: 53322	addCost: 4072	backsolveCost: 24624
node 26	AtA: 12988	cholCost: 58836	addCost: 10408	backsolveCost: 17003
node 27	AtA: 21728	cholCost: 65635	addCost: 3352	backsolveCost: 30984
node 28	AtA: 14736	cholCost: 32379	addCost: 2728	backsolveCost: 16079
node 29	AtA: 19980	cholCost: 74745	addCost: 4888	backsolveCost: 31323
node 30	AtA: 12988	cholCost: 40865	addCost: 4888	backsolveCost: 16464
node 31	AtA: 14736	cholCost: 75952	addCost: 9112	backsolveCost: 25432
node 32	AtA: 14736	cholCost: 313416	addCost: 28648	backsolveCost: 78935
node 33	AtA: 20854	cholCost: 53322	addCost: 4072	backsolveCost: 24624
node 34	AtA: 21728	cholCost: 92924	addCost: 7912	backsolveCost: 31775
node 35	AtA: 20854	cholCost: 53322	addCost: 4072	backsolveCost: 24624
node 36	AtA: 20854	cholCost: 53322	addCost: 4072	backsolveCost: 24624
node 37	AtA: 3884	cholCost: 65700	addCost: 13288	backsolveCost: 17234
node 38	AtA: 20854	cholCost: 53322	addCost: 4072	backsolveCost: 24624
node 39	AtA: 20854	cholCost: 53322	addCost: 4072	backsolveCost: 24624
node 40	AtA: 20854	cholCost: 53322	addCost: 4072	backsolveCost: 24624
node 41	AtA: 20854	cholCost: 53322	addCost: 4072	backsolveCost: 24624
node 42	AtA: 12988	cholCost: 58836	addCost: 10408	backsolveCost: 17003
node 43	AtA: 14736	cholCost: 31131	addCost: 2200	backsolveCost: 16002
node 44	AtA: 16484	cholCost: 52490	addCost: 3352	backsolveCost: 24523
node 45	AtA: 14736	cholCost: 31131	addCost: 2200	backsolveCost: 16002
node 46	AtA: 21728	cholCost: 74745	addCost: 4888	backsolveCost: 31323
node 47	AtA: 17358	cholCost: 68464	addCost: 6808	backsolveCost: 25129
node 48	AtA: 19106	cholCost: 138216	addCost: 11800	backsolveCost: 43606
node 49	AtA: 3884	cholCost: 78180	addCost: 18328	backsolveCost: 17619
node 50	AtA: 4576	cholCost: 133276	addCost: 18328	backsolveCost: 33018
node 51	AtA: 18354	cholCost: 8407	addCost: 4072	backsolveCost: 24624
node 52	AtA: 20854	cholCost: 53322	addCost: 4072	backsolveCost: 24624
node 53	AtA: 20854	cholCost: 53322	addCost: 4072	backsolveCost: 24624
node 54	AtA: 13862	cholCost: 101744	addCost: 16552	backsolveCost: 26139
node 55	AtA: 20854	cholCost: 53322	addCost: 4072	backsolveCost: 24624
node 56	AtA: 17358	cholCost: 57981	addCost: 4888	backsolveCost: 24826
node 57	AtA: 20854	cholCost: 53322	addCost: 4072	backsolveCost: 24624
node 58	AtA: 15610	cholCost: 138216	addCost: 11800	backsolveCost: 43606
node 59	AtA: 3884	cholCost: 93905	addCost: 26392	backsolveCost: 18081
node 60	AtA: 20854	cholCost: 53322	addCost: 4072	backsolveCost: 24624
node 61	AtA: 18354	cholCost: 8268	addCost: 4072	backsolveCost: 24624
node 62	AtA: 12988	cholCost: 40865	addCost: 4888	backsolveCost: 16464
node 63	AtA: 12988	cholCost: 40865	addCost: 4888	backsolveCost: 16464
node 64	AtA: 13862	cholCost: 75952	addCost: 9112	backsolveCost: 25432
node 65	AtA: 3884	cholCost: 66324	addCost: 14872	backsolveCost: 17388
node 66	AtA: 20854	cholCost: 53322	addCost: 4072	backsolveCost: 24624
node 67	AtA: 20854	cholCost: 53322	addCost: 4072	backsolveCost: 24624
node 68	AtA: 12988	cholCost: 58836	addCost: 10408	backsolveCost: 17003
node 69	AtA: 20854	cholCost: 53322	addCost: 4072	backsolveCost: 24624
node 70	AtA: 20854	cholCost: 53322	addCost: 4072	backsolveCost: 24624
node 71	AtA: 20854	cholCost: 53322	addCost: 4072	backsolveCost: 24624
node 72	AtA: 21728	cholCost: 92924	addCost: 7912	backsolveCost: 31775
node 73	AtA: 3884	cholCost: 65700	addCost: 13288	backsolveCost: 17234
node 74	AtA: 14736	cholCost: 348028	addCost: 35992	backsolveCost: 79860
node 75	AtA: 5614	cholCost: 362552	addCost: 47128	backsolveCost: 70237
node 76	AtA: 23476	cholCost: 74745	addCost: 4888	backsolveCost: 31323
node 77	AtA: 23476	cholCost: 74745	addCost: 4888	backsolveCost: 31323
node 78	AtA: 23476	cholCost: 74745	addCost: 4888	backsolveCost: 31323
node 79	AtA: 21728	cholCost: 98956	addCost: 9112	backsolveCost: 32001
node 80	AtA: 14736	cholCost: 101744	addCost: 16552	backsolveCost: 26139
node 81	AtA: 15610	cholCost: 153369	addCost: 22168	backsolveCost: 33357
node 82	AtA: 20854	cholCost: 53322	addCost: 4072	backsolveCost: 24624
node 83	AtA: 23476	cholCost: 74745	addCost: 4888	backsolveCost: 31323
node 84	AtA: 22602	cholCost: 156936	addCost: 14872	backsolveCost: 44017
node 85	AtA: 20854	cholCost: 53322	addCost: 4072	backsolveCost: 24624
node 86	AtA: 12988	cholCost: 64452	addCost: 11800	backsolveCost: 17157
node 87	AtA: 20854	cholCost: 57981	addCost: 4888	backsolveCost: 24826
node 88	AtA: 21728	cholCost: 74745	addCost: 4888	backsolveCost: 31323
node 89	AtA: 9492	cholCost: 45732	addCost: 6808	backsolveCost: 16695
node 90	AtA: 10366	cholCost: 157608	addCost: 13288	backsolveCost: 52280
node 91	AtA: 14736	cholCost: 45732	addCost: 6808	backsolveCost: 16695
node 92	AtA: 23476	cholCost: 74745	addCost: 4888	backsolveCost: 31323
node 93	AtA: 16484	cholCost: 107068	addCost: 11800	backsolveCost: 32340
node 94	AtA: 20854	cholCost: 53322	addCost: 4072	backsolveCost: 24624
node 95	AtA: 17358	cholCost: 68464	addCost: 6808	backsolveCost: 25129
node 96	AtA: 19980	cholCost: 150120	addCost: 11800	backsolveCost: 52131
node 97	AtA: 14736	cholCost: 125164	addCost: 14872	backsolveCost: 32679
node 98	AtA: 3884	cholCost: 86292	addCost: 24232	backsolveCost: 17927
node 99	AtA: 7744	cholCost: 158321	addCost: 35992	backsolveCost: 27553
node 100	AtA: 8618	cholCost: 223841	addCost: 44200	backsolveCost: 34826
node 101	AtA: 9492	cholCost: 325420	addCost: 59800	backsolveCost: 47716
node 102	AtA: 20854	cholCost: 53322	addCost: 4072	backsolveCost: 24624
node 103	AtA: 20854	cholCost: 53322	addCost: 4072	backsolveCost: 24624
node 104	AtA: 23476	cholCost: 138888	addCost: 10408	backsolveCost: 51833
node 105	AtA: 20854	cholCost: 53322	addCost: 4072	backsolveCost: 24624
node 106	AtA: 20854	cholCost: 53322	addCost: 4072	backsolveCost: 24624
node 107	AtA: 23476	cholCost: 138888	addCost: 10408	backsolveCost: 51833
node 108	AtA: 20854	cholCost: 53322	addCost: 4072	backsolveCost: 24624
node 109	AtA: 20854	cholCost: 53322	addCost: 4072	backsolveCost: 24624
node 110	AtA: 12988	cholCost: 58836	addCost: 10408	backsolveCost: 17003
node 111	AtA: 21728	cholCost: 74745	addCost: 4888	backsolveCost: 31323
node 112	AtA: 20854	cholCost: 53322	addCost: 4072	backsolveCost: 24624
node 113	AtA: 12988	cholCost: 64452	addCost: 11800	backsolveCost: 17157
node 114	AtA: 20854	cholCost: 53322	addCost: 4072	backsolveCost: 24624
node 115	AtA: 14736	cholCost: 31131	addCost: 2200	backsolveCost: 16002
node 116	AtA: 21728	cholCost: 74745	addCost: 4888	backsolveCost: 31323
node 117	AtA: 11240	cholCost: 98956	addCost: 9112	backsolveCost: 32001
node 118	AtA: 4230	cholCost: 95920	addCost: 14872	backsolveCost: 26038
node 119	AtA: 11240	cholCost: 153369	addCost: 22168	backsolveCost: 33357
node 120	AtA: 12988	cholCost: 314610	addCost: 53272	backsolveCost: 56154
node 121	AtA: 20854	cholCost: 53322	addCost: 4072	backsolveCost: 24624
node 122	AtA: 20854	cholCost: 53322	addCost: 4072	backsolveCost: 24624
node 123	AtA: 20854	cholCost: 53322	addCost: 4072	backsolveCost: 24624
node 124	AtA: 14736	cholCost: 119132	addCost: 13288	backsolveCost: 32453
node 125	AtA: 18232	cholCost: 52490	addCost: 3352	backsolveCost: 24523
node 126	AtA: 16484	cholCost: 57981	addCost: 4888	backsolveCost: 24826
node 127	AtA: 12988	cholCost: 40865	addCost: 4888	backsolveCost: 16464
node 128	AtA: 14736	cholCost: 32379	addCost: 2728	backsolveCost: 16079
node 129	AtA: 20854	cholCost: 74745	addCost: 4888	backsolveCost: 31323
node 130	AtA: 20854	cholCost: 53322	addCost: 4072	backsolveCost: 24624
node 131	AtA: 13862	cholCost: 75952	addCost: 9112	backsolveCost: 25432
node 132	AtA: 11240	cholCost: 88432	addCost: 11800	backsolveCost: 25735
node 133	AtA: 20854	cholCost: 53322	addCost: 4072	backsolveCost: 24624
node 134	AtA: 23476	cholCost: 74745	addCost: 4888	backsolveCost: 31323
node 135	AtA: 14736	cholCost: 31131	addCost: 2200	backsolveCost: 16002
node 136	AtA: 14736	cholCost: 31131	addCost: 2200	backsolveCost: 16002
node 137	AtA: 15610	cholCost: 61808	addCost: 5800	backsolveCost: 24927
node 138	AtA: 12988	cholCost: 45108	addCost: 5800	backsolveCost: 16541
node 139	AtA: 16484	cholCost: 106028	addCost: 10408	backsolveCost: 32114
node 140	AtA: 13862	cholCost: 101744	addCost: 16552	backsolveCost: 26139
node 141	AtA: 7744	cholCost: 123709	addCost: 24232	backsolveCost: 26745
node 142	AtA: 4230	cholCost: 149668	addCost: 33448	backsolveCost: 27351
node 143	AtA: 20854	cholCost: 53322	addCost: 4072	backsolveCost: 24624
node 144	AtA: 20854	cholCost: 53322	addCost: 4072	backsolveCost: 24624
node 145	AtA: 22602	cholCost: 149448	addCost: 13288	backsolveCost: 43743
node 146	AtA: 18232	cholCost: 52490	addCost: 3352	backsolveCost: 24523
node 147	AtA: 17358	cholCost: 57981	addCost: 4888	backsolveCost: 24826
node 148	AtA: 14736	cholCost: 32379	addCost: 2728	backsolveCost: 16079
node 149	AtA: 20854	cholCost: 74745	addCost: 4888	backsolveCost: 31323
node 150	AtA: 15610	cholCost: 98956	addCost: 9112	backsolveCost: 32001
node 151	AtA: 11240	cholCost: 133276	addCost: 18328	backsolveCost: 33018
node 152	AtA: 20854	cholCost: 53322	addCost: 4072	backsolveCost: 24624
node 153	AtA: 20854	cholCost: 53322	addCost: 4072	backsolveCost: 24624
node 154	AtA: 22602	cholCost: 149448	addCost: 13288	backsolveCost: 43743
node 155	AtA: 20854	cholCost: 53322	addCost: 4072	backsolveCost: 24624
node 156	AtA: 20854	cholCost: 53322	addCost: 4072	backsolveCost: 24624
node 157	AtA: 21728	cholCost: 92924	addCost: 7912	backsolveCost: 31775
node 158	AtA: 12988	cholCost: 72564	addCost: 16552	backsolveCost: 17465
node 159	AtA: 10366	cholCost: 149668	addCost: 33448	backsolveCost: 27351
node 160	AtA: 4576	cholCost: 224881	addCost: 47128	backsolveCost: 35052
node 161	AtA: 11240	cholCost: 448996	addCost: 70312	backsolveCost: 71967
node 162	AtA: 7690	cholCost: 893450	addCost: 74008	backsolveCost: 171286
node 163	AtA: 18232	cholCost: 1029846	addCost: 74008	backsolveCost: 213493
node 164	AtA: 8728	cholCost: 899420	addCost: 50152	backsolveCost: 228431
node 165	AtA: 40956	cholCost: 1423508	addCost: 1192	backsolveCost: 1137552
node 166	AtA: 6870	cholCost: 16194	addCost: 1000	backsolveCost: 10977
node 167	AtA: -1	cholCost: 0	addCost: -1	backsolveCost: 1561

