cliques
174
node 0	AtA: 12236	cholCost: 2688	addCost: 2200	backsolveCost: 16002
node 1	AtA: 13984	cholCost: 6028	addCost: 3352	backsolveCost: 24523
node 2	AtA: 12236	cholCost: 2688	addCost: 2200	backsolveCost: 16002
node 3	AtA: 12236	cholCost: 2688	addCost: 2200	backsolveCost: 16002
node 4	AtA: 12236	cholCost: 2688	addCost: 2200	backsolveCost: 16002
node 5	AtA: 19228	cholCost: 10416	addCost: 4888	backsolveCost: 31323
node 6	AtA: 17480	cholCost: 6028	addCost: 3352	backsolveCost: 24523
node 7	AtA: 12236	cholCost: 2688	addCost: 2200	backsolveCost: 16002
node 8	AtA: 13984	cholCost: 6028	addCost: 3352	backsolveCost: 24523
node 9	AtA: 18354	cholCost: 8268	addCost: 4072	backsolveCost: 24624
node 10	AtA: 18354	cholCost: 8268	addCost: 4072	backsolveCost: 24624
node 11	AtA: 19228	cholCost: 10597	addCost: 4888	backsolveCost: 31323
node 12	AtA: 18354	cholCost: 8395	addCost: 4072	backsolveCost: 24624
node 13	AtA: 12236	cholCost: 2688	addCost: 2200	backsolveCost: 16002
node 14	AtA: 20854	cholCost: 53322	addCost: 4072	backsolveCost: 24624
node 15	AtA: 20854	cholCost: 53322	addCost: 4072	backsolveCost: 24624
node 16	AtA: 20854	cholCost: 53322	addCost: 4072	backsolveCost: 24624
node 17	AtA: 14736	cholCost: 119132	addCost: 13288	backsolveCost: 32453
node 18	AtA: 20854	cholCost: 53322	addCost: 4072	backsolveCost: 24624
node 19	AtA: 20854	cholCost: 53322	addCost: 4072	backsolveCost: 24624
node 20	AtA: 20854	cholCost: 53322	addCost: 4072	backsolveCost: 24624
node 21	AtA: 20854	cholCost: 53322	addCost: 4072	backsolveCost: 24624
node 22	AtA: 4230	cholCost: 89264	addCost: 13288	backsolveCost: 25836
node 23	AtA: 19980	cholCost: 52490	addCost: 3352	backsolveCost: 24523
node 24	AtA: 20854	cholCost: 53322	addCost: 4072	backsolveCost: 24624
node 25	AtA: 14736	cholCost: 31131	addCost: 2200	backsolveCost: 16002
node 26	AtA: 14736	cholCost: 31131	addCost: 2200	backsolveCost: 16002
node 27	AtA: 16484	cholCost: 52490	addCost: 3352	backsolveCost: 24523
node 28	AtA: 23476	cholCost: 117672	addCost: 6808	backsolveCost: 51237
node 29	AtA: 9492	cholCost: 52596	addCost: 9112	backsolveCost: 16926
node 30	AtA: 14736	cholCost: 107068	addCost: 11800	backsolveCost: 32340
node 31	AtA: 4922	cholCost: 204111	addCost: 26392	backsolveCost: 45250
node 32	AtA: 4230	cholCost: 158321	addCost: 35992	backsolveCost: 27553
node 33	AtA: 12988	cholCost: 58836	addCost: 10408	backsolveCost: 17003
node 34	AtA: 18354	cholCost: 8798	addCost: 4072	backsolveCost: 24624
node 35	AtA: 20854	cholCost: 53322	addCost: 4072	backsolveCost: 24624
node 36	AtA: 14736	cholCost: 32379	addCost: 2728	backsolveCost: 16079
node 37	AtA: 18232	cholCost: 57981	addCost: 4888	backsolveCost: 24826
node 38	AtA: 20854	cholCost: 53322	addCost: 4072	backsolveCost: 24624
node 39	AtA: 20854	cholCost: 53322	addCost: 4072	backsolveCost: 24624
node 40	AtA: 12988	cholCost: 58836	addCost: 10408	backsolveCost: 17003
node 41	AtA: 9492	cholCost: 66324	addCost: 14872	backsolveCost: 17388
node 42	AtA: 20854	cholCost: 53322	addCost: 4072	backsolveCost: 24624
node 43	AtA: 20854	cholCost: 53322	addCost: 4072	backsolveCost: 24624
node 44	AtA: 20854	cholCost: 53322	addCost: 4072	backsolveCost: 24624
node 45	AtA: 20854	cholCost: 53322	addCost: 4072	backsolveCost: 24624
node 46	AtA: 20854	cholCost: 53322	addCost: 4072	backsolveCost: 24624
node 47	AtA: 4230	cholCost: 89264	addCost: 13288	backsolveCost: 25836
node 48	AtA: 10366	cholCost: 123709	addCost: 24232	backsolveCost: 26745
node 49	AtA: 3884	cholCost: 120488	addCost: 41368	backsolveCost: 18774
node 50	AtA: 5614	cholCost: 416216	addCost: 59800	backsolveCost: 71275
node 51	AtA: 20854	cholCost: 53322	addCost: 4072	backsolveCost: 24624
node 52	AtA: 20854	cholCost: 53322	addCost: 4072	backsolveCost: 24624
node 53	AtA: 12988	cholCost: 58836	addCost: 10408	backsolveCost: 17003
node 54	AtA: 20854	cholCost: 53322	addCost: 4072	backsolveCost: 24624
node 55	AtA: 20854	cholCost: 53322	addCost: 4072	backsolveCost: 24624
node 56	AtA: 12988	cholCost: 58836	addCost: 10408	backsolveCost: 17003
node 57	AtA: 9492	cholCost: 86292	addCost: 24232	backsolveCost: 17927
node 58	AtA: 18232	cholCost: 52490	addCost: 3352	backsolveCost: 24523
node 59	AtA: 16484	cholCost: 57981	addCost: 4888	backsolveCost: 24826
node 60	AtA: 12988	cholCost: 40865	addCost: 4888	backsolveCost: 16464
node 61	AtA: 20854	cholCost: 53322	addCost: 4072	backsolveCost: 24624
node 62	AtA: 14736	cholCost: 32379	addCost: 2728	backsolveCost: 16079
node 63	AtA: 19980	cholCost: 74745	addCost: 4888	backsolveCost: 31323
node 64	AtA: 12988	cholCost: 40865	addCost: 4888	backsolveCost: 16464
node 65	AtA: 13862	cholCost: 75952	addCost: 9112	backsolveCost: 25432
node 66	AtA: 20854	cholCost: 53322	addCost: 4072	backsolveCost: 24624
node 67	AtA: 20854	cholCost: 53322	addCost: 4072	backsolveCost: 24624
node 68	AtA: 20854	cholCost: 53322	addCost: 4072	backsolveCost: 24624
node 69	AtA: 22602	cholCost: 149448	addCost: 13288	backsolveCost: 43743
node 70	AtA: 13862	cholCost: 109232	addCost: 20200	backsolveCost: 26442
node 71	AtA: 10366	cholCost: 213020	addCost: 26392	backsolveCost: 53919
node 72	AtA: 3884	cholCost: 158054	addCost: 59800	backsolveCost: 19467
node 73	AtA: 20854	cholCost: 53322	addCost: 4072	backsolveCost: 24624
node 74	AtA: 20854	cholCost: 53322	addCost: 4072	backsolveCost: 24624
node 75	AtA: 12988	cholCost: 58836	addCost: 10408	backsolveCost: 17003
node 76	AtA: 14736	cholCost: 31131	addCost: 2200	backsolveCost: 16002
node 77	AtA: 21728	cholCost: 74745	addCost: 4888	backsolveCost: 31323
node 78	AtA: 20854	cholCost: 53322	addCost: 4072	backsolveCost: 24624
node 79	AtA: 14736	cholCost: 31131	addCost: 2200	backsolveCost: 16002
node 80	AtA: 21728	cholCost: 74745	addCost: 4888	backsolveCost: 31323
node 81	AtA: 4230	cholCost: 75952	addCost: 9112	backsolveCost: 25432
node 82	AtA: 10366	cholCost: 108400	addCost: 18328	backsolveCost: 26341
node 83	AtA: 21728	cholCost: 74745	addCost: 4888	backsolveCost: 31323
node 84	AtA: 9492	cholCost: 45732	addCost: 6808	backsolveCost: 16695
node 85	AtA: 20854	cholCost: 53322	addCost: 4072	backsolveCost: 24624
node 86	AtA: 20854	cholCost: 53322	addCost: 4072	backsolveCost: 24624
node 87	AtA: 20854	cholCost: 53322	addCost: 4072	backsolveCost: 24624
node 88	AtA: 20854	cholCost: 53322	addCost: 4072	backsolveCost: 24624
node 89	AtA: 23476	cholCost: 138888	addCost: 10408	backsolveCost: 51833
node 90	AtA: 3884	cholCost: 72564	addCost: 16552	backsolveCost: 17465
node 91	AtA: 10366	cholCost: 115888	addCost: 22168	backsolveCost: 26644
node 92	AtA: 4576	cholCost: 197674	addCost: 35992	backsolveCost: 34374
node 93	AtA: 20854	cholCost: 53322	addCost: 4072	backsolveCost: 24624
node 94	AtA: 20854	cholCost: 53322	addCost: 4072	backsolveCost: 24624
node 95	AtA: 12988	cholCost: 58836	addCost: 10408	backsolveCost: 17003
node 96	AtA: 14736	cholCost: 32379	addCost: 2728	backsolveCost: 16079
node 97	AtA: 20854	cholCost: 74745	addCost: 4888	backsolveCost: 31323
node 98	AtA: 20854	cholCost: 53322	addCost: 4072	backsolveCost: 24624
node 99	AtA: 13862	cholCost: 75952	addCost: 9112	backsolveCost: 25432
node 100	AtA: 20854	cholCost: 53322	addCost: 4072	backsolveCost: 24624
node 101	AtA: 20854	cholCost: 53322	addCost: 4072	backsolveCost: 24624
node 102	AtA: 12988	cholCost: 58836	addCost: 10408	backsolveCost: 17003
node 103	AtA: 20854	cholCost: 53322	addCost: 4072	backsolveCost: 24624
node 104	AtA: 20854	cholCost: 53322	addCost: 4072	backsolveCost: 24624
node 105	AtA: 20854	cholCost: 53322	addCost: 4072	backsolveCost: 24624
node 106	AtA: 4576	cholCost: 140348	addCost: 20200	backsolveCost: 33131
node 107	AtA: 20854	cholCost: 53322	addCost: 4072	backsolveCost: 24624
node 108	AtA: 18232	cholCost: 52490	addCost: 3352	backsolveCost: 24523
node 109	AtA: 17358	cholCost: 57981	addCost: 4888	backsolveCost: 24826
node 110	AtA: 12988	cholCost: 64452	addCost: 11800	backsolveCost: 17157
node 111	AtA: 14736	cholCost: 32379	addCost: 2728	backsolveCost: 16079
node 112	AtA: 20854	cholCost: 74745	addCost: 4888	backsolveCost: 31323
node 113	AtA: 20854	cholCost: 53322	addCost: 4072	backsolveCost: 24624
node 114	AtA: 14736	cholCost: 32379	addCost: 2728	backsolveCost: 16079
node 115	AtA: 20854	cholCost: 74745	addCost: 4888	backsolveCost: 31323
node 116	AtA: 7744	cholCost: 75952	addCost: 9112	backsolveCost: 25432
node 117	AtA: 7744	cholCost: 95920	addCost: 14872	backsolveCost: 26038
node 118	AtA: 11240	cholCost: 197674	addCost: 35992	backsolveCost: 34374
node 119	AtA: 12114	cholCost: 405937	addCost: 47128	backsolveCost: 80970
node 120	AtA: 5268	cholCost: 411204	addCost: 77800	backsolveCost: 57644
node 121	AtA: 20854	cholCost: 53322	addCost: 4072	backsolveCost: 24624
node 122	AtA: 23476	cholCost: 74745	addCost: 4888	backsolveCost: 31323
node 123	AtA: 14736	cholCost: 32379	addCost: 2728	backsolveCost: 16079
node 124	AtA: 14736	cholCost: 31131	addCost: 2200	backsolveCost: 16002
node 125	AtA: 14736	cholCost: 40241	addCost: 4072	backsolveCost: 16310
node 126	AtA: 11240	cholCost: 45108	addCost: 5800	backsolveCost: 16541
node 127	AtA: 13862	cholCost: 45732	addCost: 6808	backsolveCost: 16695
node 128	AtA: 17358	cholCost: 165672	addCost: 18328	backsolveCost: 44428
node 129	AtA: 20854	cholCost: 53322	addCost: 4072	backsolveCost: 24624
node 130	AtA: 23476	cholCost: 74745	addCost: 4888	backsolveCost: 31323
node 131	AtA: 22602	cholCost: 156936	addCost: 14872	backsolveCost: 44017
node 132	AtA: 20854	cholCost: 53322	addCost: 4072	backsolveCost: 24624
node 133	AtA: 20854	cholCost: 53322	addCost: 4072	backsolveCost: 24624
node 134	AtA: 20854	cholCost: 65635	addCost: 3352	backsolveCost: 30984
node 135	AtA: 17358	cholCost: 57981	addCost: 4888	backsolveCost: 24826
node 136	AtA: 20854	cholCost: 53322	addCost: 4072	backsolveCost: 24624
node 137	AtA: 14736	cholCost: 31131	addCost: 2200	backsolveCost: 16002
node 138	AtA: 21728	cholCost: 74745	addCost: 4888	backsolveCost: 31323
node 139	AtA: 12114	cholCost: 124488	addCost: 9112	backsolveCost: 43195
node 140	AtA: 3884	cholCost: 66324	addCost: 14872	backsolveCost: 17388
node 141	AtA: 4230	cholCost: 123709	addCost: 24232	backsolveCost: 26745
node 142	AtA: 9492	cholCost: 230070	addCost: 33448	backsolveCost: 45798
node 143	AtA: 20854	cholCost: 53322	addCost: 4072	backsolveCost: 24624
node 144	AtA: 20854	cholCost: 53322	addCost: 4072	backsolveCost: 24624
node 145	AtA: 20854	cholCost: 53322	addCost: 4072	backsolveCost: 24624
node 146	AtA: 20854	cholCost: 53322	addCost: 4072	backsolveCost: 24624
node 147	AtA: 12988	cholCost: 58836	addCost: 10408	backsolveCost: 17003
node 148	AtA: 3884	cholCost: 72564	addCost: 16552	backsolveCost: 17465
node 149	AtA: 23476	cholCost: 74745	addCost: 4888	backsolveCost: 31323
node 150	AtA: 23476	cholCost: 74745	addCost: 4888	backsolveCost: 31323
node 151	AtA: 20854	cholCost: 53322	addCost: 4072	backsolveCost: 24624
node 152	AtA: 20854	cholCost: 53322	addCost: 4072	backsolveCost: 24624
node 153	AtA: 12988	cholCost: 52596	addCost: 9112	backsolveCost: 16926
node 154	AtA: 10366	cholCost: 88432	addCost: 11800	backsolveCost: 25735
node 155	AtA: 14736	cholCost: 125164	addCost: 14872	backsolveCost: 32679
node 156	AtA: 7744	cholCost: 102142	addCost: 28648	backsolveCost: 18158
node 157	AtA: 20854	cholCost: 53322	addCost: 4072	backsolveCost: 24624
node 158	AtA: 21728	cholCost: 92924	addCost: 7912	backsolveCost: 31775
node 159	AtA: 23476	cholCost: 74745	addCost: 4888	backsolveCost: 31323
node 160	AtA: 20854	cholCost: 84812	addCost: 5800	backsolveCost: 31436
node 161	AtA: 21728	cholCost: 74745	addCost: 4888	backsolveCost: 31323
node 162	AtA: 14736	cholCost: 51972	addCost: 7912	backsolveCost: 16772
node 163	AtA: 12114	cholCost: 98956	addCost: 9112	backsolveCost: 32001
node 164	AtA: 16484	cholCost: 125164	addCost: 14872	backsolveCost: 32679
node 165	AtA: 6870	cholCost: 84420	addCost: 20200	backsolveCost: 17696
node 166	AtA: 10366	cholCost: 255453	addCost: 35992	backsolveCost: 54813
node 167	AtA: 4230	cholCost: 195762	addCost: 53272	backsolveCost: 28462
node 168	AtA: 12114	cholCost: 508772	addCost: 66712	backsolveCost: 82635
node 169	AtA: 19980	cholCost: 1201052	addCost: 74008	backsolveCost: 260308
node 170	AtA: 17358	cholCost: 966678	addCost: 81688	backsolveCost: 188802
node 171	AtA: 47074	cholCost: 1899232	addCost: 1192	backsolveCost: 1465485
node 172	AtA: 6870	cholCost: 16194	addCost: 1000	backsolveCost: 10977
node 173	AtA: -1	cholCost: 0	addCost: -1	backsolveCost: 1561

