cliques
169
node 0	AtA: 12236	cholCost: 0	addCost: 2200	backsolveCost: 16002
node 1	AtA: 13984	cholCost: 6028	addCost: 3352	backsolveCost: 24523
node 2	AtA: 12236	cholCost: 2688	addCost: 2200	backsolveCost: 16002
node 3	AtA: 12236	cholCost: 2688	addCost: 2200	backsolveCost: 16002
node 4	AtA: 12236	cholCost: 2688	addCost: 2200	backsolveCost: 16002
node 5	AtA: 19228	cholCost: 10555	addCost: 4888	backsolveCost: 31323
node 6	AtA: 18354	cholCost: 8268	addCost: 4072	backsolveCost: 24624
node 7	AtA: 17480	cholCost: 6167	addCost: 3352	backsolveCost: 24523
node 8	AtA: 12236	cholCost: 2688	addCost: 2200	backsolveCost: 16002
node 9	AtA: 11362	cholCost: 6708	addCost: 4072	backsolveCost: 16310
node 10	AtA: 18354	cholCost: 9520	addCost: 4888	backsolveCost: 24826
node 11	AtA: 18354	cholCost: 8401	addCost: 4072	backsolveCost: 24624
node 12	AtA: 18354	cholCost: 8401	addCost: 4072	backsolveCost: 24624
node 13	AtA: 12236	cholCost: 2688	addCost: 2200	backsolveCost: 16002
node 14	AtA: 12236	cholCost: 2688	addCost: 2200	backsolveCost: 16002
node 15	AtA: 13984	cholCost: 6173	addCost: 3352	backsolveCost: 24523
node 16	AtA: 12236	cholCost: 2688	addCost: 2200	backsolveCost: 16002
node 17	AtA: 20854	cholCost: 53322	addCost: 4072	backsolveCost: 24624
node 18	AtA: 20854	cholCost: 53322	addCost: 4072	backsolveCost: 24624
node 19	AtA: 20854	cholCost: 53322	addCost: 4072	backsolveCost: 24624
node 20	AtA: 23476	cholCost: 138888	addCost: 10408	backsolveCost: 51833
node 21	AtA: 13862	cholCost: 101744	addCost: 16552	backsolveCost: 26139
node 22	AtA: 20854	cholCost: 53322	addCost: 4072	backsolveCost: 24624
node 23	AtA: 20854	cholCost: 53322	addCost: 4072	backsolveCost: 24624
node 24	AtA: 23476	cholCost: 138888	addCost: 10408	backsolveCost: 51833
node 25	AtA: 3884	cholCost: 72564	addCost: 16552	backsolveCost: 17465
node 26	AtA: 20854	cholCost: 53322	addCost: 4072	backsolveCost: 24624
node 27	AtA: 20854	cholCost: 53322	addCost: 4072	backsolveCost: 24624
node 28	AtA: 20854	cholCost: 53322	addCost: 4072	backsolveCost: 24624
node 29	AtA: 20854	cholCost: 53322	addCost: 4072	backsolveCost: 24624
node 30	AtA: 12988	cholCost: 58836	addCost: 10408	backsolveCost: 17003
node 31	AtA: 3884	cholCost: 72564	addCost: 16552	backsolveCost: 17465
node 32	AtA: 20854	cholCost: 53322	addCost: 4072	backsolveCost: 24624
node 33	AtA: 20854	cholCost: 53322	addCost: 4072	backsolveCost: 24624
node 34	AtA: 20854	cholCost: 53322	addCost: 4072	backsolveCost: 24624
node 35	AtA: 21728	cholCost: 74745	addCost: 4888	backsolveCost: 31323
node 36	AtA: 14736	cholCost: 31131	addCost: 2200	backsolveCost: 16002
node 37	AtA: 14736	cholCost: 31131	addCost: 2200	backsolveCost: 16002
node 38	AtA: 21728	cholCost: 74745	addCost: 4888	backsolveCost: 31323
node 39	AtA: 13862	cholCost: 68464	addCost: 6808	backsolveCost: 25129
node 40	AtA: 14736	cholCost: 107068	addCost: 11800	backsolveCost: 32340
node 41	AtA: 4922	cholCost: 165672	addCost: 18328	backsolveCost: 44428
node 42	AtA: 3884	cholCost: 111627	addCost: 35992	backsolveCost: 18543
node 43	AtA: 4922	cholCost: 264266	addCost: 41368	backsolveCost: 46483
node 44	AtA: 4576	cholCost: 252962	addCost: 53272	backsolveCost: 35391
node 45	AtA: 14736	cholCost: 32379	addCost: 2728	backsolveCost: 16079
node 46	AtA: 20854	cholCost: 74745	addCost: 4888	backsolveCost: 31323
node 47	AtA: 20854	cholCost: 53322	addCost: 4072	backsolveCost: 24624
node 48	AtA: 20854	cholCost: 53322	addCost: 4072	backsolveCost: 24624
node 49	AtA: 20854	cholCost: 53322	addCost: 4072	backsolveCost: 24624
node 50	AtA: 20854	cholCost: 53322	addCost: 4072	backsolveCost: 24624
node 51	AtA: 14736	cholCost: 32379	addCost: 2728	backsolveCost: 16079
node 52	AtA: 20854	cholCost: 74745	addCost: 4888	backsolveCost: 31323
node 53	AtA: 20854	cholCost: 53322	addCost: 4072	backsolveCost: 24624
node 54	AtA: 21728	cholCost: 65635	addCost: 3352	backsolveCost: 30984
node 55	AtA: 12988	cholCost: 52596	addCost: 9112	backsolveCost: 16926
node 56	AtA: 6870	cholCost: 52596	addCost: 9112	backsolveCost: 16926
node 57	AtA: 3884	cholCost: 66324	addCost: 14872	backsolveCost: 17388
node 58	AtA: 10366	cholCost: 195298	addCost: 22168	backsolveCost: 53472
node 59	AtA: 20854	cholCost: 53322	addCost: 4072	backsolveCost: 24624
node 60	AtA: 20854	cholCost: 53322	addCost: 4072	backsolveCost: 24624
node 61	AtA: 20854	cholCost: 53322	addCost: 4072	backsolveCost: 24624
node 62	AtA: 20854	cholCost: 53322	addCost: 4072	backsolveCost: 24624
node 63	AtA: 12988	cholCost: 58836	addCost: 10408	backsolveCost: 17003
node 64	AtA: 10366	cholCost: 109232	addCost: 20200	backsolveCost: 26442
node 65	AtA: 23476	cholCost: 74745	addCost: 4888	backsolveCost: 31323
node 66	AtA: 23476	cholCost: 74745	addCost: 4888	backsolveCost: 31323
node 67	AtA: 26098	cholCost: 182836	addCost: 11800	backsolveCost: 66085
node 68	AtA: 18354	cholCost: 8413	addCost: 4072	backsolveCost: 24624
node 69	AtA: 18354	cholCost: 8413	addCost: 4072	backsolveCost: 24624
node 70	AtA: 20854	cholCost: 53322	addCost: 4072	backsolveCost: 24624
node 71	AtA: 16484	cholCost: 52490	addCost: 3352	backsolveCost: 24523
node 72	AtA: 17358	cholCost: 57981	addCost: 4888	backsolveCost: 24826
node 73	AtA: 13862	cholCost: 75952	addCost: 9112	backsolveCost: 25432
node 74	AtA: 4922	cholCost: 156936	addCost: 14872	backsolveCost: 44017
node 75	AtA: 5268	cholCost: 313362	addCost: 50152	backsolveCost: 55856
node 76	AtA: 4576	cholCost: 307250	addCost: 74008	backsolveCost: 36408
node 77	AtA: 20854	cholCost: 53322	addCost: 4072	backsolveCost: 24624
node 78	AtA: 20854	cholCost: 53322	addCost: 4072	backsolveCost: 24624
node 79	AtA: 13862	cholCost: 75952	addCost: 9112	backsolveCost: 25432
node 80	AtA: 13862	cholCost: 95920	addCost: 14872	backsolveCost: 26038
node 81	AtA: 20854	cholCost: 53322	addCost: 4072	backsolveCost: 24624
node 82	AtA: 24350	cholCost: 100277	addCost: 5800	backsolveCost: 42510
node 83	AtA: 11240	cholCost: 68464	addCost: 6808	backsolveCost: 25129
node 84	AtA: 13862	cholCost: 88432	addCost: 11800	backsolveCost: 25735
node 85	AtA: 20854	cholCost: 53322	addCost: 4072	backsolveCost: 24624
node 86	AtA: 20854	cholCost: 53322	addCost: 4072	backsolveCost: 24624
node 87	AtA: 20854	cholCost: 57981	addCost: 4888	backsolveCost: 24826
node 88	AtA: 20854	cholCost: 53322	addCost: 4072	backsolveCost: 24624
node 89	AtA: 10366	cholCost: 88432	addCost: 11800	backsolveCost: 25735
node 90	AtA: 20854	cholCost: 53322	addCost: 4072	backsolveCost: 24624
node 91	AtA: 20854	cholCost: 53322	addCost: 4072	backsolveCost: 24624
node 92	AtA: 22602	cholCost: 149448	addCost: 13288	backsolveCost: 43743
node 93	AtA: 20854	cholCost: 53322	addCost: 4072	backsolveCost: 24624
node 94	AtA: 14736	cholCost: 31131	addCost: 2200	backsolveCost: 16002
node 95	AtA: 21728	cholCost: 74745	addCost: 4888	backsolveCost: 31323
node 96	AtA: 16484	cholCost: 150120	addCost: 11800	backsolveCost: 52131
node 97	AtA: 15610	cholCost: 138216	addCost: 11800	backsolveCost: 43606
node 98	AtA: 3884	cholCost: 85044	addCost: 22168	backsolveCost: 17850
node 99	AtA: 5614	cholCost: 307347	addCost: 38632	backsolveCost: 69372
node 100	AtA: 14736	cholCost: 520212	addCost: 53272	backsolveCost: 111504
node 101	AtA: 20854	cholCost: 53322	addCost: 4072	backsolveCost: 24624
node 102	AtA: 16484	cholCost: 52490	addCost: 3352	backsolveCost: 24523
node 103	AtA: 14736	cholCost: 31131	addCost: 2200	backsolveCost: 16002
node 104	AtA: 21728	cholCost: 74745	addCost: 4888	backsolveCost: 31323
node 105	AtA: 24350	cholCost: 158500	addCost: 9112	backsolveCost: 65566
node 106	AtA: 13862	cholCost: 95920	addCost: 14872	backsolveCost: 26038
node 107	AtA: 14736	cholCost: 31131	addCost: 2200	backsolveCost: 16002
node 108	AtA: 21728	cholCost: 74745	addCost: 4888	backsolveCost: 31323
node 109	AtA: 20854	cholCost: 53322	addCost: 4072	backsolveCost: 24624
node 110	AtA: 14736	cholCost: 31131	addCost: 2200	backsolveCost: 16002
node 111	AtA: 21728	cholCost: 74745	addCost: 4888	backsolveCost: 31323
node 112	AtA: 4230	cholCost: 75952	addCost: 9112	backsolveCost: 25432
node 113	AtA: 20854	cholCost: 53322	addCost: 4072	backsolveCost: 24624
node 114	AtA: 20854	cholCost: 53322	addCost: 4072	backsolveCost: 24624
node 115	AtA: 20854	cholCost: 53322	addCost: 4072	backsolveCost: 24624
node 116	AtA: 20854	cholCost: 53322	addCost: 4072	backsolveCost: 24624
node 117	AtA: 4230	cholCost: 89264	addCost: 13288	backsolveCost: 25836
node 118	AtA: 5614	cholCost: 280556	addCost: 31000	backsolveCost: 68680
node 119	AtA: 20854	cholCost: 53322	addCost: 4072	backsolveCost: 24624
node 120	AtA: 20854	cholCost: 53322	addCost: 4072	backsolveCost: 24624
node 121	AtA: 12988	cholCost: 58836	addCost: 10408	backsolveCost: 17003
node 122	AtA: 20854	cholCost: 53322	addCost: 4072	backsolveCost: 24624
node 123	AtA: 20854	cholCost: 53322	addCost: 4072	backsolveCost: 24624
node 124	AtA: 12988	cholCost: 58836	addCost: 10408	backsolveCost: 17003
node 125	AtA: 20854	cholCost: 53322	addCost: 4072	backsolveCost: 24624
node 126	AtA: 20854	cholCost: 53322	addCost: 4072	backsolveCost: 24624
node 127	AtA: 20854	cholCost: 53322	addCost: 4072	backsolveCost: 24624
node 128	AtA: 20854	cholCost: 53322	addCost: 4072	backsolveCost: 24624
node 129	AtA: 4230	cholCost: 89264	addCost: 13288	backsolveCost: 25836
node 130	AtA: 23476	cholCost: 74745	addCost: 4888	backsolveCost: 31323
node 131	AtA: 14736	cholCost: 32379	addCost: 2728	backsolveCost: 16079
node 132	AtA: 14736	cholCost: 40241	addCost: 4072	backsolveCost: 16310
node 133	AtA: 21728	cholCost: 74745	addCost: 4888	backsolveCost: 31323
node 134	AtA: 14736	cholCost: 51972	addCost: 7912	backsolveCost: 16772
node 135	AtA: 17358	cholCost: 125736	addCost: 10408	backsolveCost: 43332
node 136	AtA: 10366	cholCost: 66324	addCost: 14872	backsolveCost: 17388
node 137	AtA: 3884	cholCost: 93905	addCost: 26392	backsolveCost: 18081
node 138	AtA: 5268	cholCost: 301880	addCost: 47128	backsolveCost: 55707
node 139	AtA: 20854	cholCost: 53322	addCost: 4072	backsolveCost: 24624
node 140	AtA: 20854	cholCost: 53322	addCost: 4072	backsolveCost: 24624
node 141	AtA: 22602	cholCost: 149448	addCost: 13288	backsolveCost: 43743
node 142	AtA: 14736	cholCost: 32379	addCost: 2728	backsolveCost: 16079
node 143	AtA: 20854	cholCost: 74745	addCost: 4888	backsolveCost: 31323
node 144	AtA: 20854	cholCost: 53322	addCost: 4072	backsolveCost: 24624
node 145	AtA: 18232	cholCost: 52490	addCost: 3352	backsolveCost: 24523
node 146	AtA: 17358	cholCost: 57981	addCost: 4888	backsolveCost: 24826
node 147	AtA: 7744	cholCost: 75952	addCost: 9112	backsolveCost: 25432
node 148	AtA: 10366	cholCost: 115888	addCost: 22168	backsolveCost: 26644
node 149	AtA: 20854	cholCost: 53322	addCost: 4072	backsolveCost: 24624
node 150	AtA: 20854	cholCost: 53322	addCost: 4072	backsolveCost: 24624
node 151	AtA: 20854	cholCost: 53322	addCost: 4072	backsolveCost: 24624
node 152	AtA: 20854	cholCost: 53322	addCost: 4072	backsolveCost: 24624
node 153	AtA: 12988	cholCost: 58836	addCost: 10408	backsolveCost: 17003
node 154	AtA: 18232	cholCost: 52490	addCost: 3352	backsolveCost: 24523
node 155	AtA: 16484	cholCost: 57981	addCost: 4888	backsolveCost: 24826
node 156	AtA: 12988	cholCost: 40865	addCost: 4888	backsolveCost: 16464
node 157	AtA: 18232	cholCost: 52490	addCost: 3352	backsolveCost: 24523
node 158	AtA: 17358	cholCost: 57981	addCost: 4888	backsolveCost: 24826
node 159	AtA: 15610	cholCost: 98956	addCost: 9112	backsolveCost: 32001
node 160	AtA: 10366	cholCost: 108400	addCost: 18328	backsolveCost: 26341
node 161	AtA: 11240	cholCost: 163478	addCost: 26392	backsolveCost: 33696
node 162	AtA: 10366	cholCost: 255453	addCost: 35992	backsolveCost: 54813
node 163	AtA: 12114	cholCost: 508772	addCost: 66712	backsolveCost: 82635
node 164	AtA: 5960	cholCost: 557028	addCost: 77800	backsolveCost: 83375
node 165	AtA: 7344	cholCost: 926531	addCost: 93928	backsolveCost: 150203
node 166	AtA: 54066	cholCost: 2515256	addCost: 1192	backsolveCost: 1889255
node 167	AtA: 6870	cholCost: 16194	addCost: 1000	backsolveCost: 10977
node 168	AtA: -1	cholCost: 0	addCost: -1	backsolveCost: 1561

