cliques
166
node 0	AtA: 12236	cholCost: 2688	addCost: 2200	backsolveCost: 16002
node 1	AtA: 13984	cholCost: 6028	addCost: 3352	backsolveCost: 24523
node 2	AtA: 12236	cholCost: 2688	addCost: 2200	backsolveCost: 16002
node 3	AtA: 12236	cholCost: 2688	addCost: 2200	backsolveCost: 16002
node 4	AtA: 12236	cholCost: 2688	addCost: 2200	backsolveCost: 16002
node 5	AtA: 12236	cholCost: 2688	addCost: 2200	backsolveCost: 16002
node 6	AtA: 12236	cholCost: 2688	addCost: 2200	backsolveCost: 16002
node 7	AtA: 19228	cholCost: 10416	addCost: 4888	backsolveCost: 31323
node 8	AtA: 12236	cholCost: 2688	addCost: 2200	backsolveCost: 16002
node 9	AtA: 12236	cholCost: 2688	addCost: 2200	backsolveCost: 16002
node 10	AtA: 18354	cholCost: 8268	addCost: 4072	backsolveCost: 24624
node 11	AtA: 12236	cholCost: 2688	addCost: 2200	backsolveCost: 16002
node 12	AtA: 19228	cholCost: 10416	addCost: 4888	backsolveCost: 31323
node 13	AtA: 20854	cholCost: 53322	addCost: 4072	backsolveCost: 24624
node 14	AtA: 20854	cholCost: 53322	addCost: 4072	backsolveCost: 24624
node 15	AtA: 23476	cholCost: 138888	addCost: 10408	backsolveCost: 51833
node 16	AtA: 14736	cholCost: 31131	addCost: 2200	backsolveCost: 16002
node 17	AtA: 16484	cholCost: 52490	addCost: 3352	backsolveCost: 24523
node 18	AtA: 20854	cholCost: 53322	addCost: 4072	backsolveCost: 24624
node 19	AtA: 20854	cholCost: 53322	addCost: 4072	backsolveCost: 24624
node 20	AtA: 14736	cholCost: 107068	addCost: 11800	backsolveCost: 32340
node 21	AtA: 20854	cholCost: 53322	addCost: 4072	backsolveCost: 24624
node 22	AtA: 20854	cholCost: 53322	addCost: 4072	backsolveCost: 24624
node 23	AtA: 12988	cholCost: 58836	addCost: 10408	backsolveCost: 17003
node 24	AtA: 20854	cholCost: 53322	addCost: 4072	backsolveCost: 24624
node 25	AtA: 20854	cholCost: 53322	addCost: 4072	backsolveCost: 24624
node 26	AtA: 12988	cholCost: 58836	addCost: 10408	backsolveCost: 17003
node 27	AtA: 3884	cholCost: 72564	addCost: 16552	backsolveCost: 17465
node 28	AtA: 20854	cholCost: 57981	addCost: 4888	backsolveCost: 24826
node 29	AtA: 14736	cholCost: 31131	addCost: 2200	backsolveCost: 16002
node 30	AtA: 16484	cholCost: 53322	addCost: 4072	backsolveCost: 24624
node 31	AtA: 20854	cholCost: 53322	addCost: 4072	backsolveCost: 24624
node 32	AtA: 14736	cholCost: 31131	addCost: 2200	backsolveCost: 16002
node 33	AtA: 21728	cholCost: 74745	addCost: 4888	backsolveCost: 31323
node 34	AtA: 17358	cholCost: 68464	addCost: 6808	backsolveCost: 25129
node 35	AtA: 14736	cholCost: 58836	addCost: 10408	backsolveCost: 17003
node 36	AtA: 9492	cholCost: 65700	addCost: 13288	backsolveCost: 17234
node 37	AtA: 14736	cholCost: 166344	addCost: 16552	backsolveCost: 52727
node 38	AtA: 11240	cholCost: 196634	addCost: 33448	backsolveCost: 34148
node 39	AtA: 20854	cholCost: 53322	addCost: 4072	backsolveCost: 24624
node 40	AtA: 20854	cholCost: 53322	addCost: 4072	backsolveCost: 24624
node 41	AtA: 20854	cholCost: 53322	addCost: 4072	backsolveCost: 24624
node 42	AtA: 13862	cholCost: 101744	addCost: 16552	backsolveCost: 26139
node 43	AtA: 20854	cholCost: 53322	addCost: 4072	backsolveCost: 24624
node 44	AtA: 21728	cholCost: 74745	addCost: 4888	backsolveCost: 31323
node 45	AtA: 13862	cholCost: 68464	addCost: 6808	backsolveCost: 25129
node 46	AtA: 12988	cholCost: 45732	addCost: 6808	backsolveCost: 16695
node 47	AtA: 4230	cholCost: 88432	addCost: 11800	backsolveCost: 25735
node 48	AtA: 12114	cholCost: 193378	addCost: 22168	backsolveCost: 44839
node 49	AtA: 20854	cholCost: 53322	addCost: 4072	backsolveCost: 24624
node 50	AtA: 20854	cholCost: 53322	addCost: 4072	backsolveCost: 24624
node 51	AtA: 20854	cholCost: 53322	addCost: 4072	backsolveCost: 24624
node 52	AtA: 20854	cholCost: 53322	addCost: 4072	backsolveCost: 24624
node 53	AtA: 23476	cholCost: 138888	addCost: 10408	backsolveCost: 51833
node 54	AtA: 3884	cholCost: 72564	addCost: 16552	backsolveCost: 17465
node 55	AtA: 21728	cholCost: 74745	addCost: 4888	backsolveCost: 31323
node 56	AtA: 14736	cholCost: 31131	addCost: 2200	backsolveCost: 16002
node 57	AtA: 21728	cholCost: 74745	addCost: 4888	backsolveCost: 31323
node 58	AtA: 20854	cholCost: 53322	addCost: 4072	backsolveCost: 24624
node 59	AtA: 14858	cholCost: 13804	addCost: 6808	backsolveCost: 25129
node 60	AtA: 13862	cholCost: 88432	addCost: 11800	backsolveCost: 25735
node 61	AtA: 4576	cholCost: 133276	addCost: 18328	backsolveCost: 33018
node 62	AtA: 4576	cholCost: 163478	addCost: 26392	backsolveCost: 33696
node 63	AtA: 4922	cholCost: 264266	addCost: 41368	backsolveCost: 46483
node 64	AtA: 20854	cholCost: 53322	addCost: 4072	backsolveCost: 24624
node 65	AtA: 20854	cholCost: 53322	addCost: 4072	backsolveCost: 24624
node 66	AtA: 21728	cholCost: 92924	addCost: 7912	backsolveCost: 31775
node 67	AtA: 19106	cholCost: 149448	addCost: 13288	backsolveCost: 43743
node 68	AtA: 20854	cholCost: 53322	addCost: 4072	backsolveCost: 24624
node 69	AtA: 20854	cholCost: 53322	addCost: 4072	backsolveCost: 24624
node 70	AtA: 20854	cholCost: 53322	addCost: 4072	backsolveCost: 24624
node 71	AtA: 14736	cholCost: 119132	addCost: 13288	backsolveCost: 32453
node 72	AtA: 14736	cholCost: 31131	addCost: 2200	backsolveCost: 16002
node 73	AtA: 21728	cholCost: 74745	addCost: 4888	backsolveCost: 31323
node 74	AtA: 20854	cholCost: 53322	addCost: 4072	backsolveCost: 24624
node 75	AtA: 14736	cholCost: 31131	addCost: 2200	backsolveCost: 16002
node 76	AtA: 21728	cholCost: 74745	addCost: 4888	backsolveCost: 31323
node 77	AtA: 4230	cholCost: 75952	addCost: 9112	backsolveCost: 25432
node 78	AtA: 10366	cholCost: 115888	addCost: 22168	backsolveCost: 26644
node 79	AtA: 3884	cholCost: 111627	addCost: 35992	backsolveCost: 18543
node 80	AtA: 20854	cholCost: 53322	addCost: 4072	backsolveCost: 24624
node 81	AtA: 20854	cholCost: 53322	addCost: 4072	backsolveCost: 24624
node 82	AtA: 23476	cholCost: 138888	addCost: 10408	backsolveCost: 51833
node 83	AtA: 23476	cholCost: 74745	addCost: 4888	backsolveCost: 31323
node 84	AtA: 23476	cholCost: 74745	addCost: 4888	backsolveCost: 31323
node 85	AtA: 23476	cholCost: 74745	addCost: 4888	backsolveCost: 31323
node 86	AtA: 9492	cholCost: 66324	addCost: 14872	backsolveCost: 17388
node 87	AtA: 20854	cholCost: 53322	addCost: 4072	backsolveCost: 24624
node 88	AtA: 20854	cholCost: 53322	addCost: 4072	backsolveCost: 24624
node 89	AtA: 20854	cholCost: 53322	addCost: 4072	backsolveCost: 24624
node 90	AtA: 14736	cholCost: 119132	addCost: 13288	backsolveCost: 32453
node 91	AtA: 21728	cholCost: 74745	addCost: 4888	backsolveCost: 31323
node 92	AtA: 18354	cholCost: 8268	addCost: 4072	backsolveCost: 24624
node 93	AtA: 13862	cholCost: 75952	addCost: 9112	backsolveCost: 25432
node 94	AtA: 23476	cholCost: 74745	addCost: 4888	backsolveCost: 31323
node 95	AtA: 13862	cholCost: 40241	addCost: 4072	backsolveCost: 16310
node 96	AtA: 24350	cholCost: 100277	addCost: 5800	backsolveCost: 42510
node 97	AtA: 11240	cholCost: 68464	addCost: 6808	backsolveCost: 25129
node 98	AtA: 9492	cholCost: 133276	addCost: 18328	backsolveCost: 33018
node 99	AtA: 3884	cholCost: 102766	addCost: 31000	backsolveCost: 18312
node 100	AtA: 12988	cholCost: 444875	addCost: 53272	backsolveCost: 81525
node 101	AtA: 5614	cholCost: 473332	addCost: 77800	backsolveCost: 72486
node 102	AtA: 20854	cholCost: 53322	addCost: 4072	backsolveCost: 24624
node 103	AtA: 20854	cholCost: 53322	addCost: 4072	backsolveCost: 24624
node 104	AtA: 20854	cholCost: 53322	addCost: 4072	backsolveCost: 24624
node 105	AtA: 13862	cholCost: 101744	addCost: 16552	backsolveCost: 26139
node 106	AtA: 20854	cholCost: 53322	addCost: 4072	backsolveCost: 24624
node 107	AtA: 20854	cholCost: 53322	addCost: 4072	backsolveCost: 24624
node 108	AtA: 12988	cholCost: 58836	addCost: 10408	backsolveCost: 17003
node 109	AtA: 20854	cholCost: 53322	addCost: 4072	backsolveCost: 24624
node 110	AtA: 14736	cholCost: 31131	addCost: 2200	backsolveCost: 16002
node 111	AtA: 21728	cholCost: 74745	addCost: 4888	backsolveCost: 31323
node 112	AtA: 14736	cholCost: 31131	addCost: 2200	backsolveCost: 16002
node 113	AtA: 21728	cholCost: 74745	addCost: 4888	backsolveCost: 31323
node 114	AtA: 16484	cholCost: 150120	addCost: 11800	backsolveCost: 52131
node 115	AtA: 3884	cholCost: 78180	addCost: 18328	backsolveCost: 17619
node 116	AtA: 4576	cholCost: 163478	addCost: 26392	backsolveCost: 33696
node 117	AtA: 20854	cholCost: 53322	addCost: 4072	backsolveCost: 24624
node 118	AtA: 20854	cholCost: 53322	addCost: 4072	backsolveCost: 24624
node 119	AtA: 12988	cholCost: 58836	addCost: 10408	backsolveCost: 17003
node 120	AtA: 20854	cholCost: 53322	addCost: 4072	backsolveCost: 24624
node 121	AtA: 20854	cholCost: 53322	addCost: 4072	backsolveCost: 24624
node 122	AtA: 12988	cholCost: 58836	addCost: 10408	backsolveCost: 17003
node 123	AtA: 13862	cholCost: 101744	addCost: 16552	backsolveCost: 26139
node 124	AtA: 3884	cholCost: 86292	addCost: 24232	backsolveCost: 17927
node 125	AtA: 21728	cholCost: 74745	addCost: 4888	backsolveCost: 31323
node 126	AtA: 20854	cholCost: 53322	addCost: 4072	backsolveCost: 24624
node 127	AtA: 13862	cholCost: 75952	addCost: 9112	backsolveCost: 25432
node 128	AtA: 20854	cholCost: 53322	addCost: 4072	backsolveCost: 24624
node 129	AtA: 14736	cholCost: 31131	addCost: 2200	backsolveCost: 16002
node 130	AtA: 14736	cholCost: 31131	addCost: 2200	backsolveCost: 16002
node 131	AtA: 21728	cholCost: 74745	addCost: 4888	backsolveCost: 31323
node 132	AtA: 13862	cholCost: 68464	addCost: 6808	backsolveCost: 25129
node 133	AtA: 12114	cholCost: 165672	addCost: 18328	backsolveCost: 44428
node 134	AtA: 12114	cholCost: 264266	addCost: 41368	backsolveCost: 46483
node 135	AtA: 20854	cholCost: 53322	addCost: 4072	backsolveCost: 24624
node 136	AtA: 20854	cholCost: 53322	addCost: 4072	backsolveCost: 24624
node 137	AtA: 12988	cholCost: 58836	addCost: 10408	backsolveCost: 17003
node 138	AtA: 20854	cholCost: 53322	addCost: 4072	backsolveCost: 24624
node 139	AtA: 20854	cholCost: 53322	addCost: 4072	backsolveCost: 24624
node 140	AtA: 12988	cholCost: 58836	addCost: 10408	backsolveCost: 17003
node 141	AtA: 10366	cholCost: 109232	addCost: 20200	backsolveCost: 26442
node 142	AtA: 14736	cholCost: 31131	addCost: 2200	backsolveCost: 16002
node 143	AtA: 21728	cholCost: 74745	addCost: 4888	backsolveCost: 31323
node 144	AtA: 20854	cholCost: 53322	addCost: 4072	backsolveCost: 24624
node 145	AtA: 20854	cholCost: 53322	addCost: 4072	backsolveCost: 24624
node 146	AtA: 14736	cholCost: 31131	addCost: 2200	backsolveCost: 16002
node 147	AtA: 21728	cholCost: 74745	addCost: 4888	backsolveCost: 31323
node 148	AtA: 20854	cholCost: 53322	addCost: 4072	backsolveCost: 24624
node 149	AtA: 12988	cholCost: 64452	addCost: 11800	backsolveCost: 17157
node 150	AtA: 14736	cholCost: 31131	addCost: 2200	backsolveCost: 16002
node 151	AtA: 21728	cholCost: 74745	addCost: 4888	backsolveCost: 31323
node 152	AtA: 20854	cholCost: 53322	addCost: 4072	backsolveCost: 24624
node 153	AtA: 14736	cholCost: 31131	addCost: 2200	backsolveCost: 16002
node 154	AtA: 21728	cholCost: 74745	addCost: 4888	backsolveCost: 31323
node 155	AtA: 4230	cholCost: 75952	addCost: 9112	backsolveCost: 25432
node 156	AtA: 4230	cholCost: 95920	addCost: 14872	backsolveCost: 26038
node 157	AtA: 5268	cholCost: 195298	addCost: 22168	backsolveCost: 53472
node 158	AtA: 12114	cholCost: 264266	addCost: 41368	backsolveCost: 46483
node 159	AtA: 5960	cholCost: 489137	addCost: 63208	backsolveCost: 82265
node 160	AtA: 6306	cholCost: 560762	addCost: 63208	backsolveCost: 99651
node 161	AtA: 8728	cholCost: 1134044	addCost: 77800	backsolveCost: 232379
node 162	AtA: 8728	cholCost: 857653	addCost: 47128	backsolveCost: 228102
node 163	AtA: 38334	cholCost: 1213116	addCost: 1192	backsolveCost: 980975
node 164	AtA: 6870	cholCost: 16194	addCost: 1000	backsolveCost: 10977
node 165	AtA: -1	cholCost: 0	addCost: -1	backsolveCost: 1561

