cliques
168
node 0	AtA: 12236	cholCost: 2688	addCost: 2200	backsolveCost: 16002
node 1	AtA: 13984	cholCost: 6028	addCost: 3352	backsolveCost: 24523
node 2	AtA: 12236	cholCost: 2688	addCost: 2200	backsolveCost: 16002
node 3	AtA: 12236	cholCost: 2688	addCost: 2200	backsolveCost: 16002
node 4	AtA: 12236	cholCost: 2688	addCost: 2200	backsolveCost: 16002
node 5	AtA: 12236	cholCost: 2688	addCost: 2200	backsolveCost: 16002
node 6	AtA: 12236	cholCost: 2688	addCost: 2200	backsolveCost: 16002
node 7	AtA: 12236	cholCost: 2688	addCost: 2200	backsolveCost: 16002
node 8	AtA: 18354	cholCost: 8268	addCost: 4072	backsolveCost: 24624
node 9	AtA: 12236	cholCost: 2688	addCost: 2200	backsolveCost: 16002
node 10	AtA: 19228	cholCost: 10416	addCost: 4888	backsolveCost: 31323
node 11	AtA: 17480	cholCost: 18696	addCost: 7912	backsolveCost: 31775
node 12	AtA: 18354	cholCost: 8268	addCost: 4072	backsolveCost: 24624
node 13	AtA: 20854	cholCost: 53322	addCost: 4072	backsolveCost: 24624
node 14	AtA: 20854	cholCost: 84812	addCost: 5800	backsolveCost: 31436
node 15	AtA: 12114	cholCost: 98956	addCost: 9112	backsolveCost: 32001
node 16	AtA: 21728	cholCost: 74745	addCost: 4888	backsolveCost: 31323
node 17	AtA: 20854	cholCost: 53322	addCost: 4072	backsolveCost: 24624
node 18	AtA: 12988	cholCost: 64452	addCost: 11800	backsolveCost: 17157
node 19	AtA: 12114	cholCost: 156936	addCost: 14872	backsolveCost: 44017
node 20	AtA: 15610	cholCost: 140348	addCost: 20200	backsolveCost: 33131
node 21	AtA: 23476	cholCost: 74745	addCost: 4888	backsolveCost: 31323
node 22	AtA: 23476	cholCost: 74745	addCost: 4888	backsolveCost: 31323
node 23	AtA: 12988	cholCost: 65700	addCost: 13288	backsolveCost: 17234
node 24	AtA: 20854	cholCost: 53322	addCost: 4072	backsolveCost: 24624
node 25	AtA: 20854	cholCost: 53322	addCost: 4072	backsolveCost: 24624
node 26	AtA: 20854	cholCost: 53322	addCost: 4072	backsolveCost: 24624
node 27	AtA: 23476	cholCost: 74745	addCost: 4888	backsolveCost: 31323
node 28	AtA: 4230	cholCost: 95920	addCost: 14872	backsolveCost: 26038
node 29	AtA: 8618	cholCost: 102142	addCost: 28648	backsolveCost: 18158
node 30	AtA: 8618	cholCost: 223841	addCost: 44200	backsolveCost: 34826
node 31	AtA: 20854	cholCost: 53322	addCost: 4072	backsolveCost: 24624
node 32	AtA: 14736	cholCost: 31131	addCost: 2200	backsolveCost: 16002
node 33	AtA: 21728	cholCost: 74745	addCost: 4888	backsolveCost: 31323
node 34	AtA: 20854	cholCost: 53322	addCost: 4072	backsolveCost: 24624
node 35	AtA: 14736	cholCost: 31131	addCost: 2200	backsolveCost: 16002
node 36	AtA: 14736	cholCost: 31131	addCost: 2200	backsolveCost: 16002
node 37	AtA: 12988	cholCost: 40865	addCost: 4888	backsolveCost: 16464
node 38	AtA: 12988	cholCost: 40865	addCost: 4888	backsolveCost: 16464
node 39	AtA: 13862	cholCost: 75952	addCost: 9112	backsolveCost: 25432
node 40	AtA: 10366	cholCost: 88432	addCost: 11800	backsolveCost: 25735
node 41	AtA: 13862	cholCost: 108400	addCost: 18328	backsolveCost: 26341
node 42	AtA: 20854	cholCost: 53322	addCost: 4072	backsolveCost: 24624
node 43	AtA: 14736	cholCost: 31131	addCost: 2200	backsolveCost: 16002
node 44	AtA: 21728	cholCost: 74745	addCost: 4888	backsolveCost: 31323
node 45	AtA: 20854	cholCost: 53322	addCost: 4072	backsolveCost: 24624
node 46	AtA: 14736	cholCost: 31131	addCost: 2200	backsolveCost: 16002
node 47	AtA: 19106	cholCost: 61808	addCost: 5800	backsolveCost: 24927
node 48	AtA: 14736	cholCost: 31131	addCost: 2200	backsolveCost: 16002
node 49	AtA: 21728	cholCost: 74745	addCost: 4888	backsolveCost: 31323
node 50	AtA: 10366	cholCost: 69296	addCost: 7912	backsolveCost: 25230
node 51	AtA: 19106	cholCost: 149448	addCost: 13288	backsolveCost: 43743
node 52	AtA: 4230	cholCost: 109232	addCost: 20200	backsolveCost: 26442
node 53	AtA: 4230	cholCost: 159153	addCost: 38632	backsolveCost: 27654
node 54	AtA: 20854	cholCost: 53322	addCost: 4072	backsolveCost: 24624
node 55	AtA: 20854	cholCost: 53322	addCost: 4072	backsolveCost: 24624
node 56	AtA: 12988	cholCost: 58836	addCost: 10408	backsolveCost: 17003
node 57	AtA: 20854	cholCost: 53322	addCost: 4072	backsolveCost: 24624
node 58	AtA: 20854	cholCost: 53322	addCost: 4072	backsolveCost: 24624
node 59	AtA: 20854	cholCost: 53322	addCost: 4072	backsolveCost: 24624
node 60	AtA: 20854	cholCost: 53322	addCost: 4072	backsolveCost: 24624
node 61	AtA: 4230	cholCost: 89264	addCost: 13288	backsolveCost: 25836
node 62	AtA: 20854	cholCost: 53322	addCost: 4072	backsolveCost: 24624
node 63	AtA: 20854	cholCost: 53322	addCost: 4072	backsolveCost: 24624
node 64	AtA: 20854	cholCost: 53322	addCost: 4072	backsolveCost: 24624
node 65	AtA: 20854	cholCost: 53322	addCost: 4072	backsolveCost: 24624
node 66	AtA: 21728	cholCost: 65635	addCost: 3352	backsolveCost: 30984
node 67	AtA: 14736	cholCost: 31131	addCost: 2200	backsolveCost: 16002
node 68	AtA: 21728	cholCost: 74745	addCost: 4888	backsolveCost: 31323
node 69	AtA: 13862	cholCost: 75952	addCost: 9112	backsolveCost: 25432
node 70	AtA: 12988	cholCost: 78180	addCost: 18328	backsolveCost: 17619
node 71	AtA: 5268	cholCost: 195298	addCost: 22168	backsolveCost: 53472
node 72	AtA: 13862	cholCost: 375906	addCost: 53272	backsolveCost: 70756
node 73	AtA: 5960	cholCost: 557028	addCost: 77800	backsolveCost: 83375
node 74	AtA: 20854	cholCost: 53322	addCost: 4072	backsolveCost: 24624
node 75	AtA: 20854	cholCost: 53322	addCost: 4072	backsolveCost: 24624
node 76	AtA: 12988	cholCost: 58836	addCost: 10408	backsolveCost: 17003
node 77	AtA: 20854	cholCost: 53322	addCost: 4072	backsolveCost: 24624
node 78	AtA: 20854	cholCost: 53322	addCost: 4072	backsolveCost: 24624
node 79	AtA: 23476	cholCost: 74745	addCost: 4888	backsolveCost: 31323
node 80	AtA: 23476	cholCost: 74745	addCost: 4888	backsolveCost: 31323
node 81	AtA: 8618	cholCost: 108400	addCost: 18328	backsolveCost: 26341
node 82	AtA: 3884	cholCost: 93905	addCost: 26392	backsolveCost: 18081
node 83	AtA: 20854	cholCost: 53322	addCost: 4072	backsolveCost: 24624
node 84	AtA: 20854	cholCost: 53322	addCost: 4072	backsolveCost: 24624
node 85	AtA: 12988	cholCost: 58836	addCost: 10408	backsolveCost: 17003
node 86	AtA: 20854	cholCost: 53322	addCost: 4072	backsolveCost: 24624
node 87	AtA: 20854	cholCost: 53322	addCost: 4072	backsolveCost: 24624
node 88	AtA: 12988	cholCost: 58836	addCost: 10408	backsolveCost: 17003
node 89	AtA: 18354	cholCost: 8401	addCost: 4072	backsolveCost: 24624
node 90	AtA: 20854	cholCost: 53322	addCost: 4072	backsolveCost: 24624
node 91	AtA: 20854	cholCost: 53322	addCost: 4072	backsolveCost: 24624
node 92	AtA: 14736	cholCost: 119132	addCost: 13288	backsolveCost: 32453
node 93	AtA: 16484	cholCost: 52490	addCost: 3352	backsolveCost: 24523
node 94	AtA: 21728	cholCost: 74745	addCost: 4888	backsolveCost: 31323
node 95	AtA: 13862	cholCost: 75952	addCost: 9112	backsolveCost: 25432
node 96	AtA: 13862	cholCost: 95920	addCost: 14872	backsolveCost: 26038
node 97	AtA: 4230	cholCost: 115888	addCost: 22168	backsolveCost: 26644
node 98	AtA: 4922	cholCost: 283985	addCost: 47128	backsolveCost: 46894
node 99	AtA: 5268	cholCost: 365778	addCost: 63208	backsolveCost: 56750
node 100	AtA: 20854	cholCost: 53322	addCost: 4072	backsolveCost: 24624
node 101	AtA: 20854	cholCost: 53322	addCost: 4072	backsolveCost: 24624
node 102	AtA: 22602	cholCost: 149448	addCost: 13288	backsolveCost: 43743
node 103	AtA: 20854	cholCost: 53322	addCost: 4072	backsolveCost: 24624
node 104	AtA: 20854	cholCost: 53322	addCost: 4072	backsolveCost: 24624
node 105	AtA: 14736	cholCost: 32379	addCost: 2728	backsolveCost: 16079
node 106	AtA: 18232	cholCost: 57981	addCost: 4888	backsolveCost: 24826
node 107	AtA: 20854	cholCost: 53322	addCost: 4072	backsolveCost: 24624
node 108	AtA: 20854	cholCost: 53322	addCost: 4072	backsolveCost: 24624
node 109	AtA: 10366	cholCost: 88432	addCost: 11800	backsolveCost: 25735
node 110	AtA: 11240	cholCost: 133276	addCost: 18328	backsolveCost: 33018
node 111	AtA: 20854	cholCost: 53322	addCost: 4072	backsolveCost: 24624
node 112	AtA: 18232	cholCost: 52490	addCost: 3352	backsolveCost: 24523
node 113	AtA: 17358	cholCost: 57981	addCost: 4888	backsolveCost: 24826
node 114	AtA: 12988	cholCost: 64452	addCost: 11800	backsolveCost: 17157
node 115	AtA: 14736	cholCost: 32379	addCost: 2728	backsolveCost: 16079
node 116	AtA: 19980	cholCost: 74745	addCost: 4888	backsolveCost: 31323
node 117	AtA: 12988	cholCost: 40865	addCost: 4888	backsolveCost: 16464
node 118	AtA: 14736	cholCost: 32379	addCost: 2728	backsolveCost: 16079
node 119	AtA: 20854	cholCost: 74745	addCost: 4888	backsolveCost: 31323
node 120	AtA: 15610	cholCost: 98956	addCost: 9112	backsolveCost: 32001
node 121	AtA: 12988	cholCost: 156936	addCost: 14872	backsolveCost: 44017
node 122	AtA: 7744	cholCost: 141847	addCost: 31000	backsolveCost: 27250
node 123	AtA: 12114	cholCost: 264266	addCost: 41368	backsolveCost: 46483
node 124	AtA: 20854	cholCost: 53322	addCost: 4072	backsolveCost: 24624
node 125	AtA: 20854	cholCost: 53322	addCost: 4072	backsolveCost: 24624
node 126	AtA: 22602	cholCost: 149448	addCost: 13288	backsolveCost: 43743
node 127	AtA: 20854	cholCost: 53322	addCost: 4072	backsolveCost: 24624
node 128	AtA: 14736	cholCost: 31131	addCost: 2200	backsolveCost: 16002
node 129	AtA: 21728	cholCost: 74745	addCost: 4888	backsolveCost: 31323
node 130	AtA: 20854	cholCost: 53322	addCost: 4072	backsolveCost: 24624
node 131	AtA: 20854	cholCost: 53322	addCost: 4072	backsolveCost: 24624
node 132	AtA: 22602	cholCost: 149448	addCost: 13288	backsolveCost: 43743
node 133	AtA: 13984	cholCost: 6155	addCost: 3352	backsolveCost: 24523
node 134	AtA: 20854	cholCost: 53322	addCost: 4072	backsolveCost: 24624
node 135	AtA: 14736	cholCost: 31131	addCost: 2200	backsolveCost: 16002
node 136	AtA: 21728	cholCost: 74745	addCost: 4888	backsolveCost: 31323
node 137	AtA: 19106	cholCost: 124488	addCost: 9112	backsolveCost: 43195
node 138	AtA: 14736	cholCost: 107068	addCost: 11800	backsolveCost: 32340
node 139	AtA: 12114	cholCost: 165672	addCost: 18328	backsolveCost: 44428
node 140	AtA: 12114	cholCost: 204111	addCost: 26392	backsolveCost: 45250
node 141	AtA: 4576	cholCost: 180576	addCost: 31000	backsolveCost: 34035
node 142	AtA: 20854	cholCost: 53322	addCost: 4072	backsolveCost: 24624
node 143	AtA: 20854	cholCost: 53322	addCost: 4072	backsolveCost: 24624
node 144	AtA: 20854	cholCost: 53322	addCost: 4072	backsolveCost: 24624
node 145	AtA: 12988	cholCost: 58836	addCost: 10408	backsolveCost: 17003
node 146	AtA: 20854	cholCost: 53322	addCost: 4072	backsolveCost: 24624
node 147	AtA: 20854	cholCost: 53322	addCost: 4072	backsolveCost: 24624
node 148	AtA: 3884	cholCost: 72564	addCost: 16552	backsolveCost: 17465
node 149	AtA: 3884	cholCost: 86292	addCost: 24232	backsolveCost: 17927
node 150	AtA: 20854	cholCost: 53322	addCost: 4072	backsolveCost: 24624
node 151	AtA: 20854	cholCost: 53322	addCost: 4072	backsolveCost: 24624
node 152	AtA: 23476	cholCost: 138888	addCost: 10408	backsolveCost: 51833
node 153	AtA: 20854	cholCost: 53322	addCost: 4072	backsolveCost: 24624
node 154	AtA: 21728	cholCost: 92924	addCost: 7912	backsolveCost: 31775
node 155	AtA: 21728	cholCost: 74745	addCost: 4888	backsolveCost: 31323
node 156	AtA: 14736	cholCost: 31131	addCost: 2200	backsolveCost: 16002
node 157	AtA: 12988	cholCost: 40865	addCost: 4888	backsolveCost: 16464
node 158	AtA: 12988	cholCost: 40865	addCost: 4888	backsolveCost: 16464
node 159	AtA: 14736	cholCost: 98956	addCost: 9112	backsolveCost: 32001
node 160	AtA: 4922	cholCost: 193378	addCost: 22168	backsolveCost: 44839
node 161	AtA: 4576	cholCost: 214772	addCost: 41368	backsolveCost: 34713
node 162	AtA: 5614	cholCost: 416216	addCost: 59800	backsolveCost: 71275
node 163	AtA: 6652	cholCost: 620052	addCost: 70312	backsolveCost: 113051
node 164	AtA: 8382	cholCost: 1029846	addCost: 74008	backsolveCost: 213493
node 165	AtA: 56688	cholCost: 2375778	addCost: 1192	backsolveCost: 1759592
node 166	AtA: 6870	cholCost: 16194	addCost: 1000	backsolveCost: 10977
node 167	AtA: -1	cholCost: 0	addCost: -1	backsolveCost: 1561

