cliques
133
node 0	AtA: 14858	cholCost: 0	addCost: 2200	backsolveCost: 24220
node 1	AtA: 12236	cholCost: 2688	addCost: 2200	backsolveCost: 16002
node 2	AtA: 12236	cholCost: 2688	addCost: 2200	backsolveCost: 16002
node 3	AtA: 12236	cholCost: 2688	addCost: 2200	backsolveCost: 16002
node 4	AtA: 12236	cholCost: 2688	addCost: 2200	backsolveCost: 16002
node 5	AtA: 12236	cholCost: 2688	addCost: 2200	backsolveCost: 16002
node 6	AtA: 18354	cholCost: 8268	addCost: 4072	backsolveCost: 24624
node 7	AtA: 14736	cholCost: 32379	addCost: 2728	backsolveCost: 16079
node 8	AtA: 18232	cholCost: 57981	addCost: 4888	backsolveCost: 24826
node 9	AtA: 20854	cholCost: 53322	addCost: 4072	backsolveCost: 24624
node 10	AtA: 20854	cholCost: 53322	addCost: 4072	backsolveCost: 24624
node 11	AtA: 9492	cholCost: 66324	addCost: 14872	backsolveCost: 17388
node 12	AtA: 20854	cholCost: 53322	addCost: 4072	backsolveCost: 24624
node 13	AtA: 20854	cholCost: 53322	addCost: 4072	backsolveCost: 24624
node 14	AtA: 20854	cholCost: 65635	addCost: 3352	backsolveCost: 30984
node 15	AtA: 17358	cholCost: 57981	addCost: 4888	backsolveCost: 24826
node 16	AtA: 20854	cholCost: 53322	addCost: 4072	backsolveCost: 24624
node 17	AtA: 14736	cholCost: 31131	addCost: 2200	backsolveCost: 16002
node 18	AtA: 21728	cholCost: 74745	addCost: 4888	backsolveCost: 31323
node 19	AtA: 4230	cholCost: 75952	addCost: 9112	backsolveCost: 25432
node 20	AtA: 3884	cholCost: 66324	addCost: 14872	backsolveCost: 17388
node 21	AtA: 20854	cholCost: 53322	addCost: 4072	backsolveCost: 24624
node 22	AtA: 20854	cholCost: 53322	addCost: 4072	backsolveCost: 24624
node 23	AtA: 12988	cholCost: 58836	addCost: 10408	backsolveCost: 17003
node 24	AtA: 21728	cholCost: 74745	addCost: 4888	backsolveCost: 31323
node 25	AtA: 20854	cholCost: 53322	addCost: 4072	backsolveCost: 24624
node 26	AtA: 20854	cholCost: 53322	addCost: 4072	backsolveCost: 24624
node 27	AtA: 16484	cholCost: 52490	addCost: 3352	backsolveCost: 24523
node 28	AtA: 20854	cholCost: 53322	addCost: 4072	backsolveCost: 24624
node 29	AtA: 14736	cholCost: 31131	addCost: 2200	backsolveCost: 16002
node 30	AtA: 21728	cholCost: 74745	addCost: 4888	backsolveCost: 31323
node 31	AtA: 16484	cholCost: 126408	addCost: 9112	backsolveCost: 51684
node 32	AtA: 3884	cholCost: 66324	addCost: 14872	backsolveCost: 17388
node 33	AtA: 3884	cholCost: 66324	addCost: 14872	backsolveCost: 17388
node 34	AtA: 10366	cholCost: 132362	addCost: 26392	backsolveCost: 26947
node 35	AtA: 20854	cholCost: 53322	addCost: 4072	backsolveCost: 24624
node 36	AtA: 20854	cholCost: 53322	addCost: 4072	backsolveCost: 24624
node 37	AtA: 20854	cholCost: 53322	addCost: 4072	backsolveCost: 24624
node 38	AtA: 14736	cholCost: 119132	addCost: 13288	backsolveCost: 32453
node 39	AtA: 23476	cholCost: 74745	addCost: 4888	backsolveCost: 31323
node 40	AtA: 14736	cholCost: 31131	addCost: 2200	backsolveCost: 16002
node 41	AtA: 14736	cholCost: 31131	addCost: 2200	backsolveCost: 16002
node 42	AtA: 15610	cholCost: 61808	addCost: 5800	backsolveCost: 24927
node 43	AtA: 19980	cholCost: 98956	addCost: 9112	backsolveCost: 32001
node 44	AtA: 21728	cholCost: 157608	addCost: 13288	backsolveCost: 52280
node 45	AtA: 20854	cholCost: 53322	addCost: 4072	backsolveCost: 24624
node 46	AtA: 14736	cholCost: 32379	addCost: 2728	backsolveCost: 16079
node 47	AtA: 20854	cholCost: 74745	addCost: 4888	backsolveCost: 31323
node 48	AtA: 17358	cholCost: 68464	addCost: 6808	backsolveCost: 25129
node 49	AtA: 13862	cholCost: 88432	addCost: 11800	backsolveCost: 25735
node 50	AtA: 20854	cholCost: 53322	addCost: 4072	backsolveCost: 24624
node 51	AtA: 20854	cholCost: 53322	addCost: 4072	backsolveCost: 24624
node 52	AtA: 14736	cholCost: 32379	addCost: 2728	backsolveCost: 16079
node 53	AtA: 20854	cholCost: 74745	addCost: 4888	backsolveCost: 31323
node 54	AtA: 18232	cholCost: 52490	addCost: 3352	backsolveCost: 24523
node 55	AtA: 17358	cholCost: 57981	addCost: 4888	backsolveCost: 24826
node 56	AtA: 8618	cholCost: 125164	addCost: 14872	backsolveCost: 32679
node 57	AtA: 8618	cholCost: 133276	addCost: 18328	backsolveCost: 33018
node 58	AtA: 6870	cholCost: 111003	addCost: 33448	backsolveCost: 18389
node 59	AtA: 20854	cholCost: 53322	addCost: 4072	backsolveCost: 24624
node 60	AtA: 20854	cholCost: 53322	addCost: 4072	backsolveCost: 24624
node 61	AtA: 20854	cholCost: 53322	addCost: 4072	backsolveCost: 24624
node 62	AtA: 14736	cholCost: 31131	addCost: 2200	backsolveCost: 16002
node 63	AtA: 21728	cholCost: 74745	addCost: 4888	backsolveCost: 31323
node 64	AtA: 14736	cholCost: 31131	addCost: 2200	backsolveCost: 16002
node 65	AtA: 21728	cholCost: 74745	addCost: 4888	backsolveCost: 31323
node 66	AtA: 9492	cholCost: 52596	addCost: 9112	backsolveCost: 16926
node 67	AtA: 14736	cholCost: 107068	addCost: 11800	backsolveCost: 32340
node 68	AtA: 3884	cholCost: 78180	addCost: 18328	backsolveCost: 17619
node 69	AtA: 20854	cholCost: 53322	addCost: 4072	backsolveCost: 24624
node 70	AtA: 20854	cholCost: 53322	addCost: 4072	backsolveCost: 24624
node 71	AtA: 23476	cholCost: 138888	addCost: 10408	backsolveCost: 51833
node 72	AtA: 14736	cholCost: 31131	addCost: 2200	backsolveCost: 16002
node 73	AtA: 21728	cholCost: 74745	addCost: 4888	backsolveCost: 31323
node 74	AtA: 14736	cholCost: 31131	addCost: 2200	backsolveCost: 16002
node 75	AtA: 21728	cholCost: 74745	addCost: 4888	backsolveCost: 31323
node 76	AtA: 14736	cholCost: 98956	addCost: 9112	backsolveCost: 32001
node 77	AtA: 5614	cholCost: 280556	addCost: 31000	backsolveCost: 68680
node 78	AtA: 5614	cholCost: 362552	addCost: 47128	backsolveCost: 70237
node 79	AtA: 23476	cholCost: 74745	addCost: 4888	backsolveCost: 31323
node 80	AtA: 23476	cholCost: 74745	addCost: 4888	backsolveCost: 31323
node 81	AtA: 21728	cholCost: 98956	addCost: 9112	backsolveCost: 32001
node 82	AtA: 14736	cholCost: 101744	addCost: 16552	backsolveCost: 26139
node 83	AtA: 23476	cholCost: 74745	addCost: 4888	backsolveCost: 31323
node 84	AtA: 23476	cholCost: 74745	addCost: 4888	backsolveCost: 31323
node 85	AtA: 13984	cholCost: 6028	addCost: 3352	backsolveCost: 24523
node 86	AtA: 12236	cholCost: 9984	addCost: 5800	backsolveCost: 16541
node 87	AtA: 14858	cholCost: 8268	addCost: 4072	backsolveCost: 24624
node 88	AtA: 17358	cholCost: 61808	addCost: 5800	backsolveCost: 24927
node 89	AtA: 11240	cholCost: 75952	addCost: 9112	backsolveCost: 25432
node 90	AtA: 15610	cholCost: 119132	addCost: 13288	backsolveCost: 32453
node 91	AtA: 16484	cholCost: 156936	addCost: 14872	backsolveCost: 44017
node 92	AtA: 7744	cholCost: 132362	addCost: 26392	backsolveCost: 26947
node 93	AtA: 20854	cholCost: 53322	addCost: 4072	backsolveCost: 24624
node 94	AtA: 14736	cholCost: 31131	addCost: 2200	backsolveCost: 16002
node 95	AtA: 21728	cholCost: 74745	addCost: 4888	backsolveCost: 31323
node 96	AtA: 13862	cholCost: 75952	addCost: 9112	backsolveCost: 25432
node 97	AtA: 20854	cholCost: 53322	addCost: 4072	backsolveCost: 24624
node 98	AtA: 21728	cholCost: 92924	addCost: 7912	backsolveCost: 31775
node 99	AtA: 14736	cholCost: 31131	addCost: 2200	backsolveCost: 16002
node 100	AtA: 21728	cholCost: 74745	addCost: 4888	backsolveCost: 31323
node 101	AtA: 20854	cholCost: 53322	addCost: 4072	backsolveCost: 24624
node 102	AtA: 14736	cholCost: 31131	addCost: 2200	backsolveCost: 16002
node 103	AtA: 21728	cholCost: 74745	addCost: 4888	backsolveCost: 31323
node 104	AtA: 12114	cholCost: 124488	addCost: 9112	backsolveCost: 43195
node 105	AtA: 9492	cholCost: 78180	addCost: 18328	backsolveCost: 17619
node 106	AtA: 4576	cholCost: 133276	addCost: 18328	backsolveCost: 33018
node 107	AtA: 18354	cholCost: 8268	addCost: 4072	backsolveCost: 24624
node 108	AtA: 12988	cholCost: 58836	addCost: 10408	backsolveCost: 17003
node 109	AtA: 20854	cholCost: 53322	addCost: 4072	backsolveCost: 24624
node 110	AtA: 14736	cholCost: 31131	addCost: 2200	backsolveCost: 16002
node 111	AtA: 21728	cholCost: 74745	addCost: 4888	backsolveCost: 31323
node 112	AtA: 12988	cholCost: 64452	addCost: 11800	backsolveCost: 17157
node 113	AtA: 3884	cholCost: 78180	addCost: 18328	backsolveCost: 17619
node 114	AtA: 21728	cholCost: 74745	addCost: 4888	backsolveCost: 31323
node 115	AtA: 21728	cholCost: 74745	addCost: 4888	backsolveCost: 31323
node 116	AtA: 14736	cholCost: 98956	addCost: 9112	backsolveCost: 32001
node 117	AtA: 20854	cholCost: 53322	addCost: 4072	backsolveCost: 24624
node 118	AtA: 18354	cholCost: 8401	addCost: 4072	backsolveCost: 24624
node 119	AtA: 20854	cholCost: 53322	addCost: 4072	backsolveCost: 24624
node 120	AtA: 20854	cholCost: 53322	addCost: 4072	backsolveCost: 24624
node 121	AtA: 23476	cholCost: 138888	addCost: 10408	backsolveCost: 51833
node 122	AtA: 3884	cholCost: 72564	addCost: 16552	backsolveCost: 17465
node 123	AtA: 11240	cholCost: 153369	addCost: 22168	backsolveCost: 33357
node 124	AtA: 4230	cholCost: 159153	addCost: 38632	backsolveCost: 27654
node 125	AtA: 5614	cholCost: 307347	addCost: 38632	backsolveCost: 69372
node 126	AtA: 5960	cholCost: 404273	addCost: 44200	backsolveCost: 80600
node 127	AtA: 17358	cholCost: 663164	addCost: 41368	backsolveCost: 183528
node 128	AtA: 4922	cholCost: 264266	addCost: 41368	backsolveCost: 46483
node 129	AtA: 7344	cholCost: 451664	addCost: 24232	backsolveCost: 141722
node 130	AtA: 26972	cholCost: 526450	addCost: 1192	backsolveCost: 428150
node 131	AtA: 6870	cholCost: 16194	addCost: 1000	backsolveCost: 10977
node 132	AtA: -1	cholCost: 0	addCost: -1	backsolveCost: 1561

