cliques
87
node 0	AtA: 14858	cholCost: 3328	addCost: 2200	backsolveCost: 24220
node 1	AtA: 12236	cholCost: 2688	addCost: 2200	backsolveCost: 16002
node 2	AtA: 19106	cholCost: 52490	addCost: 3352	backsolveCost: 24523
node 3	AtA: 14736	cholCost: 31131	addCost: 2200	backsolveCost: 16002
node 4	AtA: 21728	cholCost: 74745	addCost: 4888	backsolveCost: 31323
node 5	AtA: 17358	cholCost: 68464	addCost: 6808	backsolveCost: 25129
node 6	AtA: 20854	cholCost: 53322	addCost: 4072	backsolveCost: 24624
node 7	AtA: 19980	cholCost: 52490	addCost: 3352	backsolveCost: 24523
node 8	AtA: 14736	cholCost: 31131	addCost: 2200	backsolveCost: 16002
node 9	AtA: 21728	cholCost: 74745	addCost: 4888	backsolveCost: 31323
node 10	AtA: 13862	cholCost: 75952	addCost: 9112	backsolveCost: 25432
node 11	AtA: 14736	cholCost: 107068	addCost: 11800	backsolveCost: 32340
node 12	AtA: 20854	cholCost: 53322	addCost: 4072	backsolveCost: 24624
node 13	AtA: 14736	cholCost: 31131	addCost: 2200	backsolveCost: 16002
node 14	AtA: 14736	cholCost: 31131	addCost: 2200	backsolveCost: 16002
node 15	AtA: 12988	cholCost: 40865	addCost: 4888	backsolveCost: 16464
node 16	AtA: 12988	cholCost: 40865	addCost: 4888	backsolveCost: 16464
node 17	AtA: 15610	cholCost: 40241	addCost: 4072	backsolveCost: 16310
node 18	AtA: 20854	cholCost: 85852	addCost: 6808	backsolveCost: 31662
node 19	AtA: 16484	cholCost: 158856	addCost: 14872	backsolveCost: 52578
node 20	AtA: 20854	cholCost: 53322	addCost: 4072	backsolveCost: 24624
node 21	AtA: 18232	cholCost: 52490	addCost: 3352	backsolveCost: 24523
node 22	AtA: 17358	cholCost: 57981	addCost: 4888	backsolveCost: 24826
node 23	AtA: 14736	cholCost: 32379	addCost: 2728	backsolveCost: 16079
node 24	AtA: 14736	cholCost: 31131	addCost: 2200	backsolveCost: 16002
node 25	AtA: 23476	cholCost: 111432	addCost: 5800	backsolveCost: 50939
node 26	AtA: 20854	cholCost: 98956	addCost: 9112	backsolveCost: 32001
node 27	AtA: 14736	cholCost: 157608	addCost: 13288	backsolveCost: 52280
node 28	AtA: 8618	cholCost: 133276	addCost: 18328	backsolveCost: 33018
node 29	AtA: 20854	cholCost: 53322	addCost: 4072	backsolveCost: 24624
node 30	AtA: 12236	cholCost: 2688	addCost: 2200	backsolveCost: 16002
node 31	AtA: 21728	cholCost: 74745	addCost: 4888	backsolveCost: 31323
node 32	AtA: 19106	cholCost: 124488	addCost: 9112	backsolveCost: 43195
node 33	AtA: 21728	cholCost: 74745	addCost: 4888	backsolveCost: 31323
node 34	AtA: 14736	cholCost: 31131	addCost: 2200	backsolveCost: 16002
node 35	AtA: 21728	cholCost: 74745	addCost: 4888	backsolveCost: 31323
node 36	AtA: 14736	cholCost: 98956	addCost: 9112	backsolveCost: 32001
node 37	AtA: 18232	cholCost: 52490	addCost: 3352	backsolveCost: 24523
node 38	AtA: 17358	cholCost: 57981	addCost: 4888	backsolveCost: 24826
node 39	AtA: 20854	cholCost: 53322	addCost: 4072	backsolveCost: 24624
node 40	AtA: 12988	cholCost: 64452	addCost: 11800	backsolveCost: 17157
node 41	AtA: 18232	cholCost: 52490	addCost: 3352	backsolveCost: 24523
node 42	AtA: 17358	cholCost: 57981	addCost: 4888	backsolveCost: 24826
node 43	AtA: 14736	cholCost: 32379	addCost: 2728	backsolveCost: 16079
node 44	AtA: 20854	cholCost: 74745	addCost: 4888	backsolveCost: 31323
node 45	AtA: 15610	cholCost: 98956	addCost: 9112	backsolveCost: 32001
node 46	AtA: 12988	cholCost: 156936	addCost: 14872	backsolveCost: 44017
node 47	AtA: 4230	cholCost: 101744	addCost: 16552	backsolveCost: 26139
node 48	AtA: 4576	cholCost: 132236	addCost: 16552	backsolveCost: 32792
node 49	AtA: 20854	cholCost: 53322	addCost: 4072	backsolveCost: 24624
node 50	AtA: 18232	cholCost: 52490	addCost: 3352	backsolveCost: 24523
node 51	AtA: 16484	cholCost: 57981	addCost: 4888	backsolveCost: 24826
node 52	AtA: 12988	cholCost: 40865	addCost: 4888	backsolveCost: 16464
node 53	AtA: 13862	cholCost: 75952	addCost: 9112	backsolveCost: 25432
node 54	AtA: 20854	cholCost: 53322	addCost: 4072	backsolveCost: 24624
node 55	AtA: 14736	cholCost: 31131	addCost: 2200	backsolveCost: 16002
node 56	AtA: 14736	cholCost: 31131	addCost: 2200	backsolveCost: 16002
node 57	AtA: 12988	cholCost: 40865	addCost: 4888	backsolveCost: 16464
node 58	AtA: 12988	cholCost: 40865	addCost: 4888	backsolveCost: 16464
node 59	AtA: 13862	cholCost: 75952	addCost: 9112	backsolveCost: 25432
node 60	AtA: 20854	cholCost: 53322	addCost: 4072	backsolveCost: 24624
node 61	AtA: 14736	cholCost: 31131	addCost: 2200	backsolveCost: 16002
node 62	AtA: 21728	cholCost: 74745	addCost: 4888	backsolveCost: 31323
node 63	AtA: 14736	cholCost: 31131	addCost: 2200	backsolveCost: 16002
node 64	AtA: 14736	cholCost: 31131	addCost: 2200	backsolveCost: 16002
node 65	AtA: 21728	cholCost: 74745	addCost: 4888	backsolveCost: 31323
node 66	AtA: 13862	cholCost: 68464	addCost: 6808	backsolveCost: 25129
node 67	AtA: 12988	cholCost: 45732	addCost: 6808	backsolveCost: 16695
node 68	AtA: 14736	cholCost: 107068	addCost: 11800	backsolveCost: 32340
node 69	AtA: 14736	cholCost: 32379	addCost: 2728	backsolveCost: 16079
node 70	AtA: 20854	cholCost: 74745	addCost: 4888	backsolveCost: 31323
node 71	AtA: 14736	cholCost: 32379	addCost: 2728	backsolveCost: 16079
node 72	AtA: 20854	cholCost: 74745	addCost: 4888	backsolveCost: 31323
node 73	AtA: 18232	cholCost: 52490	addCost: 3352	backsolveCost: 24523
node 74	AtA: 17358	cholCost: 57981	addCost: 4888	backsolveCost: 24826
node 75	AtA: 15610	cholCost: 98956	addCost: 9112	backsolveCost: 32001
node 76	AtA: 15610	cholCost: 125164	addCost: 14872	backsolveCost: 32679
node 77	AtA: 4576	cholCost: 132236	addCost: 16552	backsolveCost: 32792
node 78	AtA: 15610	cholCost: 158184	addCost: 16552	backsolveCost: 44154
node 79	AtA: 4576	cholCost: 132236	addCost: 16552	backsolveCost: 32792
node 80	AtA: 8618	cholCost: 132236	addCost: 16552	backsolveCost: 32792
node 81	AtA: 11240	cholCost: 205633	addCost: 16552	backsolveCost: 66777
node 82	AtA: 11240	cholCost: 220526	addCost: 18328	backsolveCost: 67123
node 83	AtA: 15610	cholCost: 225420	addCost: 10408	backsolveCost: 92754
node 84	AtA: 31342	cholCost: 306412	addCost: 1192	backsolveCost: 260345
node 85	AtA: 6870	cholCost: 16194	addCost: 1000	backsolveCost: 10977
node 86	AtA: -1	cholCost: 0	addCost: -1	backsolveCost: 1561

