cliques
67
node 0	AtA: 12236	cholCost: 2688	addCost: 2200	backsolveCost: 16002
node 1	AtA: 16606	cholCost: 5040	addCost: 2728	backsolveCost: 24321
node 2	AtA: 19228	cholCost: 10416	addCost: 4888	backsolveCost: 31323
node 3	AtA: 13984	cholCost: 8268	addCost: 4072	backsolveCost: 24624
node 4	AtA: 12236	cholCost: 2688	addCost: 2200	backsolveCost: 16002
node 5	AtA: 12236	cholCost: 2688	addCost: 2200	backsolveCost: 16002
node 6	AtA: 19228	cholCost: 10416	addCost: 4888	backsolveCost: 31323
node 7	AtA: 24350	cholCost: 88546	addCost: 4072	backsolveCost: 42099
node 8	AtA: 20976	cholCost: 10416	addCost: 4888	backsolveCost: 31323
node 9	AtA: 14736	cholCost: 32379	addCost: 2728	backsolveCost: 16079
node 10	AtA: 20854	cholCost: 74745	addCost: 4888	backsolveCost: 31323
node 11	AtA: 14736	cholCost: 31131	addCost: 2200	backsolveCost: 16002
node 12	AtA: 21728	cholCost: 74745	addCost: 4888	backsolveCost: 31323
node 13	AtA: 14736	cholCost: 32379	addCost: 2728	backsolveCost: 16079
node 14	AtA: 14736	cholCost: 32379	addCost: 2728	backsolveCost: 16079
node 15	AtA: 20854	cholCost: 74745	addCost: 4888	backsolveCost: 31323
node 16	AtA: 13862	cholCost: 68464	addCost: 6808	backsolveCost: 25129
node 17	AtA: 9492	cholCost: 58836	addCost: 10408	backsolveCost: 17003
node 18	AtA: 14736	cholCost: 32379	addCost: 2728	backsolveCost: 16079
node 19	AtA: 20854	cholCost: 74745	addCost: 4888	backsolveCost: 31323
node 20	AtA: 14736	cholCost: 31131	addCost: 2200	backsolveCost: 16002
node 21	AtA: 14736	cholCost: 31131	addCost: 2200	backsolveCost: 16002
node 22	AtA: 21728	cholCost: 74745	addCost: 4888	backsolveCost: 31323
node 23	AtA: 13862	cholCost: 68464	addCost: 6808	backsolveCost: 25129
node 24	AtA: 14736	cholCost: 106028	addCost: 10408	backsolveCost: 32114
node 25	AtA: 14736	cholCost: 31131	addCost: 2200	backsolveCost: 16002
node 26	AtA: 14736	cholCost: 31131	addCost: 2200	backsolveCost: 16002
node 27	AtA: 12988	cholCost: 40865	addCost: 4888	backsolveCost: 16464
node 28	AtA: 12988	cholCost: 40865	addCost: 4888	backsolveCost: 16464
node 29	AtA: 18232	cholCost: 52490	addCost: 3352	backsolveCost: 24523
node 30	AtA: 16484	cholCost: 57981	addCost: 4888	backsolveCost: 24826
node 31	AtA: 18232	cholCost: 52490	addCost: 3352	backsolveCost: 24523
node 32	AtA: 17358	cholCost: 57981	addCost: 4888	backsolveCost: 24826
node 33	AtA: 20854	cholCost: 126408	addCost: 9112	backsolveCost: 51684
node 34	AtA: 14736	cholCost: 32379	addCost: 2728	backsolveCost: 16079
node 35	AtA: 20854	cholCost: 74745	addCost: 4888	backsolveCost: 31323
node 36	AtA: 14736	cholCost: 31131	addCost: 2200	backsolveCost: 16002
node 37	AtA: 21728	cholCost: 74745	addCost: 4888	backsolveCost: 31323
node 38	AtA: 16484	cholCost: 52490	addCost: 3352	backsolveCost: 24523
node 39	AtA: 13862	cholCost: 75952	addCost: 9112	backsolveCost: 25432
node 40	AtA: 14736	cholCost: 32379	addCost: 2728	backsolveCost: 16079
node 41	AtA: 20854	cholCost: 74745	addCost: 4888	backsolveCost: 31323
node 42	AtA: 14736	cholCost: 32379	addCost: 2728	backsolveCost: 16079
node 43	AtA: 20854	cholCost: 74745	addCost: 4888	backsolveCost: 31323
node 44	AtA: 17358	cholCost: 68464	addCost: 6808	backsolveCost: 25129
node 45	AtA: 14736	cholCost: 31131	addCost: 2200	backsolveCost: 16002
node 46	AtA: 21728	cholCost: 74745	addCost: 4888	backsolveCost: 31323
node 47	AtA: 14736	cholCost: 31131	addCost: 2200	backsolveCost: 16002
node 48	AtA: 21728	cholCost: 74745	addCost: 4888	backsolveCost: 31323
node 49	AtA: 9492	cholCost: 52596	addCost: 9112	backsolveCost: 16926
node 50	AtA: 14736	cholCost: 32379	addCost: 2728	backsolveCost: 16079
node 51	AtA: 20854	cholCost: 74745	addCost: 4888	backsolveCost: 31323
node 52	AtA: 14736	cholCost: 32379	addCost: 2728	backsolveCost: 16079
node 53	AtA: 20854	cholCost: 74745	addCost: 4888	backsolveCost: 31323
node 54	AtA: 9492	cholCost: 125736	addCost: 10408	backsolveCost: 43332
node 55	AtA: 3884	cholCost: 58836	addCost: 10408	backsolveCost: 17003
node 56	AtA: 7744	cholCost: 81776	addCost: 10408	backsolveCost: 25533
node 57	AtA: 17358	cholCost: 138888	addCost: 10408	backsolveCost: 51833
node 58	AtA: 12114	cholCost: 202592	addCost: 10408	backsolveCost: 76160
node 59	AtA: 12114	cholCost: 202592	addCost: 10408	backsolveCost: 76160
node 60	AtA: 9492	cholCost: 125736	addCost: 10408	backsolveCost: 43332
node 61	AtA: 3884	cholCost: 58836	addCost: 10408	backsolveCost: 17003
node 62	AtA: 9492	cholCost: 125736	addCost: 10408	backsolveCost: 43332
node 63	AtA: 17358	cholCost: 138888	addCost: 10408	backsolveCost: 51833
node 64	AtA: 22602	cholCost: 232452	addCost: 1192	backsolveCost: 195741
node 65	AtA: 6870	cholCost: 16194	addCost: 1000	backsolveCost: 10977
node 66	AtA: -1	cholCost: 0	addCost: -1	backsolveCost: 1561

