cliques
170
node 0	AtA: 12236	cholCost: 0	addCost: 2200	backsolveCost: 16002
node 1	AtA: 13984	cholCost: 6028	addCost: 3352	backsolveCost: 24523
node 2	AtA: 12236	cholCost: 0	addCost: 2200	backsolveCost: 16002
node 3	AtA: 12236	cholCost: 2688	addCost: 2200	backsolveCost: 16002
node 4	AtA: 12236	cholCost: 2688	addCost: 2200	backsolveCost: 16002
node 5	AtA: 12236	cholCost: 2688	addCost: 2200	backsolveCost: 16002
node 6	AtA: 12236	cholCost: 2688	addCost: 2200	backsolveCost: 16002
node 7	AtA: 18354	cholCost: 8407	addCost: 4072	backsolveCost: 24624
node 8	AtA: 19228	cholCost: 10416	addCost: 4888	backsolveCost: 31323
node 9	AtA: 17480	cholCost: 6028	addCost: 3352	backsolveCost: 24523
node 10	AtA: 12236	cholCost: 2688	addCost: 2200	backsolveCost: 16002
node 11	AtA: 19228	cholCost: 10555	addCost: 4888	backsolveCost: 31323
node 12	AtA: 18354	cholCost: 8268	addCost: 4072	backsolveCost: 24624
node 13	AtA: 20976	cholCost: 10549	addCost: 4888	backsolveCost: 31323
node 14	AtA: 11362	cholCost: 6835	addCost: 4072	backsolveCost: 16310
node 15	AtA: 20854	cholCost: 53322	addCost: 4072	backsolveCost: 24624
node 16	AtA: 20854	cholCost: 53322	addCost: 4072	backsolveCost: 24624
node 17	AtA: 22602	cholCost: 149448	addCost: 13288	backsolveCost: 43743
node 18	AtA: 20854	cholCost: 53322	addCost: 4072	backsolveCost: 24624
node 19	AtA: 20854	cholCost: 53322	addCost: 4072	backsolveCost: 24624
node 20	AtA: 20854	cholCost: 53322	addCost: 4072	backsolveCost: 24624
node 21	AtA: 13862	cholCost: 101744	addCost: 16552	backsolveCost: 26139
node 22	AtA: 11240	cholCost: 172547	addCost: 28648	backsolveCost: 33809
node 23	AtA: 14736	cholCost: 32379	addCost: 2728	backsolveCost: 16079
node 24	AtA: 20854	cholCost: 74745	addCost: 4888	backsolveCost: 31323
node 25	AtA: 20854	cholCost: 53322	addCost: 4072	backsolveCost: 24624
node 26	AtA: 18232	cholCost: 52490	addCost: 3352	backsolveCost: 24523
node 27	AtA: 17358	cholCost: 57981	addCost: 4888	backsolveCost: 24826
node 28	AtA: 17358	cholCost: 150120	addCost: 11800	backsolveCost: 52131
node 29	AtA: 23476	cholCost: 74745	addCost: 4888	backsolveCost: 31323
node 30	AtA: 20854	cholCost: 53322	addCost: 4072	backsolveCost: 24624
node 31	AtA: 12988	cholCost: 64452	addCost: 11800	backsolveCost: 17157
node 32	AtA: 20854	cholCost: 57981	addCost: 4888	backsolveCost: 24826
node 33	AtA: 14736	cholCost: 32379	addCost: 2728	backsolveCost: 16079
node 34	AtA: 20854	cholCost: 74745	addCost: 4888	backsolveCost: 31323
node 35	AtA: 20854	cholCost: 65635	addCost: 3352	backsolveCost: 30984
node 36	AtA: 19980	cholCost: 84812	addCost: 5800	backsolveCost: 31436
node 37	AtA: 20854	cholCost: 138888	addCost: 10408	backsolveCost: 51833
node 38	AtA: 9492	cholCost: 66324	addCost: 14872	backsolveCost: 17388
node 39	AtA: 7744	cholCost: 86292	addCost: 24232	backsolveCost: 17927
node 40	AtA: 20854	cholCost: 53322	addCost: 4072	backsolveCost: 24624
node 41	AtA: 20854	cholCost: 53322	addCost: 4072	backsolveCost: 24624
node 42	AtA: 18232	cholCost: 52490	addCost: 3352	backsolveCost: 24523
node 43	AtA: 17358	cholCost: 57981	addCost: 4888	backsolveCost: 24826
node 44	AtA: 18232	cholCost: 52490	addCost: 3352	backsolveCost: 24523
node 45	AtA: 17358	cholCost: 57981	addCost: 4888	backsolveCost: 24826
node 46	AtA: 8618	cholCost: 125164	addCost: 14872	backsolveCost: 32679
node 47	AtA: 20854	cholCost: 53322	addCost: 4072	backsolveCost: 24624
node 48	AtA: 20854	cholCost: 53322	addCost: 4072	backsolveCost: 24624
node 49	AtA: 22602	cholCost: 149448	addCost: 13288	backsolveCost: 43743
node 50	AtA: 20854	cholCost: 53322	addCost: 4072	backsolveCost: 24624
node 51	AtA: 18232	cholCost: 52490	addCost: 3352	backsolveCost: 24523
node 52	AtA: 16484	cholCost: 57981	addCost: 4888	backsolveCost: 24826
node 53	AtA: 12988	cholCost: 40865	addCost: 4888	backsolveCost: 16464
node 54	AtA: 12988	cholCost: 64452	addCost: 11800	backsolveCost: 17157
node 55	AtA: 12114	cholCost: 165672	addCost: 18328	backsolveCost: 44428
node 56	AtA: 8618	cholCost: 163478	addCost: 26392	backsolveCost: 33696
node 57	AtA: 20854	cholCost: 53322	addCost: 4072	backsolveCost: 24624
node 58	AtA: 20854	cholCost: 53322	addCost: 4072	backsolveCost: 24624
node 59	AtA: 20854	cholCost: 53322	addCost: 4072	backsolveCost: 24624
node 60	AtA: 14736	cholCost: 119132	addCost: 13288	backsolveCost: 32453
node 61	AtA: 20854	cholCost: 53322	addCost: 4072	backsolveCost: 24624
node 62	AtA: 20854	cholCost: 53322	addCost: 4072	backsolveCost: 24624
node 63	AtA: 12988	cholCost: 58836	addCost: 10408	backsolveCost: 17003
node 64	AtA: 21728	cholCost: 74745	addCost: 4888	backsolveCost: 31323
node 65	AtA: 20854	cholCost: 53322	addCost: 4072	backsolveCost: 24624
node 66	AtA: 12988	cholCost: 64452	addCost: 11800	backsolveCost: 17157
node 67	AtA: 11240	cholCost: 133276	addCost: 18328	backsolveCost: 33018
node 68	AtA: 15610	cholCost: 246544	addCost: 35992	backsolveCost: 46072
node 69	AtA: 23476	cholCost: 74745	addCost: 4888	backsolveCost: 31323
node 70	AtA: 20854	cholCost: 53322	addCost: 4072	backsolveCost: 24624
node 71	AtA: 12988	cholCost: 64452	addCost: 11800	backsolveCost: 17157
node 72	AtA: 23476	cholCost: 74745	addCost: 4888	backsolveCost: 31323
node 73	AtA: 23476	cholCost: 74745	addCost: 4888	backsolveCost: 31323
node 74	AtA: 15610	cholCost: 88432	addCost: 11800	backsolveCost: 25735
node 75	AtA: 6870	cholCost: 84420	addCost: 20200	backsolveCost: 17696
node 76	AtA: 20854	cholCost: 57981	addCost: 4888	backsolveCost: 24826
node 77	AtA: 13984	cholCost: 6028	addCost: 3352	backsolveCost: 24523
node 78	AtA: 14858	cholCost: 9647	addCost: 4888	backsolveCost: 24826
node 79	AtA: 20854	cholCost: 126408	addCost: 9112	backsolveCost: 51684
node 80	AtA: 8618	cholCost: 95920	addCost: 14872	backsolveCost: 26038
node 81	AtA: 20854	cholCost: 53322	addCost: 4072	backsolveCost: 24624
node 82	AtA: 20854	cholCost: 53322	addCost: 4072	backsolveCost: 24624
node 83	AtA: 20854	cholCost: 53322	addCost: 4072	backsolveCost: 24624
node 84	AtA: 18354	cholCost: 8407	addCost: 4072	backsolveCost: 24624
node 85	AtA: 22602	cholCost: 149448	addCost: 13288	backsolveCost: 43743
node 86	AtA: 20854	cholCost: 53322	addCost: 4072	backsolveCost: 24624
node 87	AtA: 14736	cholCost: 31131	addCost: 2200	backsolveCost: 16002
node 88	AtA: 21728	cholCost: 74745	addCost: 4888	backsolveCost: 31323
node 89	AtA: 14736	cholCost: 31131	addCost: 2200	backsolveCost: 16002
node 90	AtA: 16484	cholCost: 52490	addCost: 3352	backsolveCost: 24523
node 91	AtA: 21728	cholCost: 74745	addCost: 4888	backsolveCost: 31323
node 92	AtA: 24350	cholCost: 158500	addCost: 9112	backsolveCost: 65566
node 93	AtA: 12114	cholCost: 156936	addCost: 14872	backsolveCost: 44017
node 94	AtA: 4230	cholCost: 115888	addCost: 22168	backsolveCost: 26644
node 95	AtA: 4576	cholCost: 153369	addCost: 22168	backsolveCost: 33357
node 96	AtA: 12114	cholCost: 246544	addCost: 35992	backsolveCost: 46072
node 97	AtA: 10366	cholCost: 266186	addCost: 41368	backsolveCost: 55260
node 98	AtA: 5614	cholCost: 438555	addCost: 66712	backsolveCost: 71794
node 99	AtA: 5268	cholCost: 434916	addCost: 85672	backsolveCost: 58091
node 100	AtA: 20854	cholCost: 53322	addCost: 4072	backsolveCost: 24624
node 101	AtA: 20854	cholCost: 53322	addCost: 4072	backsolveCost: 24624
node 102	AtA: 20854	cholCost: 53322	addCost: 4072	backsolveCost: 24624
node 103	AtA: 14736	cholCost: 119132	addCost: 13288	backsolveCost: 32453
node 104	AtA: 20854	cholCost: 53322	addCost: 4072	backsolveCost: 24624
node 105	AtA: 20854	cholCost: 53322	addCost: 4072	backsolveCost: 24624
node 106	AtA: 21728	cholCost: 92924	addCost: 7912	backsolveCost: 31775
node 107	AtA: 12988	cholCost: 72564	addCost: 16552	backsolveCost: 17465
node 108	AtA: 11240	cholCost: 172547	addCost: 28648	backsolveCost: 33809
node 109	AtA: 20854	cholCost: 53322	addCost: 4072	backsolveCost: 24624
node 110	AtA: 14736	cholCost: 32379	addCost: 2728	backsolveCost: 16079
node 111	AtA: 20854	cholCost: 74745	addCost: 4888	backsolveCost: 31323
node 112	AtA: 18232	cholCost: 52490	addCost: 3352	backsolveCost: 24523
node 113	AtA: 17358	cholCost: 57981	addCost: 4888	backsolveCost: 24826
node 114	AtA: 17358	cholCost: 150120	addCost: 11800	backsolveCost: 52131
node 115	AtA: 20854	cholCost: 53322	addCost: 4072	backsolveCost: 24624
node 116	AtA: 20854	cholCost: 53322	addCost: 4072	backsolveCost: 24624
node 117	AtA: 20854	cholCost: 53322	addCost: 4072	backsolveCost: 24624
node 118	AtA: 13862	cholCost: 101744	addCost: 16552	backsolveCost: 26139
node 119	AtA: 20854	cholCost: 53322	addCost: 4072	backsolveCost: 24624
node 120	AtA: 20854	cholCost: 53322	addCost: 4072	backsolveCost: 24624
node 121	AtA: 12988	cholCost: 58836	addCost: 10408	backsolveCost: 17003
node 122	AtA: 14736	cholCost: 32379	addCost: 2728	backsolveCost: 16079
node 123	AtA: 20854	cholCost: 74745	addCost: 4888	backsolveCost: 31323
node 124	AtA: 18232	cholCost: 52490	addCost: 3352	backsolveCost: 24523
node 125	AtA: 16484	cholCost: 57981	addCost: 4888	backsolveCost: 24826
node 126	AtA: 12988	cholCost: 40865	addCost: 4888	backsolveCost: 16464
node 127	AtA: 13862	cholCost: 75952	addCost: 9112	backsolveCost: 25432
node 128	AtA: 9492	cholCost: 165672	addCost: 18328	backsolveCost: 44428
node 129	AtA: 12114	cholCost: 228822	addCost: 31000	backsolveCost: 45661
node 130	AtA: 9492	cholCost: 228822	addCost: 31000	backsolveCost: 45661
node 131	AtA: 4576	cholCost: 265068	addCost: 59800	backsolveCost: 35730
node 132	AtA: 16484	cholCost: 52490	addCost: 3352	backsolveCost: 24523
node 133	AtA: 12236	cholCost: 2688	addCost: 2200	backsolveCost: 16002
node 134	AtA: 21728	cholCost: 74745	addCost: 4888	backsolveCost: 31323
node 135	AtA: 17358	cholCost: 68464	addCost: 6808	backsolveCost: 25129
node 136	AtA: 14736	cholCost: 98956	addCost: 9112	backsolveCost: 32001
node 137	AtA: 20854	cholCost: 53322	addCost: 4072	backsolveCost: 24624
node 138	AtA: 20854	cholCost: 53322	addCost: 4072	backsolveCost: 24624
node 139	AtA: 23476	cholCost: 138888	addCost: 10408	backsolveCost: 51833
node 140	AtA: 13862	cholCost: 101744	addCost: 16552	backsolveCost: 26139
node 141	AtA: 3884	cholCost: 85044	addCost: 22168	backsolveCost: 17850
node 142	AtA: 20854	cholCost: 53322	addCost: 4072	backsolveCost: 24624
node 143	AtA: 20854	cholCost: 53322	addCost: 4072	backsolveCost: 24624
node 144	AtA: 14736	cholCost: 125164	addCost: 14872	backsolveCost: 32679
node 145	AtA: 20854	cholCost: 53322	addCost: 4072	backsolveCost: 24624
node 146	AtA: 20854	cholCost: 53322	addCost: 4072	backsolveCost: 24624
node 147	AtA: 20854	cholCost: 53322	addCost: 4072	backsolveCost: 24624
node 148	AtA: 3884	cholCost: 52596	addCost: 9112	backsolveCost: 16926
node 149	AtA: 12988	cholCost: 52596	addCost: 9112	backsolveCost: 16926
node 150	AtA: 3884	cholCost: 66324	addCost: 14872	backsolveCost: 17388
node 151	AtA: 4230	cholCost: 132362	addCost: 26392	backsolveCost: 26947
node 152	AtA: 20854	cholCost: 53322	addCost: 4072	backsolveCost: 24624
node 153	AtA: 20854	cholCost: 53322	addCost: 4072	backsolveCost: 24624
node 154	AtA: 12988	cholCost: 58836	addCost: 10408	backsolveCost: 17003
node 155	AtA: 20854	cholCost: 53322	addCost: 4072	backsolveCost: 24624
node 156	AtA: 20854	cholCost: 53322	addCost: 4072	backsolveCost: 24624
node 157	AtA: 20854	cholCost: 53322	addCost: 4072	backsolveCost: 24624
node 158	AtA: 20854	cholCost: 53322	addCost: 4072	backsolveCost: 24624
node 159	AtA: 20854	cholCost: 53322	addCost: 4072	backsolveCost: 24624
node 160	AtA: 23476	cholCost: 138888	addCost: 10408	backsolveCost: 51833
node 161	AtA: 13862	cholCost: 101744	addCost: 16552	backsolveCost: 26139
node 162	AtA: 3884	cholCost: 86292	addCost: 24232	backsolveCost: 17927
node 163	AtA: 6306	cholCost: 517332	addCost: 53272	backsolveCost: 98815
node 164	AtA: 13862	cholCost: 471876	addCost: 74008	backsolveCost: 72313
node 165	AtA: 8036	cholCost: 964182	addCost: 77800	backsolveCost: 188216
node 166	AtA: 24350	cholCost: 1341192	addCost: 53272	backsolveCost: 388146
node 167	AtA: 44452	cholCost: 1488855	addCost: 1192	backsolveCost: 1180397
node 168	AtA: 6870	cholCost: 16194	addCost: 1000	backsolveCost: 10977
node 169	AtA: -1	cholCost: 0	addCost: -1	backsolveCost: 1561

