cliques
162
node 0	AtA: 12236	cholCost: 2688	addCost: 2200	backsolveCost: 16002
node 1	AtA: 12236	cholCost: 0	addCost: 2200	backsolveCost: 16002
node 2	AtA: 12236	cholCost: 2688	addCost: 2200	backsolveCost: 16002
node 3	AtA: 12236	cholCost: 2688	addCost: 2200	backsolveCost: 16002
node 4	AtA: 12236	cholCost: 2688	addCost: 2200	backsolveCost: 16002
node 5	AtA: 19228	cholCost: 10416	addCost: 4888	backsolveCost: 31323
node 6	AtA: 12236	cholCost: 2688	addCost: 2200	backsolveCost: 16002
node 7	AtA: 19228	cholCost: 10416	addCost: 4888	backsolveCost: 31323
node 8	AtA: 12236	cholCost: 2688	addCost: 2200	backsolveCost: 16002
node 9	AtA: 13984	cholCost: 6028	addCost: 3352	backsolveCost: 24523
node 10	AtA: 18354	cholCost: 8401	addCost: 4072	backsolveCost: 24624
node 11	AtA: 16606	cholCost: 5040	addCost: 2728	backsolveCost: 24321
node 12	AtA: 20854	cholCost: 53322	addCost: 4072	backsolveCost: 24624
node 13	AtA: 20854	cholCost: 53322	addCost: 4072	backsolveCost: 24624
node 14	AtA: 20854	cholCost: 53322	addCost: 4072	backsolveCost: 24624
node 15	AtA: 13862	cholCost: 101744	addCost: 16552	backsolveCost: 26139
node 16	AtA: 20854	cholCost: 53322	addCost: 4072	backsolveCost: 24624
node 17	AtA: 20854	cholCost: 53322	addCost: 4072	backsolveCost: 24624
node 18	AtA: 12988	cholCost: 58836	addCost: 10408	backsolveCost: 17003
node 19	AtA: 18232	cholCost: 52490	addCost: 3352	backsolveCost: 24523
node 20	AtA: 16484	cholCost: 57981	addCost: 4888	backsolveCost: 24826
node 21	AtA: 12988	cholCost: 40865	addCost: 4888	backsolveCost: 16464
node 22	AtA: 20854	cholCost: 53322	addCost: 4072	backsolveCost: 24624
node 23	AtA: 20854	cholCost: 53322	addCost: 4072	backsolveCost: 24624
node 24	AtA: 13862	cholCost: 220526	addCost: 18328	backsolveCost: 67123
node 25	AtA: 4576	cholCost: 163478	addCost: 26392	backsolveCost: 33696
node 26	AtA: 20854	cholCost: 53322	addCost: 4072	backsolveCost: 24624
node 27	AtA: 20854	cholCost: 53322	addCost: 4072	backsolveCost: 24624
node 28	AtA: 20854	cholCost: 53322	addCost: 4072	backsolveCost: 24624
node 29	AtA: 20854	cholCost: 53322	addCost: 4072	backsolveCost: 24624
node 30	AtA: 4230	cholCost: 89264	addCost: 13288	backsolveCost: 25836
node 31	AtA: 20854	cholCost: 53322	addCost: 4072	backsolveCost: 24624
node 32	AtA: 19106	cholCost: 52490	addCost: 3352	backsolveCost: 24523
node 33	AtA: 17358	cholCost: 57981	addCost: 4888	backsolveCost: 24826
node 34	AtA: 13862	cholCost: 75952	addCost: 9112	backsolveCost: 25432
node 35	AtA: 14736	cholCost: 31131	addCost: 2200	backsolveCost: 16002
node 36	AtA: 21728	cholCost: 74745	addCost: 4888	backsolveCost: 31323
node 37	AtA: 20854	cholCost: 53322	addCost: 4072	backsolveCost: 24624
node 38	AtA: 14736	cholCost: 31131	addCost: 2200	backsolveCost: 16002
node 39	AtA: 16484	cholCost: 52490	addCost: 3352	backsolveCost: 24523
node 40	AtA: 17358	cholCost: 57981	addCost: 4888	backsolveCost: 24826
node 41	AtA: 4230	cholCost: 75952	addCost: 9112	backsolveCost: 25432
node 42	AtA: 5268	cholCost: 213020	addCost: 26392	backsolveCost: 53919
node 43	AtA: 20854	cholCost: 53322	addCost: 4072	backsolveCost: 24624
node 44	AtA: 20854	cholCost: 53322	addCost: 4072	backsolveCost: 24624
node 45	AtA: 23476	cholCost: 138888	addCost: 10408	backsolveCost: 51833
node 46	AtA: 13862	cholCost: 101744	addCost: 16552	backsolveCost: 26139
node 47	AtA: 14736	cholCost: 31131	addCost: 2200	backsolveCost: 16002
node 48	AtA: 21728	cholCost: 74745	addCost: 4888	backsolveCost: 31323
node 49	AtA: 17358	cholCost: 68464	addCost: 6808	backsolveCost: 25129
node 50	AtA: 20854	cholCost: 53322	addCost: 4072	backsolveCost: 24624
node 51	AtA: 13862	cholCost: 88432	addCost: 11800	backsolveCost: 25735
node 52	AtA: 11240	cholCost: 107068	addCost: 11800	backsolveCost: 32340
node 53	AtA: 4230	cholCost: 115888	addCost: 22168	backsolveCost: 26644
node 54	AtA: 20854	cholCost: 53322	addCost: 4072	backsolveCost: 24624
node 55	AtA: 20854	cholCost: 53322	addCost: 4072	backsolveCost: 24624
node 56	AtA: 16484	cholCost: 52490	addCost: 3352	backsolveCost: 24523
node 57	AtA: 17358	cholCost: 57981	addCost: 4888	backsolveCost: 24826
node 58	AtA: 3884	cholCost: 52596	addCost: 9112	backsolveCost: 16926
node 59	AtA: 9492	cholCost: 64452	addCost: 11800	backsolveCost: 17157
node 60	AtA: 20854	cholCost: 53322	addCost: 4072	backsolveCost: 24624
node 61	AtA: 20854	cholCost: 53322	addCost: 4072	backsolveCost: 24624
node 62	AtA: 20854	cholCost: 53322	addCost: 4072	backsolveCost: 24624
node 63	AtA: 20854	cholCost: 53322	addCost: 4072	backsolveCost: 24624
node 64	AtA: 4230	cholCost: 89264	addCost: 13288	backsolveCost: 25836
node 65	AtA: 10366	cholCost: 132362	addCost: 26392	backsolveCost: 26947
node 66	AtA: 4576	cholCost: 224881	addCost: 47128	backsolveCost: 35052
node 67	AtA: 20854	cholCost: 57981	addCost: 4888	backsolveCost: 24826
node 68	AtA: 20854	cholCost: 53322	addCost: 4072	backsolveCost: 24624
node 69	AtA: 12988	cholCost: 64452	addCost: 11800	backsolveCost: 17157
node 70	AtA: 20854	cholCost: 53322	addCost: 4072	backsolveCost: 24624
node 71	AtA: 14736	cholCost: 32379	addCost: 2728	backsolveCost: 16079
node 72	AtA: 20854	cholCost: 74745	addCost: 4888	backsolveCost: 31323
node 73	AtA: 14736	cholCost: 31131	addCost: 2200	backsolveCost: 16002
node 74	AtA: 14736	cholCost: 40241	addCost: 4072	backsolveCost: 16310
node 75	AtA: 18232	cholCost: 52490	addCost: 3352	backsolveCost: 24523
node 76	AtA: 19980	cholCost: 84812	addCost: 5800	backsolveCost: 31436
node 77	AtA: 12988	cholCost: 69296	addCost: 7912	backsolveCost: 25230
node 78	AtA: 13862	cholCost: 52596	addCost: 9112	backsolveCost: 16926
node 79	AtA: 15610	cholCost: 125164	addCost: 14872	backsolveCost: 32679
node 80	AtA: 13862	cholCost: 115888	addCost: 22168	backsolveCost: 26644
node 81	AtA: 8618	cholCost: 162438	addCost: 24232	backsolveCost: 33470
node 82	AtA: 20854	cholCost: 53322	addCost: 4072	backsolveCost: 24624
node 83	AtA: 20854	cholCost: 53322	addCost: 4072	backsolveCost: 24624
node 84	AtA: 16484	cholCost: 52490	addCost: 3352	backsolveCost: 24523
node 85	AtA: 12988	cholCost: 52596	addCost: 9112	backsolveCost: 16926
node 86	AtA: 20854	cholCost: 53322	addCost: 4072	backsolveCost: 24624
node 87	AtA: 14736	cholCost: 31131	addCost: 2200	backsolveCost: 16002
node 88	AtA: 21728	cholCost: 74745	addCost: 4888	backsolveCost: 31323
node 89	AtA: 19106	cholCost: 124488	addCost: 9112	backsolveCost: 43195
node 90	AtA: 3884	cholCost: 66324	addCost: 14872	backsolveCost: 17388
node 91	AtA: 14736	cholCost: 133276	addCost: 18328	backsolveCost: 33018
node 92	AtA: 20854	cholCost: 53322	addCost: 4072	backsolveCost: 24624
node 93	AtA: 20854	cholCost: 57981	addCost: 4888	backsolveCost: 24826
node 94	AtA: 8740	cholCost: 6708	addCost: 4072	backsolveCost: 16310
node 95	AtA: 23476	cholCost: 74745	addCost: 4888	backsolveCost: 31323
node 96	AtA: 10366	cholCost: 45732	addCost: 6808	backsolveCost: 16695
node 97	AtA: 20854	cholCost: 53322	addCost: 4072	backsolveCost: 24624
node 98	AtA: 23476	cholCost: 74745	addCost: 4888	backsolveCost: 31323
node 99	AtA: 23476	cholCost: 74745	addCost: 4888	backsolveCost: 31323
node 100	AtA: 17358	cholCost: 156936	addCost: 14872	backsolveCost: 44017
node 101	AtA: 10366	cholCost: 228822	addCost: 31000	backsolveCost: 45661
node 102	AtA: 15610	cholCost: 381048	addCost: 31000	backsolveCost: 96307
node 103	AtA: 12988	cholCost: 325420	addCost: 59800	backsolveCost: 47716
node 104	AtA: 20854	cholCost: 53322	addCost: 4072	backsolveCost: 24624
node 105	AtA: 20854	cholCost: 53322	addCost: 4072	backsolveCost: 24624
node 106	AtA: 12988	cholCost: 58836	addCost: 10408	backsolveCost: 17003
node 107	AtA: 20854	cholCost: 53322	addCost: 4072	backsolveCost: 24624
node 108	AtA: 20854	cholCost: 53322	addCost: 4072	backsolveCost: 24624
node 109	AtA: 23476	cholCost: 138888	addCost: 10408	backsolveCost: 51833
node 110	AtA: 20854	cholCost: 53322	addCost: 4072	backsolveCost: 24624
node 111	AtA: 16484	cholCost: 52490	addCost: 3352	backsolveCost: 24523
node 112	AtA: 12988	cholCost: 52596	addCost: 9112	backsolveCost: 16926
node 113	AtA: 3884	cholCost: 52596	addCost: 9112	backsolveCost: 16926
node 114	AtA: 20854	cholCost: 53322	addCost: 4072	backsolveCost: 24624
node 115	AtA: 14736	cholCost: 31131	addCost: 2200	backsolveCost: 16002
node 116	AtA: 21728	cholCost: 74745	addCost: 4888	backsolveCost: 31323
node 117	AtA: 20854	cholCost: 53322	addCost: 4072	backsolveCost: 24624
node 118	AtA: 20854	cholCost: 53322	addCost: 4072	backsolveCost: 24624
node 119	AtA: 22602	cholCost: 149448	addCost: 13288	backsolveCost: 43743
node 120	AtA: 12114	cholCost: 165672	addCost: 18328	backsolveCost: 44428
node 121	AtA: 4230	cholCost: 115888	addCost: 22168	backsolveCost: 26644
node 122	AtA: 5268	cholCost: 266186	addCost: 41368	backsolveCost: 55260
node 123	AtA: 20854	cholCost: 53322	addCost: 4072	backsolveCost: 24624
node 124	AtA: 20854	cholCost: 53322	addCost: 4072	backsolveCost: 24624
node 125	AtA: 20854	cholCost: 53322	addCost: 4072	backsolveCost: 24624
node 126	AtA: 20854	cholCost: 53322	addCost: 4072	backsolveCost: 24624
node 127	AtA: 4230	cholCost: 89264	addCost: 13288	backsolveCost: 25836
node 128	AtA: 20854	cholCost: 53322	addCost: 4072	backsolveCost: 24624
node 129	AtA: 20854	cholCost: 53322	addCost: 4072	backsolveCost: 24624
node 130	AtA: 20854	cholCost: 53322	addCost: 4072	backsolveCost: 24624
node 131	AtA: 20854	cholCost: 53322	addCost: 4072	backsolveCost: 24624
node 132	AtA: 4230	cholCost: 89264	addCost: 13288	backsolveCost: 25836
node 133	AtA: 14736	cholCost: 31131	addCost: 2200	backsolveCost: 16002
node 134	AtA: 16484	cholCost: 52490	addCost: 3352	backsolveCost: 24523
node 135	AtA: 20854	cholCost: 53322	addCost: 4072	backsolveCost: 24624
node 136	AtA: 20854	cholCost: 53322	addCost: 4072	backsolveCost: 24624
node 137	AtA: 14736	cholCost: 107068	addCost: 11800	backsolveCost: 32340
node 138	AtA: 20854	cholCost: 53322	addCost: 4072	backsolveCost: 24624
node 139	AtA: 20854	cholCost: 53322	addCost: 4072	backsolveCost: 24624
node 140	AtA: 20854	cholCost: 53322	addCost: 4072	backsolveCost: 24624
node 141	AtA: 20854	cholCost: 53322	addCost: 4072	backsolveCost: 24624
node 142	AtA: 22602	cholCost: 149448	addCost: 13288	backsolveCost: 43743
node 143	AtA: 3884	cholCost: 84420	addCost: 20200	backsolveCost: 17696
node 144	AtA: 20854	cholCost: 53322	addCost: 4072	backsolveCost: 24624
node 145	AtA: 14736	cholCost: 31131	addCost: 2200	backsolveCost: 16002
node 146	AtA: 21728	cholCost: 74745	addCost: 4888	backsolveCost: 31323
node 147	AtA: 14736	cholCost: 31131	addCost: 2200	backsolveCost: 16002
node 148	AtA: 21728	cholCost: 74745	addCost: 4888	backsolveCost: 31323
node 149	AtA: 14736	cholCost: 31131	addCost: 2200	backsolveCost: 16002
node 150	AtA: 21728	cholCost: 74745	addCost: 4888	backsolveCost: 31323
node 151	AtA: 14736	cholCost: 98956	addCost: 9112	backsolveCost: 32001
node 152	AtA: 12114	cholCost: 156936	addCost: 14872	backsolveCost: 44017
node 153	AtA: 12114	cholCost: 228822	addCost: 31000	backsolveCost: 45661
node 154	AtA: 4922	cholCost: 228822	addCost: 31000	backsolveCost: 45661
node 155	AtA: 5960	cholCost: 444875	addCost: 53272	backsolveCost: 81525
node 156	AtA: 6306	cholCost: 595332	addCost: 70312	backsolveCost: 100278
node 157	AtA: 8728	cholCost: 1057584	addCost: 66712	backsolveCost: 231063
node 158	AtA: 8382	cholCost: 811404	addCost: 50152	backsolveCost: 210006
node 159	AtA: 36586	cholCost: 1047676	addCost: 1192	backsolveCost: 851091
node 160	AtA: 6870	cholCost: 16194	addCost: 1000	backsolveCost: 10977
node 161	AtA: -1	cholCost: 0	addCost: -1	backsolveCost: 1561

