cliques
122
node 0	AtA: 14858	cholCost: 0	addCost: 2200	backsolveCost: 24220
node 1	AtA: 12236	cholCost: 4884	addCost: 3352	backsolveCost: 16233
node 2	AtA: 12236	cholCost: 2688	addCost: 2200	backsolveCost: 16002
node 3	AtA: 12236	cholCost: 2688	addCost: 2200	backsolveCost: 16002
node 4	AtA: 13984	cholCost: 9695	addCost: 4888	backsolveCost: 24826
node 5	AtA: 12236	cholCost: 2688	addCost: 2200	backsolveCost: 16002
node 6	AtA: 12236	cholCost: 2688	addCost: 2200	backsolveCost: 16002
node 7	AtA: 13984	cholCost: 6028	addCost: 3352	backsolveCost: 24523
node 8	AtA: 14858	cholCost: 9520	addCost: 4888	backsolveCost: 24826
node 9	AtA: 12236	cholCost: 14089	addCost: 7912	backsolveCost: 16772
node 10	AtA: 18354	cholCost: 8473	addCost: 4072	backsolveCost: 24624
node 11	AtA: 20854	cholCost: 53322	addCost: 4072	backsolveCost: 24624
node 12	AtA: 15610	cholCost: 51972	addCost: 7912	backsolveCost: 16772
node 13	AtA: 20854	cholCost: 53322	addCost: 4072	backsolveCost: 24624
node 14	AtA: 20854	cholCost: 53322	addCost: 4072	backsolveCost: 24624
node 15	AtA: 19106	cholCost: 52490	addCost: 3352	backsolveCost: 24523
node 16	AtA: 14736	cholCost: 32379	addCost: 2728	backsolveCost: 16079
node 17	AtA: 22602	cholCost: 70710	addCost: 4072	backsolveCost: 31097
node 18	AtA: 11240	cholCost: 45108	addCost: 5800	backsolveCost: 16541
node 19	AtA: 13862	cholCost: 81776	addCost: 10408	backsolveCost: 25533
node 20	AtA: 6870	cholCost: 78180	addCost: 18328	backsolveCost: 17619
node 21	AtA: 6870	cholCost: 85044	addCost: 22168	backsolveCost: 17850
node 22	AtA: 20854	cholCost: 53322	addCost: 4072	backsolveCost: 24624
node 23	AtA: 18354	cholCost: 8395	addCost: 4072	backsolveCost: 24624
node 24	AtA: 20854	cholCost: 53322	addCost: 4072	backsolveCost: 24624
node 25	AtA: 20854	cholCost: 53322	addCost: 4072	backsolveCost: 24624
node 26	AtA: 16484	cholCost: 52490	addCost: 3352	backsolveCost: 24523
node 27	AtA: 17358	cholCost: 57981	addCost: 4888	backsolveCost: 24826
node 28	AtA: 13862	cholCost: 75952	addCost: 9112	backsolveCost: 25432
node 29	AtA: 3884	cholCost: 66324	addCost: 14872	backsolveCost: 17388
node 30	AtA: 12988	cholCost: 204783	addCost: 24232	backsolveCost: 53621
node 31	AtA: 21728	cholCost: 74745	addCost: 4888	backsolveCost: 31323
node 32	AtA: 17358	cholCost: 68464	addCost: 6808	backsolveCost: 25129
node 33	AtA: 20854	cholCost: 53322	addCost: 4072	backsolveCost: 24624
node 34	AtA: 20854	cholCost: 53322	addCost: 4072	backsolveCost: 24624
node 35	AtA: 21728	cholCost: 92924	addCost: 7912	backsolveCost: 31775
node 36	AtA: 19106	cholCost: 149448	addCost: 13288	backsolveCost: 43743
node 37	AtA: 3884	cholCost: 102766	addCost: 31000	backsolveCost: 18312
node 38	AtA: 23476	cholCost: 74745	addCost: 4888	backsolveCost: 31323
node 39	AtA: 23476	cholCost: 74745	addCost: 4888	backsolveCost: 31323
node 40	AtA: 20854	cholCost: 53322	addCost: 4072	backsolveCost: 24624
node 41	AtA: 18354	cholCost: 8401	addCost: 4072	backsolveCost: 24624
node 42	AtA: 23476	cholCost: 138888	addCost: 10408	backsolveCost: 51833
node 43	AtA: 20854	cholCost: 53322	addCost: 4072	backsolveCost: 24624
node 44	AtA: 14736	cholCost: 32379	addCost: 2728	backsolveCost: 16079
node 45	AtA: 20854	cholCost: 74745	addCost: 4888	backsolveCost: 31323
node 46	AtA: 18232	cholCost: 52490	addCost: 3352	backsolveCost: 24523
node 47	AtA: 17358	cholCost: 57981	addCost: 4888	backsolveCost: 24826
node 48	AtA: 14736	cholCost: 32379	addCost: 2728	backsolveCost: 16079
node 49	AtA: 20854	cholCost: 74745	addCost: 4888	backsolveCost: 31323
node 50	AtA: 15610	cholCost: 98956	addCost: 9112	backsolveCost: 32001
node 51	AtA: 7744	cholCost: 95920	addCost: 14872	backsolveCost: 26038
node 52	AtA: 3884	cholCost: 85044	addCost: 22168	backsolveCost: 17850
node 53	AtA: 11240	cholCost: 247216	addCost: 33448	backsolveCost: 54515
node 54	AtA: 12988	cholCost: 427475	addCost: 38632	backsolveCost: 97143
node 55	AtA: 20854	cholCost: 53322	addCost: 4072	backsolveCost: 24624
node 56	AtA: 14736	cholCost: 31131	addCost: 2200	backsolveCost: 16002
node 57	AtA: 21728	cholCost: 74745	addCost: 4888	backsolveCost: 31323
node 58	AtA: 14736	cholCost: 31131	addCost: 2200	backsolveCost: 16002
node 59	AtA: 21728	cholCost: 74745	addCost: 4888	backsolveCost: 31323
node 60	AtA: 9492	cholCost: 52596	addCost: 9112	backsolveCost: 16926
node 61	AtA: 14736	cholCost: 107068	addCost: 11800	backsolveCost: 32340
node 62	AtA: 20854	cholCost: 53322	addCost: 4072	backsolveCost: 24624
node 63	AtA: 20854	cholCost: 53322	addCost: 4072	backsolveCost: 24624
node 64	AtA: 14736	cholCost: 32379	addCost: 2728	backsolveCost: 16079
node 65	AtA: 20854	cholCost: 74745	addCost: 4888	backsolveCost: 31323
node 66	AtA: 14736	cholCost: 125164	addCost: 14872	backsolveCost: 32679
node 67	AtA: 20854	cholCost: 53322	addCost: 4072	backsolveCost: 24624
node 68	AtA: 20854	cholCost: 53322	addCost: 4072	backsolveCost: 24624
node 69	AtA: 22602	cholCost: 149448	addCost: 13288	backsolveCost: 43743
node 70	AtA: 18232	cholCost: 52490	addCost: 3352	backsolveCost: 24523
node 71	AtA: 16484	cholCost: 57981	addCost: 4888	backsolveCost: 24826
node 72	AtA: 12988	cholCost: 40865	addCost: 4888	backsolveCost: 16464
node 73	AtA: 20854	cholCost: 53322	addCost: 4072	backsolveCost: 24624
node 74	AtA: 14736	cholCost: 32379	addCost: 2728	backsolveCost: 16079
node 75	AtA: 19980	cholCost: 74745	addCost: 4888	backsolveCost: 31323
node 76	AtA: 12988	cholCost: 40865	addCost: 4888	backsolveCost: 16464
node 77	AtA: 13862	cholCost: 75952	addCost: 9112	backsolveCost: 25432
node 78	AtA: 11240	cholCost: 88432	addCost: 11800	backsolveCost: 25735
node 79	AtA: 4230	cholCost: 108400	addCost: 18328	backsolveCost: 26341
node 80	AtA: 7744	cholCost: 141847	addCost: 31000	backsolveCost: 27250
node 81	AtA: 12988	cholCost: 247216	addCost: 33448	backsolveCost: 54515
node 82	AtA: 20854	cholCost: 53322	addCost: 4072	backsolveCost: 24624
node 83	AtA: 14736	cholCost: 32379	addCost: 2728	backsolveCost: 16079
node 84	AtA: 20854	cholCost: 74745	addCost: 4888	backsolveCost: 31323
node 85	AtA: 20854	cholCost: 53322	addCost: 4072	backsolveCost: 24624
node 86	AtA: 18232	cholCost: 52490	addCost: 3352	backsolveCost: 24523
node 87	AtA: 17358	cholCost: 57981	addCost: 4888	backsolveCost: 24826
node 88	AtA: 20854	cholCost: 53322	addCost: 4072	backsolveCost: 24624
node 89	AtA: 14736	cholCost: 32379	addCost: 2728	backsolveCost: 16079
node 90	AtA: 20854	cholCost: 74745	addCost: 4888	backsolveCost: 31323
node 91	AtA: 7744	cholCost: 75952	addCost: 9112	backsolveCost: 25432
node 92	AtA: 13862	cholCost: 95920	addCost: 14872	backsolveCost: 26038
node 93	AtA: 12988	cholCost: 193378	addCost: 22168	backsolveCost: 44839
node 94	AtA: 20854	cholCost: 53322	addCost: 4072	backsolveCost: 24624
node 95	AtA: 20854	cholCost: 53322	addCost: 4072	backsolveCost: 24624
node 96	AtA: 23476	cholCost: 138888	addCost: 10408	backsolveCost: 51833
node 97	AtA: 14736	cholCost: 31131	addCost: 2200	backsolveCost: 16002
node 98	AtA: 21728	cholCost: 74745	addCost: 4888	backsolveCost: 31323
node 99	AtA: 20854	cholCost: 53322	addCost: 4072	backsolveCost: 24624
node 100	AtA: 14736	cholCost: 31131	addCost: 2200	backsolveCost: 16002
node 101	AtA: 21728	cholCost: 74745	addCost: 4888	backsolveCost: 31323
node 102	AtA: 4230	cholCost: 75952	addCost: 9112	backsolveCost: 25432
node 103	AtA: 20854	cholCost: 53322	addCost: 4072	backsolveCost: 24624
node 104	AtA: 20854	cholCost: 53322	addCost: 4072	backsolveCost: 24624
node 105	AtA: 16484	cholCost: 52490	addCost: 3352	backsolveCost: 24523
node 106	AtA: 12988	cholCost: 52596	addCost: 9112	backsolveCost: 16926
node 107	AtA: 20854	cholCost: 53322	addCost: 4072	backsolveCost: 24624
node 108	AtA: 14736	cholCost: 31131	addCost: 2200	backsolveCost: 16002
node 109	AtA: 16484	cholCost: 52490	addCost: 3352	backsolveCost: 24523
node 110	AtA: 17358	cholCost: 57981	addCost: 4888	backsolveCost: 24826
node 111	AtA: 13862	cholCost: 75952	addCost: 9112	backsolveCost: 25432
node 112	AtA: 3884	cholCost: 66324	addCost: 14872	backsolveCost: 17388
node 113	AtA: 14736	cholCost: 133276	addCost: 18328	backsolveCost: 33018
node 114	AtA: 5614	cholCost: 280556	addCost: 31000	backsolveCost: 68680
node 115	AtA: 5614	cholCost: 295990	addCost: 33448	backsolveCost: 68853
node 116	AtA: 14736	cholCost: 471516	addCost: 33448	backsolveCost: 128787
node 117	AtA: 14736	cholCost: 493731	addCost: 38632	backsolveCost: 129522
node 118	AtA: 16484	cholCost: 411852	addCost: 20200	backsolveCost: 140951
node 119	AtA: 26972	cholCost: 343080	addCost: 1192	backsolveCost: 289947
node 120	AtA: 6870	cholCost: 16194	addCost: 1000	backsolveCost: 10977
node 121	AtA: -1	cholCost: 0	addCost: -1	backsolveCost: 1561

