cliques
102
node 0	AtA: 14858	cholCost: 0	addCost: 2200	backsolveCost: 24220
node 1	AtA: 12236	cholCost: 0	addCost: 3352	backsolveCost: 16233
node 2	AtA: 12236	cholCost: 0	addCost: 2200	backsolveCost: 16002
node 3	AtA: 12236	cholCost: 2688	addCost: 2200	backsolveCost: 16002
node 4	AtA: 13984	cholCost: 6028	addCost: 3352	backsolveCost: 24523
node 5	AtA: 14858	cholCost: 9520	addCost: 4888	backsolveCost: 24826
node 6	AtA: 19228	cholCost: 0	addCost: 6808	backsolveCost: 31662
node 7	AtA: 7866	cholCost: 19019	addCost: 9112	backsolveCost: 25432
node 8	AtA: 12236	cholCost: 2688	addCost: 2200	backsolveCost: 16002
node 9	AtA: 13984	cholCost: 6028	addCost: 3352	backsolveCost: 24523
node 10	AtA: 20854	cholCost: 53322	addCost: 4072	backsolveCost: 24624
node 11	AtA: 19106	cholCost: 52490	addCost: 3352	backsolveCost: 24523
node 12	AtA: 17358	cholCost: 57981	addCost: 4888	backsolveCost: 24826
node 13	AtA: 23476	cholCost: 74745	addCost: 4888	backsolveCost: 31323
node 14	AtA: 14736	cholCost: 32379	addCost: 2728	backsolveCost: 16079
node 15	AtA: 14736	cholCost: 31131	addCost: 2200	backsolveCost: 16002
node 16	AtA: 23476	cholCost: 111432	addCost: 5800	backsolveCost: 50939
node 17	AtA: 20854	cholCost: 53322	addCost: 4072	backsolveCost: 24624
node 18	AtA: 20854	cholCost: 53322	addCost: 4072	backsolveCost: 24624
node 19	AtA: 16484	cholCost: 52490	addCost: 3352	backsolveCost: 24523
node 20	AtA: 12988	cholCost: 52596	addCost: 9112	backsolveCost: 16926
node 21	AtA: 20854	cholCost: 53322	addCost: 4072	backsolveCost: 24624
node 22	AtA: 14736	cholCost: 31131	addCost: 2200	backsolveCost: 16002
node 23	AtA: 16484	cholCost: 52490	addCost: 3352	backsolveCost: 24523
node 24	AtA: 17358	cholCost: 57981	addCost: 4888	backsolveCost: 24826
node 25	AtA: 4230	cholCost: 95920	addCost: 14872	backsolveCost: 26038
node 26	AtA: 15610	cholCost: 156936	addCost: 14872	backsolveCost: 44017
node 27	AtA: 20854	cholCost: 53322	addCost: 4072	backsolveCost: 24624
node 28	AtA: 20854	cholCost: 53322	addCost: 4072	backsolveCost: 24624
node 29	AtA: 20854	cholCost: 53322	addCost: 4072	backsolveCost: 24624
node 30	AtA: 21728	cholCost: 85852	addCost: 6808	backsolveCost: 31662
node 31	AtA: 12114	cholCost: 165672	addCost: 18328	backsolveCost: 44428
node 32	AtA: 20854	cholCost: 53322	addCost: 4072	backsolveCost: 24624
node 33	AtA: 20854	cholCost: 53322	addCost: 4072	backsolveCost: 24624
node 34	AtA: 20854	cholCost: 53322	addCost: 4072	backsolveCost: 24624
node 35	AtA: 14736	cholCost: 32379	addCost: 2728	backsolveCost: 16079
node 36	AtA: 19980	cholCost: 74745	addCost: 4888	backsolveCost: 31323
node 37	AtA: 12988	cholCost: 40865	addCost: 4888	backsolveCost: 16464
node 38	AtA: 14736	cholCost: 32379	addCost: 2728	backsolveCost: 16079
node 39	AtA: 20854	cholCost: 74745	addCost: 4888	backsolveCost: 31323
node 40	AtA: 15610	cholCost: 98956	addCost: 9112	backsolveCost: 32001
node 41	AtA: 11240	cholCost: 125164	addCost: 14872	backsolveCost: 32679
node 42	AtA: 14736	cholCost: 133276	addCost: 18328	backsolveCost: 33018
node 43	AtA: 4922	cholCost: 194626	addCost: 24232	backsolveCost: 44976
node 44	AtA: 4922	cholCost: 212348	addCost: 28648	backsolveCost: 45387
node 45	AtA: 20854	cholCost: 53322	addCost: 4072	backsolveCost: 24624
node 46	AtA: 15610	cholCost: 51972	addCost: 7912	backsolveCost: 16772
node 47	AtA: 12114	cholCost: 101744	addCost: 16552	backsolveCost: 26139
node 48	AtA: 14736	cholCost: 31131	addCost: 2200	backsolveCost: 16002
node 49	AtA: 16484	cholCost: 52490	addCost: 3352	backsolveCost: 24523
node 50	AtA: 21728	cholCost: 85852	addCost: 6808	backsolveCost: 31662
node 51	AtA: 20854	cholCost: 53322	addCost: 4072	backsolveCost: 24624
node 52	AtA: 20854	cholCost: 53322	addCost: 4072	backsolveCost: 24624
node 53	AtA: 23476	cholCost: 138888	addCost: 10408	backsolveCost: 51833
node 54	AtA: 9492	cholCost: 78180	addCost: 18328	backsolveCost: 17619
node 55	AtA: 18232	cholCost: 52490	addCost: 3352	backsolveCost: 24523
node 56	AtA: 17358	cholCost: 57981	addCost: 4888	backsolveCost: 24826
node 57	AtA: 14736	cholCost: 32379	addCost: 2728	backsolveCost: 16079
node 58	AtA: 20854	cholCost: 74745	addCost: 4888	backsolveCost: 31323
node 59	AtA: 20854	cholCost: 53322	addCost: 4072	backsolveCost: 24624
node 60	AtA: 14736	cholCost: 32379	addCost: 2728	backsolveCost: 16079
node 61	AtA: 20854	cholCost: 74745	addCost: 4888	backsolveCost: 31323
node 62	AtA: 17358	cholCost: 68464	addCost: 6808	backsolveCost: 25129
node 63	AtA: 13862	cholCost: 88432	addCost: 11800	backsolveCost: 25735
node 64	AtA: 9492	cholCost: 133276	addCost: 18328	backsolveCost: 33018
node 65	AtA: 4922	cholCost: 194626	addCost: 24232	backsolveCost: 44976
node 66	AtA: 14736	cholCost: 296110	addCost: 26392	backsolveCost: 78750
node 67	AtA: 20854	cholCost: 53322	addCost: 4072	backsolveCost: 24624
node 68	AtA: 21728	cholCost: 92924	addCost: 7912	backsolveCost: 31775
node 69	AtA: 20854	cholCost: 53322	addCost: 4072	backsolveCost: 24624
node 70	AtA: 14736	cholCost: 31131	addCost: 2200	backsolveCost: 16002
node 71	AtA: 21728	cholCost: 74745	addCost: 4888	backsolveCost: 31323
node 72	AtA: 14736	cholCost: 31131	addCost: 2200	backsolveCost: 16002
node 73	AtA: 21728	cholCost: 74745	addCost: 4888	backsolveCost: 31323
node 74	AtA: 9492	cholCost: 52596	addCost: 9112	backsolveCost: 16926
node 75	AtA: 14736	cholCost: 107068	addCost: 11800	backsolveCost: 32340
node 76	AtA: 20854	cholCost: 53322	addCost: 4072	backsolveCost: 24624
node 77	AtA: 14736	cholCost: 31131	addCost: 2200	backsolveCost: 16002
node 78	AtA: 21728	cholCost: 74745	addCost: 4888	backsolveCost: 31323
node 79	AtA: 14736	cholCost: 31131	addCost: 2200	backsolveCost: 16002
node 80	AtA: 21728	cholCost: 74745	addCost: 4888	backsolveCost: 31323
node 81	AtA: 14736	cholCost: 98956	addCost: 9112	backsolveCost: 32001
node 82	AtA: 13862	cholCost: 95920	addCost: 14872	backsolveCost: 26038
node 83	AtA: 20854	cholCost: 53322	addCost: 4072	backsolveCost: 24624
node 84	AtA: 14736	cholCost: 32379	addCost: 2728	backsolveCost: 16079
node 85	AtA: 19980	cholCost: 74745	addCost: 4888	backsolveCost: 31323
node 86	AtA: 12988	cholCost: 40865	addCost: 4888	backsolveCost: 16464
node 87	AtA: 20854	cholCost: 53322	addCost: 4072	backsolveCost: 24624
node 88	AtA: 14736	cholCost: 32379	addCost: 2728	backsolveCost: 16079
node 89	AtA: 20854	cholCost: 74745	addCost: 4888	backsolveCost: 31323
node 90	AtA: 18232	cholCost: 52490	addCost: 3352	backsolveCost: 24523
node 91	AtA: 16484	cholCost: 57981	addCost: 4888	backsolveCost: 24826
node 92	AtA: 12988	cholCost: 40865	addCost: 4888	backsolveCost: 16464
node 93	AtA: 17358	cholCost: 150120	addCost: 11800	backsolveCost: 52131
node 94	AtA: 12114	cholCost: 153369	addCost: 22168	backsolveCost: 33357
node 95	AtA: 4576	cholCost: 172547	addCost: 28648	backsolveCost: 33809
node 96	AtA: 6998	cholCost: 399130	addCost: 24232	backsolveCost: 127317
node 97	AtA: 12988	cholCost: 347476	addCost: 26392	backsolveCost: 95680
node 98	AtA: 16484	cholCost: 391748	addCost: 13288	backsolveCost: 161451
node 99	AtA: 30468	cholCost: 430144	addCost: 1192	backsolveCost: 367607
node 100	AtA: 6870	cholCost: 16194	addCost: 1000	backsolveCost: 10977
node 101	AtA: -1	cholCost: 0	addCost: -1	backsolveCost: 1561

