cliques
18
node 0	AtA: 10366	cholCost: 22645	addCost: 1192	backsolveCost: 15617
node 1	AtA: 9492	cholCost: 22645	addCost: 1192	backsolveCost: 15617
node 2	AtA: 9492	cholCost: 22645	addCost: 1192	backsolveCost: 15617
node 3	AtA: 9492	cholCost: 22645	addCost: 1192	backsolveCost: 15617
node 4	AtA: 9492	cholCost: 22645	addCost: 1192	backsolveCost: 15617
node 5	AtA: 9492	cholCost: 22645	addCost: 1192	backsolveCost: 15617
node 6	AtA: 9492	cholCost: 22645	addCost: 1192	backsolveCost: 15617
node 7	AtA: 11240	cholCost: 26264	addCost: 1432	backsolveCost: 15771
node 8	AtA: 11240	cholCost: 26264	addCost: 1432	backsolveCost: 15771
node 9	AtA: 11240	cholCost: 26264	addCost: 1432	backsolveCost: 15771
node 10	AtA: 11240	cholCost: 26264	addCost: 1432	backsolveCost: 15771
node 11	AtA: 11240	cholCost: 26264	addCost: 1432	backsolveCost: 15771
node 12	AtA: 11240	cholCost: 26264	addCost: 1432	backsolveCost: 15771
node 13	AtA: 11240	cholCost: 26264	addCost: 1432	backsolveCost: 15771
node 14	AtA: 11240	cholCost: 26264	addCost: 1432	backsolveCost: 15771
node 15	AtA: 11240	cholCost: 26264	addCost: 1432	backsolveCost: 15771
node 16	AtA: 13862	cholCost: 37265	addCost: 1000	backsolveCost: 29741
node 17	AtA: -1	cholCost: 0	addCost: -1	backsolveCost: 1561

