cliques
27
node 0	AtA: 24350	cholCost: 84975	addCost: 2728	backsolveCost: 50045
node 1	AtA: 24350	cholCost: 84975	addCost: 2728	backsolveCost: 50045
node 2	AtA: 12114	cholCost: 32379	addCost: 2728	backsolveCost: 16079
node 3	AtA: 24350	cholCost: 84975	addCost: 2728	backsolveCost: 50045
node 4	AtA: 12114	cholCost: 32379	addCost: 2728	backsolveCost: 16079
node 5	AtA: 24350	cholCost: 84975	addCost: 2728	backsolveCost: 50045
node 6	AtA: 12114	cholCost: 32379	addCost: 2728	backsolveCost: 16079
node 7	AtA: 24350	cholCost: 84975	addCost: 2728	backsolveCost: 50045
node 8	AtA: 12114	cholCost: 32379	addCost: 2728	backsolveCost: 16079
node 9	AtA: 24350	cholCost: 84975	addCost: 2728	backsolveCost: 50045
node 10	AtA: 12114	cholCost: 32379	addCost: 2728	backsolveCost: 16079
node 11	AtA: 24350	cholCost: 84975	addCost: 2728	backsolveCost: 50045
node 12	AtA: 12114	cholCost: 32379	addCost: 2728	backsolveCost: 16079
node 13	AtA: 17358	cholCost: 44004	addCost: 2200	backsolveCost: 24220
node 14	AtA: 24350	cholCost: 84975	addCost: 2728	backsolveCost: 50045
node 15	AtA: 12114	cholCost: 32379	addCost: 2728	backsolveCost: 16079
node 16	AtA: 14736	cholCost: 47831	addCost: 2728	backsolveCost: 24321
node 17	AtA: 11240	cholCost: 47831	addCost: 2728	backsolveCost: 24321
node 18	AtA: 8618	cholCost: 32379	addCost: 2728	backsolveCost: 16079
node 19	AtA: 12988	cholCost: 64595	addCost: 2728	backsolveCost: 30758
node 20	AtA: 12988	cholCost: 64595	addCost: 2728	backsolveCost: 30758
node 21	AtA: 12988	cholCost: 64595	addCost: 2728	backsolveCost: 30758
node 22	AtA: 12988	cholCost: 64595	addCost: 2728	backsolveCost: 30758
node 23	AtA: 12988	cholCost: 64595	addCost: 2728	backsolveCost: 30758
node 24	AtA: 19106	cholCost: 79836	addCost: 1192	backsolveCost: 62625
node 25	AtA: 6870	cholCost: 16194	addCost: 1000	backsolveCost: 10977
node 26	AtA: -1	cholCost: 0	addCost: -1	backsolveCost: 1561

