cliques
177
node 0	AtA: 12236	cholCost: 0	addCost: 2200	backsolveCost: 16002
node 1	AtA: 13984	cholCost: 6028	addCost: 3352	backsolveCost: 24523
node 2	AtA: 12236	cholCost: 2688	addCost: 2200	backsolveCost: 16002
node 3	AtA: 12236	cholCost: 2688	addCost: 2200	backsolveCost: 16002
node 4	AtA: 19228	cholCost: 10416	addCost: 4888	backsolveCost: 31323
node 5	AtA: 12236	cholCost: 2688	addCost: 2200	backsolveCost: 16002
node 6	AtA: 12236	cholCost: 2688	addCost: 2200	backsolveCost: 16002
node 7	AtA: 12236	cholCost: 2688	addCost: 2200	backsolveCost: 16002
node 8	AtA: 18354	cholCost: 8268	addCost: 4072	backsolveCost: 24624
node 9	AtA: 19228	cholCost: 10416	addCost: 4888	backsolveCost: 31323
node 10	AtA: 12236	cholCost: 2688	addCost: 2200	backsolveCost: 16002
node 11	AtA: 19228	cholCost: 10416	addCost: 4888	backsolveCost: 31323
node 12	AtA: 12236	cholCost: 2688	addCost: 2200	backsolveCost: 16002
node 13	AtA: 19228	cholCost: 10416	addCost: 4888	backsolveCost: 31323
node 14	AtA: 20854	cholCost: 53322	addCost: 4072	backsolveCost: 24624
node 15	AtA: 20854	cholCost: 53322	addCost: 4072	backsolveCost: 24624
node 16	AtA: 20854	cholCost: 53322	addCost: 4072	backsolveCost: 24624
node 17	AtA: 20854	cholCost: 53322	addCost: 4072	backsolveCost: 24624
node 18	AtA: 20854	cholCost: 53322	addCost: 4072	backsolveCost: 24624
node 19	AtA: 20854	cholCost: 53322	addCost: 4072	backsolveCost: 24624
node 20	AtA: 12988	cholCost: 58836	addCost: 10408	backsolveCost: 17003
node 21	AtA: 3884	cholCost: 72564	addCost: 16552	backsolveCost: 17465
node 22	AtA: 3884	cholCost: 86292	addCost: 24232	backsolveCost: 17927
node 23	AtA: 19106	cholCost: 52490	addCost: 3352	backsolveCost: 24523
node 24	AtA: 20854	cholCost: 53322	addCost: 4072	backsolveCost: 24624
node 25	AtA: 22602	cholCost: 138216	addCost: 11800	backsolveCost: 43606
node 26	AtA: 14736	cholCost: 31131	addCost: 2200	backsolveCost: 16002
node 27	AtA: 21728	cholCost: 74745	addCost: 4888	backsolveCost: 31323
node 28	AtA: 20854	cholCost: 53322	addCost: 4072	backsolveCost: 24624
node 29	AtA: 14736	cholCost: 31131	addCost: 2200	backsolveCost: 16002
node 30	AtA: 21728	cholCost: 74745	addCost: 4888	backsolveCost: 31323
node 31	AtA: 12114	cholCost: 124488	addCost: 9112	backsolveCost: 43195
node 32	AtA: 3884	cholCost: 78180	addCost: 18328	backsolveCost: 17619
node 33	AtA: 20854	cholCost: 53322	addCost: 4072	backsolveCost: 24624
node 34	AtA: 20854	cholCost: 53322	addCost: 4072	backsolveCost: 24624
node 35	AtA: 22602	cholCost: 149448	addCost: 13288	backsolveCost: 43743
node 36	AtA: 20854	cholCost: 53322	addCost: 4072	backsolveCost: 24624
node 37	AtA: 20854	cholCost: 53322	addCost: 4072	backsolveCost: 24624
node 38	AtA: 23476	cholCost: 138888	addCost: 10408	backsolveCost: 51833
node 39	AtA: 14736	cholCost: 32379	addCost: 2728	backsolveCost: 16079
node 40	AtA: 20854	cholCost: 74745	addCost: 4888	backsolveCost: 31323
node 41	AtA: 20854	cholCost: 53322	addCost: 4072	backsolveCost: 24624
node 42	AtA: 13862	cholCost: 75952	addCost: 9112	backsolveCost: 25432
node 43	AtA: 20854	cholCost: 53322	addCost: 4072	backsolveCost: 24624
node 44	AtA: 20854	cholCost: 53322	addCost: 4072	backsolveCost: 24624
node 45	AtA: 20854	cholCost: 53322	addCost: 4072	backsolveCost: 24624
node 46	AtA: 14736	cholCost: 119132	addCost: 13288	backsolveCost: 32453
node 47	AtA: 20854	cholCost: 53322	addCost: 4072	backsolveCost: 24624
node 48	AtA: 20854	cholCost: 53322	addCost: 4072	backsolveCost: 24624
node 49	AtA: 20854	cholCost: 53322	addCost: 4072	backsolveCost: 24624
node 50	AtA: 14736	cholCost: 32379	addCost: 2728	backsolveCost: 16079
node 51	AtA: 20854	cholCost: 74745	addCost: 4888	backsolveCost: 31323
node 52	AtA: 20854	cholCost: 53322	addCost: 4072	backsolveCost: 24624
node 53	AtA: 14736	cholCost: 32379	addCost: 2728	backsolveCost: 16079
node 54	AtA: 19980	cholCost: 74745	addCost: 4888	backsolveCost: 31323
node 55	AtA: 12988	cholCost: 40865	addCost: 4888	backsolveCost: 16464
node 56	AtA: 13862	cholCost: 75952	addCost: 9112	backsolveCost: 25432
node 57	AtA: 11240	cholCost: 236875	addCost: 22168	backsolveCost: 67642
node 58	AtA: 12988	cholCost: 381048	addCost: 31000	backsolveCost: 96307
node 59	AtA: 5960	cholCost: 405937	addCost: 47128	backsolveCost: 80970
node 60	AtA: 20854	cholCost: 53322	addCost: 4072	backsolveCost: 24624
node 61	AtA: 16484	cholCost: 52490	addCost: 3352	backsolveCost: 24523
node 62	AtA: 17358	cholCost: 57981	addCost: 4888	backsolveCost: 24826
node 63	AtA: 13862	cholCost: 75952	addCost: 9112	backsolveCost: 25432
node 64	AtA: 20854	cholCost: 53322	addCost: 4072	backsolveCost: 24624
node 65	AtA: 19106	cholCost: 124488	addCost: 9112	backsolveCost: 43195
node 66	AtA: 13862	cholCost: 95920	addCost: 14872	backsolveCost: 26038
node 67	AtA: 4230	cholCost: 108400	addCost: 18328	backsolveCost: 26341
node 68	AtA: 20854	cholCost: 53322	addCost: 4072	backsolveCost: 24624
node 69	AtA: 14736	cholCost: 31131	addCost: 2200	backsolveCost: 16002
node 70	AtA: 12988	cholCost: 40865	addCost: 4888	backsolveCost: 16464
node 71	AtA: 12988	cholCost: 40865	addCost: 4888	backsolveCost: 16464
node 72	AtA: 17358	cholCost: 68464	addCost: 6808	backsolveCost: 25129
node 73	AtA: 12988	cholCost: 66324	addCost: 14872	backsolveCost: 17388
node 74	AtA: 20854	cholCost: 53322	addCost: 4072	backsolveCost: 24624
node 75	AtA: 20854	cholCost: 53322	addCost: 4072	backsolveCost: 24624
node 76	AtA: 20854	cholCost: 53322	addCost: 4072	backsolveCost: 24624
node 77	AtA: 20854	cholCost: 53322	addCost: 4072	backsolveCost: 24624
node 78	AtA: 23476	cholCost: 138888	addCost: 10408	backsolveCost: 51833
node 79	AtA: 10366	cholCost: 109232	addCost: 20200	backsolveCost: 26442
node 80	AtA: 4230	cholCost: 141847	addCost: 31000	backsolveCost: 27250
node 81	AtA: 12114	cholCost: 312690	addCost: 53272	backsolveCost: 47305
node 82	AtA: 23476	cholCost: 74745	addCost: 4888	backsolveCost: 31323
node 83	AtA: 20854	cholCost: 53322	addCost: 4072	backsolveCost: 24624
node 84	AtA: 23476	cholCost: 74745	addCost: 4888	backsolveCost: 31323
node 85	AtA: 12988	cholCost: 64452	addCost: 11800	backsolveCost: 17157
node 86	AtA: 14736	cholCost: 109232	addCost: 20200	backsolveCost: 26442
node 87	AtA: 20854	cholCost: 53322	addCost: 4072	backsolveCost: 24624
node 88	AtA: 20854	cholCost: 53322	addCost: 4072	backsolveCost: 24624
node 89	AtA: 12988	cholCost: 58836	addCost: 10408	backsolveCost: 17003
node 90	AtA: 23476	cholCost: 74745	addCost: 4888	backsolveCost: 31323
node 91	AtA: 23476	cholCost: 74745	addCost: 4888	backsolveCost: 31323
node 92	AtA: 24350	cholCost: 157608	addCost: 13288	backsolveCost: 52280
node 93	AtA: 20854	cholCost: 53322	addCost: 4072	backsolveCost: 24624
node 94	AtA: 21728	cholCost: 92924	addCost: 7912	backsolveCost: 31775
node 95	AtA: 23476	cholCost: 74745	addCost: 4888	backsolveCost: 31323
node 96	AtA: 13862	cholCost: 40241	addCost: 4072	backsolveCost: 16310
node 97	AtA: 8618	cholCost: 81776	addCost: 10408	backsolveCost: 25533
node 98	AtA: 9492	cholCost: 212348	addCost: 28648	backsolveCost: 45387
node 99	AtA: 4230	cholCost: 149668	addCost: 33448	backsolveCost: 27351
node 100	AtA: 9492	cholCost: 265514	addCost: 44200	backsolveCost: 46620
node 101	AtA: 20854	cholCost: 53322	addCost: 4072	backsolveCost: 24624
node 102	AtA: 14736	cholCost: 31131	addCost: 2200	backsolveCost: 16002
node 103	AtA: 21728	cholCost: 74745	addCost: 4888	backsolveCost: 31323
node 104	AtA: 17358	cholCost: 68464	addCost: 6808	backsolveCost: 25129
node 105	AtA: 18232	cholCost: 125164	addCost: 14872	backsolveCost: 32679
node 106	AtA: 20854	cholCost: 53322	addCost: 4072	backsolveCost: 24624
node 107	AtA: 4230	cholCost: 75952	addCost: 9112	backsolveCost: 25432
node 108	AtA: 20854	cholCost: 53322	addCost: 4072	backsolveCost: 24624
node 109	AtA: 20854	cholCost: 53322	addCost: 4072	backsolveCost: 24624
node 110	AtA: 12988	cholCost: 58836	addCost: 10408	backsolveCost: 17003
node 111	AtA: 3884	cholCost: 66324	addCost: 14872	backsolveCost: 17388
node 112	AtA: 4576	cholCost: 153369	addCost: 22168	backsolveCost: 33357
node 113	AtA: 20854	cholCost: 53322	addCost: 4072	backsolveCost: 24624
node 114	AtA: 16484	cholCost: 52490	addCost: 3352	backsolveCost: 24523
node 115	AtA: 14736	cholCost: 31131	addCost: 2200	backsolveCost: 16002
node 116	AtA: 21728	cholCost: 74745	addCost: 4888	backsolveCost: 31323
node 117	AtA: 19106	cholCost: 124488	addCost: 9112	backsolveCost: 43195
node 118	AtA: 14736	cholCost: 107068	addCost: 11800	backsolveCost: 32340
node 119	AtA: 20854	cholCost: 53322	addCost: 4072	backsolveCost: 24624
node 120	AtA: 20854	cholCost: 53322	addCost: 4072	backsolveCost: 24624
node 121	AtA: 20854	cholCost: 53322	addCost: 4072	backsolveCost: 24624
node 122	AtA: 20854	cholCost: 53322	addCost: 4072	backsolveCost: 24624
node 123	AtA: 12988	cholCost: 58836	addCost: 10408	backsolveCost: 17003
node 124	AtA: 3884	cholCost: 72564	addCost: 16552	backsolveCost: 17465
node 125	AtA: 3884	cholCost: 93905	addCost: 26392	backsolveCost: 18081
node 126	AtA: 4922	cholCost: 264266	addCost: 41368	backsolveCost: 46483
node 127	AtA: 20854	cholCost: 53322	addCost: 4072	backsolveCost: 24624
node 128	AtA: 20854	cholCost: 53322	addCost: 4072	backsolveCost: 24624
node 129	AtA: 12988	cholCost: 58836	addCost: 10408	backsolveCost: 17003
node 130	AtA: 20854	cholCost: 53322	addCost: 4072	backsolveCost: 24624
node 131	AtA: 20854	cholCost: 53322	addCost: 4072	backsolveCost: 24624
node 132	AtA: 21728	cholCost: 92924	addCost: 7912	backsolveCost: 31775
node 133	AtA: 19106	cholCost: 149448	addCost: 13288	backsolveCost: 43743
node 134	AtA: 20854	cholCost: 53322	addCost: 4072	backsolveCost: 24624
node 135	AtA: 14736	cholCost: 31131	addCost: 2200	backsolveCost: 16002
node 136	AtA: 16484	cholCost: 52490	addCost: 3352	backsolveCost: 24523
node 137	AtA: 23476	cholCost: 126408	addCost: 9112	backsolveCost: 51684
node 138	AtA: 14736	cholCost: 31131	addCost: 2200	backsolveCost: 16002
node 139	AtA: 21728	cholCost: 74745	addCost: 4888	backsolveCost: 31323
node 140	AtA: 20854	cholCost: 53322	addCost: 4072	backsolveCost: 24624
node 141	AtA: 12988	cholCost: 64452	addCost: 11800	backsolveCost: 17157
node 142	AtA: 4230	cholCost: 95920	addCost: 14872	backsolveCost: 26038
node 143	AtA: 11240	cholCost: 163478	addCost: 26392	backsolveCost: 33696
node 144	AtA: 3884	cholCost: 111627	addCost: 35992	backsolveCost: 18543
node 145	AtA: 14736	cholCost: 31131	addCost: 2200	backsolveCost: 16002
node 146	AtA: 14736	cholCost: 40241	addCost: 4072	backsolveCost: 16310
node 147	AtA: 21728	cholCost: 92924	addCost: 7912	backsolveCost: 31775
node 148	AtA: 20854	cholCost: 53322	addCost: 4072	backsolveCost: 24624
node 149	AtA: 14736	cholCost: 32379	addCost: 2728	backsolveCost: 16079
node 150	AtA: 20854	cholCost: 74745	addCost: 4888	backsolveCost: 31323
node 151	AtA: 14736	cholCost: 32379	addCost: 2728	backsolveCost: 16079
node 152	AtA: 19980	cholCost: 74745	addCost: 4888	backsolveCost: 31323
node 153	AtA: 12988	cholCost: 40865	addCost: 4888	backsolveCost: 16464
node 154	AtA: 17358	cholCost: 150120	addCost: 11800	backsolveCost: 52131
node 155	AtA: 16484	cholCost: 178901	addCost: 20200	backsolveCost: 44565
node 156	AtA: 20854	cholCost: 53322	addCost: 4072	backsolveCost: 24624
node 157	AtA: 20854	cholCost: 53322	addCost: 4072	backsolveCost: 24624
node 158	AtA: 20854	cholCost: 53322	addCost: 4072	backsolveCost: 24624
node 159	AtA: 14736	cholCost: 119132	addCost: 13288	backsolveCost: 32453
node 160	AtA: 20854	cholCost: 57981	addCost: 4888	backsolveCost: 24826
node 161	AtA: 20854	cholCost: 53322	addCost: 4072	backsolveCost: 24624
node 162	AtA: 14736	cholCost: 81776	addCost: 10408	backsolveCost: 25533
node 163	AtA: 23476	cholCost: 74745	addCost: 4888	backsolveCost: 31323
node 164	AtA: 20854	cholCost: 53322	addCost: 4072	backsolveCost: 24624
node 165	AtA: 12988	cholCost: 64452	addCost: 11800	backsolveCost: 17157
node 166	AtA: 11240	cholCost: 115888	addCost: 22168	backsolveCost: 26644
node 167	AtA: 3884	cholCost: 111627	addCost: 35992	backsolveCost: 18543
node 168	AtA: 15610	cholCost: 384970	addCost: 41368	backsolveCost: 80415
node 169	AtA: 5268	cholCost: 388740	addCost: 74008	backsolveCost: 57495
node 170	AtA: 6998	cholCost: 730852	addCost: 77800	backsolveCost: 133932
node 171	AtA: 16484	cholCost: 893450	addCost: 74008	backsolveCost: 171286
node 172	AtA: 8036	cholCost: 894794	addCost: 70312	backsolveCost: 187337
node 173	AtA: 20854	cholCost: 904334	addCost: 38632	backsolveCost: 274580
node 174	AtA: 31342	cholCost: 767216	addCost: 1192	backsolveCost: 637427
node 175	AtA: 6870	cholCost: 16194	addCost: 1000	backsolveCost: 10977
node 176	AtA: -1	cholCost: 0	addCost: -1	backsolveCost: 1561

