cliques
136
node 0	AtA: 14858	cholCost: 3328	addCost: 2200	backsolveCost: 24220
node 1	AtA: 12236	cholCost: 2688	addCost: 2200	backsolveCost: 16002
node 2	AtA: 13984	cholCost: 6028	addCost: 3352	backsolveCost: 24523
node 3	AtA: 12236	cholCost: 2688	addCost: 2200	backsolveCost: 16002
node 4	AtA: 12236	cholCost: 2688	addCost: 2200	backsolveCost: 16002
node 5	AtA: 12236	cholCost: 2688	addCost: 2200	backsolveCost: 16002
node 6	AtA: 18354	cholCost: 8401	addCost: 4072	backsolveCost: 24624
node 7	AtA: 14736	cholCost: 31131	addCost: 2200	backsolveCost: 16002
node 8	AtA: 14736	cholCost: 31131	addCost: 2200	backsolveCost: 16002
node 9	AtA: 12988	cholCost: 40865	addCost: 4888	backsolveCost: 16464
node 10	AtA: 12988	cholCost: 40865	addCost: 4888	backsolveCost: 16464
node 11	AtA: 20854	cholCost: 53322	addCost: 4072	backsolveCost: 24624
node 12	AtA: 20854	cholCost: 53322	addCost: 4072	backsolveCost: 24624
node 13	AtA: 22602	cholCost: 149448	addCost: 13288	backsolveCost: 43743
node 14	AtA: 19980	cholCost: 179573	addCost: 18328	backsolveCost: 53025
node 15	AtA: 20854	cholCost: 53322	addCost: 4072	backsolveCost: 24624
node 16	AtA: 20854	cholCost: 53322	addCost: 4072	backsolveCost: 24624
node 17	AtA: 23476	cholCost: 138888	addCost: 10408	backsolveCost: 51833
node 18	AtA: 20854	cholCost: 53322	addCost: 4072	backsolveCost: 24624
node 19	AtA: 18232	cholCost: 52490	addCost: 3352	backsolveCost: 24523
node 20	AtA: 17358	cholCost: 57981	addCost: 4888	backsolveCost: 24826
node 21	AtA: 13862	cholCost: 75952	addCost: 9112	backsolveCost: 25432
node 22	AtA: 19106	cholCost: 52490	addCost: 3352	backsolveCost: 24523
node 23	AtA: 14736	cholCost: 31131	addCost: 2200	backsolveCost: 16002
node 24	AtA: 21728	cholCost: 74745	addCost: 4888	backsolveCost: 31323
node 25	AtA: 17358	cholCost: 68464	addCost: 6808	backsolveCost: 25129
node 26	AtA: 14736	cholCost: 98956	addCost: 9112	backsolveCost: 32001
node 27	AtA: 9492	cholCost: 194626	addCost: 24232	backsolveCost: 44976
node 28	AtA: 20854	cholCost: 53322	addCost: 4072	backsolveCost: 24624
node 29	AtA: 20854	cholCost: 53322	addCost: 4072	backsolveCost: 24624
node 30	AtA: 23476	cholCost: 138888	addCost: 10408	backsolveCost: 51833
node 31	AtA: 20854	cholCost: 53322	addCost: 4072	backsolveCost: 24624
node 32	AtA: 20854	cholCost: 53322	addCost: 4072	backsolveCost: 24624
node 33	AtA: 12988	cholCost: 58836	addCost: 10408	backsolveCost: 17003
node 34	AtA: 14736	cholCost: 31131	addCost: 2200	backsolveCost: 16002
node 35	AtA: 21728	cholCost: 74745	addCost: 4888	backsolveCost: 31323
node 36	AtA: 14736	cholCost: 31131	addCost: 2200	backsolveCost: 16002
node 37	AtA: 16484	cholCost: 52490	addCost: 3352	backsolveCost: 24523
node 38	AtA: 13862	cholCost: 75952	addCost: 9112	backsolveCost: 25432
node 39	AtA: 5268	cholCost: 195298	addCost: 22168	backsolveCost: 53472
node 40	AtA: 20854	cholCost: 53322	addCost: 4072	backsolveCost: 24624
node 41	AtA: 20854	cholCost: 53322	addCost: 4072	backsolveCost: 24624
node 42	AtA: 20854	cholCost: 53322	addCost: 4072	backsolveCost: 24624
node 43	AtA: 20854	cholCost: 53322	addCost: 4072	backsolveCost: 24624
node 44	AtA: 4230	cholCost: 89264	addCost: 13288	backsolveCost: 25836
node 45	AtA: 20854	cholCost: 53322	addCost: 4072	backsolveCost: 24624
node 46	AtA: 20854	cholCost: 53322	addCost: 4072	backsolveCost: 24624
node 47	AtA: 20854	cholCost: 53322	addCost: 4072	backsolveCost: 24624
node 48	AtA: 14736	cholCost: 31131	addCost: 2200	backsolveCost: 16002
node 49	AtA: 21728	cholCost: 74745	addCost: 4888	backsolveCost: 31323
node 50	AtA: 11240	cholCost: 98956	addCost: 9112	backsolveCost: 32001
node 51	AtA: 3884	cholCost: 66324	addCost: 14872	backsolveCost: 17388
node 52	AtA: 3884	cholCost: 93905	addCost: 26392	backsolveCost: 18081
node 53	AtA: 4922	cholCost: 264266	addCost: 41368	backsolveCost: 46483
node 54	AtA: 23476	cholCost: 74745	addCost: 4888	backsolveCost: 31323
node 55	AtA: 20854	cholCost: 53322	addCost: 4072	backsolveCost: 24624
node 56	AtA: 12988	cholCost: 64452	addCost: 11800	backsolveCost: 17157
node 57	AtA: 20854	cholCost: 53322	addCost: 4072	backsolveCost: 24624
node 58	AtA: 23476	cholCost: 74745	addCost: 4888	backsolveCost: 31323
node 59	AtA: 23476	cholCost: 150120	addCost: 11800	backsolveCost: 52131
node 60	AtA: 20854	cholCost: 53322	addCost: 4072	backsolveCost: 24624
node 61	AtA: 23476	cholCost: 74745	addCost: 4888	backsolveCost: 31323
node 62	AtA: 23476	cholCost: 74745	addCost: 4888	backsolveCost: 31323
node 63	AtA: 14736	cholCost: 32379	addCost: 2728	backsolveCost: 16079
node 64	AtA: 19980	cholCost: 74745	addCost: 4888	backsolveCost: 31323
node 65	AtA: 12988	cholCost: 40865	addCost: 4888	backsolveCost: 16464
node 66	AtA: 14736	cholCost: 32379	addCost: 2728	backsolveCost: 16079
node 67	AtA: 17358	cholCost: 53322	addCost: 4072	backsolveCost: 24624
node 68	AtA: 14736	cholCost: 81776	addCost: 10408	backsolveCost: 25533
node 69	AtA: 11240	cholCost: 166344	addCost: 16552	backsolveCost: 52727
node 70	AtA: 13862	cholCost: 329058	addCost: 31000	backsolveCost: 79305
node 71	AtA: 23476	cholCost: 74745	addCost: 4888	backsolveCost: 31323
node 72	AtA: 23476	cholCost: 74745	addCost: 4888	backsolveCost: 31323
node 73	AtA: 13862	cholCost: 61808	addCost: 5800	backsolveCost: 24927
node 74	AtA: 13984	cholCost: 6028	addCost: 3352	backsolveCost: 24523
node 75	AtA: 17358	cholCost: 57981	addCost: 4888	backsolveCost: 24826
node 76	AtA: 14736	cholCost: 51972	addCost: 7912	backsolveCost: 16772
node 77	AtA: 16484	cholCost: 138216	addCost: 11800	backsolveCost: 43606
node 78	AtA: 16484	cholCost: 149448	addCost: 13288	backsolveCost: 43743
node 79	AtA: 20854	cholCost: 53322	addCost: 4072	backsolveCost: 24624
node 80	AtA: 20854	cholCost: 53322	addCost: 4072	backsolveCost: 24624
node 81	AtA: 14736	cholCost: 119132	addCost: 13288	backsolveCost: 32453
node 82	AtA: 20854	cholCost: 53322	addCost: 4072	backsolveCost: 24624
node 83	AtA: 20854	cholCost: 53322	addCost: 4072	backsolveCost: 24624
node 84	AtA: 20854	cholCost: 53322	addCost: 4072	backsolveCost: 24624
node 85	AtA: 14736	cholCost: 31131	addCost: 2200	backsolveCost: 16002
node 86	AtA: 21728	cholCost: 74745	addCost: 4888	backsolveCost: 31323
node 87	AtA: 19106	cholCost: 124488	addCost: 9112	backsolveCost: 43195
node 88	AtA: 3884	cholCost: 66324	addCost: 14872	backsolveCost: 17388
node 89	AtA: 20854	cholCost: 53322	addCost: 4072	backsolveCost: 24624
node 90	AtA: 20854	cholCost: 53322	addCost: 4072	backsolveCost: 24624
node 91	AtA: 12988	cholCost: 58836	addCost: 10408	backsolveCost: 17003
node 92	AtA: 20854	cholCost: 53322	addCost: 4072	backsolveCost: 24624
node 93	AtA: 20854	cholCost: 53322	addCost: 4072	backsolveCost: 24624
node 94	AtA: 23476	cholCost: 138888	addCost: 10408	backsolveCost: 51833
node 95	AtA: 20854	cholCost: 53322	addCost: 4072	backsolveCost: 24624
node 96	AtA: 18232	cholCost: 52490	addCost: 3352	backsolveCost: 24523
node 97	AtA: 17358	cholCost: 57981	addCost: 4888	backsolveCost: 24826
node 98	AtA: 18232	cholCost: 52490	addCost: 3352	backsolveCost: 24523
node 99	AtA: 17358	cholCost: 57981	addCost: 4888	backsolveCost: 24826
node 100	AtA: 14736	cholCost: 32379	addCost: 2728	backsolveCost: 16079
node 101	AtA: 20854	cholCost: 74745	addCost: 4888	backsolveCost: 31323
node 102	AtA: 15610	cholCost: 98956	addCost: 9112	backsolveCost: 32001
node 103	AtA: 7744	cholCost: 95920	addCost: 14872	backsolveCost: 26038
node 104	AtA: 5268	cholCost: 230742	addCost: 31000	backsolveCost: 54366
node 105	AtA: 20854	cholCost: 53322	addCost: 4072	backsolveCost: 24624
node 106	AtA: 14736	cholCost: 32379	addCost: 2728	backsolveCost: 16079
node 107	AtA: 20854	cholCost: 74745	addCost: 4888	backsolveCost: 31323
node 108	AtA: 14736	cholCost: 32379	addCost: 2728	backsolveCost: 16079
node 109	AtA: 20854	cholCost: 74745	addCost: 4888	backsolveCost: 31323
node 110	AtA: 20854	cholCost: 53322	addCost: 4072	backsolveCost: 24624
node 111	AtA: 20854	cholCost: 53322	addCost: 4072	backsolveCost: 24624
node 112	AtA: 23476	cholCost: 138888	addCost: 10408	backsolveCost: 51833
node 113	AtA: 7744	cholCost: 108400	addCost: 18328	backsolveCost: 26341
node 114	AtA: 14736	cholCost: 153369	addCost: 22168	backsolveCost: 33357
node 115	AtA: 20854	cholCost: 53322	addCost: 4072	backsolveCost: 24624
node 116	AtA: 16484	cholCost: 52490	addCost: 3352	backsolveCost: 24523
node 117	AtA: 14736	cholCost: 31131	addCost: 2200	backsolveCost: 16002
node 118	AtA: 21728	cholCost: 74745	addCost: 4888	backsolveCost: 31323
node 119	AtA: 15610	cholCost: 138216	addCost: 11800	backsolveCost: 43606
node 120	AtA: 12988	cholCost: 64452	addCost: 11800	backsolveCost: 17157
node 121	AtA: 20854	cholCost: 53322	addCost: 4072	backsolveCost: 24624
node 122	AtA: 21728	cholCost: 92924	addCost: 7912	backsolveCost: 31775
node 123	AtA: 21728	cholCost: 74745	addCost: 4888	backsolveCost: 31323
node 124	AtA: 20854	cholCost: 53322	addCost: 4072	backsolveCost: 24624
node 125	AtA: 13862	cholCost: 75952	addCost: 9112	backsolveCost: 25432
node 126	AtA: 5268	cholCost: 195298	addCost: 22168	backsolveCost: 53472
node 127	AtA: 4230	cholCost: 175627	addCost: 44200	backsolveCost: 27957
node 128	AtA: 13862	cholCost: 469793	addCost: 44200	backsolveCost: 110399
node 129	AtA: 7690	cholCost: 661820	addCost: 44200	backsolveCost: 167352
node 130	AtA: 4922	cholCost: 283985	addCost: 47128	backsolveCost: 46894
node 131	AtA: 14736	cholCost: 496625	addCost: 47128	backsolveCost: 110841
node 132	AtA: 8036	cholCost: 603260	addCost: 33448	backsolveCost: 182063
node 133	AtA: 36586	cholCost: 890556	addCost: 1192	backsolveCost: 716402
node 134	AtA: 6870	cholCost: 16194	addCost: 1000	backsolveCost: 10977
node 135	AtA: -1	cholCost: 0	addCost: -1	backsolveCost: 1561

