cliques
51
node 0	AtA: 12236	cholCost: 2688	addCost: 2200	backsolveCost: 16002
node 1	AtA: 13984	cholCost: 6028	addCost: 3352	backsolveCost: 24523
node 2	AtA: 12236	cholCost: 2688	addCost: 2200	backsolveCost: 16002
node 3	AtA: 20854	cholCost: 65635	addCost: 3352	backsolveCost: 30984
node 4	AtA: 14736	cholCost: 31131	addCost: 2200	backsolveCost: 16002
node 5	AtA: 16484	cholCost: 52490	addCost: 3352	backsolveCost: 24523
node 6	AtA: 14736	cholCost: 31131	addCost: 2200	backsolveCost: 16002
node 7	AtA: 14736	cholCost: 32379	addCost: 2728	backsolveCost: 16079
node 8	AtA: 14736	cholCost: 31131	addCost: 2200	backsolveCost: 16002
node 9	AtA: 14736	cholCost: 32379	addCost: 2728	backsolveCost: 16079
node 10	AtA: 14736	cholCost: 31131	addCost: 2200	backsolveCost: 16002
node 11	AtA: 14736	cholCost: 32379	addCost: 2728	backsolveCost: 16079
node 12	AtA: 14736	cholCost: 31131	addCost: 2200	backsolveCost: 16002
node 13	AtA: 14736	cholCost: 32379	addCost: 2728	backsolveCost: 16079
node 14	AtA: 14736	cholCost: 31131	addCost: 2200	backsolveCost: 16002
node 15	AtA: 14736	cholCost: 32379	addCost: 2728	backsolveCost: 16079
node 16	AtA: 14736	cholCost: 31131	addCost: 2200	backsolveCost: 16002
node 17	AtA: 14736	cholCost: 32379	addCost: 2728	backsolveCost: 16079
node 18	AtA: 14736	cholCost: 31131	addCost: 2200	backsolveCost: 16002
node 19	AtA: 14736	cholCost: 32379	addCost: 2728	backsolveCost: 16079
node 20	AtA: 14736	cholCost: 31131	addCost: 2200	backsolveCost: 16002
node 21	AtA: 14736	cholCost: 32379	addCost: 2728	backsolveCost: 16079
node 22	AtA: 16484	cholCost: 52490	addCost: 3352	backsolveCost: 24523
node 23	AtA: 14736	cholCost: 32379	addCost: 2728	backsolveCost: 16079
node 24	AtA: 14736	cholCost: 31131	addCost: 2200	backsolveCost: 16002
node 25	AtA: 12114	cholCost: 40865	addCost: 4888	backsolveCost: 16464
node 26	AtA: 12988	cholCost: 40865	addCost: 4888	backsolveCost: 16464
node 27	AtA: 12114	cholCost: 40865	addCost: 4888	backsolveCost: 16464
node 28	AtA: 19980	cholCost: 100949	addCost: 4888	backsolveCost: 50790
node 29	AtA: 10366	cholCost: 57981	addCost: 4888	backsolveCost: 24826
node 30	AtA: 14736	cholCost: 74745	addCost: 4888	backsolveCost: 31323
node 31	AtA: 14736	cholCost: 74745	addCost: 4888	backsolveCost: 31323
node 32	AtA: 14736	cholCost: 74745	addCost: 4888	backsolveCost: 31323
node 33	AtA: 14736	cholCost: 74745	addCost: 4888	backsolveCost: 31323
node 34	AtA: 14736	cholCost: 74745	addCost: 4888	backsolveCost: 31323
node 35	AtA: 14736	cholCost: 74745	addCost: 4888	backsolveCost: 31323
node 36	AtA: 14736	cholCost: 74745	addCost: 4888	backsolveCost: 31323
node 37	AtA: 14736	cholCost: 74745	addCost: 4888	backsolveCost: 31323
node 38	AtA: 14736	cholCost: 74745	addCost: 4888	backsolveCost: 31323
node 39	AtA: 14736	cholCost: 74745	addCost: 4888	backsolveCost: 31323
node 40	AtA: 12114	cholCost: 40865	addCost: 4888	backsolveCost: 16464
node 41	AtA: 12988	cholCost: 40865	addCost: 4888	backsolveCost: 16464
node 42	AtA: 14736	cholCost: 74745	addCost: 4888	backsolveCost: 31323
node 43	AtA: 14736	cholCost: 74745	addCost: 4888	backsolveCost: 31323
node 44	AtA: 14736	cholCost: 74745	addCost: 4888	backsolveCost: 31323
node 45	AtA: 14736	cholCost: 74745	addCost: 4888	backsolveCost: 31323
node 46	AtA: 14736	cholCost: 74745	addCost: 4888	backsolveCost: 31323
node 47	AtA: 14736	cholCost: 74745	addCost: 4888	backsolveCost: 31323
node 48	AtA: 21728	cholCost: 143040	addCost: 1192	backsolveCost: 119967
node 49	AtA: 6870	cholCost: 16194	addCost: 1000	backsolveCost: 10977
node 50	AtA: -1	cholCost: 0	addCost: -1	backsolveCost: 1561

