cliques
61
node 0	AtA: 19980	cholCost: 52490	addCost: 3352	backsolveCost: 24523
node 1	AtA: 14736	cholCost: 31131	addCost: 2200	backsolveCost: 16002
node 2	AtA: 20854	cholCost: 64595	addCost: 2728	backsolveCost: 30758
node 3	AtA: 12114	cholCost: 40865	addCost: 4888	backsolveCost: 16464
node 4	AtA: 14736	cholCost: 31131	addCost: 2200	backsolveCost: 16002
node 5	AtA: 21728	cholCost: 74745	addCost: 4888	backsolveCost: 31323
node 6	AtA: 14736	cholCost: 31131	addCost: 2200	backsolveCost: 16002
node 7	AtA: 21728	cholCost: 74745	addCost: 4888	backsolveCost: 31323
node 8	AtA: 14736	cholCost: 31131	addCost: 2200	backsolveCost: 16002
node 9	AtA: 14736	cholCost: 31131	addCost: 2200	backsolveCost: 16002
node 10	AtA: 21728	cholCost: 74745	addCost: 4888	backsolveCost: 31323
node 11	AtA: 14736	cholCost: 31131	addCost: 2200	backsolveCost: 16002
node 12	AtA: 21728	cholCost: 74745	addCost: 4888	backsolveCost: 31323
node 13	AtA: 14736	cholCost: 31131	addCost: 2200	backsolveCost: 16002
node 14	AtA: 14736	cholCost: 31131	addCost: 2200	backsolveCost: 16002
node 15	AtA: 22602	cholCost: 110760	addCost: 6808	backsolveCost: 42784
node 16	AtA: 14736	cholCost: 31131	addCost: 2200	backsolveCost: 16002
node 17	AtA: 16484	cholCost: 52490	addCost: 3352	backsolveCost: 24523
node 18	AtA: 14736	cholCost: 31131	addCost: 2200	backsolveCost: 16002
node 19	AtA: 14736	cholCost: 31131	addCost: 2200	backsolveCost: 16002
node 20	AtA: 12988	cholCost: 40865	addCost: 4888	backsolveCost: 16464
node 21	AtA: 12988	cholCost: 40865	addCost: 4888	backsolveCost: 16464
node 22	AtA: 17358	cholCost: 47831	addCost: 2728	backsolveCost: 24321
node 23	AtA: 14736	cholCost: 31131	addCost: 2200	backsolveCost: 16002
node 24	AtA: 14736	cholCost: 31131	addCost: 2200	backsolveCost: 16002
node 25	AtA: 12988	cholCost: 40865	addCost: 4888	backsolveCost: 16464
node 26	AtA: 12988	cholCost: 40865	addCost: 4888	backsolveCost: 16464
node 27	AtA: 14736	cholCost: 31131	addCost: 2200	backsolveCost: 16002
node 28	AtA: 16484	cholCost: 52490	addCost: 3352	backsolveCost: 24523
node 29	AtA: 14736	cholCost: 31131	addCost: 2200	backsolveCost: 16002
node 30	AtA: 21728	cholCost: 74745	addCost: 4888	backsolveCost: 31323
node 31	AtA: 14736	cholCost: 31131	addCost: 2200	backsolveCost: 16002
node 32	AtA: 21728	cholCost: 74745	addCost: 4888	backsolveCost: 31323
node 33	AtA: 14736	cholCost: 31131	addCost: 2200	backsolveCost: 16002
node 34	AtA: 14736	cholCost: 31131	addCost: 2200	backsolveCost: 16002
node 35	AtA: 21728	cholCost: 74745	addCost: 4888	backsolveCost: 31323
node 36	AtA: 14736	cholCost: 31131	addCost: 2200	backsolveCost: 16002
node 37	AtA: 21728	cholCost: 74745	addCost: 4888	backsolveCost: 31323
node 38	AtA: 14736	cholCost: 31131	addCost: 2200	backsolveCost: 16002
node 39	AtA: 14736	cholCost: 31131	addCost: 2200	backsolveCost: 16002
node 40	AtA: 22602	cholCost: 110760	addCost: 6808	backsolveCost: 42784
node 41	AtA: 4922	cholCost: 117000	addCost: 7912	backsolveCost: 42921
node 42	AtA: 14736	cholCost: 92924	addCost: 7912	backsolveCost: 31775
node 43	AtA: 11240	cholCost: 92924	addCost: 7912	backsolveCost: 31775
node 44	AtA: 11240	cholCost: 92924	addCost: 7912	backsolveCost: 31775
node 45	AtA: 15610	cholCost: 117000	addCost: 7912	backsolveCost: 42921
node 46	AtA: 3884	cholCost: 51972	addCost: 7912	backsolveCost: 16772
node 47	AtA: 11240	cholCost: 69296	addCost: 7912	backsolveCost: 25230
node 48	AtA: 12988	cholCost: 51972	addCost: 7912	backsolveCost: 16772
node 49	AtA: 12988	cholCost: 51972	addCost: 7912	backsolveCost: 16772
node 50	AtA: 11240	cholCost: 92924	addCost: 7912	backsolveCost: 31775
node 51	AtA: 15610	cholCost: 117000	addCost: 7912	backsolveCost: 42921
node 52	AtA: 5614	cholCost: 145604	addCost: 7912	backsolveCost: 65220
node 53	AtA: 3884	cholCost: 51972	addCost: 7912	backsolveCost: 16772
node 54	AtA: 14736	cholCost: 92924	addCost: 7912	backsolveCost: 31775
node 55	AtA: 11240	cholCost: 92924	addCost: 7912	backsolveCost: 31775
node 56	AtA: 3884	cholCost: 51972	addCost: 7912	backsolveCost: 16772
node 57	AtA: 12114	cholCost: 99029	addCost: 4888	backsolveCost: 42373
node 58	AtA: 23476	cholCost: 122596	addCost: 1192	backsolveCost: 101117
node 59	AtA: 6870	cholCost: 16194	addCost: 1000	backsolveCost: 10977
node 60	AtA: -1	cholCost: 0	addCost: -1	backsolveCost: 1561

