cliques
161
node 0	AtA: 12236	cholCost: 2688	addCost: 2200	backsolveCost: 16002
node 1	AtA: 12236	cholCost: 0	addCost: 2200	backsolveCost: 16002
node 2	AtA: 13984	cholCost: 6028	addCost: 3352	backsolveCost: 24523
node 3	AtA: 18354	cholCost: 8401	addCost: 4072	backsolveCost: 24624
node 4	AtA: 18354	cholCost: 8413	addCost: 4072	backsolveCost: 24624
node 5	AtA: 12236	cholCost: 2688	addCost: 2200	backsolveCost: 16002
node 6	AtA: 13984	cholCost: 6028	addCost: 3352	backsolveCost: 24523
node 7	AtA: 12236	cholCost: 2688	addCost: 2200	backsolveCost: 16002
node 8	AtA: 13984	cholCost: 6167	addCost: 3352	backsolveCost: 24523
node 9	AtA: 18354	cholCost: 8268	addCost: 4072	backsolveCost: 24624
node 10	AtA: 18354	cholCost: 8268	addCost: 4072	backsolveCost: 24624
node 11	AtA: 18354	cholCost: 8268	addCost: 4072	backsolveCost: 24624
node 12	AtA: 12236	cholCost: 2688	addCost: 2200	backsolveCost: 16002
node 13	AtA: 19228	cholCost: 10416	addCost: 4888	backsolveCost: 31323
node 14	AtA: 12236	cholCost: 2688	addCost: 2200	backsolveCost: 16002
node 15	AtA: 12236	cholCost: 2688	addCost: 2200	backsolveCost: 16002
node 16	AtA: 17480	cholCost: 6028	addCost: 3352	backsolveCost: 24523
node 17	AtA: 11362	cholCost: 13943	addCost: 6808	backsolveCost: 25129
node 18	AtA: 12236	cholCost: 2688	addCost: 2200	backsolveCost: 16002
node 19	AtA: 19228	cholCost: 10597	addCost: 4888	backsolveCost: 31323
node 20	AtA: 18354	cholCost: 8449	addCost: 4072	backsolveCost: 24624
node 21	AtA: 20854	cholCost: 53322	addCost: 4072	backsolveCost: 24624
node 22	AtA: 21728	cholCost: 74745	addCost: 4888	backsolveCost: 31323
node 23	AtA: 14736	cholCost: 31131	addCost: 2200	backsolveCost: 16002
node 24	AtA: 21728	cholCost: 74745	addCost: 4888	backsolveCost: 31323
node 25	AtA: 16484	cholCost: 150120	addCost: 11800	backsolveCost: 52131
node 26	AtA: 13862	cholCost: 108400	addCost: 18328	backsolveCost: 26341
node 27	AtA: 23476	cholCost: 74745	addCost: 4888	backsolveCost: 31323
node 28	AtA: 23476	cholCost: 74745	addCost: 4888	backsolveCost: 31323
node 29	AtA: 17358	cholCost: 156936	addCost: 14872	backsolveCost: 44017
node 30	AtA: 20854	cholCost: 53322	addCost: 4072	backsolveCost: 24624
node 31	AtA: 15610	cholCost: 51972	addCost: 7912	backsolveCost: 16772
node 32	AtA: 14858	cholCost: 9520	addCost: 4888	backsolveCost: 24826
node 33	AtA: 23476	cholCost: 74745	addCost: 4888	backsolveCost: 31323
node 34	AtA: 10366	cholCost: 51972	addCost: 7912	backsolveCost: 16772
node 35	AtA: 15610	cholCost: 263495	addCost: 20200	backsolveCost: 77825
node 36	AtA: 8618	cholCost: 163478	addCost: 26392	backsolveCost: 33696
node 37	AtA: 4922	cholCost: 246544	addCost: 35992	backsolveCost: 46072
node 38	AtA: 20854	cholCost: 53322	addCost: 4072	backsolveCost: 24624
node 39	AtA: 20854	cholCost: 53322	addCost: 4072	backsolveCost: 24624
node 40	AtA: 20854	cholCost: 53322	addCost: 4072	backsolveCost: 24624
node 41	AtA: 20854	cholCost: 53322	addCost: 4072	backsolveCost: 24624
node 42	AtA: 20854	cholCost: 53322	addCost: 4072	backsolveCost: 24624
node 43	AtA: 14736	cholCost: 119132	addCost: 13288	backsolveCost: 32453
node 44	AtA: 23476	cholCost: 74745	addCost: 4888	backsolveCost: 31323
node 45	AtA: 23476	cholCost: 74745	addCost: 4888	backsolveCost: 31323
node 46	AtA: 24350	cholCost: 157608	addCost: 13288	backsolveCost: 52280
node 47	AtA: 20854	cholCost: 53322	addCost: 4072	backsolveCost: 24624
node 48	AtA: 23476	cholCost: 74745	addCost: 4888	backsolveCost: 31323
node 49	AtA: 14736	cholCost: 32379	addCost: 2728	backsolveCost: 16079
node 50	AtA: 17358	cholCost: 53322	addCost: 4072	backsolveCost: 24624
node 51	AtA: 17358	cholCost: 149448	addCost: 13288	backsolveCost: 43743
node 52	AtA: 20854	cholCost: 53322	addCost: 4072	backsolveCost: 24624
node 53	AtA: 20854	cholCost: 53322	addCost: 4072	backsolveCost: 24624
node 54	AtA: 14736	cholCost: 31131	addCost: 2200	backsolveCost: 16002
node 55	AtA: 21728	cholCost: 74745	addCost: 4888	backsolveCost: 31323
node 56	AtA: 14736	cholCost: 31131	addCost: 2200	backsolveCost: 16002
node 57	AtA: 21728	cholCost: 74745	addCost: 4888	backsolveCost: 31323
node 58	AtA: 4576	cholCost: 125164	addCost: 14872	backsolveCost: 32679
node 59	AtA: 4576	cholCost: 140348	addCost: 20200	backsolveCost: 33131
node 60	AtA: 6870	cholCost: 111003	addCost: 33448	backsolveCost: 18389
node 61	AtA: 6306	cholCost: 449066	addCost: 44200	backsolveCost: 97770
node 62	AtA: 12114	cholCost: 467838	addCost: 59800	backsolveCost: 82080
node 63	AtA: 20854	cholCost: 53322	addCost: 4072	backsolveCost: 24624
node 64	AtA: 23476	cholCost: 138888	addCost: 10408	backsolveCost: 51833
node 65	AtA: 20854	cholCost: 53322	addCost: 4072	backsolveCost: 24624
node 66	AtA: 20854	cholCost: 53322	addCost: 4072	backsolveCost: 24624
node 67	AtA: 23476	cholCost: 138888	addCost: 10408	backsolveCost: 51833
node 68	AtA: 9492	cholCost: 78180	addCost: 18328	backsolveCost: 17619
node 69	AtA: 20854	cholCost: 53322	addCost: 4072	backsolveCost: 24624
node 70	AtA: 20854	cholCost: 53322	addCost: 4072	backsolveCost: 24624
node 71	AtA: 20854	cholCost: 53322	addCost: 4072	backsolveCost: 24624
node 72	AtA: 20854	cholCost: 53322	addCost: 4072	backsolveCost: 24624
node 73	AtA: 23476	cholCost: 138888	addCost: 10408	backsolveCost: 51833
node 74	AtA: 3884	cholCost: 72564	addCost: 16552	backsolveCost: 17465
node 75	AtA: 4230	cholCost: 141847	addCost: 31000	backsolveCost: 27250
node 76	AtA: 4230	cholCost: 158321	addCost: 35992	backsolveCost: 27553
node 77	AtA: 20854	cholCost: 53322	addCost: 4072	backsolveCost: 24624
node 78	AtA: 20854	cholCost: 53322	addCost: 4072	backsolveCost: 24624
node 79	AtA: 20854	cholCost: 53322	addCost: 4072	backsolveCost: 24624
node 80	AtA: 12988	cholCost: 58836	addCost: 10408	backsolveCost: 17003
node 81	AtA: 12988	cholCost: 84420	addCost: 20200	backsolveCost: 17696
node 82	AtA: 20854	cholCost: 53322	addCost: 4072	backsolveCost: 24624
node 83	AtA: 12988	cholCost: 58836	addCost: 10408	backsolveCost: 17003
node 84	AtA: 20854	cholCost: 53322	addCost: 4072	backsolveCost: 24624
node 85	AtA: 20854	cholCost: 53322	addCost: 4072	backsolveCost: 24624
node 86	AtA: 20854	cholCost: 53322	addCost: 4072	backsolveCost: 24624
node 87	AtA: 14736	cholCost: 119132	addCost: 13288	backsolveCost: 32453
node 88	AtA: 10366	cholCost: 123709	addCost: 24232	backsolveCost: 26745
node 89	AtA: 20854	cholCost: 53322	addCost: 4072	backsolveCost: 24624
node 90	AtA: 14736	cholCost: 31131	addCost: 2200	backsolveCost: 16002
node 91	AtA: 14736	cholCost: 31131	addCost: 2200	backsolveCost: 16002
node 92	AtA: 12988	cholCost: 40865	addCost: 4888	backsolveCost: 16464
node 93	AtA: 12988	cholCost: 40865	addCost: 4888	backsolveCost: 16464
node 94	AtA: 13862	cholCost: 75952	addCost: 9112	backsolveCost: 25432
node 95	AtA: 14736	cholCost: 31131	addCost: 2200	backsolveCost: 16002
node 96	AtA: 21728	cholCost: 74745	addCost: 4888	backsolveCost: 31323
node 97	AtA: 20854	cholCost: 53322	addCost: 4072	backsolveCost: 24624
node 98	AtA: 14736	cholCost: 31131	addCost: 2200	backsolveCost: 16002
node 99	AtA: 21728	cholCost: 74745	addCost: 4888	backsolveCost: 31323
node 100	AtA: 12114	cholCost: 124488	addCost: 9112	backsolveCost: 43195
node 101	AtA: 15610	cholCost: 409628	addCost: 35992	backsolveCost: 96934
node 102	AtA: 4576	cholCost: 252962	addCost: 53272	backsolveCost: 35391
node 103	AtA: 16484	cholCost: 620052	addCost: 70312	backsolveCost: 113051
node 104	AtA: 16484	cholCost: 52490	addCost: 3352	backsolveCost: 24523
node 105	AtA: 20854	cholCost: 53322	addCost: 4072	backsolveCost: 24624
node 106	AtA: 20854	cholCost: 53322	addCost: 4072	backsolveCost: 24624
node 107	AtA: 14736	cholCost: 107068	addCost: 11800	backsolveCost: 32340
node 108	AtA: 20854	cholCost: 53322	addCost: 4072	backsolveCost: 24624
node 109	AtA: 20854	cholCost: 53322	addCost: 4072	backsolveCost: 24624
node 110	AtA: 20854	cholCost: 53322	addCost: 4072	backsolveCost: 24624
node 111	AtA: 12988	cholCost: 58836	addCost: 10408	backsolveCost: 17003
node 112	AtA: 13862	cholCost: 101744	addCost: 16552	backsolveCost: 26139
node 113	AtA: 11240	cholCost: 163478	addCost: 26392	backsolveCost: 33696
node 114	AtA: 10488	cholCost: 18649	addCost: 10408	backsolveCost: 17003
node 115	AtA: 21728	cholCost: 74745	addCost: 4888	backsolveCost: 31323
node 116	AtA: 17358	cholCost: 68464	addCost: 6808	backsolveCost: 25129
node 117	AtA: 10366	cholCost: 75952	addCost: 9112	backsolveCost: 25432
node 118	AtA: 20854	cholCost: 53322	addCost: 4072	backsolveCost: 24624
node 119	AtA: 14736	cholCost: 31131	addCost: 2200	backsolveCost: 16002
node 120	AtA: 21728	cholCost: 74745	addCost: 4888	backsolveCost: 31323
node 121	AtA: 12988	cholCost: 64452	addCost: 11800	backsolveCost: 17157
node 122	AtA: 4230	cholCost: 95920	addCost: 14872	backsolveCost: 26038
node 123	AtA: 10366	cholCost: 132362	addCost: 26392	backsolveCost: 26947
node 124	AtA: 4576	cholCost: 252962	addCost: 53272	backsolveCost: 35391
node 125	AtA: 20854	cholCost: 53322	addCost: 4072	backsolveCost: 24624
node 126	AtA: 20854	cholCost: 53322	addCost: 4072	backsolveCost: 24624
node 127	AtA: 23476	cholCost: 138888	addCost: 10408	backsolveCost: 51833
node 128	AtA: 14736	cholCost: 31131	addCost: 2200	backsolveCost: 16002
node 129	AtA: 16484	cholCost: 52490	addCost: 3352	backsolveCost: 24523
node 130	AtA: 17358	cholCost: 57981	addCost: 4888	backsolveCost: 24826
node 131	AtA: 20854	cholCost: 53322	addCost: 4072	backsolveCost: 24624
node 132	AtA: 19106	cholCost: 52490	addCost: 3352	backsolveCost: 24523
node 133	AtA: 12988	cholCost: 52596	addCost: 9112	backsolveCost: 16926
node 134	AtA: 3884	cholCost: 52596	addCost: 9112	backsolveCost: 16926
node 135	AtA: 14736	cholCost: 31131	addCost: 2200	backsolveCost: 16002
node 136	AtA: 21728	cholCost: 74745	addCost: 4888	backsolveCost: 31323
node 137	AtA: 14736	cholCost: 31131	addCost: 2200	backsolveCost: 16002
node 138	AtA: 21728	cholCost: 74745	addCost: 4888	backsolveCost: 31323
node 139	AtA: 20854	cholCost: 53322	addCost: 4072	backsolveCost: 24624
node 140	AtA: 20854	cholCost: 53322	addCost: 4072	backsolveCost: 24624
node 141	AtA: 14736	cholCost: 31131	addCost: 2200	backsolveCost: 16002
node 142	AtA: 21728	cholCost: 74745	addCost: 4888	backsolveCost: 31323
node 143	AtA: 20854	cholCost: 53322	addCost: 4072	backsolveCost: 24624
node 144	AtA: 13862	cholCost: 75952	addCost: 9112	backsolveCost: 25432
node 145	AtA: 3884	cholCost: 66324	addCost: 14872	backsolveCost: 17388
node 146	AtA: 4576	cholCost: 153369	addCost: 22168	backsolveCost: 33357
node 147	AtA: 20854	cholCost: 53322	addCost: 4072	backsolveCost: 24624
node 148	AtA: 20854	cholCost: 53322	addCost: 4072	backsolveCost: 24624
node 149	AtA: 23476	cholCost: 138888	addCost: 10408	backsolveCost: 51833
node 150	AtA: 20854	cholCost: 53322	addCost: 4072	backsolveCost: 24624
node 151	AtA: 20854	cholCost: 53322	addCost: 4072	backsolveCost: 24624
node 152	AtA: 20854	cholCost: 53322	addCost: 4072	backsolveCost: 24624
node 153	AtA: 12988	cholCost: 58836	addCost: 10408	backsolveCost: 17003
node 154	AtA: 13862	cholCost: 101744	addCost: 16552	backsolveCost: 26139
node 155	AtA: 6306	cholCost: 409628	addCost: 35992	backsolveCost: 96934
node 156	AtA: 5614	cholCost: 375906	addCost: 53272	backsolveCost: 70756
node 157	AtA: 6998	cholCost: 704644	addCost: 70312	backsolveCost: 133197
node 158	AtA: 50570	cholCost: 2375778	addCost: 1192	backsolveCost: 1759592
node 159	AtA: 6870	cholCost: 16194	addCost: 1000	backsolveCost: 10977
node 160	AtA: -1	cholCost: 0	addCost: -1	backsolveCost: 1561

