cliques
175
node 0	AtA: 12236	cholCost: 0	addCost: 2200	backsolveCost: 16002
node 1	AtA: 13984	cholCost: 6028	addCost: 3352	backsolveCost: 24523
node 2	AtA: 12236	cholCost: 2688	addCost: 2200	backsolveCost: 16002
node 3	AtA: 12236	cholCost: 2688	addCost: 2200	backsolveCost: 16002
node 4	AtA: 12236	cholCost: 2688	addCost: 2200	backsolveCost: 16002
node 5	AtA: 19228	cholCost: 10416	addCost: 4888	backsolveCost: 31323
node 6	AtA: 11362	cholCost: 6889	addCost: 4072	backsolveCost: 16310
node 7	AtA: 12236	cholCost: 2688	addCost: 2200	backsolveCost: 16002
node 8	AtA: 19228	cholCost: 10416	addCost: 4888	backsolveCost: 31323
node 9	AtA: 12236	cholCost: 2688	addCost: 2200	backsolveCost: 16002
node 10	AtA: 19228	cholCost: 10573	addCost: 4888	backsolveCost: 31323
node 11	AtA: 12236	cholCost: 2688	addCost: 2200	backsolveCost: 16002
node 12	AtA: 19228	cholCost: 10416	addCost: 4888	backsolveCost: 31323
node 13	AtA: 18354	cholCost: 8268	addCost: 4072	backsolveCost: 24624
node 14	AtA: 12236	cholCost: 2688	addCost: 2200	backsolveCost: 16002
node 15	AtA: 18354	cholCost: 8268	addCost: 4072	backsolveCost: 24624
node 16	AtA: 20854	cholCost: 53322	addCost: 4072	backsolveCost: 24624
node 17	AtA: 20854	cholCost: 53322	addCost: 4072	backsolveCost: 24624
node 18	AtA: 20854	cholCost: 53322	addCost: 4072	backsolveCost: 24624
node 19	AtA: 20854	cholCost: 53322	addCost: 4072	backsolveCost: 24624
node 20	AtA: 12988	cholCost: 58836	addCost: 10408	backsolveCost: 17003
node 21	AtA: 20854	cholCost: 53322	addCost: 4072	backsolveCost: 24624
node 22	AtA: 20854	cholCost: 53322	addCost: 4072	backsolveCost: 24624
node 23	AtA: 20854	cholCost: 53322	addCost: 4072	backsolveCost: 24624
node 24	AtA: 14736	cholCost: 31131	addCost: 2200	backsolveCost: 16002
node 25	AtA: 16484	cholCost: 52490	addCost: 3352	backsolveCost: 24523
node 26	AtA: 17358	cholCost: 57981	addCost: 4888	backsolveCost: 24826
node 27	AtA: 13862	cholCost: 75952	addCost: 9112	backsolveCost: 25432
node 28	AtA: 3884	cholCost: 66324	addCost: 14872	backsolveCost: 17388
node 29	AtA: 4576	cholCost: 214772	addCost: 41368	backsolveCost: 34713
node 30	AtA: 20854	cholCost: 53322	addCost: 4072	backsolveCost: 24624
node 31	AtA: 20854	cholCost: 53322	addCost: 4072	backsolveCost: 24624
node 32	AtA: 20854	cholCost: 53322	addCost: 4072	backsolveCost: 24624
node 33	AtA: 14736	cholCost: 119132	addCost: 13288	backsolveCost: 32453
node 34	AtA: 20854	cholCost: 53322	addCost: 4072	backsolveCost: 24624
node 35	AtA: 20854	cholCost: 53322	addCost: 4072	backsolveCost: 24624
node 36	AtA: 12988	cholCost: 58836	addCost: 10408	backsolveCost: 17003
node 37	AtA: 13862	cholCost: 101744	addCost: 16552	backsolveCost: 26139
node 38	AtA: 3884	cholCost: 102142	addCost: 28648	backsolveCost: 18158
node 39	AtA: 20854	cholCost: 53322	addCost: 4072	backsolveCost: 24624
node 40	AtA: 14736	cholCost: 32379	addCost: 2728	backsolveCost: 16079
node 41	AtA: 20854	cholCost: 74745	addCost: 4888	backsolveCost: 31323
node 42	AtA: 20854	cholCost: 53322	addCost: 4072	backsolveCost: 24624
node 43	AtA: 18232	cholCost: 52490	addCost: 3352	backsolveCost: 24523
node 44	AtA: 17358	cholCost: 57981	addCost: 4888	backsolveCost: 24826
node 45	AtA: 8618	cholCost: 125164	addCost: 14872	backsolveCost: 32679
node 46	AtA: 20854	cholCost: 53322	addCost: 4072	backsolveCost: 24624
node 47	AtA: 20854	cholCost: 53322	addCost: 4072	backsolveCost: 24624
node 48	AtA: 23476	cholCost: 138888	addCost: 10408	backsolveCost: 51833
node 49	AtA: 19106	cholCost: 52490	addCost: 3352	backsolveCost: 24523
node 50	AtA: 20854	cholCost: 53322	addCost: 4072	backsolveCost: 24624
node 51	AtA: 14736	cholCost: 32379	addCost: 2728	backsolveCost: 16079
node 52	AtA: 20854	cholCost: 74745	addCost: 4888	backsolveCost: 31323
node 53	AtA: 13862	cholCost: 75952	addCost: 9112	backsolveCost: 25432
node 54	AtA: 14736	cholCost: 89264	addCost: 13288	backsolveCost: 25836
node 55	AtA: 10366	cholCost: 264938	addCost: 38632	backsolveCost: 54962
node 56	AtA: 5268	cholCost: 326092	addCost: 56488	backsolveCost: 56303
node 57	AtA: 20854	cholCost: 53322	addCost: 4072	backsolveCost: 24624
node 58	AtA: 21728	cholCost: 74745	addCost: 4888	backsolveCost: 31323
node 59	AtA: 4230	cholCost: 75952	addCost: 9112	backsolveCost: 25432
node 60	AtA: 20854	cholCost: 53322	addCost: 4072	backsolveCost: 24624
node 61	AtA: 20854	cholCost: 53322	addCost: 4072	backsolveCost: 24624
node 62	AtA: 20854	cholCost: 53322	addCost: 4072	backsolveCost: 24624
node 63	AtA: 12988	cholCost: 58836	addCost: 10408	backsolveCost: 17003
node 64	AtA: 3884	cholCost: 72564	addCost: 16552	backsolveCost: 17465
node 65	AtA: 20854	cholCost: 53322	addCost: 4072	backsolveCost: 24624
node 66	AtA: 20854	cholCost: 53322	addCost: 4072	backsolveCost: 24624
node 67	AtA: 20854	cholCost: 53322	addCost: 4072	backsolveCost: 24624
node 68	AtA: 14736	cholCost: 119132	addCost: 13288	backsolveCost: 32453
node 69	AtA: 20854	cholCost: 53322	addCost: 4072	backsolveCost: 24624
node 70	AtA: 20854	cholCost: 53322	addCost: 4072	backsolveCost: 24624
node 71	AtA: 20854	cholCost: 53322	addCost: 4072	backsolveCost: 24624
node 72	AtA: 13862	cholCost: 101744	addCost: 16552	backsolveCost: 26139
node 73	AtA: 11240	cholCost: 172547	addCost: 28648	backsolveCost: 33809
node 74	AtA: 20854	cholCost: 53322	addCost: 4072	backsolveCost: 24624
node 75	AtA: 14736	cholCost: 31131	addCost: 2200	backsolveCost: 16002
node 76	AtA: 21728	cholCost: 74745	addCost: 4888	backsolveCost: 31323
node 77	AtA: 19106	cholCost: 124488	addCost: 9112	backsolveCost: 43195
node 78	AtA: 20854	cholCost: 53322	addCost: 4072	backsolveCost: 24624
node 79	AtA: 20854	cholCost: 53322	addCost: 4072	backsolveCost: 24624
node 80	AtA: 23476	cholCost: 138888	addCost: 10408	backsolveCost: 51833
node 81	AtA: 18354	cholCost: 8401	addCost: 4072	backsolveCost: 24624
node 82	AtA: 14858	cholCost: 13937	addCost: 6808	backsolveCost: 25129
node 83	AtA: 19106	cholCost: 138216	addCost: 11800	backsolveCost: 43606
node 84	AtA: 20854	cholCost: 53322	addCost: 4072	backsolveCost: 24624
node 85	AtA: 14736	cholCost: 31131	addCost: 2200	backsolveCost: 16002
node 86	AtA: 12988	cholCost: 40865	addCost: 4888	backsolveCost: 16464
node 87	AtA: 12988	cholCost: 40865	addCost: 4888	backsolveCost: 16464
node 88	AtA: 20854	cholCost: 53322	addCost: 4072	backsolveCost: 24624
node 89	AtA: 13862	cholCost: 75952	addCost: 9112	backsolveCost: 25432
node 90	AtA: 17358	cholCost: 192196	addCost: 14872	backsolveCost: 66604
node 91	AtA: 4230	cholCost: 115888	addCost: 22168	backsolveCost: 26644
node 92	AtA: 5614	cholCost: 305891	addCost: 35992	backsolveCost: 69199
node 93	AtA: 14736	cholCost: 444875	addCost: 53272	backsolveCost: 81525
node 94	AtA: 6652	cholCost: 596340	addCost: 66712	backsolveCost: 112830
node 95	AtA: 20854	cholCost: 53322	addCost: 4072	backsolveCost: 24624
node 96	AtA: 20854	cholCost: 53322	addCost: 4072	backsolveCost: 24624
node 97	AtA: 12988	cholCost: 58836	addCost: 10408	backsolveCost: 17003
node 98	AtA: 20854	cholCost: 53322	addCost: 4072	backsolveCost: 24624
node 99	AtA: 20854	cholCost: 53322	addCost: 4072	backsolveCost: 24624
node 100	AtA: 23476	cholCost: 138888	addCost: 10408	backsolveCost: 51833
node 101	AtA: 10366	cholCost: 109232	addCost: 20200	backsolveCost: 26442
node 102	AtA: 20854	cholCost: 53322	addCost: 4072	backsolveCost: 24624
node 103	AtA: 20854	cholCost: 53322	addCost: 4072	backsolveCost: 24624
node 104	AtA: 23476	cholCost: 138888	addCost: 10408	backsolveCost: 51833
node 105	AtA: 20854	cholCost: 53322	addCost: 4072	backsolveCost: 24624
node 106	AtA: 14736	cholCost: 31131	addCost: 2200	backsolveCost: 16002
node 107	AtA: 16484	cholCost: 52490	addCost: 3352	backsolveCost: 24523
node 108	AtA: 20854	cholCost: 53322	addCost: 4072	backsolveCost: 24624
node 109	AtA: 14736	cholCost: 31131	addCost: 2200	backsolveCost: 16002
node 110	AtA: 21728	cholCost: 74745	addCost: 4888	backsolveCost: 31323
node 111	AtA: 16484	cholCost: 126408	addCost: 9112	backsolveCost: 51684
node 112	AtA: 12988	cholCost: 78180	addCost: 18328	backsolveCost: 17619
node 113	AtA: 20854	cholCost: 53322	addCost: 4072	backsolveCost: 24624
node 114	AtA: 14736	cholCost: 31131	addCost: 2200	backsolveCost: 16002
node 115	AtA: 21728	cholCost: 74745	addCost: 4888	backsolveCost: 31323
node 116	AtA: 20854	cholCost: 53322	addCost: 4072	backsolveCost: 24624
node 117	AtA: 14736	cholCost: 31131	addCost: 2200	backsolveCost: 16002
node 118	AtA: 21728	cholCost: 74745	addCost: 4888	backsolveCost: 31323
node 119	AtA: 12988	cholCost: 158856	addCost: 14872	backsolveCost: 52578
node 120	AtA: 4576	cholCost: 163478	addCost: 26392	backsolveCost: 33696
node 121	AtA: 4230	cholCost: 141847	addCost: 31000	backsolveCost: 27250
node 122	AtA: 4230	cholCost: 195762	addCost: 53272	backsolveCost: 28462
node 123	AtA: 20854	cholCost: 57981	addCost: 4888	backsolveCost: 24826
node 124	AtA: 20854	cholCost: 53322	addCost: 4072	backsolveCost: 24624
node 125	AtA: 13862	cholCost: 75952	addCost: 9112	backsolveCost: 25432
node 126	AtA: 23476	cholCost: 74745	addCost: 4888	backsolveCost: 31323
node 127	AtA: 20854	cholCost: 53322	addCost: 4072	backsolveCost: 24624
node 128	AtA: 12988	cholCost: 64452	addCost: 11800	backsolveCost: 17157
node 129	AtA: 10366	cholCost: 86292	addCost: 24232	backsolveCost: 17927
node 130	AtA: 20854	cholCost: 53322	addCost: 4072	backsolveCost: 24624
node 131	AtA: 20854	cholCost: 53322	addCost: 4072	backsolveCost: 24624
node 132	AtA: 23476	cholCost: 138888	addCost: 10408	backsolveCost: 51833
node 133	AtA: 20854	cholCost: 57981	addCost: 4888	backsolveCost: 24826
node 134	AtA: 18232	cholCost: 69296	addCost: 7912	backsolveCost: 25230
node 135	AtA: 14736	cholCost: 32379	addCost: 2728	backsolveCost: 16079
node 136	AtA: 21728	cholCost: 84812	addCost: 5800	backsolveCost: 31436
node 137	AtA: 20854	cholCost: 53322	addCost: 4072	backsolveCost: 24624
node 138	AtA: 14736	cholCost: 32379	addCost: 2728	backsolveCost: 16079
node 139	AtA: 19980	cholCost: 74745	addCost: 4888	backsolveCost: 31323
node 140	AtA: 12988	cholCost: 40865	addCost: 4888	backsolveCost: 16464
node 141	AtA: 6870	cholCost: 65700	addCost: 13288	backsolveCost: 17234
node 142	AtA: 6870	cholCost: 72564	addCost: 16552	backsolveCost: 17465
node 143	AtA: 10366	cholCost: 133194	addCost: 28648	backsolveCost: 27048
node 144	AtA: 9492	cholCost: 265514	addCost: 44200	backsolveCost: 46620
node 145	AtA: 20854	cholCost: 53322	addCost: 4072	backsolveCost: 24624
node 146	AtA: 14736	cholCost: 31131	addCost: 2200	backsolveCost: 16002
node 147	AtA: 16484	cholCost: 52490	addCost: 3352	backsolveCost: 24523
node 148	AtA: 17358	cholCost: 57981	addCost: 4888	backsolveCost: 24826
node 149	AtA: 13862	cholCost: 75952	addCost: 9112	backsolveCost: 25432
node 150	AtA: 20854	cholCost: 53322	addCost: 4072	backsolveCost: 24624
node 151	AtA: 20854	cholCost: 53322	addCost: 4072	backsolveCost: 24624
node 152	AtA: 22602	cholCost: 149448	addCost: 13288	backsolveCost: 43743
node 153	AtA: 3884	cholCost: 78180	addCost: 18328	backsolveCost: 17619
node 154	AtA: 20854	cholCost: 53322	addCost: 4072	backsolveCost: 24624
node 155	AtA: 20854	cholCost: 53322	addCost: 4072	backsolveCost: 24624
node 156	AtA: 20854	cholCost: 53322	addCost: 4072	backsolveCost: 24624
node 157	AtA: 14736	cholCost: 119132	addCost: 13288	backsolveCost: 32453
node 158	AtA: 23476	cholCost: 74745	addCost: 4888	backsolveCost: 31323
node 159	AtA: 23476	cholCost: 74745	addCost: 4888	backsolveCost: 31323
node 160	AtA: 23476	cholCost: 74745	addCost: 4888	backsolveCost: 31323
node 161	AtA: 16484	cholCost: 52490	addCost: 3352	backsolveCost: 24523
node 162	AtA: 17358	cholCost: 57981	addCost: 4888	backsolveCost: 24826
node 163	AtA: 20854	cholCost: 53322	addCost: 4072	backsolveCost: 24624
node 164	AtA: 13862	cholCost: 75952	addCost: 9112	backsolveCost: 25432
node 165	AtA: 18232	cholCost: 291315	addCost: 18328	backsolveCost: 94426
node 166	AtA: 9492	cholCost: 133194	addCost: 28648	backsolveCost: 27048
node 167	AtA: 14736	cholCost: 280556	addCost: 31000	backsolveCost: 68680
node 168	AtA: 4922	cholCost: 264266	addCost: 41368	backsolveCost: 46483
node 169	AtA: 16484	cholCost: 619044	addCost: 74008	backsolveCost: 100696
node 170	AtA: 8036	cholCost: 928240	addCost: 74008	backsolveCost: 187923
node 171	AtA: 9074	cholCost: 1114566	addCost: 63208	backsolveCost: 258543
node 172	AtA: 45326	cholCost: 1797792	addCost: 1192	backsolveCost: 1398251
node 173	AtA: 6870	cholCost: 16194	addCost: 1000	backsolveCost: 10977
node 174	AtA: -1	cholCost: 0	addCost: -1	backsolveCost: 1561

