cliques
88
node 0	AtA: 14858	cholCost: 3328	addCost: 2200	backsolveCost: 24220
node 1	AtA: 12236	cholCost: 4884	addCost: 3352	backsolveCost: 16233
node 2	AtA: 12236	cholCost: 0	addCost: 2200	backsolveCost: 16002
node 3	AtA: 12236	cholCost: 2688	addCost: 2200	backsolveCost: 16002
node 4	AtA: 23476	cholCost: 74745	addCost: 4888	backsolveCost: 31323
node 5	AtA: 12236	cholCost: 4080	addCost: 2728	backsolveCost: 16079
node 6	AtA: 12236	cholCost: 6708	addCost: 4072	backsolveCost: 16310
node 7	AtA: 13862	cholCost: 45732	addCost: 6808	backsolveCost: 16695
node 8	AtA: 10366	cholCost: 58836	addCost: 10408	backsolveCost: 17003
node 9	AtA: 20854	cholCost: 57981	addCost: 4888	backsolveCost: 24826
node 10	AtA: 12236	cholCost: 2688	addCost: 2200	backsolveCost: 16002
node 11	AtA: 16484	cholCost: 40865	addCost: 4888	backsolveCost: 16464
node 12	AtA: 9492	cholCost: 45732	addCost: 6808	backsolveCost: 16695
node 13	AtA: 14736	cholCost: 31131	addCost: 2200	backsolveCost: 16002
node 14	AtA: 21728	cholCost: 74745	addCost: 4888	backsolveCost: 31323
node 15	AtA: 12236	cholCost: 2688	addCost: 2200	backsolveCost: 16002
node 16	AtA: 19228	cholCost: 10567	addCost: 4888	backsolveCost: 31323
node 17	AtA: 18354	cholCost: 8401	addCost: 4072	backsolveCost: 24624
node 18	AtA: 18232	cholCost: 52490	addCost: 3352	backsolveCost: 24523
node 19	AtA: 17358	cholCost: 57981	addCost: 4888	backsolveCost: 24826
node 20	AtA: 18232	cholCost: 52490	addCost: 3352	backsolveCost: 24523
node 21	AtA: 17358	cholCost: 57981	addCost: 4888	backsolveCost: 24826
node 22	AtA: 18354	cholCost: 8268	addCost: 4072	backsolveCost: 24624
node 23	AtA: 13862	cholCost: 75952	addCost: 9112	backsolveCost: 25432
node 24	AtA: 7744	cholCost: 95920	addCost: 14872	backsolveCost: 26038
node 25	AtA: 4922	cholCost: 158184	addCost: 16552	backsolveCost: 44154
node 26	AtA: 9492	cholCost: 132236	addCost: 16552	backsolveCost: 32792
node 27	AtA: 11240	cholCost: 205633	addCost: 16552	backsolveCost: 66777
node 28	AtA: 18354	cholCost: 8419	addCost: 4072	backsolveCost: 24624
node 29	AtA: 14736	cholCost: 31131	addCost: 2200	backsolveCost: 16002
node 30	AtA: 21728	cholCost: 74745	addCost: 4888	backsolveCost: 31323
node 31	AtA: 12236	cholCost: 2688	addCost: 2200	backsolveCost: 16002
node 32	AtA: 12236	cholCost: 2688	addCost: 2200	backsolveCost: 16002
node 33	AtA: 10488	cholCost: 7728	addCost: 4888	backsolveCost: 16464
node 34	AtA: 10488	cholCost: 7891	addCost: 4888	backsolveCost: 16464
node 35	AtA: 14736	cholCost: 31131	addCost: 2200	backsolveCost: 16002
node 36	AtA: 21728	cholCost: 74745	addCost: 4888	backsolveCost: 31323
node 37	AtA: 20854	cholCost: 53322	addCost: 4072	backsolveCost: 24624
node 38	AtA: 13862	cholCost: 75952	addCost: 9112	backsolveCost: 25432
node 39	AtA: 12236	cholCost: 4080	addCost: 2728	backsolveCost: 16079
node 40	AtA: 18354	cholCost: 10543	addCost: 4888	backsolveCost: 31323
node 41	AtA: 18232	cholCost: 0	addCost: 3352	backsolveCost: 24523
node 42	AtA: 13984	cholCost: 9520	addCost: 4888	backsolveCost: 24826
node 43	AtA: 10488	cholCost: 7728	addCost: 4888	backsolveCost: 16464
node 44	AtA: 15732	cholCost: 6028	addCost: 3352	backsolveCost: 24523
node 45	AtA: 14858	cholCost: 9520	addCost: 4888	backsolveCost: 24826
node 46	AtA: 13110	cholCost: 20767	addCost: 9112	backsolveCost: 32001
node 47	AtA: 7866	cholCost: 25747	addCost: 14872	backsolveCost: 17388
node 48	AtA: 5614	cholCost: 205633	addCost: 16552	backsolveCost: 66777
node 49	AtA: 12236	cholCost: 4080	addCost: 2728	backsolveCost: 16079
node 50	AtA: 18354	cholCost: 10416	addCost: 4888	backsolveCost: 31323
node 51	AtA: 14858	cholCost: 13931	addCost: 6808	backsolveCost: 25129
node 52	AtA: 18232	cholCost: 0	addCost: 3352	backsolveCost: 24523
node 53	AtA: 13984	cholCost: 9520	addCost: 4888	backsolveCost: 24826
node 54	AtA: 10488	cholCost: 7855	addCost: 4888	backsolveCost: 16464
node 55	AtA: 13110	cholCost: 27193	addCost: 11800	backsolveCost: 32340
node 56	AtA: 18354	cholCost: 8401	addCost: 4072	backsolveCost: 24624
node 57	AtA: 12236	cholCost: 2688	addCost: 2200	backsolveCost: 16002
node 58	AtA: 19228	cholCost: 10543	addCost: 4888	backsolveCost: 31323
node 59	AtA: 12236	cholCost: 2688	addCost: 2200	backsolveCost: 16002
node 60	AtA: 19228	cholCost: 10543	addCost: 4888	backsolveCost: 31323
node 61	AtA: 17480	cholCost: 26053	addCost: 9112	backsolveCost: 51684
node 62	AtA: 11362	cholCost: 31553	addCost: 14872	backsolveCost: 26038
node 63	AtA: 2076	cholCost: 39811	addCost: 16552	backsolveCost: 32792
node 64	AtA: 14736	cholCost: 32379	addCost: 2728	backsolveCost: 16079
node 65	AtA: 18232	cholCost: 57981	addCost: 4888	backsolveCost: 24826
node 66	AtA: 17358	cholCost: 68464	addCost: 6808	backsolveCost: 25129
node 67	AtA: 20854	cholCost: 53322	addCost: 4072	backsolveCost: 24624
node 68	AtA: 20854	cholCost: 53322	addCost: 4072	backsolveCost: 24624
node 69	AtA: 3884	cholCost: 64452	addCost: 11800	backsolveCost: 17157
node 70	AtA: 12236	cholCost: 4080	addCost: 2728	backsolveCost: 16079
node 71	AtA: 19980	cholCost: 74745	addCost: 4888	backsolveCost: 31323
node 72	AtA: 12988	cholCost: 40865	addCost: 4888	backsolveCost: 16464
node 73	AtA: 17358	cholCost: 68464	addCost: 6808	backsolveCost: 25129
node 74	AtA: 18354	cholCost: 8401	addCost: 4072	backsolveCost: 24624
node 75	AtA: 19228	cholCost: 10416	addCost: 4888	backsolveCost: 31323
node 76	AtA: 13984	cholCost: 6028	addCost: 3352	backsolveCost: 24523
node 77	AtA: 14858	cholCost: 9520	addCost: 4888	backsolveCost: 24826
node 78	AtA: 12236	cholCost: 20773	addCost: 9112	backsolveCost: 32001
node 79	AtA: 11362	cholCost: 31541	addCost: 14872	backsolveCost: 26038
node 80	AtA: 3884	cholCost: 72564	addCost: 16552	backsolveCost: 17465
node 81	AtA: 9492	cholCost: 158184	addCost: 16552	backsolveCost: 44154
node 82	AtA: 11240	cholCost: 205633	addCost: 16552	backsolveCost: 66777
node 83	AtA: 11240	cholCost: 205633	addCost: 16552	backsolveCost: 66777
node 84	AtA: 4922	cholCost: 158184	addCost: 16552	backsolveCost: 44154
node 85	AtA: 18232	cholCost: 217374	addCost: 1432	backsolveCost: 172101
node 86	AtA: 8618	cholCost: 17778	addCost: 1000	backsolveCost: 15386
node 87	AtA: -1	cholCost: 0	addCost: -1	backsolveCost: 1561

