cliques
136
node 0	AtA: 14858	cholCost: 3328	addCost: 2200	backsolveCost: 24220
node 1	AtA: 11362	cholCost: 4884	addCost: 3352	backsolveCost: 16233
node 2	AtA: 11362	cholCost: 6708	addCost: 4072	backsolveCost: 16310
node 3	AtA: 12236	cholCost: 2688	addCost: 2200	backsolveCost: 16002
node 4	AtA: 12236	cholCost: 2688	addCost: 2200	backsolveCost: 16002
node 5	AtA: 12236	cholCost: 2688	addCost: 2200	backsolveCost: 16002
node 6	AtA: 19228	cholCost: 10416	addCost: 4888	backsolveCost: 31323
node 7	AtA: 18354	cholCost: 8268	addCost: 4072	backsolveCost: 24624
node 8	AtA: 12236	cholCost: 2688	addCost: 2200	backsolveCost: 16002
node 9	AtA: 12236	cholCost: 2688	addCost: 2200	backsolveCost: 16002
node 10	AtA: 21728	cholCost: 74745	addCost: 4888	backsolveCost: 31323
node 11	AtA: 20854	cholCost: 53322	addCost: 4072	backsolveCost: 24624
node 12	AtA: 13862	cholCost: 75952	addCost: 9112	backsolveCost: 25432
node 13	AtA: 20854	cholCost: 53322	addCost: 4072	backsolveCost: 24624
node 14	AtA: 20854	cholCost: 53322	addCost: 4072	backsolveCost: 24624
node 15	AtA: 23476	cholCost: 138888	addCost: 10408	backsolveCost: 51833
node 16	AtA: 20854	cholCost: 53322	addCost: 4072	backsolveCost: 24624
node 17	AtA: 20854	cholCost: 53322	addCost: 4072	backsolveCost: 24624
node 18	AtA: 21728	cholCost: 74745	addCost: 4888	backsolveCost: 31323
node 19	AtA: 14736	cholCost: 31131	addCost: 2200	backsolveCost: 16002
node 20	AtA: 14736	cholCost: 31131	addCost: 2200	backsolveCost: 16002
node 21	AtA: 21728	cholCost: 74745	addCost: 4888	backsolveCost: 31323
node 22	AtA: 13862	cholCost: 68464	addCost: 6808	backsolveCost: 25129
node 23	AtA: 14736	cholCost: 107068	addCost: 11800	backsolveCost: 32340
node 24	AtA: 4230	cholCost: 95920	addCost: 14872	backsolveCost: 26038
node 25	AtA: 5614	cholCost: 262210	addCost: 26392	backsolveCost: 68161
node 26	AtA: 20854	cholCost: 53322	addCost: 4072	backsolveCost: 24624
node 27	AtA: 23476	cholCost: 74745	addCost: 4888	backsolveCost: 31323
node 28	AtA: 22602	cholCost: 156936	addCost: 14872	backsolveCost: 44017
node 29	AtA: 14736	cholCost: 32379	addCost: 2728	backsolveCost: 16079
node 30	AtA: 19980	cholCost: 74745	addCost: 4888	backsolveCost: 31323
node 31	AtA: 12988	cholCost: 40865	addCost: 4888	backsolveCost: 16464
node 32	AtA: 14736	cholCost: 32379	addCost: 2728	backsolveCost: 16079
node 33	AtA: 17358	cholCost: 53322	addCost: 4072	backsolveCost: 24624
node 34	AtA: 14736	cholCost: 81776	addCost: 10408	backsolveCost: 25533
node 35	AtA: 23476	cholCost: 74745	addCost: 4888	backsolveCost: 31323
node 36	AtA: 23476	cholCost: 74745	addCost: 4888	backsolveCost: 31323
node 37	AtA: 24350	cholCost: 157608	addCost: 13288	backsolveCost: 52280
node 38	AtA: 11240	cholCost: 255453	addCost: 35992	backsolveCost: 54813
node 39	AtA: 23476	cholCost: 74745	addCost: 4888	backsolveCost: 31323
node 40	AtA: 27846	cholCost: 110760	addCost: 6808	backsolveCost: 42784
node 41	AtA: 23476	cholCost: 74745	addCost: 4888	backsolveCost: 31323
node 42	AtA: 12236	cholCost: 2688	addCost: 2200	backsolveCost: 16002
node 43	AtA: 21728	cholCost: 74745	addCost: 4888	backsolveCost: 31323
node 44	AtA: 15610	cholCost: 98956	addCost: 9112	backsolveCost: 32001
node 45	AtA: 19980	cholCost: 158184	addCost: 16552	backsolveCost: 44154
node 46	AtA: 15610	cholCost: 221982	addCost: 20200	backsolveCost: 67296
node 47	AtA: 20854	cholCost: 53322	addCost: 4072	backsolveCost: 24624
node 48	AtA: 20854	cholCost: 53322	addCost: 4072	backsolveCost: 24624
node 49	AtA: 23476	cholCost: 138888	addCost: 10408	backsolveCost: 51833
node 50	AtA: 20854	cholCost: 53322	addCost: 4072	backsolveCost: 24624
node 51	AtA: 20854	cholCost: 53322	addCost: 4072	backsolveCost: 24624
node 52	AtA: 20854	cholCost: 53322	addCost: 4072	backsolveCost: 24624
node 53	AtA: 14736	cholCost: 32379	addCost: 2728	backsolveCost: 16079
node 54	AtA: 20854	cholCost: 74745	addCost: 4888	backsolveCost: 31323
node 55	AtA: 14736	cholCost: 32379	addCost: 2728	backsolveCost: 16079
node 56	AtA: 20854	cholCost: 74745	addCost: 4888	backsolveCost: 31323
node 57	AtA: 20854	cholCost: 53322	addCost: 4072	backsolveCost: 24624
node 58	AtA: 13862	cholCost: 75952	addCost: 9112	backsolveCost: 25432
node 59	AtA: 7744	cholCost: 95920	addCost: 14872	backsolveCost: 26038
node 60	AtA: 3884	cholCost: 85044	addCost: 22168	backsolveCost: 17850
node 61	AtA: 4230	cholCost: 132362	addCost: 26392	backsolveCost: 26947
node 62	AtA: 20854	cholCost: 53322	addCost: 4072	backsolveCost: 24624
node 63	AtA: 20854	cholCost: 53322	addCost: 4072	backsolveCost: 24624
node 64	AtA: 18232	cholCost: 52490	addCost: 3352	backsolveCost: 24523
node 65	AtA: 16484	cholCost: 57981	addCost: 4888	backsolveCost: 24826
node 66	AtA: 12988	cholCost: 40865	addCost: 4888	backsolveCost: 16464
node 67	AtA: 13862	cholCost: 75952	addCost: 9112	backsolveCost: 25432
node 68	AtA: 13862	cholCost: 95920	addCost: 14872	backsolveCost: 26038
node 69	AtA: 20854	cholCost: 53322	addCost: 4072	backsolveCost: 24624
node 70	AtA: 21728	cholCost: 92924	addCost: 7912	backsolveCost: 31775
node 71	AtA: 18232	cholCost: 52490	addCost: 3352	backsolveCost: 24523
node 72	AtA: 16484	cholCost: 57981	addCost: 4888	backsolveCost: 24826
node 73	AtA: 12988	cholCost: 40865	addCost: 4888	backsolveCost: 16464
node 74	AtA: 14736	cholCost: 32379	addCost: 2728	backsolveCost: 16079
node 75	AtA: 20854	cholCost: 74745	addCost: 4888	backsolveCost: 31323
node 76	AtA: 15610	cholCost: 98956	addCost: 9112	backsolveCost: 32001
node 77	AtA: 10366	cholCost: 213020	addCost: 26392	backsolveCost: 53919
node 78	AtA: 20854	cholCost: 53322	addCost: 4072	backsolveCost: 24624
node 79	AtA: 3884	cholCost: 52596	addCost: 9112	backsolveCost: 16926
node 80	AtA: 20854	cholCost: 53322	addCost: 4072	backsolveCost: 24624
node 81	AtA: 20854	cholCost: 53322	addCost: 4072	backsolveCost: 24624
node 82	AtA: 12988	cholCost: 58836	addCost: 10408	backsolveCost: 17003
node 83	AtA: 20854	cholCost: 53322	addCost: 4072	backsolveCost: 24624
node 84	AtA: 20854	cholCost: 53322	addCost: 4072	backsolveCost: 24624
node 85	AtA: 12988	cholCost: 58836	addCost: 10408	backsolveCost: 17003
node 86	AtA: 14736	cholCost: 31131	addCost: 2200	backsolveCost: 16002
node 87	AtA: 21728	cholCost: 74745	addCost: 4888	backsolveCost: 31323
node 88	AtA: 12988	cholCost: 40865	addCost: 4888	backsolveCost: 16464
node 89	AtA: 12988	cholCost: 40865	addCost: 4888	backsolveCost: 16464
node 90	AtA: 17358	cholCost: 68464	addCost: 6808	backsolveCost: 25129
node 91	AtA: 4576	cholCost: 133276	addCost: 18328	backsolveCost: 33018
node 92	AtA: 5960	cholCost: 296110	addCost: 26392	backsolveCost: 78750
node 93	AtA: 4922	cholCost: 265514	addCost: 44200	backsolveCost: 46620
node 94	AtA: 20854	cholCost: 53322	addCost: 4072	backsolveCost: 24624
node 95	AtA: 20854	cholCost: 53322	addCost: 4072	backsolveCost: 24624
node 96	AtA: 20854	cholCost: 53322	addCost: 4072	backsolveCost: 24624
node 97	AtA: 14736	cholCost: 119132	addCost: 13288	backsolveCost: 32453
node 98	AtA: 20854	cholCost: 53322	addCost: 4072	backsolveCost: 24624
node 99	AtA: 20854	cholCost: 53322	addCost: 4072	backsolveCost: 24624
node 100	AtA: 20854	cholCost: 53322	addCost: 4072	backsolveCost: 24624
node 101	AtA: 12236	cholCost: 2688	addCost: 2200	backsolveCost: 16002
node 102	AtA: 21728	cholCost: 74745	addCost: 4888	backsolveCost: 31323
node 103	AtA: 14736	cholCost: 31131	addCost: 2200	backsolveCost: 16002
node 104	AtA: 21728	cholCost: 74745	addCost: 4888	backsolveCost: 31323
node 105	AtA: 16484	cholCost: 150120	addCost: 11800	backsolveCost: 52131
node 106	AtA: 3884	cholCost: 78180	addCost: 18328	backsolveCost: 17619
node 107	AtA: 3884	cholCost: 102766	addCost: 31000	backsolveCost: 18312
node 108	AtA: 20854	cholCost: 53322	addCost: 4072	backsolveCost: 24624
node 109	AtA: 20854	cholCost: 53322	addCost: 4072	backsolveCost: 24624
node 110	AtA: 14736	cholCost: 32379	addCost: 2728	backsolveCost: 16079
node 111	AtA: 20854	cholCost: 74745	addCost: 4888	backsolveCost: 31323
node 112	AtA: 20854	cholCost: 53322	addCost: 4072	backsolveCost: 24624
node 113	AtA: 18232	cholCost: 52490	addCost: 3352	backsolveCost: 24523
node 114	AtA: 17358	cholCost: 57981	addCost: 4888	backsolveCost: 24826
node 115	AtA: 7744	cholCost: 75952	addCost: 9112	backsolveCost: 25432
node 116	AtA: 3884	cholCost: 66324	addCost: 14872	backsolveCost: 17388
node 117	AtA: 20854	cholCost: 53322	addCost: 4072	backsolveCost: 24624
node 118	AtA: 20854	cholCost: 53322	addCost: 4072	backsolveCost: 24624
node 119	AtA: 20854	cholCost: 53322	addCost: 4072	backsolveCost: 24624
node 120	AtA: 14736	cholCost: 119132	addCost: 13288	backsolveCost: 32453
node 121	AtA: 20854	cholCost: 53322	addCost: 4072	backsolveCost: 24624
node 122	AtA: 18232	cholCost: 52490	addCost: 3352	backsolveCost: 24523
node 123	AtA: 17358	cholCost: 57981	addCost: 4888	backsolveCost: 24826
node 124	AtA: 21728	cholCost: 65635	addCost: 3352	backsolveCost: 30984
node 125	AtA: 14736	cholCost: 75952	addCost: 9112	backsolveCost: 25432
node 126	AtA: 14736	cholCost: 107068	addCost: 11800	backsolveCost: 32340
node 127	AtA: 3884	cholCost: 85044	addCost: 22168	backsolveCost: 17850
node 128	AtA: 8618	cholCost: 180576	addCost: 31000	backsolveCost: 34035
node 129	AtA: 5614	cholCost: 343665	addCost: 44200	backsolveCost: 69891
node 130	AtA: 16484	cholCost: 661820	addCost: 44200	backsolveCost: 167352
node 131	AtA: 18232	cholCost: 540906	addCost: 44200	backsolveCost: 130257
node 132	AtA: 5614	cholCost: 362552	addCost: 47128	backsolveCost: 70237
node 133	AtA: 37460	cholCost: 1123404	addCost: 1192	backsolveCost: 888176
node 134	AtA: 6870	cholCost: 16194	addCost: 1000	backsolveCost: 10977
node 135	AtA: -1	cholCost: 0	addCost: -1	backsolveCost: 1561

