cliques
166
node 0	AtA: 12236	cholCost: 0	addCost: 2200	backsolveCost: 16002
node 1	AtA: 13984	cholCost: 6028	addCost: 3352	backsolveCost: 24523
node 2	AtA: 12236	cholCost: 2688	addCost: 2200	backsolveCost: 16002
node 3	AtA: 12236	cholCost: 2688	addCost: 2200	backsolveCost: 16002
node 4	AtA: 12236	cholCost: 2688	addCost: 2200	backsolveCost: 16002
node 5	AtA: 11362	cholCost: 6708	addCost: 4072	backsolveCost: 16310
node 6	AtA: 13984	cholCost: 6028	addCost: 3352	backsolveCost: 24523
node 7	AtA: 17480	cholCost: 6028	addCost: 3352	backsolveCost: 24523
node 8	AtA: 19228	cholCost: 10416	addCost: 4888	backsolveCost: 31323
node 9	AtA: 18354	cholCost: 8268	addCost: 4072	backsolveCost: 24624
node 10	AtA: 20976	cholCost: 0	addCost: 4888	backsolveCost: 31323
node 11	AtA: 7866	cholCost: 11347	addCost: 6808	backsolveCost: 16695
node 12	AtA: 12236	cholCost: 2688	addCost: 2200	backsolveCost: 16002
node 13	AtA: 14858	cholCost: 9520	addCost: 4888	backsolveCost: 24826
node 14	AtA: 18354	cholCost: 8268	addCost: 4072	backsolveCost: 24624
node 15	AtA: 18354	cholCost: 8268	addCost: 4072	backsolveCost: 24624
node 16	AtA: 8740	cholCost: 4884	addCost: 3352	backsolveCost: 16233
node 17	AtA: 12236	cholCost: 0	addCost: 2200	backsolveCost: 16002
node 18	AtA: 18354	cholCost: 8268	addCost: 4072	backsolveCost: 24624
node 19	AtA: 13984	cholCost: 6028	addCost: 3352	backsolveCost: 24523
node 20	AtA: 14858	cholCost: 9520	addCost: 4888	backsolveCost: 24826
node 21	AtA: 18354	cholCost: 8268	addCost: 4072	backsolveCost: 24624
node 22	AtA: 3384	cholCost: 15360	addCost: 9112	backsolveCost: 16926
node 23	AtA: 6992	cholCost: 20305	addCost: 11800	backsolveCost: 17157
node 24	AtA: 10488	cholCost: 18673	addCost: 10408	backsolveCost: 17003
node 25	AtA: 18354	cholCost: 8395	addCost: 4072	backsolveCost: 24624
node 26	AtA: 20976	cholCost: 10416	addCost: 4888	backsolveCost: 31323
node 27	AtA: 18354	cholCost: 8407	addCost: 4072	backsolveCost: 24624
node 28	AtA: 18354	cholCost: 8395	addCost: 4072	backsolveCost: 24624
node 29	AtA: 12236	cholCost: 2688	addCost: 2200	backsolveCost: 16002
node 30	AtA: 19228	cholCost: 10416	addCost: 4888	backsolveCost: 31323
node 31	AtA: 18354	cholCost: 8268	addCost: 4072	backsolveCost: 24624
node 32	AtA: 11362	cholCost: 19037	addCost: 9112	backsolveCost: 25432
node 33	AtA: 12236	cholCost: 2688	addCost: 2200	backsolveCost: 16002
node 34	AtA: 20976	cholCost: 10416	addCost: 4888	backsolveCost: 31323
node 35	AtA: 12236	cholCost: 2688	addCost: 2200	backsolveCost: 16002
node 36	AtA: 19228	cholCost: 10416	addCost: 4888	backsolveCost: 31323
node 37	AtA: 20854	cholCost: 53322	addCost: 4072	backsolveCost: 24624
node 38	AtA: 20854	cholCost: 53322	addCost: 4072	backsolveCost: 24624
node 39	AtA: 22602	cholCost: 149448	addCost: 13288	backsolveCost: 43743
node 40	AtA: 20854	cholCost: 53322	addCost: 4072	backsolveCost: 24624
node 41	AtA: 20854	cholCost: 53322	addCost: 4072	backsolveCost: 24624
node 42	AtA: 20854	cholCost: 53322	addCost: 4072	backsolveCost: 24624
node 43	AtA: 20854	cholCost: 53322	addCost: 4072	backsolveCost: 24624
node 44	AtA: 3884	cholCost: 72564	addCost: 16552	backsolveCost: 17465
node 45	AtA: 3884	cholCost: 102142	addCost: 28648	backsolveCost: 18158
node 46	AtA: 20854	cholCost: 53322	addCost: 4072	backsolveCost: 24624
node 47	AtA: 12988	cholCost: 64452	addCost: 11800	backsolveCost: 17157
node 48	AtA: 23476	cholCost: 74745	addCost: 4888	backsolveCost: 31323
node 49	AtA: 17358	cholCost: 68464	addCost: 6808	backsolveCost: 25129
node 50	AtA: 21728	cholCost: 74745	addCost: 4888	backsolveCost: 31323
node 51	AtA: 17358	cholCost: 184292	addCost: 13288	backsolveCost: 66258
node 52	AtA: 14736	cholCost: 32379	addCost: 2728	backsolveCost: 16079
node 53	AtA: 18232	cholCost: 57981	addCost: 4888	backsolveCost: 24826
node 54	AtA: 17358	cholCost: 68464	addCost: 6808	backsolveCost: 25129
node 55	AtA: 20854	cholCost: 53322	addCost: 4072	backsolveCost: 24624
node 56	AtA: 20854	cholCost: 53322	addCost: 4072	backsolveCost: 24624
node 57	AtA: 12988	cholCost: 58836	addCost: 10408	backsolveCost: 17003
node 58	AtA: 20854	cholCost: 53322	addCost: 4072	backsolveCost: 24624
node 59	AtA: 23476	cholCost: 74745	addCost: 4888	backsolveCost: 31323
node 60	AtA: 14736	cholCost: 31131	addCost: 2200	backsolveCost: 16002
node 61	AtA: 14736	cholCost: 32379	addCost: 2728	backsolveCost: 16079
node 62	AtA: 19980	cholCost: 74745	addCost: 4888	backsolveCost: 31323
node 63	AtA: 12988	cholCost: 40865	addCost: 4888	backsolveCost: 16464
node 64	AtA: 19980	cholCost: 150120	addCost: 11800	backsolveCost: 52131
node 65	AtA: 13862	cholCost: 108400	addCost: 18328	backsolveCost: 26341
node 66	AtA: 11240	cholCost: 262210	addCost: 26392	backsolveCost: 68161
node 67	AtA: 14736	cholCost: 449066	addCost: 44200	backsolveCost: 97770
node 68	AtA: 23476	cholCost: 74745	addCost: 4888	backsolveCost: 31323
node 69	AtA: 10488	cholCost: 20275	addCost: 11800	backsolveCost: 17157
node 70	AtA: 3384	cholCost: 25747	addCost: 14872	backsolveCost: 17388
node 71	AtA: 16484	cholCost: 153369	addCost: 22168	backsolveCost: 33357
node 72	AtA: 23476	cholCost: 74745	addCost: 4888	backsolveCost: 31323
node 73	AtA: 23476	cholCost: 74745	addCost: 4888	backsolveCost: 31323
node 74	AtA: 15610	cholCost: 88432	addCost: 11800	backsolveCost: 25735
node 75	AtA: 20854	cholCost: 53322	addCost: 4072	backsolveCost: 24624
node 76	AtA: 20854	cholCost: 53322	addCost: 4072	backsolveCost: 24624
node 77	AtA: 20854	cholCost: 53322	addCost: 4072	backsolveCost: 24624
node 78	AtA: 13862	cholCost: 101744	addCost: 16552	backsolveCost: 26139
node 79	AtA: 20854	cholCost: 53322	addCost: 4072	backsolveCost: 24624
node 80	AtA: 20854	cholCost: 53322	addCost: 4072	backsolveCost: 24624
node 81	AtA: 14736	cholCost: 31131	addCost: 2200	backsolveCost: 16002
node 82	AtA: 21728	cholCost: 74745	addCost: 4888	backsolveCost: 31323
node 83	AtA: 20854	cholCost: 53322	addCost: 4072	backsolveCost: 24624
node 84	AtA: 16484	cholCost: 52490	addCost: 3352	backsolveCost: 24523
node 85	AtA: 12988	cholCost: 52596	addCost: 9112	backsolveCost: 16926
node 86	AtA: 11240	cholCost: 98956	addCost: 9112	backsolveCost: 32001
node 87	AtA: 3884	cholCost: 66324	addCost: 14872	backsolveCost: 17388
node 88	AtA: 4576	cholCost: 153369	addCost: 22168	backsolveCost: 33357
node 89	AtA: 3884	cholCost: 111003	addCost: 33448	backsolveCost: 18389
node 90	AtA: 4922	cholCost: 301208	addCost: 50152	backsolveCost: 47031
node 91	AtA: 20854	cholCost: 53322	addCost: 4072	backsolveCost: 24624
node 92	AtA: 12988	cholCost: 64452	addCost: 11800	backsolveCost: 17157
node 93	AtA: 20854	cholCost: 53322	addCost: 4072	backsolveCost: 24624
node 94	AtA: 20854	cholCost: 53322	addCost: 4072	backsolveCost: 24624
node 95	AtA: 23476	cholCost: 138888	addCost: 10408	backsolveCost: 51833
node 96	AtA: 10366	cholCost: 115888	addCost: 22168	backsolveCost: 26644
node 97	AtA: 18354	cholCost: 8407	addCost: 4072	backsolveCost: 24624
node 98	AtA: 22602	cholCost: 149448	addCost: 13288	backsolveCost: 43743
node 99	AtA: 14736	cholCost: 31131	addCost: 2200	backsolveCost: 16002
node 100	AtA: 16484	cholCost: 52490	addCost: 3352	backsolveCost: 24523
node 101	AtA: 19106	cholCost: 124488	addCost: 9112	backsolveCost: 43195
node 102	AtA: 14736	cholCost: 107068	addCost: 11800	backsolveCost: 32340
node 103	AtA: 20854	cholCost: 53322	addCost: 4072	backsolveCost: 24624
node 104	AtA: 14736	cholCost: 31131	addCost: 2200	backsolveCost: 16002
node 105	AtA: 21728	cholCost: 74745	addCost: 4888	backsolveCost: 31323
node 106	AtA: 20854	cholCost: 53322	addCost: 4072	backsolveCost: 24624
node 107	AtA: 13862	cholCost: 75952	addCost: 9112	backsolveCost: 25432
node 108	AtA: 13862	cholCost: 95920	addCost: 14872	backsolveCost: 26038
node 109	AtA: 11240	cholCost: 163478	addCost: 26392	backsolveCost: 33696
node 110	AtA: 4230	cholCost: 158321	addCost: 35992	backsolveCost: 27553
node 111	AtA: 4576	cholCost: 264028	addCost: 56488	backsolveCost: 35504
node 112	AtA: 20854	cholCost: 53322	addCost: 4072	backsolveCost: 24624
node 113	AtA: 20854	cholCost: 53322	addCost: 4072	backsolveCost: 24624
node 114	AtA: 20854	cholCost: 53322	addCost: 4072	backsolveCost: 24624
node 115	AtA: 21728	cholCost: 92924	addCost: 7912	backsolveCost: 31775
node 116	AtA: 3884	cholCost: 65700	addCost: 13288	backsolveCost: 17234
node 117	AtA: 20854	cholCost: 53322	addCost: 4072	backsolveCost: 24624
node 118	AtA: 20854	cholCost: 53322	addCost: 4072	backsolveCost: 24624
node 119	AtA: 20854	cholCost: 53322	addCost: 4072	backsolveCost: 24624
node 120	AtA: 4230	cholCost: 89264	addCost: 13288	backsolveCost: 25836
node 121	AtA: 20854	cholCost: 53322	addCost: 4072	backsolveCost: 24624
node 122	AtA: 20854	cholCost: 53322	addCost: 4072	backsolveCost: 24624
node 123	AtA: 22602	cholCost: 149448	addCost: 13288	backsolveCost: 43743
node 124	AtA: 20854	cholCost: 53322	addCost: 4072	backsolveCost: 24624
node 125	AtA: 20854	cholCost: 53322	addCost: 4072	backsolveCost: 24624
node 126	AtA: 22602	cholCost: 149448	addCost: 13288	backsolveCost: 43743
node 127	AtA: 20854	cholCost: 53322	addCost: 4072	backsolveCost: 24624
node 128	AtA: 20854	cholCost: 65635	addCost: 3352	backsolveCost: 30984
node 129	AtA: 17358	cholCost: 57981	addCost: 4888	backsolveCost: 24826
node 130	AtA: 14736	cholCost: 31131	addCost: 2200	backsolveCost: 16002
node 131	AtA: 21728	cholCost: 74745	addCost: 4888	backsolveCost: 31323
node 132	AtA: 14736	cholCost: 31131	addCost: 2200	backsolveCost: 16002
node 133	AtA: 21728	cholCost: 74745	addCost: 4888	backsolveCost: 31323
node 134	AtA: 19980	cholCost: 126408	addCost: 9112	backsolveCost: 51684
node 135	AtA: 4230	cholCost: 95920	addCost: 14872	backsolveCost: 26038
node 136	AtA: 11240	cholCost: 163478	addCost: 26392	backsolveCost: 33696
node 137	AtA: 11240	cholCost: 214772	addCost: 41368	backsolveCost: 34713
node 138	AtA: 21728	cholCost: 74745	addCost: 4888	backsolveCost: 31323
node 139	AtA: 18354	cholCost: 8449	addCost: 4072	backsolveCost: 24624
node 140	AtA: 20854	cholCost: 53322	addCost: 4072	backsolveCost: 24624
node 141	AtA: 4922	cholCost: 165672	addCost: 18328	backsolveCost: 44428
node 142	AtA: 12114	cholCost: 204111	addCost: 26392	backsolveCost: 45250
node 143	AtA: 12114	cholCost: 228822	addCost: 31000	backsolveCost: 45661
node 144	AtA: 20854	cholCost: 53322	addCost: 4072	backsolveCost: 24624
node 145	AtA: 20854	cholCost: 53322	addCost: 4072	backsolveCost: 24624
node 146	AtA: 20854	cholCost: 53322	addCost: 4072	backsolveCost: 24624
node 147	AtA: 20854	cholCost: 53322	addCost: 4072	backsolveCost: 24624
node 148	AtA: 12988	cholCost: 58836	addCost: 10408	backsolveCost: 17003
node 149	AtA: 3884	cholCost: 72564	addCost: 16552	backsolveCost: 17465
node 150	AtA: 20854	cholCost: 53322	addCost: 4072	backsolveCost: 24624
node 151	AtA: 20854	cholCost: 53322	addCost: 4072	backsolveCost: 24624
node 152	AtA: 14736	cholCost: 31131	addCost: 2200	backsolveCost: 16002
node 153	AtA: 14736	cholCost: 31131	addCost: 2200	backsolveCost: 16002
node 154	AtA: 12988	cholCost: 40865	addCost: 4888	backsolveCost: 16464
node 155	AtA: 12988	cholCost: 40865	addCost: 4888	backsolveCost: 16464
node 156	AtA: 15610	cholCost: 138216	addCost: 11800	backsolveCost: 43606
node 157	AtA: 3884	cholCost: 93905	addCost: 26392	backsolveCost: 18081
node 158	AtA: 5268	cholCost: 301880	addCost: 47128	backsolveCost: 55707
node 159	AtA: 6306	cholCost: 560762	addCost: 63208	backsolveCost: 99651
node 160	AtA: 6652	cholCost: 665604	addCost: 77800	backsolveCost: 113714
node 161	AtA: 7690	cholCost: 1001276	addCost: 89752	backsolveCost: 172972
node 162	AtA: 21728	cholCost: 1027014	addCost: 53272	backsolveCost: 277500
node 163	AtA: 45326	cholCost: 1423508	addCost: 1192	backsolveCost: 1137552
node 164	AtA: 6870	cholCost: 16194	addCost: 1000	backsolveCost: 10977
node 165	AtA: -1	cholCost: 0	addCost: -1	backsolveCost: 1561

