cliques
130
node 0	AtA: 14858	cholCost: 0	addCost: 2200	backsolveCost: 24220
node 1	AtA: 12236	cholCost: 2688	addCost: 2200	backsolveCost: 16002
node 2	AtA: 19228	cholCost: 10416	addCost: 4888	backsolveCost: 31323
node 3	AtA: 14858	cholCost: 13949	addCost: 6808	backsolveCost: 25129
node 4	AtA: 12236	cholCost: 2688	addCost: 2200	backsolveCost: 16002
node 5	AtA: 12236	cholCost: 2688	addCost: 2200	backsolveCost: 16002
node 6	AtA: 13984	cholCost: 6028	addCost: 3352	backsolveCost: 24523
node 7	AtA: 12236	cholCost: 2688	addCost: 2200	backsolveCost: 16002
node 8	AtA: 18354	cholCost: 9647	addCost: 4888	backsolveCost: 24826
node 9	AtA: 13984	cholCost: 6028	addCost: 3352	backsolveCost: 24523
node 10	AtA: 15732	cholCost: 8268	addCost: 4072	backsolveCost: 24624
node 11	AtA: 13110	cholCost: 11220	addCost: 6808	backsolveCost: 16695
node 12	AtA: 9614	cholCost: 11353	addCost: 6808	backsolveCost: 16695
node 13	AtA: 20854	cholCost: 53322	addCost: 4072	backsolveCost: 24624
node 14	AtA: 20854	cholCost: 53322	addCost: 4072	backsolveCost: 24624
node 15	AtA: 20854	cholCost: 53322	addCost: 4072	backsolveCost: 24624
node 16	AtA: 18232	cholCost: 52490	addCost: 3352	backsolveCost: 24523
node 17	AtA: 17358	cholCost: 57981	addCost: 4888	backsolveCost: 24826
node 18	AtA: 20854	cholCost: 53322	addCost: 4072	backsolveCost: 24624
node 19	AtA: 20854	cholCost: 65635	addCost: 3352	backsolveCost: 30984
node 20	AtA: 17358	cholCost: 57981	addCost: 4888	backsolveCost: 24826
node 21	AtA: 12988	cholCost: 124488	addCost: 9112	backsolveCost: 43195
node 22	AtA: 13862	cholCost: 95920	addCost: 14872	backsolveCost: 26038
node 23	AtA: 3884	cholCost: 85044	addCost: 22168	backsolveCost: 17850
node 24	AtA: 17358	cholCost: 57981	addCost: 4888	backsolveCost: 24826
node 25	AtA: 20854	cholCost: 53322	addCost: 4072	backsolveCost: 24624
node 26	AtA: 20854	cholCost: 53322	addCost: 4072	backsolveCost: 24624
node 27	AtA: 10366	cholCost: 88432	addCost: 11800	backsolveCost: 25735
node 28	AtA: 20854	cholCost: 53322	addCost: 4072	backsolveCost: 24624
node 29	AtA: 20854	cholCost: 53322	addCost: 4072	backsolveCost: 24624
node 30	AtA: 20854	cholCost: 53322	addCost: 4072	backsolveCost: 24624
node 31	AtA: 14736	cholCost: 119132	addCost: 13288	backsolveCost: 32453
node 32	AtA: 3884	cholCost: 85044	addCost: 22168	backsolveCost: 17850
node 33	AtA: 20854	cholCost: 53322	addCost: 4072	backsolveCost: 24624
node 34	AtA: 20854	cholCost: 53322	addCost: 4072	backsolveCost: 24624
node 35	AtA: 20854	cholCost: 53322	addCost: 4072	backsolveCost: 24624
node 36	AtA: 14736	cholCost: 119132	addCost: 13288	backsolveCost: 32453
node 37	AtA: 20854	cholCost: 53322	addCost: 4072	backsolveCost: 24624
node 38	AtA: 14736	cholCost: 31131	addCost: 2200	backsolveCost: 16002
node 39	AtA: 21728	cholCost: 74745	addCost: 4888	backsolveCost: 31323
node 40	AtA: 13862	cholCost: 75952	addCost: 9112	backsolveCost: 25432
node 41	AtA: 20854	cholCost: 53322	addCost: 4072	backsolveCost: 24624
node 42	AtA: 14736	cholCost: 31131	addCost: 2200	backsolveCost: 16002
node 43	AtA: 16484	cholCost: 52490	addCost: 3352	backsolveCost: 24523
node 44	AtA: 22602	cholCost: 138216	addCost: 11800	backsolveCost: 43606
node 45	AtA: 4230	cholCost: 95920	addCost: 14872	backsolveCost: 26038
node 46	AtA: 3884	cholCost: 93905	addCost: 26392	backsolveCost: 18081
node 47	AtA: 20854	cholCost: 53322	addCost: 4072	backsolveCost: 24624
node 48	AtA: 19980	cholCost: 52490	addCost: 3352	backsolveCost: 24523
node 49	AtA: 20854	cholCost: 53322	addCost: 4072	backsolveCost: 24624
node 50	AtA: 14736	cholCost: 31131	addCost: 2200	backsolveCost: 16002
node 51	AtA: 21728	cholCost: 74745	addCost: 4888	backsolveCost: 31323
node 52	AtA: 16484	cholCost: 126408	addCost: 9112	backsolveCost: 51684
node 53	AtA: 13862	cholCost: 95920	addCost: 14872	backsolveCost: 26038
node 54	AtA: 20854	cholCost: 53322	addCost: 4072	backsolveCost: 24624
node 55	AtA: 20854	cholCost: 53322	addCost: 4072	backsolveCost: 24624
node 56	AtA: 22602	cholCost: 149448	addCost: 13288	backsolveCost: 43743
node 57	AtA: 20854	cholCost: 53322	addCost: 4072	backsolveCost: 24624
node 58	AtA: 14736	cholCost: 31131	addCost: 2200	backsolveCost: 16002
node 59	AtA: 16484	cholCost: 52490	addCost: 3352	backsolveCost: 24523
node 60	AtA: 22602	cholCost: 138216	addCost: 11800	backsolveCost: 43606
node 61	AtA: 14736	cholCost: 31131	addCost: 2200	backsolveCost: 16002
node 62	AtA: 21728	cholCost: 74745	addCost: 4888	backsolveCost: 31323
node 63	AtA: 14736	cholCost: 31131	addCost: 2200	backsolveCost: 16002
node 64	AtA: 21728	cholCost: 74745	addCost: 4888	backsolveCost: 31323
node 65	AtA: 14736	cholCost: 98956	addCost: 9112	backsolveCost: 32001
node 66	AtA: 3884	cholCost: 78180	addCost: 18328	backsolveCost: 17619
node 67	AtA: 11240	cholCost: 180576	addCost: 31000	backsolveCost: 34035
node 68	AtA: 13862	cholCost: 305891	addCost: 35992	backsolveCost: 69199
node 69	AtA: 15610	cholCost: 449066	addCost: 44200	backsolveCost: 97770
node 70	AtA: 6306	cholCost: 427475	addCost: 38632	backsolveCost: 97143
node 71	AtA: 20854	cholCost: 53322	addCost: 4072	backsolveCost: 24624
node 72	AtA: 20854	cholCost: 53322	addCost: 4072	backsolveCost: 24624
node 73	AtA: 23476	cholCost: 138888	addCost: 10408	backsolveCost: 51833
node 74	AtA: 20854	cholCost: 53322	addCost: 4072	backsolveCost: 24624
node 75	AtA: 20854	cholCost: 53322	addCost: 4072	backsolveCost: 24624
node 76	AtA: 14736	cholCost: 31131	addCost: 2200	backsolveCost: 16002
node 77	AtA: 21728	cholCost: 74745	addCost: 4888	backsolveCost: 31323
node 78	AtA: 20854	cholCost: 53322	addCost: 4072	backsolveCost: 24624
node 79	AtA: 14736	cholCost: 31131	addCost: 2200	backsolveCost: 16002
node 80	AtA: 21728	cholCost: 74745	addCost: 4888	backsolveCost: 31323
node 81	AtA: 12114	cholCost: 124488	addCost: 9112	backsolveCost: 43195
node 82	AtA: 3884	cholCost: 66324	addCost: 14872	backsolveCost: 17388
node 83	AtA: 20854	cholCost: 53322	addCost: 4072	backsolveCost: 24624
node 84	AtA: 14736	cholCost: 32379	addCost: 2728	backsolveCost: 16079
node 85	AtA: 14736	cholCost: 31131	addCost: 2200	backsolveCost: 16002
node 86	AtA: 14736	cholCost: 40241	addCost: 4072	backsolveCost: 16310
node 87	AtA: 11240	cholCost: 45108	addCost: 5800	backsolveCost: 16541
node 88	AtA: 13862	cholCost: 81776	addCost: 10408	backsolveCost: 25533
node 89	AtA: 20854	cholCost: 53322	addCost: 4072	backsolveCost: 24624
node 90	AtA: 20854	cholCost: 53322	addCost: 4072	backsolveCost: 24624
node 91	AtA: 23476	cholCost: 74745	addCost: 4888	backsolveCost: 31323
node 92	AtA: 23476	cholCost: 74745	addCost: 4888	backsolveCost: 31323
node 93	AtA: 10366	cholCost: 132236	addCost: 16552	backsolveCost: 32792
node 94	AtA: 6870	cholCost: 86292	addCost: 24232	backsolveCost: 17927
node 95	AtA: 20854	cholCost: 53322	addCost: 4072	backsolveCost: 24624
node 96	AtA: 20854	cholCost: 53322	addCost: 4072	backsolveCost: 24624
node 97	AtA: 20854	cholCost: 53322	addCost: 4072	backsolveCost: 24624
node 98	AtA: 20854	cholCost: 53322	addCost: 4072	backsolveCost: 24624
node 99	AtA: 20854	cholCost: 53322	addCost: 4072	backsolveCost: 24624
node 100	AtA: 14736	cholCost: 31131	addCost: 2200	backsolveCost: 16002
node 101	AtA: 21728	cholCost: 74745	addCost: 4888	backsolveCost: 31323
node 102	AtA: 14736	cholCost: 31131	addCost: 2200	backsolveCost: 16002
node 103	AtA: 21728	cholCost: 74745	addCost: 4888	backsolveCost: 31323
node 104	AtA: 20854	cholCost: 53322	addCost: 4072	backsolveCost: 24624
node 105	AtA: 14736	cholCost: 31131	addCost: 2200	backsolveCost: 16002
node 106	AtA: 21728	cholCost: 74745	addCost: 4888	backsolveCost: 31323
node 107	AtA: 12114	cholCost: 124488	addCost: 9112	backsolveCost: 43195
node 108	AtA: 4230	cholCost: 95920	addCost: 14872	backsolveCost: 26038
node 109	AtA: 5960	cholCost: 277140	addCost: 22168	backsolveCost: 78195
node 110	AtA: 16484	cholCost: 57981	addCost: 4888	backsolveCost: 24826
node 111	AtA: 18354	cholCost: 8268	addCost: 4072	backsolveCost: 24624
node 112	AtA: 19106	cholCost: 124488	addCost: 9112	backsolveCost: 43195
node 113	AtA: 10366	cholCost: 95920	addCost: 14872	backsolveCost: 26038
node 114	AtA: 20854	cholCost: 53322	addCost: 4072	backsolveCost: 24624
node 115	AtA: 23476	cholCost: 74745	addCost: 4888	backsolveCost: 31323
node 116	AtA: 11240	cholCost: 89264	addCost: 13288	backsolveCost: 25836
node 117	AtA: 20854	cholCost: 53322	addCost: 4072	backsolveCost: 24624
node 118	AtA: 16484	cholCost: 52490	addCost: 3352	backsolveCost: 24523
node 119	AtA: 16484	cholCost: 57981	addCost: 4888	backsolveCost: 24826
node 120	AtA: 17358	cholCost: 182836	addCost: 11800	backsolveCost: 66085
node 121	AtA: 10366	cholCost: 132362	addCost: 26392	backsolveCost: 26947
node 122	AtA: 8618	cholCost: 197674	addCost: 35992	backsolveCost: 34374
node 123	AtA: 4922	cholCost: 301208	addCost: 50152	backsolveCost: 47031
node 124	AtA: 12988	cholCost: 468785	addCost: 47128	backsolveCost: 98188
node 125	AtA: 7344	cholCost: 616195	addCost: 47128	backsolveCost: 145320
node 126	AtA: 9074	cholCost: 651304	addCost: 20200	backsolveCost: 250071
node 127	AtA: 25224	cholCost: 343080	addCost: 1192	backsolveCost: 289947
node 128	AtA: 6870	cholCost: 16194	addCost: 1000	backsolveCost: 10977
node 129	AtA: -1	cholCost: 0	addCost: -1	backsolveCost: 1561

