cliques
95
node 0	AtA: 14858	cholCost: 3328	addCost: 2200	backsolveCost: 24220
node 1	AtA: 12236	cholCost: 2688	addCost: 2200	backsolveCost: 16002
node 2	AtA: 12236	cholCost: 2688	addCost: 2200	backsolveCost: 16002
node 3	AtA: 12236	cholCost: 4884	addCost: 3352	backsolveCost: 16233
node 4	AtA: 19228	cholCost: 10573	addCost: 4888	backsolveCost: 31323
node 5	AtA: 12236	cholCost: 0	addCost: 2200	backsolveCost: 16002
node 6	AtA: 12236	cholCost: 2688	addCost: 2200	backsolveCost: 16002
node 7	AtA: 13984	cholCost: 6155	addCost: 3352	backsolveCost: 24523
node 8	AtA: 12236	cholCost: 2688	addCost: 2200	backsolveCost: 16002
node 9	AtA: 19228	cholCost: 10416	addCost: 4888	backsolveCost: 31323
node 10	AtA: 12236	cholCost: 2688	addCost: 2200	backsolveCost: 16002
node 11	AtA: 20854	cholCost: 65635	addCost: 3352	backsolveCost: 30984
node 12	AtA: 17358	cholCost: 57981	addCost: 4888	backsolveCost: 24826
node 13	AtA: 17358	cholCost: 68464	addCost: 6808	backsolveCost: 25129
node 14	AtA: 14736	cholCost: 31131	addCost: 2200	backsolveCost: 16002
node 15	AtA: 14736	cholCost: 40241	addCost: 4072	backsolveCost: 16310
node 16	AtA: 14736	cholCost: 31131	addCost: 2200	backsolveCost: 16002
node 17	AtA: 21728	cholCost: 74745	addCost: 4888	backsolveCost: 31323
node 18	AtA: 23476	cholCost: 74745	addCost: 4888	backsolveCost: 31323
node 19	AtA: 24350	cholCost: 84812	addCost: 5800	backsolveCost: 31436
node 20	AtA: 15610	cholCost: 192196	addCost: 14872	backsolveCost: 66604
node 21	AtA: 20854	cholCost: 53322	addCost: 4072	backsolveCost: 24624
node 22	AtA: 14736	cholCost: 31131	addCost: 2200	backsolveCost: 16002
node 23	AtA: 12988	cholCost: 40865	addCost: 4888	backsolveCost: 16464
node 24	AtA: 12988	cholCost: 40865	addCost: 4888	backsolveCost: 16464
node 25	AtA: 19228	cholCost: 15253	addCost: 6808	backsolveCost: 31662
node 26	AtA: 17358	cholCost: 192196	addCost: 14872	backsolveCost: 66604
node 27	AtA: 16484	cholCost: 158184	addCost: 16552	backsolveCost: 44154
node 28	AtA: 14736	cholCost: 31131	addCost: 2200	backsolveCost: 16002
node 29	AtA: 21728	cholCost: 74745	addCost: 4888	backsolveCost: 31323
node 30	AtA: 20854	cholCost: 53322	addCost: 4072	backsolveCost: 24624
node 31	AtA: 20854	cholCost: 53322	addCost: 4072	backsolveCost: 24624
node 32	AtA: 10366	cholCost: 88432	addCost: 11800	backsolveCost: 25735
node 33	AtA: 20854	cholCost: 53322	addCost: 4072	backsolveCost: 24624
node 34	AtA: 20854	cholCost: 53322	addCost: 4072	backsolveCost: 24624
node 35	AtA: 14736	cholCost: 31131	addCost: 2200	backsolveCost: 16002
node 36	AtA: 16484	cholCost: 52490	addCost: 3352	backsolveCost: 24523
node 37	AtA: 17358	cholCost: 57981	addCost: 4888	backsolveCost: 24826
node 38	AtA: 23476	cholCost: 150120	addCost: 11800	backsolveCost: 52131
node 39	AtA: 14736	cholCost: 125164	addCost: 14872	backsolveCost: 32679
node 40	AtA: 20854	cholCost: 53322	addCost: 4072	backsolveCost: 24624
node 41	AtA: 14736	cholCost: 31131	addCost: 2200	backsolveCost: 16002
node 42	AtA: 14736	cholCost: 31131	addCost: 2200	backsolveCost: 16002
node 43	AtA: 12988	cholCost: 40865	addCost: 4888	backsolveCost: 16464
node 44	AtA: 12988	cholCost: 40865	addCost: 4888	backsolveCost: 16464
node 45	AtA: 17358	cholCost: 68464	addCost: 6808	backsolveCost: 25129
node 46	AtA: 9492	cholCost: 64452	addCost: 11800	backsolveCost: 17157
node 47	AtA: 15610	cholCost: 138216	addCost: 11800	backsolveCost: 43606
node 48	AtA: 20854	cholCost: 53322	addCost: 4072	backsolveCost: 24624
node 49	AtA: 18354	cholCost: 8413	addCost: 4072	backsolveCost: 24624
node 50	AtA: 14736	cholCost: 31131	addCost: 2200	backsolveCost: 16002
node 51	AtA: 21728	cholCost: 74745	addCost: 4888	backsolveCost: 31323
node 52	AtA: 14736	cholCost: 31131	addCost: 2200	backsolveCost: 16002
node 53	AtA: 21728	cholCost: 74745	addCost: 4888	backsolveCost: 31323
node 54	AtA: 17358	cholCost: 68464	addCost: 6808	backsolveCost: 25129
node 55	AtA: 4922	cholCost: 156936	addCost: 14872	backsolveCost: 44017
node 56	AtA: 20854	cholCost: 53322	addCost: 4072	backsolveCost: 24624
node 57	AtA: 20854	cholCost: 53322	addCost: 4072	backsolveCost: 24624
node 58	AtA: 14736	cholCost: 107068	addCost: 11800	backsolveCost: 32340
node 59	AtA: 14736	cholCost: 31131	addCost: 2200	backsolveCost: 16002
node 60	AtA: 16484	cholCost: 52490	addCost: 3352	backsolveCost: 24523
node 61	AtA: 17358	cholCost: 57981	addCost: 4888	backsolveCost: 24826
node 62	AtA: 20854	cholCost: 53322	addCost: 4072	backsolveCost: 24624
node 63	AtA: 20854	cholCost: 53322	addCost: 4072	backsolveCost: 24624
node 64	AtA: 20854	cholCost: 53322	addCost: 4072	backsolveCost: 24624
node 65	AtA: 21728	cholCost: 74745	addCost: 4888	backsolveCost: 31323
node 66	AtA: 14736	cholCost: 31131	addCost: 2200	backsolveCost: 16002
node 67	AtA: 21728	cholCost: 74745	addCost: 4888	backsolveCost: 31323
node 68	AtA: 21728	cholCost: 74745	addCost: 4888	backsolveCost: 31323
node 69	AtA: 14736	cholCost: 98956	addCost: 9112	backsolveCost: 32001
node 70	AtA: 4230	cholCost: 95920	addCost: 14872	backsolveCost: 26038
node 71	AtA: 20854	cholCost: 53322	addCost: 4072	backsolveCost: 24624
node 72	AtA: 14736	cholCost: 31131	addCost: 2200	backsolveCost: 16002
node 73	AtA: 14736	cholCost: 31131	addCost: 2200	backsolveCost: 16002
node 74	AtA: 12988	cholCost: 40865	addCost: 4888	backsolveCost: 16464
node 75	AtA: 12988	cholCost: 40865	addCost: 4888	backsolveCost: 16464
node 76	AtA: 13862	cholCost: 75952	addCost: 9112	backsolveCost: 25432
node 77	AtA: 20854	cholCost: 53322	addCost: 4072	backsolveCost: 24624
node 78	AtA: 14736	cholCost: 31131	addCost: 2200	backsolveCost: 16002
node 79	AtA: 21728	cholCost: 74745	addCost: 4888	backsolveCost: 31323
node 80	AtA: 14736	cholCost: 31131	addCost: 2200	backsolveCost: 16002
node 81	AtA: 21728	cholCost: 74745	addCost: 4888	backsolveCost: 31323
node 82	AtA: 16484	cholCost: 150120	addCost: 11800	backsolveCost: 52131
node 83	AtA: 11240	cholCost: 133276	addCost: 18328	backsolveCost: 33018
node 84	AtA: 4922	cholCost: 178901	addCost: 20200	backsolveCost: 44565
node 85	AtA: 5960	cholCost: 263495	addCost: 20200	backsolveCost: 77825
node 86	AtA: 4922	cholCost: 178901	addCost: 20200	backsolveCost: 44565
node 87	AtA: 5268	cholCost: 194050	addCost: 20200	backsolveCost: 53174
node 88	AtA: 4922	cholCost: 178901	addCost: 20200	backsolveCost: 44565
node 89	AtA: 5268	cholCost: 194050	addCost: 20200	backsolveCost: 53174
node 90	AtA: 12988	cholCost: 204783	addCost: 24232	backsolveCost: 53621
node 91	AtA: 5960	cholCost: 246522	addCost: 16552	backsolveCost: 77270
node 92	AtA: 22602	cholCost: 343080	addCost: 1192	backsolveCost: 289947
node 93	AtA: 6870	cholCost: 16194	addCost: 1000	backsolveCost: 10977
node 94	AtA: -1	cholCost: 0	addCost: -1	backsolveCost: 1561

