cliques
71
node 0	AtA: 12236	cholCost: 2688	addCost: 2200	backsolveCost: 16002
node 1	AtA: 12236	cholCost: 2688	addCost: 2200	backsolveCost: 16002
node 2	AtA: 14736	cholCost: 0	addCost: 2200	backsolveCost: 16002
node 3	AtA: 19980	cholCost: 52490	addCost: 3352	backsolveCost: 24523
node 4	AtA: 19980	cholCost: 52490	addCost: 3352	backsolveCost: 24523
node 5	AtA: 14736	cholCost: 31131	addCost: 2200	backsolveCost: 16002
node 6	AtA: 21728	cholCost: 74745	addCost: 4888	backsolveCost: 31323
node 7	AtA: 24350	cholCost: 158500	addCost: 9112	backsolveCost: 65566
node 8	AtA: 14736	cholCost: 31131	addCost: 2200	backsolveCost: 16002
node 9	AtA: 21728	cholCost: 74745	addCost: 4888	backsolveCost: 31323
node 10	AtA: 20854	cholCost: 53322	addCost: 4072	backsolveCost: 24624
node 11	AtA: 14736	cholCost: 31131	addCost: 2200	backsolveCost: 16002
node 12	AtA: 16484	cholCost: 52490	addCost: 3352	backsolveCost: 24523
node 13	AtA: 12988	cholCost: 52596	addCost: 9112	backsolveCost: 16926
node 14	AtA: 3884	cholCost: 52596	addCost: 9112	backsolveCost: 16926
node 15	AtA: 14736	cholCost: 32379	addCost: 2728	backsolveCost: 16079
node 16	AtA: 22602	cholCost: 70710	addCost: 4072	backsolveCost: 31097
node 17	AtA: 11240	cholCost: 45108	addCost: 5800	backsolveCost: 16541
node 18	AtA: 16484	cholCost: 52490	addCost: 3352	backsolveCost: 24523
node 19	AtA: 17358	cholCost: 57981	addCost: 4888	backsolveCost: 24826
node 20	AtA: 19106	cholCost: 47831	addCost: 2728	backsolveCost: 24321
node 21	AtA: 18232	cholCost: 84812	addCost: 5800	backsolveCost: 31436
node 22	AtA: 13862	cholCost: 45732	addCost: 6808	backsolveCost: 16695
node 23	AtA: 10366	cholCost: 75952	addCost: 9112	backsolveCost: 25432
node 24	AtA: 14736	cholCost: 32379	addCost: 2728	backsolveCost: 16079
node 25	AtA: 20854	cholCost: 74745	addCost: 4888	backsolveCost: 31323
node 26	AtA: 21728	cholCost: 65635	addCost: 3352	backsolveCost: 30984
node 27	AtA: 14736	cholCost: 75952	addCost: 9112	backsolveCost: 25432
node 28	AtA: 14736	cholCost: 31131	addCost: 2200	backsolveCost: 16002
node 29	AtA: 21728	cholCost: 74745	addCost: 4888	backsolveCost: 31323
node 30	AtA: 14736	cholCost: 31131	addCost: 2200	backsolveCost: 16002
node 31	AtA: 16484	cholCost: 52490	addCost: 3352	backsolveCost: 24523
node 32	AtA: 13862	cholCost: 75952	addCost: 9112	backsolveCost: 25432
node 33	AtA: 4230	cholCost: 81776	addCost: 10408	backsolveCost: 25533
node 34	AtA: 14736	cholCost: 32379	addCost: 2728	backsolveCost: 16079
node 35	AtA: 20854	cholCost: 74745	addCost: 4888	backsolveCost: 31323
node 36	AtA: 14736	cholCost: 32379	addCost: 2728	backsolveCost: 16079
node 37	AtA: 20854	cholCost: 74745	addCost: 4888	backsolveCost: 31323
node 38	AtA: 14736	cholCost: 31131	addCost: 2200	backsolveCost: 16002
node 39	AtA: 21728	cholCost: 74745	addCost: 4888	backsolveCost: 31323
node 40	AtA: 14736	cholCost: 31131	addCost: 2200	backsolveCost: 16002
node 41	AtA: 21728	cholCost: 74745	addCost: 4888	backsolveCost: 31323
node 42	AtA: 9492	cholCost: 52596	addCost: 9112	backsolveCost: 16926
node 43	AtA: 9492	cholCost: 125736	addCost: 10408	backsolveCost: 43332
node 44	AtA: 14736	cholCost: 32379	addCost: 2728	backsolveCost: 16079
node 45	AtA: 20854	cholCost: 74745	addCost: 4888	backsolveCost: 31323
node 46	AtA: 13984	cholCost: 6028	addCost: 3352	backsolveCost: 24523
node 47	AtA: 17358	cholCost: 57981	addCost: 4888	backsolveCost: 24826
node 48	AtA: 14736	cholCost: 32379	addCost: 2728	backsolveCost: 16079
node 49	AtA: 20854	cholCost: 74745	addCost: 4888	backsolveCost: 31323
node 50	AtA: 17358	cholCost: 68464	addCost: 6808	backsolveCost: 25129
node 51	AtA: 18232	cholCost: 52490	addCost: 3352	backsolveCost: 24523
node 52	AtA: 17358	cholCost: 57981	addCost: 4888	backsolveCost: 24826
node 53	AtA: 18232	cholCost: 52490	addCost: 3352	backsolveCost: 24523
node 54	AtA: 17358	cholCost: 57981	addCost: 4888	backsolveCost: 24826
node 55	AtA: 14736	cholCost: 31131	addCost: 2200	backsolveCost: 16002
node 56	AtA: 21728	cholCost: 74745	addCost: 4888	backsolveCost: 31323
node 57	AtA: 14736	cholCost: 31131	addCost: 2200	backsolveCost: 16002
node 58	AtA: 21728	cholCost: 74745	addCost: 4888	backsolveCost: 31323
node 59	AtA: 11240	cholCost: 169940	addCost: 10408	backsolveCost: 65739
node 60	AtA: 7744	cholCost: 81776	addCost: 10408	backsolveCost: 25533
node 61	AtA: 3884	cholCost: 58836	addCost: 10408	backsolveCost: 17003
node 62	AtA: 17358	cholCost: 138888	addCost: 10408	backsolveCost: 51833
node 63	AtA: 9492	cholCost: 125736	addCost: 10408	backsolveCost: 43332
node 64	AtA: 9492	cholCost: 125736	addCost: 10408	backsolveCost: 43332
node 65	AtA: 12988	cholCost: 204256	addCost: 11800	backsolveCost: 76530
node 66	AtA: 4576	cholCost: 107068	addCost: 11800	backsolveCost: 32340
node 67	AtA: 5614	cholCost: 115902	addCost: 4072	backsolveCost: 64182
node 68	AtA: 18232	cholCost: 98760	addCost: 1192	backsolveCost: 72830
node 69	AtA: 6870	cholCost: 16194	addCost: 1000	backsolveCost: 10977
node 70	AtA: -1	cholCost: 0	addCost: -1	backsolveCost: 1561

