cliques
86
node 0	AtA: 12236	cholCost: 2688	addCost: 2200	backsolveCost: 16002
node 1	AtA: 14858	cholCost: 3328	addCost: 2200	backsolveCost: 24220
node 2	AtA: 12236	cholCost: 4884	addCost: 3352	backsolveCost: 16233
node 3	AtA: 12236	cholCost: 0	addCost: 2200	backsolveCost: 16002
node 4	AtA: 13984	cholCost: 6028	addCost: 3352	backsolveCost: 24523
node 5	AtA: 12236	cholCost: 2688	addCost: 2200	backsolveCost: 16002
node 6	AtA: 13984	cholCost: 6028	addCost: 3352	backsolveCost: 24523
node 7	AtA: 19106	cholCost: 52490	addCost: 3352	backsolveCost: 24523
node 8	AtA: 17358	cholCost: 57981	addCost: 4888	backsolveCost: 24826
node 9	AtA: 20854	cholCost: 53322	addCost: 4072	backsolveCost: 24624
node 10	AtA: 20854	cholCost: 53322	addCost: 4072	backsolveCost: 24624
node 11	AtA: 20854	cholCost: 53322	addCost: 4072	backsolveCost: 24624
node 12	AtA: 23476	cholCost: 74745	addCost: 4888	backsolveCost: 31323
node 13	AtA: 20854	cholCost: 57981	addCost: 4888	backsolveCost: 24826
node 14	AtA: 13862	cholCost: 68464	addCost: 6808	backsolveCost: 25129
node 15	AtA: 11240	cholCost: 150120	addCost: 11800	backsolveCost: 52131
node 16	AtA: 14736	cholCost: 32379	addCost: 2728	backsolveCost: 16079
node 17	AtA: 14736	cholCost: 31131	addCost: 2200	backsolveCost: 16002
node 18	AtA: 23476	cholCost: 111432	addCost: 5800	backsolveCost: 50939
node 19	AtA: 20854	cholCost: 53322	addCost: 4072	backsolveCost: 24624
node 20	AtA: 18232	cholCost: 52490	addCost: 3352	backsolveCost: 24523
node 21	AtA: 16484	cholCost: 57981	addCost: 4888	backsolveCost: 24826
node 22	AtA: 12988	cholCost: 40865	addCost: 4888	backsolveCost: 16464
node 23	AtA: 12114	cholCost: 119132	addCost: 13288	backsolveCost: 32453
node 24	AtA: 20854	cholCost: 53322	addCost: 4072	backsolveCost: 24624
node 25	AtA: 20854	cholCost: 53322	addCost: 4072	backsolveCost: 24624
node 26	AtA: 12988	cholCost: 52596	addCost: 9112	backsolveCost: 16926
node 27	AtA: 14736	cholCost: 107068	addCost: 11800	backsolveCost: 32340
node 28	AtA: 20854	cholCost: 53322	addCost: 4072	backsolveCost: 24624
node 29	AtA: 16484	cholCost: 52490	addCost: 3352	backsolveCost: 24523
node 30	AtA: 17358	cholCost: 57981	addCost: 4888	backsolveCost: 24826
node 31	AtA: 13862	cholCost: 75952	addCost: 9112	backsolveCost: 25432
node 32	AtA: 14736	cholCost: 32379	addCost: 2728	backsolveCost: 16079
node 33	AtA: 20854	cholCost: 74745	addCost: 4888	backsolveCost: 31323
node 34	AtA: 20854	cholCost: 53322	addCost: 4072	backsolveCost: 24624
node 35	AtA: 14736	cholCost: 32379	addCost: 2728	backsolveCost: 16079
node 36	AtA: 20854	cholCost: 74745	addCost: 4888	backsolveCost: 31323
node 37	AtA: 7744	cholCost: 75952	addCost: 9112	backsolveCost: 25432
node 38	AtA: 18232	cholCost: 52490	addCost: 3352	backsolveCost: 24523
node 39	AtA: 17358	cholCost: 57981	addCost: 4888	backsolveCost: 24826
node 40	AtA: 14736	cholCost: 32379	addCost: 2728	backsolveCost: 16079
node 41	AtA: 20854	cholCost: 74745	addCost: 4888	backsolveCost: 31323
node 42	AtA: 15610	cholCost: 98956	addCost: 9112	backsolveCost: 32001
node 43	AtA: 14736	cholCost: 31131	addCost: 2200	backsolveCost: 16002
node 44	AtA: 21728	cholCost: 74745	addCost: 4888	backsolveCost: 31323
node 45	AtA: 14736	cholCost: 31131	addCost: 2200	backsolveCost: 16002
node 46	AtA: 21728	cholCost: 74745	addCost: 4888	backsolveCost: 31323
node 47	AtA: 17358	cholCost: 68464	addCost: 6808	backsolveCost: 25129
node 48	AtA: 12988	cholCost: 166344	addCost: 16552	backsolveCost: 52727
node 49	AtA: 20854	cholCost: 53322	addCost: 4072	backsolveCost: 24624
node 50	AtA: 14736	cholCost: 32379	addCost: 2728	backsolveCost: 16079
node 51	AtA: 19980	cholCost: 74745	addCost: 4888	backsolveCost: 31323
node 52	AtA: 12988	cholCost: 40865	addCost: 4888	backsolveCost: 16464
node 53	AtA: 13862	cholCost: 75952	addCost: 9112	backsolveCost: 25432
node 54	AtA: 20854	cholCost: 53322	addCost: 4072	backsolveCost: 24624
node 55	AtA: 14736	cholCost: 31131	addCost: 2200	backsolveCost: 16002
node 56	AtA: 21728	cholCost: 74745	addCost: 4888	backsolveCost: 31323
node 57	AtA: 14736	cholCost: 31131	addCost: 2200	backsolveCost: 16002
node 58	AtA: 16484	cholCost: 52490	addCost: 3352	backsolveCost: 24523
node 59	AtA: 13862	cholCost: 75952	addCost: 9112	backsolveCost: 25432
node 60	AtA: 14736	cholCost: 107068	addCost: 11800	backsolveCost: 32340
node 61	AtA: 18232	cholCost: 52490	addCost: 3352	backsolveCost: 24523
node 62	AtA: 16484	cholCost: 57981	addCost: 4888	backsolveCost: 24826
node 63	AtA: 12988	cholCost: 40865	addCost: 4888	backsolveCost: 16464
node 64	AtA: 14736	cholCost: 32379	addCost: 2728	backsolveCost: 16079
node 65	AtA: 20854	cholCost: 74745	addCost: 4888	backsolveCost: 31323
node 66	AtA: 20854	cholCost: 53322	addCost: 4072	backsolveCost: 24624
node 67	AtA: 13862	cholCost: 75952	addCost: 9112	backsolveCost: 25432
node 68	AtA: 14736	cholCost: 31131	addCost: 2200	backsolveCost: 16002
node 69	AtA: 16484	cholCost: 52490	addCost: 3352	backsolveCost: 24523
node 70	AtA: 17358	cholCost: 57981	addCost: 4888	backsolveCost: 24826
node 71	AtA: 20854	cholCost: 53322	addCost: 4072	backsolveCost: 24624
node 72	AtA: 14736	cholCost: 31131	addCost: 2200	backsolveCost: 16002
node 73	AtA: 21728	cholCost: 74745	addCost: 4888	backsolveCost: 31323
node 74	AtA: 13862	cholCost: 75952	addCost: 9112	backsolveCost: 25432
node 75	AtA: 12988	cholCost: 275590	addCost: 16552	backsolveCost: 94008
node 76	AtA: 13862	cholCost: 205633	addCost: 16552	backsolveCost: 66777
node 77	AtA: 8618	cholCost: 132236	addCost: 16552	backsolveCost: 32792
node 78	AtA: 11240	cholCost: 205633	addCost: 16552	backsolveCost: 66777
node 79	AtA: 13862	cholCost: 292323	addCost: 16552	backsolveCost: 106421
node 80	AtA: 4576	cholCost: 140348	addCost: 20200	backsolveCost: 33131
node 81	AtA: 9492	cholCost: 193378	addCost: 22168	backsolveCost: 44839
node 82	AtA: 12114	cholCost: 202592	addCost: 10408	backsolveCost: 76160
node 83	AtA: 17358	cholCost: 203896	addCost: 1192	backsolveCost: 171515
node 84	AtA: 6870	cholCost: 16194	addCost: 1000	backsolveCost: 10977
node 85	AtA: -1	cholCost: 0	addCost: -1	backsolveCost: 1561

