cliques
176
node 0	AtA: 12236	cholCost: 0	addCost: 2200	backsolveCost: 16002
node 1	AtA: 13984	cholCost: 6028	addCost: 3352	backsolveCost: 24523
node 2	AtA: 12236	cholCost: 2688	addCost: 2200	backsolveCost: 16002
node 3	AtA: 12236	cholCost: 2688	addCost: 2200	backsolveCost: 16002
node 4	AtA: 12236	cholCost: 2688	addCost: 2200	backsolveCost: 16002
node 5	AtA: 19228	cholCost: 10416	addCost: 4888	backsolveCost: 31323
node 6	AtA: 12236	cholCost: 2688	addCost: 2200	backsolveCost: 16002
node 7	AtA: 18354	cholCost: 13440	addCost: 5800	backsolveCost: 31436
node 8	AtA: 12236	cholCost: 2688	addCost: 2200	backsolveCost: 16002
node 9	AtA: 12236	cholCost: 2688	addCost: 2200	backsolveCost: 16002
node 10	AtA: 18354	cholCost: 8268	addCost: 4072	backsolveCost: 24624
node 11	AtA: 18354	cholCost: 8268	addCost: 4072	backsolveCost: 24624
node 12	AtA: 13984	cholCost: 6028	addCost: 3352	backsolveCost: 24523
node 13	AtA: 18354	cholCost: 8268	addCost: 4072	backsolveCost: 24624
node 14	AtA: 18354	cholCost: 8268	addCost: 4072	backsolveCost: 24624
node 15	AtA: 19228	cholCost: 10416	addCost: 4888	backsolveCost: 31323
node 16	AtA: 20976	cholCost: 10561	addCost: 4888	backsolveCost: 31323
node 17	AtA: 18354	cholCost: 8268	addCost: 4072	backsolveCost: 24624
node 18	AtA: 19228	cholCost: 10573	addCost: 4888	backsolveCost: 31323
node 19	AtA: 18354	cholCost: 8268	addCost: 4072	backsolveCost: 24624
node 20	AtA: 12236	cholCost: 2688	addCost: 2200	backsolveCost: 16002
node 21	AtA: 18354	cholCost: 8268	addCost: 4072	backsolveCost: 24624
node 22	AtA: 10488	cholCost: 18697	addCost: 10408	backsolveCost: 17003
node 23	AtA: 18354	cholCost: 8407	addCost: 4072	backsolveCost: 24624
node 24	AtA: 20976	cholCost: 10543	addCost: 4888	backsolveCost: 31323
node 25	AtA: 18354	cholCost: 8268	addCost: 4072	backsolveCost: 24624
node 26	AtA: 10488	cholCost: 18480	addCost: 10408	backsolveCost: 17003
node 27	AtA: 20854	cholCost: 53322	addCost: 4072	backsolveCost: 24624
node 28	AtA: 20854	cholCost: 53322	addCost: 4072	backsolveCost: 24624
node 29	AtA: 20854	cholCost: 53322	addCost: 4072	backsolveCost: 24624
node 30	AtA: 12988	cholCost: 58836	addCost: 10408	backsolveCost: 17003
node 31	AtA: 3884	cholCost: 72564	addCost: 16552	backsolveCost: 17465
node 32	AtA: 20854	cholCost: 53322	addCost: 4072	backsolveCost: 24624
node 33	AtA: 20854	cholCost: 53322	addCost: 4072	backsolveCost: 24624
node 34	AtA: 20854	cholCost: 53322	addCost: 4072	backsolveCost: 24624
node 35	AtA: 20854	cholCost: 53322	addCost: 4072	backsolveCost: 24624
node 36	AtA: 3884	cholCost: 72564	addCost: 16552	backsolveCost: 17465
node 37	AtA: 19980	cholCost: 52490	addCost: 3352	backsolveCost: 24523
node 38	AtA: 14736	cholCost: 31131	addCost: 2200	backsolveCost: 16002
node 39	AtA: 16484	cholCost: 52490	addCost: 3352	backsolveCost: 24523
node 40	AtA: 14736	cholCost: 31131	addCost: 2200	backsolveCost: 16002
node 41	AtA: 21728	cholCost: 74745	addCost: 4888	backsolveCost: 31323
node 42	AtA: 9492	cholCost: 45732	addCost: 6808	backsolveCost: 16695
node 43	AtA: 13862	cholCost: 88432	addCost: 11800	backsolveCost: 25735
node 44	AtA: 4230	cholCost: 115888	addCost: 22168	backsolveCost: 26644
node 45	AtA: 20854	cholCost: 53322	addCost: 4072	backsolveCost: 24624
node 46	AtA: 21728	cholCost: 92924	addCost: 7912	backsolveCost: 31775
node 47	AtA: 20854	cholCost: 53322	addCost: 4072	backsolveCost: 24624
node 48	AtA: 20854	cholCost: 53322	addCost: 4072	backsolveCost: 24624
node 49	AtA: 23476	cholCost: 74745	addCost: 4888	backsolveCost: 31323
node 50	AtA: 20854	cholCost: 53322	addCost: 4072	backsolveCost: 24624
node 51	AtA: 20854	cholCost: 53322	addCost: 4072	backsolveCost: 24624
node 52	AtA: 12988	cholCost: 58836	addCost: 10408	backsolveCost: 17003
node 53	AtA: 13862	cholCost: 108400	addCost: 18328	backsolveCost: 26341
node 54	AtA: 5268	cholCost: 230742	addCost: 31000	backsolveCost: 54366
node 55	AtA: 20854	cholCost: 53322	addCost: 4072	backsolveCost: 24624
node 56	AtA: 20854	cholCost: 53322	addCost: 4072	backsolveCost: 24624
node 57	AtA: 20854	cholCost: 53322	addCost: 4072	backsolveCost: 24624
node 58	AtA: 14736	cholCost: 31131	addCost: 2200	backsolveCost: 16002
node 59	AtA: 21728	cholCost: 74745	addCost: 4888	backsolveCost: 31323
node 60	AtA: 3884	cholCost: 78180	addCost: 18328	backsolveCost: 17619
node 61	AtA: 20854	cholCost: 53322	addCost: 4072	backsolveCost: 24624
node 62	AtA: 20854	cholCost: 53322	addCost: 4072	backsolveCost: 24624
node 63	AtA: 20854	cholCost: 53322	addCost: 4072	backsolveCost: 24624
node 64	AtA: 14736	cholCost: 31131	addCost: 2200	backsolveCost: 16002
node 65	AtA: 21728	cholCost: 74745	addCost: 4888	backsolveCost: 31323
node 66	AtA: 19106	cholCost: 124488	addCost: 9112	backsolveCost: 43195
node 67	AtA: 3884	cholCost: 66324	addCost: 14872	backsolveCost: 17388
node 68	AtA: 4922	cholCost: 193378	addCost: 22168	backsolveCost: 44839
node 69	AtA: 12114	cholCost: 313938	addCost: 56488	backsolveCost: 47442
node 70	AtA: 20854	cholCost: 53322	addCost: 4072	backsolveCost: 24624
node 71	AtA: 20854	cholCost: 53322	addCost: 4072	backsolveCost: 24624
node 72	AtA: 23476	cholCost: 138888	addCost: 10408	backsolveCost: 51833
node 73	AtA: 20854	cholCost: 53322	addCost: 4072	backsolveCost: 24624
node 74	AtA: 20854	cholCost: 53322	addCost: 4072	backsolveCost: 24624
node 75	AtA: 12988	cholCost: 58836	addCost: 10408	backsolveCost: 17003
node 76	AtA: 14736	cholCost: 31131	addCost: 2200	backsolveCost: 16002
node 77	AtA: 21728	cholCost: 74745	addCost: 4888	backsolveCost: 31323
node 78	AtA: 20854	cholCost: 53322	addCost: 4072	backsolveCost: 24624
node 79	AtA: 13862	cholCost: 75952	addCost: 9112	backsolveCost: 25432
node 80	AtA: 4576	cholCost: 180576	addCost: 31000	backsolveCost: 34035
node 81	AtA: 20854	cholCost: 53322	addCost: 4072	backsolveCost: 24624
node 82	AtA: 20854	cholCost: 53322	addCost: 4072	backsolveCost: 24624
node 83	AtA: 20854	cholCost: 53322	addCost: 4072	backsolveCost: 24624
node 84	AtA: 20854	cholCost: 53322	addCost: 4072	backsolveCost: 24624
node 85	AtA: 22602	cholCost: 149448	addCost: 13288	backsolveCost: 43743
node 86	AtA: 10366	cholCost: 123709	addCost: 24232	backsolveCost: 26745
node 87	AtA: 10488	cholCost: 20305	addCost: 11800	backsolveCost: 17157
node 88	AtA: 20854	cholCost: 53322	addCost: 4072	backsolveCost: 24624
node 89	AtA: 20854	cholCost: 53322	addCost: 4072	backsolveCost: 24624
node 90	AtA: 22602	cholCost: 149448	addCost: 13288	backsolveCost: 43743
node 91	AtA: 12114	cholCost: 165672	addCost: 18328	backsolveCost: 44428
node 92	AtA: 10488	cholCost: 7728	addCost: 4888	backsolveCost: 16464
node 93	AtA: 12988	cholCost: 40865	addCost: 4888	backsolveCost: 16464
node 94	AtA: 20854	cholCost: 53322	addCost: 4072	backsolveCost: 24624
node 95	AtA: 21728	cholCost: 92924	addCost: 7912	backsolveCost: 31775
node 96	AtA: 19106	cholCost: 149448	addCost: 13288	backsolveCost: 43743
node 97	AtA: 4230	cholCost: 115888	addCost: 22168	backsolveCost: 26644
node 98	AtA: 13862	cholCost: 280556	addCost: 31000	backsolveCost: 68680
node 99	AtA: 4922	cholCost: 283985	addCost: 47128	backsolveCost: 46894
node 100	AtA: 5960	cholCost: 467838	addCost: 59800	backsolveCost: 82080
node 101	AtA: 6998	cholCost: 765962	addCost: 81688	backsolveCost: 134422
node 102	AtA: 18232	cholCost: 52490	addCost: 3352	backsolveCost: 24523
node 103	AtA: 17358	cholCost: 57981	addCost: 4888	backsolveCost: 24826
node 104	AtA: 20854	cholCost: 57981	addCost: 4888	backsolveCost: 24826
node 105	AtA: 14736	cholCost: 31131	addCost: 2200	backsolveCost: 16002
node 106	AtA: 18232	cholCost: 52490	addCost: 3352	backsolveCost: 24523
node 107	AtA: 12114	cholCost: 45108	addCost: 5800	backsolveCost: 16541
node 108	AtA: 20854	cholCost: 202592	addCost: 10408	backsolveCost: 76160
node 109	AtA: 20854	cholCost: 53322	addCost: 4072	backsolveCost: 24624
node 110	AtA: 20976	cholCost: 10555	addCost: 4888	backsolveCost: 31323
node 111	AtA: 20854	cholCost: 53322	addCost: 4072	backsolveCost: 24624
node 112	AtA: 20854	cholCost: 53322	addCost: 4072	backsolveCost: 24624
node 113	AtA: 12988	cholCost: 58836	addCost: 10408	backsolveCost: 17003
node 114	AtA: 3884	cholCost: 78180	addCost: 18328	backsolveCost: 17619
node 115	AtA: 10366	cholCost: 141847	addCost: 31000	backsolveCost: 27250
node 116	AtA: 20854	cholCost: 53322	addCost: 4072	backsolveCost: 24624
node 117	AtA: 20854	cholCost: 53322	addCost: 4072	backsolveCost: 24624
node 118	AtA: 14736	cholCost: 32379	addCost: 2728	backsolveCost: 16079
node 119	AtA: 20854	cholCost: 74745	addCost: 4888	backsolveCost: 31323
node 120	AtA: 20854	cholCost: 53322	addCost: 4072	backsolveCost: 24624
node 121	AtA: 14736	cholCost: 32379	addCost: 2728	backsolveCost: 16079
node 122	AtA: 19980	cholCost: 74745	addCost: 4888	backsolveCost: 31323
node 123	AtA: 12988	cholCost: 40865	addCost: 4888	backsolveCost: 16464
node 124	AtA: 13862	cholCost: 75952	addCost: 9112	backsolveCost: 25432
node 125	AtA: 9492	cholCost: 165672	addCost: 18328	backsolveCost: 44428
node 126	AtA: 20854	cholCost: 53322	addCost: 4072	backsolveCost: 24624
node 127	AtA: 20854	cholCost: 53322	addCost: 4072	backsolveCost: 24624
node 128	AtA: 20854	cholCost: 53322	addCost: 4072	backsolveCost: 24624
node 129	AtA: 14736	cholCost: 119132	addCost: 13288	backsolveCost: 32453
node 130	AtA: 20854	cholCost: 53322	addCost: 4072	backsolveCost: 24624
node 131	AtA: 14736	cholCost: 32379	addCost: 2728	backsolveCost: 16079
node 132	AtA: 20854	cholCost: 74745	addCost: 4888	backsolveCost: 31323
node 133	AtA: 21728	cholCost: 65635	addCost: 3352	backsolveCost: 30984
node 134	AtA: 21728	cholCost: 85852	addCost: 6808	backsolveCost: 31662
node 135	AtA: 17358	cholCost: 158856	addCost: 14872	backsolveCost: 52578
node 136	AtA: 4230	cholCost: 115888	addCost: 22168	backsolveCost: 26644
node 137	AtA: 8618	cholCost: 197674	addCost: 35992	backsolveCost: 34374
node 138	AtA: 9492	cholCost: 365106	addCost: 66712	backsolveCost: 48127
node 139	AtA: 20854	cholCost: 53322	addCost: 4072	backsolveCost: 24624
node 140	AtA: 12988	cholCost: 58836	addCost: 10408	backsolveCost: 17003
node 141	AtA: 20854	cholCost: 53322	addCost: 4072	backsolveCost: 24624
node 142	AtA: 17358	cholCost: 68464	addCost: 6808	backsolveCost: 25129
node 143	AtA: 14736	cholCost: 98956	addCost: 9112	backsolveCost: 32001
node 144	AtA: 13862	cholCost: 95920	addCost: 14872	backsolveCost: 26038
node 145	AtA: 13862	cholCost: 305891	addCost: 35992	backsolveCost: 69199
node 146	AtA: 20854	cholCost: 57981	addCost: 4888	backsolveCost: 24826
node 147	AtA: 20854	cholCost: 53322	addCost: 4072	backsolveCost: 24624
node 148	AtA: 12988	cholCost: 64452	addCost: 11800	backsolveCost: 17157
node 149	AtA: 20854	cholCost: 53322	addCost: 4072	backsolveCost: 24624
node 150	AtA: 21728	cholCost: 74745	addCost: 4888	backsolveCost: 31323
node 151	AtA: 19980	cholCost: 52490	addCost: 3352	backsolveCost: 24523
node 152	AtA: 20854	cholCost: 53322	addCost: 4072	backsolveCost: 24624
node 153	AtA: 14736	cholCost: 31131	addCost: 2200	backsolveCost: 16002
node 154	AtA: 21728	cholCost: 74745	addCost: 4888	backsolveCost: 31323
node 155	AtA: 16484	cholCost: 126408	addCost: 9112	backsolveCost: 51684
node 156	AtA: 4230	cholCost: 95920	addCost: 14872	backsolveCost: 26038
node 157	AtA: 10366	cholCost: 133194	addCost: 28648	backsolveCost: 27048
node 158	AtA: 12988	cholCost: 58836	addCost: 10408	backsolveCost: 17003
node 159	AtA: 23476	cholCost: 74745	addCost: 4888	backsolveCost: 31323
node 160	AtA: 24350	cholCost: 157608	addCost: 13288	backsolveCost: 52280
node 161	AtA: 20854	cholCost: 53322	addCost: 4072	backsolveCost: 24624
node 162	AtA: 14736	cholCost: 31131	addCost: 2200	backsolveCost: 16002
node 163	AtA: 21728	cholCost: 74745	addCost: 4888	backsolveCost: 31323
node 164	AtA: 6870	cholCost: 45732	addCost: 6808	backsolveCost: 16695
node 165	AtA: 14736	cholCost: 89264	addCost: 13288	backsolveCost: 25836
node 166	AtA: 4230	cholCost: 101744	addCost: 16552	backsolveCost: 26139
node 167	AtA: 12114	cholCost: 172547	addCost: 28648	backsolveCost: 33809
node 168	AtA: 3884	cholCost: 119864	addCost: 38632	backsolveCost: 18620
node 169	AtA: 11240	cholCost: 375906	addCost: 53272	backsolveCost: 70756
node 170	AtA: 16484	cholCost: 641892	addCost: 74008	backsolveCost: 113493
node 171	AtA: 18232	cholCost: 1032550	addCost: 77800	backsolveCost: 213810
node 172	AtA: 26972	cholCost: 1340653	addCost: 38632	backsolveCost: 446597
node 173	AtA: 34838	cholCost: 827222	addCost: 1192	backsolveCost: 683157
node 174	AtA: 6870	cholCost: 16194	addCost: 1000	backsolveCost: 10977
node 175	AtA: -1	cholCost: 0	addCost: -1	backsolveCost: 1561

