cliques
174
node 0	AtA: 12236	cholCost: 0	addCost: 2200	backsolveCost: 16002
node 1	AtA: 13984	cholCost: 6028	addCost: 3352	backsolveCost: 24523
node 2	AtA: 12236	cholCost: 2688	addCost: 2200	backsolveCost: 16002
node 3	AtA: 12236	cholCost: 2688	addCost: 2200	backsolveCost: 16002
node 4	AtA: 12236	cholCost: 2688	addCost: 2200	backsolveCost: 16002
node 5	AtA: 19228	cholCost: 10416	addCost: 4888	backsolveCost: 31323
node 6	AtA: 12236	cholCost: 2688	addCost: 2200	backsolveCost: 16002
node 7	AtA: 12236	cholCost: 2688	addCost: 2200	backsolveCost: 16002
node 8	AtA: 13984	cholCost: 6028	addCost: 3352	backsolveCost: 24523
node 9	AtA: 18354	cholCost: 8268	addCost: 4072	backsolveCost: 24624
node 10	AtA: 20854	cholCost: 0	addCost: 4072	backsolveCost: 24624
node 11	AtA: 18354	cholCost: 8268	addCost: 4072	backsolveCost: 24624
node 12	AtA: 18354	cholCost: 8268	addCost: 4072	backsolveCost: 24624
node 13	AtA: 18354	cholCost: 8268	addCost: 4072	backsolveCost: 24624
node 14	AtA: 12236	cholCost: 2688	addCost: 2200	backsolveCost: 16002
node 15	AtA: 14736	cholCost: 0	addCost: 2200	backsolveCost: 16002
node 16	AtA: 16484	cholCost: 0	addCost: 3352	backsolveCost: 24523
node 17	AtA: 20976	cholCost: 18972	addCost: 6808	backsolveCost: 51237
node 18	AtA: 18354	cholCost: 8419	addCost: 4072	backsolveCost: 24624
node 19	AtA: 18354	cholCost: 8268	addCost: 4072	backsolveCost: 24624
node 20	AtA: 19228	cholCost: 10591	addCost: 4888	backsolveCost: 31323
node 21	AtA: 20854	cholCost: 53322	addCost: 4072	backsolveCost: 24624
node 22	AtA: 20854	cholCost: 53322	addCost: 4072	backsolveCost: 24624
node 23	AtA: 20854	cholCost: 53322	addCost: 4072	backsolveCost: 24624
node 24	AtA: 13862	cholCost: 101744	addCost: 16552	backsolveCost: 26139
node 25	AtA: 20854	cholCost: 53322	addCost: 4072	backsolveCost: 24624
node 26	AtA: 20854	cholCost: 65635	addCost: 3352	backsolveCost: 30984
node 27	AtA: 17358	cholCost: 57981	addCost: 4888	backsolveCost: 24826
node 28	AtA: 14736	cholCost: 32379	addCost: 2728	backsolveCost: 16079
node 29	AtA: 19980	cholCost: 74745	addCost: 4888	backsolveCost: 31323
node 30	AtA: 12988	cholCost: 40865	addCost: 4888	backsolveCost: 16464
node 31	AtA: 20854	cholCost: 53322	addCost: 4072	backsolveCost: 24624
node 32	AtA: 14736	cholCost: 32379	addCost: 2728	backsolveCost: 16079
node 33	AtA: 19980	cholCost: 74745	addCost: 4888	backsolveCost: 31323
node 34	AtA: 12988	cholCost: 40865	addCost: 4888	backsolveCost: 16464
node 35	AtA: 6870	cholCost: 64452	addCost: 11800	backsolveCost: 17157
node 36	AtA: 7744	cholCost: 108400	addCost: 18328	backsolveCost: 26341
node 37	AtA: 4230	cholCost: 141847	addCost: 31000	backsolveCost: 27250
node 38	AtA: 20854	cholCost: 53322	addCost: 4072	backsolveCost: 24624
node 39	AtA: 20854	cholCost: 53322	addCost: 4072	backsolveCost: 24624
node 40	AtA: 20854	cholCost: 53322	addCost: 4072	backsolveCost: 24624
node 41	AtA: 13862	cholCost: 101744	addCost: 16552	backsolveCost: 26139
node 42	AtA: 20854	cholCost: 53322	addCost: 4072	backsolveCost: 24624
node 43	AtA: 18354	cholCost: 8443	addCost: 4072	backsolveCost: 24624
node 44	AtA: 20854	cholCost: 53322	addCost: 4072	backsolveCost: 24624
node 45	AtA: 19980	cholCost: 52490	addCost: 3352	backsolveCost: 24523
node 46	AtA: 14736	cholCost: 31131	addCost: 2200	backsolveCost: 16002
node 47	AtA: 21728	cholCost: 74745	addCost: 4888	backsolveCost: 31323
node 48	AtA: 13862	cholCost: 75952	addCost: 9112	backsolveCost: 25432
node 49	AtA: 14736	cholCost: 107068	addCost: 11800	backsolveCost: 32340
node 50	AtA: 14736	cholCost: 248186	addCost: 18328	backsolveCost: 77640
node 51	AtA: 4230	cholCost: 141847	addCost: 31000	backsolveCost: 27250
node 52	AtA: 20854	cholCost: 53322	addCost: 4072	backsolveCost: 24624
node 53	AtA: 12988	cholCost: 58836	addCost: 10408	backsolveCost: 17003
node 54	AtA: 20854	cholCost: 53322	addCost: 4072	backsolveCost: 24624
node 55	AtA: 20854	cholCost: 53322	addCost: 4072	backsolveCost: 24624
node 56	AtA: 20854	cholCost: 53322	addCost: 4072	backsolveCost: 24624
node 57	AtA: 20854	cholCost: 53322	addCost: 4072	backsolveCost: 24624
node 58	AtA: 23476	cholCost: 138888	addCost: 10408	backsolveCost: 51833
node 59	AtA: 3884	cholCost: 72564	addCost: 16552	backsolveCost: 17465
node 60	AtA: 3884	cholCost: 86292	addCost: 24232	backsolveCost: 17927
node 61	AtA: 20854	cholCost: 53322	addCost: 4072	backsolveCost: 24624
node 62	AtA: 20854	cholCost: 53322	addCost: 4072	backsolveCost: 24624
node 63	AtA: 20854	cholCost: 53322	addCost: 4072	backsolveCost: 24624
node 64	AtA: 14736	cholCost: 119132	addCost: 13288	backsolveCost: 32453
node 65	AtA: 20854	cholCost: 53322	addCost: 4072	backsolveCost: 24624
node 66	AtA: 18232	cholCost: 52490	addCost: 3352	backsolveCost: 24523
node 67	AtA: 17358	cholCost: 57981	addCost: 4888	backsolveCost: 24826
node 68	AtA: 14736	cholCost: 32379	addCost: 2728	backsolveCost: 16079
node 69	AtA: 20854	cholCost: 74745	addCost: 4888	backsolveCost: 31323
node 70	AtA: 20854	cholCost: 53322	addCost: 4072	backsolveCost: 24624
node 71	AtA: 13862	cholCost: 75952	addCost: 9112	backsolveCost: 25432
node 72	AtA: 7744	cholCost: 95920	addCost: 14872	backsolveCost: 26038
node 73	AtA: 9492	cholCost: 111627	addCost: 35992	backsolveCost: 18543
node 74	AtA: 4922	cholCost: 312690	addCost: 53272	backsolveCost: 47305
node 75	AtA: 5268	cholCost: 411204	addCost: 77800	backsolveCost: 57644
node 76	AtA: 20854	cholCost: 53322	addCost: 4072	backsolveCost: 24624
node 77	AtA: 20854	cholCost: 53322	addCost: 4072	backsolveCost: 24624
node 78	AtA: 20854	cholCost: 53322	addCost: 4072	backsolveCost: 24624
node 79	AtA: 20854	cholCost: 53322	addCost: 4072	backsolveCost: 24624
node 80	AtA: 12988	cholCost: 58836	addCost: 10408	backsolveCost: 17003
node 81	AtA: 3884	cholCost: 72564	addCost: 16552	backsolveCost: 17465
node 82	AtA: 14736	cholCost: 32379	addCost: 2728	backsolveCost: 16079
node 83	AtA: 20854	cholCost: 74745	addCost: 4888	backsolveCost: 31323
node 84	AtA: 20854	cholCost: 53322	addCost: 4072	backsolveCost: 24624
node 85	AtA: 12988	cholCost: 64452	addCost: 11800	backsolveCost: 17157
node 86	AtA: 14736	cholCost: 32379	addCost: 2728	backsolveCost: 16079
node 87	AtA: 20854	cholCost: 74745	addCost: 4888	backsolveCost: 31323
node 88	AtA: 20854	cholCost: 53322	addCost: 4072	backsolveCost: 24624
node 89	AtA: 14736	cholCost: 32379	addCost: 2728	backsolveCost: 16079
node 90	AtA: 20854	cholCost: 74745	addCost: 4888	backsolveCost: 31323
node 91	AtA: 7744	cholCost: 75952	addCost: 9112	backsolveCost: 25432
node 92	AtA: 7744	cholCost: 95920	addCost: 14872	backsolveCost: 26038
node 93	AtA: 3884	cholCost: 102766	addCost: 31000	backsolveCost: 18312
node 94	AtA: 20854	cholCost: 53322	addCost: 4072	backsolveCost: 24624
node 95	AtA: 21728	cholCost: 92924	addCost: 7912	backsolveCost: 31775
node 96	AtA: 10488	cholCost: 18619	addCost: 10408	backsolveCost: 17003
node 97	AtA: 20854	cholCost: 53322	addCost: 4072	backsolveCost: 24624
node 98	AtA: 13862	cholCost: 101744	addCost: 16552	backsolveCost: 26139
node 99	AtA: 10366	cholCost: 123709	addCost: 24232	backsolveCost: 26745
node 100	AtA: 20854	cholCost: 53322	addCost: 4072	backsolveCost: 24624
node 101	AtA: 20854	cholCost: 53322	addCost: 4072	backsolveCost: 24624
node 102	AtA: 12988	cholCost: 58836	addCost: 10408	backsolveCost: 17003
node 103	AtA: 20854	cholCost: 53322	addCost: 4072	backsolveCost: 24624
node 104	AtA: 13862	cholCost: 75952	addCost: 9112	backsolveCost: 25432
node 105	AtA: 6992	cholCost: 15535	addCost: 9112	backsolveCost: 16926
node 106	AtA: 20854	cholCost: 53322	addCost: 4072	backsolveCost: 24624
node 107	AtA: 20854	cholCost: 53322	addCost: 4072	backsolveCost: 24624
node 108	AtA: 23476	cholCost: 138888	addCost: 10408	backsolveCost: 51833
node 109	AtA: 5268	cholCost: 195298	addCost: 22168	backsolveCost: 53472
node 110	AtA: 4230	cholCost: 132362	addCost: 26392	backsolveCost: 26947
node 111	AtA: 4576	cholCost: 224881	addCost: 47128	backsolveCost: 35052
node 112	AtA: 5268	cholCost: 378507	addCost: 70312	backsolveCost: 57197
node 113	AtA: 20854	cholCost: 53322	addCost: 4072	backsolveCost: 24624
node 114	AtA: 20854	cholCost: 53322	addCost: 4072	backsolveCost: 24624
node 115	AtA: 12988	cholCost: 58836	addCost: 10408	backsolveCost: 17003
node 116	AtA: 20854	cholCost: 53322	addCost: 4072	backsolveCost: 24624
node 117	AtA: 20854	cholCost: 53322	addCost: 4072	backsolveCost: 24624
node 118	AtA: 20854	cholCost: 53322	addCost: 4072	backsolveCost: 24624
node 119	AtA: 20854	cholCost: 53322	addCost: 4072	backsolveCost: 24624
node 120	AtA: 4230	cholCost: 89264	addCost: 13288	backsolveCost: 25836
node 121	AtA: 14736	cholCost: 32379	addCost: 2728	backsolveCost: 16079
node 122	AtA: 20854	cholCost: 74745	addCost: 4888	backsolveCost: 31323
node 123	AtA: 20854	cholCost: 53322	addCost: 4072	backsolveCost: 24624
node 124	AtA: 12988	cholCost: 64452	addCost: 11800	backsolveCost: 17157
node 125	AtA: 24350	cholCost: 84812	addCost: 5800	backsolveCost: 31436
node 126	AtA: 14736	cholCost: 32379	addCost: 2728	backsolveCost: 16079
node 127	AtA: 18232	cholCost: 52490	addCost: 3352	backsolveCost: 24523
node 128	AtA: 17358	cholCost: 57981	addCost: 4888	backsolveCost: 24826
node 129	AtA: 13862	cholCost: 68464	addCost: 6808	backsolveCost: 25129
node 130	AtA: 12988	cholCost: 45732	addCost: 6808	backsolveCost: 16695
node 131	AtA: 12114	cholCost: 166344	addCost: 16552	backsolveCost: 52727
node 132	AtA: 20854	cholCost: 53322	addCost: 4072	backsolveCost: 24624
node 133	AtA: 20854	cholCost: 53322	addCost: 4072	backsolveCost: 24624
node 134	AtA: 23476	cholCost: 138888	addCost: 10408	backsolveCost: 51833
node 135	AtA: 20854	cholCost: 57981	addCost: 4888	backsolveCost: 24826
node 136	AtA: 18232	cholCost: 69296	addCost: 7912	backsolveCost: 25230
node 137	AtA: 20854	cholCost: 53322	addCost: 4072	backsolveCost: 24624
node 138	AtA: 21728	cholCost: 92924	addCost: 7912	backsolveCost: 31775
node 139	AtA: 4230	cholCost: 133194	addCost: 28648	backsolveCost: 27048
node 140	AtA: 9492	cholCost: 230070	addCost: 33448	backsolveCost: 45798
node 141	AtA: 5268	cholCost: 365778	addCost: 63208	backsolveCost: 56750
node 142	AtA: 20854	cholCost: 53322	addCost: 4072	backsolveCost: 24624
node 143	AtA: 17480	cholCost: 6028	addCost: 3352	backsolveCost: 24523
node 144	AtA: 13862	cholCost: 68464	addCost: 6808	backsolveCost: 25129
node 145	AtA: 19106	cholCost: 138216	addCost: 11800	backsolveCost: 43606
node 146	AtA: 20854	cholCost: 53322	addCost: 4072	backsolveCost: 24624
node 147	AtA: 20854	cholCost: 53322	addCost: 4072	backsolveCost: 24624
node 148	AtA: 20854	cholCost: 53322	addCost: 4072	backsolveCost: 24624
node 149	AtA: 14736	cholCost: 119132	addCost: 13288	backsolveCost: 32453
node 150	AtA: 13862	cholCost: 109232	addCost: 20200	backsolveCost: 26442
node 151	AtA: 11240	cholCost: 180576	addCost: 31000	backsolveCost: 34035
node 152	AtA: 14736	cholCost: 45732	addCost: 6808	backsolveCost: 16695
node 153	AtA: 23476	cholCost: 74745	addCost: 4888	backsolveCost: 31323
node 154	AtA: 20854	cholCost: 53322	addCost: 4072	backsolveCost: 24624
node 155	AtA: 14736	cholCost: 31131	addCost: 2200	backsolveCost: 16002
node 156	AtA: 21728	cholCost: 74745	addCost: 4888	backsolveCost: 31323
node 157	AtA: 13862	cholCost: 75952	addCost: 9112	backsolveCost: 25432
node 158	AtA: 13862	cholCost: 95920	addCost: 14872	backsolveCost: 26038
node 159	AtA: 23476	cholCost: 74745	addCost: 4888	backsolveCost: 31323
node 160	AtA: 25224	cholCost: 125736	addCost: 10408	backsolveCost: 43332
node 161	AtA: 21728	cholCost: 74745	addCost: 4888	backsolveCost: 31323
node 162	AtA: 11362	cholCost: 6708	addCost: 4072	backsolveCost: 16310
node 163	AtA: 24350	cholCost: 100277	addCost: 5800	backsolveCost: 42510
node 164	AtA: 11240	cholCost: 68464	addCost: 6808	backsolveCost: 25129
node 165	AtA: 9492	cholCost: 156936	addCost: 14872	backsolveCost: 44017
node 166	AtA: 12114	cholCost: 204111	addCost: 26392	backsolveCost: 45250
node 167	AtA: 12988	cholCost: 230742	addCost: 31000	backsolveCost: 54366
node 168	AtA: 5268	cholCost: 314610	addCost: 53272	backsolveCost: 56154
node 169	AtA: 15610	cholCost: 793412	addCost: 74008	backsolveCost: 148404
node 170	AtA: 19980	cholCost: 1201052	addCost: 74008	backsolveCost: 260308
node 171	AtA: 47948	cholCost: 2005152	addCost: 1192	backsolveCost: 1514090
node 172	AtA: 6870	cholCost: 16194	addCost: 1000	backsolveCost: 10977
node 173	AtA: -1	cholCost: 0	addCost: -1	backsolveCost: 1561

