cliques
169
node 0	AtA: 12236	cholCost: 2688	addCost: 2200	backsolveCost: 16002
node 1	AtA: 13984	cholCost: 6028	addCost: 3352	backsolveCost: 24523
node 2	AtA: 12236	cholCost: 2688	addCost: 2200	backsolveCost: 16002
node 3	AtA: 12236	cholCost: 2688	addCost: 2200	backsolveCost: 16002
node 4	AtA: 12236	cholCost: 2688	addCost: 2200	backsolveCost: 16002
node 5	AtA: 19228	cholCost: 10561	addCost: 4888	backsolveCost: 31323
node 6	AtA: 19228	cholCost: 10567	addCost: 4888	backsolveCost: 31323
node 7	AtA: 12236	cholCost: 2688	addCost: 2200	backsolveCost: 16002
node 8	AtA: 18354	cholCost: 8268	addCost: 4072	backsolveCost: 24624
node 9	AtA: 17480	cholCost: 6028	addCost: 3352	backsolveCost: 24523
node 10	AtA: 12236	cholCost: 2688	addCost: 2200	backsolveCost: 16002
node 11	AtA: 12236	cholCost: 2688	addCost: 2200	backsolveCost: 16002
node 12	AtA: 13984	cholCost: 6028	addCost: 3352	backsolveCost: 24523
node 13	AtA: 11362	cholCost: 6708	addCost: 4072	backsolveCost: 16310
node 14	AtA: 18354	cholCost: 8401	addCost: 4072	backsolveCost: 24624
node 15	AtA: 11362	cholCost: 13937	addCost: 6808	backsolveCost: 25129
node 16	AtA: 18354	cholCost: 9520	addCost: 4888	backsolveCost: 24826
node 17	AtA: 18354	cholCost: 8455	addCost: 4072	backsolveCost: 24624
node 18	AtA: 20854	cholCost: 53322	addCost: 4072	backsolveCost: 24624
node 19	AtA: 14736	cholCost: 32379	addCost: 2728	backsolveCost: 16079
node 20	AtA: 20854	cholCost: 74745	addCost: 4888	backsolveCost: 31323
node 21	AtA: 18232	cholCost: 52490	addCost: 3352	backsolveCost: 24523
node 22	AtA: 17358	cholCost: 57981	addCost: 4888	backsolveCost: 24826
node 23	AtA: 15610	cholCost: 133276	addCost: 18328	backsolveCost: 33018
node 24	AtA: 20854	cholCost: 53322	addCost: 4072	backsolveCost: 24624
node 25	AtA: 20854	cholCost: 53322	addCost: 4072	backsolveCost: 24624
node 26	AtA: 20854	cholCost: 53322	addCost: 4072	backsolveCost: 24624
node 27	AtA: 20854	cholCost: 53322	addCost: 4072	backsolveCost: 24624
node 28	AtA: 23476	cholCost: 138888	addCost: 10408	backsolveCost: 51833
node 29	AtA: 3884	cholCost: 72564	addCost: 16552	backsolveCost: 17465
node 30	AtA: 4230	cholCost: 141847	addCost: 31000	backsolveCost: 27250
node 31	AtA: 20854	cholCost: 53322	addCost: 4072	backsolveCost: 24624
node 32	AtA: 14736	cholCost: 32379	addCost: 2728	backsolveCost: 16079
node 33	AtA: 14736	cholCost: 32379	addCost: 2728	backsolveCost: 16079
node 34	AtA: 20854	cholCost: 74745	addCost: 4888	backsolveCost: 31323
node 35	AtA: 13862	cholCost: 68464	addCost: 6808	backsolveCost: 25129
node 36	AtA: 12988	cholCost: 45732	addCost: 6808	backsolveCost: 16695
node 37	AtA: 20854	cholCost: 53322	addCost: 4072	backsolveCost: 24624
node 38	AtA: 18232	cholCost: 52490	addCost: 3352	backsolveCost: 24523
node 39	AtA: 17358	cholCost: 57981	addCost: 4888	backsolveCost: 24826
node 40	AtA: 7744	cholCost: 88432	addCost: 11800	backsolveCost: 25735
node 41	AtA: 13862	cholCost: 108400	addCost: 18328	backsolveCost: 26341
node 42	AtA: 16484	cholCost: 35998	addCost: 3352	backsolveCost: 16233
node 43	AtA: 20854	cholCost: 53322	addCost: 4072	backsolveCost: 24624
node 44	AtA: 18232	cholCost: 52490	addCost: 3352	backsolveCost: 24523
node 45	AtA: 17358	cholCost: 57981	addCost: 4888	backsolveCost: 24826
node 46	AtA: 17358	cholCost: 126408	addCost: 9112	backsolveCost: 51684
node 47	AtA: 20854	cholCost: 53322	addCost: 4072	backsolveCost: 24624
node 48	AtA: 20854	cholCost: 53322	addCost: 4072	backsolveCost: 24624
node 49	AtA: 20854	cholCost: 53322	addCost: 4072	backsolveCost: 24624
node 50	AtA: 20854	cholCost: 53322	addCost: 4072	backsolveCost: 24624
node 51	AtA: 12988	cholCost: 58836	addCost: 10408	backsolveCost: 17003
node 52	AtA: 3884	cholCost: 72564	addCost: 16552	backsolveCost: 17465
node 53	AtA: 10366	cholCost: 132362	addCost: 26392	backsolveCost: 26947
node 54	AtA: 10366	cholCost: 230742	addCost: 31000	backsolveCost: 54366
node 55	AtA: 8618	cholCost: 295145	addCost: 66712	backsolveCost: 36069
node 56	AtA: 20854	cholCost: 53322	addCost: 4072	backsolveCost: 24624
node 57	AtA: 20854	cholCost: 53322	addCost: 4072	backsolveCost: 24624
node 58	AtA: 20854	cholCost: 53322	addCost: 4072	backsolveCost: 24624
node 59	AtA: 9492	cholCost: 65700	addCost: 13288	backsolveCost: 17234
node 60	AtA: 14736	cholCost: 31131	addCost: 2200	backsolveCost: 16002
node 61	AtA: 21728	cholCost: 74745	addCost: 4888	backsolveCost: 31323
node 62	AtA: 20854	cholCost: 53322	addCost: 4072	backsolveCost: 24624
node 63	AtA: 19106	cholCost: 124488	addCost: 9112	backsolveCost: 43195
node 64	AtA: 20854	cholCost: 53322	addCost: 4072	backsolveCost: 24624
node 65	AtA: 20854	cholCost: 53322	addCost: 4072	backsolveCost: 24624
node 66	AtA: 20854	cholCost: 53322	addCost: 4072	backsolveCost: 24624
node 67	AtA: 14736	cholCost: 119132	addCost: 13288	backsolveCost: 32453
node 68	AtA: 4922	cholCost: 246544	addCost: 35992	backsolveCost: 46072
node 69	AtA: 20854	cholCost: 53322	addCost: 4072	backsolveCost: 24624
node 70	AtA: 14736	cholCost: 31131	addCost: 2200	backsolveCost: 16002
node 71	AtA: 21728	cholCost: 74745	addCost: 4888	backsolveCost: 31323
node 72	AtA: 13862	cholCost: 75952	addCost: 9112	backsolveCost: 25432
node 73	AtA: 20854	cholCost: 53322	addCost: 4072	backsolveCost: 24624
node 74	AtA: 20854	cholCost: 53322	addCost: 4072	backsolveCost: 24624
node 75	AtA: 23476	cholCost: 138888	addCost: 10408	backsolveCost: 51833
node 76	AtA: 18354	cholCost: 8455	addCost: 4072	backsolveCost: 24624
node 77	AtA: 18354	cholCost: 8455	addCost: 4072	backsolveCost: 24624
node 78	AtA: 18354	cholCost: 8455	addCost: 4072	backsolveCost: 24624
node 79	AtA: 20854	cholCost: 53322	addCost: 4072	backsolveCost: 24624
node 80	AtA: 19980	cholCost: 52490	addCost: 3352	backsolveCost: 24523
node 81	AtA: 12988	cholCost: 52596	addCost: 9112	backsolveCost: 16926
node 82	AtA: 16484	cholCost: 52490	addCost: 3352	backsolveCost: 24523
node 83	AtA: 20854	cholCost: 53322	addCost: 4072	backsolveCost: 24624
node 84	AtA: 14736	cholCost: 31131	addCost: 2200	backsolveCost: 16002
node 85	AtA: 21728	cholCost: 74745	addCost: 4888	backsolveCost: 31323
node 86	AtA: 16484	cholCost: 126408	addCost: 9112	backsolveCost: 51684
node 87	AtA: 3884	cholCost: 66324	addCost: 14872	backsolveCost: 17388
node 88	AtA: 5960	cholCost: 277140	addCost: 22168	backsolveCost: 78195
node 89	AtA: 5614	cholCost: 305891	addCost: 35992	backsolveCost: 69199
node 90	AtA: 5614	cholCost: 416216	addCost: 59800	backsolveCost: 71275
node 91	AtA: 20854	cholCost: 53322	addCost: 4072	backsolveCost: 24624
node 92	AtA: 20854	cholCost: 53322	addCost: 4072	backsolveCost: 24624
node 93	AtA: 12988	cholCost: 58836	addCost: 10408	backsolveCost: 17003
node 94	AtA: 20854	cholCost: 53322	addCost: 4072	backsolveCost: 24624
node 95	AtA: 20854	cholCost: 53322	addCost: 4072	backsolveCost: 24624
node 96	AtA: 23476	cholCost: 138888	addCost: 10408	backsolveCost: 51833
node 97	AtA: 14736	cholCost: 45732	addCost: 6808	backsolveCost: 16695
node 98	AtA: 20854	cholCost: 53322	addCost: 4072	backsolveCost: 24624
node 99	AtA: 13862	cholCost: 88432	addCost: 11800	backsolveCost: 25735
node 100	AtA: 14736	cholCost: 132236	addCost: 16552	backsolveCost: 32792
node 101	AtA: 20854	cholCost: 53322	addCost: 4072	backsolveCost: 24624
node 102	AtA: 20854	cholCost: 53322	addCost: 4072	backsolveCost: 24624
node 103	AtA: 13862	cholCost: 75952	addCost: 9112	backsolveCost: 25432
node 104	AtA: 13862	cholCost: 95920	addCost: 14872	backsolveCost: 26038
node 105	AtA: 20854	cholCost: 53322	addCost: 4072	backsolveCost: 24624
node 106	AtA: 24350	cholCost: 100277	addCost: 5800	backsolveCost: 42510
node 107	AtA: 11240	cholCost: 68464	addCost: 6808	backsolveCost: 25129
node 108	AtA: 16484	cholCost: 158856	addCost: 14872	backsolveCost: 52578
node 109	AtA: 6870	cholCost: 102142	addCost: 28648	backsolveCost: 18158
node 110	AtA: 9492	cholCost: 246544	addCost: 35992	backsolveCost: 46072
node 111	AtA: 5268	cholCost: 345311	addCost: 59800	backsolveCost: 56601
node 112	AtA: 20854	cholCost: 53322	addCost: 4072	backsolveCost: 24624
node 113	AtA: 20854	cholCost: 53322	addCost: 4072	backsolveCost: 24624
node 114	AtA: 20854	cholCost: 53322	addCost: 4072	backsolveCost: 24624
node 115	AtA: 21728	cholCost: 92924	addCost: 7912	backsolveCost: 31775
node 116	AtA: 10366	cholCost: 101744	addCost: 16552	backsolveCost: 26139
node 117	AtA: 20854	cholCost: 53322	addCost: 4072	backsolveCost: 24624
node 118	AtA: 19228	cholCost: 10549	addCost: 4888	backsolveCost: 31323
node 119	AtA: 12114	cholCost: 138216	addCost: 11800	backsolveCost: 43606
node 120	AtA: 20854	cholCost: 53322	addCost: 4072	backsolveCost: 24624
node 121	AtA: 20854	cholCost: 53322	addCost: 4072	backsolveCost: 24624
node 122	AtA: 20854	cholCost: 53322	addCost: 4072	backsolveCost: 24624
node 123	AtA: 20854	cholCost: 53322	addCost: 4072	backsolveCost: 24624
node 124	AtA: 3884	cholCost: 72564	addCost: 16552	backsolveCost: 17465
node 125	AtA: 11240	cholCost: 163478	addCost: 26392	backsolveCost: 33696
node 126	AtA: 4230	cholCost: 167806	addCost: 41368	backsolveCost: 27856
node 127	AtA: 23476	cholCost: 74745	addCost: 4888	backsolveCost: 31323
node 128	AtA: 20854	cholCost: 53322	addCost: 4072	backsolveCost: 24624
node 129	AtA: 12988	cholCost: 64452	addCost: 11800	backsolveCost: 17157
node 130	AtA: 20854	cholCost: 53322	addCost: 4072	backsolveCost: 24624
node 131	AtA: 20854	cholCost: 53322	addCost: 4072	backsolveCost: 24624
node 132	AtA: 20854	cholCost: 53322	addCost: 4072	backsolveCost: 24624
node 133	AtA: 14736	cholCost: 32379	addCost: 2728	backsolveCost: 16079
node 134	AtA: 20854	cholCost: 74745	addCost: 4888	backsolveCost: 31323
node 135	AtA: 13862	cholCost: 75952	addCost: 9112	backsolveCost: 25432
node 136	AtA: 3884	cholCost: 66324	addCost: 14872	backsolveCost: 17388
node 137	AtA: 23476	cholCost: 74745	addCost: 4888	backsolveCost: 31323
node 138	AtA: 23476	cholCost: 74745	addCost: 4888	backsolveCost: 31323
node 139	AtA: 15610	cholCost: 88432	addCost: 11800	backsolveCost: 25735
node 140	AtA: 23476	cholCost: 74745	addCost: 4888	backsolveCost: 31323
node 141	AtA: 14736	cholCost: 31131	addCost: 2200	backsolveCost: 16002
node 142	AtA: 19980	cholCost: 53322	addCost: 4072	backsolveCost: 24624
node 143	AtA: 13862	cholCost: 61808	addCost: 5800	backsolveCost: 24927
node 144	AtA: 14736	cholCost: 31131	addCost: 2200	backsolveCost: 16002
node 145	AtA: 16484	cholCost: 52490	addCost: 3352	backsolveCost: 24523
node 146	AtA: 17358	cholCost: 57981	addCost: 4888	backsolveCost: 24826
node 147	AtA: 4230	cholCost: 88432	addCost: 11800	backsolveCost: 25735
node 148	AtA: 20854	cholCost: 53322	addCost: 4072	backsolveCost: 24624
node 149	AtA: 20854	cholCost: 53322	addCost: 4072	backsolveCost: 24624
node 150	AtA: 20854	cholCost: 53322	addCost: 4072	backsolveCost: 24624
node 151	AtA: 23476	cholCost: 138888	addCost: 10408	backsolveCost: 51833
node 152	AtA: 3884	cholCost: 72564	addCost: 16552	backsolveCost: 17465
node 153	AtA: 20854	cholCost: 53322	addCost: 4072	backsolveCost: 24624
node 154	AtA: 21728	cholCost: 65635	addCost: 3352	backsolveCost: 30984
node 155	AtA: 14736	cholCost: 31131	addCost: 2200	backsolveCost: 16002
node 156	AtA: 21728	cholCost: 74745	addCost: 4888	backsolveCost: 31323
node 157	AtA: 17358	cholCost: 68464	addCost: 6808	backsolveCost: 25129
node 158	AtA: 13862	cholCost: 88432	addCost: 11800	backsolveCost: 25735
node 159	AtA: 15610	cholCost: 138216	addCost: 11800	backsolveCost: 43606
node 160	AtA: 3884	cholCost: 93905	addCost: 26392	backsolveCost: 18081
node 161	AtA: 4576	cholCost: 180576	addCost: 31000	backsolveCost: 34035
node 162	AtA: 8618	cholCost: 167806	addCost: 41368	backsolveCost: 27856
node 163	AtA: 15610	cholCost: 541927	addCost: 56488	backsolveCost: 111725
node 164	AtA: 5960	cholCost: 578660	addCost: 81688	backsolveCost: 83745
node 165	AtA: 19980	cholCost: 1160742	addCost: 66712	backsolveCost: 259249
node 166	AtA: 49696	cholCost: 2139926	addCost: 1192	backsolveCost: 1634537
node 167	AtA: 6870	cholCost: 16194	addCost: 1000	backsolveCost: 10977
node 168	AtA: -1	cholCost: 0	addCost: -1	backsolveCost: 1561

