cliques
120
node 0	AtA: 14858	cholCost: 3328	addCost: 2200	backsolveCost: 24220
node 1	AtA: 12236	cholCost: 4884	addCost: 3352	backsolveCost: 16233
node 2	AtA: 12236	cholCost: 0	addCost: 2200	backsolveCost: 16002
node 3	AtA: 13984	cholCost: 6028	addCost: 3352	backsolveCost: 24523
node 4	AtA: 12236	cholCost: 2688	addCost: 2200	backsolveCost: 16002
node 5	AtA: 18354	cholCost: 8268	addCost: 4072	backsolveCost: 24624
node 6	AtA: 12236	cholCost: 2688	addCost: 2200	backsolveCost: 16002
node 7	AtA: 12236	cholCost: 2688	addCost: 2200	backsolveCost: 16002
node 8	AtA: 12236	cholCost: 2688	addCost: 2200	backsolveCost: 16002
node 9	AtA: 12236	cholCost: 2688	addCost: 2200	backsolveCost: 16002
node 10	AtA: 13984	cholCost: 6028	addCost: 3352	backsolveCost: 24523
node 11	AtA: 14858	cholCost: 9520	addCost: 4888	backsolveCost: 24826
node 12	AtA: 12236	cholCost: 0	addCost: 2200	backsolveCost: 16002
node 13	AtA: 13110	cholCost: 9984	addCost: 5800	backsolveCost: 16541
node 14	AtA: 14858	cholCost: 13931	addCost: 6808	backsolveCost: 25129
node 15	AtA: 13984	cholCost: 6028	addCost: 3352	backsolveCost: 24523
node 16	AtA: 19228	cholCost: 10416	addCost: 4888	backsolveCost: 31323
node 17	AtA: 13984	cholCost: 6028	addCost: 3352	backsolveCost: 24523
node 18	AtA: 6992	cholCost: 11347	addCost: 6808	backsolveCost: 16695
node 19	AtA: 12236	cholCost: 2688	addCost: 2200	backsolveCost: 16002
node 20	AtA: 19228	cholCost: 10543	addCost: 4888	backsolveCost: 31323
node 21	AtA: 12236	cholCost: 2688	addCost: 2200	backsolveCost: 16002
node 22	AtA: 13984	cholCost: 6028	addCost: 3352	backsolveCost: 24523
node 23	AtA: 18354	cholCost: 8395	addCost: 4072	backsolveCost: 24624
node 24	AtA: 20854	cholCost: 65635	addCost: 3352	backsolveCost: 30984
node 25	AtA: 17358	cholCost: 57981	addCost: 4888	backsolveCost: 24826
node 26	AtA: 20854	cholCost: 53322	addCost: 4072	backsolveCost: 24624
node 27	AtA: 14736	cholCost: 32379	addCost: 2728	backsolveCost: 16079
node 28	AtA: 19980	cholCost: 74745	addCost: 4888	backsolveCost: 31323
node 29	AtA: 12988	cholCost: 40865	addCost: 4888	backsolveCost: 16464
node 30	AtA: 13862	cholCost: 75952	addCost: 9112	backsolveCost: 25432
node 31	AtA: 11240	cholCost: 88432	addCost: 11800	backsolveCost: 25735
node 32	AtA: 14736	cholCost: 32379	addCost: 2728	backsolveCost: 16079
node 33	AtA: 20854	cholCost: 74745	addCost: 4888	backsolveCost: 31323
node 34	AtA: 18232	cholCost: 52490	addCost: 3352	backsolveCost: 24523
node 35	AtA: 17358	cholCost: 57981	addCost: 4888	backsolveCost: 24826
node 36	AtA: 20854	cholCost: 53322	addCost: 4072	backsolveCost: 24624
node 37	AtA: 20854	cholCost: 53322	addCost: 4072	backsolveCost: 24624
node 38	AtA: 20854	cholCost: 53322	addCost: 4072	backsolveCost: 24624
node 39	AtA: 12988	cholCost: 58836	addCost: 10408	backsolveCost: 17003
node 40	AtA: 13862	cholCost: 101744	addCost: 16552	backsolveCost: 26139
node 41	AtA: 9492	cholCost: 165672	addCost: 18328	backsolveCost: 44428
node 42	AtA: 7744	cholCost: 132362	addCost: 26392	backsolveCost: 26947
node 43	AtA: 20854	cholCost: 53322	addCost: 4072	backsolveCost: 24624
node 44	AtA: 18354	cholCost: 8419	addCost: 4072	backsolveCost: 24624
node 45	AtA: 20854	cholCost: 53322	addCost: 4072	backsolveCost: 24624
node 46	AtA: 17358	cholCost: 57981	addCost: 4888	backsolveCost: 24826
node 47	AtA: 3884	cholCost: 52596	addCost: 9112	backsolveCost: 16926
node 48	AtA: 20854	cholCost: 53322	addCost: 4072	backsolveCost: 24624
node 49	AtA: 21728	cholCost: 74745	addCost: 4888	backsolveCost: 31323
node 50	AtA: 4230	cholCost: 95920	addCost: 14872	backsolveCost: 26038
node 51	AtA: 3884	cholCost: 85044	addCost: 22168	backsolveCost: 17850
node 52	AtA: 20854	cholCost: 53322	addCost: 4072	backsolveCost: 24624
node 53	AtA: 21728	cholCost: 92924	addCost: 7912	backsolveCost: 31775
node 54	AtA: 20854	cholCost: 53322	addCost: 4072	backsolveCost: 24624
node 55	AtA: 20854	cholCost: 53322	addCost: 4072	backsolveCost: 24624
node 56	AtA: 12988	cholCost: 58836	addCost: 10408	backsolveCost: 17003
node 57	AtA: 10366	cholCost: 101744	addCost: 16552	backsolveCost: 26139
node 58	AtA: 20854	cholCost: 53322	addCost: 4072	backsolveCost: 24624
node 59	AtA: 20854	cholCost: 53322	addCost: 4072	backsolveCost: 24624
node 60	AtA: 12988	cholCost: 58836	addCost: 10408	backsolveCost: 17003
node 61	AtA: 20854	cholCost: 53322	addCost: 4072	backsolveCost: 24624
node 62	AtA: 14736	cholCost: 32379	addCost: 2728	backsolveCost: 16079
node 63	AtA: 20854	cholCost: 74745	addCost: 4888	backsolveCost: 31323
node 64	AtA: 22602	cholCost: 156936	addCost: 14872	backsolveCost: 44017
node 65	AtA: 11240	cholCost: 153369	addCost: 22168	backsolveCost: 33357
node 66	AtA: 15732	cholCost: 27175	addCost: 11800	backsolveCost: 32340
node 67	AtA: 3384	cholCost: 25795	addCost: 14872	backsolveCost: 17388
node 68	AtA: 23476	cholCost: 74745	addCost: 4888	backsolveCost: 31323
node 69	AtA: 23476	cholCost: 74745	addCost: 4888	backsolveCost: 31323
node 70	AtA: 13862	cholCost: 65700	addCost: 13288	backsolveCost: 17234
node 71	AtA: 14736	cholCost: 31131	addCost: 2200	backsolveCost: 16002
node 72	AtA: 21728	cholCost: 74745	addCost: 4888	backsolveCost: 31323
node 73	AtA: 23476	cholCost: 74745	addCost: 4888	backsolveCost: 31323
node 74	AtA: 14736	cholCost: 31131	addCost: 2200	backsolveCost: 16002
node 75	AtA: 13862	cholCost: 40241	addCost: 4072	backsolveCost: 16310
node 76	AtA: 14736	cholCost: 31131	addCost: 2200	backsolveCost: 16002
node 77	AtA: 21728	cholCost: 74745	addCost: 4888	backsolveCost: 31323
node 78	AtA: 9492	cholCost: 51972	addCost: 7912	backsolveCost: 16772
node 79	AtA: 15610	cholCost: 75952	addCost: 9112	backsolveCost: 25432
node 80	AtA: 16484	cholCost: 119132	addCost: 13288	backsolveCost: 32453
node 81	AtA: 14736	cholCost: 140348	addCost: 20200	backsolveCost: 33131
node 82	AtA: 13862	cholCost: 204783	addCost: 24232	backsolveCost: 53621
node 83	AtA: 20854	cholCost: 53322	addCost: 4072	backsolveCost: 24624
node 84	AtA: 20854	cholCost: 53322	addCost: 4072	backsolveCost: 24624
node 85	AtA: 12988	cholCost: 58836	addCost: 10408	backsolveCost: 17003
node 86	AtA: 20854	cholCost: 53322	addCost: 4072	backsolveCost: 24624
node 87	AtA: 13862	cholCost: 45732	addCost: 6808	backsolveCost: 16695
node 88	AtA: 3884	cholCost: 64452	addCost: 11800	backsolveCost: 17157
node 89	AtA: 10366	cholCost: 115888	addCost: 22168	backsolveCost: 26644
node 90	AtA: 20854	cholCost: 53322	addCost: 4072	backsolveCost: 24624
node 91	AtA: 12988	cholCost: 66324	addCost: 14872	backsolveCost: 17388
node 92	AtA: 18354	cholCost: 8395	addCost: 4072	backsolveCost: 24624
node 93	AtA: 21728	cholCost: 74745	addCost: 4888	backsolveCost: 31323
node 94	AtA: 19106	cholCost: 124488	addCost: 9112	backsolveCost: 43195
node 95	AtA: 14736	cholCost: 107068	addCost: 11800	backsolveCost: 32340
node 96	AtA: 12114	cholCost: 193378	addCost: 22168	backsolveCost: 44839
node 97	AtA: 14736	cholCost: 31131	addCost: 2200	backsolveCost: 16002
node 98	AtA: 16484	cholCost: 52490	addCost: 3352	backsolveCost: 24523
node 99	AtA: 20854	cholCost: 53322	addCost: 4072	backsolveCost: 24624
node 100	AtA: 20854	cholCost: 53322	addCost: 4072	backsolveCost: 24624
node 101	AtA: 15610	cholCost: 124488	addCost: 9112	backsolveCost: 43195
node 102	AtA: 20854	cholCost: 53322	addCost: 4072	backsolveCost: 24624
node 103	AtA: 19980	cholCost: 52490	addCost: 3352	backsolveCost: 24523
node 104	AtA: 12988	cholCost: 52596	addCost: 9112	backsolveCost: 16926
node 105	AtA: 20854	cholCost: 53322	addCost: 4072	backsolveCost: 24624
node 106	AtA: 14736	cholCost: 31131	addCost: 2200	backsolveCost: 16002
node 107	AtA: 21728	cholCost: 74745	addCost: 4888	backsolveCost: 31323
node 108	AtA: 4230	cholCost: 95920	addCost: 14872	backsolveCost: 26038
node 109	AtA: 3884	cholCost: 85044	addCost: 22168	backsolveCost: 17850
node 110	AtA: 5268	cholCost: 229494	addCost: 28648	backsolveCost: 54068
node 111	AtA: 5614	cholCost: 295990	addCost: 33448	backsolveCost: 68853
node 112	AtA: 12114	cholCost: 348028	addCost: 35992	backsolveCost: 79860
node 113	AtA: 5268	cholCost: 255453	addCost: 35992	backsolveCost: 54813
node 114	AtA: 12988	cholCost: 381048	addCost: 31000	backsolveCost: 96307
node 115	AtA: 4922	cholCost: 246544	addCost: 35992	backsolveCost: 46072
node 116	AtA: 6652	cholCost: 348484	addCost: 24232	backsolveCost: 107747
node 117	AtA: 26972	cholCost: 404666	addCost: 1192	backsolveCost: 343962
node 118	AtA: 6870	cholCost: 16194	addCost: 1000	backsolveCost: 10977
node 119	AtA: -1	cholCost: 0	addCost: -1	backsolveCost: 1561

