cliques
160
node 0	AtA: 20854	cholCost: 53322	addCost: 4072	backsolveCost: 24624
node 1	AtA: 20854	cholCost: 53322	addCost: 4072	backsolveCost: 24624
node 2	AtA: 20854	cholCost: 53322	addCost: 4072	backsolveCost: 24624
node 3	AtA: 14736	cholCost: 119132	addCost: 13288	backsolveCost: 32453
node 4	AtA: 20854	cholCost: 53322	addCost: 4072	backsolveCost: 24624
node 5	AtA: 20854	cholCost: 53322	addCost: 4072	backsolveCost: 24624
node 6	AtA: 12988	cholCost: 58836	addCost: 10408	backsolveCost: 17003
node 7	AtA: 19980	cholCost: 52490	addCost: 3352	backsolveCost: 24523
node 8	AtA: 20854	cholCost: 53322	addCost: 4072	backsolveCost: 24624
node 9	AtA: 14736	cholCost: 31131	addCost: 2200	backsolveCost: 16002
node 10	AtA: 14736	cholCost: 31131	addCost: 2200	backsolveCost: 16002
node 11	AtA: 12988	cholCost: 40865	addCost: 4888	backsolveCost: 16464
node 12	AtA: 12988	cholCost: 40865	addCost: 4888	backsolveCost: 16464
node 13	AtA: 16484	cholCost: 126408	addCost: 9112	backsolveCost: 51684
node 14	AtA: 13862	cholCost: 280556	addCost: 31000	backsolveCost: 68680
node 15	AtA: 20854	cholCost: 53322	addCost: 4072	backsolveCost: 24624
node 16	AtA: 20854	cholCost: 53322	addCost: 4072	backsolveCost: 24624
node 17	AtA: 22602	cholCost: 149448	addCost: 13288	backsolveCost: 43743
node 18	AtA: 20854	cholCost: 53322	addCost: 4072	backsolveCost: 24624
node 19	AtA: 14736	cholCost: 31131	addCost: 2200	backsolveCost: 16002
node 20	AtA: 21728	cholCost: 74745	addCost: 4888	backsolveCost: 31323
node 21	AtA: 14736	cholCost: 31131	addCost: 2200	backsolveCost: 16002
node 22	AtA: 21728	cholCost: 74745	addCost: 4888	backsolveCost: 31323
node 23	AtA: 14736	cholCost: 31131	addCost: 2200	backsolveCost: 16002
node 24	AtA: 21728	cholCost: 74745	addCost: 4888	backsolveCost: 31323
node 25	AtA: 14736	cholCost: 98956	addCost: 9112	backsolveCost: 32001
node 26	AtA: 4230	cholCost: 95920	addCost: 14872	backsolveCost: 26038
node 27	AtA: 12114	cholCost: 193378	addCost: 22168	backsolveCost: 44839
node 28	AtA: 14736	cholCost: 31131	addCost: 2200	backsolveCost: 16002
node 29	AtA: 21728	cholCost: 74745	addCost: 4888	backsolveCost: 31323
node 30	AtA: 17358	cholCost: 68464	addCost: 6808	backsolveCost: 25129
node 31	AtA: 19980	cholCost: 52490	addCost: 3352	backsolveCost: 24523
node 32	AtA: 14736	cholCost: 31131	addCost: 2200	backsolveCost: 16002
node 33	AtA: 16484	cholCost: 52490	addCost: 3352	backsolveCost: 24523
node 34	AtA: 21728	cholCost: 85852	addCost: 6808	backsolveCost: 31662
node 35	AtA: 14736	cholCost: 98956	addCost: 9112	backsolveCost: 32001
node 36	AtA: 20854	cholCost: 53322	addCost: 4072	backsolveCost: 24624
node 37	AtA: 14736	cholCost: 31131	addCost: 2200	backsolveCost: 16002
node 38	AtA: 21728	cholCost: 74745	addCost: 4888	backsolveCost: 31323
node 39	AtA: 20854	cholCost: 53322	addCost: 4072	backsolveCost: 24624
node 40	AtA: 20854	cholCost: 53322	addCost: 4072	backsolveCost: 24624
node 41	AtA: 23476	cholCost: 138888	addCost: 10408	backsolveCost: 51833
node 42	AtA: 3884	cholCost: 78180	addCost: 18328	backsolveCost: 17619
node 43	AtA: 5268	cholCost: 230742	addCost: 31000	backsolveCost: 54366
node 44	AtA: 4576	cholCost: 252962	addCost: 53272	backsolveCost: 35391
node 45	AtA: 20854	cholCost: 53322	addCost: 4072	backsolveCost: 24624
node 46	AtA: 20854	cholCost: 53322	addCost: 4072	backsolveCost: 24624
node 47	AtA: 20854	cholCost: 53322	addCost: 4072	backsolveCost: 24624
node 48	AtA: 22602	cholCost: 149448	addCost: 13288	backsolveCost: 43743
node 49	AtA: 19106	cholCost: 178901	addCost: 20200	backsolveCost: 44565
node 50	AtA: 20854	cholCost: 53322	addCost: 4072	backsolveCost: 24624
node 51	AtA: 20854	cholCost: 53322	addCost: 4072	backsolveCost: 24624
node 52	AtA: 20854	cholCost: 53322	addCost: 4072	backsolveCost: 24624
node 53	AtA: 20854	cholCost: 53322	addCost: 4072	backsolveCost: 24624
node 54	AtA: 22602	cholCost: 149448	addCost: 13288	backsolveCost: 43743
node 55	AtA: 3884	cholCost: 84420	addCost: 20200	backsolveCost: 17696
node 56	AtA: 4230	cholCost: 159153	addCost: 38632	backsolveCost: 27654
node 57	AtA: 20854	cholCost: 53322	addCost: 4072	backsolveCost: 24624
node 58	AtA: 20854	cholCost: 53322	addCost: 4072	backsolveCost: 24624
node 59	AtA: 14736	cholCost: 31131	addCost: 2200	backsolveCost: 16002
node 60	AtA: 21728	cholCost: 74745	addCost: 4888	backsolveCost: 31323
node 61	AtA: 20854	cholCost: 53322	addCost: 4072	backsolveCost: 24624
node 62	AtA: 19106	cholCost: 124488	addCost: 9112	backsolveCost: 43195
node 63	AtA: 3884	cholCost: 66324	addCost: 14872	backsolveCost: 17388
node 64	AtA: 20854	cholCost: 53322	addCost: 4072	backsolveCost: 24624
node 65	AtA: 14736	cholCost: 31131	addCost: 2200	backsolveCost: 16002
node 66	AtA: 21728	cholCost: 74745	addCost: 4888	backsolveCost: 31323
node 67	AtA: 12988	cholCost: 64452	addCost: 11800	backsolveCost: 17157
node 68	AtA: 14736	cholCost: 31131	addCost: 2200	backsolveCost: 16002
node 69	AtA: 21728	cholCost: 74745	addCost: 4888	backsolveCost: 31323
node 70	AtA: 20854	cholCost: 53322	addCost: 4072	backsolveCost: 24624
node 71	AtA: 14736	cholCost: 31131	addCost: 2200	backsolveCost: 16002
node 72	AtA: 21728	cholCost: 74745	addCost: 4888	backsolveCost: 31323
node 73	AtA: 4230	cholCost: 75952	addCost: 9112	backsolveCost: 25432
node 74	AtA: 3884	cholCost: 78180	addCost: 18328	backsolveCost: 17619
node 75	AtA: 4230	cholCost: 141847	addCost: 31000	backsolveCost: 27250
node 76	AtA: 5614	cholCost: 375906	addCost: 53272	backsolveCost: 70756
node 77	AtA: 20854	cholCost: 53322	addCost: 4072	backsolveCost: 24624
node 78	AtA: 20854	cholCost: 53322	addCost: 4072	backsolveCost: 24624
node 79	AtA: 23476	cholCost: 138888	addCost: 10408	backsolveCost: 51833
node 80	AtA: 20854	cholCost: 53322	addCost: 4072	backsolveCost: 24624
node 81	AtA: 20854	cholCost: 53322	addCost: 4072	backsolveCost: 24624
node 82	AtA: 21728	cholCost: 92924	addCost: 7912	backsolveCost: 31775
node 83	AtA: 19106	cholCost: 149448	addCost: 13288	backsolveCost: 43743
node 84	AtA: 20854	cholCost: 53322	addCost: 4072	backsolveCost: 24624
node 85	AtA: 20854	cholCost: 53322	addCost: 4072	backsolveCost: 24624
node 86	AtA: 20854	cholCost: 53322	addCost: 4072	backsolveCost: 24624
node 87	AtA: 20854	cholCost: 53322	addCost: 4072	backsolveCost: 24624
node 88	AtA: 4230	cholCost: 89264	addCost: 13288	backsolveCost: 25836
node 89	AtA: 14736	cholCost: 31131	addCost: 2200	backsolveCost: 16002
node 90	AtA: 21728	cholCost: 74745	addCost: 4888	backsolveCost: 31323
node 91	AtA: 20854	cholCost: 53322	addCost: 4072	backsolveCost: 24624
node 92	AtA: 14736	cholCost: 31131	addCost: 2200	backsolveCost: 16002
node 93	AtA: 21728	cholCost: 74745	addCost: 4888	backsolveCost: 31323
node 94	AtA: 4230	cholCost: 75952	addCost: 9112	backsolveCost: 25432
node 95	AtA: 10366	cholCost: 115888	addCost: 22168	backsolveCost: 26644
node 96	AtA: 5614	cholCost: 326234	addCost: 41368	backsolveCost: 69718
node 97	AtA: 20854	cholCost: 53322	addCost: 4072	backsolveCost: 24624
node 98	AtA: 20854	cholCost: 53322	addCost: 4072	backsolveCost: 24624
node 99	AtA: 23476	cholCost: 138888	addCost: 10408	backsolveCost: 51833
node 100	AtA: 14736	cholCost: 31131	addCost: 2200	backsolveCost: 16002
node 101	AtA: 14736	cholCost: 31131	addCost: 2200	backsolveCost: 16002
node 102	AtA: 12988	cholCost: 40865	addCost: 4888	backsolveCost: 16464
node 103	AtA: 12988	cholCost: 40865	addCost: 4888	backsolveCost: 16464
node 104	AtA: 20854	cholCost: 53322	addCost: 4072	backsolveCost: 24624
node 105	AtA: 20854	cholCost: 53322	addCost: 4072	backsolveCost: 24624
node 106	AtA: 3884	cholCost: 52596	addCost: 9112	backsolveCost: 16926
node 107	AtA: 20854	cholCost: 57981	addCost: 4888	backsolveCost: 24826
node 108	AtA: 20854	cholCost: 53322	addCost: 4072	backsolveCost: 24624
node 109	AtA: 14736	cholCost: 81776	addCost: 10408	backsolveCost: 25533
node 110	AtA: 23476	cholCost: 74745	addCost: 4888	backsolveCost: 31323
node 111	AtA: 14736	cholCost: 31131	addCost: 2200	backsolveCost: 16002
node 112	AtA: 16484	cholCost: 52490	addCost: 3352	backsolveCost: 24523
node 113	AtA: 13862	cholCost: 40241	addCost: 4072	backsolveCost: 16310
node 114	AtA: 13862	cholCost: 40865	addCost: 4888	backsolveCost: 16464
node 115	AtA: 16484	cholCost: 68464	addCost: 6808	backsolveCost: 25129
node 116	AtA: 10366	cholCost: 58836	addCost: 10408	backsolveCost: 17003
node 117	AtA: 11240	cholCost: 221982	addCost: 20200	backsolveCost: 67296
node 118	AtA: 23476	cholCost: 74745	addCost: 4888	backsolveCost: 31323
node 119	AtA: 23476	cholCost: 74745	addCost: 4888	backsolveCost: 31323
node 120	AtA: 20854	cholCost: 53322	addCost: 4072	backsolveCost: 24624
node 121	AtA: 20854	cholCost: 53322	addCost: 4072	backsolveCost: 24624
node 122	AtA: 12988	cholCost: 58836	addCost: 10408	backsolveCost: 17003
node 123	AtA: 9492	cholCost: 109232	addCost: 20200	backsolveCost: 26442
node 124	AtA: 14736	cholCost: 31131	addCost: 2200	backsolveCost: 16002
node 125	AtA: 13862	cholCost: 40241	addCost: 4072	backsolveCost: 16310
node 126	AtA: 18232	cholCost: 52490	addCost: 3352	backsolveCost: 24523
node 127	AtA: 17358	cholCost: 57981	addCost: 4888	backsolveCost: 24826
node 128	AtA: 10366	cholCost: 51972	addCost: 7912	backsolveCost: 16772
node 129	AtA: 12988	cholCost: 51972	addCost: 7912	backsolveCost: 16772
node 130	AtA: 23476	cholCost: 74745	addCost: 4888	backsolveCost: 31323
node 131	AtA: 23476	cholCost: 74745	addCost: 4888	backsolveCost: 31323
node 132	AtA: 15610	cholCost: 88432	addCost: 11800	backsolveCost: 25735
node 133	AtA: 6870	cholCost: 66324	addCost: 14872	backsolveCost: 17388
node 134	AtA: 7744	cholCost: 141847	addCost: 31000	backsolveCost: 27250
node 135	AtA: 20854	cholCost: 53322	addCost: 4072	backsolveCost: 24624
node 136	AtA: 20854	cholCost: 53322	addCost: 4072	backsolveCost: 24624
node 137	AtA: 22602	cholCost: 149448	addCost: 13288	backsolveCost: 43743
node 138	AtA: 14736	cholCost: 32379	addCost: 2728	backsolveCost: 16079
node 139	AtA: 20854	cholCost: 74745	addCost: 4888	backsolveCost: 31323
node 140	AtA: 14736	cholCost: 32379	addCost: 2728	backsolveCost: 16079
node 141	AtA: 20854	cholCost: 74745	addCost: 4888	backsolveCost: 31323
node 142	AtA: 15610	cholCost: 98956	addCost: 9112	backsolveCost: 32001
node 143	AtA: 20854	cholCost: 53322	addCost: 4072	backsolveCost: 24624
node 144	AtA: 21728	cholCost: 65635	addCost: 3352	backsolveCost: 30984
node 145	AtA: 12988	cholCost: 52596	addCost: 9112	backsolveCost: 16926
node 146	AtA: 20854	cholCost: 53322	addCost: 4072	backsolveCost: 24624
node 147	AtA: 20854	cholCost: 53322	addCost: 4072	backsolveCost: 24624
node 148	AtA: 20854	cholCost: 53322	addCost: 4072	backsolveCost: 24624
node 149	AtA: 14736	cholCost: 119132	addCost: 13288	backsolveCost: 32453
node 150	AtA: 3884	cholCost: 78180	addCost: 18328	backsolveCost: 17619
node 151	AtA: 7744	cholCost: 115888	addCost: 22168	backsolveCost: 26644
node 152	AtA: 4576	cholCost: 163478	addCost: 26392	backsolveCost: 33696
node 153	AtA: 9492	cholCost: 312690	addCost: 53272	backsolveCost: 47305
node 154	AtA: 15610	cholCost: 701808	addCost: 59800	backsolveCost: 146862
node 155	AtA: 7344	cholCost: 701808	addCost: 59800	backsolveCost: 146862
node 156	AtA: 19106	cholCost: 962838	addCost: 81688	backsolveCost: 172129
node 157	AtA: 18762	cholCost: 1719878	addCost: 1192	backsolveCost: 1351566
node 158	AtA: 6870	cholCost: 16194	addCost: 1000	backsolveCost: 10977
node 159	AtA: -1	cholCost: 0	addCost: -1	backsolveCost: 1561

