cliques
162
node 0	AtA: 12236	cholCost: 2688	addCost: 2200	backsolveCost: 16002
node 1	AtA: 12236	cholCost: 2688	addCost: 2200	backsolveCost: 16002
node 2	AtA: 12236	cholCost: 2688	addCost: 2200	backsolveCost: 16002
node 3	AtA: 12236	cholCost: 0	addCost: 2200	backsolveCost: 16002
node 4	AtA: 19228	cholCost: 10416	addCost: 4888	backsolveCost: 31323
node 5	AtA: 12236	cholCost: 2688	addCost: 2200	backsolveCost: 16002
node 6	AtA: 19228	cholCost: 10416	addCost: 4888	backsolveCost: 31323
node 7	AtA: 18354	cholCost: 8395	addCost: 4072	backsolveCost: 24624
node 8	AtA: 18354	cholCost: 8395	addCost: 4072	backsolveCost: 24624
node 9	AtA: 20854	cholCost: 0	addCost: 4072	backsolveCost: 24624
node 10	AtA: 18354	cholCost: 8395	addCost: 4072	backsolveCost: 24624
node 11	AtA: 18354	cholCost: 8395	addCost: 4072	backsolveCost: 24624
node 12	AtA: 3730	cholCost: 29317	addCost: 13288	backsolveCost: 25836
node 13	AtA: 16484	cholCost: 0	addCost: 3352	backsolveCost: 24523
node 14	AtA: 12236	cholCost: 2688	addCost: 2200	backsolveCost: 16002
node 15	AtA: 20976	cholCost: 10416	addCost: 4888	backsolveCost: 31323
node 16	AtA: 12236	cholCost: 2688	addCost: 2200	backsolveCost: 16002
node 17	AtA: 19228	cholCost: 10416	addCost: 4888	backsolveCost: 31323
node 18	AtA: 18354	cholCost: 8395	addCost: 4072	backsolveCost: 24624
node 19	AtA: 18354	cholCost: 8395	addCost: 4072	backsolveCost: 24624
node 20	AtA: 18354	cholCost: 8395	addCost: 4072	backsolveCost: 24624
node 21	AtA: 18354	cholCost: 8395	addCost: 4072	backsolveCost: 24624
node 22	AtA: 20854	cholCost: 0	addCost: 4072	backsolveCost: 24624
node 23	AtA: 3730	cholCost: 29299	addCost: 13288	backsolveCost: 25836
node 24	AtA: 18354	cholCost: 8268	addCost: 4072	backsolveCost: 24624
node 25	AtA: 12236	cholCost: 2688	addCost: 2200	backsolveCost: 16002
node 26	AtA: 19228	cholCost: 10416	addCost: 4888	backsolveCost: 31323
node 27	AtA: 14736	cholCost: 0	addCost: 2200	backsolveCost: 16002
node 28	AtA: 21728	cholCost: 0	addCost: 4888	backsolveCost: 31323
node 29	AtA: 20854	cholCost: 53322	addCost: 4072	backsolveCost: 24624
node 30	AtA: 20854	cholCost: 57981	addCost: 4888	backsolveCost: 24826
node 31	AtA: 12988	cholCost: 64452	addCost: 11800	backsolveCost: 17157
node 32	AtA: 20854	cholCost: 53322	addCost: 4072	backsolveCost: 24624
node 33	AtA: 20854	cholCost: 57981	addCost: 4888	backsolveCost: 24826
node 34	AtA: 20854	cholCost: 53322	addCost: 4072	backsolveCost: 24624
node 35	AtA: 14736	cholCost: 125164	addCost: 14872	backsolveCost: 32679
node 36	AtA: 20854	cholCost: 53322	addCost: 4072	backsolveCost: 24624
node 37	AtA: 20854	cholCost: 53322	addCost: 4072	backsolveCost: 24624
node 38	AtA: 23476	cholCost: 138888	addCost: 10408	backsolveCost: 51833
node 39	AtA: 20854	cholCost: 53322	addCost: 4072	backsolveCost: 24624
node 40	AtA: 14736	cholCost: 31131	addCost: 2200	backsolveCost: 16002
node 41	AtA: 14736	cholCost: 31131	addCost: 2200	backsolveCost: 16002
node 42	AtA: 21728	cholCost: 74745	addCost: 4888	backsolveCost: 31323
node 43	AtA: 13862	cholCost: 68464	addCost: 6808	backsolveCost: 25129
node 44	AtA: 9492	cholCost: 52596	addCost: 9112	backsolveCost: 16926
node 45	AtA: 20854	cholCost: 53322	addCost: 4072	backsolveCost: 24624
node 46	AtA: 21728	cholCost: 92924	addCost: 7912	backsolveCost: 31775
node 47	AtA: 20854	cholCost: 53322	addCost: 4072	backsolveCost: 24624
node 48	AtA: 20854	cholCost: 53322	addCost: 4072	backsolveCost: 24624
node 49	AtA: 21728	cholCost: 65635	addCost: 3352	backsolveCost: 30984
node 50	AtA: 18232	cholCost: 52490	addCost: 3352	backsolveCost: 24523
node 51	AtA: 16484	cholCost: 57981	addCost: 4888	backsolveCost: 24826
node 52	AtA: 12988	cholCost: 40865	addCost: 4888	backsolveCost: 16464
node 53	AtA: 14736	cholCost: 75952	addCost: 9112	backsolveCost: 25432
node 54	AtA: 3884	cholCost: 66324	addCost: 14872	backsolveCost: 17388
node 55	AtA: 11240	cholCost: 133276	addCost: 18328	backsolveCost: 33018
node 56	AtA: 13862	cholCost: 307347	addCost: 38632	backsolveCost: 69372
node 57	AtA: 20854	cholCost: 53322	addCost: 4072	backsolveCost: 24624
node 58	AtA: 20854	cholCost: 53322	addCost: 4072	backsolveCost: 24624
node 59	AtA: 12988	cholCost: 58836	addCost: 10408	backsolveCost: 17003
node 60	AtA: 19228	cholCost: 10416	addCost: 4888	backsolveCost: 31323
node 61	AtA: 6992	cholCost: 11347	addCost: 6808	backsolveCost: 16695
node 62	AtA: 23476	cholCost: 74745	addCost: 4888	backsolveCost: 31323
node 63	AtA: 19106	cholCost: 47831	addCost: 2728	backsolveCost: 24321
node 64	AtA: 11240	cholCost: 40241	addCost: 4072	backsolveCost: 16310
node 65	AtA: 8618	cholCost: 64452	addCost: 11800	backsolveCost: 17157
node 66	AtA: 3884	cholCost: 66324	addCost: 14872	backsolveCost: 17388
node 67	AtA: 10366	cholCost: 132362	addCost: 26392	backsolveCost: 26947
node 68	AtA: 20854	cholCost: 53322	addCost: 4072	backsolveCost: 24624
node 69	AtA: 20854	cholCost: 53322	addCost: 4072	backsolveCost: 24624
node 70	AtA: 18354	cholCost: 8401	addCost: 4072	backsolveCost: 24624
node 71	AtA: 20854	cholCost: 53322	addCost: 4072	backsolveCost: 24624
node 72	AtA: 23476	cholCost: 138888	addCost: 10408	backsolveCost: 51833
node 73	AtA: 3884	cholCost: 72564	addCost: 16552	backsolveCost: 17465
node 74	AtA: 20854	cholCost: 53322	addCost: 4072	backsolveCost: 24624
node 75	AtA: 13862	cholCost: 75952	addCost: 9112	backsolveCost: 25432
node 76	AtA: 20854	cholCost: 53322	addCost: 4072	backsolveCost: 24624
node 77	AtA: 14736	cholCost: 31131	addCost: 2200	backsolveCost: 16002
node 78	AtA: 21728	cholCost: 74745	addCost: 4888	backsolveCost: 31323
node 79	AtA: 19106	cholCost: 124488	addCost: 9112	backsolveCost: 43195
node 80	AtA: 5268	cholCost: 230742	addCost: 31000	backsolveCost: 54366
node 81	AtA: 5268	cholCost: 301880	addCost: 47128	backsolveCost: 55707
node 82	AtA: 20854	cholCost: 53322	addCost: 4072	backsolveCost: 24624
node 83	AtA: 20854	cholCost: 53322	addCost: 4072	backsolveCost: 24624
node 84	AtA: 22602	cholCost: 149448	addCost: 13288	backsolveCost: 43743
node 85	AtA: 17480	cholCost: 6028	addCost: 3352	backsolveCost: 24523
node 86	AtA: 13862	cholCost: 75952	addCost: 9112	backsolveCost: 25432
node 87	AtA: 14736	cholCost: 107068	addCost: 11800	backsolveCost: 32340
node 88	AtA: 3884	cholCost: 85044	addCost: 22168	backsolveCost: 17850
node 89	AtA: 11240	cholCost: 197674	addCost: 35992	backsolveCost: 34374
node 90	AtA: 4230	cholCost: 184280	addCost: 47128	backsolveCost: 28159
node 91	AtA: 20854	cholCost: 53322	addCost: 4072	backsolveCost: 24624
node 92	AtA: 20854	cholCost: 53322	addCost: 4072	backsolveCost: 24624
node 93	AtA: 12988	cholCost: 58836	addCost: 10408	backsolveCost: 17003
node 94	AtA: 23476	cholCost: 74745	addCost: 4888	backsolveCost: 31323
node 95	AtA: 23476	cholCost: 74745	addCost: 4888	backsolveCost: 31323
node 96	AtA: 14736	cholCost: 31131	addCost: 2200	backsolveCost: 16002
node 97	AtA: 14736	cholCost: 32379	addCost: 2728	backsolveCost: 16079
node 98	AtA: 15610	cholCost: 61808	addCost: 5800	backsolveCost: 24927
node 99	AtA: 12988	cholCost: 45108	addCost: 5800	backsolveCost: 16541
node 100	AtA: 16484	cholCost: 106028	addCost: 10408	backsolveCost: 32114
node 101	AtA: 7744	cholCost: 132362	addCost: 26392	backsolveCost: 26947
node 102	AtA: 20854	cholCost: 53322	addCost: 4072	backsolveCost: 24624
node 103	AtA: 20854	cholCost: 53322	addCost: 4072	backsolveCost: 24624
node 104	AtA: 20854	cholCost: 53322	addCost: 4072	backsolveCost: 24624
node 105	AtA: 20854	cholCost: 53322	addCost: 4072	backsolveCost: 24624
node 106	AtA: 12988	cholCost: 58836	addCost: 10408	backsolveCost: 17003
node 107	AtA: 14736	cholCost: 31131	addCost: 2200	backsolveCost: 16002
node 108	AtA: 16484	cholCost: 52490	addCost: 3352	backsolveCost: 24523
node 109	AtA: 17358	cholCost: 57981	addCost: 4888	backsolveCost: 24826
node 110	AtA: 14736	cholCost: 31131	addCost: 2200	backsolveCost: 16002
node 111	AtA: 21728	cholCost: 74745	addCost: 4888	backsolveCost: 31323
node 112	AtA: 14736	cholCost: 98956	addCost: 9112	backsolveCost: 32001
node 113	AtA: 3730	cholCost: 19061	addCost: 9112	backsolveCost: 25432
node 114	AtA: 20854	cholCost: 53322	addCost: 4072	backsolveCost: 24624
node 115	AtA: 20854	cholCost: 53322	addCost: 4072	backsolveCost: 24624
node 116	AtA: 12988	cholCost: 58836	addCost: 10408	backsolveCost: 17003
node 117	AtA: 4922	cholCost: 204111	addCost: 26392	backsolveCost: 45250
node 118	AtA: 5960	cholCost: 348028	addCost: 35992	backsolveCost: 79860
node 119	AtA: 14736	cholCost: 444875	addCost: 53272	backsolveCost: 81525
node 120	AtA: 20854	cholCost: 53322	addCost: 4072	backsolveCost: 24624
node 121	AtA: 20854	cholCost: 53322	addCost: 4072	backsolveCost: 24624
node 122	AtA: 22602	cholCost: 149448	addCost: 13288	backsolveCost: 43743
node 123	AtA: 20854	cholCost: 53322	addCost: 4072	backsolveCost: 24624
node 124	AtA: 20854	cholCost: 53322	addCost: 4072	backsolveCost: 24624
node 125	AtA: 21728	cholCost: 92924	addCost: 7912	backsolveCost: 31775
node 126	AtA: 19106	cholCost: 149448	addCost: 13288	backsolveCost: 43743
node 127	AtA: 12236	cholCost: 2688	addCost: 2200	backsolveCost: 16002
node 128	AtA: 21728	cholCost: 74745	addCost: 4888	backsolveCost: 31323
node 129	AtA: 20854	cholCost: 53322	addCost: 4072	backsolveCost: 24624
node 130	AtA: 14736	cholCost: 31131	addCost: 2200	backsolveCost: 16002
node 131	AtA: 21728	cholCost: 74745	addCost: 4888	backsolveCost: 31323
node 132	AtA: 12114	cholCost: 124488	addCost: 9112	backsolveCost: 43195
node 133	AtA: 3884	cholCost: 78180	addCost: 18328	backsolveCost: 17619
node 134	AtA: 3884	cholCost: 102766	addCost: 31000	backsolveCost: 18312
node 135	AtA: 20854	cholCost: 53322	addCost: 4072	backsolveCost: 24624
node 136	AtA: 20854	cholCost: 53322	addCost: 4072	backsolveCost: 24624
node 137	AtA: 20854	cholCost: 53322	addCost: 4072	backsolveCost: 24624
node 138	AtA: 4230	cholCost: 89264	addCost: 13288	backsolveCost: 25836
node 139	AtA: 20854	cholCost: 53322	addCost: 4072	backsolveCost: 24624
node 140	AtA: 20854	cholCost: 53322	addCost: 4072	backsolveCost: 24624
node 141	AtA: 12114	cholCost: 40865	addCost: 4888	backsolveCost: 16464
node 142	AtA: 20854	cholCost: 53322	addCost: 4072	backsolveCost: 24624
node 143	AtA: 13862	cholCost: 75952	addCost: 9112	backsolveCost: 25432
node 144	AtA: 3884	cholCost: 66324	addCost: 14872	backsolveCost: 17388
node 145	AtA: 20854	cholCost: 53322	addCost: 4072	backsolveCost: 24624
node 146	AtA: 14736	cholCost: 31131	addCost: 2200	backsolveCost: 16002
node 147	AtA: 21728	cholCost: 74745	addCost: 4888	backsolveCost: 31323
node 148	AtA: 14736	cholCost: 31131	addCost: 2200	backsolveCost: 16002
node 149	AtA: 12988	cholCost: 40865	addCost: 4888	backsolveCost: 16464
node 150	AtA: 12988	cholCost: 40865	addCost: 4888	backsolveCost: 16464
node 151	AtA: 17358	cholCost: 68464	addCost: 6808	backsolveCost: 25129
node 152	AtA: 17358	cholCost: 182836	addCost: 11800	backsolveCost: 66085
node 153	AtA: 3884	cholCost: 93905	addCost: 26392	backsolveCost: 18081
node 154	AtA: 4576	cholCost: 180576	addCost: 31000	backsolveCost: 34035
node 155	AtA: 12988	cholCost: 367026	addCost: 66712	backsolveCost: 57048
node 156	AtA: 8036	cholCost: 856356	addCost: 63208	backsolveCost: 186458
node 157	AtA: 7690	cholCost: 821066	addCost: 63208	backsolveCost: 169881
node 158	AtA: 8036	cholCost: 757014	addCost: 53272	backsolveCost: 185286
node 159	AtA: 45326	cholCost: 1488855	addCost: 1192	backsolveCost: 1180397
node 160	AtA: 6870	cholCost: 16194	addCost: 1000	backsolveCost: 10977
node 161	AtA: -1	cholCost: 0	addCost: -1	backsolveCost: 1561

