cliques
72
node 0	AtA: 12236	cholCost: 0	addCost: 2200	backsolveCost: 16002
node 1	AtA: 14858	cholCost: 3328	addCost: 2200	backsolveCost: 24220
node 2	AtA: 12236	cholCost: 4884	addCost: 3352	backsolveCost: 16233
node 3	AtA: 12236	cholCost: 2688	addCost: 2200	backsolveCost: 16002
node 4	AtA: 13984	cholCost: 6028	addCost: 3352	backsolveCost: 24523
node 5	AtA: 12236	cholCost: 2688	addCost: 2200	backsolveCost: 16002
node 6	AtA: 12236	cholCost: 0	addCost: 2200	backsolveCost: 16002
node 7	AtA: 12236	cholCost: 2688	addCost: 2200	backsolveCost: 16002
node 8	AtA: 12236	cholCost: 2688	addCost: 2200	backsolveCost: 16002
node 9	AtA: 19228	cholCost: 10416	addCost: 4888	backsolveCost: 31323
node 10	AtA: 14858	cholCost: 13937	addCost: 6808	backsolveCost: 25129
node 11	AtA: 12236	cholCost: 2688	addCost: 2200	backsolveCost: 16002
node 12	AtA: 19228	cholCost: 10416	addCost: 4888	backsolveCost: 31323
node 13	AtA: 14858	cholCost: 13804	addCost: 6808	backsolveCost: 25129
node 14	AtA: 18354	cholCost: 8268	addCost: 4072	backsolveCost: 24624
node 15	AtA: 18354	cholCost: 8401	addCost: 4072	backsolveCost: 24624
node 16	AtA: 20854	cholCost: 53322	addCost: 4072	backsolveCost: 24624
node 17	AtA: 14736	cholCost: 31131	addCost: 2200	backsolveCost: 16002
node 18	AtA: 16484	cholCost: 52490	addCost: 3352	backsolveCost: 24523
node 19	AtA: 17358	cholCost: 57981	addCost: 4888	backsolveCost: 24826
node 20	AtA: 13984	cholCost: 6028	addCost: 3352	backsolveCost: 24523
node 21	AtA: 19228	cholCost: 10416	addCost: 4888	backsolveCost: 31323
node 22	AtA: 9492	cholCost: 45732	addCost: 6808	backsolveCost: 16695
node 23	AtA: 14736	cholCost: 31131	addCost: 2200	backsolveCost: 16002
node 24	AtA: 21728	cholCost: 74745	addCost: 4888	backsolveCost: 31323
node 25	AtA: 4576	cholCost: 119132	addCost: 13288	backsolveCost: 32453
node 26	AtA: 14736	cholCost: 31131	addCost: 2200	backsolveCost: 16002
node 27	AtA: 21728	cholCost: 74745	addCost: 4888	backsolveCost: 31323
node 28	AtA: 17358	cholCost: 68464	addCost: 6808	backsolveCost: 25129
node 29	AtA: 14736	cholCost: 32379	addCost: 2728	backsolveCost: 16079
node 30	AtA: 14736	cholCost: 31131	addCost: 2200	backsolveCost: 16002
node 31	AtA: 23476	cholCost: 111432	addCost: 5800	backsolveCost: 50939
node 32	AtA: 13984	cholCost: 6028	addCost: 3352	backsolveCost: 24523
node 33	AtA: 19228	cholCost: 15096	addCost: 6808	backsolveCost: 31662
node 34	AtA: 12236	cholCost: 20773	addCost: 9112	backsolveCost: 32001
node 35	AtA: 16484	cholCost: 138216	addCost: 11800	backsolveCost: 43606
node 36	AtA: 18232	cholCost: 52490	addCost: 3352	backsolveCost: 24523
node 37	AtA: 17358	cholCost: 57981	addCost: 4888	backsolveCost: 24826
node 38	AtA: 13862	cholCost: 75952	addCost: 9112	backsolveCost: 25432
node 39	AtA: 14736	cholCost: 32379	addCost: 2728	backsolveCost: 16079
node 40	AtA: 19980	cholCost: 74745	addCost: 4888	backsolveCost: 31323
node 41	AtA: 12988	cholCost: 40865	addCost: 4888	backsolveCost: 16464
node 42	AtA: 14736	cholCost: 31131	addCost: 2200	backsolveCost: 16002
node 43	AtA: 21728	cholCost: 74745	addCost: 4888	backsolveCost: 31323
node 44	AtA: 19106	cholCost: 124488	addCost: 9112	backsolveCost: 43195
node 45	AtA: 11240	cholCost: 169940	addCost: 10408	backsolveCost: 65739
node 46	AtA: 14736	cholCost: 32379	addCost: 2728	backsolveCost: 16079
node 47	AtA: 20854	cholCost: 74745	addCost: 4888	backsolveCost: 31323
node 48	AtA: 17358	cholCost: 68464	addCost: 6808	backsolveCost: 25129
node 49	AtA: 14736	cholCost: 31131	addCost: 2200	backsolveCost: 16002
node 50	AtA: 14736	cholCost: 31131	addCost: 2200	backsolveCost: 16002
node 51	AtA: 12988	cholCost: 40865	addCost: 4888	backsolveCost: 16464
node 52	AtA: 12988	cholCost: 40865	addCost: 4888	backsolveCost: 16464
node 53	AtA: 21728	cholCost: 74745	addCost: 4888	backsolveCost: 31323
node 54	AtA: 12236	cholCost: 2688	addCost: 2200	backsolveCost: 16002
node 55	AtA: 21728	cholCost: 74745	addCost: 4888	backsolveCost: 31323
node 56	AtA: 21728	cholCost: 65635	addCost: 3352	backsolveCost: 30984
node 57	AtA: 18232	cholCost: 52490	addCost: 3352	backsolveCost: 24523
node 58	AtA: 16484	cholCost: 57981	addCost: 4888	backsolveCost: 24826
node 59	AtA: 12988	cholCost: 40865	addCost: 4888	backsolveCost: 16464
node 60	AtA: 14736	cholCost: 75952	addCost: 9112	backsolveCost: 25432
node 61	AtA: 4922	cholCost: 125736	addCost: 10408	backsolveCost: 43332
node 62	AtA: 3884	cholCost: 58836	addCost: 10408	backsolveCost: 17003
node 63	AtA: 7744	cholCost: 81776	addCost: 10408	backsolveCost: 25533
node 64	AtA: 9492	cholCost: 125736	addCost: 10408	backsolveCost: 43332
node 65	AtA: 9492	cholCost: 138216	addCost: 11800	backsolveCost: 43606
node 66	AtA: 4230	cholCost: 88432	addCost: 11800	backsolveCost: 25735
node 67	AtA: 12114	cholCost: 138216	addCost: 11800	backsolveCost: 43606
node 68	AtA: 5268	cholCost: 138888	addCost: 10408	backsolveCost: 51833
node 69	AtA: 26972	cholCost: 306412	addCost: 1192	backsolveCost: 260345
node 70	AtA: 6870	cholCost: 16194	addCost: 1000	backsolveCost: 10977
node 71	AtA: -1	cholCost: 0	addCost: -1	backsolveCost: 1561

