cliques
163
node 0	AtA: 12236	cholCost: 2688	addCost: 2200	backsolveCost: 16002
node 1	AtA: 13984	cholCost: 6028	addCost: 3352	backsolveCost: 24523
node 2	AtA: 12236	cholCost: 2688	addCost: 2200	backsolveCost: 16002
node 3	AtA: 12236	cholCost: 2688	addCost: 2200	backsolveCost: 16002
node 4	AtA: 19228	cholCost: 10416	addCost: 4888	backsolveCost: 31323
node 5	AtA: 12236	cholCost: 2688	addCost: 2200	backsolveCost: 16002
node 6	AtA: 12236	cholCost: 2688	addCost: 2200	backsolveCost: 16002
node 7	AtA: 19228	cholCost: 10416	addCost: 4888	backsolveCost: 31323
node 8	AtA: 18354	cholCost: 8268	addCost: 4072	backsolveCost: 24624
node 9	AtA: 18354	cholCost: 8268	addCost: 4072	backsolveCost: 24624
node 10	AtA: 12236	cholCost: 2688	addCost: 2200	backsolveCost: 16002
node 11	AtA: 20854	cholCost: 53322	addCost: 4072	backsolveCost: 24624
node 12	AtA: 23476	cholCost: 74745	addCost: 4888	backsolveCost: 31323
node 13	AtA: 23476	cholCost: 150120	addCost: 11800	backsolveCost: 52131
node 14	AtA: 20854	cholCost: 53322	addCost: 4072	backsolveCost: 24624
node 15	AtA: 14736	cholCost: 31131	addCost: 2200	backsolveCost: 16002
node 16	AtA: 21728	cholCost: 74745	addCost: 4888	backsolveCost: 31323
node 17	AtA: 9492	cholCost: 52596	addCost: 9112	backsolveCost: 16926
node 18	AtA: 14736	cholCost: 107068	addCost: 11800	backsolveCost: 32340
node 19	AtA: 20854	cholCost: 53322	addCost: 4072	backsolveCost: 24624
node 20	AtA: 21728	cholCost: 74745	addCost: 4888	backsolveCost: 31323
node 21	AtA: 14736	cholCost: 98956	addCost: 9112	backsolveCost: 32001
node 22	AtA: 19106	cholCost: 156936	addCost: 14872	backsolveCost: 44017
node 23	AtA: 4230	cholCost: 115888	addCost: 22168	backsolveCost: 26644
node 24	AtA: 20854	cholCost: 53322	addCost: 4072	backsolveCost: 24624
node 25	AtA: 20854	cholCost: 53322	addCost: 4072	backsolveCost: 24624
node 26	AtA: 23476	cholCost: 74745	addCost: 4888	backsolveCost: 31323
node 27	AtA: 21728	cholCost: 98956	addCost: 9112	backsolveCost: 32001
node 28	AtA: 14736	cholCost: 31131	addCost: 2200	backsolveCost: 16002
node 29	AtA: 16484	cholCost: 52490	addCost: 3352	backsolveCost: 24523
node 30	AtA: 17358	cholCost: 57981	addCost: 4888	backsolveCost: 24826
node 31	AtA: 14736	cholCost: 31131	addCost: 2200	backsolveCost: 16002
node 32	AtA: 21728	cholCost: 74745	addCost: 4888	backsolveCost: 31323
node 33	AtA: 13862	cholCost: 88432	addCost: 11800	backsolveCost: 25735
node 34	AtA: 3884	cholCost: 72564	addCost: 16552	backsolveCost: 17465
node 35	AtA: 4230	cholCost: 109232	addCost: 20200	backsolveCost: 26442
node 36	AtA: 20854	cholCost: 53322	addCost: 4072	backsolveCost: 24624
node 37	AtA: 20854	cholCost: 53322	addCost: 4072	backsolveCost: 24624
node 38	AtA: 12988	cholCost: 58836	addCost: 10408	backsolveCost: 17003
node 39	AtA: 20854	cholCost: 53322	addCost: 4072	backsolveCost: 24624
node 40	AtA: 25224	cholCost: 125736	addCost: 10408	backsolveCost: 43332
node 41	AtA: 23476	cholCost: 74745	addCost: 4888	backsolveCost: 31323
node 42	AtA: 23476	cholCost: 74745	addCost: 4888	backsolveCost: 31323
node 43	AtA: 24350	cholCost: 157608	addCost: 13288	backsolveCost: 52280
node 44	AtA: 9492	cholCost: 230070	addCost: 33448	backsolveCost: 45798
node 45	AtA: 4230	cholCost: 205580	addCost: 56488	backsolveCost: 28563
node 46	AtA: 20854	cholCost: 53322	addCost: 4072	backsolveCost: 24624
node 47	AtA: 12988	cholCost: 58836	addCost: 10408	backsolveCost: 17003
node 48	AtA: 14736	cholCost: 31131	addCost: 2200	backsolveCost: 16002
node 49	AtA: 21728	cholCost: 74745	addCost: 4888	backsolveCost: 31323
node 50	AtA: 20854	cholCost: 53322	addCost: 4072	backsolveCost: 24624
node 51	AtA: 14736	cholCost: 31131	addCost: 2200	backsolveCost: 16002
node 52	AtA: 21728	cholCost: 74745	addCost: 4888	backsolveCost: 31323
node 53	AtA: 12114	cholCost: 124488	addCost: 9112	backsolveCost: 43195
node 54	AtA: 20854	cholCost: 53322	addCost: 4072	backsolveCost: 24624
node 55	AtA: 20854	cholCost: 53322	addCost: 4072	backsolveCost: 24624
node 56	AtA: 22602	cholCost: 149448	addCost: 13288	backsolveCost: 43743
node 57	AtA: 23476	cholCost: 74745	addCost: 4888	backsolveCost: 31323
node 58	AtA: 13862	cholCost: 40241	addCost: 4072	backsolveCost: 16310
node 59	AtA: 21728	cholCost: 74745	addCost: 4888	backsolveCost: 31323
node 60	AtA: 20854	cholCost: 126408	addCost: 9112	backsolveCost: 51684
node 61	AtA: 15610	cholCost: 119132	addCost: 13288	backsolveCost: 32453
node 62	AtA: 12114	cholCost: 178901	addCost: 20200	backsolveCost: 44565
node 63	AtA: 5614	cholCost: 295990	addCost: 33448	backsolveCost: 68853
node 64	AtA: 20854	cholCost: 53322	addCost: 4072	backsolveCost: 24624
node 65	AtA: 20854	cholCost: 53322	addCost: 4072	backsolveCost: 24624
node 66	AtA: 23476	cholCost: 138888	addCost: 10408	backsolveCost: 51833
node 67	AtA: 20854	cholCost: 53322	addCost: 4072	backsolveCost: 24624
node 68	AtA: 14736	cholCost: 31131	addCost: 2200	backsolveCost: 16002
node 69	AtA: 21728	cholCost: 74745	addCost: 4888	backsolveCost: 31323
node 70	AtA: 14736	cholCost: 31131	addCost: 2200	backsolveCost: 16002
node 71	AtA: 21728	cholCost: 74745	addCost: 4888	backsolveCost: 31323
node 72	AtA: 9492	cholCost: 52596	addCost: 9112	backsolveCost: 16926
node 73	AtA: 14736	cholCost: 107068	addCost: 11800	backsolveCost: 32340
node 74	AtA: 10366	cholCost: 115888	addCost: 22168	backsolveCost: 26644
node 75	AtA: 20854	cholCost: 53322	addCost: 4072	backsolveCost: 24624
node 76	AtA: 12988	cholCost: 58836	addCost: 10408	backsolveCost: 17003
node 77	AtA: 20854	cholCost: 53322	addCost: 4072	backsolveCost: 24624
node 78	AtA: 20854	cholCost: 53322	addCost: 4072	backsolveCost: 24624
node 79	AtA: 22602	cholCost: 149448	addCost: 13288	backsolveCost: 43743
node 80	AtA: 20854	cholCost: 53322	addCost: 4072	backsolveCost: 24624
node 81	AtA: 14736	cholCost: 31131	addCost: 2200	backsolveCost: 16002
node 82	AtA: 21728	cholCost: 74745	addCost: 4888	backsolveCost: 31323
node 83	AtA: 20854	cholCost: 53322	addCost: 4072	backsolveCost: 24624
node 84	AtA: 14736	cholCost: 31131	addCost: 2200	backsolveCost: 16002
node 85	AtA: 14736	cholCost: 31131	addCost: 2200	backsolveCost: 16002
node 86	AtA: 12988	cholCost: 40865	addCost: 4888	backsolveCost: 16464
node 87	AtA: 12988	cholCost: 40865	addCost: 4888	backsolveCost: 16464
node 88	AtA: 13862	cholCost: 75952	addCost: 9112	backsolveCost: 25432
node 89	AtA: 11240	cholCost: 133276	addCost: 18328	backsolveCost: 33018
node 90	AtA: 5614	cholCost: 305891	addCost: 35992	backsolveCost: 69199
node 91	AtA: 5268	cholCost: 301880	addCost: 47128	backsolveCost: 55707
node 92	AtA: 5614	cholCost: 438555	addCost: 66712	backsolveCost: 71794
node 93	AtA: 20854	cholCost: 53322	addCost: 4072	backsolveCost: 24624
node 94	AtA: 20854	cholCost: 53322	addCost: 4072	backsolveCost: 24624
node 95	AtA: 20854	cholCost: 53322	addCost: 4072	backsolveCost: 24624
node 96	AtA: 14736	cholCost: 119132	addCost: 13288	backsolveCost: 32453
node 97	AtA: 20854	cholCost: 53322	addCost: 4072	backsolveCost: 24624
node 98	AtA: 20854	cholCost: 53322	addCost: 4072	backsolveCost: 24624
node 99	AtA: 20854	cholCost: 53322	addCost: 4072	backsolveCost: 24624
node 100	AtA: 20854	cholCost: 53322	addCost: 4072	backsolveCost: 24624
node 101	AtA: 14736	cholCost: 119132	addCost: 13288	backsolveCost: 32453
node 102	AtA: 19106	cholCost: 178901	addCost: 20200	backsolveCost: 44565
node 103	AtA: 14736	cholCost: 31131	addCost: 2200	backsolveCost: 16002
node 104	AtA: 12988	cholCost: 40865	addCost: 4888	backsolveCost: 16464
node 105	AtA: 12988	cholCost: 40865	addCost: 4888	backsolveCost: 16464
node 106	AtA: 20854	cholCost: 53322	addCost: 4072	backsolveCost: 24624
node 107	AtA: 20854	cholCost: 53322	addCost: 4072	backsolveCost: 24624
node 108	AtA: 10366	cholCost: 88432	addCost: 11800	backsolveCost: 25735
node 109	AtA: 20854	cholCost: 53322	addCost: 4072	backsolveCost: 24624
node 110	AtA: 20854	cholCost: 53322	addCost: 4072	backsolveCost: 24624
node 111	AtA: 14736	cholCost: 31131	addCost: 2200	backsolveCost: 16002
node 112	AtA: 21728	cholCost: 74745	addCost: 4888	backsolveCost: 31323
node 113	AtA: 20854	cholCost: 53322	addCost: 4072	backsolveCost: 24624
node 114	AtA: 14736	cholCost: 31131	addCost: 2200	backsolveCost: 16002
node 115	AtA: 21728	cholCost: 74745	addCost: 4888	backsolveCost: 31323
node 116	AtA: 4230	cholCost: 75952	addCost: 9112	backsolveCost: 25432
node 117	AtA: 3884	cholCost: 66324	addCost: 14872	backsolveCost: 17388
node 118	AtA: 3884	cholCost: 93905	addCost: 26392	backsolveCost: 18081
node 119	AtA: 5614	cholCost: 438555	addCost: 66712	backsolveCost: 71794
node 120	AtA: 20854	cholCost: 53322	addCost: 4072	backsolveCost: 24624
node 121	AtA: 20854	cholCost: 53322	addCost: 4072	backsolveCost: 24624
node 122	AtA: 12988	cholCost: 58836	addCost: 10408	backsolveCost: 17003
node 123	AtA: 20854	cholCost: 53322	addCost: 4072	backsolveCost: 24624
node 124	AtA: 20854	cholCost: 53322	addCost: 4072	backsolveCost: 24624
node 125	AtA: 23476	cholCost: 138888	addCost: 10408	backsolveCost: 51833
node 126	AtA: 10366	cholCost: 109232	addCost: 20200	backsolveCost: 26442
node 127	AtA: 20854	cholCost: 53322	addCost: 4072	backsolveCost: 24624
node 128	AtA: 14736	cholCost: 31131	addCost: 2200	backsolveCost: 16002
node 129	AtA: 21728	cholCost: 74745	addCost: 4888	backsolveCost: 31323
node 130	AtA: 14736	cholCost: 31131	addCost: 2200	backsolveCost: 16002
node 131	AtA: 21728	cholCost: 74745	addCost: 4888	backsolveCost: 31323
node 132	AtA: 14736	cholCost: 31131	addCost: 2200	backsolveCost: 16002
node 133	AtA: 21728	cholCost: 74745	addCost: 4888	backsolveCost: 31323
node 134	AtA: 14736	cholCost: 98956	addCost: 9112	backsolveCost: 32001
node 135	AtA: 12114	cholCost: 156936	addCost: 14872	backsolveCost: 44017
node 136	AtA: 3884	cholCost: 111627	addCost: 35992	backsolveCost: 18543
node 137	AtA: 20854	cholCost: 53322	addCost: 4072	backsolveCost: 24624
node 138	AtA: 20854	cholCost: 53322	addCost: 4072	backsolveCost: 24624
node 139	AtA: 18354	cholCost: 8401	addCost: 4072	backsolveCost: 24624
node 140	AtA: 14736	cholCost: 119132	addCost: 13288	backsolveCost: 32453
node 141	AtA: 20854	cholCost: 53322	addCost: 4072	backsolveCost: 24624
node 142	AtA: 21728	cholCost: 92924	addCost: 7912	backsolveCost: 31775
node 143	AtA: 20854	cholCost: 53322	addCost: 4072	backsolveCost: 24624
node 144	AtA: 20854	cholCost: 53322	addCost: 4072	backsolveCost: 24624
node 145	AtA: 3884	cholCost: 65700	addCost: 13288	backsolveCost: 17234
node 146	AtA: 15610	cholCost: 32379	addCost: 2728	backsolveCost: 16079
node 147	AtA: 14736	cholCost: 31131	addCost: 2200	backsolveCost: 16002
node 148	AtA: 12988	cholCost: 45108	addCost: 5800	backsolveCost: 16541
node 149	AtA: 12988	cholCost: 45108	addCost: 5800	backsolveCost: 16541
node 150	AtA: 20854	cholCost: 57981	addCost: 4888	backsolveCost: 24826
node 151	AtA: 20854	cholCost: 53322	addCost: 4072	backsolveCost: 24624
node 152	AtA: 12988	cholCost: 64452	addCost: 11800	backsolveCost: 17157
node 153	AtA: 10366	cholCost: 78180	addCost: 18328	backsolveCost: 17619
node 154	AtA: 4230	cholCost: 132362	addCost: 26392	backsolveCost: 26947
node 155	AtA: 3884	cholCost: 120488	addCost: 41368	backsolveCost: 18774
node 156	AtA: 5960	cholCost: 467838	addCost: 59800	backsolveCost: 82080
node 157	AtA: 8382	cholCost: 914490	addCost: 63208	backsolveCost: 211908
node 158	AtA: 8728	cholCost: 1057584	addCost: 66712	backsolveCost: 231063
node 159	AtA: 20854	cholCost: 905774	addCost: 44200	backsolveCost: 255366
node 160	AtA: 31342	cholCost: 724592	addCost: 1192	backsolveCost: 606102
node 161	AtA: 6870	cholCost: 16194	addCost: 1000	backsolveCost: 10977
node 162	AtA: -1	cholCost: 0	addCost: -1	backsolveCost: 1561

