cliques
161
node 0	AtA: 12236	cholCost: 2688	addCost: 2200	backsolveCost: 16002
node 1	AtA: 12236	cholCost: 2688	addCost: 2200	backsolveCost: 16002
node 2	AtA: 18354	cholCost: 8268	addCost: 4072	backsolveCost: 24624
node 3	AtA: 12236	cholCost: 2688	addCost: 2200	backsolveCost: 16002
node 4	AtA: 12236	cholCost: 2688	addCost: 2200	backsolveCost: 16002
node 5	AtA: 19228	cholCost: 10416	addCost: 4888	backsolveCost: 31323
node 6	AtA: 12236	cholCost: 13908	addCost: 7912	backsolveCost: 16772
node 7	AtA: 12236	cholCost: 2688	addCost: 2200	backsolveCost: 16002
node 8	AtA: 19228	cholCost: 10416	addCost: 4888	backsolveCost: 31323
node 9	AtA: 12236	cholCost: 2688	addCost: 2200	backsolveCost: 16002
node 10	AtA: 12236	cholCost: 2688	addCost: 2200	backsolveCost: 16002
node 11	AtA: 12236	cholCost: 2688	addCost: 2200	backsolveCost: 16002
node 12	AtA: 20854	cholCost: 53322	addCost: 4072	backsolveCost: 24624
node 13	AtA: 20854	cholCost: 53322	addCost: 4072	backsolveCost: 24624
node 14	AtA: 23476	cholCost: 138888	addCost: 10408	backsolveCost: 51833
node 15	AtA: 14736	cholCost: 31131	addCost: 2200	backsolveCost: 16002
node 16	AtA: 14736	cholCost: 31131	addCost: 2200	backsolveCost: 16002
node 17	AtA: 21728	cholCost: 74745	addCost: 4888	backsolveCost: 31323
node 18	AtA: 13862	cholCost: 68464	addCost: 6808	backsolveCost: 25129
node 19	AtA: 20854	cholCost: 53322	addCost: 4072	backsolveCost: 24624
node 20	AtA: 14736	cholCost: 31131	addCost: 2200	backsolveCost: 16002
node 21	AtA: 21728	cholCost: 74745	addCost: 4888	backsolveCost: 31323
node 22	AtA: 4230	cholCost: 88432	addCost: 11800	backsolveCost: 25735
node 23	AtA: 10366	cholCost: 115888	addCost: 22168	backsolveCost: 26644
node 24	AtA: 21728	cholCost: 65635	addCost: 3352	backsolveCost: 30984
node 25	AtA: 20854	cholCost: 53322	addCost: 4072	backsolveCost: 24624
node 26	AtA: 23476	cholCost: 126408	addCost: 9112	backsolveCost: 51684
node 27	AtA: 20854	cholCost: 53322	addCost: 4072	backsolveCost: 24624
node 28	AtA: 20854	cholCost: 53322	addCost: 4072	backsolveCost: 24624
node 29	AtA: 14736	cholCost: 31131	addCost: 2200	backsolveCost: 16002
node 30	AtA: 21728	cholCost: 74745	addCost: 4888	backsolveCost: 31323
node 31	AtA: 19980	cholCost: 52490	addCost: 3352	backsolveCost: 24523
node 32	AtA: 21728	cholCost: 85852	addCost: 6808	backsolveCost: 31662
node 33	AtA: 4576	cholCost: 133276	addCost: 18328	backsolveCost: 33018
node 34	AtA: 11240	cholCost: 162438	addCost: 24232	backsolveCost: 33470
node 35	AtA: 20854	cholCost: 53322	addCost: 4072	backsolveCost: 24624
node 36	AtA: 20854	cholCost: 53322	addCost: 4072	backsolveCost: 24624
node 37	AtA: 23476	cholCost: 138888	addCost: 10408	backsolveCost: 51833
node 38	AtA: 20854	cholCost: 53322	addCost: 4072	backsolveCost: 24624
node 39	AtA: 14736	cholCost: 31131	addCost: 2200	backsolveCost: 16002
node 40	AtA: 21728	cholCost: 74745	addCost: 4888	backsolveCost: 31323
node 41	AtA: 21728	cholCost: 74745	addCost: 4888	backsolveCost: 31323
node 42	AtA: 21728	cholCost: 92924	addCost: 7912	backsolveCost: 31775
node 43	AtA: 9492	cholCost: 64452	addCost: 11800	backsolveCost: 17157
node 44	AtA: 11240	cholCost: 107068	addCost: 11800	backsolveCost: 32340
node 45	AtA: 13862	cholCost: 108400	addCost: 18328	backsolveCost: 26341
node 46	AtA: 20854	cholCost: 53322	addCost: 4072	backsolveCost: 24624
node 47	AtA: 20854	cholCost: 53322	addCost: 4072	backsolveCost: 24624
node 48	AtA: 20854	cholCost: 53322	addCost: 4072	backsolveCost: 24624
node 49	AtA: 20854	cholCost: 53322	addCost: 4072	backsolveCost: 24624
node 50	AtA: 12988	cholCost: 58836	addCost: 10408	backsolveCost: 17003
node 51	AtA: 3884	cholCost: 72564	addCost: 16552	backsolveCost: 17465
node 52	AtA: 14736	cholCost: 31131	addCost: 2200	backsolveCost: 16002
node 53	AtA: 21728	cholCost: 74745	addCost: 4888	backsolveCost: 31323
node 54	AtA: 16484	cholCost: 52490	addCost: 3352	backsolveCost: 24523
node 55	AtA: 13862	cholCost: 75952	addCost: 9112	backsolveCost: 25432
node 56	AtA: 20854	cholCost: 53322	addCost: 4072	backsolveCost: 24624
node 57	AtA: 14736	cholCost: 31131	addCost: 2200	backsolveCost: 16002
node 58	AtA: 16484	cholCost: 52490	addCost: 3352	backsolveCost: 24523
node 59	AtA: 17358	cholCost: 57981	addCost: 4888	backsolveCost: 24826
node 60	AtA: 12988	cholCost: 64452	addCost: 11800	backsolveCost: 17157
node 61	AtA: 3884	cholCost: 78180	addCost: 18328	backsolveCost: 17619
node 62	AtA: 4576	cholCost: 163478	addCost: 26392	backsolveCost: 33696
node 63	AtA: 6306	cholCost: 468785	addCost: 47128	backsolveCost: 98188
node 64	AtA: 18354	cholCost: 8401	addCost: 4072	backsolveCost: 24624
node 65	AtA: 20854	cholCost: 53322	addCost: 4072	backsolveCost: 24624
node 66	AtA: 20854	cholCost: 53322	addCost: 4072	backsolveCost: 24624
node 67	AtA: 14736	cholCost: 119132	addCost: 13288	backsolveCost: 32453
node 68	AtA: 20854	cholCost: 53322	addCost: 4072	backsolveCost: 24624
node 69	AtA: 20854	cholCost: 53322	addCost: 4072	backsolveCost: 24624
node 70	AtA: 20854	cholCost: 53322	addCost: 4072	backsolveCost: 24624
node 71	AtA: 21728	cholCost: 92924	addCost: 7912	backsolveCost: 31775
node 72	AtA: 4922	cholCost: 212348	addCost: 28648	backsolveCost: 45387
node 73	AtA: 20854	cholCost: 53322	addCost: 4072	backsolveCost: 24624
node 74	AtA: 20854	cholCost: 53322	addCost: 4072	backsolveCost: 24624
node 75	AtA: 20854	cholCost: 53322	addCost: 4072	backsolveCost: 24624
node 76	AtA: 20854	cholCost: 53322	addCost: 4072	backsolveCost: 24624
node 77	AtA: 12988	cholCost: 58836	addCost: 10408	backsolveCost: 17003
node 78	AtA: 11240	cholCost: 132236	addCost: 16552	backsolveCost: 32792
node 79	AtA: 20854	cholCost: 53322	addCost: 4072	backsolveCost: 24624
node 80	AtA: 20854	cholCost: 53322	addCost: 4072	backsolveCost: 24624
node 81	AtA: 20854	cholCost: 53322	addCost: 4072	backsolveCost: 24624
node 82	AtA: 20854	cholCost: 53322	addCost: 4072	backsolveCost: 24624
node 83	AtA: 14736	cholCost: 31131	addCost: 2200	backsolveCost: 16002
node 84	AtA: 14736	cholCost: 31131	addCost: 2200	backsolveCost: 16002
node 85	AtA: 12988	cholCost: 40865	addCost: 4888	backsolveCost: 16464
node 86	AtA: 12988	cholCost: 40865	addCost: 4888	backsolveCost: 16464
node 87	AtA: 20854	cholCost: 53322	addCost: 4072	backsolveCost: 24624
node 88	AtA: 14736	cholCost: 31131	addCost: 2200	backsolveCost: 16002
node 89	AtA: 16484	cholCost: 52490	addCost: 3352	backsolveCost: 24523
node 90	AtA: 17358	cholCost: 57981	addCost: 4888	backsolveCost: 24826
node 91	AtA: 13862	cholCost: 75952	addCost: 9112	backsolveCost: 25432
node 92	AtA: 10366	cholCost: 88432	addCost: 11800	backsolveCost: 25735
node 93	AtA: 3884	cholCost: 78180	addCost: 18328	backsolveCost: 17619
node 94	AtA: 4230	cholCost: 115888	addCost: 22168	backsolveCost: 26644
node 95	AtA: 4230	cholCost: 158321	addCost: 35992	backsolveCost: 27553
node 96	AtA: 20854	cholCost: 53322	addCost: 4072	backsolveCost: 24624
node 97	AtA: 20854	cholCost: 53322	addCost: 4072	backsolveCost: 24624
node 98	AtA: 20854	cholCost: 53322	addCost: 4072	backsolveCost: 24624
node 99	AtA: 10366	cholCost: 88432	addCost: 11800	backsolveCost: 25735
node 100	AtA: 19106	cholCost: 165672	addCost: 18328	backsolveCost: 44428
node 101	AtA: 20854	cholCost: 53322	addCost: 4072	backsolveCost: 24624
node 102	AtA: 20854	cholCost: 53322	addCost: 4072	backsolveCost: 24624
node 103	AtA: 12988	cholCost: 58836	addCost: 10408	backsolveCost: 17003
node 104	AtA: 20854	cholCost: 53322	addCost: 4072	backsolveCost: 24624
node 105	AtA: 20854	cholCost: 53322	addCost: 4072	backsolveCost: 24624
node 106	AtA: 20854	cholCost: 53322	addCost: 4072	backsolveCost: 24624
node 107	AtA: 20854	cholCost: 53322	addCost: 4072	backsolveCost: 24624
node 108	AtA: 4230	cholCost: 89264	addCost: 13288	backsolveCost: 25836
node 109	AtA: 12988	cholCost: 314610	addCost: 53272	backsolveCost: 56154
node 110	AtA: 20854	cholCost: 53322	addCost: 4072	backsolveCost: 24624
node 111	AtA: 20854	cholCost: 53322	addCost: 4072	backsolveCost: 24624
node 112	AtA: 20854	cholCost: 53322	addCost: 4072	backsolveCost: 24624
node 113	AtA: 18232	cholCost: 52490	addCost: 3352	backsolveCost: 24523
node 114	AtA: 17358	cholCost: 57981	addCost: 4888	backsolveCost: 24826
node 115	AtA: 20854	cholCost: 53322	addCost: 4072	backsolveCost: 24624
node 116	AtA: 18232	cholCost: 52490	addCost: 3352	backsolveCost: 24523
node 117	AtA: 16484	cholCost: 57981	addCost: 4888	backsolveCost: 24826
node 118	AtA: 12988	cholCost: 40865	addCost: 4888	backsolveCost: 16464
node 119	AtA: 7744	cholCost: 75952	addCost: 9112	backsolveCost: 25432
node 120	AtA: 4230	cholCost: 115888	addCost: 22168	backsolveCost: 26644
node 121	AtA: 23476	cholCost: 74745	addCost: 4888	backsolveCost: 31323
node 122	AtA: 23476	cholCost: 74745	addCost: 4888	backsolveCost: 31323
node 123	AtA: 24350	cholCost: 157608	addCost: 13288	backsolveCost: 52280
node 124	AtA: 20854	cholCost: 53322	addCost: 4072	backsolveCost: 24624
node 125	AtA: 20854	cholCost: 53322	addCost: 4072	backsolveCost: 24624
node 126	AtA: 23476	cholCost: 74745	addCost: 4888	backsolveCost: 31323
node 127	AtA: 14736	cholCost: 32379	addCost: 2728	backsolveCost: 16079
node 128	AtA: 17358	cholCost: 53322	addCost: 4072	backsolveCost: 24624
node 129	AtA: 9492	cholCost: 119132	addCost: 13288	backsolveCost: 32453
node 130	AtA: 6870	cholCost: 86292	addCost: 24232	backsolveCost: 17927
node 131	AtA: 10366	cholCost: 247216	addCost: 33448	backsolveCost: 54515
node 132	AtA: 23476	cholCost: 74745	addCost: 4888	backsolveCost: 31323
node 133	AtA: 23476	cholCost: 74745	addCost: 4888	backsolveCost: 31323
node 134	AtA: 15610	cholCost: 88432	addCost: 11800	backsolveCost: 25735
node 135	AtA: 20854	cholCost: 53322	addCost: 4072	backsolveCost: 24624
node 136	AtA: 19106	cholCost: 47831	addCost: 2728	backsolveCost: 24321
node 137	AtA: 18232	cholCost: 84812	addCost: 5800	backsolveCost: 31436
node 138	AtA: 12114	cholCost: 98956	addCost: 9112	backsolveCost: 32001
node 139	AtA: 14736	cholCost: 101744	addCost: 16552	backsolveCost: 26139
node 140	AtA: 12114	cholCost: 163478	addCost: 26392	backsolveCost: 33696
node 141	AtA: 18354	cholCost: 8401	addCost: 4072	backsolveCost: 24624
node 142	AtA: 20854	cholCost: 53322	addCost: 4072	backsolveCost: 24624
node 143	AtA: 23476	cholCost: 138888	addCost: 10408	backsolveCost: 51833
node 144	AtA: 20854	cholCost: 53322	addCost: 4072	backsolveCost: 24624
node 145	AtA: 20854	cholCost: 53322	addCost: 4072	backsolveCost: 24624
node 146	AtA: 21728	cholCost: 74745	addCost: 4888	backsolveCost: 31323
node 147	AtA: 21728	cholCost: 74745	addCost: 4888	backsolveCost: 31323
node 148	AtA: 13862	cholCost: 68464	addCost: 6808	backsolveCost: 25129
node 149	AtA: 14736	cholCost: 107068	addCost: 11800	backsolveCost: 32340
node 150	AtA: 3884	cholCost: 78180	addCost: 18328	backsolveCost: 17619
node 151	AtA: 4230	cholCost: 115888	addCost: 22168	backsolveCost: 26644
node 152	AtA: 13862	cholCost: 326234	addCost: 41368	backsolveCost: 69718
node 153	AtA: 10366	cholCost: 367026	addCost: 66712	backsolveCost: 57048
node 154	AtA: 8036	cholCost: 858852	addCost: 66712	backsolveCost: 187044
node 155	AtA: 7344	cholCost: 701808	addCost: 59800	backsolveCost: 146862
node 156	AtA: 5960	cholCost: 508772	addCost: 66712	backsolveCost: 82635
node 157	AtA: 9074	cholCost: 860471	addCost: 38632	backsolveCost: 254307
node 158	AtA: 33090	cholCost: 890556	addCost: 1192	backsolveCost: 716402
node 159	AtA: 6870	cholCost: 16194	addCost: 1000	backsolveCost: 10977
node 160	AtA: -1	cholCost: 0	addCost: -1	backsolveCost: 1561

