cliques
134
node 0	AtA: 14858	cholCost: 3328	addCost: 2200	backsolveCost: 24220
node 1	AtA: 12236	cholCost: 2688	addCost: 2200	backsolveCost: 16002
node 2	AtA: 12236	cholCost: 2688	addCost: 2200	backsolveCost: 16002
node 3	AtA: 12236	cholCost: 2688	addCost: 2200	backsolveCost: 16002
node 4	AtA: 12236	cholCost: 2688	addCost: 2200	backsolveCost: 16002
node 5	AtA: 13984	cholCost: 6028	addCost: 3352	backsolveCost: 24523
node 6	AtA: 12236	cholCost: 9984	addCost: 5800	backsolveCost: 16541
node 7	AtA: 14858	cholCost: 8268	addCost: 4072	backsolveCost: 24624
node 8	AtA: 12236	cholCost: 2688	addCost: 2200	backsolveCost: 16002
node 9	AtA: 19228	cholCost: 10585	addCost: 4888	backsolveCost: 31323
node 10	AtA: 18354	cholCost: 8395	addCost: 4072	backsolveCost: 24624
node 11	AtA: 12236	cholCost: 2688	addCost: 2200	backsolveCost: 16002
node 12	AtA: 13984	cholCost: 6028	addCost: 3352	backsolveCost: 24523
node 13	AtA: 14858	cholCost: 9665	addCost: 4888	backsolveCost: 24826
node 14	AtA: 18354	cholCost: 8401	addCost: 4072	backsolveCost: 24624
node 15	AtA: 18354	cholCost: 8268	addCost: 4072	backsolveCost: 24624
node 16	AtA: 12236	cholCost: 2688	addCost: 2200	backsolveCost: 16002
node 17	AtA: 20976	cholCost: 10416	addCost: 4888	backsolveCost: 31323
node 18	AtA: 20976	cholCost: 10416	addCost: 4888	backsolveCost: 31323
node 19	AtA: 13110	cholCost: 24911	addCost: 11800	backsolveCost: 25735
node 20	AtA: 13984	cholCost: 6028	addCost: 3352	backsolveCost: 24523
node 21	AtA: 14858	cholCost: 9707	addCost: 4888	backsolveCost: 24826
node 22	AtA: 14736	cholCost: 32379	addCost: 2728	backsolveCost: 16079
node 23	AtA: 18232	cholCost: 57981	addCost: 4888	backsolveCost: 24826
node 24	AtA: 20854	cholCost: 53322	addCost: 4072	backsolveCost: 24624
node 25	AtA: 20854	cholCost: 65635	addCost: 3352	backsolveCost: 30984
node 26	AtA: 17358	cholCost: 57981	addCost: 4888	backsolveCost: 24826
node 27	AtA: 19106	cholCost: 124488	addCost: 9112	backsolveCost: 43195
node 28	AtA: 10366	cholCost: 65700	addCost: 13288	backsolveCost: 17234
node 29	AtA: 20854	cholCost: 53322	addCost: 4072	backsolveCost: 24624
node 30	AtA: 20854	cholCost: 53322	addCost: 4072	backsolveCost: 24624
node 31	AtA: 23476	cholCost: 138888	addCost: 10408	backsolveCost: 51833
node 32	AtA: 14736	cholCost: 31131	addCost: 2200	backsolveCost: 16002
node 33	AtA: 14736	cholCost: 31131	addCost: 2200	backsolveCost: 16002
node 34	AtA: 12988	cholCost: 40865	addCost: 4888	backsolveCost: 16464
node 35	AtA: 12988	cholCost: 40865	addCost: 4888	backsolveCost: 16464
node 36	AtA: 13862	cholCost: 75952	addCost: 9112	backsolveCost: 25432
node 37	AtA: 4922	cholCost: 230070	addCost: 33448	backsolveCost: 45798
node 38	AtA: 20854	cholCost: 53322	addCost: 4072	backsolveCost: 24624
node 39	AtA: 16484	cholCost: 52490	addCost: 3352	backsolveCost: 24523
node 40	AtA: 17358	cholCost: 57981	addCost: 4888	backsolveCost: 24826
node 41	AtA: 17358	cholCost: 68464	addCost: 6808	backsolveCost: 25129
node 42	AtA: 17358	cholCost: 182836	addCost: 11800	backsolveCost: 66085
node 43	AtA: 20854	cholCost: 53322	addCost: 4072	backsolveCost: 24624
node 44	AtA: 18354	cholCost: 8395	addCost: 4072	backsolveCost: 24624
node 45	AtA: 20854	cholCost: 53322	addCost: 4072	backsolveCost: 24624
node 46	AtA: 4230	cholCost: 89264	addCost: 13288	backsolveCost: 25836
node 47	AtA: 20854	cholCost: 53322	addCost: 4072	backsolveCost: 24624
node 48	AtA: 20854	cholCost: 53322	addCost: 4072	backsolveCost: 24624
node 49	AtA: 20854	cholCost: 53322	addCost: 4072	backsolveCost: 24624
node 50	AtA: 20854	cholCost: 53322	addCost: 4072	backsolveCost: 24624
node 51	AtA: 23476	cholCost: 138888	addCost: 10408	backsolveCost: 51833
node 52	AtA: 3884	cholCost: 72564	addCost: 16552	backsolveCost: 17465
node 53	AtA: 20854	cholCost: 53322	addCost: 4072	backsolveCost: 24624
node 54	AtA: 20854	cholCost: 53322	addCost: 4072	backsolveCost: 24624
node 55	AtA: 14736	cholCost: 32379	addCost: 2728	backsolveCost: 16079
node 56	AtA: 19980	cholCost: 74745	addCost: 4888	backsolveCost: 31323
node 57	AtA: 12988	cholCost: 40865	addCost: 4888	backsolveCost: 16464
node 58	AtA: 17358	cholCost: 68464	addCost: 6808	backsolveCost: 25129
node 59	AtA: 3884	cholCost: 64452	addCost: 11800	backsolveCost: 17157
node 60	AtA: 14736	cholCost: 32379	addCost: 2728	backsolveCost: 16079
node 61	AtA: 19980	cholCost: 74745	addCost: 4888	backsolveCost: 31323
node 62	AtA: 12988	cholCost: 40865	addCost: 4888	backsolveCost: 16464
node 63	AtA: 17358	cholCost: 68464	addCost: 6808	backsolveCost: 25129
node 64	AtA: 20854	cholCost: 53322	addCost: 4072	backsolveCost: 24624
node 65	AtA: 20854	cholCost: 53322	addCost: 4072	backsolveCost: 24624
node 66	AtA: 23476	cholCost: 138888	addCost: 10408	backsolveCost: 51833
node 67	AtA: 10366	cholCost: 195298	addCost: 22168	backsolveCost: 53472
node 68	AtA: 20854	cholCost: 53322	addCost: 4072	backsolveCost: 24624
node 69	AtA: 19228	cholCost: 10416	addCost: 4888	backsolveCost: 31323
node 70	AtA: 20854	cholCost: 53322	addCost: 4072	backsolveCost: 24624
node 71	AtA: 21728	cholCost: 74745	addCost: 4888	backsolveCost: 31323
node 72	AtA: 4230	cholCost: 75952	addCost: 9112	backsolveCost: 25432
node 73	AtA: 13862	cholCost: 95920	addCost: 14872	backsolveCost: 26038
node 74	AtA: 20854	cholCost: 53322	addCost: 4072	backsolveCost: 24624
node 75	AtA: 20854	cholCost: 53322	addCost: 4072	backsolveCost: 24624
node 76	AtA: 20854	cholCost: 53322	addCost: 4072	backsolveCost: 24624
node 77	AtA: 14736	cholCost: 31131	addCost: 2200	backsolveCost: 16002
node 78	AtA: 21728	cholCost: 74745	addCost: 4888	backsolveCost: 31323
node 79	AtA: 13862	cholCost: 75952	addCost: 9112	backsolveCost: 25432
node 80	AtA: 3884	cholCost: 66324	addCost: 14872	backsolveCost: 17388
node 81	AtA: 4230	cholCost: 132362	addCost: 26392	backsolveCost: 26947
node 82	AtA: 4576	cholCost: 223841	addCost: 44200	backsolveCost: 34826
node 83	AtA: 23476	cholCost: 74745	addCost: 4888	backsolveCost: 31323
node 84	AtA: 14736	cholCost: 31131	addCost: 2200	backsolveCost: 16002
node 85	AtA: 14736	cholCost: 32379	addCost: 2728	backsolveCost: 16079
node 86	AtA: 15610	cholCost: 61808	addCost: 5800	backsolveCost: 24927
node 87	AtA: 12988	cholCost: 45108	addCost: 5800	backsolveCost: 16541
node 88	AtA: 20854	cholCost: 53322	addCost: 4072	backsolveCost: 24624
node 89	AtA: 20854	cholCost: 53322	addCost: 4072	backsolveCost: 24624
node 90	AtA: 20854	cholCost: 53322	addCost: 4072	backsolveCost: 24624
node 91	AtA: 21728	cholCost: 92924	addCost: 7912	backsolveCost: 31775
node 92	AtA: 3884	cholCost: 65700	addCost: 13288	backsolveCost: 17234
node 93	AtA: 7744	cholCost: 115888	addCost: 22168	backsolveCost: 26644
node 94	AtA: 20854	cholCost: 53322	addCost: 4072	backsolveCost: 24624
node 95	AtA: 14736	cholCost: 31131	addCost: 2200	backsolveCost: 16002
node 96	AtA: 21728	cholCost: 74745	addCost: 4888	backsolveCost: 31323
node 97	AtA: 19106	cholCost: 124488	addCost: 9112	backsolveCost: 43195
node 98	AtA: 23476	cholCost: 74745	addCost: 4888	backsolveCost: 31323
node 99	AtA: 20854	cholCost: 53322	addCost: 4072	backsolveCost: 24624
node 100	AtA: 12988	cholCost: 64452	addCost: 11800	backsolveCost: 17157
node 101	AtA: 12988	cholCost: 153369	addCost: 22168	backsolveCost: 33357
node 102	AtA: 5614	cholCost: 245320	addCost: 24232	backsolveCost: 67815
node 103	AtA: 20854	cholCost: 53322	addCost: 4072	backsolveCost: 24624
node 104	AtA: 14736	cholCost: 31131	addCost: 2200	backsolveCost: 16002
node 105	AtA: 21728	cholCost: 74745	addCost: 4888	backsolveCost: 31323
node 106	AtA: 17358	cholCost: 68464	addCost: 6808	backsolveCost: 25129
node 107	AtA: 13862	cholCost: 88432	addCost: 11800	backsolveCost: 25735
node 108	AtA: 20854	cholCost: 53322	addCost: 4072	backsolveCost: 24624
node 109	AtA: 14736	cholCost: 31131	addCost: 2200	backsolveCost: 16002
node 110	AtA: 21728	cholCost: 74745	addCost: 4888	backsolveCost: 31323
node 111	AtA: 14736	cholCost: 31131	addCost: 2200	backsolveCost: 16002
node 112	AtA: 21728	cholCost: 74745	addCost: 4888	backsolveCost: 31323
node 113	AtA: 9492	cholCost: 52596	addCost: 9112	backsolveCost: 16926
node 114	AtA: 14736	cholCost: 107068	addCost: 11800	backsolveCost: 32340
node 115	AtA: 4230	cholCost: 108400	addCost: 18328	backsolveCost: 26341
node 116	AtA: 20854	cholCost: 53322	addCost: 4072	backsolveCost: 24624
node 117	AtA: 20854	cholCost: 53322	addCost: 4072	backsolveCost: 24624
node 118	AtA: 14736	cholCost: 119132	addCost: 13288	backsolveCost: 32453
node 119	AtA: 18354	cholCost: 8437	addCost: 4072	backsolveCost: 24624
node 120	AtA: 23476	cholCost: 74745	addCost: 4888	backsolveCost: 31323
node 121	AtA: 17358	cholCost: 61808	addCost: 5800	backsolveCost: 24927
node 122	AtA: 11240	cholCost: 75952	addCost: 9112	backsolveCost: 25432
node 123	AtA: 8618	cholCost: 162438	addCost: 24232	backsolveCost: 33470
node 124	AtA: 4230	cholCost: 149668	addCost: 33448	backsolveCost: 27351
node 125	AtA: 4922	cholCost: 264266	addCost: 41368	backsolveCost: 46483
node 126	AtA: 13862	cholCost: 447194	addCost: 41368	backsolveCost: 97561
node 127	AtA: 12114	cholCost: 384970	addCost: 41368	backsolveCost: 80415
node 128	AtA: 16484	cholCost: 659324	addCost: 41368	backsolveCost: 167071
node 129	AtA: 5268	cholCost: 266186	addCost: 41368	backsolveCost: 55260
node 130	AtA: 8036	cholCost: 572808	addCost: 28648	backsolveCost: 181184
node 131	AtA: 29594	cholCost: 526450	addCost: 1192	backsolveCost: 428150
node 132	AtA: 6870	cholCost: 16194	addCost: 1000	backsolveCost: 10977
node 133	AtA: -1	cholCost: 0	addCost: -1	backsolveCost: 1561

