cliques
97
node 0	AtA: 14858	cholCost: 0	addCost: 2200	backsolveCost: 24220
node 1	AtA: 12236	cholCost: 2688	addCost: 2200	backsolveCost: 16002
node 2	AtA: 12236	cholCost: 0	addCost: 2200	backsolveCost: 16002
node 3	AtA: 12236	cholCost: 0	addCost: 3352	backsolveCost: 16233
node 4	AtA: 13110	cholCost: 0	addCost: 5800	backsolveCost: 16541
node 5	AtA: 12236	cholCost: 2688	addCost: 2200	backsolveCost: 16002
node 6	AtA: 12236	cholCost: 2688	addCost: 2200	backsolveCost: 16002
node 7	AtA: 19228	cholCost: 10416	addCost: 4888	backsolveCost: 31323
node 8	AtA: 13984	cholCost: 6028	addCost: 3352	backsolveCost: 24523
node 9	AtA: 11362	cholCost: 0	addCost: 6808	backsolveCost: 16695
node 10	AtA: 12236	cholCost: 20773	addCost: 9112	backsolveCost: 32001
node 11	AtA: 18354	cholCost: 8401	addCost: 4072	backsolveCost: 24624
node 12	AtA: 19228	cholCost: 10549	addCost: 4888	backsolveCost: 31323
node 13	AtA: 3730	cholCost: 31547	addCost: 14872	backsolveCost: 26038
node 14	AtA: 12236	cholCost: 2688	addCost: 2200	backsolveCost: 16002
node 15	AtA: 13984	cholCost: 6155	addCost: 3352	backsolveCost: 24523
node 16	AtA: 17480	cholCost: 6028	addCost: 3352	backsolveCost: 24523
node 17	AtA: 12236	cholCost: 2688	addCost: 2200	backsolveCost: 16002
node 18	AtA: 12236	cholCost: 2688	addCost: 2200	backsolveCost: 16002
node 19	AtA: 13984	cholCost: 6028	addCost: 3352	backsolveCost: 24523
node 20	AtA: 14858	cholCost: 9695	addCost: 4888	backsolveCost: 24826
node 21	AtA: 20854	cholCost: 53322	addCost: 4072	backsolveCost: 24624
node 22	AtA: 20854	cholCost: 53322	addCost: 4072	backsolveCost: 24624
node 23	AtA: 23476	cholCost: 126408	addCost: 9112	backsolveCost: 51684
node 24	AtA: 19106	cholCost: 156936	addCost: 14872	backsolveCost: 44017
node 25	AtA: 20854	cholCost: 53322	addCost: 4072	backsolveCost: 24624
node 26	AtA: 20854	cholCost: 65635	addCost: 3352	backsolveCost: 30984
node 27	AtA: 17358	cholCost: 57981	addCost: 4888	backsolveCost: 24826
node 28	AtA: 14736	cholCost: 32379	addCost: 2728	backsolveCost: 16079
node 29	AtA: 20854	cholCost: 74745	addCost: 4888	backsolveCost: 31323
node 30	AtA: 20854	cholCost: 53322	addCost: 4072	backsolveCost: 24624
node 31	AtA: 12988	cholCost: 64452	addCost: 11800	backsolveCost: 17157
node 32	AtA: 14736	cholCost: 32379	addCost: 2728	backsolveCost: 16079
node 33	AtA: 20854	cholCost: 74745	addCost: 4888	backsolveCost: 31323
node 34	AtA: 14736	cholCost: 32379	addCost: 2728	backsolveCost: 16079
node 35	AtA: 20854	cholCost: 74745	addCost: 4888	backsolveCost: 31323
node 36	AtA: 15610	cholCost: 98956	addCost: 9112	backsolveCost: 32001
node 37	AtA: 7744	cholCost: 95920	addCost: 14872	backsolveCost: 26038
node 38	AtA: 12988	cholCost: 193378	addCost: 22168	backsolveCost: 44839
node 39	AtA: 14736	cholCost: 31131	addCost: 2200	backsolveCost: 16002
node 40	AtA: 16484	cholCost: 52490	addCost: 3352	backsolveCost: 24523
node 41	AtA: 17358	cholCost: 57981	addCost: 4888	backsolveCost: 24826
node 42	AtA: 16484	cholCost: 52490	addCost: 3352	backsolveCost: 24523
node 43	AtA: 21728	cholCost: 85852	addCost: 6808	backsolveCost: 31662
node 44	AtA: 20854	cholCost: 53322	addCost: 4072	backsolveCost: 24624
node 45	AtA: 20854	cholCost: 53322	addCost: 4072	backsolveCost: 24624
node 46	AtA: 19106	cholCost: 124488	addCost: 9112	backsolveCost: 43195
node 47	AtA: 13862	cholCost: 95920	addCost: 14872	backsolveCost: 26038
node 48	AtA: 5268	cholCost: 179573	addCost: 18328	backsolveCost: 53025
node 49	AtA: 20854	cholCost: 53322	addCost: 4072	backsolveCost: 24624
node 50	AtA: 14736	cholCost: 31131	addCost: 2200	backsolveCost: 16002
node 51	AtA: 24350	cholCost: 100277	addCost: 5800	backsolveCost: 42510
node 52	AtA: 9492	cholCost: 45108	addCost: 5800	backsolveCost: 16541
node 53	AtA: 14736	cholCost: 32379	addCost: 2728	backsolveCost: 16079
node 54	AtA: 20854	cholCost: 74745	addCost: 4888	backsolveCost: 31323
node 55	AtA: 20854	cholCost: 53322	addCost: 4072	backsolveCost: 24624
node 56	AtA: 13862	cholCost: 75952	addCost: 9112	backsolveCost: 25432
node 57	AtA: 11240	cholCost: 89264	addCost: 13288	backsolveCost: 25836
node 58	AtA: 18354	cholCost: 8268	addCost: 4072	backsolveCost: 24624
node 59	AtA: 15610	cholCost: 51972	addCost: 7912	backsolveCost: 16772
node 60	AtA: 6870	cholCost: 78180	addCost: 18328	backsolveCost: 17619
node 61	AtA: 20854	cholCost: 53322	addCost: 4072	backsolveCost: 24624
node 62	AtA: 16484	cholCost: 57981	addCost: 4888	backsolveCost: 24826
node 63	AtA: 14736	cholCost: 31131	addCost: 2200	backsolveCost: 16002
node 64	AtA: 21728	cholCost: 74745	addCost: 4888	backsolveCost: 31323
node 65	AtA: 20854	cholCost: 53322	addCost: 4072	backsolveCost: 24624
node 66	AtA: 12988	cholCost: 64452	addCost: 11800	backsolveCost: 17157
node 67	AtA: 20854	cholCost: 53322	addCost: 4072	backsolveCost: 24624
node 68	AtA: 14736	cholCost: 31131	addCost: 2200	backsolveCost: 16002
node 69	AtA: 21728	cholCost: 74745	addCost: 4888	backsolveCost: 31323
node 70	AtA: 20854	cholCost: 53322	addCost: 4072	backsolveCost: 24624
node 71	AtA: 14736	cholCost: 31131	addCost: 2200	backsolveCost: 16002
node 72	AtA: 21728	cholCost: 74745	addCost: 4888	backsolveCost: 31323
node 73	AtA: 12114	cholCost: 124488	addCost: 9112	backsolveCost: 43195
node 74	AtA: 13862	cholCost: 95920	addCost: 14872	backsolveCost: 26038
node 75	AtA: 4230	cholCost: 109232	addCost: 20200	backsolveCost: 26442
node 76	AtA: 14736	cholCost: 31131	addCost: 2200	backsolveCost: 16002
node 77	AtA: 21728	cholCost: 74745	addCost: 4888	backsolveCost: 31323
node 78	AtA: 20854	cholCost: 53322	addCost: 4072	backsolveCost: 24624
node 79	AtA: 19106	cholCost: 124488	addCost: 9112	backsolveCost: 43195
node 80	AtA: 20854	cholCost: 53322	addCost: 4072	backsolveCost: 24624
node 81	AtA: 12236	cholCost: 2688	addCost: 2200	backsolveCost: 16002
node 82	AtA: 16484	cholCost: 52490	addCost: 3352	backsolveCost: 24523
node 83	AtA: 19980	cholCost: 52490	addCost: 3352	backsolveCost: 24523
node 84	AtA: 20854	cholCost: 53322	addCost: 4072	backsolveCost: 24624
node 85	AtA: 23476	cholCost: 126408	addCost: 9112	backsolveCost: 51684
node 86	AtA: 14736	cholCost: 107068	addCost: 11800	backsolveCost: 32340
node 87	AtA: 13862	cholCost: 108400	addCost: 18328	backsolveCost: 26341
node 88	AtA: 5614	cholCost: 221982	addCost: 20200	backsolveCost: 67296
node 89	AtA: 5960	cholCost: 263495	addCost: 20200	backsolveCost: 77825
node 90	AtA: 4576	cholCost: 162438	addCost: 24232	backsolveCost: 33470
node 91	AtA: 5614	cholCost: 245320	addCost: 24232	backsolveCost: 67815
node 92	AtA: 12988	cholCost: 327882	addCost: 22168	backsolveCost: 95053
node 93	AtA: 5268	cholCost: 213020	addCost: 26392	backsolveCost: 53919
node 94	AtA: 27846	cholCost: 586075	addCost: 1192	backsolveCost: 493301
node 95	AtA: 6870	cholCost: 16194	addCost: 1000	backsolveCost: 10977
node 96	AtA: -1	cholCost: 0	addCost: -1	backsolveCost: 1561

