cliques
110
node 0	AtA: 14858	cholCost: 3328	addCost: 2200	backsolveCost: 24220
node 1	AtA: 12236	cholCost: 0	addCost: 2200	backsolveCost: 16002
node 2	AtA: 12236	cholCost: 0	addCost: 4072	backsolveCost: 16310
node 3	AtA: 8740	cholCost: 7728	addCost: 4888	backsolveCost: 16464
node 4	AtA: 11362	cholCost: 9984	addCost: 5800	backsolveCost: 16541
node 5	AtA: 12236	cholCost: 2688	addCost: 2200	backsolveCost: 16002
node 6	AtA: 12236	cholCost: 2688	addCost: 2200	backsolveCost: 16002
node 7	AtA: 19228	cholCost: 10416	addCost: 4888	backsolveCost: 31323
node 8	AtA: 12236	cholCost: 2688	addCost: 2200	backsolveCost: 16002
node 9	AtA: 12236	cholCost: 2688	addCost: 2200	backsolveCost: 16002
node 10	AtA: 13984	cholCost: 6028	addCost: 3352	backsolveCost: 24523
node 11	AtA: 18354	cholCost: 8268	addCost: 4072	backsolveCost: 24624
node 12	AtA: 18354	cholCost: 8401	addCost: 4072	backsolveCost: 24624
node 13	AtA: 18354	cholCost: 8401	addCost: 4072	backsolveCost: 24624
node 14	AtA: 20976	cholCost: 31369	addCost: 10408	backsolveCost: 51833
node 15	AtA: 13984	cholCost: 6028	addCost: 3352	backsolveCost: 24523
node 16	AtA: 14858	cholCost: 9520	addCost: 4888	backsolveCost: 24826
node 17	AtA: 14858	cholCost: 13973	addCost: 6808	backsolveCost: 25129
node 18	AtA: 12236	cholCost: 2688	addCost: 2200	backsolveCost: 16002
node 19	AtA: 20854	cholCost: 53322	addCost: 4072	backsolveCost: 24624
node 20	AtA: 20854	cholCost: 53322	addCost: 4072	backsolveCost: 24624
node 21	AtA: 12988	cholCost: 58836	addCost: 10408	backsolveCost: 17003
node 22	AtA: 20854	cholCost: 53322	addCost: 4072	backsolveCost: 24624
node 23	AtA: 23476	cholCost: 74745	addCost: 4888	backsolveCost: 31323
node 24	AtA: 23476	cholCost: 150120	addCost: 11800	backsolveCost: 52131
node 25	AtA: 16606	cholCost: 24160	addCost: 9112	backsolveCost: 43195
node 26	AtA: 4370	cholCost: 20678	addCost: 11800	backsolveCost: 17157
node 27	AtA: 20854	cholCost: 57981	addCost: 4888	backsolveCost: 24826
node 28	AtA: 20854	cholCost: 53322	addCost: 4072	backsolveCost: 24624
node 29	AtA: 12988	cholCost: 64452	addCost: 11800	backsolveCost: 17157
node 30	AtA: 20854	cholCost: 53322	addCost: 4072	backsolveCost: 24624
node 31	AtA: 14736	cholCost: 31131	addCost: 2200	backsolveCost: 16002
node 32	AtA: 15610	cholCost: 32379	addCost: 2728	backsolveCost: 16079
node 33	AtA: 18232	cholCost: 84812	addCost: 5800	backsolveCost: 31436
node 34	AtA: 12988	cholCost: 45108	addCost: 5800	backsolveCost: 16541
node 35	AtA: 3884	cholCost: 58836	addCost: 10408	backsolveCost: 17003
node 36	AtA: 11240	cholCost: 133276	addCost: 18328	backsolveCost: 33018
node 37	AtA: 14736	cholCost: 31131	addCost: 2200	backsolveCost: 16002
node 38	AtA: 21728	cholCost: 74745	addCost: 4888	backsolveCost: 31323
node 39	AtA: 20854	cholCost: 53322	addCost: 4072	backsolveCost: 24624
node 40	AtA: 12988	cholCost: 64452	addCost: 11800	backsolveCost: 17157
node 41	AtA: 14736	cholCost: 31131	addCost: 2200	backsolveCost: 16002
node 42	AtA: 21728	cholCost: 74745	addCost: 4888	backsolveCost: 31323
node 43	AtA: 20854	cholCost: 53322	addCost: 4072	backsolveCost: 24624
node 44	AtA: 14736	cholCost: 31131	addCost: 2200	backsolveCost: 16002
node 45	AtA: 21728	cholCost: 74745	addCost: 4888	backsolveCost: 31323
node 46	AtA: 4230	cholCost: 75952	addCost: 9112	backsolveCost: 25432
node 47	AtA: 4230	cholCost: 95920	addCost: 14872	backsolveCost: 26038
node 48	AtA: 20854	cholCost: 53322	addCost: 4072	backsolveCost: 24624
node 49	AtA: 16484	cholCost: 52490	addCost: 3352	backsolveCost: 24523
node 50	AtA: 12988	cholCost: 52596	addCost: 9112	backsolveCost: 16926
node 51	AtA: 14736	cholCost: 31131	addCost: 2200	backsolveCost: 16002
node 52	AtA: 21728	cholCost: 74745	addCost: 4888	backsolveCost: 31323
node 53	AtA: 21728	cholCost: 74745	addCost: 4888	backsolveCost: 31323
node 54	AtA: 20854	cholCost: 53322	addCost: 4072	backsolveCost: 24624
node 55	AtA: 13862	cholCost: 75952	addCost: 9112	backsolveCost: 25432
node 56	AtA: 10366	cholCost: 88432	addCost: 11800	backsolveCost: 25735
node 57	AtA: 3884	cholCost: 78180	addCost: 18328	backsolveCost: 17619
node 58	AtA: 3884	cholCost: 111003	addCost: 33448	backsolveCost: 18389
node 59	AtA: 19980	cholCost: 52490	addCost: 3352	backsolveCost: 24523
node 60	AtA: 14736	cholCost: 31131	addCost: 2200	backsolveCost: 16002
node 61	AtA: 16484	cholCost: 52490	addCost: 3352	backsolveCost: 24523
node 62	AtA: 21728	cholCost: 85852	addCost: 6808	backsolveCost: 31662
node 63	AtA: 14736	cholCost: 98956	addCost: 9112	backsolveCost: 32001
node 64	AtA: 20854	cholCost: 53322	addCost: 4072	backsolveCost: 24624
node 65	AtA: 20854	cholCost: 53322	addCost: 4072	backsolveCost: 24624
node 66	AtA: 23476	cholCost: 138888	addCost: 10408	backsolveCost: 51833
node 67	AtA: 14736	cholCost: 31131	addCost: 2200	backsolveCost: 16002
node 68	AtA: 21728	cholCost: 74745	addCost: 4888	backsolveCost: 31323
node 69	AtA: 20854	cholCost: 53322	addCost: 4072	backsolveCost: 24624
node 70	AtA: 14736	cholCost: 31131	addCost: 2200	backsolveCost: 16002
node 71	AtA: 21728	cholCost: 74745	addCost: 4888	backsolveCost: 31323
node 72	AtA: 12114	cholCost: 124488	addCost: 9112	backsolveCost: 43195
node 73	AtA: 20854	cholCost: 53322	addCost: 4072	backsolveCost: 24624
node 74	AtA: 20854	cholCost: 53322	addCost: 4072	backsolveCost: 24624
node 75	AtA: 14736	cholCost: 31131	addCost: 2200	backsolveCost: 16002
node 76	AtA: 21728	cholCost: 74745	addCost: 4888	backsolveCost: 31323
node 77	AtA: 14736	cholCost: 31131	addCost: 2200	backsolveCost: 16002
node 78	AtA: 16484	cholCost: 52490	addCost: 3352	backsolveCost: 24523
node 79	AtA: 17358	cholCost: 57981	addCost: 4888	backsolveCost: 24826
node 80	AtA: 14736	cholCost: 98956	addCost: 9112	backsolveCost: 32001
node 81	AtA: 4922	cholCost: 193378	addCost: 22168	backsolveCost: 44839
node 82	AtA: 20854	cholCost: 53322	addCost: 4072	backsolveCost: 24624
node 83	AtA: 14736	cholCost: 31131	addCost: 2200	backsolveCost: 16002
node 84	AtA: 21728	cholCost: 74745	addCost: 4888	backsolveCost: 31323
node 85	AtA: 19106	cholCost: 124488	addCost: 9112	backsolveCost: 43195
node 86	AtA: 20854	cholCost: 53322	addCost: 4072	backsolveCost: 24624
node 87	AtA: 20854	cholCost: 53322	addCost: 4072	backsolveCost: 24624
node 88	AtA: 20854	cholCost: 53322	addCost: 4072	backsolveCost: 24624
node 89	AtA: 14736	cholCost: 119132	addCost: 13288	backsolveCost: 32453
node 90	AtA: 20854	cholCost: 53322	addCost: 4072	backsolveCost: 24624
node 91	AtA: 14736	cholCost: 31131	addCost: 2200	backsolveCost: 16002
node 92	AtA: 14736	cholCost: 31131	addCost: 2200	backsolveCost: 16002
node 93	AtA: 12988	cholCost: 40865	addCost: 4888	backsolveCost: 16464
node 94	AtA: 12988	cholCost: 40865	addCost: 4888	backsolveCost: 16464
node 95	AtA: 20854	cholCost: 53322	addCost: 4072	backsolveCost: 24624
node 96	AtA: 20854	cholCost: 53322	addCost: 4072	backsolveCost: 24624
node 97	AtA: 14736	cholCost: 31131	addCost: 2200	backsolveCost: 16002
node 98	AtA: 21728	cholCost: 74745	addCost: 4888	backsolveCost: 31323
node 99	AtA: 19106	cholCost: 124488	addCost: 9112	backsolveCost: 43195
node 100	AtA: 13862	cholCost: 95920	addCost: 14872	backsolveCost: 26038
node 101	AtA: 12988	cholCost: 179573	addCost: 18328	backsolveCost: 53025
node 102	AtA: 5960	cholCost: 329058	addCost: 31000	backsolveCost: 79305
node 103	AtA: 5960	cholCost: 313416	addCost: 28648	backsolveCost: 78935
node 104	AtA: 6652	cholCost: 382056	addCost: 28648	backsolveCost: 108410
node 105	AtA: 6652	cholCost: 382056	addCost: 28648	backsolveCost: 108410
node 106	AtA: 6652	cholCost: 410636	addCost: 33448	backsolveCost: 109073
node 107	AtA: 45326	cholCost: 1385454	addCost: 1192	backsolveCost: 1078382
node 108	AtA: 6870	cholCost: 16194	addCost: 1000	backsolveCost: 10977
node 109	AtA: -1	cholCost: 0	addCost: -1	backsolveCost: 1561

