cliques
166
node 0	AtA: 12236	cholCost: 2688	addCost: 2200	backsolveCost: 16002
node 1	AtA: 13984	cholCost: 6028	addCost: 3352	backsolveCost: 24523
node 2	AtA: 12236	cholCost: 2688	addCost: 2200	backsolveCost: 16002
node 3	AtA: 12236	cholCost: 2688	addCost: 2200	backsolveCost: 16002
node 4	AtA: 12236	cholCost: 2688	addCost: 2200	backsolveCost: 16002
node 5	AtA: 12236	cholCost: 2688	addCost: 2200	backsolveCost: 16002
node 6	AtA: 18354	cholCost: 8268	addCost: 4072	backsolveCost: 24624
node 7	AtA: 12236	cholCost: 2688	addCost: 2200	backsolveCost: 16002
node 8	AtA: 19228	cholCost: 10416	addCost: 4888	backsolveCost: 31323
node 9	AtA: 19228	cholCost: 10561	addCost: 4888	backsolveCost: 31323
node 10	AtA: 18354	cholCost: 8395	addCost: 4072	backsolveCost: 24624
node 11	AtA: 18354	cholCost: 8419	addCost: 4072	backsolveCost: 24624
node 12	AtA: 18354	cholCost: 8268	addCost: 4072	backsolveCost: 24624
node 13	AtA: 18354	cholCost: 8268	addCost: 4072	backsolveCost: 24624
node 14	AtA: 18354	cholCost: 8395	addCost: 4072	backsolveCost: 24624
node 15	AtA: 20854	cholCost: 0	addCost: 4072	backsolveCost: 24624
node 16	AtA: 18354	cholCost: 8395	addCost: 4072	backsolveCost: 24624
node 17	AtA: 18354	cholCost: 8395	addCost: 4072	backsolveCost: 24624
node 18	AtA: 3730	cholCost: 29323	addCost: 13288	backsolveCost: 25836
node 19	AtA: 12236	cholCost: 4080	addCost: 2728	backsolveCost: 16079
node 20	AtA: 18354	cholCost: 10555	addCost: 4888	backsolveCost: 31323
node 21	AtA: 18354	cholCost: 8268	addCost: 4072	backsolveCost: 24624
node 22	AtA: 18354	cholCost: 8268	addCost: 4072	backsolveCost: 24624
node 23	AtA: 12236	cholCost: 2688	addCost: 2200	backsolveCost: 16002
node 24	AtA: 19228	cholCost: 10416	addCost: 4888	backsolveCost: 31323
node 25	AtA: 13984	cholCost: 6028	addCost: 3352	backsolveCost: 24523
node 26	AtA: 18354	cholCost: 8268	addCost: 4072	backsolveCost: 24624
node 27	AtA: 20854	cholCost: 53322	addCost: 4072	backsolveCost: 24624
node 28	AtA: 18354	cholCost: 8407	addCost: 4072	backsolveCost: 24624
node 29	AtA: 22602	cholCost: 149448	addCost: 13288	backsolveCost: 43743
node 30	AtA: 20854	cholCost: 53322	addCost: 4072	backsolveCost: 24624
node 31	AtA: 20854	cholCost: 53322	addCost: 4072	backsolveCost: 24624
node 32	AtA: 12988	cholCost: 58836	addCost: 10408	backsolveCost: 17003
node 33	AtA: 18354	cholCost: 8413	addCost: 4072	backsolveCost: 24624
node 34	AtA: 20854	cholCost: 53322	addCost: 4072	backsolveCost: 24624
node 35	AtA: 14736	cholCost: 32379	addCost: 2728	backsolveCost: 16079
node 36	AtA: 18232	cholCost: 52490	addCost: 3352	backsolveCost: 24523
node 37	AtA: 17358	cholCost: 57981	addCost: 4888	backsolveCost: 24826
node 38	AtA: 13862	cholCost: 68464	addCost: 6808	backsolveCost: 25129
node 39	AtA: 9492	cholCost: 52596	addCost: 9112	backsolveCost: 16926
node 40	AtA: 15610	cholCost: 125164	addCost: 14872	backsolveCost: 32679
node 41	AtA: 15610	cholCost: 156936	addCost: 14872	backsolveCost: 44017
node 42	AtA: 3884	cholCost: 85044	addCost: 22168	backsolveCost: 17850
node 43	AtA: 12114	cholCost: 228822	addCost: 31000	backsolveCost: 45661
node 44	AtA: 10488	cholCost: 18637	addCost: 10408	backsolveCost: 17003
node 45	AtA: 20854	cholCost: 53322	addCost: 4072	backsolveCost: 24624
node 46	AtA: 20854	cholCost: 53322	addCost: 4072	backsolveCost: 24624
node 47	AtA: 22602	cholCost: 149448	addCost: 13288	backsolveCost: 43743
node 48	AtA: 11240	cholCost: 140348	addCost: 20200	backsolveCost: 33131
node 49	AtA: 21728	cholCost: 65635	addCost: 3352	backsolveCost: 30984
node 50	AtA: 21728	cholCost: 85852	addCost: 6808	backsolveCost: 31662
node 51	AtA: 20854	cholCost: 53322	addCost: 4072	backsolveCost: 24624
node 52	AtA: 14736	cholCost: 31131	addCost: 2200	backsolveCost: 16002
node 53	AtA: 21728	cholCost: 74745	addCost: 4888	backsolveCost: 31323
node 54	AtA: 18232	cholCost: 107068	addCost: 11800	backsolveCost: 32340
node 55	AtA: 20854	cholCost: 53322	addCost: 4072	backsolveCost: 24624
node 56	AtA: 20854	cholCost: 53322	addCost: 4072	backsolveCost: 24624
node 57	AtA: 23476	cholCost: 138888	addCost: 10408	backsolveCost: 51833
node 58	AtA: 14736	cholCost: 31131	addCost: 2200	backsolveCost: 16002
node 59	AtA: 21728	cholCost: 74745	addCost: 4888	backsolveCost: 31323
node 60	AtA: 14736	cholCost: 31131	addCost: 2200	backsolveCost: 16002
node 61	AtA: 21728	cholCost: 74745	addCost: 4888	backsolveCost: 31323
node 62	AtA: 14736	cholCost: 98956	addCost: 9112	backsolveCost: 32001
node 63	AtA: 9492	cholCost: 85044	addCost: 22168	backsolveCost: 17850
node 64	AtA: 5614	cholCost: 295990	addCost: 33448	backsolveCost: 68853
node 65	AtA: 4230	cholCost: 205580	addCost: 56488	backsolveCost: 28563
node 66	AtA: 20854	cholCost: 53322	addCost: 4072	backsolveCost: 24624
node 67	AtA: 20854	cholCost: 53322	addCost: 4072	backsolveCost: 24624
node 68	AtA: 20854	cholCost: 53322	addCost: 4072	backsolveCost: 24624
node 69	AtA: 20854	cholCost: 53322	addCost: 4072	backsolveCost: 24624
node 70	AtA: 14736	cholCost: 119132	addCost: 13288	backsolveCost: 32453
node 71	AtA: 13862	cholCost: 109232	addCost: 20200	backsolveCost: 26442
node 72	AtA: 20854	cholCost: 53322	addCost: 4072	backsolveCost: 24624
node 73	AtA: 20854	cholCost: 53322	addCost: 4072	backsolveCost: 24624
node 74	AtA: 12988	cholCost: 58836	addCost: 10408	backsolveCost: 17003
node 75	AtA: 20854	cholCost: 53322	addCost: 4072	backsolveCost: 24624
node 76	AtA: 20854	cholCost: 53322	addCost: 4072	backsolveCost: 24624
node 77	AtA: 23476	cholCost: 138888	addCost: 10408	backsolveCost: 51833
node 78	AtA: 13862	cholCost: 343665	addCost: 44200	backsolveCost: 69891
node 79	AtA: 20854	cholCost: 53322	addCost: 4072	backsolveCost: 24624
node 80	AtA: 13862	cholCost: 68464	addCost: 6808	backsolveCost: 25129
node 81	AtA: 20854	cholCost: 53322	addCost: 4072	backsolveCost: 24624
node 82	AtA: 14736	cholCost: 31131	addCost: 2200	backsolveCost: 16002
node 83	AtA: 16484	cholCost: 52490	addCost: 3352	backsolveCost: 24523
node 84	AtA: 17358	cholCost: 57981	addCost: 4888	backsolveCost: 24826
node 85	AtA: 4230	cholCost: 88432	addCost: 11800	backsolveCost: 25735
node 86	AtA: 20854	cholCost: 53322	addCost: 4072	backsolveCost: 24624
node 87	AtA: 20854	cholCost: 53322	addCost: 4072	backsolveCost: 24624
node 88	AtA: 12988	cholCost: 58836	addCost: 10408	backsolveCost: 17003
node 89	AtA: 10488	cholCost: 18607	addCost: 10408	backsolveCost: 17003
node 90	AtA: 20854	cholCost: 53322	addCost: 4072	backsolveCost: 24624
node 91	AtA: 19106	cholCost: 124488	addCost: 9112	backsolveCost: 43195
node 92	AtA: 3884	cholCost: 66324	addCost: 14872	backsolveCost: 17388
node 93	AtA: 10366	cholCost: 132362	addCost: 26392	backsolveCost: 26947
node 94	AtA: 4230	cholCost: 158321	addCost: 35992	backsolveCost: 27553
node 95	AtA: 5960	cholCost: 467838	addCost: 59800	backsolveCost: 82080
node 96	AtA: 20854	cholCost: 53322	addCost: 4072	backsolveCost: 24624
node 97	AtA: 20854	cholCost: 53322	addCost: 4072	backsolveCost: 24624
node 98	AtA: 20854	cholCost: 53322	addCost: 4072	backsolveCost: 24624
node 99	AtA: 13862	cholCost: 101744	addCost: 16552	backsolveCost: 26139
node 100	AtA: 20854	cholCost: 53322	addCost: 4072	backsolveCost: 24624
node 101	AtA: 21728	cholCost: 74745	addCost: 4888	backsolveCost: 31323
node 102	AtA: 21728	cholCost: 74745	addCost: 4888	backsolveCost: 31323
node 103	AtA: 20854	cholCost: 53322	addCost: 4072	backsolveCost: 24624
node 104	AtA: 14736	cholCost: 31131	addCost: 2200	backsolveCost: 16002
node 105	AtA: 21728	cholCost: 74745	addCost: 4888	backsolveCost: 31323
node 106	AtA: 4230	cholCost: 75952	addCost: 9112	backsolveCost: 25432
node 107	AtA: 4230	cholCost: 95920	addCost: 14872	backsolveCost: 26038
node 108	AtA: 5960	cholCost: 348028	addCost: 35992	backsolveCost: 79860
node 109	AtA: 23476	cholCost: 74745	addCost: 4888	backsolveCost: 31323
node 110	AtA: 20854	cholCost: 53322	addCost: 4072	backsolveCost: 24624
node 111	AtA: 13862	cholCost: 40241	addCost: 4072	backsolveCost: 16310
node 112	AtA: 15610	cholCost: 45732	addCost: 6808	backsolveCost: 16695
node 113	AtA: 10366	cholCost: 75952	addCost: 9112	backsolveCost: 25432
node 114	AtA: 12114	cholCost: 156936	addCost: 14872	backsolveCost: 44017
node 115	AtA: 15610	cholCost: 140348	addCost: 20200	backsolveCost: 33131
node 116	AtA: 20854	cholCost: 53322	addCost: 4072	backsolveCost: 24624
node 117	AtA: 23476	cholCost: 74745	addCost: 4888	backsolveCost: 31323
node 118	AtA: 23476	cholCost: 150120	addCost: 11800	backsolveCost: 52131
node 119	AtA: 19980	cholCost: 52490	addCost: 3352	backsolveCost: 24523
node 120	AtA: 20854	cholCost: 53322	addCost: 4072	backsolveCost: 24624
node 121	AtA: 14736	cholCost: 31131	addCost: 2200	backsolveCost: 16002
node 122	AtA: 16484	cholCost: 52490	addCost: 3352	backsolveCost: 24523
node 123	AtA: 12988	cholCost: 52596	addCost: 9112	backsolveCost: 16926
node 124	AtA: 15610	cholCost: 124488	addCost: 9112	backsolveCost: 43195
node 125	AtA: 12114	cholCost: 329058	addCost: 31000	backsolveCost: 79305
node 126	AtA: 23476	cholCost: 74745	addCost: 4888	backsolveCost: 31323
node 127	AtA: 20854	cholCost: 53322	addCost: 4072	backsolveCost: 24624
node 128	AtA: 13862	cholCost: 65700	addCost: 13288	backsolveCost: 17234
node 129	AtA: 23476	cholCost: 74745	addCost: 4888	backsolveCost: 31323
node 130	AtA: 23476	cholCost: 74745	addCost: 4888	backsolveCost: 31323
node 131	AtA: 20854	cholCost: 53322	addCost: 4072	backsolveCost: 24624
node 132	AtA: 14736	cholCost: 31131	addCost: 2200	backsolveCost: 16002
node 133	AtA: 19980	cholCost: 53322	addCost: 4072	backsolveCost: 24624
node 134	AtA: 14736	cholCost: 32379	addCost: 2728	backsolveCost: 16079
node 135	AtA: 20854	cholCost: 74745	addCost: 4888	backsolveCost: 31323
node 136	AtA: 20854	cholCost: 53322	addCost: 4072	backsolveCost: 24624
node 137	AtA: 13862	cholCost: 75952	addCost: 9112	backsolveCost: 25432
node 138	AtA: 8618	cholCost: 132236	addCost: 16552	backsolveCost: 32792
node 139	AtA: 10366	cholCost: 153369	addCost: 22168	backsolveCost: 33357
node 140	AtA: 12988	cholCost: 228822	addCost: 31000	backsolveCost: 45661
node 141	AtA: 20854	cholCost: 53322	addCost: 4072	backsolveCost: 24624
node 142	AtA: 18354	cholCost: 8268	addCost: 4072	backsolveCost: 24624
node 143	AtA: 12988	cholCost: 58836	addCost: 10408	backsolveCost: 17003
node 144	AtA: 10366	cholCost: 109232	addCost: 20200	backsolveCost: 26442
node 145	AtA: 20854	cholCost: 57981	addCost: 4888	backsolveCost: 24826
node 146	AtA: 17358	cholCost: 68464	addCost: 6808	backsolveCost: 25129
node 147	AtA: 12988	cholCost: 66324	addCost: 14872	backsolveCost: 17388
node 148	AtA: 14736	cholCost: 31131	addCost: 2200	backsolveCost: 16002
node 149	AtA: 21728	cholCost: 74745	addCost: 4888	backsolveCost: 31323
node 150	AtA: 13862	cholCost: 75952	addCost: 9112	backsolveCost: 25432
node 151	AtA: 20854	cholCost: 53322	addCost: 4072	backsolveCost: 24624
node 152	AtA: 12236	cholCost: 2688	addCost: 2200	backsolveCost: 16002
node 153	AtA: 14736	cholCost: 31131	addCost: 2200	backsolveCost: 16002
node 154	AtA: 21728	cholCost: 74745	addCost: 4888	backsolveCost: 31323
node 155	AtA: 13862	cholCost: 68464	addCost: 6808	backsolveCost: 25129
node 156	AtA: 13862	cholCost: 88432	addCost: 11800	backsolveCost: 25735
node 157	AtA: 4230	cholCost: 95920	addCost: 14872	backsolveCost: 26038
node 158	AtA: 5960	cholCost: 404273	addCost: 44200	backsolveCost: 80600
node 159	AtA: 11240	cholCost: 417672	addCost: 63208	backsolveCost: 71448
node 160	AtA: 12114	cholCost: 533732	addCost: 74008	backsolveCost: 83190
node 161	AtA: 6652	cholCost: 667476	addCost: 81688	backsolveCost: 114156
node 162	AtA: 9074	cholCost: 1114566	addCost: 63208	backsolveCost: 258543
node 163	AtA: 44452	cholCost: 1678704	addCost: 1192	backsolveCost: 1287020
node 164	AtA: 6870	cholCost: 16194	addCost: 1000	backsolveCost: 10977
node 165	AtA: -1	cholCost: 0	addCost: -1	backsolveCost: 1561

