cliques
168
node 0	AtA: 12236	cholCost: 2688	addCost: 2200	backsolveCost: 16002
node 1	AtA: 13984	cholCost: 6028	addCost: 3352	backsolveCost: 24523
node 2	AtA: 12236	cholCost: 2688	addCost: 2200	backsolveCost: 16002
node 3	AtA: 12236	cholCost: 2688	addCost: 2200	backsolveCost: 16002
node 4	AtA: 12236	cholCost: 2688	addCost: 2200	backsolveCost: 16002
node 5	AtA: 19228	cholCost: 10591	addCost: 4888	backsolveCost: 31323
node 6	AtA: 17480	cholCost: 6028	addCost: 3352	backsolveCost: 24523
node 7	AtA: 19228	cholCost: 10549	addCost: 4888	backsolveCost: 31323
node 8	AtA: 12236	cholCost: 2688	addCost: 2200	backsolveCost: 16002
node 9	AtA: 11362	cholCost: 6853	addCost: 4072	backsolveCost: 16310
node 10	AtA: 18354	cholCost: 8401	addCost: 4072	backsolveCost: 24624
node 11	AtA: 13984	cholCost: 6155	addCost: 3352	backsolveCost: 24523
node 12	AtA: 12236	cholCost: 2688	addCost: 2200	backsolveCost: 16002
node 13	AtA: 12236	cholCost: 2688	addCost: 2200	backsolveCost: 16002
node 14	AtA: 20854	cholCost: 53322	addCost: 4072	backsolveCost: 24624
node 15	AtA: 20854	cholCost: 53322	addCost: 4072	backsolveCost: 24624
node 16	AtA: 12988	cholCost: 58836	addCost: 10408	backsolveCost: 17003
node 17	AtA: 20854	cholCost: 53322	addCost: 4072	backsolveCost: 24624
node 18	AtA: 20854	cholCost: 53322	addCost: 4072	backsolveCost: 24624
node 19	AtA: 12988	cholCost: 58836	addCost: 10408	backsolveCost: 17003
node 20	AtA: 9492	cholCost: 86292	addCost: 24232	backsolveCost: 17927
node 21	AtA: 20854	cholCost: 53322	addCost: 4072	backsolveCost: 24624
node 22	AtA: 20854	cholCost: 53322	addCost: 4072	backsolveCost: 24624
node 23	AtA: 20854	cholCost: 53322	addCost: 4072	backsolveCost: 24624
node 24	AtA: 18232	cholCost: 52490	addCost: 3352	backsolveCost: 24523
node 25	AtA: 16484	cholCost: 57981	addCost: 4888	backsolveCost: 24826
node 26	AtA: 12988	cholCost: 40865	addCost: 4888	backsolveCost: 16464
node 27	AtA: 14736	cholCost: 32379	addCost: 2728	backsolveCost: 16079
node 28	AtA: 20854	cholCost: 74745	addCost: 4888	backsolveCost: 31323
node 29	AtA: 17358	cholCost: 68464	addCost: 6808	backsolveCost: 25129
node 30	AtA: 18232	cholCost: 182836	addCost: 11800	backsolveCost: 66085
node 31	AtA: 3884	cholCost: 78180	addCost: 18328	backsolveCost: 17619
node 32	AtA: 20854	cholCost: 53322	addCost: 4072	backsolveCost: 24624
node 33	AtA: 20854	cholCost: 53322	addCost: 4072	backsolveCost: 24624
node 34	AtA: 20854	cholCost: 53322	addCost: 4072	backsolveCost: 24624
node 35	AtA: 14736	cholCost: 119132	addCost: 13288	backsolveCost: 32453
node 36	AtA: 20854	cholCost: 53322	addCost: 4072	backsolveCost: 24624
node 37	AtA: 20854	cholCost: 53322	addCost: 4072	backsolveCost: 24624
node 38	AtA: 12988	cholCost: 58836	addCost: 10408	backsolveCost: 17003
node 39	AtA: 20854	cholCost: 53322	addCost: 4072	backsolveCost: 24624
node 40	AtA: 14736	cholCost: 32379	addCost: 2728	backsolveCost: 16079
node 41	AtA: 19980	cholCost: 74745	addCost: 4888	backsolveCost: 31323
node 42	AtA: 12988	cholCost: 40865	addCost: 4888	backsolveCost: 16464
node 43	AtA: 18232	cholCost: 52490	addCost: 3352	backsolveCost: 24523
node 44	AtA: 17358	cholCost: 57981	addCost: 4888	backsolveCost: 24826
node 45	AtA: 21728	cholCost: 65635	addCost: 3352	backsolveCost: 30984
node 46	AtA: 21728	cholCost: 85852	addCost: 6808	backsolveCost: 31662
node 47	AtA: 11240	cholCost: 158856	addCost: 14872	backsolveCost: 52578
node 48	AtA: 3884	cholCost: 85044	addCost: 22168	backsolveCost: 17850
node 49	AtA: 12114	cholCost: 228822	addCost: 31000	backsolveCost: 45661
node 50	AtA: 13862	cholCost: 301880	addCost: 47128	backsolveCost: 55707
node 51	AtA: 20854	cholCost: 53322	addCost: 4072	backsolveCost: 24624
node 52	AtA: 23476	cholCost: 74745	addCost: 4888	backsolveCost: 31323
node 53	AtA: 23476	cholCost: 74745	addCost: 4888	backsolveCost: 31323
node 54	AtA: 20854	cholCost: 53322	addCost: 4072	backsolveCost: 24624
node 55	AtA: 12988	cholCost: 64452	addCost: 11800	backsolveCost: 17157
node 56	AtA: 8618	cholCost: 108400	addCost: 18328	backsolveCost: 26341
node 57	AtA: 20854	cholCost: 53322	addCost: 4072	backsolveCost: 24624
node 58	AtA: 20854	cholCost: 53322	addCost: 4072	backsolveCost: 24624
node 59	AtA: 20854	cholCost: 53322	addCost: 4072	backsolveCost: 24624
node 60	AtA: 15610	cholCost: 138216	addCost: 11800	backsolveCost: 43606
node 61	AtA: 13862	cholCost: 108400	addCost: 18328	backsolveCost: 26341
node 62	AtA: 23476	cholCost: 74745	addCost: 4888	backsolveCost: 31323
node 63	AtA: 23476	cholCost: 74745	addCost: 4888	backsolveCost: 31323
node 64	AtA: 21728	cholCost: 74745	addCost: 4888	backsolveCost: 31323
node 65	AtA: 17358	cholCost: 157608	addCost: 13288	backsolveCost: 52280
node 66	AtA: 17358	cholCost: 156936	addCost: 14872	backsolveCost: 44017
node 67	AtA: 4576	cholCost: 163478	addCost: 26392	backsolveCost: 33696
node 68	AtA: 7744	cholCost: 175627	addCost: 44200	backsolveCost: 27957
node 69	AtA: 20854	cholCost: 53322	addCost: 4072	backsolveCost: 24624
node 70	AtA: 23476	cholCost: 74745	addCost: 4888	backsolveCost: 31323
node 71	AtA: 23476	cholCost: 150120	addCost: 11800	backsolveCost: 52131
node 72	AtA: 20854	cholCost: 53322	addCost: 4072	backsolveCost: 24624
node 73	AtA: 20854	cholCost: 57981	addCost: 4888	backsolveCost: 24826
node 74	AtA: 20854	cholCost: 53322	addCost: 4072	backsolveCost: 24624
node 75	AtA: 13862	cholCost: 75952	addCost: 9112	backsolveCost: 25432
node 76	AtA: 14736	cholCost: 31131	addCost: 2200	backsolveCost: 16002
node 77	AtA: 13862	cholCost: 40241	addCost: 4072	backsolveCost: 16310
node 78	AtA: 13862	cholCost: 40865	addCost: 4888	backsolveCost: 16464
node 79	AtA: 14736	cholCost: 31131	addCost: 2200	backsolveCost: 16002
node 80	AtA: 21728	cholCost: 74745	addCost: 4888	backsolveCost: 31323
node 81	AtA: 19980	cholCost: 92924	addCost: 7912	backsolveCost: 31775
node 82	AtA: 11240	cholCost: 81776	addCost: 10408	backsolveCost: 25533
node 83	AtA: 12988	cholCost: 193378	addCost: 22168	backsolveCost: 44839
node 84	AtA: 7744	cholCost: 133194	addCost: 28648	backsolveCost: 27048
node 85	AtA: 20854	cholCost: 53322	addCost: 4072	backsolveCost: 24624
node 86	AtA: 20854	cholCost: 53322	addCost: 4072	backsolveCost: 24624
node 87	AtA: 12988	cholCost: 58836	addCost: 10408	backsolveCost: 17003
node 88	AtA: 20854	cholCost: 53322	addCost: 4072	backsolveCost: 24624
node 89	AtA: 20854	cholCost: 53322	addCost: 4072	backsolveCost: 24624
node 90	AtA: 23476	cholCost: 138888	addCost: 10408	backsolveCost: 51833
node 91	AtA: 20854	cholCost: 53322	addCost: 4072	backsolveCost: 24624
node 92	AtA: 20854	cholCost: 53322	addCost: 4072	backsolveCost: 24624
node 93	AtA: 22602	cholCost: 149448	addCost: 13288	backsolveCost: 43743
node 94	AtA: 14736	cholCost: 31131	addCost: 2200	backsolveCost: 16002
node 95	AtA: 21728	cholCost: 74745	addCost: 4888	backsolveCost: 31323
node 96	AtA: 9492	cholCost: 45732	addCost: 6808	backsolveCost: 16695
node 97	AtA: 20854	cholCost: 53322	addCost: 4072	backsolveCost: 24624
node 98	AtA: 20854	cholCost: 53322	addCost: 4072	backsolveCost: 24624
node 99	AtA: 22602	cholCost: 149448	addCost: 13288	backsolveCost: 43743
node 100	AtA: 12988	cholCost: 195298	addCost: 22168	backsolveCost: 53472
node 101	AtA: 4576	cholCost: 163478	addCost: 26392	backsolveCost: 33696
node 102	AtA: 5268	cholCost: 301880	addCost: 47128	backsolveCost: 55707
node 103	AtA: 10366	cholCost: 378507	addCost: 70312	backsolveCost: 57197
node 104	AtA: 20854	cholCost: 53322	addCost: 4072	backsolveCost: 24624
node 105	AtA: 21728	cholCost: 92924	addCost: 7912	backsolveCost: 31775
node 106	AtA: 20854	cholCost: 53322	addCost: 4072	backsolveCost: 24624
node 107	AtA: 20854	cholCost: 53322	addCost: 4072	backsolveCost: 24624
node 108	AtA: 12988	cholCost: 58836	addCost: 10408	backsolveCost: 17003
node 109	AtA: 14736	cholCost: 32379	addCost: 2728	backsolveCost: 16079
node 110	AtA: 20854	cholCost: 74745	addCost: 4888	backsolveCost: 31323
node 111	AtA: 20854	cholCost: 53322	addCost: 4072	backsolveCost: 24624
node 112	AtA: 13862	cholCost: 75952	addCost: 9112	backsolveCost: 25432
node 113	AtA: 10366	cholCost: 108400	addCost: 18328	backsolveCost: 26341
node 114	AtA: 20854	cholCost: 53322	addCost: 4072	backsolveCost: 24624
node 115	AtA: 20854	cholCost: 53322	addCost: 4072	backsolveCost: 24624
node 116	AtA: 20854	cholCost: 53322	addCost: 4072	backsolveCost: 24624
node 117	AtA: 23476	cholCost: 138888	addCost: 10408	backsolveCost: 51833
node 118	AtA: 13862	cholCost: 101744	addCost: 16552	backsolveCost: 26139
node 119	AtA: 18232	cholCost: 52490	addCost: 3352	backsolveCost: 24523
node 120	AtA: 17358	cholCost: 57981	addCost: 4888	backsolveCost: 24826
node 121	AtA: 18232	cholCost: 52490	addCost: 3352	backsolveCost: 24523
node 122	AtA: 17358	cholCost: 57981	addCost: 4888	backsolveCost: 24826
node 123	AtA: 20854	cholCost: 53322	addCost: 4072	backsolveCost: 24624
node 124	AtA: 14736	cholCost: 32379	addCost: 2728	backsolveCost: 16079
node 125	AtA: 20854	cholCost: 74745	addCost: 4888	backsolveCost: 31323
node 126	AtA: 7744	cholCost: 75952	addCost: 9112	backsolveCost: 25432
node 127	AtA: 14736	cholCost: 262210	addCost: 26392	backsolveCost: 68161
node 128	AtA: 12988	cholCost: 447194	addCost: 41368	backsolveCost: 97561
node 129	AtA: 20854	cholCost: 53322	addCost: 4072	backsolveCost: 24624
node 130	AtA: 20854	cholCost: 53322	addCost: 4072	backsolveCost: 24624
node 131	AtA: 22602	cholCost: 149448	addCost: 13288	backsolveCost: 43743
node 132	AtA: 20854	cholCost: 53322	addCost: 4072	backsolveCost: 24624
node 133	AtA: 20854	cholCost: 53322	addCost: 4072	backsolveCost: 24624
node 134	AtA: 20854	cholCost: 53322	addCost: 4072	backsolveCost: 24624
node 135	AtA: 14736	cholCost: 31131	addCost: 2200	backsolveCost: 16002
node 136	AtA: 21728	cholCost: 74745	addCost: 4888	backsolveCost: 31323
node 137	AtA: 19980	cholCost: 52490	addCost: 3352	backsolveCost: 24523
node 138	AtA: 23476	cholCost: 126408	addCost: 9112	backsolveCost: 51684
node 139	AtA: 4230	cholCost: 95920	addCost: 14872	backsolveCost: 26038
node 140	AtA: 4576	cholCost: 125164	addCost: 14872	backsolveCost: 32679
node 141	AtA: 11240	cholCost: 163478	addCost: 26392	backsolveCost: 33696
node 142	AtA: 20854	cholCost: 53322	addCost: 4072	backsolveCost: 24624
node 143	AtA: 20854	cholCost: 53322	addCost: 4072	backsolveCost: 24624
node 144	AtA: 12988	cholCost: 58836	addCost: 10408	backsolveCost: 17003
node 145	AtA: 20854	cholCost: 53322	addCost: 4072	backsolveCost: 24624
node 146	AtA: 21728	cholCost: 92924	addCost: 7912	backsolveCost: 31775
node 147	AtA: 12988	cholCost: 72564	addCost: 16552	backsolveCost: 17465
node 148	AtA: 21728	cholCost: 74745	addCost: 4888	backsolveCost: 31323
node 149	AtA: 20854	cholCost: 53322	addCost: 4072	backsolveCost: 24624
node 150	AtA: 16484	cholCost: 52490	addCost: 3352	backsolveCost: 24523
node 151	AtA: 17358	cholCost: 57981	addCost: 4888	backsolveCost: 24826
node 152	AtA: 4230	cholCost: 75952	addCost: 9112	backsolveCost: 25432
node 153	AtA: 20854	cholCost: 53322	addCost: 4072	backsolveCost: 24624
node 154	AtA: 20854	cholCost: 53322	addCost: 4072	backsolveCost: 24624
node 155	AtA: 12236	cholCost: 2688	addCost: 2200	backsolveCost: 16002
node 156	AtA: 21728	cholCost: 74745	addCost: 4888	backsolveCost: 31323
node 157	AtA: 13862	cholCost: 75952	addCost: 9112	backsolveCost: 25432
node 158	AtA: 13862	cholCost: 95920	addCost: 14872	backsolveCost: 26038
node 159	AtA: 4230	cholCost: 108400	addCost: 18328	backsolveCost: 26341
node 160	AtA: 5614	cholCost: 326234	addCost: 41368	backsolveCost: 69718
node 161	AtA: 5268	cholCost: 345311	addCost: 59800	backsolveCost: 56601
node 162	AtA: 6652	cholCost: 620052	addCost: 70312	backsolveCost: 113051
node 163	AtA: 19980	cholCost: 1163862	addCost: 70312	backsolveCost: 259602
node 164	AtA: 18232	cholCost: 811404	addCost: 50152	backsolveCost: 210006
node 165	AtA: 43578	cholCost: 1385454	addCost: 1192	backsolveCost: 1078382
node 166	AtA: 6870	cholCost: 16194	addCost: 1000	backsolveCost: 10977
node 167	AtA: -1	cholCost: 0	addCost: -1	backsolveCost: 1561

