cliques
51
node 0	AtA: 14736	cholCost: 0	addCost: 2200	backsolveCost: 16002
node 1	AtA: 12236	cholCost: 0	addCost: 4072	backsolveCost: 16310
node 2	AtA: 15732	cholCost: 10416	addCost: 4888	backsolveCost: 31323
node 3	AtA: 12236	cholCost: 2688	addCost: 2200	backsolveCost: 16002
node 4	AtA: 14736	cholCost: 31131	addCost: 2200	backsolveCost: 16002
node 5	AtA: 14736	cholCost: 32379	addCost: 2728	backsolveCost: 16079
node 6	AtA: 14736	cholCost: 31131	addCost: 2200	backsolveCost: 16002
node 7	AtA: 14736	cholCost: 32379	addCost: 2728	backsolveCost: 16079
node 8	AtA: 19980	cholCost: 74745	addCost: 4888	backsolveCost: 31323
node 9	AtA: 13862	cholCost: 61808	addCost: 5800	backsolveCost: 24927
node 10	AtA: 14736	cholCost: 31131	addCost: 2200	backsolveCost: 16002
node 11	AtA: 16484	cholCost: 52490	addCost: 3352	backsolveCost: 24523
node 12	AtA: 14736	cholCost: 31131	addCost: 2200	backsolveCost: 16002
node 13	AtA: 12988	cholCost: 57981	addCost: 4888	backsolveCost: 24826
node 14	AtA: 14736	cholCost: 32379	addCost: 2728	backsolveCost: 16079
node 15	AtA: 19980	cholCost: 74745	addCost: 4888	backsolveCost: 31323
node 16	AtA: 12988	cholCost: 40865	addCost: 4888	backsolveCost: 16464
node 17	AtA: 6870	cholCost: 40865	addCost: 4888	backsolveCost: 16464
node 18	AtA: 14736	cholCost: 31131	addCost: 2200	backsolveCost: 16002
node 19	AtA: 14736	cholCost: 31131	addCost: 2200	backsolveCost: 16002
node 20	AtA: 14736	cholCost: 31131	addCost: 2200	backsolveCost: 16002
node 21	AtA: 14736	cholCost: 31131	addCost: 2200	backsolveCost: 16002
node 22	AtA: 14736	cholCost: 31131	addCost: 2200	backsolveCost: 16002
node 23	AtA: 14736	cholCost: 31131	addCost: 2200	backsolveCost: 16002
node 24	AtA: 14736	cholCost: 31131	addCost: 2200	backsolveCost: 16002
node 25	AtA: 14736	cholCost: 31131	addCost: 2200	backsolveCost: 16002
node 26	AtA: 14736	cholCost: 31131	addCost: 2200	backsolveCost: 16002
node 27	AtA: 14736	cholCost: 31131	addCost: 2200	backsolveCost: 16002
node 28	AtA: 14736	cholCost: 31131	addCost: 2200	backsolveCost: 16002
node 29	AtA: 16484	cholCost: 52490	addCost: 3352	backsolveCost: 24523
node 30	AtA: 12988	cholCost: 53322	addCost: 4072	backsolveCost: 24624
node 31	AtA: 9492	cholCost: 40241	addCost: 4072	backsolveCost: 16310
node 32	AtA: 9492	cholCost: 40241	addCost: 4072	backsolveCost: 16310
node 33	AtA: 9492	cholCost: 40241	addCost: 4072	backsolveCost: 16310
node 34	AtA: 12988	cholCost: 40241	addCost: 4072	backsolveCost: 16310
node 35	AtA: 8618	cholCost: 40241	addCost: 4072	backsolveCost: 16310
node 36	AtA: 12988	cholCost: 40241	addCost: 4072	backsolveCost: 16310
node 37	AtA: 3884	cholCost: 40241	addCost: 4072	backsolveCost: 16310
node 38	AtA: 12988	cholCost: 40241	addCost: 4072	backsolveCost: 16310
node 39	AtA: 3884	cholCost: 40241	addCost: 4072	backsolveCost: 16310
node 40	AtA: 12988	cholCost: 40241	addCost: 4072	backsolveCost: 16310
node 41	AtA: 3884	cholCost: 40241	addCost: 4072	backsolveCost: 16310
node 42	AtA: 12988	cholCost: 40241	addCost: 4072	backsolveCost: 16310
node 43	AtA: 3884	cholCost: 40865	addCost: 4888	backsolveCost: 16464
node 44	AtA: 10366	cholCost: 100949	addCost: 4888	backsolveCost: 50790
node 45	AtA: 12988	cholCost: 40865	addCost: 4888	backsolveCost: 16464
node 46	AtA: 14736	cholCost: 74745	addCost: 4888	backsolveCost: 31323
node 47	AtA: 15610	cholCost: 78812	addCost: 2728	backsolveCost: 41688
node 48	AtA: 26972	cholCost: 111854	addCost: 1192	backsolveCost: 88992
node 49	AtA: 6870	cholCost: 16194	addCost: 1000	backsolveCost: 10977
node 50	AtA: -1	cholCost: 0	addCost: -1	backsolveCost: 1561

