cliques
130
node 0	AtA: 14858	cholCost: 0	addCost: 2200	backsolveCost: 24220
node 1	AtA: 12236	cholCost: 2688	addCost: 2200	backsolveCost: 16002
node 2	AtA: 12236	cholCost: 2688	addCost: 2200	backsolveCost: 16002
node 3	AtA: 12236	cholCost: 2688	addCost: 2200	backsolveCost: 16002
node 4	AtA: 13984	cholCost: 6028	addCost: 3352	backsolveCost: 24523
node 5	AtA: 12236	cholCost: 9984	addCost: 5800	backsolveCost: 16541
node 6	AtA: 14858	cholCost: 8268	addCost: 4072	backsolveCost: 24624
node 7	AtA: 19228	cholCost: 10579	addCost: 4888	backsolveCost: 31323
node 8	AtA: 18354	cholCost: 8431	addCost: 4072	backsolveCost: 24624
node 9	AtA: 12236	cholCost: 2688	addCost: 2200	backsolveCost: 16002
node 10	AtA: 13984	cholCost: 6028	addCost: 3352	backsolveCost: 24523
node 11	AtA: 18354	cholCost: 8395	addCost: 4072	backsolveCost: 24624
node 12	AtA: 18354	cholCost: 8395	addCost: 4072	backsolveCost: 24624
node 13	AtA: 20976	cholCost: 10416	addCost: 4888	backsolveCost: 31323
node 14	AtA: 12236	cholCost: 2688	addCost: 2200	backsolveCost: 16002
node 15	AtA: 13984	cholCost: 6028	addCost: 3352	backsolveCost: 24523
node 16	AtA: 14858	cholCost: 9520	addCost: 4888	backsolveCost: 24826
node 17	AtA: 18354	cholCost: 8401	addCost: 4072	backsolveCost: 24624
node 18	AtA: 18354	cholCost: 8431	addCost: 4072	backsolveCost: 24624
node 19	AtA: 18354	cholCost: 8419	addCost: 4072	backsolveCost: 24624
node 20	AtA: 20854	cholCost: 53322	addCost: 4072	backsolveCost: 24624
node 21	AtA: 14736	cholCost: 32379	addCost: 2728	backsolveCost: 16079
node 22	AtA: 19980	cholCost: 74745	addCost: 4888	backsolveCost: 31323
node 23	AtA: 12988	cholCost: 40865	addCost: 4888	backsolveCost: 16464
node 24	AtA: 14736	cholCost: 32379	addCost: 2728	backsolveCost: 16079
node 25	AtA: 20854	cholCost: 74745	addCost: 4888	backsolveCost: 31323
node 26	AtA: 20854	cholCost: 53322	addCost: 4072	backsolveCost: 24624
node 27	AtA: 13862	cholCost: 75952	addCost: 9112	backsolveCost: 25432
node 28	AtA: 7744	cholCost: 95920	addCost: 14872	backsolveCost: 26038
node 29	AtA: 20854	cholCost: 53322	addCost: 4072	backsolveCost: 24624
node 30	AtA: 20854	cholCost: 53322	addCost: 4072	backsolveCost: 24624
node 31	AtA: 22602	cholCost: 149448	addCost: 13288	backsolveCost: 43743
node 32	AtA: 20854	cholCost: 53322	addCost: 4072	backsolveCost: 24624
node 33	AtA: 20854	cholCost: 53322	addCost: 4072	backsolveCost: 24624
node 34	AtA: 23476	cholCost: 138888	addCost: 10408	backsolveCost: 51833
node 35	AtA: 20854	cholCost: 53322	addCost: 4072	backsolveCost: 24624
node 36	AtA: 21728	cholCost: 65635	addCost: 3352	backsolveCost: 30984
node 37	AtA: 14736	cholCost: 32379	addCost: 2728	backsolveCost: 16079
node 38	AtA: 19980	cholCost: 74745	addCost: 4888	backsolveCost: 31323
node 39	AtA: 12988	cholCost: 40865	addCost: 4888	backsolveCost: 16464
node 40	AtA: 17358	cholCost: 68464	addCost: 6808	backsolveCost: 25129
node 41	AtA: 14736	cholCost: 88432	addCost: 11800	backsolveCost: 25735
node 42	AtA: 15610	cholCost: 138216	addCost: 11800	backsolveCost: 43606
node 43	AtA: 14736	cholCost: 329058	addCost: 31000	backsolveCost: 79305
node 44	AtA: 20854	cholCost: 53322	addCost: 4072	backsolveCost: 24624
node 45	AtA: 20854	cholCost: 53322	addCost: 4072	backsolveCost: 24624
node 46	AtA: 23476	cholCost: 138888	addCost: 10408	backsolveCost: 51833
node 47	AtA: 20854	cholCost: 53322	addCost: 4072	backsolveCost: 24624
node 48	AtA: 20854	cholCost: 53322	addCost: 4072	backsolveCost: 24624
node 49	AtA: 22602	cholCost: 149448	addCost: 13288	backsolveCost: 43743
node 50	AtA: 20854	cholCost: 53322	addCost: 4072	backsolveCost: 24624
node 51	AtA: 14736	cholCost: 31131	addCost: 2200	backsolveCost: 16002
node 52	AtA: 14736	cholCost: 31131	addCost: 2200	backsolveCost: 16002
node 53	AtA: 12988	cholCost: 40865	addCost: 4888	backsolveCost: 16464
node 54	AtA: 12988	cholCost: 40865	addCost: 4888	backsolveCost: 16464
node 55	AtA: 13862	cholCost: 75952	addCost: 9112	backsolveCost: 25432
node 56	AtA: 14736	cholCost: 31131	addCost: 2200	backsolveCost: 16002
node 57	AtA: 21728	cholCost: 74745	addCost: 4888	backsolveCost: 31323
node 58	AtA: 20854	cholCost: 53322	addCost: 4072	backsolveCost: 24624
node 59	AtA: 14736	cholCost: 31131	addCost: 2200	backsolveCost: 16002
node 60	AtA: 21728	cholCost: 74745	addCost: 4888	backsolveCost: 31323
node 61	AtA: 4230	cholCost: 75952	addCost: 9112	backsolveCost: 25432
node 62	AtA: 14736	cholCost: 296110	addCost: 26392	backsolveCost: 78750
node 63	AtA: 3884	cholCost: 111627	addCost: 35992	backsolveCost: 18543
node 64	AtA: 23476	cholCost: 74745	addCost: 4888	backsolveCost: 31323
node 65	AtA: 23476	cholCost: 74745	addCost: 4888	backsolveCost: 31323
node 66	AtA: 20854	cholCost: 53322	addCost: 4072	backsolveCost: 24624
node 67	AtA: 14736	cholCost: 32379	addCost: 2728	backsolveCost: 16079
node 68	AtA: 14736	cholCost: 40241	addCost: 4072	backsolveCost: 16310
node 69	AtA: 14736	cholCost: 31131	addCost: 2200	backsolveCost: 16002
node 70	AtA: 24350	cholCost: 100277	addCost: 5800	backsolveCost: 42510
node 71	AtA: 12114	cholCost: 69296	addCost: 7912	backsolveCost: 25230
node 72	AtA: 14736	cholCost: 95920	addCost: 14872	backsolveCost: 26038
node 73	AtA: 14736	cholCost: 194626	addCost: 24232	backsolveCost: 44976
node 74	AtA: 23476	cholCost: 74745	addCost: 4888	backsolveCost: 31323
node 75	AtA: 17358	cholCost: 61808	addCost: 5800	backsolveCost: 24927
node 76	AtA: 11240	cholCost: 75952	addCost: 9112	backsolveCost: 25432
node 77	AtA: 15610	cholCost: 119132	addCost: 13288	backsolveCost: 32453
node 78	AtA: 20854	cholCost: 53322	addCost: 4072	backsolveCost: 24624
node 79	AtA: 12988	cholCost: 64452	addCost: 11800	backsolveCost: 17157
node 80	AtA: 20854	cholCost: 53322	addCost: 4072	backsolveCost: 24624
node 81	AtA: 14736	cholCost: 31131	addCost: 2200	backsolveCost: 16002
node 82	AtA: 21728	cholCost: 74745	addCost: 4888	backsolveCost: 31323
node 83	AtA: 17358	cholCost: 68464	addCost: 6808	backsolveCost: 25129
node 84	AtA: 13862	cholCost: 88432	addCost: 11800	backsolveCost: 25735
node 85	AtA: 3884	cholCost: 84420	addCost: 20200	backsolveCost: 17696
node 86	AtA: 13862	cholCost: 213020	addCost: 26392	backsolveCost: 53919
node 87	AtA: 9492	cholCost: 264266	addCost: 41368	backsolveCost: 46483
node 88	AtA: 19980	cholCost: 52490	addCost: 3352	backsolveCost: 24523
node 89	AtA: 13862	cholCost: 75952	addCost: 9112	backsolveCost: 25432
node 90	AtA: 17358	cholCost: 57981	addCost: 4888	backsolveCost: 24826
node 91	AtA: 20854	cholCost: 53322	addCost: 4072	backsolveCost: 24624
node 92	AtA: 13862	cholCost: 75952	addCost: 9112	backsolveCost: 25432
node 93	AtA: 4576	cholCost: 133276	addCost: 18328	backsolveCost: 33018
node 94	AtA: 14736	cholCost: 31131	addCost: 2200	backsolveCost: 16002
node 95	AtA: 21728	cholCost: 74745	addCost: 4888	backsolveCost: 31323
node 96	AtA: 20854	cholCost: 53322	addCost: 4072	backsolveCost: 24624
node 97	AtA: 14736	cholCost: 31131	addCost: 2200	backsolveCost: 16002
node 98	AtA: 21728	cholCost: 74745	addCost: 4888	backsolveCost: 31323
node 99	AtA: 12114	cholCost: 124488	addCost: 9112	backsolveCost: 43195
node 100	AtA: 20854	cholCost: 53322	addCost: 4072	backsolveCost: 24624
node 101	AtA: 20854	cholCost: 53322	addCost: 4072	backsolveCost: 24624
node 102	AtA: 20854	cholCost: 53322	addCost: 4072	backsolveCost: 24624
node 103	AtA: 23476	cholCost: 138888	addCost: 10408	backsolveCost: 51833
node 104	AtA: 13862	cholCost: 101744	addCost: 16552	backsolveCost: 26139
node 105	AtA: 3884	cholCost: 85044	addCost: 22168	backsolveCost: 17850
node 106	AtA: 4230	cholCost: 159153	addCost: 38632	backsolveCost: 27654
node 107	AtA: 20854	cholCost: 53322	addCost: 4072	backsolveCost: 24624
node 108	AtA: 23476	cholCost: 138888	addCost: 10408	backsolveCost: 51833
node 109	AtA: 20854	cholCost: 53322	addCost: 4072	backsolveCost: 24624
node 110	AtA: 16484	cholCost: 179573	addCost: 18328	backsolveCost: 53025
node 111	AtA: 20854	cholCost: 53322	addCost: 4072	backsolveCost: 24624
node 112	AtA: 16484	cholCost: 52490	addCost: 3352	backsolveCost: 24523
node 113	AtA: 23476	cholCost: 126408	addCost: 9112	backsolveCost: 51684
node 114	AtA: 3884	cholCost: 66324	addCost: 14872	backsolveCost: 17388
node 115	AtA: 20854	cholCost: 53322	addCost: 4072	backsolveCost: 24624
node 116	AtA: 18354	cholCost: 8407	addCost: 4072	backsolveCost: 24624
node 117	AtA: 14736	cholCost: 31131	addCost: 2200	backsolveCost: 16002
node 118	AtA: 21728	cholCost: 74745	addCost: 4888	backsolveCost: 31323
node 119	AtA: 14736	cholCost: 31131	addCost: 2200	backsolveCost: 16002
node 120	AtA: 21728	cholCost: 74745	addCost: 4888	backsolveCost: 31323
node 121	AtA: 4576	cholCost: 125164	addCost: 14872	backsolveCost: 32679
node 122	AtA: 4576	cholCost: 153369	addCost: 22168	backsolveCost: 33357
node 123	AtA: 6306	cholCost: 427475	addCost: 38632	backsolveCost: 97143
node 124	AtA: 7344	cholCost: 557123	addCost: 38632	backsolveCost: 144035
node 125	AtA: 7344	cholCost: 584371	addCost: 41368	backsolveCost: 144549
node 126	AtA: 6652	cholCost: 469793	addCost: 44200	backsolveCost: 110399
node 127	AtA: 33964	cholCost: 890556	addCost: 1192	backsolveCost: 716402
node 128	AtA: 6870	cholCost: 16194	addCost: 1000	backsolveCost: 10977
node 129	AtA: -1	cholCost: 0	addCost: -1	backsolveCost: 1561

