cliques
167
node 0	AtA: 12236	cholCost: 2688	addCost: 2200	backsolveCost: 16002
node 1	AtA: 13984	cholCost: 6028	addCost: 3352	backsolveCost: 24523
node 2	AtA: 12236	cholCost: 2688	addCost: 2200	backsolveCost: 16002
node 3	AtA: 12236	cholCost: 2688	addCost: 2200	backsolveCost: 16002
node 4	AtA: 12236	cholCost: 2688	addCost: 2200	backsolveCost: 16002
node 5	AtA: 12236	cholCost: 2688	addCost: 2200	backsolveCost: 16002
node 6	AtA: 18354	cholCost: 8268	addCost: 4072	backsolveCost: 24624
node 7	AtA: 12236	cholCost: 2688	addCost: 2200	backsolveCost: 16002
node 8	AtA: 12236	cholCost: 2688	addCost: 2200	backsolveCost: 16002
node 9	AtA: 18354	cholCost: 8401	addCost: 4072	backsolveCost: 24624
node 10	AtA: 20976	cholCost: 10416	addCost: 4888	backsolveCost: 31323
node 11	AtA: 18354	cholCost: 8268	addCost: 4072	backsolveCost: 24624
node 12	AtA: 12236	cholCost: 2688	addCost: 2200	backsolveCost: 16002
node 13	AtA: 20854	cholCost: 53322	addCost: 4072	backsolveCost: 24624
node 14	AtA: 20854	cholCost: 53322	addCost: 4072	backsolveCost: 24624
node 15	AtA: 20854	cholCost: 53322	addCost: 4072	backsolveCost: 24624
node 16	AtA: 13862	cholCost: 101744	addCost: 16552	backsolveCost: 26139
node 17	AtA: 20854	cholCost: 53322	addCost: 4072	backsolveCost: 24624
node 18	AtA: 18232	cholCost: 52490	addCost: 3352	backsolveCost: 24523
node 19	AtA: 14736	cholCost: 40865	addCost: 4888	backsolveCost: 16464
node 20	AtA: 18232	cholCost: 107068	addCost: 11800	backsolveCost: 32340
node 21	AtA: 18232	cholCost: 52490	addCost: 3352	backsolveCost: 24523
node 22	AtA: 17358	cholCost: 57981	addCost: 4888	backsolveCost: 24826
node 23	AtA: 14736	cholCost: 32379	addCost: 2728	backsolveCost: 16079
node 24	AtA: 20854	cholCost: 74745	addCost: 4888	backsolveCost: 31323
node 25	AtA: 15610	cholCost: 98956	addCost: 9112	backsolveCost: 32001
node 26	AtA: 12988	cholCost: 156936	addCost: 14872	backsolveCost: 44017
node 27	AtA: 23476	cholCost: 74745	addCost: 4888	backsolveCost: 31323
node 28	AtA: 12988	cholCost: 64452	addCost: 11800	backsolveCost: 17157
node 29	AtA: 18354	cholCost: 8407	addCost: 4072	backsolveCost: 24624
node 30	AtA: 20854	cholCost: 53322	addCost: 4072	backsolveCost: 24624
node 31	AtA: 23476	cholCost: 74745	addCost: 4888	backsolveCost: 31323
node 32	AtA: 14736	cholCost: 125164	addCost: 14872	backsolveCost: 32679
node 33	AtA: 8618	cholCost: 102142	addCost: 28648	backsolveCost: 18158
node 34	AtA: 21728	cholCost: 74745	addCost: 4888	backsolveCost: 31323
node 35	AtA: 20854	cholCost: 57981	addCost: 4888	backsolveCost: 24826
node 36	AtA: 16484	cholCost: 52490	addCost: 3352	backsolveCost: 24523
node 37	AtA: 17358	cholCost: 57981	addCost: 4888	backsolveCost: 24826
node 38	AtA: 16484	cholCost: 157608	addCost: 13288	backsolveCost: 52280
node 39	AtA: 7744	cholCost: 65700	addCost: 13288	backsolveCost: 17234
node 40	AtA: 20854	cholCost: 53322	addCost: 4072	backsolveCost: 24624
node 41	AtA: 20854	cholCost: 53322	addCost: 4072	backsolveCost: 24624
node 42	AtA: 14736	cholCost: 119132	addCost: 13288	backsolveCost: 32453
node 43	AtA: 20854	cholCost: 53322	addCost: 4072	backsolveCost: 24624
node 44	AtA: 14736	cholCost: 31131	addCost: 2200	backsolveCost: 16002
node 45	AtA: 18232	cholCost: 52490	addCost: 3352	backsolveCost: 24523
node 46	AtA: 12114	cholCost: 45108	addCost: 5800	backsolveCost: 16541
node 47	AtA: 12988	cholCost: 45108	addCost: 5800	backsolveCost: 16541
node 48	AtA: 13862	cholCost: 81776	addCost: 10408	backsolveCost: 25533
node 49	AtA: 6870	cholCost: 85044	addCost: 22168	backsolveCost: 17850
node 50	AtA: 8618	cholCost: 172547	addCost: 28648	backsolveCost: 33809
node 51	AtA: 9492	cholCost: 301208	addCost: 50152	backsolveCost: 47031
node 52	AtA: 20854	cholCost: 53322	addCost: 4072	backsolveCost: 24624
node 53	AtA: 21728	cholCost: 74745	addCost: 4888	backsolveCost: 31323
node 54	AtA: 16484	cholCost: 52490	addCost: 3352	backsolveCost: 24523
node 55	AtA: 17358	cholCost: 57981	addCost: 4888	backsolveCost: 24826
node 56	AtA: 17358	cholCost: 68464	addCost: 6808	backsolveCost: 25129
node 57	AtA: 17358	cholCost: 182836	addCost: 11800	backsolveCost: 66085
node 58	AtA: 20854	cholCost: 53322	addCost: 4072	backsolveCost: 24624
node 59	AtA: 20854	cholCost: 53322	addCost: 4072	backsolveCost: 24624
node 60	AtA: 20854	cholCost: 53322	addCost: 4072	backsolveCost: 24624
node 61	AtA: 20854	cholCost: 53322	addCost: 4072	backsolveCost: 24624
node 62	AtA: 20854	cholCost: 53322	addCost: 4072	backsolveCost: 24624
node 63	AtA: 4576	cholCost: 140348	addCost: 20200	backsolveCost: 33131
node 64	AtA: 20854	cholCost: 53322	addCost: 4072	backsolveCost: 24624
node 65	AtA: 20854	cholCost: 53322	addCost: 4072	backsolveCost: 24624
node 66	AtA: 12988	cholCost: 58836	addCost: 10408	backsolveCost: 17003
node 67	AtA: 14736	cholCost: 31131	addCost: 2200	backsolveCost: 16002
node 68	AtA: 21728	cholCost: 74745	addCost: 4888	backsolveCost: 31323
node 69	AtA: 20854	cholCost: 53322	addCost: 4072	backsolveCost: 24624
node 70	AtA: 13862	cholCost: 75952	addCost: 9112	backsolveCost: 25432
node 71	AtA: 20854	cholCost: 53322	addCost: 4072	backsolveCost: 24624
node 72	AtA: 20854	cholCost: 53322	addCost: 4072	backsolveCost: 24624
node 73	AtA: 14736	cholCost: 31131	addCost: 2200	backsolveCost: 16002
node 74	AtA: 21728	cholCost: 74745	addCost: 4888	backsolveCost: 31323
node 75	AtA: 20854	cholCost: 53322	addCost: 4072	backsolveCost: 24624
node 76	AtA: 14736	cholCost: 31131	addCost: 2200	backsolveCost: 16002
node 77	AtA: 16484	cholCost: 52490	addCost: 3352	backsolveCost: 24523
node 78	AtA: 17358	cholCost: 57981	addCost: 4888	backsolveCost: 24826
node 79	AtA: 4230	cholCost: 75952	addCost: 9112	backsolveCost: 25432
node 80	AtA: 3884	cholCost: 66324	addCost: 14872	backsolveCost: 17388
node 81	AtA: 3884	cholCost: 85044	addCost: 22168	backsolveCost: 17850
node 82	AtA: 4230	cholCost: 132362	addCost: 26392	backsolveCost: 26947
node 83	AtA: 6652	cholCost: 496625	addCost: 47128	backsolveCost: 110841
node 84	AtA: 20854	cholCost: 53322	addCost: 4072	backsolveCost: 24624
node 85	AtA: 20854	cholCost: 53322	addCost: 4072	backsolveCost: 24624
node 86	AtA: 20854	cholCost: 53322	addCost: 4072	backsolveCost: 24624
node 87	AtA: 12988	cholCost: 58836	addCost: 10408	backsolveCost: 17003
node 88	AtA: 13862	cholCost: 101744	addCost: 16552	backsolveCost: 26139
node 89	AtA: 18354	cholCost: 8268	addCost: 4072	backsolveCost: 24624
node 90	AtA: 20854	cholCost: 53322	addCost: 4072	backsolveCost: 24624
node 91	AtA: 12988	cholCost: 58836	addCost: 10408	backsolveCost: 17003
node 92	AtA: 14736	cholCost: 31131	addCost: 2200	backsolveCost: 16002
node 93	AtA: 14736	cholCost: 31131	addCost: 2200	backsolveCost: 16002
node 94	AtA: 12988	cholCost: 40865	addCost: 4888	backsolveCost: 16464
node 95	AtA: 12988	cholCost: 40865	addCost: 4888	backsolveCost: 16464
node 96	AtA: 21728	cholCost: 65635	addCost: 3352	backsolveCost: 30984
node 97	AtA: 20854	cholCost: 53322	addCost: 4072	backsolveCost: 24624
node 98	AtA: 23476	cholCost: 126408	addCost: 9112	backsolveCost: 51684
node 99	AtA: 10366	cholCost: 88432	addCost: 11800	backsolveCost: 25735
node 100	AtA: 5614	cholCost: 280556	addCost: 31000	backsolveCost: 68680
node 101	AtA: 20854	cholCost: 53322	addCost: 4072	backsolveCost: 24624
node 102	AtA: 20854	cholCost: 53322	addCost: 4072	backsolveCost: 24624
node 103	AtA: 20854	cholCost: 53322	addCost: 4072	backsolveCost: 24624
node 104	AtA: 14736	cholCost: 119132	addCost: 13288	backsolveCost: 32453
node 105	AtA: 21728	cholCost: 74745	addCost: 4888	backsolveCost: 31323
node 106	AtA: 20854	cholCost: 53322	addCost: 4072	backsolveCost: 24624
node 107	AtA: 20854	cholCost: 53322	addCost: 4072	backsolveCost: 24624
node 108	AtA: 20854	cholCost: 53322	addCost: 4072	backsolveCost: 24624
node 109	AtA: 20854	cholCost: 53322	addCost: 4072	backsolveCost: 24624
node 110	AtA: 20854	cholCost: 53322	addCost: 4072	backsolveCost: 24624
node 111	AtA: 14736	cholCost: 31131	addCost: 2200	backsolveCost: 16002
node 112	AtA: 21728	cholCost: 74745	addCost: 4888	backsolveCost: 31323
node 113	AtA: 14736	cholCost: 31131	addCost: 2200	backsolveCost: 16002
node 114	AtA: 21728	cholCost: 74745	addCost: 4888	backsolveCost: 31323
node 115	AtA: 4576	cholCost: 125164	addCost: 14872	backsolveCost: 32679
node 116	AtA: 14736	cholCost: 133276	addCost: 18328	backsolveCost: 33018
node 117	AtA: 5268	cholCost: 213020	addCost: 26392	backsolveCost: 53919
node 118	AtA: 3884	cholCost: 120488	addCost: 41368	backsolveCost: 18774
node 119	AtA: 4922	cholCost: 366354	addCost: 70312	backsolveCost: 48264
node 120	AtA: 23476	cholCost: 74745	addCost: 4888	backsolveCost: 31323
node 121	AtA: 23476	cholCost: 74745	addCost: 4888	backsolveCost: 31323
node 122	AtA: 24350	cholCost: 157608	addCost: 13288	backsolveCost: 52280
node 123	AtA: 19228	cholCost: 10416	addCost: 4888	backsolveCost: 31323
node 124	AtA: 17358	cholCost: 57981	addCost: 4888	backsolveCost: 24826
node 125	AtA: 23476	cholCost: 74745	addCost: 4888	backsolveCost: 31323
node 126	AtA: 9492	cholCost: 98956	addCost: 9112	backsolveCost: 32001
node 127	AtA: 20854	cholCost: 53322	addCost: 4072	backsolveCost: 24624
node 128	AtA: 21728	cholCost: 74745	addCost: 4888	backsolveCost: 31323
node 129	AtA: 20854	cholCost: 53322	addCost: 4072	backsolveCost: 24624
node 130	AtA: 13862	cholCost: 75952	addCost: 9112	backsolveCost: 25432
node 131	AtA: 4576	cholCost: 133276	addCost: 18328	backsolveCost: 33018
node 132	AtA: 6870	cholCost: 102766	addCost: 31000	backsolveCost: 18312
node 133	AtA: 20854	cholCost: 53322	addCost: 4072	backsolveCost: 24624
node 134	AtA: 20854	cholCost: 53322	addCost: 4072	backsolveCost: 24624
node 135	AtA: 20854	cholCost: 53322	addCost: 4072	backsolveCost: 24624
node 136	AtA: 14736	cholCost: 119132	addCost: 13288	backsolveCost: 32453
node 137	AtA: 14736	cholCost: 31131	addCost: 2200	backsolveCost: 16002
node 138	AtA: 21728	cholCost: 74745	addCost: 4888	backsolveCost: 31323
node 139	AtA: 13862	cholCost: 75952	addCost: 9112	backsolveCost: 25432
node 140	AtA: 20854	cholCost: 53322	addCost: 4072	backsolveCost: 24624
node 141	AtA: 14736	cholCost: 31131	addCost: 2200	backsolveCost: 16002
node 142	AtA: 21728	cholCost: 74745	addCost: 4888	backsolveCost: 31323
node 143	AtA: 12114	cholCost: 156936	addCost: 14872	backsolveCost: 44017
node 144	AtA: 20854	cholCost: 53322	addCost: 4072	backsolveCost: 24624
node 145	AtA: 20854	cholCost: 53322	addCost: 4072	backsolveCost: 24624
node 146	AtA: 21728	cholCost: 92924	addCost: 7912	backsolveCost: 31775
node 147	AtA: 19106	cholCost: 149448	addCost: 13288	backsolveCost: 43743
node 148	AtA: 20854	cholCost: 53322	addCost: 4072	backsolveCost: 24624
node 149	AtA: 20854	cholCost: 53322	addCost: 4072	backsolveCost: 24624
node 150	AtA: 12988	cholCost: 58836	addCost: 10408	backsolveCost: 17003
node 151	AtA: 20854	cholCost: 53322	addCost: 4072	backsolveCost: 24624
node 152	AtA: 20854	cholCost: 53322	addCost: 4072	backsolveCost: 24624
node 153	AtA: 20854	cholCost: 53322	addCost: 4072	backsolveCost: 24624
node 154	AtA: 20854	cholCost: 53322	addCost: 4072	backsolveCost: 24624
node 155	AtA: 12988	cholCost: 58836	addCost: 10408	backsolveCost: 17003
node 156	AtA: 3884	cholCost: 72564	addCost: 16552	backsolveCost: 17465
node 157	AtA: 15610	cholCost: 212348	addCost: 28648	backsolveCost: 45387
node 158	AtA: 11240	cholCost: 223841	addCost: 44200	backsolveCost: 34826
node 159	AtA: 6306	cholCost: 593460	addCost: 66712	backsolveCost: 100069
node 160	AtA: 6306	cholCost: 595332	addCost: 70312	backsolveCost: 100278
node 161	AtA: 8728	cholCost: 1134044	addCost: 77800	backsolveCost: 232379
node 162	AtA: 7344	cholCost: 862176	addCost: 81688	backsolveCost: 149175
node 163	AtA: 24350	cholCost: 1043916	addCost: 28648	backsolveCost: 382028
node 164	AtA: 27846	cholCost: 552024	addCost: 1192	backsolveCost: 465816
node 165	AtA: 6870	cholCost: 16194	addCost: 1000	backsolveCost: 10977
node 166	AtA: -1	cholCost: 0	addCost: -1	backsolveCost: 1561

