cliques
164
node 0	AtA: 12236	cholCost: 2688	addCost: 2200	backsolveCost: 16002
node 1	AtA: 13984	cholCost: 6028	addCost: 3352	backsolveCost: 24523
node 2	AtA: 12236	cholCost: 2688	addCost: 2200	backsolveCost: 16002
node 3	AtA: 12236	cholCost: 2688	addCost: 2200	backsolveCost: 16002
node 4	AtA: 12236	cholCost: 2688	addCost: 2200	backsolveCost: 16002
node 5	AtA: 19228	cholCost: 10416	addCost: 4888	backsolveCost: 31323
node 6	AtA: 18354	cholCost: 8401	addCost: 4072	backsolveCost: 24624
node 7	AtA: 20854	cholCost: 0	addCost: 4072	backsolveCost: 24624
node 8	AtA: 20976	cholCost: 31658	addCost: 10408	backsolveCost: 51833
node 9	AtA: 18354	cholCost: 8268	addCost: 4072	backsolveCost: 24624
node 10	AtA: 20854	cholCost: 53322	addCost: 4072	backsolveCost: 24624
node 11	AtA: 13862	cholCost: 40241	addCost: 4072	backsolveCost: 16310
node 12	AtA: 24350	cholCost: 100277	addCost: 5800	backsolveCost: 42510
node 13	AtA: 11240	cholCost: 68464	addCost: 6808	backsolveCost: 25129
node 14	AtA: 4230	cholCost: 88432	addCost: 11800	backsolveCost: 25735
node 15	AtA: 20854	cholCost: 53322	addCost: 4072	backsolveCost: 24624
node 16	AtA: 20854	cholCost: 53322	addCost: 4072	backsolveCost: 24624
node 17	AtA: 20854	cholCost: 53322	addCost: 4072	backsolveCost: 24624
node 18	AtA: 14736	cholCost: 119132	addCost: 13288	backsolveCost: 32453
node 19	AtA: 19980	cholCost: 52490	addCost: 3352	backsolveCost: 24523
node 20	AtA: 21728	cholCost: 85852	addCost: 6808	backsolveCost: 31662
node 21	AtA: 20854	cholCost: 53322	addCost: 4072	backsolveCost: 24624
node 22	AtA: 20854	cholCost: 53322	addCost: 4072	backsolveCost: 24624
node 23	AtA: 3884	cholCost: 64452	addCost: 11800	backsolveCost: 17157
node 24	AtA: 5614	cholCost: 280556	addCost: 31000	backsolveCost: 68680
node 25	AtA: 23476	cholCost: 74745	addCost: 4888	backsolveCost: 31323
node 26	AtA: 23476	cholCost: 74745	addCost: 4888	backsolveCost: 31323
node 27	AtA: 15610	cholCost: 32379	addCost: 2728	backsolveCost: 16079
node 28	AtA: 14736	cholCost: 31131	addCost: 2200	backsolveCost: 16002
node 29	AtA: 21728	cholCost: 74745	addCost: 4888	backsolveCost: 31323
node 30	AtA: 13862	cholCost: 69296	addCost: 7912	backsolveCost: 25230
node 31	AtA: 12988	cholCost: 51972	addCost: 7912	backsolveCost: 16772
node 32	AtA: 9492	cholCost: 95920	addCost: 14872	backsolveCost: 26038
node 33	AtA: 23476	cholCost: 74745	addCost: 4888	backsolveCost: 31323
node 34	AtA: 23476	cholCost: 74745	addCost: 4888	backsolveCost: 31323
node 35	AtA: 20854	cholCost: 53322	addCost: 4072	backsolveCost: 24624
node 36	AtA: 20854	cholCost: 53322	addCost: 4072	backsolveCost: 24624
node 37	AtA: 20854	cholCost: 53322	addCost: 4072	backsolveCost: 24624
node 38	AtA: 20854	cholCost: 53322	addCost: 4072	backsolveCost: 24624
node 39	AtA: 4230	cholCost: 89264	addCost: 13288	backsolveCost: 25836
node 40	AtA: 9492	cholCost: 123709	addCost: 24232	backsolveCost: 26745
node 41	AtA: 8618	cholCost: 180576	addCost: 31000	backsolveCost: 34035
node 42	AtA: 23476	cholCost: 74745	addCost: 4888	backsolveCost: 31323
node 43	AtA: 23476	cholCost: 74745	addCost: 4888	backsolveCost: 31323
node 44	AtA: 20854	cholCost: 53322	addCost: 4072	backsolveCost: 24624
node 45	AtA: 20854	cholCost: 53322	addCost: 4072	backsolveCost: 24624
node 46	AtA: 22602	cholCost: 149448	addCost: 13288	backsolveCost: 43743
node 47	AtA: 16484	cholCost: 195298	addCost: 22168	backsolveCost: 53472
node 48	AtA: 20854	cholCost: 53322	addCost: 4072	backsolveCost: 24624
node 49	AtA: 20854	cholCost: 53322	addCost: 4072	backsolveCost: 24624
node 50	AtA: 20854	cholCost: 53322	addCost: 4072	backsolveCost: 24624
node 51	AtA: 12988	cholCost: 58836	addCost: 10408	backsolveCost: 17003
node 52	AtA: 13862	cholCost: 101744	addCost: 16552	backsolveCost: 26139
node 53	AtA: 14736	cholCost: 31131	addCost: 2200	backsolveCost: 16002
node 54	AtA: 21728	cholCost: 74745	addCost: 4888	backsolveCost: 31323
node 55	AtA: 20854	cholCost: 53322	addCost: 4072	backsolveCost: 24624
node 56	AtA: 14736	cholCost: 31131	addCost: 2200	backsolveCost: 16002
node 57	AtA: 14736	cholCost: 31131	addCost: 2200	backsolveCost: 16002
node 58	AtA: 12988	cholCost: 40865	addCost: 4888	backsolveCost: 16464
node 59	AtA: 12988	cholCost: 40865	addCost: 4888	backsolveCost: 16464
node 60	AtA: 13862	cholCost: 75952	addCost: 9112	backsolveCost: 25432
node 61	AtA: 10366	cholCost: 88432	addCost: 11800	backsolveCost: 25735
node 62	AtA: 10366	cholCost: 141847	addCost: 31000	backsolveCost: 27250
node 63	AtA: 4230	cholCost: 205580	addCost: 56488	backsolveCost: 28563
node 64	AtA: 13862	cholCost: 541927	addCost: 56488	backsolveCost: 111725
node 65	AtA: 20854	cholCost: 53322	addCost: 4072	backsolveCost: 24624
node 66	AtA: 20854	cholCost: 53322	addCost: 4072	backsolveCost: 24624
node 67	AtA: 20854	cholCost: 53322	addCost: 4072	backsolveCost: 24624
node 68	AtA: 14736	cholCost: 31131	addCost: 2200	backsolveCost: 16002
node 69	AtA: 21728	cholCost: 74745	addCost: 4888	backsolveCost: 31323
node 70	AtA: 19106	cholCost: 124488	addCost: 9112	backsolveCost: 43195
node 71	AtA: 20854	cholCost: 53322	addCost: 4072	backsolveCost: 24624
node 72	AtA: 20854	cholCost: 53322	addCost: 4072	backsolveCost: 24624
node 73	AtA: 20854	cholCost: 53322	addCost: 4072	backsolveCost: 24624
node 74	AtA: 12988	cholCost: 58836	addCost: 10408	backsolveCost: 17003
node 75	AtA: 13862	cholCost: 101744	addCost: 16552	backsolveCost: 26139
node 76	AtA: 20854	cholCost: 53322	addCost: 4072	backsolveCost: 24624
node 77	AtA: 14736	cholCost: 31131	addCost: 2200	backsolveCost: 16002
node 78	AtA: 21728	cholCost: 74745	addCost: 4888	backsolveCost: 31323
node 79	AtA: 14736	cholCost: 31131	addCost: 2200	backsolveCost: 16002
node 80	AtA: 21728	cholCost: 74745	addCost: 4888	backsolveCost: 31323
node 81	AtA: 14736	cholCost: 31131	addCost: 2200	backsolveCost: 16002
node 82	AtA: 16484	cholCost: 52490	addCost: 3352	backsolveCost: 24523
node 83	AtA: 21728	cholCost: 85852	addCost: 6808	backsolveCost: 31662
node 84	AtA: 5268	cholCost: 158856	addCost: 14872	backsolveCost: 52578
node 85	AtA: 4230	cholCost: 132362	addCost: 26392	backsolveCost: 26947
node 86	AtA: 16484	cholCost: 428483	addCost: 35992	backsolveCost: 109515
node 87	AtA: 20854	cholCost: 53322	addCost: 4072	backsolveCost: 24624
node 88	AtA: 20854	cholCost: 53322	addCost: 4072	backsolveCost: 24624
node 89	AtA: 20854	cholCost: 53322	addCost: 4072	backsolveCost: 24624
node 90	AtA: 23476	cholCost: 138888	addCost: 10408	backsolveCost: 51833
node 91	AtA: 13862	cholCost: 101744	addCost: 16552	backsolveCost: 26139
node 92	AtA: 20854	cholCost: 53322	addCost: 4072	backsolveCost: 24624
node 93	AtA: 20854	cholCost: 53322	addCost: 4072	backsolveCost: 24624
node 94	AtA: 23476	cholCost: 138888	addCost: 10408	backsolveCost: 51833
node 95	AtA: 14736	cholCost: 31131	addCost: 2200	backsolveCost: 16002
node 96	AtA: 21728	cholCost: 74745	addCost: 4888	backsolveCost: 31323
node 97	AtA: 14736	cholCost: 31131	addCost: 2200	backsolveCost: 16002
node 98	AtA: 21728	cholCost: 74745	addCost: 4888	backsolveCost: 31323
node 99	AtA: 4230	cholCost: 75952	addCost: 9112	backsolveCost: 25432
node 100	AtA: 20854	cholCost: 53322	addCost: 4072	backsolveCost: 24624
node 101	AtA: 20854	cholCost: 53322	addCost: 4072	backsolveCost: 24624
node 102	AtA: 21728	cholCost: 74745	addCost: 4888	backsolveCost: 31323
node 103	AtA: 13862	cholCost: 75952	addCost: 9112	backsolveCost: 25432
node 104	AtA: 13862	cholCost: 95920	addCost: 14872	backsolveCost: 26038
node 105	AtA: 4230	cholCost: 108400	addCost: 18328	backsolveCost: 26341
node 106	AtA: 5614	cholCost: 326234	addCost: 41368	backsolveCost: 69718
node 107	AtA: 5268	cholCost: 378507	addCost: 70312	backsolveCost: 57197
node 108	AtA: 20854	cholCost: 53322	addCost: 4072	backsolveCost: 24624
node 109	AtA: 20854	cholCost: 53322	addCost: 4072	backsolveCost: 24624
node 110	AtA: 12988	cholCost: 58836	addCost: 10408	backsolveCost: 17003
node 111	AtA: 20854	cholCost: 53322	addCost: 4072	backsolveCost: 24624
node 112	AtA: 21728	cholCost: 92924	addCost: 7912	backsolveCost: 31775
node 113	AtA: 20854	cholCost: 53322	addCost: 4072	backsolveCost: 24624
node 114	AtA: 14736	cholCost: 31131	addCost: 2200	backsolveCost: 16002
node 115	AtA: 16484	cholCost: 52490	addCost: 3352	backsolveCost: 24523
node 116	AtA: 17358	cholCost: 57981	addCost: 4888	backsolveCost: 24826
node 117	AtA: 13862	cholCost: 75952	addCost: 9112	backsolveCost: 25432
node 118	AtA: 9492	cholCost: 78180	addCost: 18328	backsolveCost: 17619
node 119	AtA: 20854	cholCost: 53322	addCost: 4072	backsolveCost: 24624
node 120	AtA: 14736	cholCost: 31131	addCost: 2200	backsolveCost: 16002
node 121	AtA: 12236	cholCost: 2688	addCost: 2200	backsolveCost: 16002
node 122	AtA: 21728	cholCost: 74745	addCost: 4888	backsolveCost: 31323
node 123	AtA: 13862	cholCost: 68464	addCost: 6808	backsolveCost: 25129
node 124	AtA: 14736	cholCost: 31131	addCost: 2200	backsolveCost: 16002
node 125	AtA: 21728	cholCost: 74745	addCost: 4888	backsolveCost: 31323
node 126	AtA: 20854	cholCost: 53322	addCost: 4072	backsolveCost: 24624
node 127	AtA: 14736	cholCost: 31131	addCost: 2200	backsolveCost: 16002
node 128	AtA: 21728	cholCost: 74745	addCost: 4888	backsolveCost: 31323
node 129	AtA: 4230	cholCost: 75952	addCost: 9112	backsolveCost: 25432
node 130	AtA: 4230	cholCost: 108400	addCost: 18328	backsolveCost: 26341
node 131	AtA: 4576	cholCost: 180576	addCost: 31000	backsolveCost: 34035
node 132	AtA: 4576	cholCost: 180576	addCost: 31000	backsolveCost: 34035
node 133	AtA: 20854	cholCost: 53322	addCost: 4072	backsolveCost: 24624
node 134	AtA: 20854	cholCost: 53322	addCost: 4072	backsolveCost: 24624
node 135	AtA: 12988	cholCost: 58836	addCost: 10408	backsolveCost: 17003
node 136	AtA: 20854	cholCost: 53322	addCost: 4072	backsolveCost: 24624
node 137	AtA: 20854	cholCost: 53322	addCost: 4072	backsolveCost: 24624
node 138	AtA: 21728	cholCost: 92924	addCost: 7912	backsolveCost: 31775
node 139	AtA: 19106	cholCost: 149448	addCost: 13288	backsolveCost: 43743
node 140	AtA: 3884	cholCost: 84420	addCost: 20200	backsolveCost: 17696
node 141	AtA: 20854	cholCost: 53322	addCost: 4072	backsolveCost: 24624
node 142	AtA: 20854	cholCost: 53322	addCost: 4072	backsolveCost: 24624
node 143	AtA: 20854	cholCost: 53322	addCost: 4072	backsolveCost: 24624
node 144	AtA: 12988	cholCost: 58836	addCost: 10408	backsolveCost: 17003
node 145	AtA: 18232	cholCost: 140348	addCost: 20200	backsolveCost: 33131
node 146	AtA: 20854	cholCost: 53322	addCost: 4072	backsolveCost: 24624
node 147	AtA: 14736	cholCost: 31131	addCost: 2200	backsolveCost: 16002
node 148	AtA: 21728	cholCost: 74745	addCost: 4888	backsolveCost: 31323
node 149	AtA: 12988	cholCost: 64452	addCost: 11800	backsolveCost: 17157
node 150	AtA: 14736	cholCost: 31131	addCost: 2200	backsolveCost: 16002
node 151	AtA: 21728	cholCost: 74745	addCost: 4888	backsolveCost: 31323
node 152	AtA: 20854	cholCost: 53322	addCost: 4072	backsolveCost: 24624
node 153	AtA: 14736	cholCost: 31131	addCost: 2200	backsolveCost: 16002
node 154	AtA: 21728	cholCost: 74745	addCost: 4888	backsolveCost: 31323
node 155	AtA: 4230	cholCost: 75952	addCost: 9112	backsolveCost: 25432
node 156	AtA: 4230	cholCost: 95920	addCost: 14872	backsolveCost: 26038
node 157	AtA: 4576	cholCost: 163478	addCost: 26392	backsolveCost: 33696
node 158	AtA: 6306	cholCost: 468785	addCost: 47128	backsolveCost: 98188
node 159	AtA: 5268	cholCost: 378507	addCost: 70312	backsolveCost: 57197
node 160	AtA: 9420	cholCost: 1162422	addCost: 63208	backsolveCost: 278960
node 161	AtA: 42704	cholCost: 1576192	addCost: 1192	backsolveCost: 1242255
node 162	AtA: 6870	cholCost: 16194	addCost: 1000	backsolveCost: 10977
node 163	AtA: -1	cholCost: 0	addCost: -1	backsolveCost: 1561

