cliques
174
node 0	AtA: 12236	cholCost: 2688	addCost: 2200	backsolveCost: 16002
node 1	AtA: 13984	cholCost: 6028	addCost: 3352	backsolveCost: 24523
node 2	AtA: 12236	cholCost: 2688	addCost: 2200	backsolveCost: 16002
node 3	AtA: 12236	cholCost: 2688	addCost: 2200	backsolveCost: 16002
node 4	AtA: 13984	cholCost: 6028	addCost: 3352	backsolveCost: 24523
node 5	AtA: 11362	cholCost: 6708	addCost: 4072	backsolveCost: 16310
node 6	AtA: 11362	cholCost: 7873	addCost: 4888	backsolveCost: 16464
node 7	AtA: 18354	cholCost: 8268	addCost: 4072	backsolveCost: 24624
node 8	AtA: 12236	cholCost: 2688	addCost: 2200	backsolveCost: 16002
node 9	AtA: 18354	cholCost: 8268	addCost: 4072	backsolveCost: 24624
node 10	AtA: 12236	cholCost: 2688	addCost: 2200	backsolveCost: 16002
node 11	AtA: 12236	cholCost: 2688	addCost: 2200	backsolveCost: 16002
node 12	AtA: 13984	cholCost: 6028	addCost: 3352	backsolveCost: 24523
node 13	AtA: 18354	cholCost: 8407	addCost: 4072	backsolveCost: 24624
node 14	AtA: 18354	cholCost: 8401	addCost: 4072	backsolveCost: 24624
node 15	AtA: 19228	cholCost: 10416	addCost: 4888	backsolveCost: 31323
node 16	AtA: 20854	cholCost: 53322	addCost: 4072	backsolveCost: 24624
node 17	AtA: 20854	cholCost: 53322	addCost: 4072	backsolveCost: 24624
node 18	AtA: 23476	cholCost: 138888	addCost: 10408	backsolveCost: 51833
node 19	AtA: 20854	cholCost: 53322	addCost: 4072	backsolveCost: 24624
node 20	AtA: 20854	cholCost: 53322	addCost: 4072	backsolveCost: 24624
node 21	AtA: 22602	cholCost: 149448	addCost: 13288	backsolveCost: 43743
node 22	AtA: 20854	cholCost: 53322	addCost: 4072	backsolveCost: 24624
node 23	AtA: 12988	cholCost: 58836	addCost: 10408	backsolveCost: 17003
node 24	AtA: 20854	cholCost: 53322	addCost: 4072	backsolveCost: 24624
node 25	AtA: 12988	cholCost: 58836	addCost: 10408	backsolveCost: 17003
node 26	AtA: 20854	cholCost: 53322	addCost: 4072	backsolveCost: 24624
node 27	AtA: 12236	cholCost: 2688	addCost: 2200	backsolveCost: 16002
node 28	AtA: 21728	cholCost: 74745	addCost: 4888	backsolveCost: 31323
node 29	AtA: 14736	cholCost: 98956	addCost: 9112	backsolveCost: 32001
node 30	AtA: 4230	cholCost: 115888	addCost: 22168	backsolveCost: 26644
node 31	AtA: 16484	cholCost: 230742	addCost: 31000	backsolveCost: 54366
node 32	AtA: 5614	cholCost: 375906	addCost: 53272	backsolveCost: 70756
node 33	AtA: 23476	cholCost: 74745	addCost: 4888	backsolveCost: 31323
node 34	AtA: 23476	cholCost: 74745	addCost: 4888	backsolveCost: 31323
node 35	AtA: 23476	cholCost: 158184	addCost: 16552	backsolveCost: 44154
node 36	AtA: 23476	cholCost: 74745	addCost: 4888	backsolveCost: 31323
node 37	AtA: 23476	cholCost: 74745	addCost: 4888	backsolveCost: 31323
node 38	AtA: 17358	cholCost: 156936	addCost: 14872	backsolveCost: 44017
node 39	AtA: 7744	cholCost: 132362	addCost: 26392	backsolveCost: 26947
node 40	AtA: 23476	cholCost: 74745	addCost: 4888	backsolveCost: 31323
node 41	AtA: 23476	cholCost: 74745	addCost: 4888	backsolveCost: 31323
node 42	AtA: 15610	cholCost: 88432	addCost: 11800	backsolveCost: 25735
node 43	AtA: 20854	cholCost: 53322	addCost: 4072	backsolveCost: 24624
node 44	AtA: 20854	cholCost: 53322	addCost: 4072	backsolveCost: 24624
node 45	AtA: 20854	cholCost: 53322	addCost: 4072	backsolveCost: 24624
node 46	AtA: 10366	cholCost: 75952	addCost: 9112	backsolveCost: 25432
node 47	AtA: 12988	cholCost: 52596	addCost: 9112	backsolveCost: 16926
node 48	AtA: 20854	cholCost: 53322	addCost: 4072	backsolveCost: 24624
node 49	AtA: 20854	cholCost: 53322	addCost: 4072	backsolveCost: 24624
node 50	AtA: 20854	cholCost: 53322	addCost: 4072	backsolveCost: 24624
node 51	AtA: 14736	cholCost: 119132	addCost: 13288	backsolveCost: 32453
node 52	AtA: 3884	cholCost: 78180	addCost: 18328	backsolveCost: 17619
node 53	AtA: 3884	cholCost: 93905	addCost: 26392	backsolveCost: 18081
node 54	AtA: 15610	cholCost: 594237	addCost: 53272	backsolveCost: 131482
node 55	AtA: 20854	cholCost: 53322	addCost: 4072	backsolveCost: 24624
node 56	AtA: 20854	cholCost: 53322	addCost: 4072	backsolveCost: 24624
node 57	AtA: 21728	cholCost: 92924	addCost: 7912	backsolveCost: 31775
node 58	AtA: 19106	cholCost: 149448	addCost: 13288	backsolveCost: 43743
node 59	AtA: 20854	cholCost: 53322	addCost: 4072	backsolveCost: 24624
node 60	AtA: 20854	cholCost: 53322	addCost: 4072	backsolveCost: 24624
node 61	AtA: 14736	cholCost: 32379	addCost: 2728	backsolveCost: 16079
node 62	AtA: 14736	cholCost: 32379	addCost: 2728	backsolveCost: 16079
node 63	AtA: 20854	cholCost: 74745	addCost: 4888	backsolveCost: 31323
node 64	AtA: 13862	cholCost: 68464	addCost: 6808	backsolveCost: 25129
node 65	AtA: 20854	cholCost: 53322	addCost: 4072	backsolveCost: 24624
node 66	AtA: 18232	cholCost: 52490	addCost: 3352	backsolveCost: 24523
node 67	AtA: 17358	cholCost: 57981	addCost: 4888	backsolveCost: 24826
node 68	AtA: 12988	cholCost: 138216	addCost: 11800	backsolveCost: 43606
node 69	AtA: 3884	cholCost: 78180	addCost: 18328	backsolveCost: 17619
node 70	AtA: 4230	cholCost: 132362	addCost: 26392	backsolveCost: 26947
node 71	AtA: 20854	cholCost: 53322	addCost: 4072	backsolveCost: 24624
node 72	AtA: 20854	cholCost: 53322	addCost: 4072	backsolveCost: 24624
node 73	AtA: 20854	cholCost: 53322	addCost: 4072	backsolveCost: 24624
node 74	AtA: 20854	cholCost: 53322	addCost: 4072	backsolveCost: 24624
node 75	AtA: 23476	cholCost: 138888	addCost: 10408	backsolveCost: 51833
node 76	AtA: 3884	cholCost: 72564	addCost: 16552	backsolveCost: 17465
node 77	AtA: 23476	cholCost: 74745	addCost: 4888	backsolveCost: 31323
node 78	AtA: 23476	cholCost: 74745	addCost: 4888	backsolveCost: 31323
node 79	AtA: 14736	cholCost: 32379	addCost: 2728	backsolveCost: 16079
node 80	AtA: 17358	cholCost: 53322	addCost: 4072	backsolveCost: 24624
node 81	AtA: 12988	cholCost: 64452	addCost: 11800	backsolveCost: 17157
node 82	AtA: 15610	cholCost: 109232	addCost: 20200	backsolveCost: 26442
node 83	AtA: 20854	cholCost: 53322	addCost: 4072	backsolveCost: 24624
node 84	AtA: 19106	cholCost: 52490	addCost: 3352	backsolveCost: 24523
node 85	AtA: 12988	cholCost: 52596	addCost: 9112	backsolveCost: 16926
node 86	AtA: 20854	cholCost: 53322	addCost: 4072	backsolveCost: 24624
node 87	AtA: 14736	cholCost: 31131	addCost: 2200	backsolveCost: 16002
node 88	AtA: 16484	cholCost: 52490	addCost: 3352	backsolveCost: 24523
node 89	AtA: 17358	cholCost: 57981	addCost: 4888	backsolveCost: 24826
node 90	AtA: 13862	cholCost: 75952	addCost: 9112	backsolveCost: 25432
node 91	AtA: 3884	cholCost: 66324	addCost: 14872	backsolveCost: 17388
node 92	AtA: 4576	cholCost: 172547	addCost: 28648	backsolveCost: 33809
node 93	AtA: 4230	cholCost: 175627	addCost: 44200	backsolveCost: 27957
node 94	AtA: 13862	cholCost: 411204	addCost: 77800	backsolveCost: 57644
node 95	AtA: 16484	cholCost: 962838	addCost: 81688	backsolveCost: 172129
node 96	AtA: 20854	cholCost: 53322	addCost: 4072	backsolveCost: 24624
node 97	AtA: 20854	cholCost: 53322	addCost: 4072	backsolveCost: 24624
node 98	AtA: 20854	cholCost: 53322	addCost: 4072	backsolveCost: 24624
node 99	AtA: 14736	cholCost: 119132	addCost: 13288	backsolveCost: 32453
node 100	AtA: 20854	cholCost: 53322	addCost: 4072	backsolveCost: 24624
node 101	AtA: 20854	cholCost: 53322	addCost: 4072	backsolveCost: 24624
node 102	AtA: 12988	cholCost: 58836	addCost: 10408	backsolveCost: 17003
node 103	AtA: 21728	cholCost: 74745	addCost: 4888	backsolveCost: 31323
node 104	AtA: 20854	cholCost: 53322	addCost: 4072	backsolveCost: 24624
node 105	AtA: 21728	cholCost: 74745	addCost: 4888	backsolveCost: 31323
node 106	AtA: 4230	cholCost: 75952	addCost: 9112	backsolveCost: 25432
node 107	AtA: 10366	cholCost: 108400	addCost: 18328	backsolveCost: 26341
node 108	AtA: 3884	cholCost: 102766	addCost: 31000	backsolveCost: 18312
node 109	AtA: 20854	cholCost: 53322	addCost: 4072	backsolveCost: 24624
node 110	AtA: 22602	cholCost: 149448	addCost: 13288	backsolveCost: 43743
node 111	AtA: 14736	cholCost: 31131	addCost: 2200	backsolveCost: 16002
node 112	AtA: 14736	cholCost: 31131	addCost: 2200	backsolveCost: 16002
node 113	AtA: 21728	cholCost: 74745	addCost: 4888	backsolveCost: 31323
node 114	AtA: 13862	cholCost: 68464	addCost: 6808	backsolveCost: 25129
node 115	AtA: 19106	cholCost: 138216	addCost: 11800	backsolveCost: 43606
node 116	AtA: 20854	cholCost: 53322	addCost: 4072	backsolveCost: 24624
node 117	AtA: 14736	cholCost: 31131	addCost: 2200	backsolveCost: 16002
node 118	AtA: 21728	cholCost: 74745	addCost: 4888	backsolveCost: 31323
node 119	AtA: 20854	cholCost: 53322	addCost: 4072	backsolveCost: 24624
node 120	AtA: 14736	cholCost: 31131	addCost: 2200	backsolveCost: 16002
node 121	AtA: 21728	cholCost: 74745	addCost: 4888	backsolveCost: 31323
node 122	AtA: 12114	cholCost: 124488	addCost: 9112	backsolveCost: 43195
node 123	AtA: 13862	cholCost: 95920	addCost: 14872	backsolveCost: 26038
node 124	AtA: 4230	cholCost: 115888	addCost: 22168	backsolveCost: 26644
node 125	AtA: 4576	cholCost: 163478	addCost: 26392	backsolveCost: 33696
node 126	AtA: 4922	cholCost: 312690	addCost: 53272	backsolveCost: 47305
node 127	AtA: 20854	cholCost: 53322	addCost: 4072	backsolveCost: 24624
node 128	AtA: 20854	cholCost: 53322	addCost: 4072	backsolveCost: 24624
node 129	AtA: 20854	cholCost: 53322	addCost: 4072	backsolveCost: 24624
node 130	AtA: 14736	cholCost: 119132	addCost: 13288	backsolveCost: 32453
node 131	AtA: 20854	cholCost: 53322	addCost: 4072	backsolveCost: 24624
node 132	AtA: 20854	cholCost: 53322	addCost: 4072	backsolveCost: 24624
node 133	AtA: 14736	cholCost: 32379	addCost: 2728	backsolveCost: 16079
node 134	AtA: 20854	cholCost: 74745	addCost: 4888	backsolveCost: 31323
node 135	AtA: 18232	cholCost: 52490	addCost: 3352	backsolveCost: 24523
node 136	AtA: 17358	cholCost: 57981	addCost: 4888	backsolveCost: 24826
node 137	AtA: 20854	cholCost: 53322	addCost: 4072	backsolveCost: 24624
node 138	AtA: 13862	cholCost: 75952	addCost: 9112	backsolveCost: 25432
node 139	AtA: 7744	cholCost: 95920	addCost: 14872	backsolveCost: 26038
node 140	AtA: 13862	cholCost: 115888	addCost: 22168	backsolveCost: 26644
node 141	AtA: 12114	cholCost: 228822	addCost: 31000	backsolveCost: 45661
node 142	AtA: 20854	cholCost: 53322	addCost: 4072	backsolveCost: 24624
node 143	AtA: 20854	cholCost: 53322	addCost: 4072	backsolveCost: 24624
node 144	AtA: 12988	cholCost: 58836	addCost: 10408	backsolveCost: 17003
node 145	AtA: 20854	cholCost: 53322	addCost: 4072	backsolveCost: 24624
node 146	AtA: 20854	cholCost: 53322	addCost: 4072	backsolveCost: 24624
node 147	AtA: 23476	cholCost: 138888	addCost: 10408	backsolveCost: 51833
node 148	AtA: 10366	cholCost: 109232	addCost: 20200	backsolveCost: 26442
node 149	AtA: 20854	cholCost: 53322	addCost: 4072	backsolveCost: 24624
node 150	AtA: 20854	cholCost: 53322	addCost: 4072	backsolveCost: 24624
node 151	AtA: 22602	cholCost: 149448	addCost: 13288	backsolveCost: 43743
node 152	AtA: 18232	cholCost: 52490	addCost: 3352	backsolveCost: 24523
node 153	AtA: 17358	cholCost: 57981	addCost: 4888	backsolveCost: 24826
node 154	AtA: 20854	cholCost: 53322	addCost: 4072	backsolveCost: 24624
node 155	AtA: 14736	cholCost: 32379	addCost: 2728	backsolveCost: 16079
node 156	AtA: 20854	cholCost: 74745	addCost: 4888	backsolveCost: 31323
node 157	AtA: 7744	cholCost: 75952	addCost: 9112	backsolveCost: 25432
node 158	AtA: 20854	cholCost: 53322	addCost: 4072	backsolveCost: 24624
node 159	AtA: 18232	cholCost: 52490	addCost: 3352	backsolveCost: 24523
node 160	AtA: 17358	cholCost: 57981	addCost: 4888	backsolveCost: 24826
node 161	AtA: 18232	cholCost: 52490	addCost: 3352	backsolveCost: 24523
node 162	AtA: 17358	cholCost: 57981	addCost: 4888	backsolveCost: 24826
node 163	AtA: 20854	cholCost: 53322	addCost: 4072	backsolveCost: 24624
node 164	AtA: 12988	cholCost: 64452	addCost: 11800	backsolveCost: 17157
node 165	AtA: 8618	cholCost: 125164	addCost: 14872	backsolveCost: 32679
node 166	AtA: 6870	cholCost: 85044	addCost: 22168	backsolveCost: 17850
node 167	AtA: 12988	cholCost: 213020	addCost: 26392	backsolveCost: 53919
node 168	AtA: 4576	cholCost: 214772	addCost: 41368	backsolveCost: 34713
node 169	AtA: 10366	cholCost: 367026	addCost: 66712	backsolveCost: 57048
node 170	AtA: 6652	cholCost: 751716	addCost: 93928	backsolveCost: 115040
node 171	AtA: 54066	cholCost: 2646897	addCost: 1192	backsolveCost: 1967241
node 172	AtA: 6870	cholCost: 16194	addCost: 1000	backsolveCost: 10977
node 173	AtA: -1	cholCost: 0	addCost: -1	backsolveCost: 1561

