cliques
131
node 0	AtA: 14858	cholCost: 0	addCost: 2200	backsolveCost: 24220
node 1	AtA: 12236	cholCost: 0	addCost: 2200	backsolveCost: 16002
node 2	AtA: 12236	cholCost: 2688	addCost: 2200	backsolveCost: 16002
node 3	AtA: 12236	cholCost: 2688	addCost: 2200	backsolveCost: 16002
node 4	AtA: 19228	cholCost: 0	addCost: 4888	backsolveCost: 31323
node 5	AtA: 13984	cholCost: 6028	addCost: 3352	backsolveCost: 24523
node 6	AtA: 19228	cholCost: 10416	addCost: 4888	backsolveCost: 31323
node 7	AtA: 6992	cholCost: 11220	addCost: 6808	backsolveCost: 16695
node 8	AtA: 6992	cholCost: 20275	addCost: 11800	backsolveCost: 17157
node 9	AtA: 13984	cholCost: 6028	addCost: 3352	backsolveCost: 24523
node 10	AtA: 14858	cholCost: 9520	addCost: 4888	backsolveCost: 24826
node 11	AtA: 18354	cholCost: 8407	addCost: 4072	backsolveCost: 24624
node 12	AtA: 18354	cholCost: 8268	addCost: 4072	backsolveCost: 24624
node 13	AtA: 12236	cholCost: 2688	addCost: 2200	backsolveCost: 16002
node 14	AtA: 12236	cholCost: 2688	addCost: 2200	backsolveCost: 16002
node 15	AtA: 19228	cholCost: 10416	addCost: 4888	backsolveCost: 31323
node 16	AtA: 12236	cholCost: 2688	addCost: 2200	backsolveCost: 16002
node 17	AtA: 17480	cholCost: 6028	addCost: 3352	backsolveCost: 24523
node 18	AtA: 18354	cholCost: 8268	addCost: 4072	backsolveCost: 24624
node 19	AtA: 18354	cholCost: 8268	addCost: 4072	backsolveCost: 24624
node 20	AtA: 12236	cholCost: 2688	addCost: 2200	backsolveCost: 16002
node 21	AtA: 12236	cholCost: 2688	addCost: 2200	backsolveCost: 16002
node 22	AtA: 18354	cholCost: 8268	addCost: 4072	backsolveCost: 24624
node 23	AtA: 18354	cholCost: 8268	addCost: 4072	backsolveCost: 24624
node 24	AtA: 23476	cholCost: 74745	addCost: 4888	backsolveCost: 31323
node 25	AtA: 23476	cholCost: 74745	addCost: 4888	backsolveCost: 31323
node 26	AtA: 14736	cholCost: 31131	addCost: 2200	backsolveCost: 16002
node 27	AtA: 21728	cholCost: 74745	addCost: 4888	backsolveCost: 31323
node 28	AtA: 20854	cholCost: 53322	addCost: 4072	backsolveCost: 24624
node 29	AtA: 14736	cholCost: 31131	addCost: 2200	backsolveCost: 16002
node 30	AtA: 21728	cholCost: 74745	addCost: 4888	backsolveCost: 31323
node 31	AtA: 13862	cholCost: 75952	addCost: 9112	backsolveCost: 25432
node 32	AtA: 10366	cholCost: 88432	addCost: 11800	backsolveCost: 25735
node 33	AtA: 20854	cholCost: 53322	addCost: 4072	backsolveCost: 24624
node 34	AtA: 10488	cholCost: 18631	addCost: 10408	backsolveCost: 17003
node 35	AtA: 19106	cholCost: 158184	addCost: 16552	backsolveCost: 44154
node 36	AtA: 20854	cholCost: 53322	addCost: 4072	backsolveCost: 24624
node 37	AtA: 20854	cholCost: 53322	addCost: 4072	backsolveCost: 24624
node 38	AtA: 23476	cholCost: 74745	addCost: 4888	backsolveCost: 31323
node 39	AtA: 11240	cholCost: 89264	addCost: 13288	backsolveCost: 25836
node 40	AtA: 3884	cholCost: 84420	addCost: 20200	backsolveCost: 17696
node 41	AtA: 4230	cholCost: 149668	addCost: 33448	backsolveCost: 27351
node 42	AtA: 14736	cholCost: 31131	addCost: 2200	backsolveCost: 16002
node 43	AtA: 21728	cholCost: 74745	addCost: 4888	backsolveCost: 31323
node 44	AtA: 3884	cholCost: 52596	addCost: 9112	backsolveCost: 16926
node 45	AtA: 20854	cholCost: 53322	addCost: 4072	backsolveCost: 24624
node 46	AtA: 20854	cholCost: 53322	addCost: 4072	backsolveCost: 24624
node 47	AtA: 12988	cholCost: 58836	addCost: 10408	backsolveCost: 17003
node 48	AtA: 12988	cholCost: 40865	addCost: 4888	backsolveCost: 16464
node 49	AtA: 12988	cholCost: 40865	addCost: 4888	backsolveCost: 16464
node 50	AtA: 20854	cholCost: 53322	addCost: 4072	backsolveCost: 24624
node 51	AtA: 12988	cholCost: 52596	addCost: 9112	backsolveCost: 16926
node 52	AtA: 3884	cholCost: 52596	addCost: 9112	backsolveCost: 16926
node 53	AtA: 10366	cholCost: 108400	addCost: 18328	backsolveCost: 26341
node 54	AtA: 3884	cholCost: 93905	addCost: 26392	backsolveCost: 18081
node 55	AtA: 20854	cholCost: 53322	addCost: 4072	backsolveCost: 24624
node 56	AtA: 14736	cholCost: 31131	addCost: 2200	backsolveCost: 16002
node 57	AtA: 21728	cholCost: 74745	addCost: 4888	backsolveCost: 31323
node 58	AtA: 14736	cholCost: 31131	addCost: 2200	backsolveCost: 16002
node 59	AtA: 14736	cholCost: 31131	addCost: 2200	backsolveCost: 16002
node 60	AtA: 12988	cholCost: 40865	addCost: 4888	backsolveCost: 16464
node 61	AtA: 12988	cholCost: 40865	addCost: 4888	backsolveCost: 16464
node 62	AtA: 16484	cholCost: 150120	addCost: 11800	backsolveCost: 52131
node 63	AtA: 20854	cholCost: 53322	addCost: 4072	backsolveCost: 24624
node 64	AtA: 20854	cholCost: 53322	addCost: 4072	backsolveCost: 24624
node 65	AtA: 20854	cholCost: 53322	addCost: 4072	backsolveCost: 24624
node 66	AtA: 13862	cholCost: 101744	addCost: 16552	backsolveCost: 26139
node 67	AtA: 14736	cholCost: 31131	addCost: 2200	backsolveCost: 16002
node 68	AtA: 21728	cholCost: 74745	addCost: 4888	backsolveCost: 31323
node 69	AtA: 20854	cholCost: 53322	addCost: 4072	backsolveCost: 24624
node 70	AtA: 14736	cholCost: 31131	addCost: 2200	backsolveCost: 16002
node 71	AtA: 16484	cholCost: 52490	addCost: 3352	backsolveCost: 24523
node 72	AtA: 17358	cholCost: 57981	addCost: 4888	backsolveCost: 24826
node 73	AtA: 13862	cholCost: 75952	addCost: 9112	backsolveCost: 25432
node 74	AtA: 10366	cholCost: 88432	addCost: 11800	backsolveCost: 25735
node 75	AtA: 12988	cholCost: 179573	addCost: 18328	backsolveCost: 53025
node 76	AtA: 11240	cholCost: 180576	addCost: 31000	backsolveCost: 34035
node 77	AtA: 5614	cholCost: 307347	addCost: 38632	backsolveCost: 69372
node 78	AtA: 20854	cholCost: 53322	addCost: 4072	backsolveCost: 24624
node 79	AtA: 21728	cholCost: 92924	addCost: 7912	backsolveCost: 31775
node 80	AtA: 21728	cholCost: 74745	addCost: 4888	backsolveCost: 31323
node 81	AtA: 20854	cholCost: 53322	addCost: 4072	backsolveCost: 24624
node 82	AtA: 13862	cholCost: 75952	addCost: 9112	backsolveCost: 25432
node 83	AtA: 20854	cholCost: 53322	addCost: 4072	backsolveCost: 24624
node 84	AtA: 20854	cholCost: 53322	addCost: 4072	backsolveCost: 24624
node 85	AtA: 20854	cholCost: 53322	addCost: 4072	backsolveCost: 24624
node 86	AtA: 20854	cholCost: 53322	addCost: 4072	backsolveCost: 24624
node 87	AtA: 12988	cholCost: 58836	addCost: 10408	backsolveCost: 17003
node 88	AtA: 3884	cholCost: 72564	addCost: 16552	backsolveCost: 17465
node 89	AtA: 20854	cholCost: 53322	addCost: 4072	backsolveCost: 24624
node 90	AtA: 20854	cholCost: 53322	addCost: 4072	backsolveCost: 24624
node 91	AtA: 14736	cholCost: 31131	addCost: 2200	backsolveCost: 16002
node 92	AtA: 12988	cholCost: 40865	addCost: 4888	backsolveCost: 16464
node 93	AtA: 12988	cholCost: 40865	addCost: 4888	backsolveCost: 16464
node 94	AtA: 13862	cholCost: 108400	addCost: 18328	backsolveCost: 26341
node 95	AtA: 4230	cholCost: 141847	addCost: 31000	backsolveCost: 27250
node 96	AtA: 6306	cholCost: 381048	addCost: 31000	backsolveCost: 96307
node 97	AtA: 19106	cholCost: 124488	addCost: 9112	backsolveCost: 43195
node 98	AtA: 20854	cholCost: 53322	addCost: 4072	backsolveCost: 24624
node 99	AtA: 21728	cholCost: 92924	addCost: 7912	backsolveCost: 31775
node 100	AtA: 9492	cholCost: 64452	addCost: 11800	backsolveCost: 17157
node 101	AtA: 23476	cholCost: 74745	addCost: 4888	backsolveCost: 31323
node 102	AtA: 23476	cholCost: 150120	addCost: 11800	backsolveCost: 52131
node 103	AtA: 20854	cholCost: 53322	addCost: 4072	backsolveCost: 24624
node 104	AtA: 14736	cholCost: 31131	addCost: 2200	backsolveCost: 16002
node 105	AtA: 16484	cholCost: 53322	addCost: 4072	backsolveCost: 24624
node 106	AtA: 19980	cholCost: 84812	addCost: 5800	backsolveCost: 31436
node 107	AtA: 12988	cholCost: 65700	addCost: 13288	backsolveCost: 17234
node 108	AtA: 6870	cholCost: 85044	addCost: 22168	backsolveCost: 17850
node 109	AtA: 20854	cholCost: 53322	addCost: 4072	backsolveCost: 24624
node 110	AtA: 20854	cholCost: 53322	addCost: 4072	backsolveCost: 24624
node 111	AtA: 20854	cholCost: 53322	addCost: 4072	backsolveCost: 24624
node 112	AtA: 14736	cholCost: 119132	addCost: 13288	backsolveCost: 32453
node 113	AtA: 20854	cholCost: 53322	addCost: 4072	backsolveCost: 24624
node 114	AtA: 14736	cholCost: 31131	addCost: 2200	backsolveCost: 16002
node 115	AtA: 21728	cholCost: 74745	addCost: 4888	backsolveCost: 31323
node 116	AtA: 14736	cholCost: 31131	addCost: 2200	backsolveCost: 16002
node 117	AtA: 21728	cholCost: 74745	addCost: 4888	backsolveCost: 31323
node 118	AtA: 14736	cholCost: 31131	addCost: 2200	backsolveCost: 16002
node 119	AtA: 21728	cholCost: 74745	addCost: 4888	backsolveCost: 31323
node 120	AtA: 19980	cholCost: 126408	addCost: 9112	backsolveCost: 51684
node 121	AtA: 4230	cholCost: 95920	addCost: 14872	backsolveCost: 26038
node 122	AtA: 4230	cholCost: 115888	addCost: 22168	backsolveCost: 26644
node 123	AtA: 4922	cholCost: 246544	addCost: 35992	backsolveCost: 46072
node 124	AtA: 6652	cholCost: 448202	addCost: 38632	backsolveCost: 109736
node 125	AtA: 6652	cholCost: 448202	addCost: 38632	backsolveCost: 109736
node 126	AtA: 7344	cholCost: 557123	addCost: 38632	backsolveCost: 144035
node 127	AtA: 17358	cholCost: 491436	addCost: 22168	backsolveCost: 180012
node 128	AtA: 26972	cholCost: 430144	addCost: 1192	backsolveCost: 367607
node 129	AtA: 6870	cholCost: 16194	addCost: 1000	backsolveCost: 10977
node 130	AtA: -1	cholCost: 0	addCost: -1	backsolveCost: 1561

