cliques
94
node 0	AtA: 14858	cholCost: 0	addCost: 2200	backsolveCost: 24220
node 1	AtA: 12236	cholCost: 4884	addCost: 3352	backsolveCost: 16233
node 2	AtA: 10488	cholCost: 6708	addCost: 4072	backsolveCost: 16310
node 3	AtA: 12236	cholCost: 2688	addCost: 2200	backsolveCost: 16002
node 4	AtA: 12236	cholCost: 2688	addCost: 2200	backsolveCost: 16002
node 5	AtA: 13984	cholCost: 6155	addCost: 3352	backsolveCost: 24523
node 6	AtA: 17480	cholCost: 6028	addCost: 3352	backsolveCost: 24523
node 7	AtA: 19228	cholCost: 10543	addCost: 4888	backsolveCost: 31323
node 8	AtA: 18354	cholCost: 8395	addCost: 4072	backsolveCost: 24624
node 9	AtA: 14736	cholCost: 31131	addCost: 2200	backsolveCost: 16002
node 10	AtA: 21728	cholCost: 74745	addCost: 4888	backsolveCost: 31323
node 11	AtA: 20854	cholCost: 53322	addCost: 4072	backsolveCost: 24624
node 12	AtA: 14736	cholCost: 31131	addCost: 2200	backsolveCost: 16002
node 13	AtA: 16484	cholCost: 52490	addCost: 3352	backsolveCost: 24523
node 14	AtA: 17358	cholCost: 57981	addCost: 4888	backsolveCost: 24826
node 15	AtA: 13862	cholCost: 75952	addCost: 9112	backsolveCost: 25432
node 16	AtA: 14736	cholCost: 31131	addCost: 2200	backsolveCost: 16002
node 17	AtA: 16484	cholCost: 52490	addCost: 3352	backsolveCost: 24523
node 18	AtA: 17358	cholCost: 61808	addCost: 5800	backsolveCost: 24927
node 19	AtA: 20854	cholCost: 53322	addCost: 4072	backsolveCost: 24624
node 20	AtA: 13862	cholCost: 81776	addCost: 10408	backsolveCost: 25533
node 21	AtA: 14736	cholCost: 119132	addCost: 13288	backsolveCost: 32453
node 22	AtA: 20854	cholCost: 53322	addCost: 4072	backsolveCost: 24624
node 23	AtA: 20854	cholCost: 65635	addCost: 3352	backsolveCost: 30984
node 24	AtA: 19980	cholCost: 84812	addCost: 5800	backsolveCost: 31436
node 25	AtA: 13862	cholCost: 81776	addCost: 10408	backsolveCost: 25533
node 26	AtA: 20854	cholCost: 53322	addCost: 4072	backsolveCost: 24624
node 27	AtA: 20854	cholCost: 57981	addCost: 4888	backsolveCost: 24826
node 28	AtA: 12236	cholCost: 2688	addCost: 2200	backsolveCost: 16002
node 29	AtA: 14736	cholCost: 31131	addCost: 2200	backsolveCost: 16002
node 30	AtA: 21728	cholCost: 74745	addCost: 4888	backsolveCost: 31323
node 31	AtA: 13862	cholCost: 68464	addCost: 6808	backsolveCost: 25129
node 32	AtA: 16484	cholCost: 157608	addCost: 13288	backsolveCost: 52280
node 33	AtA: 20854	cholCost: 53322	addCost: 4072	backsolveCost: 24624
node 34	AtA: 14736	cholCost: 31131	addCost: 2200	backsolveCost: 16002
node 35	AtA: 14736	cholCost: 31131	addCost: 2200	backsolveCost: 16002
node 36	AtA: 15610	cholCost: 61808	addCost: 5800	backsolveCost: 24927
node 37	AtA: 12988	cholCost: 45108	addCost: 5800	backsolveCost: 16541
node 38	AtA: 13862	cholCost: 81776	addCost: 10408	backsolveCost: 25533
node 39	AtA: 19980	cholCost: 52490	addCost: 3352	backsolveCost: 24523
node 40	AtA: 23476	cholCost: 126408	addCost: 9112	backsolveCost: 51684
node 41	AtA: 14736	cholCost: 31131	addCost: 2200	backsolveCost: 16002
node 42	AtA: 16484	cholCost: 52490	addCost: 3352	backsolveCost: 24523
node 43	AtA: 14736	cholCost: 31131	addCost: 2200	backsolveCost: 16002
node 44	AtA: 21728	cholCost: 74745	addCost: 4888	backsolveCost: 31323
node 45	AtA: 20854	cholCost: 53322	addCost: 4072	backsolveCost: 24624
node 46	AtA: 19106	cholCost: 124488	addCost: 9112	backsolveCost: 43195
node 47	AtA: 14736	cholCost: 107068	addCost: 11800	backsolveCost: 32340
node 48	AtA: 20854	cholCost: 53322	addCost: 4072	backsolveCost: 24624
node 49	AtA: 16484	cholCost: 126408	addCost: 9112	backsolveCost: 51684
node 50	AtA: 20854	cholCost: 53322	addCost: 4072	backsolveCost: 24624
node 51	AtA: 14736	cholCost: 31131	addCost: 2200	backsolveCost: 16002
node 52	AtA: 21728	cholCost: 74745	addCost: 4888	backsolveCost: 31323
node 53	AtA: 12988	cholCost: 64452	addCost: 11800	backsolveCost: 17157
node 54	AtA: 4230	cholCost: 95920	addCost: 14872	backsolveCost: 26038
node 55	AtA: 4230	cholCost: 109232	addCost: 20200	backsolveCost: 26442
node 56	AtA: 20854	cholCost: 53322	addCost: 4072	backsolveCost: 24624
node 57	AtA: 14736	cholCost: 31131	addCost: 2200	backsolveCost: 16002
node 58	AtA: 21728	cholCost: 74745	addCost: 4888	backsolveCost: 31323
node 59	AtA: 14736	cholCost: 31131	addCost: 2200	backsolveCost: 16002
node 60	AtA: 21728	cholCost: 74745	addCost: 4888	backsolveCost: 31323
node 61	AtA: 16484	cholCost: 150120	addCost: 11800	backsolveCost: 52131
node 62	AtA: 20854	cholCost: 53322	addCost: 4072	backsolveCost: 24624
node 63	AtA: 16484	cholCost: 57981	addCost: 4888	backsolveCost: 24826
node 64	AtA: 14736	cholCost: 31131	addCost: 2200	backsolveCost: 16002
node 65	AtA: 21728	cholCost: 74745	addCost: 4888	backsolveCost: 31323
node 66	AtA: 9492	cholCost: 52596	addCost: 9112	backsolveCost: 16926
node 67	AtA: 14736	cholCost: 107068	addCost: 11800	backsolveCost: 32340
node 68	AtA: 14736	cholCost: 31131	addCost: 2200	backsolveCost: 16002
node 69	AtA: 21728	cholCost: 74745	addCost: 4888	backsolveCost: 31323
node 70	AtA: 20854	cholCost: 53322	addCost: 4072	backsolveCost: 24624
node 71	AtA: 14736	cholCost: 31131	addCost: 2200	backsolveCost: 16002
node 72	AtA: 21728	cholCost: 74745	addCost: 4888	backsolveCost: 31323
node 73	AtA: 12114	cholCost: 124488	addCost: 9112	backsolveCost: 43195
node 74	AtA: 20854	cholCost: 53322	addCost: 4072	backsolveCost: 24624
node 75	AtA: 20854	cholCost: 53322	addCost: 4072	backsolveCost: 24624
node 76	AtA: 20854	cholCost: 53322	addCost: 4072	backsolveCost: 24624
node 77	AtA: 14736	cholCost: 31131	addCost: 2200	backsolveCost: 16002
node 78	AtA: 16484	cholCost: 52490	addCost: 3352	backsolveCost: 24523
node 79	AtA: 17358	cholCost: 57981	addCost: 4888	backsolveCost: 24826
node 80	AtA: 13862	cholCost: 75952	addCost: 9112	backsolveCost: 25432
node 81	AtA: 3884	cholCost: 66324	addCost: 14872	backsolveCost: 17388
node 82	AtA: 3884	cholCost: 84420	addCost: 20200	backsolveCost: 17696
node 83	AtA: 4922	cholCost: 178901	addCost: 20200	backsolveCost: 44565
node 84	AtA: 4922	cholCost: 178901	addCost: 20200	backsolveCost: 44565
node 85	AtA: 5960	cholCost: 263495	addCost: 20200	backsolveCost: 77825
node 86	AtA: 4576	cholCost: 140348	addCost: 20200	backsolveCost: 33131
node 87	AtA: 4576	cholCost: 153369	addCost: 22168	backsolveCost: 33357
node 88	AtA: 15610	cholCost: 277140	addCost: 22168	backsolveCost: 78195
node 89	AtA: 11240	cholCost: 178901	addCost: 20200	backsolveCost: 44565
node 90	AtA: 12114	cholCost: 202592	addCost: 10408	backsolveCost: 76160
node 91	AtA: 8036	cholCost: 203896	addCost: 1192	backsolveCost: 171515
node 92	AtA: 6870	cholCost: 16194	addCost: 1000	backsolveCost: 10977
node 93	AtA: -1	cholCost: 0	addCost: -1	backsolveCost: 1561

