cliques
75
node 0	AtA: 12236	cholCost: 2688	addCost: 2200	backsolveCost: 16002
node 1	AtA: 14858	cholCost: 3328	addCost: 2200	backsolveCost: 24220
node 2	AtA: 12236	cholCost: 4884	addCost: 3352	backsolveCost: 16233
node 3	AtA: 12236	cholCost: 2688	addCost: 2200	backsolveCost: 16002
node 4	AtA: 13984	cholCost: 6028	addCost: 3352	backsolveCost: 24523
node 5	AtA: 12236	cholCost: 2688	addCost: 2200	backsolveCost: 16002
node 6	AtA: 21728	cholCost: 74745	addCost: 4888	backsolveCost: 31323
node 7	AtA: 14736	cholCost: 31131	addCost: 2200	backsolveCost: 16002
node 8	AtA: 21728	cholCost: 74745	addCost: 4888	backsolveCost: 31323
node 9	AtA: 14736	cholCost: 31131	addCost: 2200	backsolveCost: 16002
node 10	AtA: 21728	cholCost: 74745	addCost: 4888	backsolveCost: 31323
node 11	AtA: 17358	cholCost: 68464	addCost: 6808	backsolveCost: 25129
node 12	AtA: 14736	cholCost: 31131	addCost: 2200	backsolveCost: 16002
node 13	AtA: 21728	cholCost: 74745	addCost: 4888	backsolveCost: 31323
node 14	AtA: 17358	cholCost: 68464	addCost: 6808	backsolveCost: 25129
node 15	AtA: 14736	cholCost: 31131	addCost: 2200	backsolveCost: 16002
node 16	AtA: 21728	cholCost: 74745	addCost: 4888	backsolveCost: 31323
node 17	AtA: 14736	cholCost: 31131	addCost: 2200	backsolveCost: 16002
node 18	AtA: 21728	cholCost: 74745	addCost: 4888	backsolveCost: 31323
node 19	AtA: 17358	cholCost: 68464	addCost: 6808	backsolveCost: 25129
node 20	AtA: 14736	cholCost: 31131	addCost: 2200	backsolveCost: 16002
node 21	AtA: 21728	cholCost: 74745	addCost: 4888	backsolveCost: 31323
node 22	AtA: 17358	cholCost: 68464	addCost: 6808	backsolveCost: 25129
node 23	AtA: 20854	cholCost: 57981	addCost: 4888	backsolveCost: 24826
node 24	AtA: 14736	cholCost: 31131	addCost: 2200	backsolveCost: 16002
node 25	AtA: 14736	cholCost: 32379	addCost: 2728	backsolveCost: 16079
node 26	AtA: 15610	cholCost: 61808	addCost: 5800	backsolveCost: 24927
node 27	AtA: 12114	cholCost: 69296	addCost: 7912	backsolveCost: 25230
node 28	AtA: 14736	cholCost: 31131	addCost: 2200	backsolveCost: 16002
node 29	AtA: 12988	cholCost: 40865	addCost: 4888	backsolveCost: 16464
node 30	AtA: 12988	cholCost: 40865	addCost: 4888	backsolveCost: 16464
node 31	AtA: 17358	cholCost: 68464	addCost: 6808	backsolveCost: 25129
node 32	AtA: 13862	cholCost: 88432	addCost: 11800	backsolveCost: 25735
node 33	AtA: 7744	cholCost: 88432	addCost: 11800	backsolveCost: 25735
node 34	AtA: 4230	cholCost: 88432	addCost: 11800	backsolveCost: 25735
node 35	AtA: 4230	cholCost: 88432	addCost: 11800	backsolveCost: 25735
node 36	AtA: 14736	cholCost: 32379	addCost: 2728	backsolveCost: 16079
node 37	AtA: 20854	cholCost: 74745	addCost: 4888	backsolveCost: 31323
node 38	AtA: 21728	cholCost: 85852	addCost: 6808	backsolveCost: 31662
node 39	AtA: 14736	cholCost: 32379	addCost: 2728	backsolveCost: 16079
node 40	AtA: 20854	cholCost: 74745	addCost: 4888	backsolveCost: 31323
node 41	AtA: 14736	cholCost: 32379	addCost: 2728	backsolveCost: 16079
node 42	AtA: 19980	cholCost: 74745	addCost: 4888	backsolveCost: 31323
node 43	AtA: 12988	cholCost: 40865	addCost: 4888	backsolveCost: 16464
node 44	AtA: 14736	cholCost: 31131	addCost: 2200	backsolveCost: 16002
node 45	AtA: 21728	cholCost: 74745	addCost: 4888	backsolveCost: 31323
node 46	AtA: 14736	cholCost: 31131	addCost: 2200	backsolveCost: 16002
node 47	AtA: 21728	cholCost: 74745	addCost: 4888	backsolveCost: 31323
node 48	AtA: 9492	cholCost: 52596	addCost: 9112	backsolveCost: 16926
node 49	AtA: 9492	cholCost: 125736	addCost: 10408	backsolveCost: 43332
node 50	AtA: 14736	cholCost: 32379	addCost: 2728	backsolveCost: 16079
node 51	AtA: 20854	cholCost: 74745	addCost: 4888	backsolveCost: 31323
node 52	AtA: 17358	cholCost: 68464	addCost: 6808	backsolveCost: 25129
node 53	AtA: 21728	cholCost: 65635	addCost: 3352	backsolveCost: 30984
node 54	AtA: 21728	cholCost: 85852	addCost: 6808	backsolveCost: 31662
node 55	AtA: 14736	cholCost: 32379	addCost: 2728	backsolveCost: 16079
node 56	AtA: 20854	cholCost: 74745	addCost: 4888	backsolveCost: 31323
node 57	AtA: 14736	cholCost: 31131	addCost: 2200	backsolveCost: 16002
node 58	AtA: 21728	cholCost: 74745	addCost: 4888	backsolveCost: 31323
node 59	AtA: 14736	cholCost: 31131	addCost: 2200	backsolveCost: 16002
node 60	AtA: 12236	cholCost: 2688	addCost: 2200	backsolveCost: 16002
node 61	AtA: 12988	cholCost: 40865	addCost: 4888	backsolveCost: 16464
node 62	AtA: 12988	cholCost: 40865	addCost: 4888	backsolveCost: 16464
node 63	AtA: 4230	cholCost: 81776	addCost: 10408	backsolveCost: 25533
node 64	AtA: 7744	cholCost: 81776	addCost: 10408	backsolveCost: 25533
node 65	AtA: 7744	cholCost: 81776	addCost: 10408	backsolveCost: 25533
node 66	AtA: 9492	cholCost: 125736	addCost: 10408	backsolveCost: 43332
node 67	AtA: 12114	cholCost: 125736	addCost: 10408	backsolveCost: 43332
node 68	AtA: 6870	cholCost: 58836	addCost: 10408	backsolveCost: 17003
node 69	AtA: 9492	cholCost: 138216	addCost: 11800	backsolveCost: 43606
node 70	AtA: 3884	cholCost: 64452	addCost: 11800	backsolveCost: 17157
node 71	AtA: 4230	cholCost: 88432	addCost: 11800	backsolveCost: 25735
node 72	AtA: 9074	cholCost: 282518	addCost: 1192	backsolveCost: 240540
node 73	AtA: 6870	cholCost: 16194	addCost: 1000	backsolveCost: 10977
node 74	AtA: -1	cholCost: 0	addCost: -1	backsolveCost: 1561

