cliques
75
node 0	AtA: 12236	cholCost: 2688	addCost: 2200	backsolveCost: 16002
node 1	AtA: 14858	cholCost: 3328	addCost: 2200	backsolveCost: 24220
node 2	AtA: 12236	cholCost: 4884	addCost: 3352	backsolveCost: 16233
node 3	AtA: 12236	cholCost: 2688	addCost: 2200	backsolveCost: 16002
node 4	AtA: 14736	cholCost: 31131	addCost: 2200	backsolveCost: 16002
node 5	AtA: 21728	cholCost: 74745	addCost: 4888	backsolveCost: 31323
node 6	AtA: 14736	cholCost: 31131	addCost: 2200	backsolveCost: 16002
node 7	AtA: 21728	cholCost: 74745	addCost: 4888	backsolveCost: 31323
node 8	AtA: 9492	cholCost: 52596	addCost: 9112	backsolveCost: 16926
node 9	AtA: 14736	cholCost: 31131	addCost: 2200	backsolveCost: 16002
node 10	AtA: 21728	cholCost: 74745	addCost: 4888	backsolveCost: 31323
node 11	AtA: 19106	cholCost: 52490	addCost: 3352	backsolveCost: 24523
node 12	AtA: 21728	cholCost: 85852	addCost: 6808	backsolveCost: 31662
node 13	AtA: 18354	cholCost: 8395	addCost: 4072	backsolveCost: 24624
node 14	AtA: 14736	cholCost: 31131	addCost: 2200	backsolveCost: 16002
node 15	AtA: 14736	cholCost: 31131	addCost: 2200	backsolveCost: 16002
node 16	AtA: 12988	cholCost: 40865	addCost: 4888	backsolveCost: 16464
node 17	AtA: 12988	cholCost: 40865	addCost: 4888	backsolveCost: 16464
node 18	AtA: 19980	cholCost: 52490	addCost: 3352	backsolveCost: 24523
node 19	AtA: 14736	cholCost: 31131	addCost: 2200	backsolveCost: 16002
node 20	AtA: 16484	cholCost: 52490	addCost: 3352	backsolveCost: 24523
node 21	AtA: 17358	cholCost: 57981	addCost: 4888	backsolveCost: 24826
node 22	AtA: 24350	cholCost: 158500	addCost: 9112	backsolveCost: 65566
node 23	AtA: 4230	cholCost: 89264	addCost: 13288	backsolveCost: 25836
node 24	AtA: 14736	cholCost: 31131	addCost: 2200	backsolveCost: 16002
node 25	AtA: 16484	cholCost: 52490	addCost: 3352	backsolveCost: 24523
node 26	AtA: 14736	cholCost: 31131	addCost: 2200	backsolveCost: 16002
node 27	AtA: 21728	cholCost: 74745	addCost: 4888	backsolveCost: 31323
node 28	AtA: 24350	cholCost: 158500	addCost: 9112	backsolveCost: 65566
node 29	AtA: 14736	cholCost: 31131	addCost: 2200	backsolveCost: 16002
node 30	AtA: 21728	cholCost: 74745	addCost: 4888	backsolveCost: 31323
node 31	AtA: 14736	cholCost: 31131	addCost: 2200	backsolveCost: 16002
node 32	AtA: 21728	cholCost: 74745	addCost: 4888	backsolveCost: 31323
node 33	AtA: 17358	cholCost: 68464	addCost: 6808	backsolveCost: 25129
node 34	AtA: 9492	cholCost: 64452	addCost: 11800	backsolveCost: 17157
node 35	AtA: 4230	cholCost: 89264	addCost: 13288	backsolveCost: 25836
node 36	AtA: 20854	cholCost: 53322	addCost: 4072	backsolveCost: 24624
node 37	AtA: 12236	cholCost: 2688	addCost: 2200	backsolveCost: 16002
node 38	AtA: 12988	cholCost: 40865	addCost: 4888	backsolveCost: 16464
node 39	AtA: 12988	cholCost: 40865	addCost: 4888	backsolveCost: 16464
node 40	AtA: 13862	cholCost: 75952	addCost: 9112	backsolveCost: 25432
node 41	AtA: 14736	cholCost: 31131	addCost: 2200	backsolveCost: 16002
node 42	AtA: 14736	cholCost: 40241	addCost: 4072	backsolveCost: 16310
node 43	AtA: 15610	cholCost: 45732	addCost: 6808	backsolveCost: 16695
node 44	AtA: 15610	cholCost: 45108	addCost: 5800	backsolveCost: 16541
node 45	AtA: 14736	cholCost: 32379	addCost: 2728	backsolveCost: 16079
node 46	AtA: 20854	cholCost: 74745	addCost: 4888	backsolveCost: 31323
node 47	AtA: 14736	cholCost: 31131	addCost: 2200	backsolveCost: 16002
node 48	AtA: 16484	cholCost: 52490	addCost: 3352	backsolveCost: 24523
node 49	AtA: 21728	cholCost: 85852	addCost: 6808	backsolveCost: 31662
node 50	AtA: 14736	cholCost: 32379	addCost: 2728	backsolveCost: 16079
node 51	AtA: 19980	cholCost: 74745	addCost: 4888	backsolveCost: 31323
node 52	AtA: 12988	cholCost: 40865	addCost: 4888	backsolveCost: 16464
node 53	AtA: 14736	cholCost: 31131	addCost: 2200	backsolveCost: 16002
node 54	AtA: 21728	cholCost: 74745	addCost: 4888	backsolveCost: 31323
node 55	AtA: 17358	cholCost: 68464	addCost: 6808	backsolveCost: 25129
node 56	AtA: 21728	cholCost: 74745	addCost: 4888	backsolveCost: 31323
node 57	AtA: 18232	cholCost: 52490	addCost: 3352	backsolveCost: 24523
node 58	AtA: 17358	cholCost: 57981	addCost: 4888	backsolveCost: 24826
node 59	AtA: 14736	cholCost: 32379	addCost: 2728	backsolveCost: 16079
node 60	AtA: 19980	cholCost: 74745	addCost: 4888	backsolveCost: 31323
node 61	AtA: 12988	cholCost: 40865	addCost: 4888	backsolveCost: 16464
node 62	AtA: 7744	cholCost: 81776	addCost: 10408	backsolveCost: 25533
node 63	AtA: 12114	cholCost: 125736	addCost: 10408	backsolveCost: 43332
node 64	AtA: 6870	cholCost: 58836	addCost: 10408	backsolveCost: 17003
node 65	AtA: 12114	cholCost: 125736	addCost: 10408	backsolveCost: 43332
node 66	AtA: 6870	cholCost: 58836	addCost: 10408	backsolveCost: 17003
node 67	AtA: 11240	cholCost: 107068	addCost: 11800	backsolveCost: 32340
node 68	AtA: 13862	cholCost: 138216	addCost: 11800	backsolveCost: 43606
node 69	AtA: 4576	cholCost: 107068	addCost: 11800	backsolveCost: 32340
node 70	AtA: 5268	cholCost: 150120	addCost: 11800	backsolveCost: 52131
node 71	AtA: 5268	cholCost: 150120	addCost: 11800	backsolveCost: 52131
node 72	AtA: 21728	cholCost: 343080	addCost: 1192	backsolveCost: 289947
node 73	AtA: 6870	cholCost: 16194	addCost: 1000	backsolveCost: 10977
node 74	AtA: -1	cholCost: 0	addCost: -1	backsolveCost: 1561

