cliques
175
node 0	AtA: 12236	cholCost: 0	addCost: 2200	backsolveCost: 16002
node 1	AtA: 13984	cholCost: 6028	addCost: 3352	backsolveCost: 24523
node 2	AtA: 12236	cholCost: 0	addCost: 2200	backsolveCost: 16002
node 3	AtA: 12236	cholCost: 2688	addCost: 2200	backsolveCost: 16002
node 4	AtA: 12236	cholCost: 0	addCost: 2200	backsolveCost: 16002
node 5	AtA: 12236	cholCost: 2688	addCost: 2200	backsolveCost: 16002
node 6	AtA: 19228	cholCost: 10416	addCost: 4888	backsolveCost: 31323
node 7	AtA: 12236	cholCost: 2688	addCost: 2200	backsolveCost: 16002
node 8	AtA: 19228	cholCost: 0	addCost: 4888	backsolveCost: 31323
node 9	AtA: 13984	cholCost: 0	addCost: 3352	backsolveCost: 24523
node 10	AtA: 18354	cholCost: 13440	addCost: 5800	backsolveCost: 31436
node 11	AtA: 4370	cholCost: 11220	addCost: 6808	backsolveCost: 16695
node 12	AtA: 18354	cholCost: 8401	addCost: 4072	backsolveCost: 24624
node 13	AtA: 12236	cholCost: 2688	addCost: 2200	backsolveCost: 16002
node 14	AtA: 12236	cholCost: 2688	addCost: 2200	backsolveCost: 16002
node 15	AtA: 12236	cholCost: 2688	addCost: 2200	backsolveCost: 16002
node 16	AtA: 19228	cholCost: 10555	addCost: 4888	backsolveCost: 31323
node 17	AtA: 13984	cholCost: 9665	addCost: 4888	backsolveCost: 24826
node 18	AtA: 18354	cholCost: 8268	addCost: 4072	backsolveCost: 24624
node 19	AtA: 18354	cholCost: 8401	addCost: 4072	backsolveCost: 24624
node 20	AtA: 20854	cholCost: 0	addCost: 4072	backsolveCost: 24624
node 21	AtA: 11362	cholCost: 24911	addCost: 11800	backsolveCost: 25735
node 22	AtA: 20854	cholCost: 53322	addCost: 4072	backsolveCost: 24624
node 23	AtA: 20854	cholCost: 53322	addCost: 4072	backsolveCost: 24624
node 24	AtA: 20854	cholCost: 53322	addCost: 4072	backsolveCost: 24624
node 25	AtA: 20854	cholCost: 53322	addCost: 4072	backsolveCost: 24624
node 26	AtA: 12988	cholCost: 58836	addCost: 10408	backsolveCost: 17003
node 27	AtA: 10366	cholCost: 109232	addCost: 20200	backsolveCost: 26442
node 28	AtA: 16484	cholCost: 52490	addCost: 3352	backsolveCost: 24523
node 29	AtA: 17358	cholCost: 57981	addCost: 4888	backsolveCost: 24826
node 30	AtA: 20854	cholCost: 53322	addCost: 4072	backsolveCost: 24624
node 31	AtA: 19106	cholCost: 124488	addCost: 9112	backsolveCost: 43195
node 32	AtA: 10366	cholCost: 88432	addCost: 11800	backsolveCost: 25735
node 33	AtA: 20854	cholCost: 53322	addCost: 4072	backsolveCost: 24624
node 34	AtA: 20854	cholCost: 53322	addCost: 4072	backsolveCost: 24624
node 35	AtA: 20854	cholCost: 53322	addCost: 4072	backsolveCost: 24624
node 36	AtA: 20854	cholCost: 53322	addCost: 4072	backsolveCost: 24624
node 37	AtA: 12988	cholCost: 58836	addCost: 10408	backsolveCost: 17003
node 38	AtA: 5268	cholCost: 213020	addCost: 26392	backsolveCost: 53919
node 39	AtA: 4922	cholCost: 246544	addCost: 35992	backsolveCost: 46072
node 40	AtA: 16484	cholCost: 52490	addCost: 3352	backsolveCost: 24523
node 41	AtA: 17358	cholCost: 57981	addCost: 4888	backsolveCost: 24826
node 42	AtA: 20854	cholCost: 53322	addCost: 4072	backsolveCost: 24624
node 43	AtA: 14736	cholCost: 31131	addCost: 2200	backsolveCost: 16002
node 44	AtA: 21728	cholCost: 74745	addCost: 4888	backsolveCost: 31323
node 45	AtA: 11240	cholCost: 107068	addCost: 11800	backsolveCost: 32340
node 46	AtA: 20854	cholCost: 53322	addCost: 4072	backsolveCost: 24624
node 47	AtA: 20854	cholCost: 53322	addCost: 4072	backsolveCost: 24624
node 48	AtA: 20854	cholCost: 53322	addCost: 4072	backsolveCost: 24624
node 49	AtA: 20854	cholCost: 53322	addCost: 4072	backsolveCost: 24624
node 50	AtA: 20854	cholCost: 53322	addCost: 4072	backsolveCost: 24624
node 51	AtA: 14736	cholCost: 119132	addCost: 13288	backsolveCost: 32453
node 52	AtA: 3884	cholCost: 84420	addCost: 20200	backsolveCost: 17696
node 53	AtA: 11240	cholCost: 180576	addCost: 31000	backsolveCost: 34035
node 54	AtA: 20854	cholCost: 53322	addCost: 4072	backsolveCost: 24624
node 55	AtA: 19228	cholCost: 10555	addCost: 4888	backsolveCost: 31323
node 56	AtA: 16484	cholCost: 150120	addCost: 11800	backsolveCost: 52131
node 57	AtA: 11240	cholCost: 153369	addCost: 22168	backsolveCost: 33357
node 58	AtA: 20854	cholCost: 53322	addCost: 4072	backsolveCost: 24624
node 59	AtA: 20854	cholCost: 53322	addCost: 4072	backsolveCost: 24624
node 60	AtA: 20854	cholCost: 57981	addCost: 4888	backsolveCost: 24826
node 61	AtA: 23476	cholCost: 74745	addCost: 4888	backsolveCost: 31323
node 62	AtA: 8618	cholCost: 86292	addCost: 24232	backsolveCost: 17927
node 63	AtA: 10366	cholCost: 230742	addCost: 31000	backsolveCost: 54366
node 64	AtA: 5268	cholCost: 314610	addCost: 53272	backsolveCost: 56154
node 65	AtA: 23476	cholCost: 74745	addCost: 4888	backsolveCost: 31323
node 66	AtA: 23476	cholCost: 74745	addCost: 4888	backsolveCost: 31323
node 67	AtA: 23476	cholCost: 74745	addCost: 4888	backsolveCost: 31323
node 68	AtA: 20854	cholCost: 53322	addCost: 4072	backsolveCost: 24624
node 69	AtA: 23476	cholCost: 74745	addCost: 4888	backsolveCost: 31323
node 70	AtA: 14736	cholCost: 32379	addCost: 2728	backsolveCost: 16079
node 71	AtA: 22602	cholCost: 70710	addCost: 4072	backsolveCost: 31097
node 72	AtA: 11240	cholCost: 45108	addCost: 5800	backsolveCost: 16541
node 73	AtA: 20854	cholCost: 53322	addCost: 4072	backsolveCost: 24624
node 74	AtA: 14736	cholCost: 32379	addCost: 2728	backsolveCost: 16079
node 75	AtA: 20854	cholCost: 74745	addCost: 4888	backsolveCost: 31323
node 76	AtA: 12988	cholCost: 125736	addCost: 10408	backsolveCost: 43332
node 77	AtA: 10366	cholCost: 163478	addCost: 26392	backsolveCost: 33696
node 78	AtA: 10366	cholCost: 196634	addCost: 33448	backsolveCost: 34148
node 79	AtA: 20854	cholCost: 53322	addCost: 4072	backsolveCost: 24624
node 80	AtA: 20854	cholCost: 53322	addCost: 4072	backsolveCost: 24624
node 81	AtA: 20854	cholCost: 53322	addCost: 4072	backsolveCost: 24624
node 82	AtA: 14736	cholCost: 119132	addCost: 13288	backsolveCost: 32453
node 83	AtA: 20854	cholCost: 53322	addCost: 4072	backsolveCost: 24624
node 84	AtA: 20854	cholCost: 53322	addCost: 4072	backsolveCost: 24624
node 85	AtA: 20854	cholCost: 53322	addCost: 4072	backsolveCost: 24624
node 86	AtA: 20854	cholCost: 53322	addCost: 4072	backsolveCost: 24624
node 87	AtA: 12988	cholCost: 58836	addCost: 10408	backsolveCost: 17003
node 88	AtA: 11240	cholCost: 132236	addCost: 16552	backsolveCost: 32792
node 89	AtA: 18232	cholCost: 52490	addCost: 3352	backsolveCost: 24523
node 90	AtA: 17358	cholCost: 57981	addCost: 4888	backsolveCost: 24826
node 91	AtA: 20854	cholCost: 53322	addCost: 4072	backsolveCost: 24624
node 92	AtA: 18232	cholCost: 52490	addCost: 3352	backsolveCost: 24523
node 93	AtA: 17358	cholCost: 57981	addCost: 4888	backsolveCost: 24826
node 94	AtA: 7744	cholCost: 75952	addCost: 9112	backsolveCost: 25432
node 95	AtA: 20854	cholCost: 53322	addCost: 4072	backsolveCost: 24624
node 96	AtA: 20854	cholCost: 53322	addCost: 4072	backsolveCost: 24624
node 97	AtA: 20854	cholCost: 53322	addCost: 4072	backsolveCost: 24624
node 98	AtA: 14736	cholCost: 32379	addCost: 2728	backsolveCost: 16079
node 99	AtA: 20854	cholCost: 74745	addCost: 4888	backsolveCost: 31323
node 100	AtA: 4230	cholCost: 95920	addCost: 14872	backsolveCost: 26038
node 101	AtA: 6870	cholCost: 85044	addCost: 22168	backsolveCost: 17850
node 102	AtA: 4230	cholCost: 158321	addCost: 35992	backsolveCost: 27553
node 103	AtA: 4230	cholCost: 184280	addCost: 47128	backsolveCost: 28159
node 104	AtA: 11240	cholCost: 448996	addCost: 70312	backsolveCost: 71967
node 105	AtA: 13862	cholCost: 753588	addCost: 98200	backsolveCost: 115482
node 106	AtA: 20854	cholCost: 53322	addCost: 4072	backsolveCost: 24624
node 107	AtA: 20854	cholCost: 53322	addCost: 4072	backsolveCost: 24624
node 108	AtA: 23476	cholCost: 138888	addCost: 10408	backsolveCost: 51833
node 109	AtA: 20854	cholCost: 53322	addCost: 4072	backsolveCost: 24624
node 110	AtA: 20854	cholCost: 53322	addCost: 4072	backsolveCost: 24624
node 111	AtA: 23476	cholCost: 138888	addCost: 10408	backsolveCost: 51833
node 112	AtA: 20854	cholCost: 53322	addCost: 4072	backsolveCost: 24624
node 113	AtA: 20854	cholCost: 53322	addCost: 4072	backsolveCost: 24624
node 114	AtA: 20854	cholCost: 53322	addCost: 4072	backsolveCost: 24624
node 115	AtA: 14736	cholCost: 31131	addCost: 2200	backsolveCost: 16002
node 116	AtA: 14736	cholCost: 31131	addCost: 2200	backsolveCost: 16002
node 117	AtA: 12988	cholCost: 40865	addCost: 4888	backsolveCost: 16464
node 118	AtA: 12988	cholCost: 40865	addCost: 4888	backsolveCost: 16464
node 119	AtA: 12114	cholCost: 156936	addCost: 14872	backsolveCost: 44017
node 120	AtA: 20854	cholCost: 53322	addCost: 4072	backsolveCost: 24624
node 121	AtA: 20854	cholCost: 53322	addCost: 4072	backsolveCost: 24624
node 122	AtA: 12988	cholCost: 58836	addCost: 10408	backsolveCost: 17003
node 123	AtA: 20854	cholCost: 53322	addCost: 4072	backsolveCost: 24624
node 124	AtA: 20854	cholCost: 53322	addCost: 4072	backsolveCost: 24624
node 125	AtA: 12988	cholCost: 58836	addCost: 10408	backsolveCost: 17003
node 126	AtA: 3884	cholCost: 72564	addCost: 16552	backsolveCost: 17465
node 127	AtA: 6998	cholCost: 570026	addCost: 47128	backsolveCost: 130747
node 128	AtA: 20854	cholCost: 53322	addCost: 4072	backsolveCost: 24624
node 129	AtA: 20854	cholCost: 53322	addCost: 4072	backsolveCost: 24624
node 130	AtA: 21728	cholCost: 74745	addCost: 4888	backsolveCost: 31323
node 131	AtA: 13862	cholCost: 75952	addCost: 9112	backsolveCost: 25432
node 132	AtA: 12114	cholCost: 156936	addCost: 14872	backsolveCost: 44017
node 133	AtA: 14736	cholCost: 133276	addCost: 18328	backsolveCost: 33018
node 134	AtA: 20854	cholCost: 53322	addCost: 4072	backsolveCost: 24624
node 135	AtA: 18354	cholCost: 8401	addCost: 4072	backsolveCost: 24624
node 136	AtA: 14736	cholCost: 119132	addCost: 13288	backsolveCost: 32453
node 137	AtA: 20854	cholCost: 53322	addCost: 4072	backsolveCost: 24624
node 138	AtA: 20854	cholCost: 53322	addCost: 4072	backsolveCost: 24624
node 139	AtA: 14736	cholCost: 119132	addCost: 13288	backsolveCost: 32453
node 140	AtA: 3884	cholCost: 86292	addCost: 24232	backsolveCost: 17927
node 141	AtA: 12988	cholCost: 255453	addCost: 35992	backsolveCost: 54813
node 142	AtA: 20854	cholCost: 53322	addCost: 4072	backsolveCost: 24624
node 143	AtA: 20854	cholCost: 53322	addCost: 4072	backsolveCost: 24624
node 144	AtA: 20854	cholCost: 53322	addCost: 4072	backsolveCost: 24624
node 145	AtA: 20854	cholCost: 53322	addCost: 4072	backsolveCost: 24624
node 146	AtA: 23476	cholCost: 138888	addCost: 10408	backsolveCost: 51833
node 147	AtA: 3884	cholCost: 72564	addCost: 16552	backsolveCost: 17465
node 148	AtA: 20854	cholCost: 53322	addCost: 4072	backsolveCost: 24624
node 149	AtA: 19106	cholCost: 52490	addCost: 3352	backsolveCost: 24523
node 150	AtA: 12988	cholCost: 52596	addCost: 9112	backsolveCost: 16926
node 151	AtA: 14736	cholCost: 32379	addCost: 2728	backsolveCost: 16079
node 152	AtA: 20854	cholCost: 74745	addCost: 4888	backsolveCost: 31323
node 153	AtA: 20854	cholCost: 53322	addCost: 4072	backsolveCost: 24624
node 154	AtA: 14736	cholCost: 32379	addCost: 2728	backsolveCost: 16079
node 155	AtA: 20854	cholCost: 74745	addCost: 4888	backsolveCost: 31323
node 156	AtA: 7744	cholCost: 75952	addCost: 9112	backsolveCost: 25432
node 157	AtA: 14736	cholCost: 31131	addCost: 2200	backsolveCost: 16002
node 158	AtA: 21728	cholCost: 74745	addCost: 4888	backsolveCost: 31323
node 159	AtA: 20854	cholCost: 53322	addCost: 4072	backsolveCost: 24624
node 160	AtA: 14736	cholCost: 31131	addCost: 2200	backsolveCost: 16002
node 161	AtA: 21728	cholCost: 74745	addCost: 4888	backsolveCost: 31323
node 162	AtA: 12114	cholCost: 124488	addCost: 9112	backsolveCost: 43195
node 163	AtA: 20854	cholCost: 53322	addCost: 4072	backsolveCost: 24624
node 164	AtA: 20854	cholCost: 53322	addCost: 4072	backsolveCost: 24624
node 165	AtA: 20854	cholCost: 53322	addCost: 4072	backsolveCost: 24624
node 166	AtA: 20854	cholCost: 53322	addCost: 4072	backsolveCost: 24624
node 167	AtA: 4230	cholCost: 89264	addCost: 13288	backsolveCost: 25836
node 168	AtA: 12988	cholCost: 427475	addCost: 38632	backsolveCost: 97143
node 169	AtA: 4922	cholCost: 265514	addCost: 44200	backsolveCost: 46620
node 170	AtA: 13862	cholCost: 496212	addCost: 81688	backsolveCost: 72832
node 171	AtA: 7344	cholCost: 899990	addCost: 89752	backsolveCost: 149946
node 172	AtA: 52318	cholCost: 2515256	addCost: 1192	backsolveCost: 1889255
node 173	AtA: 6870	cholCost: 16194	addCost: 1000	backsolveCost: 10977
node 174	AtA: -1	cholCost: 0	addCost: -1	backsolveCost: 1561

