cliques
52
node 0	AtA: 12236	cholCost: 2688	addCost: 2200	backsolveCost: 16002
node 1	AtA: 12236	cholCost: 2688	addCost: 2200	backsolveCost: 16002
node 2	AtA: 13984	cholCost: 6028	addCost: 3352	backsolveCost: 24523
node 3	AtA: 12236	cholCost: 2688	addCost: 2200	backsolveCost: 16002
node 4	AtA: 12236	cholCost: 2688	addCost: 2200	backsolveCost: 16002
node 5	AtA: 14736	cholCost: 32379	addCost: 2728	backsolveCost: 16079
node 6	AtA: 18232	cholCost: 52490	addCost: 3352	backsolveCost: 24523
node 7	AtA: 14736	cholCost: 31131	addCost: 2200	backsolveCost: 16002
node 8	AtA: 14736	cholCost: 32379	addCost: 2728	backsolveCost: 16079
node 9	AtA: 19980	cholCost: 74745	addCost: 4888	backsolveCost: 31323
node 10	AtA: 14736	cholCost: 31131	addCost: 2200	backsolveCost: 16002
node 11	AtA: 12236	cholCost: 2688	addCost: 2200	backsolveCost: 16002
node 12	AtA: 12988	cholCost: 40865	addCost: 4888	backsolveCost: 16464
node 13	AtA: 10366	cholCost: 61808	addCost: 5800	backsolveCost: 24927
node 14	AtA: 14736	cholCost: 84812	addCost: 5800	backsolveCost: 31436
node 15	AtA: 11240	cholCost: 61808	addCost: 5800	backsolveCost: 24927
node 16	AtA: 14736	cholCost: 84812	addCost: 5800	backsolveCost: 31436
node 17	AtA: 12988	cholCost: 45108	addCost: 5800	backsolveCost: 16541
node 18	AtA: 14736	cholCost: 32379	addCost: 2728	backsolveCost: 16079
node 19	AtA: 14736	cholCost: 31131	addCost: 2200	backsolveCost: 16002
node 20	AtA: 20854	cholCost: 100277	addCost: 5800	backsolveCost: 42510
node 21	AtA: 11362	cholCost: 6708	addCost: 4072	backsolveCost: 16310
node 22	AtA: 14736	cholCost: 32379	addCost: 2728	backsolveCost: 16079
node 23	AtA: 11240	cholCost: 40865	addCost: 4888	backsolveCost: 16464
node 24	AtA: 12988	cholCost: 40865	addCost: 4888	backsolveCost: 16464
node 25	AtA: 13984	cholCost: 6028	addCost: 3352	backsolveCost: 24523
node 26	AtA: 14736	cholCost: 31131	addCost: 2200	backsolveCost: 16002
node 27	AtA: 13862	cholCost: 35998	addCost: 3352	backsolveCost: 16233
node 28	AtA: 13984	cholCost: 6028	addCost: 3352	backsolveCost: 24523
node 29	AtA: 3884	cholCost: 40241	addCost: 4072	backsolveCost: 16310
node 30	AtA: 11240	cholCost: 57981	addCost: 4888	backsolveCost: 24826
node 31	AtA: 11240	cholCost: 84812	addCost: 5800	backsolveCost: 31436
node 32	AtA: 14736	cholCost: 32379	addCost: 2728	backsolveCost: 16079
node 33	AtA: 14736	cholCost: 31131	addCost: 2200	backsolveCost: 16002
node 34	AtA: 20854	cholCost: 100277	addCost: 5800	backsolveCost: 42510
node 35	AtA: 14736	cholCost: 32379	addCost: 2728	backsolveCost: 16079
node 36	AtA: 14736	cholCost: 31131	addCost: 2200	backsolveCost: 16002
node 37	AtA: 16484	cholCost: 52490	addCost: 3352	backsolveCost: 24523
node 38	AtA: 14736	cholCost: 32379	addCost: 2728	backsolveCost: 16079
node 39	AtA: 14736	cholCost: 32379	addCost: 2728	backsolveCost: 16079
node 40	AtA: 14736	cholCost: 31131	addCost: 2200	backsolveCost: 16002
node 41	AtA: 21728	cholCost: 100277	addCost: 5800	backsolveCost: 42510
node 42	AtA: 14736	cholCost: 84812	addCost: 5800	backsolveCost: 31436
node 43	AtA: 10366	cholCost: 61808	addCost: 5800	backsolveCost: 24927
node 44	AtA: 14736	cholCost: 84812	addCost: 5800	backsolveCost: 31436
node 45	AtA: 12988	cholCost: 45108	addCost: 5800	backsolveCost: 16541
node 46	AtA: 12988	cholCost: 100277	addCost: 5800	backsolveCost: 42510
node 47	AtA: 7744	cholCost: 61808	addCost: 5800	backsolveCost: 24927
node 48	AtA: 7744	cholCost: 61808	addCost: 5800	backsolveCost: 24927
node 49	AtA: 12988	cholCost: 79836	addCost: 1192	backsolveCost: 62625
node 50	AtA: 6870	cholCost: 16194	addCost: 1000	backsolveCost: 10977
node 51	AtA: -1	cholCost: 0	addCost: -1	backsolveCost: 1561

