ordering and width						ordering and width
153								153
4 6								4 6
1 6								1 6
2 6								2 6
52 6								52 6
3 6								3 6
105 6								105 6
103 6								103 6
53 6								53 6
54 6								54 6
104 6								104 6
6 6								6 6
55 6								55 6
5 6								5 6
56 6								56 6
8 6								8 6
107 6								107 6
106 6								106 6
57 6								57 6
7 6								7 6
109 6								109 6
58 6								58 6
108 6								108 6
59 6								59 6
111 6								111 6
10 6								10 6
9 6								9 6
60 6								60 6
110 6								110 6
12 6								12 6
61 6								61 6
11 6								11 6
62 6								62 6
14 6								14 6
113 6								113 6
112 6								112 6
63 6								63 6
13 6								13 6
115 6								115 6
64 6								64 6
114 6								114 6
65 6								65 6
117 6								117 6
16 6								16 6
15 6								15 6
66 6								66 6
116 6								116 6
18 6								18 6
67 6								67 6
17 6								17 6
68 6								68 6
20 6								20 6
119 6								119 6
118 6								118 6
69 6								69 6
19 6								19 6
121 6								121 6
70 6								70 6
120 6								120 6
71 6								71 6
123 6								123 6
22 6								22 6
21 6								21 6
72 6								72 6
122 6								122 6
24 6								24 6
73 6								73 6
23 6								23 6
74 6								74 6
26 6								26 6
125 6								125 6
124 6								124 6
75 6								75 6
25 6								25 6
127 6								127 6
76 6								76 6
126 6								126 6
77 6								77 6
129 6								129 6
28 6								28 6
27 6								27 6
78 6								78 6
128 6								128 6
30 6								30 6
79 6								79 6
29 6								29 6
80 6								80 6
32 6								32 6
131 6								131 6
130 6								130 6
81 6								81 6
31 6								31 6
133 6								133 6
82 6								82 6
132 6								132 6
83 6								83 6
135 6								135 6
34 6								34 6
33 6								33 6
84 6								84 6
134 6								134 6
36 6								36 6
85 6								85 6
35 6								35 6
86 6								86 6
38 6								38 6
137 6								137 6
136 6								136 6
87 6								87 6
37 6								37 6
139 6								139 6
88 6								88 6
138 6								138 6
89 6								89 6
141 6								141 6
40 6								40 6
39 6								39 6
90 6								90 6
140 6								140 6
42 6								42 6
91 6								91 6
41 6								41 6
92 6								92 6
44 6								44 6
143 6								143 6
142 6								142 6
93 6								93 6
43 6								43 6
145 6								145 6
94 6								94 6
144 6								144 6
95 6								95 6
147 6								147 6
46 6								46 6
45 6								45 6
96 6								96 6
146 6								146 6
48 6								48 6
97 6								97 6
47 6								47 6
98 6								98 6
50 6							      <
149 6								149 6
150 6								150 6
101 6							      <
148 6								148 6
99 6								99 6
							      >	50 6
							      >	101 6
51 6								51 6
49 6								49 6
100 6								100 6
102 6								102 6
151 6								151 6
152 6								152 6
0 1								0 1

factors								factors
406								406
0 6 7 2								0 6 7 2
1 0 								1 0 
1 6 7 2								1 6 7 2
2 0 								2 0 
2 6 7 2								2 6 7 2
3 0 								3 0 
3 6 7 2								3 6 7 2
1 0 								1 0 
4 6 13 3							4 6 13 3
1 2 0 								1 2 0 
5 6 13 3							5 6 13 3
2 3 0 								2 3 0 
6 6 7 2								6 6 7 2
4 0 								4 0 
7 6 13 3							7 6 13 3
3 4 0 								3 4 0 
8 6 7 2								8 6 7 2
5 0 								5 0 
9 6 13 3							9 6 13 3
4 5 0 								4 5 0 
10 6 7 2							10 6 7 2
6 0 								6 0 
11 6 13 3							11 6 13 3
5 6 0 								5 6 0 
12 6 7 2							12 6 7 2
7 0 								7 0 
13 6 13 3							13 6 13 3
6 7 0 								6 7 0 
14 6 7 2							14 6 7 2
8 0 								8 0 
15 6 13 3							15 6 13 3
7 8 0 								7 8 0 
16 6 7 2							16 6 7 2
9 0 								9 0 
17 6 13 3							17 6 13 3
8 9 0 								8 9 0 
18 6 7 2							18 6 7 2
10 0 								10 0 
19 6 13 3							19 6 13 3
9 10 0 								9 10 0 
20 6 7 2							20 6 7 2
11 0 								11 0 
21 6 13 3							21 6 13 3
10 11 0 							10 11 0 
22 6 7 2							22 6 7 2
12 0 								12 0 
23 6 13 3							23 6 13 3
11 12 0 							11 12 0 
24 6 7 2							24 6 7 2
13 0 								13 0 
25 6 13 3							25 6 13 3
12 13 0 							12 13 0 
26 6 7 2							26 6 7 2
14 0 								14 0 
27 6 13 3							27 6 13 3
13 14 0 							13 14 0 
28 6 7 2							28 6 7 2
15 0 								15 0 
29 6 13 3							29 6 13 3
14 15 0 							14 15 0 
30 6 7 2							30 6 7 2
16 0 								16 0 
31 6 13 3							31 6 13 3
15 16 0 							15 16 0 
32 6 7 2							32 6 7 2
17 0 								17 0 
33 6 13 3							33 6 13 3
16 17 0 							16 17 0 
34 6 7 2							34 6 7 2
18 0 								18 0 
35 6 13 3							35 6 13 3
17 18 0 							17 18 0 
36 6 7 2							36 6 7 2
19 0 								19 0 
37 6 13 3							37 6 13 3
18 19 0 							18 19 0 
38 6 7 2							38 6 7 2
20 0 								20 0 
39 6 13 3							39 6 13 3
19 20 0 							19 20 0 
40 6 7 2							40 6 7 2
21 0 								21 0 
41 6 13 3							41 6 13 3
20 21 0 							20 21 0 
42 6 7 2							42 6 7 2
22 0 								22 0 
43 6 13 3							43 6 13 3
21 22 0 							21 22 0 
44 6 7 2							44 6 7 2
23 0 								23 0 
45 6 13 3							45 6 13 3
22 23 0 							22 23 0 
46 6 7 2							46 6 7 2
24 0 								24 0 
47 6 13 3							47 6 13 3
23 24 0 							23 24 0 
48 6 7 2							48 6 7 2
25 0 								25 0 
49 6 13 3							49 6 13 3
24 25 0 							24 25 0 
50 6 7 2							50 6 7 2
26 0 								26 0 
51 6 13 3							51 6 13 3
25 26 0 							25 26 0 
52 6 7 2							52 6 7 2
27 0 								27 0 
53 6 13 3							53 6 13 3
26 27 0 							26 27 0 
54 6 7 2							54 6 7 2
28 0 								28 0 
55 6 13 3							55 6 13 3
27 28 0 							27 28 0 
56 6 7 2							56 6 7 2
29 0 								29 0 
57 6 13 3							57 6 13 3
28 29 0 							28 29 0 
58 6 7 2							58 6 7 2
30 0 								30 0 
59 6 13 3							59 6 13 3
29 30 0 							29 30 0 
60 6 7 2							60 6 7 2
31 0 								31 0 
61 6 13 3							61 6 13 3
30 31 0 							30 31 0 
62 6 7 2							62 6 7 2
32 0 								32 0 
63 6 13 3							63 6 13 3
31 32 0 							31 32 0 
64 6 7 2							64 6 7 2
33 0 								33 0 
65 6 13 3							65 6 13 3
32 33 0 							32 33 0 
66 6 7 2							66 6 7 2
34 0 								34 0 
67 6 13 3							67 6 13 3
33 34 0 							33 34 0 
68 6 7 2							68 6 7 2
35 0 								35 0 
69 6 13 3							69 6 13 3
34 35 0 							34 35 0 
70 6 7 2							70 6 7 2
36 0 								36 0 
71 6 13 3							71 6 13 3
35 36 0 							35 36 0 
72 6 7 2							72 6 7 2
37 0 								37 0 
73 6 13 3							73 6 13 3
36 37 0 							36 37 0 
74 6 7 2							74 6 7 2
38 0 								38 0 
75 6 13 3							75 6 13 3
37 38 0 							37 38 0 
76 6 7 2							76 6 7 2
39 0 								39 0 
77 6 13 3							77 6 13 3
38 39 0 							38 39 0 
78 6 7 2							78 6 7 2
40 0 								40 0 
79 6 13 3							79 6 13 3
39 40 0 							39 40 0 
80 6 7 2							80 6 7 2
41 0 								41 0 
81 6 13 3							81 6 13 3
40 41 0 							40 41 0 
82 6 7 2							82 6 7 2
42 0 								42 0 
83 6 13 3							83 6 13 3
41 42 0 							41 42 0 
84 6 7 2							84 6 7 2
43 0 								43 0 
85 6 13 3							85 6 13 3
42 43 0 							42 43 0 
86 6 7 2							86 6 7 2
44 0 								44 0 
87 6 13 3							87 6 13 3
43 44 0 							43 44 0 
88 6 7 2							88 6 7 2
45 0 								45 0 
89 6 13 3							89 6 13 3
44 45 0 							44 45 0 
90 6 7 2							90 6 7 2
46 0 								46 0 
91 6 13 3							91 6 13 3
45 46 0 							45 46 0 
92 6 7 2							92 6 7 2
47 0 								47 0 
93 6 13 3							93 6 13 3
46 47 0 							46 47 0 
94 6 7 2							94 6 7 2
48 0 								48 0 
95 6 13 3							95 6 13 3
47 48 0 							47 48 0 
96 6 7 2							96 6 7 2
49 0 								49 0 
97 6 13 3							97 6 13 3
48 49 0 							48 49 0 
98 6 7 2							98 6 7 2
50 0 								50 0 
99 6 13 3							99 6 13 3
49 50 0 							49 50 0 
100 6 7 2							100 6 7 2
51 0 								51 0 
101 6 13 3							101 6 13 3
50 51 0 							50 51 0 
102 6 13 3							102 6 13 3
1 51 0 								1 51 0 
103 6 7 2							103 6 7 2
52 0 								52 0 
104 6 13 3							104 6 13 3
51 52 0 							51 52 0 
105 6 13 3							105 6 13 3
2 52 0 								2 52 0 
106 6 7 2							106 6 7 2
53 0 								53 0 
107 6 13 3							107 6 13 3
52 53 0 							52 53 0 
108 6 13 3							108 6 13 3
3 53 0 								3 53 0 
109 6 7 2							109 6 7 2
54 0 								54 0 
110 6 13 3							110 6 13 3
53 54 0 							53 54 0 
111 6 13 3							111 6 13 3
4 54 0 								4 54 0 
112 6 7 2							112 6 7 2
55 0 								55 0 
113 6 13 3							113 6 13 3
54 55 0 							54 55 0 
114 6 13 3							114 6 13 3
5 55 0 								5 55 0 
115 6 7 2							115 6 7 2
56 0 								56 0 
116 6 13 3							116 6 13 3
55 56 0 							55 56 0 
117 6 13 3							117 6 13 3
6 56 0 								6 56 0 
118 6 7 2							118 6 7 2
57 0 								57 0 
119 6 13 3							119 6 13 3
56 57 0 							56 57 0 
120 6 13 3							120 6 13 3
7 57 0 								7 57 0 
121 6 7 2							121 6 7 2
58 0 								58 0 
122 6 13 3							122 6 13 3
57 58 0 							57 58 0 
123 6 13 3							123 6 13 3
8 58 0 								8 58 0 
124 6 7 2							124 6 7 2
59 0 								59 0 
125 6 13 3							125 6 13 3
58 59 0 							58 59 0 
126 6 13 3							126 6 13 3
9 59 0 								9 59 0 
127 6 7 2							127 6 7 2
60 0 								60 0 
128 6 13 3							128 6 13 3
59 60 0 							59 60 0 
129 6 13 3							129 6 13 3
10 60 0 							10 60 0 
130 6 7 2							130 6 7 2
61 0 								61 0 
131 6 13 3							131 6 13 3
60 61 0 							60 61 0 
132 6 13 3							132 6 13 3
11 61 0 							11 61 0 
133 6 7 2							133 6 7 2
62 0 								62 0 
134 6 13 3							134 6 13 3
61 62 0 							61 62 0 
135 6 13 3							135 6 13 3
12 62 0 							12 62 0 
136 6 7 2							136 6 7 2
63 0 								63 0 
137 6 13 3							137 6 13 3
62 63 0 							62 63 0 
138 6 13 3							138 6 13 3
13 63 0 							13 63 0 
139 6 7 2							139 6 7 2
64 0 								64 0 
140 6 13 3							140 6 13 3
63 64 0 							63 64 0 
141 6 13 3							141 6 13 3
14 64 0 							14 64 0 
142 6 7 2							142 6 7 2
65 0 								65 0 
143 6 13 3							143 6 13 3
64 65 0 							64 65 0 
144 6 13 3							144 6 13 3
15 65 0 							15 65 0 
145 6 7 2							145 6 7 2
66 0 								66 0 
146 6 13 3							146 6 13 3
65 66 0 							65 66 0 
147 6 13 3							147 6 13 3
16 66 0 							16 66 0 
148 6 7 2							148 6 7 2
67 0 								67 0 
149 6 13 3							149 6 13 3
66 67 0 							66 67 0 
150 6 13 3							150 6 13 3
17 67 0 							17 67 0 
151 6 7 2							151 6 7 2
68 0 								68 0 
152 6 13 3							152 6 13 3
67 68 0 							67 68 0 
153 6 13 3							153 6 13 3
18 68 0 							18 68 0 
154 6 7 2							154 6 7 2
69 0 								69 0 
155 6 13 3							155 6 13 3
68 69 0 							68 69 0 
156 6 13 3							156 6 13 3
19 69 0 							19 69 0 
157 6 7 2							157 6 7 2
70 0 								70 0 
158 6 13 3							158 6 13 3
69 70 0 							69 70 0 
159 6 13 3							159 6 13 3
20 70 0 							20 70 0 
160 6 7 2							160 6 7 2
71 0 								71 0 
161 6 13 3							161 6 13 3
70 71 0 							70 71 0 
162 6 13 3							162 6 13 3
21 71 0 							21 71 0 
163 6 7 2							163 6 7 2
72 0 								72 0 
164 6 13 3							164 6 13 3
71 72 0 							71 72 0 
165 6 13 3							165 6 13 3
22 72 0 							22 72 0 
166 6 7 2							166 6 7 2
73 0 								73 0 
167 6 13 3							167 6 13 3
72 73 0 							72 73 0 
168 6 13 3							168 6 13 3
23 73 0 							23 73 0 
169 6 7 2							169 6 7 2
74 0 								74 0 
170 6 13 3							170 6 13 3
73 74 0 							73 74 0 
171 6 13 3							171 6 13 3
24 74 0 							24 74 0 
172 6 7 2							172 6 7 2
75 0 								75 0 
173 6 13 3							173 6 13 3
74 75 0 							74 75 0 
174 6 13 3							174 6 13 3
25 75 0 							25 75 0 
175 6 7 2							175 6 7 2
76 0 								76 0 
176 6 13 3							176 6 13 3
75 76 0 							75 76 0 
177 6 13 3							177 6 13 3
26 76 0 							26 76 0 
178 6 7 2							178 6 7 2
77 0 								77 0 
179 6 13 3							179 6 13 3
76 77 0 							76 77 0 
180 6 13 3							180 6 13 3
27 77 0 							27 77 0 
181 6 7 2							181 6 7 2
78 0 								78 0 
182 6 13 3							182 6 13 3
77 78 0 							77 78 0 
183 6 13 3							183 6 13 3
28 78 0 							28 78 0 
184 6 7 2							184 6 7 2
79 0 								79 0 
185 6 13 3							185 6 13 3
78 79 0 							78 79 0 
186 6 13 3							186 6 13 3
29 79 0 							29 79 0 
187 6 7 2							187 6 7 2
80 0 								80 0 
188 6 13 3							188 6 13 3
79 80 0 							79 80 0 
189 6 13 3							189 6 13 3
30 80 0 							30 80 0 
190 6 7 2							190 6 7 2
81 0 								81 0 
191 6 13 3							191 6 13 3
80 81 0 							80 81 0 
192 6 13 3							192 6 13 3
31 81 0 							31 81 0 
193 6 7 2							193 6 7 2
82 0 								82 0 
194 6 13 3							194 6 13 3
81 82 0 							81 82 0 
195 6 13 3							195 6 13 3
32 82 0 							32 82 0 
196 6 7 2							196 6 7 2
83 0 								83 0 
197 6 13 3							197 6 13 3
82 83 0 							82 83 0 
198 6 13 3							198 6 13 3
33 83 0 							33 83 0 
199 6 7 2							199 6 7 2
84 0 								84 0 
200 6 13 3							200 6 13 3
83 84 0 							83 84 0 
201 6 13 3							201 6 13 3
34 84 0 							34 84 0 
202 6 7 2							202 6 7 2
85 0 								85 0 
203 6 13 3							203 6 13 3
84 85 0 							84 85 0 
204 6 13 3							204 6 13 3
35 85 0 							35 85 0 
205 6 7 2							205 6 7 2
86 0 								86 0 
206 6 13 3							206 6 13 3
85 86 0 							85 86 0 
207 6 13 3							207 6 13 3
36 86 0 							36 86 0 
208 6 7 2							208 6 7 2
87 0 								87 0 
209 6 13 3							209 6 13 3
86 87 0 							86 87 0 
210 6 13 3							210 6 13 3
37 87 0 							37 87 0 
211 6 7 2							211 6 7 2
88 0 								88 0 
212 6 13 3							212 6 13 3
87 88 0 							87 88 0 
213 6 13 3							213 6 13 3
38 88 0 							38 88 0 
214 6 7 2							214 6 7 2
89 0 								89 0 
215 6 13 3							215 6 13 3
88 89 0 							88 89 0 
216 6 13 3							216 6 13 3
39 89 0 							39 89 0 
217 6 7 2							217 6 7 2
90 0 								90 0 
218 6 13 3							218 6 13 3
89 90 0 							89 90 0 
219 6 13 3							219 6 13 3
40 90 0 							40 90 0 
220 6 7 2							220 6 7 2
91 0 								91 0 
221 6 13 3							221 6 13 3
90 91 0 							90 91 0 
222 6 13 3							222 6 13 3
41 91 0 							41 91 0 
223 6 7 2							223 6 7 2
92 0 								92 0 
224 6 13 3							224 6 13 3
91 92 0 							91 92 0 
225 6 13 3							225 6 13 3
42 92 0 							42 92 0 
226 6 7 2							226 6 7 2
93 0 								93 0 
227 6 13 3							227 6 13 3
92 93 0 							92 93 0 
228 6 13 3							228 6 13 3
43 93 0 							43 93 0 
229 6 7 2							229 6 7 2
94 0 								94 0 
230 6 13 3							230 6 13 3
93 94 0 							93 94 0 
231 6 13 3							231 6 13 3
44 94 0 							44 94 0 
232 6 7 2							232 6 7 2
95 0 								95 0 
233 6 13 3							233 6 13 3
94 95 0 							94 95 0 
234 6 13 3							234 6 13 3
45 95 0 							45 95 0 
235 6 7 2							235 6 7 2
96 0 								96 0 
236 6 13 3							236 6 13 3
95 96 0 							95 96 0 
237 6 13 3							237 6 13 3
46 96 0 							46 96 0 
238 6 7 2							238 6 7 2
97 0 								97 0 
239 6 13 3							239 6 13 3
96 97 0 							96 97 0 
240 6 13 3							240 6 13 3
47 97 0 							47 97 0 
241 6 7 2							241 6 7 2
98 0 								98 0 
242 6 13 3							242 6 13 3
97 98 0 							97 98 0 
243 6 13 3							243 6 13 3
48 98 0 							48 98 0 
244 6 7 2							244 6 7 2
99 0 								99 0 
245 6 13 3							245 6 13 3
98 99 0 							98 99 0 
246 6 13 3							246 6 13 3
49 99 0 							49 99 0 
247 6 7 2							247 6 7 2
100 0 								100 0 
248 6 13 3							248 6 13 3
99 100 0 							99 100 0 
249 6 13 3							249 6 13 3
50 100 0 							50 100 0 
250 6 7 2							250 6 7 2
101 0 								101 0 
251 6 13 3							251 6 13 3
100 101 0 							100 101 0 
252 6 13 3							252 6 13 3
51 101 0 							51 101 0 
253 6 7 2							253 6 7 2
102 0 								102 0 
254 6 13 3							254 6 13 3
101 102 0 							101 102 0 
255 6 13 3							255 6 13 3
52 102 0 							52 102 0 
256 6 7 2							256 6 7 2
103 0 								103 0 
257 6 13 3							257 6 13 3
102 103 0 							102 103 0 
258 6 13 3							258 6 13 3
53 103 0 							53 103 0 
259 6 7 2							259 6 7 2
104 0 								104 0 
260 6 13 3							260 6 13 3
103 104 0 							103 104 0 
261 6 13 3							261 6 13 3
54 104 0 							54 104 0 
262 6 7 2							262 6 7 2
105 0 								105 0 
263 6 13 3							263 6 13 3
104 105 0 							104 105 0 
264 6 13 3							264 6 13 3
55 105 0 							55 105 0 
265 6 7 2							265 6 7 2
106 0 								106 0 
266 6 13 3							266 6 13 3
105 106 0 							105 106 0 
267 6 13 3							267 6 13 3
56 106 0 							56 106 0 
268 6 7 2							268 6 7 2
107 0 								107 0 
269 6 13 3							269 6 13 3
106 107 0 							106 107 0 
270 6 13 3							270 6 13 3
57 107 0 							57 107 0 
271 6 7 2							271 6 7 2
108 0 								108 0 
272 6 13 3							272 6 13 3
107 108 0 							107 108 0 
273 6 13 3							273 6 13 3
58 108 0 							58 108 0 
274 6 7 2							274 6 7 2
109 0 								109 0 
275 6 13 3							275 6 13 3
108 109 0 							108 109 0 
276 6 13 3							276 6 13 3
59 109 0 							59 109 0 
277 6 7 2							277 6 7 2
110 0 								110 0 
278 6 13 3							278 6 13 3
109 110 0 							109 110 0 
279 6 13 3							279 6 13 3
60 110 0 							60 110 0 
280 6 7 2							280 6 7 2
111 0 								111 0 
281 6 13 3							281 6 13 3
110 111 0 							110 111 0 
282 6 13 3							282 6 13 3
61 111 0 							61 111 0 
283 6 7 2							283 6 7 2
112 0 								112 0 
284 6 13 3							284 6 13 3
111 112 0 							111 112 0 
285 6 13 3							285 6 13 3
62 112 0 							62 112 0 
286 6 7 2							286 6 7 2
113 0 								113 0 
287 6 13 3							287 6 13 3
112 113 0 							112 113 0 
288 6 13 3							288 6 13 3
63 113 0 							63 113 0 
289 6 7 2							289 6 7 2
114 0 								114 0 
290 6 13 3							290 6 13 3
113 114 0 							113 114 0 
291 6 13 3							291 6 13 3
64 114 0 							64 114 0 
292 6 7 2							292 6 7 2
115 0 								115 0 
293 6 13 3							293 6 13 3
114 115 0 							114 115 0 
294 6 13 3							294 6 13 3
65 115 0 							65 115 0 
295 6 7 2							295 6 7 2
116 0 								116 0 
296 6 13 3							296 6 13 3
115 116 0 							115 116 0 
297 6 13 3							297 6 13 3
66 116 0 							66 116 0 
298 6 7 2							298 6 7 2
117 0 								117 0 
299 6 13 3							299 6 13 3
116 117 0 							116 117 0 
300 6 13 3							300 6 13 3
67 117 0 							67 117 0 
301 6 7 2							301 6 7 2
118 0 								118 0 
302 6 13 3							302 6 13 3
117 118 0 							117 118 0 
303 6 13 3							303 6 13 3
68 118 0 							68 118 0 
304 6 7 2							304 6 7 2
119 0 								119 0 
305 6 13 3							305 6 13 3
118 119 0 							118 119 0 
306 6 13 3							306 6 13 3
69 119 0 							69 119 0 
307 6 7 2							307 6 7 2
120 0 								120 0 
308 6 13 3							308 6 13 3
119 120 0 							119 120 0 
309 6 13 3							309 6 13 3
70 120 0 							70 120 0 
310 6 7 2							310 6 7 2
121 0 								121 0 
311 6 13 3							311 6 13 3
120 121 0 							120 121 0 
312 6 13 3							312 6 13 3
71 121 0 							71 121 0 
313 6 7 2							313 6 7 2
122 0 								122 0 
314 6 13 3							314 6 13 3
121 122 0 							121 122 0 
315 6 13 3							315 6 13 3
72 122 0 							72 122 0 
316 6 7 2							316 6 7 2
123 0 								123 0 
317 6 13 3							317 6 13 3
122 123 0 							122 123 0 
318 6 13 3							318 6 13 3
73 123 0 							73 123 0 
319 6 7 2							319 6 7 2
124 0 								124 0 
320 6 13 3							320 6 13 3
123 124 0 							123 124 0 
321 6 13 3							321 6 13 3
74 124 0 							74 124 0 
322 6 7 2							322 6 7 2
125 0 								125 0 
323 6 13 3							323 6 13 3
124 125 0 							124 125 0 
324 6 13 3							324 6 13 3
75 125 0 							75 125 0 
325 6 7 2							325 6 7 2
126 0 								126 0 
326 6 13 3							326 6 13 3
125 126 0 							125 126 0 
327 6 13 3							327 6 13 3
76 126 0 							76 126 0 
328 6 7 2							328 6 7 2
127 0 								127 0 
329 6 13 3							329 6 13 3
126 127 0 							126 127 0 
330 6 13 3							330 6 13 3
77 127 0 							77 127 0 
331 6 7 2							331 6 7 2
128 0 								128 0 
332 6 13 3							332 6 13 3
127 128 0 							127 128 0 
333 6 13 3							333 6 13 3
78 128 0 							78 128 0 
334 6 7 2							334 6 7 2
129 0 								129 0 
335 6 13 3							335 6 13 3
128 129 0 							128 129 0 
336 6 13 3							336 6 13 3
79 129 0 							79 129 0 
337 6 7 2							337 6 7 2
130 0 								130 0 
338 6 13 3							338 6 13 3
129 130 0 							129 130 0 
339 6 13 3							339 6 13 3
80 130 0 							80 130 0 
340 6 7 2							340 6 7 2
131 0 								131 0 
341 6 13 3							341 6 13 3
130 131 0 							130 131 0 
342 6 13 3							342 6 13 3
81 131 0 							81 131 0 
343 6 7 2							343 6 7 2
132 0 								132 0 
344 6 13 3							344 6 13 3
131 132 0 							131 132 0 
345 6 13 3							345 6 13 3
82 132 0 							82 132 0 
346 6 7 2							346 6 7 2
133 0 								133 0 
347 6 13 3							347 6 13 3
132 133 0 							132 133 0 
348 6 13 3							348 6 13 3
83 133 0 							83 133 0 
349 6 7 2							349 6 7 2
134 0 								134 0 
350 6 13 3							350 6 13 3
133 134 0 							133 134 0 
351 6 13 3							351 6 13 3
84 134 0 							84 134 0 
352 6 7 2							352 6 7 2
135 0 								135 0 
353 6 13 3							353 6 13 3
134 135 0 							134 135 0 
354 6 13 3							354 6 13 3
85 135 0 							85 135 0 
355 6 7 2							355 6 7 2
136 0 								136 0 
356 6 13 3							356 6 13 3
135 136 0 							135 136 0 
357 6 13 3							357 6 13 3
86 136 0 							86 136 0 
358 6 7 2							358 6 7 2
137 0 								137 0 
359 6 13 3							359 6 13 3
136 137 0 							136 137 0 
360 6 13 3							360 6 13 3
87 137 0 							87 137 0 
361 6 7 2							361 6 7 2
138 0 								138 0 
362 6 13 3							362 6 13 3
137 138 0 							137 138 0 
363 6 13 3							363 6 13 3
88 138 0 							88 138 0 
364 6 7 2							364 6 7 2
139 0 								139 0 
365 6 13 3							365 6 13 3
138 139 0 							138 139 0 
366 6 13 3							366 6 13 3
89 139 0 							89 139 0 
367 6 7 2							367 6 7 2
140 0 								140 0 
368 6 13 3							368 6 13 3
139 140 0 							139 140 0 
369 6 13 3							369 6 13 3
90 140 0 							90 140 0 
370 6 7 2							370 6 7 2
141 0 								141 0 
371 6 13 3							371 6 13 3
140 141 0 							140 141 0 
372 6 13 3							372 6 13 3
91 141 0 							91 141 0 
373 6 7 2							373 6 7 2
142 0 								142 0 
374 6 13 3							374 6 13 3
141 142 0 							141 142 0 
375 6 13 3							375 6 13 3
92 142 0 							92 142 0 
376 6 7 2							376 6 7 2
143 0 								143 0 
377 6 13 3							377 6 13 3
142 143 0 							142 143 0 
378 6 13 3							378 6 13 3
93 143 0 							93 143 0 
379 6 7 2							379 6 7 2
144 0 								144 0 
380 6 13 3							380 6 13 3
143 144 0 							143 144 0 
381 6 13 3							381 6 13 3
94 144 0 							94 144 0 
382 6 7 2							382 6 7 2
145 0 								145 0 
383 6 13 3							383 6 13 3
144 145 0 							144 145 0 
384 6 13 3							384 6 13 3
95 145 0 							95 145 0 
385 6 7 2							385 6 7 2
146 0 								146 0 
386 6 13 3							386 6 13 3
145 146 0 							145 146 0 
387 6 13 3							387 6 13 3
96 146 0 							96 146 0 
388 6 7 2							388 6 7 2
147 0 								147 0 
389 6 13 3							389 6 13 3
146 147 0 							146 147 0 
390 6 13 3							390 6 13 3
97 147 0 							97 147 0 
391 6 7 2							391 6 7 2
148 0 								148 0 
392 6 13 3							392 6 13 3
147 148 0 							147 148 0 
393 6 13 3							393 6 13 3
98 148 0 							98 148 0 
394 6 7 2							394 6 7 2
149 0 								149 0 
395 6 13 3							395 6 13 3
148 149 0 							148 149 0 
396 6 13 3							396 6 13 3
99 149 0 							99 149 0 
397 6 7 2							397 6 7 2
150 0 								150 0 
398 6 13 3							398 6 13 3
149 150 0 							149 150 0 
399 6 13 3							399 6 13 3
100 150 0 							100 150 0 
400 6 7 2							400 6 7 2
151 0 								151 0 
401 6 13 3							401 6 13 3
150 151 0 							150 151 0 
402 6 13 3							402 6 13 3
101 151 0 							101 151 0 
403 6 7 2							403 6 7 2
152 0 								152 0 
404 6 13 3							404 6 13 3
151 152 0 							151 152 0 
405 6 13 3							405 6 13 3
102 152 0 							102 152 0 

cliques								cliques
34							      |	35
61 30 5 11							61 30 5 11
4 0 6								4 0 6
1 6 6								1 6 6
2 12 6								2 12 6
52 18 6								52 18 6
3 24 6								3 24 6
53 30 6								53 30 6
54 36 6								54 36 6
5 42 6								5 42 6
51 48 6								51 48 6
102 54 6							102 54 6
0 60 1								0 60 1
61 30 5 11							61 30 5 11
105 0 6								105 0 6
103 6 6								103 6 6
53 12 6								53 12 6
54 18 6								54 18 6
104 24 6							104 24 6
55 30 6								55 30 6
5 36 6								5 36 6
106 42 6							106 42 6
51 48 6								51 48 6
102 54 6							102 54 6
0 60 1								0 60 1
55 24 4 10							55 24 4 10
6 0 6								6 0 6
55 6 6								55 6 6
5 12 6								5 12 6
56 18 6								56 18 6
106 24 6							106 24 6
57 30 6								57 30 6
7 36 6								7 36 6
51 42 6								51 42 6
102 48 6							102 48 6
0 54 1								0 54 1
61 30 5 11							61 30 5 11
8 0 6								8 0 6
107 6 6								107 6 6
106 12 6							106 12 6
57 18 6								57 18 6
7 24 6								7 24 6
58 30 6								58 30 6
108 36 6							108 36 6
9 42 6								9 42 6
51 48 6								51 48 6
102 54 6							102 54 6
0 60 1								0 60 1
55 24 4 10							55 24 4 10
109 0 6								109 0 6
58 6 6								58 6 6
108 12 6							108 12 6
59 18 6								59 18 6
9 24 6								9 24 6
60 30 6								60 30 6
110 36 6							110 36 6
51 42 6								51 42 6
102 48 6							102 48 6
0 54 1								0 54 1
61 30 5 11							61 30 5 11
111 0 6								111 0 6
10 6 6								10 6 6
9 12 6								9 12 6
60 18 6								60 18 6
110 24 6							110 24 6
61 30 6								61 30 6
11 36 6								11 36 6
112 42 6							112 42 6
51 48 6								51 48 6
102 54 6							102 54 6
0 60 1								0 60 1
55 24 4 10							55 24 4 10
12 0 6								12 0 6
61 6 6								61 6 6
11 12 6								11 12 6
62 18 6								62 18 6
112 24 6							112 24 6
63 30 6								63 30 6
13 36 6								13 36 6
51 42 6								51 42 6
102 48 6							102 48 6
0 54 1								0 54 1
61 30 5 11							61 30 5 11
14 0 6								14 0 6
113 6 6								113 6 6
112 12 6							112 12 6
63 18 6								63 18 6
13 24 6								13 24 6
64 30 6								64 30 6
114 36 6							114 36 6
15 42 6								15 42 6
51 48 6								51 48 6
102 54 6							102 54 6
0 60 1								0 60 1
55 24 4 10							55 24 4 10
115 0 6								115 0 6
64 6 6								64 6 6
114 12 6							114 12 6
65 18 6								65 18 6
15 24 6								15 24 6
66 30 6								66 30 6
116 36 6							116 36 6
51 42 6								51 42 6
102 48 6							102 48 6
0 54 1								0 54 1
61 30 5 11							61 30 5 11
117 0 6								117 0 6
16 6 6								16 6 6
15 12 6								15 12 6
66 18 6								66 18 6
116 24 6							116 24 6
67 30 6								67 30 6
17 36 6								17 36 6
118 42 6							118 42 6
51 48 6								51 48 6
102 54 6							102 54 6
0 60 1								0 60 1
55 24 4 10							55 24 4 10
18 0 6								18 0 6
67 6 6								67 6 6
17 12 6								17 12 6
68 18 6								68 18 6
118 24 6							118 24 6
69 30 6								69 30 6
19 36 6								19 36 6
51 42 6								51 42 6
102 48 6							102 48 6
0 54 1								0 54 1
61 30 5 11							61 30 5 11
20 0 6								20 0 6
119 6 6								119 6 6
118 12 6							118 12 6
69 18 6								69 18 6
19 24 6								19 24 6
70 30 6								70 30 6
120 36 6							120 36 6
21 42 6								21 42 6
51 48 6								51 48 6
102 54 6							102 54 6
0 60 1								0 60 1
55 24 4 10							55 24 4 10
121 0 6								121 0 6
70 6 6								70 6 6
120 12 6							120 12 6
71 18 6								71 18 6
21 24 6								21 24 6
72 30 6								72 30 6
122 36 6							122 36 6
51 42 6								51 42 6
102 48 6							102 48 6
0 54 1								0 54 1
61 30 5 11							61 30 5 11
123 0 6								123 0 6
22 6 6								22 6 6
21 12 6								21 12 6
72 18 6								72 18 6
122 24 6							122 24 6
73 30 6								73 30 6
23 36 6								23 36 6
124 42 6							124 42 6
51 48 6								51 48 6
102 54 6							102 54 6
0 60 1								0 60 1
55 24 4 10							55 24 4 10
24 0 6								24 0 6
73 6 6								73 6 6
23 12 6								23 12 6
74 18 6								74 18 6
124 24 6							124 24 6
75 30 6								75 30 6
25 36 6								25 36 6
51 42 6								51 42 6
102 48 6							102 48 6
0 54 1								0 54 1
61 30 5 11							61 30 5 11
26 0 6								26 0 6
125 6 6								125 6 6
124 12 6							124 12 6
75 18 6								75 18 6
25 24 6								25 24 6
76 30 6								76 30 6
126 36 6							126 36 6
27 42 6								27 42 6
51 48 6								51 48 6
102 54 6							102 54 6
0 60 1								0 60 1
55 24 4 10							55 24 4 10
127 0 6								127 0 6
76 6 6								76 6 6
126 12 6							126 12 6
77 18 6								77 18 6
27 24 6								27 24 6
78 30 6								78 30 6
128 36 6							128 36 6
51 42 6								51 42 6
102 48 6							102 48 6
0 54 1								0 54 1
61 30 5 11							61 30 5 11
129 0 6								129 0 6
28 6 6								28 6 6
27 12 6								27 12 6
78 18 6								78 18 6
128 24 6							128 24 6
79 30 6								79 30 6
29 36 6								29 36 6
130 42 6							130 42 6
51 48 6								51 48 6
102 54 6							102 54 6
0 60 1								0 60 1
55 24 4 10							55 24 4 10
30 0 6								30 0 6
79 6 6								79 6 6
29 12 6								29 12 6
80 18 6								80 18 6
130 24 6							130 24 6
81 30 6								81 30 6
31 36 6								31 36 6
51 42 6								51 42 6
102 48 6							102 48 6
0 54 1								0 54 1
61 30 5 11							61 30 5 11
32 0 6								32 0 6
131 6 6								131 6 6
130 12 6							130 12 6
81 18 6								81 18 6
31 24 6								31 24 6
82 30 6								82 30 6
132 36 6							132 36 6
33 42 6								33 42 6
51 48 6								51 48 6
102 54 6							102 54 6
0 60 1								0 60 1
55 24 4 10							55 24 4 10
133 0 6								133 0 6
82 6 6								82 6 6
132 12 6							132 12 6
83 18 6								83 18 6
33 24 6								33 24 6
84 30 6								84 30 6
134 36 6							134 36 6
51 42 6								51 42 6
102 48 6							102 48 6
0 54 1								0 54 1
61 30 5 11							61 30 5 11
135 0 6								135 0 6
34 6 6								34 6 6
33 12 6								33 12 6
84 18 6								84 18 6
134 24 6							134 24 6
85 30 6								85 30 6
35 36 6								35 36 6
136 42 6							136 42 6
51 48 6								51 48 6
102 54 6							102 54 6
0 60 1								0 60 1
55 24 4 10							55 24 4 10
36 0 6								36 0 6
85 6 6								85 6 6
35 12 6								35 12 6
86 18 6								86 18 6
136 24 6							136 24 6
87 30 6								87 30 6
37 36 6								37 36 6
51 42 6								51 42 6
102 48 6							102 48 6
0 54 1								0 54 1
61 30 5 11							61 30 5 11
38 0 6								38 0 6
137 6 6								137 6 6
136 12 6							136 12 6
87 18 6								87 18 6
37 24 6								37 24 6
88 30 6								88 30 6
138 36 6							138 36 6
39 42 6								39 42 6
51 48 6								51 48 6
102 54 6							102 54 6
0 60 1								0 60 1
55 24 4 10							55 24 4 10
139 0 6								139 0 6
88 6 6								88 6 6
138 12 6							138 12 6
89 18 6								89 18 6
39 24 6								39 24 6
90 30 6								90 30 6
140 36 6							140 36 6
51 42 6								51 42 6
102 48 6							102 48 6
0 54 1								0 54 1
61 30 5 11							61 30 5 11
141 0 6								141 0 6
40 6 6								40 6 6
39 12 6								39 12 6
90 18 6								90 18 6
140 24 6							140 24 6
91 30 6								91 30 6
41 36 6								41 36 6
142 42 6							142 42 6
51 48 6								51 48 6
102 54 6							102 54 6
0 60 1								0 60 1
55 24 4 10							55 24 4 10
42 0 6								42 0 6
91 6 6								91 6 6
41 12 6								41 12 6
92 18 6								92 18 6
142 24 6							142 24 6
93 30 6								93 30 6
43 36 6								43 36 6
51 42 6								51 42 6
102 48 6							102 48 6
0 54 1								0 54 1
61 30 5 11							61 30 5 11
44 0 6								44 0 6
143 6 6								143 6 6
142 12 6							142 12 6
93 18 6								93 18 6
43 24 6								43 24 6
94 30 6								94 30 6
144 36 6							144 36 6
45 42 6								45 42 6
51 48 6								51 48 6
102 54 6							102 54 6
0 60 1								0 60 1
55 24 4 10							55 24 4 10
145 0 6								145 0 6
94 6 6								94 6 6
144 12 6							144 12 6
95 18 6								95 18 6
45 24 6								45 24 6
96 30 6								96 30 6
146 36 6							146 36 6
51 42 6								51 42 6
102 48 6							102 48 6
0 54 1								0 54 1
61 30 5 11							61 30 5 11
147 0 6								147 0 6
46 6 6								46 6 6
45 12 6								45 12 6
96 18 6								96 18 6
146 24 6							146 24 6
97 30 6								97 30 6
47 36 6								47 36 6
148 42 6							148 42 6
51 48 6								51 48 6
102 54 6							102 54 6
0 60 1								0 60 1
55 24 4 10							55 24 4 10
48 0 6								48 0 6
97 6 6								97 6 6
47 12 6								47 12 6
98 18 6								98 18 6
148 24 6							148 24 6
99 30 6								99 30 6
51 36 6								51 36 6
49 42 6								49 42 6
102 48 6							102 48 6
0 54 1								0 54 1
67 54 9 12						      |	55 24 4 10
							      >	149 0 6
							      >	150 6 6
							      >	148 12 6
							      >	99 18 6
							      >	51 24 6
							      >	49 30 6
							      >	100 36 6
							      >	102 42 6
							      >	151 48 6
							      >	0 54 1
							      >	43 30 5 8
50 0 6								50 0 6
149 6 6							      |	101 6 6
150 12 6						      |	51 12 6
101 18 6						      |	49 18 6
148 24 6						      |	100 24 6
99 30 6							      |	102 30 6
51 36 6							      |	151 36 6
49 42 6							      |	0 42 1
100 48 6						      <
102 54 6						      <
151 60 6						      <
0 66 1							      <
19 18 3 4							19 18 3 4
102 0 6								102 0 6
151 6 6								151 6 6
152 12 6							152 12 6
0 18 1								0 18 1
1 1 1 1								1 1 1 1
0 0 1								0 0 1

new keys							new keys
1								1
152								152

relin keys							relin keys
144								144
5								5
6								6
7								7
8								8
9								9
10								10
11								11
12								12
13								13
14								14
15								15
16								16
17								17
18								18
19								19
20								20
21								21
22								22
23								23
24								24
25								25
26								26
27								27
28								28
29								29
30								30
31								31
32								32
33								33
34								34
35								35
36								36
37								37
38								38
39								39
40								40
41								41
42								42
43								43
44								44
45								45
46								46
47								47
48								48
49								49
50								50
51								51
55								55
56								56
57								57
58								58
59								59
60								60
61								61
62								62
63								63
64								64
65								65
66								66
67								67
68								68
69								69
70								70
71								71
72								72
73								73
74								74
75								75
76								76
77								77
78								78
79								79
80								80
81								81
82								82
83								83
84								84
85								85
86								86
87								87
88								88
89								89
90								90
91								91
92								92
93								93
94								94
95								95
96								96
97								97
98								98
99								99
100								100
101								101
102								102
103								103
104								104
105								105
106								106
107								107
108								108
109								109
110								110
111								111
112								112
113								113
114								114
115								115
116								116
117								117
118								118
119								119
120								120
121								121
122								122
123								123
124								124
125								125
126								126
127								127
128								128
129								129
130								130
131								131
132								132
133								133
134								134
135								135
136								136
137								137
138								138
139								139
140								140
141								141
142								142
143								143
144								144
145								145
146								146
147								147
148								148
149								149
150								150
151								151

