cliques
117
node 0	AtA: 14858	cholCost: 3328	addCost: 2200	backsolveCost: 24220
node 1	AtA: 12236	cholCost: 4884	addCost: 3352	backsolveCost: 16233
node 2	AtA: 12236	cholCost: 2688	addCost: 2200	backsolveCost: 16002
node 3	AtA: 12236	cholCost: 2688	addCost: 2200	backsolveCost: 16002
node 4	AtA: 19228	cholCost: 10416	addCost: 4888	backsolveCost: 31323
node 5	AtA: 12236	cholCost: 2688	addCost: 2200	backsolveCost: 16002
node 6	AtA: 13984	cholCost: 6028	addCost: 3352	backsolveCost: 24523
node 7	AtA: 12236	cholCost: 2688	addCost: 2200	backsolveCost: 16002
node 8	AtA: 18354	cholCost: 8413	addCost: 4072	backsolveCost: 24624
node 9	AtA: 18354	cholCost: 8268	addCost: 4072	backsolveCost: 24624
node 10	AtA: 12236	cholCost: 2688	addCost: 2200	backsolveCost: 16002
node 11	AtA: 18354	cholCost: 8268	addCost: 4072	backsolveCost: 24624
node 12	AtA: 12236	cholCost: 0	addCost: 2200	backsolveCost: 16002
node 13	AtA: 13984	cholCost: 6028	addCost: 3352	backsolveCost: 24523
node 14	AtA: 14858	cholCost: 9520	addCost: 4888	backsolveCost: 24826
node 15	AtA: 14858	cholCost: 9653	addCost: 4888	backsolveCost: 24826
node 16	AtA: 18354	cholCost: 8268	addCost: 4072	backsolveCost: 24624
node 17	AtA: 20854	cholCost: 53322	addCost: 4072	backsolveCost: 24624
node 18	AtA: 21728	cholCost: 92924	addCost: 7912	backsolveCost: 31775
node 19	AtA: 20854	cholCost: 53322	addCost: 4072	backsolveCost: 24624
node 20	AtA: 3884	cholCost: 52596	addCost: 9112	backsolveCost: 16926
node 21	AtA: 20854	cholCost: 53322	addCost: 4072	backsolveCost: 24624
node 22	AtA: 18354	cholCost: 8268	addCost: 4072	backsolveCost: 24624
node 23	AtA: 10488	cholCost: 18613	addCost: 10408	backsolveCost: 17003
node 24	AtA: 4230	cholCost: 95920	addCost: 14872	backsolveCost: 26038
node 25	AtA: 14736	cholCost: 31131	addCost: 2200	backsolveCost: 16002
node 26	AtA: 21728	cholCost: 74745	addCost: 4888	backsolveCost: 31323
node 27	AtA: 13862	cholCost: 35998	addCost: 3352	backsolveCost: 16233
node 28	AtA: 21728	cholCost: 85852	addCost: 6808	backsolveCost: 31662
node 29	AtA: 10366	cholCost: 75952	addCost: 9112	backsolveCost: 25432
node 30	AtA: 20854	cholCost: 53322	addCost: 4072	backsolveCost: 24624
node 31	AtA: 20854	cholCost: 53322	addCost: 4072	backsolveCost: 24624
node 32	AtA: 14736	cholCost: 31131	addCost: 2200	backsolveCost: 16002
node 33	AtA: 21728	cholCost: 74745	addCost: 4888	backsolveCost: 31323
node 34	AtA: 13862	cholCost: 75952	addCost: 9112	backsolveCost: 25432
node 35	AtA: 13862	cholCost: 95920	addCost: 14872	backsolveCost: 26038
node 36	AtA: 3884	cholCost: 85044	addCost: 22168	backsolveCost: 17850
node 37	AtA: 4230	cholCost: 149668	addCost: 33448	backsolveCost: 27351
node 38	AtA: 6652	cholCost: 382056	addCost: 28648	backsolveCost: 108410
node 39	AtA: 20854	cholCost: 53322	addCost: 4072	backsolveCost: 24624
node 40	AtA: 14736	cholCost: 31131	addCost: 2200	backsolveCost: 16002
node 41	AtA: 21728	cholCost: 74745	addCost: 4888	backsolveCost: 31323
node 42	AtA: 12988	cholCost: 64452	addCost: 11800	backsolveCost: 17157
node 43	AtA: 20854	cholCost: 57981	addCost: 4888	backsolveCost: 24826
node 44	AtA: 23476	cholCost: 74745	addCost: 4888	backsolveCost: 31323
node 45	AtA: 23476	cholCost: 158184	addCost: 16552	backsolveCost: 44154
node 46	AtA: 21728	cholCost: 74745	addCost: 4888	backsolveCost: 31323
node 47	AtA: 16484	cholCost: 52490	addCost: 3352	backsolveCost: 24523
node 48	AtA: 14736	cholCost: 45108	addCost: 5800	backsolveCost: 16541
node 49	AtA: 12114	cholCost: 68464	addCost: 6808	backsolveCost: 25129
node 50	AtA: 19980	cholCost: 150120	addCost: 11800	backsolveCost: 52131
node 51	AtA: 12988	cholCost: 193378	addCost: 22168	backsolveCost: 44839
node 52	AtA: 4576	cholCost: 163478	addCost: 26392	backsolveCost: 33696
node 53	AtA: 14736	cholCost: 31131	addCost: 2200	backsolveCost: 16002
node 54	AtA: 16484	cholCost: 52490	addCost: 3352	backsolveCost: 24523
node 55	AtA: 21728	cholCost: 85852	addCost: 6808	backsolveCost: 31662
node 56	AtA: 14736	cholCost: 31131	addCost: 2200	backsolveCost: 16002
node 57	AtA: 19106	cholCost: 61808	addCost: 5800	backsolveCost: 24927
node 58	AtA: 14736	cholCost: 31131	addCost: 2200	backsolveCost: 16002
node 59	AtA: 21728	cholCost: 74745	addCost: 4888	backsolveCost: 31323
node 60	AtA: 10366	cholCost: 69296	addCost: 7912	backsolveCost: 25230
node 61	AtA: 10366	cholCost: 89264	addCost: 13288	backsolveCost: 25836
node 62	AtA: 20854	cholCost: 53322	addCost: 4072	backsolveCost: 24624
node 63	AtA: 20854	cholCost: 53322	addCost: 4072	backsolveCost: 24624
node 64	AtA: 12988	cholCost: 58836	addCost: 10408	backsolveCost: 17003
node 65	AtA: 20854	cholCost: 53322	addCost: 4072	backsolveCost: 24624
node 66	AtA: 14736	cholCost: 32379	addCost: 2728	backsolveCost: 16079
node 67	AtA: 20854	cholCost: 74745	addCost: 4888	backsolveCost: 31323
node 68	AtA: 17358	cholCost: 68464	addCost: 6808	backsolveCost: 25129
node 69	AtA: 13862	cholCost: 88432	addCost: 11800	backsolveCost: 25735
node 70	AtA: 3884	cholCost: 78180	addCost: 18328	backsolveCost: 17619
node 71	AtA: 6870	cholCost: 111003	addCost: 33448	backsolveCost: 18389
node 72	AtA: 12988	cholCost: 381048	addCost: 31000	backsolveCost: 96307
node 73	AtA: 18354	cholCost: 8425	addCost: 4072	backsolveCost: 24624
node 74	AtA: 20854	cholCost: 53322	addCost: 4072	backsolveCost: 24624
node 75	AtA: 14736	cholCost: 32379	addCost: 2728	backsolveCost: 16079
node 76	AtA: 18232	cholCost: 57981	addCost: 4888	backsolveCost: 24826
node 77	AtA: 19106	cholCost: 165672	addCost: 18328	backsolveCost: 44428
node 78	AtA: 20854	cholCost: 53322	addCost: 4072	backsolveCost: 24624
node 79	AtA: 21728	cholCost: 92924	addCost: 7912	backsolveCost: 31775
node 80	AtA: 19980	cholCost: 52490	addCost: 3352	backsolveCost: 24523
node 81	AtA: 20854	cholCost: 53322	addCost: 4072	backsolveCost: 24624
node 82	AtA: 14736	cholCost: 31131	addCost: 2200	backsolveCost: 16002
node 83	AtA: 16484	cholCost: 52490	addCost: 3352	backsolveCost: 24523
node 84	AtA: 17358	cholCost: 57981	addCost: 4888	backsolveCost: 24826
node 85	AtA: 16484	cholCost: 126408	addCost: 9112	backsolveCost: 51684
node 86	AtA: 20854	cholCost: 53322	addCost: 4072	backsolveCost: 24624
node 87	AtA: 20854	cholCost: 53322	addCost: 4072	backsolveCost: 24624
node 88	AtA: 12988	cholCost: 58836	addCost: 10408	backsolveCost: 17003
node 89	AtA: 14736	cholCost: 32379	addCost: 2728	backsolveCost: 16079
node 90	AtA: 19980	cholCost: 74745	addCost: 4888	backsolveCost: 31323
node 91	AtA: 12988	cholCost: 40865	addCost: 4888	backsolveCost: 16464
node 92	AtA: 14736	cholCost: 32379	addCost: 2728	backsolveCost: 16079
node 93	AtA: 20854	cholCost: 74745	addCost: 4888	backsolveCost: 31323
node 94	AtA: 18232	cholCost: 52490	addCost: 3352	backsolveCost: 24523
node 95	AtA: 17358	cholCost: 57981	addCost: 4888	backsolveCost: 24826
node 96	AtA: 10366	cholCost: 156936	addCost: 14872	backsolveCost: 44017
node 97	AtA: 4230	cholCost: 108400	addCost: 18328	backsolveCost: 26341
node 98	AtA: 20854	cholCost: 53322	addCost: 4072	backsolveCost: 24624
node 99	AtA: 20854	cholCost: 53322	addCost: 4072	backsolveCost: 24624
node 100	AtA: 20854	cholCost: 53322	addCost: 4072	backsolveCost: 24624
node 101	AtA: 20854	cholCost: 53322	addCost: 4072	backsolveCost: 24624
node 102	AtA: 4230	cholCost: 89264	addCost: 13288	backsolveCost: 25836
node 103	AtA: 11362	cholCost: 19067	addCost: 9112	backsolveCost: 25432
node 104	AtA: 20854	cholCost: 53322	addCost: 4072	backsolveCost: 24624
node 105	AtA: 12236	cholCost: 2688	addCost: 2200	backsolveCost: 16002
node 106	AtA: 12236	cholCost: 2688	addCost: 2200	backsolveCost: 16002
node 107	AtA: 12988	cholCost: 40865	addCost: 4888	backsolveCost: 16464
node 108	AtA: 12988	cholCost: 40865	addCost: 4888	backsolveCost: 16464
node 109	AtA: 13862	cholCost: 75952	addCost: 9112	backsolveCost: 25432
node 110	AtA: 5268	cholCost: 213020	addCost: 26392	backsolveCost: 53919
node 111	AtA: 13862	cholCost: 295990	addCost: 33448	backsolveCost: 68853
node 112	AtA: 6306	cholCost: 382920	addCost: 33448	backsolveCost: 96516
node 113	AtA: 16484	cholCost: 382920	addCost: 33448	backsolveCost: 96516
node 114	AtA: 35712	cholCost: 975564	addCost: 1192	backsolveCost: 799985
node 115	AtA: 6870	cholCost: 16194	addCost: 1000	backsolveCost: 10977
node 116	AtA: -1	cholCost: 0	addCost: -1	backsolveCost: 1561

