cliques
106
node 0	AtA: 14858	cholCost: 3328	addCost: 2200	backsolveCost: 24220
node 1	AtA: 12236	cholCost: 2688	addCost: 2200	backsolveCost: 16002
node 2	AtA: 12236	cholCost: 2688	addCost: 2200	backsolveCost: 16002
node 3	AtA: 19228	cholCost: 10416	addCost: 4888	backsolveCost: 31323
node 4	AtA: 12236	cholCost: 0	addCost: 2200	backsolveCost: 16002
node 5	AtA: 12236	cholCost: 2688	addCost: 2200	backsolveCost: 16002
node 6	AtA: 19228	cholCost: 10416	addCost: 4888	backsolveCost: 31323
node 7	AtA: 14858	cholCost: 13937	addCost: 6808	backsolveCost: 25129
node 8	AtA: 12236	cholCost: 4884	addCost: 3352	backsolveCost: 16233
node 9	AtA: 18354	cholCost: 8268	addCost: 4072	backsolveCost: 24624
node 10	AtA: 9614	cholCost: 7728	addCost: 4888	backsolveCost: 16464
node 11	AtA: 11362	cholCost: 19109	addCost: 9112	backsolveCost: 25432
node 12	AtA: 12236	cholCost: 2688	addCost: 2200	backsolveCost: 16002
node 13	AtA: 12236	cholCost: 2688	addCost: 2200	backsolveCost: 16002
node 14	AtA: 10488	cholCost: 7728	addCost: 4888	backsolveCost: 16464
node 15	AtA: 10488	cholCost: 7728	addCost: 4888	backsolveCost: 16464
node 16	AtA: 12236	cholCost: 2688	addCost: 2200	backsolveCost: 16002
node 17	AtA: 19228	cholCost: 10416	addCost: 4888	backsolveCost: 31323
node 18	AtA: 13984	cholCost: 6028	addCost: 3352	backsolveCost: 24523
node 19	AtA: 18354	cholCost: 8268	addCost: 4072	backsolveCost: 24624
node 20	AtA: 18354	cholCost: 8268	addCost: 4072	backsolveCost: 24624
node 21	AtA: 18354	cholCost: 8401	addCost: 4072	backsolveCost: 24624
node 22	AtA: 18354	cholCost: 8401	addCost: 4072	backsolveCost: 24624
node 23	AtA: 18354	cholCost: 8395	addCost: 4072	backsolveCost: 24624
node 24	AtA: 23476	cholCost: 138888	addCost: 10408	backsolveCost: 51833
node 25	AtA: 19106	cholCost: 52490	addCost: 3352	backsolveCost: 24523
node 26	AtA: 19980	cholCost: 52490	addCost: 3352	backsolveCost: 24523
node 27	AtA: 13862	cholCost: 68464	addCost: 6808	backsolveCost: 25129
node 28	AtA: 12988	cholCost: 45732	addCost: 6808	backsolveCost: 16695
node 29	AtA: 20854	cholCost: 53322	addCost: 4072	backsolveCost: 24624
node 30	AtA: 20854	cholCost: 53322	addCost: 4072	backsolveCost: 24624
node 31	AtA: 12988	cholCost: 58836	addCost: 10408	backsolveCost: 17003
node 32	AtA: 14736	cholCost: 31131	addCost: 2200	backsolveCost: 16002
node 33	AtA: 21728	cholCost: 74745	addCost: 4888	backsolveCost: 31323
node 34	AtA: 20854	cholCost: 53322	addCost: 4072	backsolveCost: 24624
node 35	AtA: 13862	cholCost: 75952	addCost: 9112	backsolveCost: 25432
node 36	AtA: 10366	cholCost: 88432	addCost: 11800	backsolveCost: 25735
node 37	AtA: 11240	cholCost: 133276	addCost: 18328	backsolveCost: 33018
node 38	AtA: 23476	cholCost: 74745	addCost: 4888	backsolveCost: 31323
node 39	AtA: 21728	cholCost: 98956	addCost: 9112	backsolveCost: 32001
node 40	AtA: 14736	cholCost: 31131	addCost: 2200	backsolveCost: 16002
node 41	AtA: 21728	cholCost: 74745	addCost: 4888	backsolveCost: 31323
node 42	AtA: 20854	cholCost: 53322	addCost: 4072	backsolveCost: 24624
node 43	AtA: 13862	cholCost: 75952	addCost: 9112	backsolveCost: 25432
node 44	AtA: 20854	cholCost: 53322	addCost: 4072	backsolveCost: 24624
node 45	AtA: 20976	cholCost: 10543	addCost: 4888	backsolveCost: 31323
node 46	AtA: 14736	cholCost: 32379	addCost: 2728	backsolveCost: 16079
node 47	AtA: 19980	cholCost: 74745	addCost: 4888	backsolveCost: 31323
node 48	AtA: 12988	cholCost: 40865	addCost: 4888	backsolveCost: 16464
node 49	AtA: 14736	cholCost: 31131	addCost: 2200	backsolveCost: 16002
node 50	AtA: 19106	cholCost: 61808	addCost: 5800	backsolveCost: 24927
node 51	AtA: 11240	cholCost: 69296	addCost: 7912	backsolveCost: 25230
node 52	AtA: 3884	cholCost: 66324	addCost: 14872	backsolveCost: 17388
node 53	AtA: 15610	cholCost: 446472	addCost: 31000	backsolveCost: 128542
node 54	AtA: 23476	cholCost: 117672	addCost: 6808	backsolveCost: 51237
node 55	AtA: 12988	cholCost: 45732	addCost: 6808	backsolveCost: 16695
node 56	AtA: 20854	cholCost: 53322	addCost: 4072	backsolveCost: 24624
node 57	AtA: 19106	cholCost: 138216	addCost: 11800	backsolveCost: 43606
node 58	AtA: 3884	cholCost: 66324	addCost: 14872	backsolveCost: 17388
node 59	AtA: 20854	cholCost: 53322	addCost: 4072	backsolveCost: 24624
node 60	AtA: 21728	cholCost: 92924	addCost: 7912	backsolveCost: 31775
node 61	AtA: 14736	cholCost: 32379	addCost: 2728	backsolveCost: 16079
node 62	AtA: 19980	cholCost: 74745	addCost: 4888	backsolveCost: 31323
node 63	AtA: 12988	cholCost: 40865	addCost: 4888	backsolveCost: 16464
node 64	AtA: 20854	cholCost: 53322	addCost: 4072	backsolveCost: 24624
node 65	AtA: 14736	cholCost: 32379	addCost: 2728	backsolveCost: 16079
node 66	AtA: 20854	cholCost: 74745	addCost: 4888	backsolveCost: 31323
node 67	AtA: 7744	cholCost: 75952	addCost: 9112	backsolveCost: 25432
node 68	AtA: 17358	cholCost: 68464	addCost: 6808	backsolveCost: 25129
node 69	AtA: 20854	cholCost: 53322	addCost: 4072	backsolveCost: 24624
node 70	AtA: 13862	cholCost: 88432	addCost: 11800	backsolveCost: 25735
node 71	AtA: 18232	cholCost: 52490	addCost: 3352	backsolveCost: 24523
node 72	AtA: 17358	cholCost: 57981	addCost: 4888	backsolveCost: 24826
node 73	AtA: 14736	cholCost: 32379	addCost: 2728	backsolveCost: 16079
node 74	AtA: 19980	cholCost: 74745	addCost: 4888	backsolveCost: 31323
node 75	AtA: 12988	cholCost: 40865	addCost: 4888	backsolveCost: 16464
node 76	AtA: 13862	cholCost: 75952	addCost: 9112	backsolveCost: 25432
node 77	AtA: 8618	cholCost: 162438	addCost: 24232	backsolveCost: 33470
node 78	AtA: 20854	cholCost: 53322	addCost: 4072	backsolveCost: 24624
node 79	AtA: 14736	cholCost: 32379	addCost: 2728	backsolveCost: 16079
node 80	AtA: 20854	cholCost: 74745	addCost: 4888	backsolveCost: 31323
node 81	AtA: 18232	cholCost: 52490	addCost: 3352	backsolveCost: 24523
node 82	AtA: 16484	cholCost: 57981	addCost: 4888	backsolveCost: 24826
node 83	AtA: 12988	cholCost: 40865	addCost: 4888	backsolveCost: 16464
node 84	AtA: 17358	cholCost: 68464	addCost: 6808	backsolveCost: 25129
node 85	AtA: 18232	cholCost: 182836	addCost: 11800	backsolveCost: 66085
node 86	AtA: 20854	cholCost: 53322	addCost: 4072	backsolveCost: 24624
node 87	AtA: 14736	cholCost: 31131	addCost: 2200	backsolveCost: 16002
node 88	AtA: 16484	cholCost: 52490	addCost: 3352	backsolveCost: 24523
node 89	AtA: 17358	cholCost: 57981	addCost: 4888	backsolveCost: 24826
node 90	AtA: 13862	cholCost: 75952	addCost: 9112	backsolveCost: 25432
node 91	AtA: 20854	cholCost: 53322	addCost: 4072	backsolveCost: 24624
node 92	AtA: 10488	cholCost: 15360	addCost: 9112	backsolveCost: 16926
node 93	AtA: 14736	cholCost: 31131	addCost: 2200	backsolveCost: 16002
node 94	AtA: 21728	cholCost: 74745	addCost: 4888	backsolveCost: 31323
node 95	AtA: 3884	cholCost: 52596	addCost: 9112	backsolveCost: 16926
node 96	AtA: 3884	cholCost: 66324	addCost: 14872	backsolveCost: 17388
node 97	AtA: 3884	cholCost: 85044	addCost: 22168	backsolveCost: 17850
node 98	AtA: 4576	cholCost: 162438	addCost: 24232	backsolveCost: 33470
node 99	AtA: 12988	cholCost: 329754	addCost: 24232	backsolveCost: 95262
node 100	AtA: 12988	cholCost: 329754	addCost: 24232	backsolveCost: 95262
node 101	AtA: 4922	cholCost: 212348	addCost: 28648	backsolveCost: 45387
node 102	AtA: 15610	cholCost: 417268	addCost: 26392	backsolveCost: 127807
node 103	AtA: 29594	cholCost: 695898	addCost: 1192	backsolveCost: 563060
node 104	AtA: 6870	cholCost: 16194	addCost: 1000	backsolveCost: 10977
node 105	AtA: -1	cholCost: 0	addCost: -1	backsolveCost: 1561

