cliques
105
node 0	AtA: 14858	cholCost: 0	addCost: 2200	backsolveCost: 24220
node 1	AtA: 14858	cholCost: 8268	addCost: 4072	backsolveCost: 24624
node 2	AtA: 12236	cholCost: 2688	addCost: 2200	backsolveCost: 16002
node 3	AtA: 11362	cholCost: 7728	addCost: 4888	backsolveCost: 16464
node 4	AtA: 12236	cholCost: 2688	addCost: 2200	backsolveCost: 16002
node 5	AtA: 12236	cholCost: 2688	addCost: 2200	backsolveCost: 16002
node 6	AtA: 14736	cholCost: 32379	addCost: 2728	backsolveCost: 16079
node 7	AtA: 18232	cholCost: 52490	addCost: 3352	backsolveCost: 24523
node 8	AtA: 17358	cholCost: 57981	addCost: 4888	backsolveCost: 24826
node 9	AtA: 13862	cholCost: 68464	addCost: 6808	backsolveCost: 25129
node 10	AtA: 20854	cholCost: 53322	addCost: 4072	backsolveCost: 24624
node 11	AtA: 20854	cholCost: 57981	addCost: 4888	backsolveCost: 24826
node 12	AtA: 21728	cholCost: 65635	addCost: 3352	backsolveCost: 30984
node 13	AtA: 13862	cholCost: 69296	addCost: 7912	backsolveCost: 25230
node 14	AtA: 13862	cholCost: 89264	addCost: 13288	backsolveCost: 25836
node 15	AtA: 20854	cholCost: 53322	addCost: 4072	backsolveCost: 24624
node 16	AtA: 16484	cholCost: 52490	addCost: 3352	backsolveCost: 24523
node 17	AtA: 14736	cholCost: 45108	addCost: 5800	backsolveCost: 16541
node 18	AtA: 9492	cholCost: 98956	addCost: 9112	backsolveCost: 32001
node 19	AtA: 20854	cholCost: 53322	addCost: 4072	backsolveCost: 24624
node 20	AtA: 19228	cholCost: 10555	addCost: 4888	backsolveCost: 31323
node 21	AtA: 23476	cholCost: 74745	addCost: 4888	backsolveCost: 31323
node 22	AtA: 20854	cholCost: 53322	addCost: 4072	backsolveCost: 24624
node 23	AtA: 12988	cholCost: 64452	addCost: 11800	backsolveCost: 17157
node 24	AtA: 4230	cholCost: 101744	addCost: 16552	backsolveCost: 26139
node 25	AtA: 8618	cholCost: 115888	addCost: 22168	backsolveCost: 26644
node 26	AtA: 14736	cholCost: 32379	addCost: 2728	backsolveCost: 16079
node 27	AtA: 18232	cholCost: 57981	addCost: 4888	backsolveCost: 24826
node 28	AtA: 20854	cholCost: 53322	addCost: 4072	backsolveCost: 24624
node 29	AtA: 12988	cholCost: 64452	addCost: 11800	backsolveCost: 17157
node 30	AtA: 18232	cholCost: 52490	addCost: 3352	backsolveCost: 24523
node 31	AtA: 17358	cholCost: 57981	addCost: 4888	backsolveCost: 24826
node 32	AtA: 18232	cholCost: 52490	addCost: 3352	backsolveCost: 24523
node 33	AtA: 17358	cholCost: 57981	addCost: 4888	backsolveCost: 24826
node 34	AtA: 15610	cholCost: 98956	addCost: 9112	backsolveCost: 32001
node 35	AtA: 7744	cholCost: 95920	addCost: 14872	backsolveCost: 26038
node 36	AtA: 20854	cholCost: 53322	addCost: 4072	backsolveCost: 24624
node 37	AtA: 20854	cholCost: 53322	addCost: 4072	backsolveCost: 24624
node 38	AtA: 12988	cholCost: 58836	addCost: 10408	backsolveCost: 17003
node 39	AtA: 14736	cholCost: 32379	addCost: 2728	backsolveCost: 16079
node 40	AtA: 20854	cholCost: 74745	addCost: 4888	backsolveCost: 31323
node 41	AtA: 14736	cholCost: 32379	addCost: 2728	backsolveCost: 16079
node 42	AtA: 20854	cholCost: 74745	addCost: 4888	backsolveCost: 31323
node 43	AtA: 15610	cholCost: 98956	addCost: 9112	backsolveCost: 32001
node 44	AtA: 3884	cholCost: 66324	addCost: 14872	backsolveCost: 17388
node 45	AtA: 14736	cholCost: 31131	addCost: 2200	backsolveCost: 16002
node 46	AtA: 21728	cholCost: 74745	addCost: 4888	backsolveCost: 31323
node 47	AtA: 14736	cholCost: 31131	addCost: 2200	backsolveCost: 16002
node 48	AtA: 16484	cholCost: 52490	addCost: 3352	backsolveCost: 24523
node 49	AtA: 17358	cholCost: 57981	addCost: 4888	backsolveCost: 24826
node 50	AtA: 17358	cholCost: 68464	addCost: 6808	backsolveCost: 25129
node 51	AtA: 9492	cholCost: 64452	addCost: 11800	backsolveCost: 17157
node 52	AtA: 20854	cholCost: 53322	addCost: 4072	backsolveCost: 24624
node 53	AtA: 14736	cholCost: 31131	addCost: 2200	backsolveCost: 16002
node 54	AtA: 16484	cholCost: 52490	addCost: 3352	backsolveCost: 24523
node 55	AtA: 17358	cholCost: 57981	addCost: 4888	backsolveCost: 24826
node 56	AtA: 17358	cholCost: 68464	addCost: 6808	backsolveCost: 25129
node 57	AtA: 13862	cholCost: 88432	addCost: 11800	backsolveCost: 25735
node 58	AtA: 3884	cholCost: 85044	addCost: 22168	backsolveCost: 17850
node 59	AtA: 4576	cholCost: 172547	addCost: 28648	backsolveCost: 33809
node 60	AtA: 11240	cholCost: 245320	addCost: 24232	backsolveCost: 67815
node 61	AtA: 18354	cholCost: 8407	addCost: 4072	backsolveCost: 24624
node 62	AtA: 20854	cholCost: 53322	addCost: 4072	backsolveCost: 24624
node 63	AtA: 22602	cholCost: 149448	addCost: 13288	backsolveCost: 43743
node 64	AtA: 14736	cholCost: 31131	addCost: 2200	backsolveCost: 16002
node 65	AtA: 21728	cholCost: 74745	addCost: 4888	backsolveCost: 31323
node 66	AtA: 20854	cholCost: 53322	addCost: 4072	backsolveCost: 24624
node 67	AtA: 21728	cholCost: 74745	addCost: 4888	backsolveCost: 31323
node 68	AtA: 11240	cholCost: 107068	addCost: 11800	backsolveCost: 32340
node 69	AtA: 11240	cholCost: 153369	addCost: 22168	backsolveCost: 33357
node 70	AtA: 20854	cholCost: 53322	addCost: 4072	backsolveCost: 24624
node 71	AtA: 20854	cholCost: 53322	addCost: 4072	backsolveCost: 24624
node 72	AtA: 18232	cholCost: 52490	addCost: 3352	backsolveCost: 24523
node 73	AtA: 17358	cholCost: 57981	addCost: 4888	backsolveCost: 24826
node 74	AtA: 20854	cholCost: 53322	addCost: 4072	backsolveCost: 24624
node 75	AtA: 14736	cholCost: 32379	addCost: 2728	backsolveCost: 16079
node 76	AtA: 20854	cholCost: 74745	addCost: 4888	backsolveCost: 31323
node 77	AtA: 7744	cholCost: 75952	addCost: 9112	backsolveCost: 25432
node 78	AtA: 3884	cholCost: 66324	addCost: 14872	backsolveCost: 17388
node 79	AtA: 20854	cholCost: 53322	addCost: 4072	backsolveCost: 24624
node 80	AtA: 21728	cholCost: 92924	addCost: 7912	backsolveCost: 31775
node 81	AtA: 18232	cholCost: 52490	addCost: 3352	backsolveCost: 24523
node 82	AtA: 16484	cholCost: 57981	addCost: 4888	backsolveCost: 24826
node 83	AtA: 12988	cholCost: 40865	addCost: 4888	backsolveCost: 16464
node 84	AtA: 14736	cholCost: 32379	addCost: 2728	backsolveCost: 16079
node 85	AtA: 20854	cholCost: 74745	addCost: 4888	backsolveCost: 31323
node 86	AtA: 15610	cholCost: 98956	addCost: 9112	backsolveCost: 32001
node 87	AtA: 9492	cholCost: 78180	addCost: 18328	backsolveCost: 17619
node 88	AtA: 20854	cholCost: 53322	addCost: 4072	backsolveCost: 24624
node 89	AtA: 14736	cholCost: 31131	addCost: 2200	backsolveCost: 16002
node 90	AtA: 16484	cholCost: 52490	addCost: 3352	backsolveCost: 24523
node 91	AtA: 23476	cholCost: 126408	addCost: 9112	backsolveCost: 51684
node 92	AtA: 14736	cholCost: 31131	addCost: 2200	backsolveCost: 16002
node 93	AtA: 21728	cholCost: 74745	addCost: 4888	backsolveCost: 31323
node 94	AtA: 20854	cholCost: 53322	addCost: 4072	backsolveCost: 24624
node 95	AtA: 12988	cholCost: 64452	addCost: 11800	backsolveCost: 17157
node 96	AtA: 4230	cholCost: 95920	addCost: 14872	backsolveCost: 26038
node 97	AtA: 12988	cholCost: 204783	addCost: 24232	backsolveCost: 53621
node 98	AtA: 9492	cholCost: 212348	addCost: 28648	backsolveCost: 45387
node 99	AtA: 5960	cholCost: 313416	addCost: 28648	backsolveCost: 78935
node 100	AtA: 12988	cholCost: 363326	addCost: 28648	backsolveCost: 95889
node 101	AtA: 6998	cholCost: 320671	addCost: 14872	backsolveCost: 125602
node 102	AtA: 28720	cholCost: 382212	addCost: 1192	backsolveCost: 311672
node 103	AtA: 6870	cholCost: 16194	addCost: 1000	backsolveCost: 10977
node 104	AtA: -1	cholCost: 0	addCost: -1	backsolveCost: 1561

