cliques
180
node 0	AtA: 12236	cholCost: 2688	addCost: 2200	backsolveCost: 16002
node 1	AtA: 12236	cholCost: 2688	addCost: 2200	backsolveCost: 16002
node 2	AtA: 10488	cholCost: 7728	addCost: 4888	backsolveCost: 16464
node 3	AtA: 10488	cholCost: 7873	addCost: 4888	backsolveCost: 16464
node 4	AtA: 12236	cholCost: 0	addCost: 2200	backsolveCost: 16002
node 5	AtA: 16606	cholCost: 5040	addCost: 2728	backsolveCost: 24321
node 6	AtA: 10488	cholCost: 9984	addCost: 5800	backsolveCost: 16541
node 7	AtA: 12236	cholCost: 2688	addCost: 2200	backsolveCost: 16002
node 8	AtA: 12236	cholCost: 2688	addCost: 2200	backsolveCost: 16002
node 9	AtA: 18354	cholCost: 8268	addCost: 4072	backsolveCost: 24624
node 10	AtA: 12236	cholCost: 2688	addCost: 2200	backsolveCost: 16002
node 11	AtA: 12236	cholCost: 0	addCost: 2200	backsolveCost: 16002
node 12	AtA: 10488	cholCost: 7728	addCost: 4888	backsolveCost: 16464
node 13	AtA: 10488	cholCost: 7728	addCost: 4888	backsolveCost: 16464
node 14	AtA: 12236	cholCost: 0	addCost: 2200	backsolveCost: 16002
node 15	AtA: 19228	cholCost: 10416	addCost: 4888	backsolveCost: 31323
node 16	AtA: 20976	cholCost: 10555	addCost: 4888	backsolveCost: 31323
node 17	AtA: 9614	cholCost: 7855	addCost: 4888	backsolveCost: 16464
node 18	AtA: 20976	cholCost: 10416	addCost: 4888	backsolveCost: 31323
node 19	AtA: 20976	cholCost: 10416	addCost: 4888	backsolveCost: 31323
node 20	AtA: 13110	cholCost: 25278	addCost: 11800	backsolveCost: 25735
node 21	AtA: 20854	cholCost: 0	addCost: 4072	backsolveCost: 24624
node 22	AtA: 17480	cholCost: 6028	addCost: 3352	backsolveCost: 24523
node 23	AtA: 19228	cholCost: 15096	addCost: 6808	backsolveCost: 31662
node 24	AtA: 6992	cholCost: 20281	addCost: 11800	backsolveCost: 17157
node 25	AtA: 13110	cholCost: 31787	addCost: 11800	backsolveCost: 43606
node 26	AtA: 18354	cholCost: 8268	addCost: 4072	backsolveCost: 24624
node 27	AtA: 20854	cholCost: 53322	addCost: 4072	backsolveCost: 24624
node 28	AtA: 20854	cholCost: 53322	addCost: 4072	backsolveCost: 24624
node 29	AtA: 20854	cholCost: 53322	addCost: 4072	backsolveCost: 24624
node 30	AtA: 20854	cholCost: 53322	addCost: 4072	backsolveCost: 24624
node 31	AtA: 12988	cholCost: 58836	addCost: 10408	backsolveCost: 17003
node 32	AtA: 15610	cholCost: 178901	addCost: 20200	backsolveCost: 44565
node 33	AtA: 20854	cholCost: 53322	addCost: 4072	backsolveCost: 24624
node 34	AtA: 14736	cholCost: 32379	addCost: 2728	backsolveCost: 16079
node 35	AtA: 20854	cholCost: 74745	addCost: 4888	backsolveCost: 31323
node 36	AtA: 20854	cholCost: 53322	addCost: 4072	backsolveCost: 24624
node 37	AtA: 13862	cholCost: 75952	addCost: 9112	backsolveCost: 25432
node 38	AtA: 13862	cholCost: 95920	addCost: 14872	backsolveCost: 26038
node 39	AtA: 20854	cholCost: 53322	addCost: 4072	backsolveCost: 24624
node 40	AtA: 20854	cholCost: 53322	addCost: 4072	backsolveCost: 24624
node 41	AtA: 19106	cholCost: 52490	addCost: 3352	backsolveCost: 24523
node 42	AtA: 14736	cholCost: 31131	addCost: 2200	backsolveCost: 16002
node 43	AtA: 16484	cholCost: 52490	addCost: 3352	backsolveCost: 24523
node 44	AtA: 17358	cholCost: 57981	addCost: 4888	backsolveCost: 24826
node 45	AtA: 13862	cholCost: 75952	addCost: 9112	backsolveCost: 25432
node 46	AtA: 3884	cholCost: 66324	addCost: 14872	backsolveCost: 17388
node 47	AtA: 6870	cholCost: 102142	addCost: 28648	backsolveCost: 18158
node 48	AtA: 20854	cholCost: 53322	addCost: 4072	backsolveCost: 24624
node 49	AtA: 20854	cholCost: 53322	addCost: 4072	backsolveCost: 24624
node 50	AtA: 22602	cholCost: 149448	addCost: 13288	backsolveCost: 43743
node 51	AtA: 12236	cholCost: 2688	addCost: 2200	backsolveCost: 16002
node 52	AtA: 21728	cholCost: 74745	addCost: 4888	backsolveCost: 31323
node 53	AtA: 17358	cholCost: 68464	addCost: 6808	backsolveCost: 25129
node 54	AtA: 20854	cholCost: 53322	addCost: 4072	backsolveCost: 24624
node 55	AtA: 20854	cholCost: 53322	addCost: 4072	backsolveCost: 24624
node 56	AtA: 12988	cholCost: 58836	addCost: 10408	backsolveCost: 17003
node 57	AtA: 10366	cholCost: 95920	addCost: 14872	backsolveCost: 26038
node 58	AtA: 20854	cholCost: 53322	addCost: 4072	backsolveCost: 24624
node 59	AtA: 20854	cholCost: 53322	addCost: 4072	backsolveCost: 24624
node 60	AtA: 12988	cholCost: 58836	addCost: 10408	backsolveCost: 17003
node 61	AtA: 18354	cholCost: 8413	addCost: 4072	backsolveCost: 24624
node 62	AtA: 21728	cholCost: 74745	addCost: 4888	backsolveCost: 31323
node 63	AtA: 12988	cholCost: 45108	addCost: 5800	backsolveCost: 16541
node 64	AtA: 16484	cholCost: 157608	addCost: 13288	backsolveCost: 52280
node 65	AtA: 3884	cholCost: 84420	addCost: 20200	backsolveCost: 17696
node 66	AtA: 4576	cholCost: 172547	addCost: 28648	backsolveCost: 33809
node 67	AtA: 4230	cholCost: 159153	addCost: 38632	backsolveCost: 27654
node 68	AtA: 20854	cholCost: 53322	addCost: 4072	backsolveCost: 24624
node 69	AtA: 20854	cholCost: 53322	addCost: 4072	backsolveCost: 24624
node 70	AtA: 20854	cholCost: 53322	addCost: 4072	backsolveCost: 24624
node 71	AtA: 23476	cholCost: 138888	addCost: 10408	backsolveCost: 51833
node 72	AtA: 3884	cholCost: 78180	addCost: 18328	backsolveCost: 17619
node 73	AtA: 20854	cholCost: 53322	addCost: 4072	backsolveCost: 24624
node 74	AtA: 21728	cholCost: 92924	addCost: 7912	backsolveCost: 31775
node 75	AtA: 20854	cholCost: 53322	addCost: 4072	backsolveCost: 24624
node 76	AtA: 14736	cholCost: 32379	addCost: 2728	backsolveCost: 16079
node 77	AtA: 19980	cholCost: 74745	addCost: 4888	backsolveCost: 31323
node 78	AtA: 12988	cholCost: 40865	addCost: 4888	backsolveCost: 16464
node 79	AtA: 13862	cholCost: 75952	addCost: 9112	backsolveCost: 25432
node 80	AtA: 9492	cholCost: 78180	addCost: 18328	backsolveCost: 17619
node 81	AtA: 20854	cholCost: 53322	addCost: 4072	backsolveCost: 24624
node 82	AtA: 20854	cholCost: 53322	addCost: 4072	backsolveCost: 24624
node 83	AtA: 23476	cholCost: 74745	addCost: 4888	backsolveCost: 31323
node 84	AtA: 14736	cholCost: 32379	addCost: 2728	backsolveCost: 16079
node 85	AtA: 20854	cholCost: 74745	addCost: 4888	backsolveCost: 31323
node 86	AtA: 14736	cholCost: 31131	addCost: 2200	backsolveCost: 16002
node 87	AtA: 13862	cholCost: 40241	addCost: 4072	backsolveCost: 16310
node 88	AtA: 13862	cholCost: 40865	addCost: 4888	backsolveCost: 16464
node 89	AtA: 14736	cholCost: 32379	addCost: 2728	backsolveCost: 16079
node 90	AtA: 23476	cholCost: 100277	addCost: 5800	backsolveCost: 42510
node 91	AtA: 12114	cholCost: 69296	addCost: 7912	backsolveCost: 25230
node 92	AtA: 10366	cholCost: 119132	addCost: 13288	backsolveCost: 32453
node 93	AtA: 3884	cholCost: 84420	addCost: 20200	backsolveCost: 17696
node 94	AtA: 8618	cholCost: 196634	addCost: 33448	backsolveCost: 34148
node 95	AtA: 10366	cholCost: 265514	addCost: 44200	backsolveCost: 46620
node 96	AtA: 20854	cholCost: 53322	addCost: 4072	backsolveCost: 24624
node 97	AtA: 12988	cholCost: 58836	addCost: 10408	backsolveCost: 17003
node 98	AtA: 3884	cholCost: 78180	addCost: 18328	backsolveCost: 17619
node 99	AtA: 20854	cholCost: 53322	addCost: 4072	backsolveCost: 24624
node 100	AtA: 20854	cholCost: 53322	addCost: 4072	backsolveCost: 24624
node 101	AtA: 14736	cholCost: 31131	addCost: 2200	backsolveCost: 16002
node 102	AtA: 21728	cholCost: 74745	addCost: 4888	backsolveCost: 31323
node 103	AtA: 19980	cholCost: 52490	addCost: 3352	backsolveCost: 24523
node 104	AtA: 13862	cholCost: 75952	addCost: 9112	backsolveCost: 25432
node 105	AtA: 3884	cholCost: 66324	addCost: 14872	backsolveCost: 17388
node 106	AtA: 4576	cholCost: 163478	addCost: 26392	backsolveCost: 33696
node 107	AtA: 20854	cholCost: 53322	addCost: 4072	backsolveCost: 24624
node 108	AtA: 20854	cholCost: 53322	addCost: 4072	backsolveCost: 24624
node 109	AtA: 20854	cholCost: 53322	addCost: 4072	backsolveCost: 24624
node 110	AtA: 14736	cholCost: 119132	addCost: 13288	backsolveCost: 32453
node 111	AtA: 20854	cholCost: 53322	addCost: 4072	backsolveCost: 24624
node 112	AtA: 20854	cholCost: 53322	addCost: 4072	backsolveCost: 24624
node 113	AtA: 20854	cholCost: 57981	addCost: 4888	backsolveCost: 24826
node 114	AtA: 20854	cholCost: 57981	addCost: 4888	backsolveCost: 24826
node 115	AtA: 14736	cholCost: 81776	addCost: 10408	backsolveCost: 25533
node 116	AtA: 8618	cholCost: 108400	addCost: 18328	backsolveCost: 26341
node 117	AtA: 3884	cholCost: 93905	addCost: 26392	backsolveCost: 18081
node 118	AtA: 15610	cholCost: 466174	addCost: 56488	backsolveCost: 81710
node 119	AtA: 5614	cholCost: 448996	addCost: 70312	backsolveCost: 71967
node 120	AtA: 14736	cholCost: 730852	addCost: 77800	backsolveCost: 133932
node 121	AtA: 20854	cholCost: 53322	addCost: 4072	backsolveCost: 24624
node 122	AtA: 20854	cholCost: 53322	addCost: 4072	backsolveCost: 24624
node 123	AtA: 21728	cholCost: 92924	addCost: 7912	backsolveCost: 31775
node 124	AtA: 21728	cholCost: 74745	addCost: 4888	backsolveCost: 31323
node 125	AtA: 19106	cholCost: 126408	addCost: 9112	backsolveCost: 51684
node 126	AtA: 17358	cholCost: 220526	addCost: 18328	backsolveCost: 67123
node 127	AtA: 20854	cholCost: 53322	addCost: 4072	backsolveCost: 24624
node 128	AtA: 20854	cholCost: 53322	addCost: 4072	backsolveCost: 24624
node 129	AtA: 23476	cholCost: 138888	addCost: 10408	backsolveCost: 51833
node 130	AtA: 20854	cholCost: 53322	addCost: 4072	backsolveCost: 24624
node 131	AtA: 20854	cholCost: 53322	addCost: 4072	backsolveCost: 24624
node 132	AtA: 20854	cholCost: 53322	addCost: 4072	backsolveCost: 24624
node 133	AtA: 12988	cholCost: 58836	addCost: 10408	backsolveCost: 17003
node 134	AtA: 13862	cholCost: 101744	addCost: 16552	backsolveCost: 26139
node 135	AtA: 12988	cholCost: 345311	addCost: 59800	backsolveCost: 56601
node 136	AtA: 20854	cholCost: 53322	addCost: 4072	backsolveCost: 24624
node 137	AtA: 20854	cholCost: 53322	addCost: 4072	backsolveCost: 24624
node 138	AtA: 12988	cholCost: 58836	addCost: 10408	backsolveCost: 17003
node 139	AtA: 20854	cholCost: 53322	addCost: 4072	backsolveCost: 24624
node 140	AtA: 20854	cholCost: 53322	addCost: 4072	backsolveCost: 24624
node 141	AtA: 12988	cholCost: 58836	addCost: 10408	backsolveCost: 17003
node 142	AtA: 20854	cholCost: 53322	addCost: 4072	backsolveCost: 24624
node 143	AtA: 20854	cholCost: 53322	addCost: 4072	backsolveCost: 24624
node 144	AtA: 12988	cholCost: 58836	addCost: 10408	backsolveCost: 17003
node 145	AtA: 20854	cholCost: 53322	addCost: 4072	backsolveCost: 24624
node 146	AtA: 20854	cholCost: 53322	addCost: 4072	backsolveCost: 24624
node 147	AtA: 23476	cholCost: 138888	addCost: 10408	backsolveCost: 51833
node 148	AtA: 10366	cholCost: 109232	addCost: 20200	backsolveCost: 26442
node 149	AtA: 5268	cholCost: 264938	addCost: 38632	backsolveCost: 54962
node 150	AtA: 20854	cholCost: 53322	addCost: 4072	backsolveCost: 24624
node 151	AtA: 20854	cholCost: 53322	addCost: 4072	backsolveCost: 24624
node 152	AtA: 20854	cholCost: 53322	addCost: 4072	backsolveCost: 24624
node 153	AtA: 14736	cholCost: 119132	addCost: 13288	backsolveCost: 32453
node 154	AtA: 20854	cholCost: 53322	addCost: 4072	backsolveCost: 24624
node 155	AtA: 14736	cholCost: 31131	addCost: 2200	backsolveCost: 16002
node 156	AtA: 21728	cholCost: 74745	addCost: 4888	backsolveCost: 31323
node 157	AtA: 14736	cholCost: 31131	addCost: 2200	backsolveCost: 16002
node 158	AtA: 21728	cholCost: 74745	addCost: 4888	backsolveCost: 31323
node 159	AtA: 14736	cholCost: 98956	addCost: 9112	backsolveCost: 32001
node 160	AtA: 13862	cholCost: 95920	addCost: 14872	backsolveCost: 26038
node 161	AtA: 20854	cholCost: 53322	addCost: 4072	backsolveCost: 24624
node 162	AtA: 20854	cholCost: 53322	addCost: 4072	backsolveCost: 24624
node 163	AtA: 20854	cholCost: 53322	addCost: 4072	backsolveCost: 24624
node 164	AtA: 14736	cholCost: 31131	addCost: 2200	backsolveCost: 16002
node 165	AtA: 21728	cholCost: 74745	addCost: 4888	backsolveCost: 31323
node 166	AtA: 14736	cholCost: 31131	addCost: 2200	backsolveCost: 16002
node 167	AtA: 21728	cholCost: 74745	addCost: 4888	backsolveCost: 31323
node 168	AtA: 9492	cholCost: 52596	addCost: 9112	backsolveCost: 16926
node 169	AtA: 14736	cholCost: 107068	addCost: 11800	backsolveCost: 32340
node 170	AtA: 11240	cholCost: 133276	addCost: 18328	backsolveCost: 33018
node 171	AtA: 12988	cholCost: 213020	addCost: 26392	backsolveCost: 53919
node 172	AtA: 4230	cholCost: 158321	addCost: 35992	backsolveCost: 27553
node 173	AtA: 5614	cholCost: 416216	addCost: 59800	backsolveCost: 71275
node 174	AtA: 7344	cholCost: 828938	addCost: 77800	backsolveCost: 148661
node 175	AtA: 9420	cholCost: 1299950	addCost: 77800	backsolveCost: 281150
node 176	AtA: 19106	cholCost: 854741	addCost: 44200	backsolveCost: 227444
node 177	AtA: 39208	cholCost: 1047676	addCost: 1192	backsolveCost: 851091
node 178	AtA: 6870	cholCost: 16194	addCost: 1000	backsolveCost: 10977
node 179	AtA: -1	cholCost: 0	addCost: -1	backsolveCost: 1561

