cliques
63
node 0	AtA: 12236	cholCost: 2688	addCost: 2200	backsolveCost: 16002
node 1	AtA: 13984	cholCost: 6028	addCost: 3352	backsolveCost: 24523
node 2	AtA: 12236	cholCost: 2688	addCost: 2200	backsolveCost: 16002
node 3	AtA: 12236	cholCost: 2688	addCost: 2200	backsolveCost: 16002
node 4	AtA: 12236	cholCost: 2688	addCost: 2200	backsolveCost: 16002
node 5	AtA: 20102	cholCost: 17680	addCost: 6808	backsolveCost: 42784
node 6	AtA: 13862	cholCost: 40241	addCost: 4072	backsolveCost: 16310
node 7	AtA: 13862	cholCost: 40865	addCost: 4888	backsolveCost: 16464
node 8	AtA: 14736	cholCost: 31131	addCost: 2200	backsolveCost: 16002
node 9	AtA: 21728	cholCost: 74745	addCost: 4888	backsolveCost: 31323
node 10	AtA: 14736	cholCost: 31131	addCost: 2200	backsolveCost: 16002
node 11	AtA: 16484	cholCost: 52490	addCost: 3352	backsolveCost: 24523
node 12	AtA: 13862	cholCost: 69296	addCost: 7912	backsolveCost: 25230
node 13	AtA: 14736	cholCost: 31131	addCost: 2200	backsolveCost: 16002
node 14	AtA: 21728	cholCost: 74745	addCost: 4888	backsolveCost: 31323
node 15	AtA: 12114	cholCost: 40865	addCost: 4888	backsolveCost: 16464
node 16	AtA: 16484	cholCost: 52490	addCost: 3352	backsolveCost: 24523
node 17	AtA: 14736	cholCost: 31131	addCost: 2200	backsolveCost: 16002
node 18	AtA: 21728	cholCost: 74745	addCost: 4888	backsolveCost: 31323
node 19	AtA: 14736	cholCost: 31131	addCost: 2200	backsolveCost: 16002
node 20	AtA: 14736	cholCost: 31131	addCost: 2200	backsolveCost: 16002
node 21	AtA: 21728	cholCost: 74745	addCost: 4888	backsolveCost: 31323
node 22	AtA: 13862	cholCost: 68464	addCost: 6808	backsolveCost: 25129
node 23	AtA: 3884	cholCost: 51972	addCost: 7912	backsolveCost: 16772
node 24	AtA: 14736	cholCost: 31131	addCost: 2200	backsolveCost: 16002
node 25	AtA: 21728	cholCost: 74745	addCost: 4888	backsolveCost: 31323
node 26	AtA: 14736	cholCost: 31131	addCost: 2200	backsolveCost: 16002
node 27	AtA: 14736	cholCost: 31131	addCost: 2200	backsolveCost: 16002
node 28	AtA: 21728	cholCost: 74745	addCost: 4888	backsolveCost: 31323
node 29	AtA: 14736	cholCost: 31131	addCost: 2200	backsolveCost: 16002
node 30	AtA: 14736	cholCost: 31131	addCost: 2200	backsolveCost: 16002
node 31	AtA: 12988	cholCost: 40865	addCost: 4888	backsolveCost: 16464
node 32	AtA: 12988	cholCost: 40865	addCost: 4888	backsolveCost: 16464
node 33	AtA: 14736	cholCost: 31131	addCost: 2200	backsolveCost: 16002
node 34	AtA: 16484	cholCost: 52490	addCost: 3352	backsolveCost: 24523
node 35	AtA: 17358	cholCost: 57981	addCost: 4888	backsolveCost: 24826
node 36	AtA: 14736	cholCost: 31131	addCost: 2200	backsolveCost: 16002
node 37	AtA: 16484	cholCost: 52490	addCost: 3352	backsolveCost: 24523
node 38	AtA: 14736	cholCost: 31131	addCost: 2200	backsolveCost: 16002
node 39	AtA: 16484	cholCost: 52490	addCost: 3352	backsolveCost: 24523
node 40	AtA: 14736	cholCost: 31131	addCost: 2200	backsolveCost: 16002
node 41	AtA: 14736	cholCost: 31131	addCost: 2200	backsolveCost: 16002
node 42	AtA: 21728	cholCost: 74745	addCost: 4888	backsolveCost: 31323
node 43	AtA: 13862	cholCost: 68464	addCost: 6808	backsolveCost: 25129
node 44	AtA: 14736	cholCost: 92924	addCost: 7912	backsolveCost: 31775
node 45	AtA: 15610	cholCost: 117000	addCost: 7912	backsolveCost: 42921
node 46	AtA: 12988	cholCost: 51972	addCost: 7912	backsolveCost: 16772
node 47	AtA: 11240	cholCost: 92924	addCost: 7912	backsolveCost: 31775
node 48	AtA: 3884	cholCost: 51972	addCost: 7912	backsolveCost: 16772
node 49	AtA: 3884	cholCost: 51972	addCost: 7912	backsolveCost: 16772
node 50	AtA: 14736	cholCost: 92924	addCost: 7912	backsolveCost: 31775
node 51	AtA: 3884	cholCost: 51972	addCost: 7912	backsolveCost: 16772
node 52	AtA: 4576	cholCost: 92924	addCost: 7912	backsolveCost: 31775
node 53	AtA: 12988	cholCost: 51972	addCost: 7912	backsolveCost: 16772
node 54	AtA: 11240	cholCost: 92924	addCost: 7912	backsolveCost: 31775
node 55	AtA: 4922	cholCost: 117000	addCost: 7912	backsolveCost: 42921
node 56	AtA: 12988	cholCost: 51972	addCost: 7912	backsolveCost: 16772
node 57	AtA: 12988	cholCost: 125160	addCost: 7912	backsolveCost: 51386
node 58	AtA: 10366	cholCost: 85852	addCost: 6808	backsolveCost: 31662
node 59	AtA: 14736	cholCost: 65635	addCost: 3352	backsolveCost: 30984
node 60	AtA: 28720	cholCost: 122596	addCost: 1192	backsolveCost: 101117
node 61	AtA: 6870	cholCost: 16194	addCost: 1000	backsolveCost: 10977
node 62	AtA: -1	cholCost: 0	addCost: -1	backsolveCost: 1561

