cliques
167
node 0	AtA: 12236	cholCost: 2688	addCost: 2200	backsolveCost: 16002
node 1	AtA: 18354	cholCost: 5520	addCost: 2728	backsolveCost: 30758
node 2	AtA: 9614	cholCost: 7728	addCost: 4888	backsolveCost: 16464
node 3	AtA: 12236	cholCost: 0	addCost: 2200	backsolveCost: 16002
node 4	AtA: 12236	cholCost: 2688	addCost: 2200	backsolveCost: 16002
node 5	AtA: 12236	cholCost: 0	addCost: 2200	backsolveCost: 16002
node 6	AtA: 12236	cholCost: 0	addCost: 2200	backsolveCost: 16002
node 7	AtA: 13984	cholCost: 6028	addCost: 3352	backsolveCost: 24523
node 8	AtA: 12236	cholCost: 2688	addCost: 2200	backsolveCost: 16002
node 9	AtA: 13984	cholCost: 6028	addCost: 3352	backsolveCost: 24523
node 10	AtA: 14858	cholCost: 9520	addCost: 4888	backsolveCost: 24826
node 11	AtA: 14858	cholCost: 13804	addCost: 6808	backsolveCost: 25129
node 12	AtA: 12236	cholCost: 18643	addCost: 10408	backsolveCost: 17003
node 13	AtA: 17480	cholCost: 6028	addCost: 3352	backsolveCost: 24523
node 14	AtA: 20854	cholCost: 53322	addCost: 4072	backsolveCost: 24624
node 15	AtA: 13984	cholCost: 6028	addCost: 3352	backsolveCost: 24523
node 16	AtA: 12988	cholCost: 52596	addCost: 9112	backsolveCost: 16926
node 17	AtA: 20854	cholCost: 53322	addCost: 4072	backsolveCost: 24624
node 18	AtA: 14736	cholCost: 31131	addCost: 2200	backsolveCost: 16002
node 19	AtA: 21728	cholCost: 74745	addCost: 4888	backsolveCost: 31323
node 20	AtA: 11240	cholCost: 98956	addCost: 9112	backsolveCost: 32001
node 21	AtA: 3884	cholCost: 66324	addCost: 14872	backsolveCost: 17388
node 22	AtA: 20854	cholCost: 53322	addCost: 4072	backsolveCost: 24624
node 23	AtA: 20854	cholCost: 53322	addCost: 4072	backsolveCost: 24624
node 24	AtA: 12988	cholCost: 58836	addCost: 10408	backsolveCost: 17003
node 25	AtA: 20854	cholCost: 53322	addCost: 4072	backsolveCost: 24624
node 26	AtA: 20854	cholCost: 53322	addCost: 4072	backsolveCost: 24624
node 27	AtA: 22602	cholCost: 149448	addCost: 13288	backsolveCost: 43743
node 28	AtA: 11240	cholCost: 140348	addCost: 20200	backsolveCost: 33131
node 29	AtA: 11240	cholCost: 197674	addCost: 35992	backsolveCost: 34374
node 30	AtA: 20854	cholCost: 53322	addCost: 4072	backsolveCost: 24624
node 31	AtA: 20854	cholCost: 53322	addCost: 4072	backsolveCost: 24624
node 32	AtA: 12988	cholCost: 58836	addCost: 10408	backsolveCost: 17003
node 33	AtA: 20854	cholCost: 53322	addCost: 4072	backsolveCost: 24624
node 34	AtA: 20854	cholCost: 53322	addCost: 4072	backsolveCost: 24624
node 35	AtA: 22602	cholCost: 149448	addCost: 13288	backsolveCost: 43743
node 36	AtA: 3884	cholCost: 84420	addCost: 20200	backsolveCost: 17696
node 37	AtA: 19980	cholCost: 52490	addCost: 3352	backsolveCost: 24523
node 38	AtA: 21728	cholCost: 65635	addCost: 3352	backsolveCost: 30984
node 39	AtA: 22602	cholCost: 125736	addCost: 10408	backsolveCost: 43332
node 40	AtA: 20854	cholCost: 53322	addCost: 4072	backsolveCost: 24624
node 41	AtA: 20854	cholCost: 53322	addCost: 4072	backsolveCost: 24624
node 42	AtA: 20854	cholCost: 53322	addCost: 4072	backsolveCost: 24624
node 43	AtA: 14736	cholCost: 119132	addCost: 13288	backsolveCost: 32453
node 44	AtA: 3884	cholCost: 84420	addCost: 20200	backsolveCost: 17696
node 45	AtA: 20854	cholCost: 53322	addCost: 4072	backsolveCost: 24624
node 46	AtA: 20854	cholCost: 53322	addCost: 4072	backsolveCost: 24624
node 47	AtA: 12988	cholCost: 58836	addCost: 10408	backsolveCost: 17003
node 48	AtA: 20854	cholCost: 53322	addCost: 4072	backsolveCost: 24624
node 49	AtA: 14736	cholCost: 32379	addCost: 2728	backsolveCost: 16079
node 50	AtA: 19980	cholCost: 74745	addCost: 4888	backsolveCost: 31323
node 51	AtA: 12988	cholCost: 40865	addCost: 4888	backsolveCost: 16464
node 52	AtA: 20854	cholCost: 53322	addCost: 4072	backsolveCost: 24624
node 53	AtA: 20854	cholCost: 53322	addCost: 4072	backsolveCost: 24624
node 54	AtA: 12988	cholCost: 58836	addCost: 10408	backsolveCost: 17003
node 55	AtA: 14736	cholCost: 32379	addCost: 2728	backsolveCost: 16079
node 56	AtA: 20854	cholCost: 74745	addCost: 4888	backsolveCost: 31323
node 57	AtA: 20854	cholCost: 53322	addCost: 4072	backsolveCost: 24624
node 58	AtA: 14736	cholCost: 32379	addCost: 2728	backsolveCost: 16079
node 59	AtA: 20854	cholCost: 74745	addCost: 4888	backsolveCost: 31323
node 60	AtA: 7744	cholCost: 75952	addCost: 9112	backsolveCost: 25432
node 61	AtA: 10366	cholCost: 108400	addCost: 18328	backsolveCost: 26341
node 62	AtA: 12988	cholCost: 347476	addCost: 26392	backsolveCost: 95680
node 63	AtA: 8618	cholCost: 223841	addCost: 44200	backsolveCost: 34826
node 64	AtA: 5268	cholCost: 313362	addCost: 50152	backsolveCost: 55856
node 65	AtA: 23476	cholCost: 74745	addCost: 4888	backsolveCost: 31323
node 66	AtA: 21728	cholCost: 98956	addCost: 9112	backsolveCost: 32001
node 67	AtA: 20854	cholCost: 53322	addCost: 4072	backsolveCost: 24624
node 68	AtA: 20854	cholCost: 53322	addCost: 4072	backsolveCost: 24624
node 69	AtA: 12988	cholCost: 58836	addCost: 10408	backsolveCost: 17003
node 70	AtA: 20854	cholCost: 53322	addCost: 4072	backsolveCost: 24624
node 71	AtA: 20854	cholCost: 53322	addCost: 4072	backsolveCost: 24624
node 72	AtA: 23476	cholCost: 74745	addCost: 4888	backsolveCost: 31323
node 73	AtA: 10366	cholCost: 51972	addCost: 7912	backsolveCost: 16772
node 74	AtA: 11240	cholCost: 119132	addCost: 13288	backsolveCost: 32453
node 75	AtA: 12114	cholCost: 153369	addCost: 22168	backsolveCost: 33357
node 76	AtA: 11240	cholCost: 295990	addCost: 33448	backsolveCost: 68853
node 77	AtA: 20854	cholCost: 53322	addCost: 4072	backsolveCost: 24624
node 78	AtA: 20854	cholCost: 53322	addCost: 4072	backsolveCost: 24624
node 79	AtA: 21728	cholCost: 92924	addCost: 7912	backsolveCost: 31775
node 80	AtA: 19106	cholCost: 149448	addCost: 13288	backsolveCost: 43743
node 81	AtA: 20854	cholCost: 53322	addCost: 4072	backsolveCost: 24624
node 82	AtA: 20854	cholCost: 53322	addCost: 4072	backsolveCost: 24624
node 83	AtA: 20854	cholCost: 53322	addCost: 4072	backsolveCost: 24624
node 84	AtA: 14736	cholCost: 31131	addCost: 2200	backsolveCost: 16002
node 85	AtA: 21728	cholCost: 74745	addCost: 4888	backsolveCost: 31323
node 86	AtA: 20854	cholCost: 53322	addCost: 4072	backsolveCost: 24624
node 87	AtA: 14736	cholCost: 31131	addCost: 2200	backsolveCost: 16002
node 88	AtA: 16484	cholCost: 52490	addCost: 3352	backsolveCost: 24523
node 89	AtA: 23476	cholCost: 126408	addCost: 9112	backsolveCost: 51684
node 90	AtA: 4230	cholCost: 95920	addCost: 14872	backsolveCost: 26038
node 91	AtA: 3884	cholCost: 85044	addCost: 22168	backsolveCost: 17850
node 92	AtA: 4230	cholCost: 141847	addCost: 31000	backsolveCost: 27250
node 93	AtA: 20854	cholCost: 53322	addCost: 4072	backsolveCost: 24624
node 94	AtA: 20854	cholCost: 53322	addCost: 4072	backsolveCost: 24624
node 95	AtA: 12988	cholCost: 58836	addCost: 10408	backsolveCost: 17003
node 96	AtA: 20854	cholCost: 53322	addCost: 4072	backsolveCost: 24624
node 97	AtA: 20854	cholCost: 53322	addCost: 4072	backsolveCost: 24624
node 98	AtA: 23476	cholCost: 138888	addCost: 10408	backsolveCost: 51833
node 99	AtA: 13862	cholCost: 133194	addCost: 28648	backsolveCost: 27048
node 100	AtA: 21728	cholCost: 74745	addCost: 4888	backsolveCost: 31323
node 101	AtA: 21728	cholCost: 74745	addCost: 4888	backsolveCost: 31323
node 102	AtA: 14736	cholCost: 98956	addCost: 9112	backsolveCost: 32001
node 103	AtA: 20854	cholCost: 53322	addCost: 4072	backsolveCost: 24624
node 104	AtA: 20854	cholCost: 53322	addCost: 4072	backsolveCost: 24624
node 105	AtA: 20854	cholCost: 53322	addCost: 4072	backsolveCost: 24624
node 106	AtA: 23476	cholCost: 138888	addCost: 10408	backsolveCost: 51833
node 107	AtA: 13862	cholCost: 101744	addCost: 16552	backsolveCost: 26139
node 108	AtA: 3884	cholCost: 85044	addCost: 22168	backsolveCost: 17850
node 109	AtA: 4922	cholCost: 264266	addCost: 41368	backsolveCost: 46483
node 110	AtA: 5268	cholCost: 365778	addCost: 63208	backsolveCost: 56750
node 111	AtA: 6306	cholCost: 619044	addCost: 74008	backsolveCost: 100696
node 112	AtA: 23476	cholCost: 74745	addCost: 4888	backsolveCost: 31323
node 113	AtA: 14736	cholCost: 31131	addCost: 2200	backsolveCost: 16002
node 114	AtA: 21728	cholCost: 74745	addCost: 4888	backsolveCost: 31323
node 115	AtA: 14736	cholCost: 51972	addCost: 7912	backsolveCost: 16772
node 116	AtA: 23476	cholCost: 74745	addCost: 4888	backsolveCost: 31323
node 117	AtA: 14736	cholCost: 31131	addCost: 2200	backsolveCost: 16002
node 118	AtA: 14736	cholCost: 32379	addCost: 2728	backsolveCost: 16079
node 119	AtA: 15610	cholCost: 61808	addCost: 5800	backsolveCost: 24927
node 120	AtA: 12988	cholCost: 45108	addCost: 5800	backsolveCost: 16541
node 121	AtA: 14736	cholCost: 157608	addCost: 13288	backsolveCost: 52280
node 122	AtA: 15610	cholCost: 133276	addCost: 18328	backsolveCost: 33018
node 123	AtA: 23476	cholCost: 74745	addCost: 4888	backsolveCost: 31323
node 124	AtA: 23476	cholCost: 74745	addCost: 4888	backsolveCost: 31323
node 125	AtA: 15610	cholCost: 88432	addCost: 11800	backsolveCost: 25735
node 126	AtA: 20854	cholCost: 53322	addCost: 4072	backsolveCost: 24624
node 127	AtA: 20854	cholCost: 53322	addCost: 4072	backsolveCost: 24624
node 128	AtA: 23476	cholCost: 138888	addCost: 10408	backsolveCost: 51833
node 129	AtA: 14736	cholCost: 31131	addCost: 2200	backsolveCost: 16002
node 130	AtA: 21728	cholCost: 74745	addCost: 4888	backsolveCost: 31323
node 131	AtA: 14736	cholCost: 31131	addCost: 2200	backsolveCost: 16002
node 132	AtA: 21728	cholCost: 74745	addCost: 4888	backsolveCost: 31323
node 133	AtA: 19106	cholCost: 138216	addCost: 11800	backsolveCost: 43606
node 134	AtA: 3884	cholCost: 78180	addCost: 18328	backsolveCost: 17619
node 135	AtA: 3884	cholCost: 102142	addCost: 28648	backsolveCost: 18158
node 136	AtA: 9492	cholCost: 254781	addCost: 38632	backsolveCost: 46209
node 137	AtA: 20854	cholCost: 53322	addCost: 4072	backsolveCost: 24624
node 138	AtA: 20854	cholCost: 53322	addCost: 4072	backsolveCost: 24624
node 139	AtA: 20854	cholCost: 53322	addCost: 4072	backsolveCost: 24624
node 140	AtA: 14736	cholCost: 119132	addCost: 13288	backsolveCost: 32453
node 141	AtA: 20854	cholCost: 53322	addCost: 4072	backsolveCost: 24624
node 142	AtA: 20854	cholCost: 53322	addCost: 4072	backsolveCost: 24624
node 143	AtA: 20854	cholCost: 53322	addCost: 4072	backsolveCost: 24624
node 144	AtA: 12988	cholCost: 58836	addCost: 10408	backsolveCost: 17003
node 145	AtA: 19106	cholCost: 158184	addCost: 16552	backsolveCost: 44154
node 146	AtA: 3884	cholCost: 102142	addCost: 28648	backsolveCost: 18158
node 147	AtA: 20854	cholCost: 53322	addCost: 4072	backsolveCost: 24624
node 148	AtA: 20854	cholCost: 53322	addCost: 4072	backsolveCost: 24624
node 149	AtA: 23476	cholCost: 74745	addCost: 4888	backsolveCost: 31323
node 150	AtA: 20854	cholCost: 53322	addCost: 4072	backsolveCost: 24624
node 151	AtA: 12988	cholCost: 64452	addCost: 11800	backsolveCost: 17157
node 152	AtA: 3884	cholCost: 78180	addCost: 18328	backsolveCost: 17619
node 153	AtA: 20854	cholCost: 53322	addCost: 4072	backsolveCost: 24624
node 154	AtA: 16484	cholCost: 57981	addCost: 4888	backsolveCost: 24826
node 155	AtA: 14736	cholCost: 31131	addCost: 2200	backsolveCost: 16002
node 156	AtA: 21728	cholCost: 74745	addCost: 4888	backsolveCost: 31323
node 157	AtA: 14736	cholCost: 31131	addCost: 2200	backsolveCost: 16002
node 158	AtA: 21728	cholCost: 74745	addCost: 4888	backsolveCost: 31323
node 159	AtA: 17358	cholCost: 68464	addCost: 6808	backsolveCost: 25129
node 160	AtA: 5268	cholCost: 158856	addCost: 14872	backsolveCost: 52578
node 161	AtA: 5960	cholCost: 489137	addCost: 63208	backsolveCost: 82265
node 162	AtA: 12988	cholCost: 640884	addCost: 77800	backsolveCost: 100905
node 163	AtA: 21728	cholCost: 1270268	addCost: 66712	backsolveCost: 310564
node 164	AtA: 43578	cholCost: 1678704	addCost: 1192	backsolveCost: 1287020
node 165	AtA: 6870	cholCost: 16194	addCost: 1000	backsolveCost: 10977
node 166	AtA: -1	cholCost: 0	addCost: -1	backsolveCost: 1561

