cliques
172
node 0	AtA: 12236	cholCost: 0	addCost: 2200	backsolveCost: 16002
node 1	AtA: 18354	cholCost: 5520	addCost: 2728	backsolveCost: 30758
node 2	AtA: 9614	cholCost: 7728	addCost: 4888	backsolveCost: 16464
node 3	AtA: 12236	cholCost: 2688	addCost: 2200	backsolveCost: 16002
node 4	AtA: 12236	cholCost: 2688	addCost: 2200	backsolveCost: 16002
node 5	AtA: 13984	cholCost: 6028	addCost: 3352	backsolveCost: 24523
node 6	AtA: 12236	cholCost: 2688	addCost: 2200	backsolveCost: 16002
node 7	AtA: 18354	cholCost: 8268	addCost: 4072	backsolveCost: 24624
node 8	AtA: 12236	cholCost: 2688	addCost: 2200	backsolveCost: 16002
node 9	AtA: 19228	cholCost: 10416	addCost: 4888	backsolveCost: 31323
node 10	AtA: 11362	cholCost: 10111	addCost: 5800	backsolveCost: 16541
node 11	AtA: 10488	cholCost: 15360	addCost: 9112	backsolveCost: 16926
node 12	AtA: 8740	cholCost: 20767	addCost: 9112	backsolveCost: 32001
node 13	AtA: 12236	cholCost: 2688	addCost: 2200	backsolveCost: 16002
node 14	AtA: 12236	cholCost: 0	addCost: 2200	backsolveCost: 16002
node 15	AtA: 10488	cholCost: 7728	addCost: 4888	backsolveCost: 16464
node 16	AtA: 10488	cholCost: 7728	addCost: 4888	backsolveCost: 16464
node 17	AtA: 18354	cholCost: 8268	addCost: 4072	backsolveCost: 24624
node 18	AtA: 18354	cholCost: 8401	addCost: 4072	backsolveCost: 24624
node 19	AtA: 12236	cholCost: 2688	addCost: 2200	backsolveCost: 16002
node 20	AtA: 20854	cholCost: 53322	addCost: 4072	backsolveCost: 24624
node 21	AtA: 21728	cholCost: 65635	addCost: 3352	backsolveCost: 30984
node 22	AtA: 14736	cholCost: 32379	addCost: 2728	backsolveCost: 16079
node 23	AtA: 19980	cholCost: 74745	addCost: 4888	backsolveCost: 31323
node 24	AtA: 12988	cholCost: 40865	addCost: 4888	backsolveCost: 16464
node 25	AtA: 14736	cholCost: 75952	addCost: 9112	backsolveCost: 25432
node 26	AtA: 14736	cholCost: 107068	addCost: 11800	backsolveCost: 32340
node 27	AtA: 20854	cholCost: 53322	addCost: 4072	backsolveCost: 24624
node 28	AtA: 20854	cholCost: 53322	addCost: 4072	backsolveCost: 24624
node 29	AtA: 20854	cholCost: 53322	addCost: 4072	backsolveCost: 24624
node 30	AtA: 20854	cholCost: 53322	addCost: 4072	backsolveCost: 24624
node 31	AtA: 20854	cholCost: 53322	addCost: 4072	backsolveCost: 24624
node 32	AtA: 14736	cholCost: 119132	addCost: 13288	backsolveCost: 32453
node 33	AtA: 3884	cholCost: 84420	addCost: 20200	backsolveCost: 17696
node 34	AtA: 11240	cholCost: 180576	addCost: 31000	backsolveCost: 34035
node 35	AtA: 20854	cholCost: 53322	addCost: 4072	backsolveCost: 24624
node 36	AtA: 20854	cholCost: 53322	addCost: 4072	backsolveCost: 24624
node 37	AtA: 14736	cholCost: 32379	addCost: 2728	backsolveCost: 16079
node 38	AtA: 19980	cholCost: 74745	addCost: 4888	backsolveCost: 31323
node 39	AtA: 12988	cholCost: 40865	addCost: 4888	backsolveCost: 16464
node 40	AtA: 20854	cholCost: 53322	addCost: 4072	backsolveCost: 24624
node 41	AtA: 14736	cholCost: 32379	addCost: 2728	backsolveCost: 16079
node 42	AtA: 20854	cholCost: 74745	addCost: 4888	backsolveCost: 31323
node 43	AtA: 7744	cholCost: 75952	addCost: 9112	backsolveCost: 25432
node 44	AtA: 3884	cholCost: 66324	addCost: 14872	backsolveCost: 17388
node 45	AtA: 20854	cholCost: 53322	addCost: 4072	backsolveCost: 24624
node 46	AtA: 20854	cholCost: 53322	addCost: 4072	backsolveCost: 24624
node 47	AtA: 12988	cholCost: 58836	addCost: 10408	backsolveCost: 17003
node 48	AtA: 18232	cholCost: 52490	addCost: 3352	backsolveCost: 24523
node 49	AtA: 17358	cholCost: 57981	addCost: 4888	backsolveCost: 24826
node 50	AtA: 14736	cholCost: 32379	addCost: 2728	backsolveCost: 16079
node 51	AtA: 20854	cholCost: 74745	addCost: 4888	backsolveCost: 31323
node 52	AtA: 7744	cholCost: 108400	addCost: 18328	backsolveCost: 26341
node 53	AtA: 9492	cholCost: 193378	addCost: 22168	backsolveCost: 44839
node 54	AtA: 14736	cholCost: 362552	addCost: 47128	backsolveCost: 70237
node 55	AtA: 20854	cholCost: 53322	addCost: 4072	backsolveCost: 24624
node 56	AtA: 12988	cholCost: 58836	addCost: 10408	backsolveCost: 17003
node 57	AtA: 20854	cholCost: 53322	addCost: 4072	backsolveCost: 24624
node 58	AtA: 20854	cholCost: 53322	addCost: 4072	backsolveCost: 24624
node 59	AtA: 20854	cholCost: 53322	addCost: 4072	backsolveCost: 24624
node 60	AtA: 14736	cholCost: 119132	addCost: 13288	backsolveCost: 32453
node 61	AtA: 19980	cholCost: 52490	addCost: 3352	backsolveCost: 24523
node 62	AtA: 20854	cholCost: 53322	addCost: 4072	backsolveCost: 24624
node 63	AtA: 23476	cholCost: 126408	addCost: 9112	backsolveCost: 51684
node 64	AtA: 20854	cholCost: 53322	addCost: 4072	backsolveCost: 24624
node 65	AtA: 20854	cholCost: 53322	addCost: 4072	backsolveCost: 24624
node 66	AtA: 20854	cholCost: 53322	addCost: 4072	backsolveCost: 24624
node 67	AtA: 12988	cholCost: 58836	addCost: 10408	backsolveCost: 17003
node 68	AtA: 13862	cholCost: 101744	addCost: 16552	backsolveCost: 26139
node 69	AtA: 5960	cholCost: 467838	addCost: 59800	backsolveCost: 82080
node 70	AtA: 20854	cholCost: 53322	addCost: 4072	backsolveCost: 24624
node 71	AtA: 20854	cholCost: 53322	addCost: 4072	backsolveCost: 24624
node 72	AtA: 23476	cholCost: 138888	addCost: 10408	backsolveCost: 51833
node 73	AtA: 20854	cholCost: 53322	addCost: 4072	backsolveCost: 24624
node 74	AtA: 16484	cholCost: 52490	addCost: 3352	backsolveCost: 24523
node 75	AtA: 17358	cholCost: 57981	addCost: 4888	backsolveCost: 24826
node 76	AtA: 12988	cholCost: 64452	addCost: 11800	backsolveCost: 17157
node 77	AtA: 14736	cholCost: 31131	addCost: 2200	backsolveCost: 16002
node 78	AtA: 21728	cholCost: 74745	addCost: 4888	backsolveCost: 31323
node 79	AtA: 19980	cholCost: 52490	addCost: 3352	backsolveCost: 24523
node 80	AtA: 21728	cholCost: 85852	addCost: 6808	backsolveCost: 31662
node 81	AtA: 14736	cholCost: 107068	addCost: 11800	backsolveCost: 32340
node 82	AtA: 11240	cholCost: 153369	addCost: 22168	backsolveCost: 33357
node 83	AtA: 11240	cholCost: 180576	addCost: 31000	backsolveCost: 34035
node 84	AtA: 20854	cholCost: 53322	addCost: 4072	backsolveCost: 24624
node 85	AtA: 20854	cholCost: 53322	addCost: 4072	backsolveCost: 24624
node 86	AtA: 20854	cholCost: 53322	addCost: 4072	backsolveCost: 24624
node 87	AtA: 20854	cholCost: 53322	addCost: 4072	backsolveCost: 24624
node 88	AtA: 12988	cholCost: 58836	addCost: 10408	backsolveCost: 17003
node 89	AtA: 20854	cholCost: 53322	addCost: 4072	backsolveCost: 24624
node 90	AtA: 20854	cholCost: 53322	addCost: 4072	backsolveCost: 24624
node 91	AtA: 20854	cholCost: 53322	addCost: 4072	backsolveCost: 24624
node 92	AtA: 14736	cholCost: 31131	addCost: 2200	backsolveCost: 16002
node 93	AtA: 14736	cholCost: 31131	addCost: 2200	backsolveCost: 16002
node 94	AtA: 21728	cholCost: 74745	addCost: 4888	backsolveCost: 31323
node 95	AtA: 13862	cholCost: 68464	addCost: 6808	backsolveCost: 25129
node 96	AtA: 13862	cholCost: 88432	addCost: 11800	backsolveCost: 25735
node 97	AtA: 3884	cholCost: 78180	addCost: 18328	backsolveCost: 17619
node 98	AtA: 5268	cholCost: 255453	addCost: 35992	backsolveCost: 54813
node 99	AtA: 5614	cholCost: 375906	addCost: 53272	backsolveCost: 70756
node 100	AtA: 20854	cholCost: 57981	addCost: 4888	backsolveCost: 24826
node 101	AtA: 17358	cholCost: 68464	addCost: 6808	backsolveCost: 25129
node 102	AtA: 18354	cholCost: 8401	addCost: 4072	backsolveCost: 24624
node 103	AtA: 20854	cholCost: 53322	addCost: 4072	backsolveCost: 24624
node 104	AtA: 19106	cholCost: 125736	addCost: 10408	backsolveCost: 43332
node 105	AtA: 3884	cholCost: 72564	addCost: 16552	backsolveCost: 17465
node 106	AtA: 6870	cholCost: 78180	addCost: 18328	backsolveCost: 17619
node 107	AtA: 23476	cholCost: 74745	addCost: 4888	backsolveCost: 31323
node 108	AtA: 23476	cholCost: 74745	addCost: 4888	backsolveCost: 31323
node 109	AtA: 24350	cholCost: 157608	addCost: 13288	backsolveCost: 52280
node 110	AtA: 20854	cholCost: 53322	addCost: 4072	backsolveCost: 24624
node 111	AtA: 21728	cholCost: 92924	addCost: 7912	backsolveCost: 31775
node 112	AtA: 23476	cholCost: 74745	addCost: 4888	backsolveCost: 31323
node 113	AtA: 18354	cholCost: 8268	addCost: 4072	backsolveCost: 24624
node 114	AtA: 12988	cholCost: 64452	addCost: 11800	backsolveCost: 17157
node 115	AtA: 9492	cholCost: 85044	addCost: 22168	backsolveCost: 17850
node 116	AtA: 7744	cholCost: 141847	addCost: 31000	backsolveCost: 27250
node 117	AtA: 8618	cholCost: 223841	addCost: 44200	backsolveCost: 34826
node 118	AtA: 20854	cholCost: 53322	addCost: 4072	backsolveCost: 24624
node 119	AtA: 20854	cholCost: 53322	addCost: 4072	backsolveCost: 24624
node 120	AtA: 12988	cholCost: 58836	addCost: 10408	backsolveCost: 17003
node 121	AtA: 20854	cholCost: 53322	addCost: 4072	backsolveCost: 24624
node 122	AtA: 20854	cholCost: 53322	addCost: 4072	backsolveCost: 24624
node 123	AtA: 23476	cholCost: 138888	addCost: 10408	backsolveCost: 51833
node 124	AtA: 10366	cholCost: 109232	addCost: 20200	backsolveCost: 26442
node 125	AtA: 20854	cholCost: 53322	addCost: 4072	backsolveCost: 24624
node 126	AtA: 20854	cholCost: 53322	addCost: 4072	backsolveCost: 24624
node 127	AtA: 3884	cholCost: 66324	addCost: 14872	backsolveCost: 17388
node 128	AtA: 14736	cholCost: 31131	addCost: 2200	backsolveCost: 16002
node 129	AtA: 16484	cholCost: 52490	addCost: 3352	backsolveCost: 24523
node 130	AtA: 16484	cholCost: 52490	addCost: 3352	backsolveCost: 24523
node 131	AtA: 17358	cholCost: 57981	addCost: 4888	backsolveCost: 24826
node 132	AtA: 20854	cholCost: 53322	addCost: 4072	backsolveCost: 24624
node 133	AtA: 20854	cholCost: 53322	addCost: 4072	backsolveCost: 24624
node 134	AtA: 10366	cholCost: 88432	addCost: 11800	backsolveCost: 25735
node 135	AtA: 14736	cholCost: 125164	addCost: 14872	backsolveCost: 32679
node 136	AtA: 3884	cholCost: 102766	addCost: 31000	backsolveCost: 18312
node 137	AtA: 5268	cholCost: 255453	addCost: 35992	backsolveCost: 54813
node 138	AtA: 20854	cholCost: 53322	addCost: 4072	backsolveCost: 24624
node 139	AtA: 20854	cholCost: 53322	addCost: 4072	backsolveCost: 24624
node 140	AtA: 20854	cholCost: 53322	addCost: 4072	backsolveCost: 24624
node 141	AtA: 20854	cholCost: 53322	addCost: 4072	backsolveCost: 24624
node 142	AtA: 12988	cholCost: 58836	addCost: 10408	backsolveCost: 17003
node 143	AtA: 3884	cholCost: 72564	addCost: 16552	backsolveCost: 17465
node 144	AtA: 14736	cholCost: 32379	addCost: 2728	backsolveCost: 16079
node 145	AtA: 20854	cholCost: 74745	addCost: 4888	backsolveCost: 31323
node 146	AtA: 23476	cholCost: 74745	addCost: 4888	backsolveCost: 31323
node 147	AtA: 20854	cholCost: 53322	addCost: 4072	backsolveCost: 24624
node 148	AtA: 12988	cholCost: 64452	addCost: 11800	backsolveCost: 17157
node 149	AtA: 14736	cholCost: 132236	addCost: 16552	backsolveCost: 32792
node 150	AtA: 3884	cholCost: 111003	addCost: 33448	backsolveCost: 18389
node 151	AtA: 20854	cholCost: 53322	addCost: 4072	backsolveCost: 24624
node 152	AtA: 23476	cholCost: 74745	addCost: 4888	backsolveCost: 31323
node 153	AtA: 22602	cholCost: 156936	addCost: 14872	backsolveCost: 44017
node 154	AtA: 14736	cholCost: 31131	addCost: 2200	backsolveCost: 16002
node 155	AtA: 15610	cholCost: 61808	addCost: 5800	backsolveCost: 24927
node 156	AtA: 19980	cholCost: 98956	addCost: 9112	backsolveCost: 32001
node 157	AtA: 23476	cholCost: 74745	addCost: 4888	backsolveCost: 31323
node 158	AtA: 18354	cholCost: 8268	addCost: 4072	backsolveCost: 24624
node 159	AtA: 20854	cholCost: 53322	addCost: 4072	backsolveCost: 24624
node 160	AtA: 3884	cholCost: 52596	addCost: 9112	backsolveCost: 16926
node 161	AtA: 13862	cholCost: 101744	addCost: 16552	backsolveCost: 26139
node 162	AtA: 14736	cholCost: 179573	addCost: 18328	backsolveCost: 53025
node 163	AtA: 6870	cholCost: 111003	addCost: 33448	backsolveCost: 18389
node 164	AtA: 11240	cholCost: 365106	addCost: 66712	backsolveCost: 48127
node 165	AtA: 18232	cholCost: 791124	addCost: 70312	backsolveCost: 147890
node 166	AtA: 21728	cholCost: 959834	addCost: 66712	backsolveCost: 212542
node 167	AtA: 7344	cholCost: 828938	addCost: 77800	backsolveCost: 148661
node 168	AtA: 10112	cholCost: 1128773	addCost: 44200	backsolveCost: 328514
node 169	AtA: 33964	cholCost: 724592	addCost: 1192	backsolveCost: 606102
node 170	AtA: 6870	cholCost: 16194	addCost: 1000	backsolveCost: 10977
node 171	AtA: -1	cholCost: 0	addCost: -1	backsolveCost: 1561

