cliques
177
node 0	AtA: 12236	cholCost: 2688	addCost: 2200	backsolveCost: 16002
node 1	AtA: 12236	cholCost: 2688	addCost: 2200	backsolveCost: 16002
node 2	AtA: 12236	cholCost: 2688	addCost: 2200	backsolveCost: 16002
node 3	AtA: 16606	cholCost: 5040	addCost: 2728	backsolveCost: 24321
node 4	AtA: 12236	cholCost: 0	addCost: 2200	backsolveCost: 16002
node 5	AtA: 12236	cholCost: 2688	addCost: 2200	backsolveCost: 16002
node 6	AtA: 19228	cholCost: 10416	addCost: 4888	backsolveCost: 31323
node 7	AtA: 12236	cholCost: 2688	addCost: 2200	backsolveCost: 16002
node 8	AtA: 10488	cholCost: 7728	addCost: 4888	backsolveCost: 16464
node 9	AtA: 18354	cholCost: 8401	addCost: 4072	backsolveCost: 24624
node 10	AtA: 13984	cholCost: 0	addCost: 3352	backsolveCost: 24523
node 11	AtA: 12236	cholCost: 2688	addCost: 2200	backsolveCost: 16002
node 12	AtA: 19228	cholCost: 10555	addCost: 4888	backsolveCost: 31323
node 13	AtA: 12236	cholCost: 2688	addCost: 2200	backsolveCost: 16002
node 14	AtA: 19228	cholCost: 10416	addCost: 4888	backsolveCost: 31323
node 15	AtA: 6992	cholCost: 11220	addCost: 6808	backsolveCost: 16695
node 16	AtA: 20854	cholCost: 0	addCost: 4072	backsolveCost: 24624
node 17	AtA: 12236	cholCost: 2688	addCost: 2200	backsolveCost: 16002
node 18	AtA: 19228	cholCost: 10416	addCost: 4888	backsolveCost: 31323
node 19	AtA: 14858	cholCost: 13804	addCost: 6808	backsolveCost: 25129
node 20	AtA: 11362	cholCost: 24905	addCost: 11800	backsolveCost: 25735
node 21	AtA: 10488	cholCost: 7728	addCost: 4888	backsolveCost: 16464
node 22	AtA: 20854	cholCost: 53322	addCost: 4072	backsolveCost: 24624
node 23	AtA: 19980	cholCost: 52490	addCost: 3352	backsolveCost: 24523
node 24	AtA: 19106	cholCost: 52490	addCost: 3352	backsolveCost: 24523
node 25	AtA: 23476	cholCost: 126408	addCost: 9112	backsolveCost: 51684
node 26	AtA: 14736	cholCost: 107068	addCost: 11800	backsolveCost: 32340
node 27	AtA: 20854	cholCost: 53322	addCost: 4072	backsolveCost: 24624
node 28	AtA: 20854	cholCost: 53322	addCost: 4072	backsolveCost: 24624
node 29	AtA: 20854	cholCost: 53322	addCost: 4072	backsolveCost: 24624
node 30	AtA: 18232	cholCost: 52490	addCost: 3352	backsolveCost: 24523
node 31	AtA: 17358	cholCost: 57981	addCost: 4888	backsolveCost: 24826
node 32	AtA: 13862	cholCost: 75952	addCost: 9112	backsolveCost: 25432
node 33	AtA: 3884	cholCost: 66324	addCost: 14872	backsolveCost: 17388
node 34	AtA: 20854	cholCost: 53322	addCost: 4072	backsolveCost: 24624
node 35	AtA: 20854	cholCost: 53322	addCost: 4072	backsolveCost: 24624
node 36	AtA: 23476	cholCost: 138888	addCost: 10408	backsolveCost: 51833
node 37	AtA: 20854	cholCost: 53322	addCost: 4072	backsolveCost: 24624
node 38	AtA: 20854	cholCost: 53322	addCost: 4072	backsolveCost: 24624
node 39	AtA: 12988	cholCost: 58836	addCost: 10408	backsolveCost: 17003
node 40	AtA: 20854	cholCost: 53322	addCost: 4072	backsolveCost: 24624
node 41	AtA: 20854	cholCost: 53322	addCost: 4072	backsolveCost: 24624
node 42	AtA: 20854	cholCost: 53322	addCost: 4072	backsolveCost: 24624
node 43	AtA: 4230	cholCost: 123709	addCost: 24232	backsolveCost: 26745
node 44	AtA: 3884	cholCost: 111003	addCost: 33448	backsolveCost: 18389
node 45	AtA: 20854	cholCost: 53322	addCost: 4072	backsolveCost: 24624
node 46	AtA: 14736	cholCost: 31131	addCost: 2200	backsolveCost: 16002
node 47	AtA: 21728	cholCost: 74745	addCost: 4888	backsolveCost: 31323
node 48	AtA: 20854	cholCost: 53322	addCost: 4072	backsolveCost: 24624
node 49	AtA: 20854	cholCost: 53322	addCost: 4072	backsolveCost: 24624
node 50	AtA: 20854	cholCost: 53322	addCost: 4072	backsolveCost: 24624
node 51	AtA: 14736	cholCost: 31131	addCost: 2200	backsolveCost: 16002
node 52	AtA: 14736	cholCost: 31131	addCost: 2200	backsolveCost: 16002
node 53	AtA: 21728	cholCost: 74745	addCost: 4888	backsolveCost: 31323
node 54	AtA: 13862	cholCost: 68464	addCost: 6808	backsolveCost: 25129
node 55	AtA: 9492	cholCost: 52596	addCost: 9112	backsolveCost: 16926
node 56	AtA: 3884	cholCost: 66324	addCost: 14872	backsolveCost: 17388
node 57	AtA: 4230	cholCost: 115888	addCost: 22168	backsolveCost: 26644
node 58	AtA: 20854	cholCost: 53322	addCost: 4072	backsolveCost: 24624
node 59	AtA: 20854	cholCost: 53322	addCost: 4072	backsolveCost: 24624
node 60	AtA: 20854	cholCost: 53322	addCost: 4072	backsolveCost: 24624
node 61	AtA: 14736	cholCost: 119132	addCost: 13288	backsolveCost: 32453
node 62	AtA: 20854	cholCost: 53322	addCost: 4072	backsolveCost: 24624
node 63	AtA: 20854	cholCost: 53322	addCost: 4072	backsolveCost: 24624
node 64	AtA: 20854	cholCost: 53322	addCost: 4072	backsolveCost: 24624
node 65	AtA: 12988	cholCost: 58836	addCost: 10408	backsolveCost: 17003
node 66	AtA: 13862	cholCost: 101744	addCost: 16552	backsolveCost: 26139
node 67	AtA: 3884	cholCost: 102142	addCost: 28648	backsolveCost: 18158
node 68	AtA: 4922	cholCost: 264266	addCost: 41368	backsolveCost: 46483
node 69	AtA: 20854	cholCost: 53322	addCost: 4072	backsolveCost: 24624
node 70	AtA: 21728	cholCost: 74745	addCost: 4888	backsolveCost: 31323
node 71	AtA: 9492	cholCost: 64452	addCost: 11800	backsolveCost: 17157
node 72	AtA: 4230	cholCost: 95920	addCost: 14872	backsolveCost: 26038
node 73	AtA: 20854	cholCost: 53322	addCost: 4072	backsolveCost: 24624
node 74	AtA: 20854	cholCost: 53322	addCost: 4072	backsolveCost: 24624
node 75	AtA: 12988	cholCost: 58836	addCost: 10408	backsolveCost: 17003
node 76	AtA: 20854	cholCost: 53322	addCost: 4072	backsolveCost: 24624
node 77	AtA: 20854	cholCost: 53322	addCost: 4072	backsolveCost: 24624
node 78	AtA: 22602	cholCost: 149448	addCost: 13288	backsolveCost: 43743
node 79	AtA: 10366	cholCost: 123709	addCost: 24232	backsolveCost: 26745
node 80	AtA: 11240	cholCost: 214772	addCost: 41368	backsolveCost: 34713
node 81	AtA: 20854	cholCost: 53322	addCost: 4072	backsolveCost: 24624
node 82	AtA: 20854	cholCost: 53322	addCost: 4072	backsolveCost: 24624
node 83	AtA: 23476	cholCost: 138888	addCost: 10408	backsolveCost: 51833
node 84	AtA: 20854	cholCost: 53322	addCost: 4072	backsolveCost: 24624
node 85	AtA: 14736	cholCost: 31131	addCost: 2200	backsolveCost: 16002
node 86	AtA: 21728	cholCost: 74745	addCost: 4888	backsolveCost: 31323
node 87	AtA: 19106	cholCost: 124488	addCost: 9112	backsolveCost: 43195
node 88	AtA: 20854	cholCost: 53322	addCost: 4072	backsolveCost: 24624
node 89	AtA: 20854	cholCost: 53322	addCost: 4072	backsolveCost: 24624
node 90	AtA: 12988	cholCost: 58836	addCost: 10408	backsolveCost: 17003
node 91	AtA: 14736	cholCost: 31131	addCost: 2200	backsolveCost: 16002
node 92	AtA: 21728	cholCost: 74745	addCost: 4888	backsolveCost: 31323
node 93	AtA: 20854	cholCost: 53322	addCost: 4072	backsolveCost: 24624
node 94	AtA: 23476	cholCost: 150120	addCost: 11800	backsolveCost: 52131
node 95	AtA: 3884	cholCost: 64452	addCost: 11800	backsolveCost: 17157
node 96	AtA: 10366	cholCost: 115888	addCost: 22168	backsolveCost: 26644
node 97	AtA: 5614	cholCost: 305891	addCost: 35992	backsolveCost: 69199
node 98	AtA: 5960	cholCost: 467838	addCost: 59800	backsolveCost: 82080
node 99	AtA: 6306	cholCost: 640884	addCost: 77800	backsolveCost: 100905
node 100	AtA: 20854	cholCost: 53322	addCost: 4072	backsolveCost: 24624
node 101	AtA: 20854	cholCost: 53322	addCost: 4072	backsolveCost: 24624
node 102	AtA: 22602	cholCost: 149448	addCost: 13288	backsolveCost: 43743
node 103	AtA: 20854	cholCost: 57981	addCost: 4888	backsolveCost: 24826
node 104	AtA: 23476	cholCost: 74745	addCost: 4888	backsolveCost: 31323
node 105	AtA: 15610	cholCost: 69296	addCost: 7912	backsolveCost: 25230
node 106	AtA: 6870	cholCost: 52596	addCost: 9112	backsolveCost: 16926
node 107	AtA: 14736	cholCost: 101744	addCost: 16552	backsolveCost: 26139
node 108	AtA: 9492	cholCost: 165672	addCost: 18328	backsolveCost: 44428
node 109	AtA: 4230	cholCost: 132362	addCost: 26392	backsolveCost: 26947
node 110	AtA: 20854	cholCost: 53322	addCost: 4072	backsolveCost: 24624
node 111	AtA: 21728	cholCost: 92924	addCost: 7912	backsolveCost: 31775
node 112	AtA: 16484	cholCost: 52490	addCost: 3352	backsolveCost: 24523
node 113	AtA: 17358	cholCost: 57981	addCost: 4888	backsolveCost: 24826
node 114	AtA: 18354	cholCost: 8268	addCost: 4072	backsolveCost: 24624
node 115	AtA: 13862	cholCost: 75952	addCost: 9112	backsolveCost: 25432
node 116	AtA: 4576	cholCost: 133276	addCost: 18328	backsolveCost: 33018
node 117	AtA: 20854	cholCost: 53322	addCost: 4072	backsolveCost: 24624
node 118	AtA: 20854	cholCost: 53322	addCost: 4072	backsolveCost: 24624
node 119	AtA: 12988	cholCost: 58836	addCost: 10408	backsolveCost: 17003
node 120	AtA: 20854	cholCost: 53322	addCost: 4072	backsolveCost: 24624
node 121	AtA: 20854	cholCost: 53322	addCost: 4072	backsolveCost: 24624
node 122	AtA: 23476	cholCost: 138888	addCost: 10408	backsolveCost: 51833
node 123	AtA: 9492	cholCost: 86292	addCost: 24232	backsolveCost: 17927
node 124	AtA: 4922	cholCost: 228822	addCost: 31000	backsolveCost: 45661
node 125	AtA: 4230	cholCost: 227712	addCost: 66712	backsolveCost: 29068
node 126	AtA: 20854	cholCost: 57981	addCost: 4888	backsolveCost: 24826
node 127	AtA: 20854	cholCost: 53322	addCost: 4072	backsolveCost: 24624
node 128	AtA: 23476	cholCost: 74745	addCost: 4888	backsolveCost: 31323
node 129	AtA: 23476	cholCost: 74745	addCost: 4888	backsolveCost: 31323
node 130	AtA: 24350	cholCost: 157608	addCost: 13288	backsolveCost: 52280
node 131	AtA: 6870	cholCost: 85044	addCost: 22168	backsolveCost: 17850
node 132	AtA: 23476	cholCost: 74745	addCost: 4888	backsolveCost: 31323
node 133	AtA: 18232	cholCost: 52490	addCost: 3352	backsolveCost: 24523
node 134	AtA: 14736	cholCost: 31131	addCost: 2200	backsolveCost: 16002
node 135	AtA: 19106	cholCost: 61808	addCost: 5800	backsolveCost: 24927
node 136	AtA: 11240	cholCost: 61808	addCost: 5800	backsolveCost: 24927
node 137	AtA: 20854	cholCost: 53322	addCost: 4072	backsolveCost: 24624
node 138	AtA: 14736	cholCost: 32379	addCost: 2728	backsolveCost: 16079
node 139	AtA: 20854	cholCost: 74745	addCost: 4888	backsolveCost: 31323
node 140	AtA: 14736	cholCost: 32379	addCost: 2728	backsolveCost: 16079
node 141	AtA: 20854	cholCost: 74745	addCost: 4888	backsolveCost: 31323
node 142	AtA: 17358	cholCost: 150120	addCost: 11800	backsolveCost: 52131
node 143	AtA: 10366	cholCost: 140348	addCost: 20200	backsolveCost: 33131
node 144	AtA: 8618	cholCost: 175627	addCost: 44200	backsolveCost: 27957
node 145	AtA: 20854	cholCost: 53322	addCost: 4072	backsolveCost: 24624
node 146	AtA: 20854	cholCost: 53322	addCost: 4072	backsolveCost: 24624
node 147	AtA: 12988	cholCost: 58836	addCost: 10408	backsolveCost: 17003
node 148	AtA: 20854	cholCost: 53322	addCost: 4072	backsolveCost: 24624
node 149	AtA: 20854	cholCost: 53322	addCost: 4072	backsolveCost: 24624
node 150	AtA: 20854	cholCost: 53322	addCost: 4072	backsolveCost: 24624
node 151	AtA: 14736	cholCost: 119132	addCost: 13288	backsolveCost: 32453
node 152	AtA: 3884	cholCost: 84420	addCost: 20200	backsolveCost: 17696
node 153	AtA: 18232	cholCost: 52490	addCost: 3352	backsolveCost: 24523
node 154	AtA: 16484	cholCost: 57981	addCost: 4888	backsolveCost: 24826
node 155	AtA: 12988	cholCost: 40865	addCost: 4888	backsolveCost: 16464
node 156	AtA: 20854	cholCost: 53322	addCost: 4072	backsolveCost: 24624
node 157	AtA: 20854	cholCost: 53322	addCost: 4072	backsolveCost: 24624
node 158	AtA: 14736	cholCost: 32379	addCost: 2728	backsolveCost: 16079
node 159	AtA: 19980	cholCost: 74745	addCost: 4888	backsolveCost: 31323
node 160	AtA: 12988	cholCost: 40865	addCost: 4888	backsolveCost: 16464
node 161	AtA: 17358	cholCost: 68464	addCost: 6808	backsolveCost: 25129
node 162	AtA: 3884	cholCost: 64452	addCost: 11800	backsolveCost: 17157
node 163	AtA: 20854	cholCost: 53322	addCost: 4072	backsolveCost: 24624
node 164	AtA: 20854	cholCost: 53322	addCost: 4072	backsolveCost: 24624
node 165	AtA: 12988	cholCost: 58836	addCost: 10408	backsolveCost: 17003
node 166	AtA: 20854	cholCost: 53322	addCost: 4072	backsolveCost: 24624
node 167	AtA: 20854	cholCost: 53322	addCost: 4072	backsolveCost: 24624
node 168	AtA: 23476	cholCost: 138888	addCost: 10408	backsolveCost: 51833
node 169	AtA: 12114	cholCost: 348028	addCost: 35992	backsolveCost: 79860
node 170	AtA: 4576	cholCost: 252962	addCost: 53272	backsolveCost: 35391
node 171	AtA: 12988	cholCost: 640884	addCost: 77800	backsolveCost: 100905
node 172	AtA: 18232	cholCost: 1068908	addCost: 81688	backsolveCost: 214444
node 173	AtA: 11150	cholCost: 1341793	addCost: 44200	backsolveCost: 421947
node 174	AtA: 40082	cholCost: 1297333	addCost: 1192	backsolveCost: 1037457
node 175	AtA: 6870	cholCost: 16194	addCost: 1000	backsolveCost: 10977
node 176	AtA: -1	cholCost: 0	addCost: -1	backsolveCost: 1561

