cliques
143
node 0	AtA: 14858	cholCost: 0	addCost: 2200	backsolveCost: 24220
node 1	AtA: 12236	cholCost: 2688	addCost: 2200	backsolveCost: 16002
node 2	AtA: 12236	cholCost: 6708	addCost: 4072	backsolveCost: 16310
node 3	AtA: 8740	cholCost: 7728	addCost: 4888	backsolveCost: 16464
node 4	AtA: 12236	cholCost: 2688	addCost: 2200	backsolveCost: 16002
node 5	AtA: 13984	cholCost: 6028	addCost: 3352	backsolveCost: 24523
node 6	AtA: 18354	cholCost: 8268	addCost: 4072	backsolveCost: 24624
node 7	AtA: 12236	cholCost: 0	addCost: 2200	backsolveCost: 16002
node 8	AtA: 13984	cholCost: 6028	addCost: 3352	backsolveCost: 24523
node 9	AtA: 20854	cholCost: 53322	addCost: 4072	backsolveCost: 24624
node 10	AtA: 20854	cholCost: 53322	addCost: 4072	backsolveCost: 24624
node 11	AtA: 23476	cholCost: 74745	addCost: 4888	backsolveCost: 31323
node 12	AtA: 13862	cholCost: 108400	addCost: 18328	backsolveCost: 26341
node 13	AtA: 16606	cholCost: 24383	addCost: 9112	backsolveCost: 43195
node 14	AtA: 20854	cholCost: 53322	addCost: 4072	backsolveCost: 24624
node 15	AtA: 20854	cholCost: 53322	addCost: 4072	backsolveCost: 24624
node 16	AtA: 14858	cholCost: 9520	addCost: 4888	backsolveCost: 24826
node 17	AtA: 20854	cholCost: 53322	addCost: 4072	backsolveCost: 24624
node 18	AtA: 13862	cholCost: 75952	addCost: 9112	backsolveCost: 25432
node 19	AtA: 11240	cholCost: 125164	addCost: 14872	backsolveCost: 32679
node 20	AtA: 12988	cholCost: 348028	addCost: 35992	backsolveCost: 79860
node 21	AtA: 20854	cholCost: 53322	addCost: 4072	backsolveCost: 24624
node 22	AtA: 20854	cholCost: 53322	addCost: 4072	backsolveCost: 24624
node 23	AtA: 12988	cholCost: 58836	addCost: 10408	backsolveCost: 17003
node 24	AtA: 20854	cholCost: 53322	addCost: 4072	backsolveCost: 24624
node 25	AtA: 20854	cholCost: 53322	addCost: 4072	backsolveCost: 24624
node 26	AtA: 21728	cholCost: 92924	addCost: 7912	backsolveCost: 31775
node 27	AtA: 19106	cholCost: 149448	addCost: 13288	backsolveCost: 43743
node 28	AtA: 20854	cholCost: 53322	addCost: 4072	backsolveCost: 24624
node 29	AtA: 20854	cholCost: 53322	addCost: 4072	backsolveCost: 24624
node 30	AtA: 14736	cholCost: 31131	addCost: 2200	backsolveCost: 16002
node 31	AtA: 21728	cholCost: 74745	addCost: 4888	backsolveCost: 31323
node 32	AtA: 14736	cholCost: 31131	addCost: 2200	backsolveCost: 16002
node 33	AtA: 16484	cholCost: 52490	addCost: 3352	backsolveCost: 24523
node 34	AtA: 17358	cholCost: 57981	addCost: 4888	backsolveCost: 24826
node 35	AtA: 16484	cholCost: 150120	addCost: 11800	backsolveCost: 52131
node 36	AtA: 13862	cholCost: 108400	addCost: 18328	backsolveCost: 26341
node 37	AtA: 20854	cholCost: 53322	addCost: 4072	backsolveCost: 24624
node 38	AtA: 14736	cholCost: 31131	addCost: 2200	backsolveCost: 16002
node 39	AtA: 21728	cholCost: 74745	addCost: 4888	backsolveCost: 31323
node 40	AtA: 12988	cholCost: 64452	addCost: 11800	backsolveCost: 17157
node 41	AtA: 19980	cholCost: 52490	addCost: 3352	backsolveCost: 24523
node 42	AtA: 14736	cholCost: 31131	addCost: 2200	backsolveCost: 16002
node 43	AtA: 21728	cholCost: 74745	addCost: 4888	backsolveCost: 31323
node 44	AtA: 24350	cholCost: 158500	addCost: 9112	backsolveCost: 65566
node 45	AtA: 12114	cholCost: 156936	addCost: 14872	backsolveCost: 44017
node 46	AtA: 4230	cholCost: 141847	addCost: 31000	backsolveCost: 27250
node 47	AtA: 5960	cholCost: 405937	addCost: 47128	backsolveCost: 80970
node 48	AtA: 20854	cholCost: 53322	addCost: 4072	backsolveCost: 24624
node 49	AtA: 20854	cholCost: 53322	addCost: 4072	backsolveCost: 24624
node 50	AtA: 14736	cholCost: 31131	addCost: 2200	backsolveCost: 16002
node 51	AtA: 14736	cholCost: 31131	addCost: 2200	backsolveCost: 16002
node 52	AtA: 12988	cholCost: 40865	addCost: 4888	backsolveCost: 16464
node 53	AtA: 12988	cholCost: 40865	addCost: 4888	backsolveCost: 16464
node 54	AtA: 20854	cholCost: 53322	addCost: 4072	backsolveCost: 24624
node 55	AtA: 14736	cholCost: 31131	addCost: 2200	backsolveCost: 16002
node 56	AtA: 21728	cholCost: 74745	addCost: 4888	backsolveCost: 31323
node 57	AtA: 19106	cholCost: 124488	addCost: 9112	backsolveCost: 43195
node 58	AtA: 10366	cholCost: 88432	addCost: 11800	backsolveCost: 25735
node 59	AtA: 3884	cholCost: 78180	addCost: 18328	backsolveCost: 17619
node 60	AtA: 20854	cholCost: 53322	addCost: 4072	backsolveCost: 24624
node 61	AtA: 20854	cholCost: 53322	addCost: 4072	backsolveCost: 24624
node 62	AtA: 20854	cholCost: 53322	addCost: 4072	backsolveCost: 24624
node 63	AtA: 20854	cholCost: 53322	addCost: 4072	backsolveCost: 24624
node 64	AtA: 14736	cholCost: 119132	addCost: 13288	backsolveCost: 32453
node 65	AtA: 19106	cholCost: 178901	addCost: 20200	backsolveCost: 44565
node 66	AtA: 20854	cholCost: 53322	addCost: 4072	backsolveCost: 24624
node 67	AtA: 20854	cholCost: 53322	addCost: 4072	backsolveCost: 24624
node 68	AtA: 23476	cholCost: 138888	addCost: 10408	backsolveCost: 51833
node 69	AtA: 20854	cholCost: 53322	addCost: 4072	backsolveCost: 24624
node 70	AtA: 14736	cholCost: 31131	addCost: 2200	backsolveCost: 16002
node 71	AtA: 21728	cholCost: 74745	addCost: 4888	backsolveCost: 31323
node 72	AtA: 17358	cholCost: 68464	addCost: 6808	backsolveCost: 25129
node 73	AtA: 13862	cholCost: 88432	addCost: 11800	backsolveCost: 25735
node 74	AtA: 9492	cholCost: 93905	addCost: 26392	backsolveCost: 18081
node 75	AtA: 20854	cholCost: 53322	addCost: 4072	backsolveCost: 24624
node 76	AtA: 14736	cholCost: 31131	addCost: 2200	backsolveCost: 16002
node 77	AtA: 21728	cholCost: 74745	addCost: 4888	backsolveCost: 31323
node 78	AtA: 14736	cholCost: 31131	addCost: 2200	backsolveCost: 16002
node 79	AtA: 16484	cholCost: 52490	addCost: 3352	backsolveCost: 24523
node 80	AtA: 13862	cholCost: 75952	addCost: 9112	backsolveCost: 25432
node 81	AtA: 14736	cholCost: 107068	addCost: 11800	backsolveCost: 32340
node 82	AtA: 20854	cholCost: 53322	addCost: 4072	backsolveCost: 24624
node 83	AtA: 20854	cholCost: 53322	addCost: 4072	backsolveCost: 24624
node 84	AtA: 14736	cholCost: 31131	addCost: 2200	backsolveCost: 16002
node 85	AtA: 14736	cholCost: 31131	addCost: 2200	backsolveCost: 16002
node 86	AtA: 12988	cholCost: 40865	addCost: 4888	backsolveCost: 16464
node 87	AtA: 12988	cholCost: 40865	addCost: 4888	backsolveCost: 16464
node 88	AtA: 20854	cholCost: 53322	addCost: 4072	backsolveCost: 24624
node 89	AtA: 19980	cholCost: 52490	addCost: 3352	backsolveCost: 24523
node 90	AtA: 12988	cholCost: 52596	addCost: 9112	backsolveCost: 16926
node 91	AtA: 3884	cholCost: 52596	addCost: 9112	backsolveCost: 16926
node 92	AtA: 3884	cholCost: 66324	addCost: 14872	backsolveCost: 17388
node 93	AtA: 4230	cholCost: 115888	addCost: 22168	backsolveCost: 26644
node 94	AtA: 4922	cholCost: 264266	addCost: 41368	backsolveCost: 46483
node 95	AtA: 5268	cholCost: 301880	addCost: 47128	backsolveCost: 55707
node 96	AtA: 5268	cholCost: 313362	addCost: 50152	backsolveCost: 55856
node 97	AtA: 20854	cholCost: 53322	addCost: 4072	backsolveCost: 24624
node 98	AtA: 20854	cholCost: 53322	addCost: 4072	backsolveCost: 24624
node 99	AtA: 20854	cholCost: 53322	addCost: 4072	backsolveCost: 24624
node 100	AtA: 20854	cholCost: 53322	addCost: 4072	backsolveCost: 24624
node 101	AtA: 4230	cholCost: 89264	addCost: 13288	backsolveCost: 25836
node 102	AtA: 14736	cholCost: 31131	addCost: 2200	backsolveCost: 16002
node 103	AtA: 21728	cholCost: 74745	addCost: 4888	backsolveCost: 31323
node 104	AtA: 9492	cholCost: 45732	addCost: 6808	backsolveCost: 16695
node 105	AtA: 20854	cholCost: 53322	addCost: 4072	backsolveCost: 24624
node 106	AtA: 19980	cholCost: 52490	addCost: 3352	backsolveCost: 24523
node 107	AtA: 12988	cholCost: 52596	addCost: 9112	backsolveCost: 16926
node 108	AtA: 11240	cholCost: 107068	addCost: 11800	backsolveCost: 32340
node 109	AtA: 10366	cholCost: 132362	addCost: 26392	backsolveCost: 26947
node 110	AtA: 20854	cholCost: 53322	addCost: 4072	backsolveCost: 24624
node 111	AtA: 23476	cholCost: 74745	addCost: 4888	backsolveCost: 31323
node 112	AtA: 23476	cholCost: 150120	addCost: 11800	backsolveCost: 52131
node 113	AtA: 14736	cholCost: 31131	addCost: 2200	backsolveCost: 16002
node 114	AtA: 21728	cholCost: 74745	addCost: 4888	backsolveCost: 31323
node 115	AtA: 20854	cholCost: 53322	addCost: 4072	backsolveCost: 24624
node 116	AtA: 20854	cholCost: 53322	addCost: 4072	backsolveCost: 24624
node 117	AtA: 4576	cholCost: 162438	addCost: 24232	backsolveCost: 33470
node 118	AtA: 23476	cholCost: 74745	addCost: 4888	backsolveCost: 31323
node 119	AtA: 23476	cholCost: 74745	addCost: 4888	backsolveCost: 31323
node 120	AtA: 20854	cholCost: 53322	addCost: 4072	backsolveCost: 24624
node 121	AtA: 20854	cholCost: 53322	addCost: 4072	backsolveCost: 24624
node 122	AtA: 23476	cholCost: 138888	addCost: 10408	backsolveCost: 51833
node 123	AtA: 9492	cholCost: 109232	addCost: 20200	backsolveCost: 26442
node 124	AtA: 20854	cholCost: 53322	addCost: 4072	backsolveCost: 24624
node 125	AtA: 20854	cholCost: 53322	addCost: 4072	backsolveCost: 24624
node 126	AtA: 23476	cholCost: 138888	addCost: 10408	backsolveCost: 51833
node 127	AtA: 18232	cholCost: 52490	addCost: 3352	backsolveCost: 24523
node 128	AtA: 21728	cholCost: 65635	addCost: 3352	backsolveCost: 30984
node 129	AtA: 19980	cholCost: 110760	addCost: 6808	backsolveCost: 42784
node 130	AtA: 12988	cholCost: 45732	addCost: 6808	backsolveCost: 16695
node 131	AtA: 23476	cholCost: 74745	addCost: 4888	backsolveCost: 31323
node 132	AtA: 14736	cholCost: 31131	addCost: 2200	backsolveCost: 16002
node 133	AtA: 13862	cholCost: 40241	addCost: 4072	backsolveCost: 16310
node 134	AtA: 19980	cholCost: 84812	addCost: 5800	backsolveCost: 31436
node 135	AtA: 7744	cholCost: 95920	addCost: 14872	backsolveCost: 26038
node 136	AtA: 11240	cholCost: 326234	addCost: 41368	backsolveCost: 69718
node 137	AtA: 12988	cholCost: 404273	addCost: 44200	backsolveCost: 80600
node 138	AtA: 5614	cholCost: 375906	addCost: 53272	backsolveCost: 70756
node 139	AtA: 8036	cholCost: 757014	addCost: 53272	backsolveCost: 185286
node 140	AtA: 40956	cholCost: 1423508	addCost: 1192	backsolveCost: 1137552
node 141	AtA: 6870	cholCost: 16194	addCost: 1000	backsolveCost: 10977
node 142	AtA: -1	cholCost: 0	addCost: -1	backsolveCost: 1561

