cliques
97
node 0	AtA: 12236	cholCost: 0	addCost: 2200	backsolveCost: 16002
node 1	AtA: 18354	cholCost: 5520	addCost: 2728	backsolveCost: 30758
node 2	AtA: 9614	cholCost: 7728	addCost: 4888	backsolveCost: 16464
node 3	AtA: 12236	cholCost: 2688	addCost: 2200	backsolveCost: 16002
node 4	AtA: 12236	cholCost: 2688	addCost: 2200	backsolveCost: 16002
node 5	AtA: 12236	cholCost: 2688	addCost: 2200	backsolveCost: 16002
node 6	AtA: 18354	cholCost: 9520	addCost: 4888	backsolveCost: 24826
node 7	AtA: 19228	cholCost: 10416	addCost: 4888	backsolveCost: 31323
node 8	AtA: 11362	cholCost: 22843	addCost: 10408	backsolveCost: 25533
node 9	AtA: 12236	cholCost: 0	addCost: 2200	backsolveCost: 16002
node 10	AtA: 19228	cholCost: 10416	addCost: 4888	backsolveCost: 31323
node 11	AtA: 12236	cholCost: 2688	addCost: 2200	backsolveCost: 16002
node 12	AtA: 13984	cholCost: 6028	addCost: 3352	backsolveCost: 24523
node 13	AtA: 12236	cholCost: 2688	addCost: 2200	backsolveCost: 16002
node 14	AtA: 13984	cholCost: 6028	addCost: 3352	backsolveCost: 24523
node 15	AtA: 19228	cholCost: 10416	addCost: 4888	backsolveCost: 31323
node 16	AtA: 18354	cholCost: 8268	addCost: 4072	backsolveCost: 24624
node 17	AtA: 16484	cholCost: 35998	addCost: 3352	backsolveCost: 16233
node 18	AtA: 20854	cholCost: 53322	addCost: 4072	backsolveCost: 24624
node 19	AtA: 14736	cholCost: 31131	addCost: 2200	backsolveCost: 16002
node 20	AtA: 21728	cholCost: 74745	addCost: 4888	backsolveCost: 31323
node 21	AtA: 14736	cholCost: 31131	addCost: 2200	backsolveCost: 16002
node 22	AtA: 19106	cholCost: 61808	addCost: 5800	backsolveCost: 24927
node 23	AtA: 14736	cholCost: 31131	addCost: 2200	backsolveCost: 16002
node 24	AtA: 21728	cholCost: 74745	addCost: 4888	backsolveCost: 31323
node 25	AtA: 10366	cholCost: 69296	addCost: 7912	backsolveCost: 25230
node 26	AtA: 17358	cholCost: 81776	addCost: 10408	backsolveCost: 25533
node 27	AtA: 15610	cholCost: 149448	addCost: 13288	backsolveCost: 43743
node 28	AtA: 23476	cholCost: 74745	addCost: 4888	backsolveCost: 31323
node 29	AtA: 10366	cholCost: 51972	addCost: 7912	backsolveCost: 16772
node 30	AtA: 12114	cholCost: 125164	addCost: 14872	backsolveCost: 32679
node 31	AtA: 20854	cholCost: 53322	addCost: 4072	backsolveCost: 24624
node 32	AtA: 20854	cholCost: 53322	addCost: 4072	backsolveCost: 24624
node 33	AtA: 21728	cholCost: 74745	addCost: 4888	backsolveCost: 31323
node 34	AtA: 4230	cholCost: 75952	addCost: 9112	backsolveCost: 25432
node 35	AtA: 3884	cholCost: 66324	addCost: 14872	backsolveCost: 17388
node 36	AtA: 21728	cholCost: 65635	addCost: 3352	backsolveCost: 30984
node 37	AtA: 14736	cholCost: 31131	addCost: 2200	backsolveCost: 16002
node 38	AtA: 14736	cholCost: 31131	addCost: 2200	backsolveCost: 16002
node 39	AtA: 12988	cholCost: 40865	addCost: 4888	backsolveCost: 16464
node 40	AtA: 12988	cholCost: 40865	addCost: 4888	backsolveCost: 16464
node 41	AtA: 20854	cholCost: 53322	addCost: 4072	backsolveCost: 24624
node 42	AtA: 20854	cholCost: 53322	addCost: 4072	backsolveCost: 24624
node 43	AtA: 10366	cholCost: 88432	addCost: 11800	backsolveCost: 25735
node 44	AtA: 14736	cholCost: 125164	addCost: 14872	backsolveCost: 32679
node 45	AtA: 4576	cholCost: 140348	addCost: 20200	backsolveCost: 33131
node 46	AtA: 20854	cholCost: 53322	addCost: 4072	backsolveCost: 24624
node 47	AtA: 13862	cholCost: 68464	addCost: 6808	backsolveCost: 25129
node 48	AtA: 14736	cholCost: 31131	addCost: 2200	backsolveCost: 16002
node 49	AtA: 21728	cholCost: 74745	addCost: 4888	backsolveCost: 31323
node 50	AtA: 20854	cholCost: 53322	addCost: 4072	backsolveCost: 24624
node 51	AtA: 20854	cholCost: 53322	addCost: 4072	backsolveCost: 24624
node 52	AtA: 20854	cholCost: 53322	addCost: 4072	backsolveCost: 24624
node 53	AtA: 9614	cholCost: 7728	addCost: 4888	backsolveCost: 16464
node 54	AtA: 11362	cholCost: 19007	addCost: 9112	backsolveCost: 25432
node 55	AtA: 14736	cholCost: 107068	addCost: 11800	backsolveCost: 32340
node 56	AtA: 14736	cholCost: 31131	addCost: 2200	backsolveCost: 16002
node 57	AtA: 21728	cholCost: 74745	addCost: 4888	backsolveCost: 31323
node 58	AtA: 20854	cholCost: 53322	addCost: 4072	backsolveCost: 24624
node 59	AtA: 20854	cholCost: 53322	addCost: 4072	backsolveCost: 24624
node 60	AtA: 14736	cholCost: 31131	addCost: 2200	backsolveCost: 16002
node 61	AtA: 21728	cholCost: 74745	addCost: 4888	backsolveCost: 31323
node 62	AtA: 20854	cholCost: 53322	addCost: 4072	backsolveCost: 24624
node 63	AtA: 14736	cholCost: 31131	addCost: 2200	backsolveCost: 16002
node 64	AtA: 21728	cholCost: 74745	addCost: 4888	backsolveCost: 31323
node 65	AtA: 4230	cholCost: 75952	addCost: 9112	backsolveCost: 25432
node 66	AtA: 3884	cholCost: 66324	addCost: 14872	backsolveCost: 17388
node 67	AtA: 3884	cholCost: 66324	addCost: 14872	backsolveCost: 17388
node 68	AtA: 20854	cholCost: 53322	addCost: 4072	backsolveCost: 24624
node 69	AtA: 14736	cholCost: 31131	addCost: 2200	backsolveCost: 16002
node 70	AtA: 16484	cholCost: 52490	addCost: 3352	backsolveCost: 24523
node 71	AtA: 17358	cholCost: 57981	addCost: 4888	backsolveCost: 24826
node 72	AtA: 14736	cholCost: 31131	addCost: 2200	backsolveCost: 16002
node 73	AtA: 16484	cholCost: 52490	addCost: 3352	backsolveCost: 24523
node 74	AtA: 17358	cholCost: 57981	addCost: 4888	backsolveCost: 24826
node 75	AtA: 17358	cholCost: 68464	addCost: 6808	backsolveCost: 25129
node 76	AtA: 17358	cholCost: 182836	addCost: 11800	backsolveCost: 66085
node 77	AtA: 20854	cholCost: 53322	addCost: 4072	backsolveCost: 24624
node 78	AtA: 20854	cholCost: 53322	addCost: 4072	backsolveCost: 24624
node 79	AtA: 23476	cholCost: 138888	addCost: 10408	backsolveCost: 51833
node 80	AtA: 14736	cholCost: 31131	addCost: 2200	backsolveCost: 16002
node 81	AtA: 21728	cholCost: 74745	addCost: 4888	backsolveCost: 31323
node 82	AtA: 20854	cholCost: 53322	addCost: 4072	backsolveCost: 24624
node 83	AtA: 14736	cholCost: 31131	addCost: 2200	backsolveCost: 16002
node 84	AtA: 21728	cholCost: 74745	addCost: 4888	backsolveCost: 31323
node 85	AtA: 4230	cholCost: 75952	addCost: 9112	backsolveCost: 25432
node 86	AtA: 5614	cholCost: 221982	addCost: 20200	backsolveCost: 67296
node 87	AtA: 5268	cholCost: 194050	addCost: 20200	backsolveCost: 53174
node 88	AtA: 4922	cholCost: 178901	addCost: 20200	backsolveCost: 44565
node 89	AtA: 5960	cholCost: 263495	addCost: 20200	backsolveCost: 77825
node 90	AtA: 4230	cholCost: 109232	addCost: 20200	backsolveCost: 26442
node 91	AtA: 5960	cholCost: 263495	addCost: 20200	backsolveCost: 77825
node 92	AtA: 5268	cholCost: 179573	addCost: 18328	backsolveCost: 53025
node 93	AtA: 12988	cholCost: 209820	addCost: 7912	backsolveCost: 92127
node 94	AtA: 24350	cholCost: 186578	addCost: 1192	backsolveCost: 155550
node 95	AtA: 6870	cholCost: 16194	addCost: 1000	backsolveCost: 10977
node 96	AtA: -1	cholCost: 0	addCost: -1	backsolveCost: 1561

