cliques
76
node 0	AtA: 12236	cholCost: 2688	addCost: 2200	backsolveCost: 16002
node 1	AtA: 13984	cholCost: 6028	addCost: 3352	backsolveCost: 24523
node 2	AtA: 12236	cholCost: 2688	addCost: 2200	backsolveCost: 16002
node 3	AtA: 14858	cholCost: 9520	addCost: 4888	backsolveCost: 24826
node 4	AtA: 12236	cholCost: 0	addCost: 2200	backsolveCost: 16002
node 5	AtA: 13984	cholCost: 6161	addCost: 3352	backsolveCost: 24523
node 6	AtA: 17480	cholCost: 6028	addCost: 3352	backsolveCost: 24523
node 7	AtA: 13984	cholCost: 6028	addCost: 3352	backsolveCost: 24523
node 8	AtA: 14858	cholCost: 9659	addCost: 4888	backsolveCost: 24826
node 9	AtA: 12236	cholCost: 2688	addCost: 2200	backsolveCost: 16002
node 10	AtA: 18354	cholCost: 8268	addCost: 4072	backsolveCost: 24624
node 11	AtA: 12236	cholCost: 2688	addCost: 2200	backsolveCost: 16002
node 12	AtA: 19228	cholCost: 10416	addCost: 4888	backsolveCost: 31323
node 13	AtA: 14858	cholCost: 13937	addCost: 6808	backsolveCost: 25129
node 14	AtA: 12236	cholCost: 2688	addCost: 2200	backsolveCost: 16002
node 15	AtA: 18354	cholCost: 8401	addCost: 4072	backsolveCost: 24624
node 16	AtA: 16484	cholCost: 35998	addCost: 3352	backsolveCost: 16233
node 17	AtA: 18232	cholCost: 52490	addCost: 3352	backsolveCost: 24523
node 18	AtA: 17358	cholCost: 57981	addCost: 4888	backsolveCost: 24826
node 19	AtA: 25224	cholCost: 158500	addCost: 9112	backsolveCost: 65566
node 20	AtA: 14736	cholCost: 31131	addCost: 2200	backsolveCost: 16002
node 21	AtA: 14736	cholCost: 40241	addCost: 4072	backsolveCost: 16310
node 22	AtA: 15610	cholCost: 45732	addCost: 6808	backsolveCost: 16695
node 23	AtA: 18232	cholCost: 52490	addCost: 3352	backsolveCost: 24523
node 24	AtA: 17358	cholCost: 57981	addCost: 4888	backsolveCost: 24826
node 25	AtA: 15610	cholCost: 107068	addCost: 11800	backsolveCost: 32340
node 26	AtA: 19980	cholCost: 52490	addCost: 3352	backsolveCost: 24523
node 27	AtA: 14736	cholCost: 31131	addCost: 2200	backsolveCost: 16002
node 28	AtA: 21728	cholCost: 74745	addCost: 4888	backsolveCost: 31323
node 29	AtA: 24350	cholCost: 158500	addCost: 9112	backsolveCost: 65566
node 30	AtA: 14736	cholCost: 125164	addCost: 14872	backsolveCost: 32679
node 31	AtA: 4230	cholCost: 109232	addCost: 20200	backsolveCost: 26442
node 32	AtA: 24350	cholCost: 84812	addCost: 5800	backsolveCost: 31436
node 33	AtA: 11240	cholCost: 58836	addCost: 10408	backsolveCost: 17003
node 34	AtA: 14736	cholCost: 31131	addCost: 2200	backsolveCost: 16002
node 35	AtA: 21728	cholCost: 74745	addCost: 4888	backsolveCost: 31323
node 36	AtA: 14736	cholCost: 31131	addCost: 2200	backsolveCost: 16002
node 37	AtA: 21728	cholCost: 74745	addCost: 4888	backsolveCost: 31323
node 38	AtA: 13862	cholCost: 75952	addCost: 9112	backsolveCost: 25432
node 39	AtA: 14736	cholCost: 231213	addCost: 14872	backsolveCost: 77085
node 40	AtA: 16484	cholCost: 52490	addCost: 3352	backsolveCost: 24523
node 41	AtA: 14736	cholCost: 31131	addCost: 2200	backsolveCost: 16002
node 42	AtA: 21728	cholCost: 74745	addCost: 4888	backsolveCost: 31323
node 43	AtA: 9492	cholCost: 45732	addCost: 6808	backsolveCost: 16695
node 44	AtA: 16484	cholCost: 57981	addCost: 4888	backsolveCost: 24826
node 45	AtA: 4576	cholCost: 119132	addCost: 13288	backsolveCost: 32453
node 46	AtA: 4576	cholCost: 119132	addCost: 13288	backsolveCost: 32453
node 47	AtA: 14736	cholCost: 31131	addCost: 2200	backsolveCost: 16002
node 48	AtA: 21728	cholCost: 74745	addCost: 4888	backsolveCost: 31323
node 49	AtA: 12236	cholCost: 2688	addCost: 2200	backsolveCost: 16002
node 50	AtA: 21728	cholCost: 74745	addCost: 4888	backsolveCost: 31323
node 51	AtA: 14736	cholCost: 31131	addCost: 2200	backsolveCost: 16002
node 52	AtA: 16484	cholCost: 52490	addCost: 3352	backsolveCost: 24523
node 53	AtA: 21728	cholCost: 85852	addCost: 6808	backsolveCost: 31662
node 54	AtA: 14736	cholCost: 31131	addCost: 2200	backsolveCost: 16002
node 55	AtA: 21728	cholCost: 74745	addCost: 4888	backsolveCost: 31323
node 56	AtA: 17358	cholCost: 68464	addCost: 6808	backsolveCost: 25129
node 57	AtA: 10366	cholCost: 88432	addCost: 11800	backsolveCost: 25735
node 58	AtA: 14736	cholCost: 31131	addCost: 2200	backsolveCost: 16002
node 59	AtA: 21728	cholCost: 74745	addCost: 4888	backsolveCost: 31323
node 60	AtA: 21728	cholCost: 65635	addCost: 3352	backsolveCost: 30984
node 61	AtA: 21728	cholCost: 85852	addCost: 6808	backsolveCost: 31662
node 62	AtA: 12236	cholCost: 2688	addCost: 2200	backsolveCost: 16002
node 63	AtA: 21728	cholCost: 74745	addCost: 4888	backsolveCost: 31323
node 64	AtA: 16484	cholCost: 52490	addCost: 3352	backsolveCost: 24523
node 65	AtA: 20854	cholCost: 53322	addCost: 4072	backsolveCost: 24624
node 66	AtA: 23476	cholCost: 126408	addCost: 9112	backsolveCost: 51684
node 67	AtA: 6306	cholCost: 257993	addCost: 13288	backsolveCost: 93381
node 68	AtA: 6306	cholCost: 257993	addCost: 13288	backsolveCost: 93381
node 69	AtA: 16484	cholCost: 157608	addCost: 13288	backsolveCost: 52280
node 70	AtA: 5268	cholCost: 157608	addCost: 13288	backsolveCost: 52280
node 71	AtA: 5268	cholCost: 158856	addCost: 14872	backsolveCost: 52578
node 72	AtA: 13862	cholCost: 224556	addCost: 7912	backsolveCost: 104432
node 73	AtA: 19106	cholCost: 143040	addCost: 1192	backsolveCost: 119967
node 74	AtA: 6870	cholCost: 16194	addCost: 1000	backsolveCost: 10977
node 75	AtA: -1	cholCost: 0	addCost: -1	backsolveCost: 1561

