cliques
165
node 0	AtA: 12236	cholCost: 2688	addCost: 2200	backsolveCost: 16002
node 1	AtA: 18354	cholCost: 5520	addCost: 2728	backsolveCost: 30758
node 2	AtA: 9614	cholCost: 7728	addCost: 4888	backsolveCost: 16464
node 3	AtA: 12236	cholCost: 2688	addCost: 2200	backsolveCost: 16002
node 4	AtA: 12236	cholCost: 2688	addCost: 2200	backsolveCost: 16002
node 5	AtA: 19228	cholCost: 10416	addCost: 4888	backsolveCost: 31323
node 6	AtA: 18354	cholCost: 8268	addCost: 4072	backsolveCost: 24624
node 7	AtA: 18354	cholCost: 8401	addCost: 4072	backsolveCost: 24624
node 8	AtA: 17480	cholCost: 6028	addCost: 3352	backsolveCost: 24523
node 9	AtA: 12236	cholCost: 2688	addCost: 2200	backsolveCost: 16002
node 10	AtA: 19228	cholCost: 10416	addCost: 4888	backsolveCost: 31323
node 11	AtA: 23476	cholCost: 74745	addCost: 4888	backsolveCost: 31323
node 12	AtA: 20854	cholCost: 53322	addCost: 4072	backsolveCost: 24624
node 13	AtA: 12988	cholCost: 64452	addCost: 11800	backsolveCost: 17157
node 14	AtA: 23476	cholCost: 74745	addCost: 4888	backsolveCost: 31323
node 15	AtA: 23476	cholCost: 74745	addCost: 4888	backsolveCost: 31323
node 16	AtA: 25224	cholCost: 158856	addCost: 14872	backsolveCost: 52578
node 17	AtA: 6870	cholCost: 86292	addCost: 24232	backsolveCost: 17927
node 18	AtA: 20854	cholCost: 53322	addCost: 4072	backsolveCost: 24624
node 19	AtA: 20854	cholCost: 53322	addCost: 4072	backsolveCost: 24624
node 20	AtA: 17358	cholCost: 47831	addCost: 2728	backsolveCost: 24321
node 21	AtA: 18232	cholCost: 57981	addCost: 4888	backsolveCost: 24826
node 22	AtA: 20854	cholCost: 53322	addCost: 4072	backsolveCost: 24624
node 23	AtA: 14736	cholCost: 31131	addCost: 2200	backsolveCost: 16002
node 24	AtA: 21728	cholCost: 74745	addCost: 4888	backsolveCost: 31323
node 25	AtA: 21728	cholCost: 204256	addCost: 11800	backsolveCost: 76530
node 26	AtA: 23476	cholCost: 74745	addCost: 4888	backsolveCost: 31323
node 27	AtA: 23476	cholCost: 74745	addCost: 4888	backsolveCost: 31323
node 28	AtA: 13862	cholCost: 65700	addCost: 13288	backsolveCost: 17234
node 29	AtA: 19980	cholCost: 52490	addCost: 3352	backsolveCost: 24523
node 30	AtA: 14736	cholCost: 45108	addCost: 5800	backsolveCost: 16541
node 31	AtA: 20854	cholCost: 53322	addCost: 4072	backsolveCost: 24624
node 32	AtA: 14736	cholCost: 31131	addCost: 2200	backsolveCost: 16002
node 33	AtA: 21728	cholCost: 74745	addCost: 4888	backsolveCost: 31323
node 34	AtA: 10366	cholCost: 204783	addCost: 24232	backsolveCost: 53621
node 35	AtA: 11240	cholCost: 326234	addCost: 41368	backsolveCost: 69718
node 36	AtA: 20854	cholCost: 53322	addCost: 4072	backsolveCost: 24624
node 37	AtA: 20854	cholCost: 53322	addCost: 4072	backsolveCost: 24624
node 38	AtA: 12988	cholCost: 58836	addCost: 10408	backsolveCost: 17003
node 39	AtA: 20854	cholCost: 53322	addCost: 4072	backsolveCost: 24624
node 40	AtA: 20854	cholCost: 53322	addCost: 4072	backsolveCost: 24624
node 41	AtA: 22602	cholCost: 149448	addCost: 13288	backsolveCost: 43743
node 42	AtA: 3884	cholCost: 84420	addCost: 20200	backsolveCost: 17696
node 43	AtA: 20854	cholCost: 53322	addCost: 4072	backsolveCost: 24624
node 44	AtA: 14736	cholCost: 31131	addCost: 2200	backsolveCost: 16002
node 45	AtA: 21728	cholCost: 74745	addCost: 4888	backsolveCost: 31323
node 46	AtA: 14736	cholCost: 31131	addCost: 2200	backsolveCost: 16002
node 47	AtA: 21728	cholCost: 74745	addCost: 4888	backsolveCost: 31323
node 48	AtA: 9492	cholCost: 52596	addCost: 9112	backsolveCost: 16926
node 49	AtA: 14736	cholCost: 107068	addCost: 11800	backsolveCost: 32340
node 50	AtA: 20854	cholCost: 53322	addCost: 4072	backsolveCost: 24624
node 51	AtA: 20854	cholCost: 53322	addCost: 4072	backsolveCost: 24624
node 52	AtA: 12988	cholCost: 58836	addCost: 10408	backsolveCost: 17003
node 53	AtA: 20854	cholCost: 53322	addCost: 4072	backsolveCost: 24624
node 54	AtA: 14736	cholCost: 31131	addCost: 2200	backsolveCost: 16002
node 55	AtA: 14736	cholCost: 31131	addCost: 2200	backsolveCost: 16002
node 56	AtA: 12988	cholCost: 40865	addCost: 4888	backsolveCost: 16464
node 57	AtA: 12988	cholCost: 40865	addCost: 4888	backsolveCost: 16464
node 58	AtA: 13862	cholCost: 75952	addCost: 9112	backsolveCost: 25432
node 59	AtA: 3884	cholCost: 66324	addCost: 14872	backsolveCost: 17388
node 60	AtA: 11240	cholCost: 163478	addCost: 26392	backsolveCost: 33696
node 61	AtA: 4576	cholCost: 214772	addCost: 41368	backsolveCost: 34713
node 62	AtA: 14736	cholCost: 31131	addCost: 2200	backsolveCost: 16002
node 63	AtA: 21728	cholCost: 74745	addCost: 4888	backsolveCost: 31323
node 64	AtA: 20854	cholCost: 53322	addCost: 4072	backsolveCost: 24624
node 65	AtA: 14736	cholCost: 31131	addCost: 2200	backsolveCost: 16002
node 66	AtA: 16484	cholCost: 52490	addCost: 3352	backsolveCost: 24523
node 67	AtA: 12988	cholCost: 52596	addCost: 9112	backsolveCost: 16926
node 68	AtA: 10366	cholCost: 88432	addCost: 11800	backsolveCost: 25735
node 69	AtA: 20854	cholCost: 53322	addCost: 4072	backsolveCost: 24624
node 70	AtA: 20854	cholCost: 53322	addCost: 4072	backsolveCost: 24624
node 71	AtA: 20854	cholCost: 53322	addCost: 4072	backsolveCost: 24624
node 72	AtA: 23476	cholCost: 138888	addCost: 10408	backsolveCost: 51833
node 73	AtA: 13862	cholCost: 101744	addCost: 16552	backsolveCost: 26139
node 74	AtA: 3884	cholCost: 93905	addCost: 26392	backsolveCost: 18081
node 75	AtA: 20854	cholCost: 53322	addCost: 4072	backsolveCost: 24624
node 76	AtA: 20854	cholCost: 53322	addCost: 4072	backsolveCost: 24624
node 77	AtA: 20854	cholCost: 53322	addCost: 4072	backsolveCost: 24624
node 78	AtA: 20854	cholCost: 53322	addCost: 4072	backsolveCost: 24624
node 79	AtA: 20854	cholCost: 53322	addCost: 4072	backsolveCost: 24624
node 80	AtA: 20854	cholCost: 53322	addCost: 4072	backsolveCost: 24624
node 81	AtA: 4230	cholCost: 89264	addCost: 13288	backsolveCost: 25836
node 82	AtA: 3884	cholCost: 84420	addCost: 20200	backsolveCost: 17696
node 83	AtA: 20854	cholCost: 53322	addCost: 4072	backsolveCost: 24624
node 84	AtA: 20854	cholCost: 53322	addCost: 4072	backsolveCost: 24624
node 85	AtA: 23476	cholCost: 138888	addCost: 10408	backsolveCost: 51833
node 86	AtA: 20854	cholCost: 53322	addCost: 4072	backsolveCost: 24624
node 87	AtA: 12988	cholCost: 64452	addCost: 11800	backsolveCost: 17157
node 88	AtA: 16484	cholCost: 57981	addCost: 4888	backsolveCost: 24826
node 89	AtA: 14736	cholCost: 31131	addCost: 2200	backsolveCost: 16002
node 90	AtA: 21728	cholCost: 74745	addCost: 4888	backsolveCost: 31323
node 91	AtA: 14736	cholCost: 98956	addCost: 9112	backsolveCost: 32001
node 92	AtA: 12114	cholCost: 156936	addCost: 14872	backsolveCost: 44017
node 93	AtA: 10366	cholCost: 132362	addCost: 26392	backsolveCost: 26947
node 94	AtA: 3884	cholCost: 138210	addCost: 53272	backsolveCost: 19236
node 95	AtA: 5960	cholCost: 467838	addCost: 59800	backsolveCost: 82080
node 96	AtA: 6306	cholCost: 640884	addCost: 77800	backsolveCost: 100905
node 97	AtA: 20854	cholCost: 53322	addCost: 4072	backsolveCost: 24624
node 98	AtA: 20854	cholCost: 53322	addCost: 4072	backsolveCost: 24624
node 99	AtA: 20854	cholCost: 53322	addCost: 4072	backsolveCost: 24624
node 100	AtA: 14736	cholCost: 119132	addCost: 13288	backsolveCost: 32453
node 101	AtA: 14736	cholCost: 31131	addCost: 2200	backsolveCost: 16002
node 102	AtA: 14736	cholCost: 31131	addCost: 2200	backsolveCost: 16002
node 103	AtA: 12988	cholCost: 40865	addCost: 4888	backsolveCost: 16464
node 104	AtA: 12988	cholCost: 40865	addCost: 4888	backsolveCost: 16464
node 105	AtA: 20854	cholCost: 53322	addCost: 4072	backsolveCost: 24624
node 106	AtA: 20854	cholCost: 53322	addCost: 4072	backsolveCost: 24624
node 107	AtA: 10366	cholCost: 88432	addCost: 11800	backsolveCost: 25735
node 108	AtA: 3884	cholCost: 85044	addCost: 22168	backsolveCost: 17850
node 109	AtA: 14736	cholCost: 31131	addCost: 2200	backsolveCost: 16002
node 110	AtA: 21728	cholCost: 74745	addCost: 4888	backsolveCost: 31323
node 111	AtA: 20854	cholCost: 53322	addCost: 4072	backsolveCost: 24624
node 112	AtA: 14736	cholCost: 31131	addCost: 2200	backsolveCost: 16002
node 113	AtA: 16484	cholCost: 52490	addCost: 3352	backsolveCost: 24523
node 114	AtA: 12988	cholCost: 52596	addCost: 9112	backsolveCost: 16926
node 115	AtA: 10366	cholCost: 88432	addCost: 11800	backsolveCost: 25735
node 116	AtA: 20854	cholCost: 53322	addCost: 4072	backsolveCost: 24624
node 117	AtA: 20854	cholCost: 53322	addCost: 4072	backsolveCost: 24624
node 118	AtA: 20854	cholCost: 53322	addCost: 4072	backsolveCost: 24624
node 119	AtA: 23476	cholCost: 138888	addCost: 10408	backsolveCost: 51833
node 120	AtA: 13862	cholCost: 101744	addCost: 16552	backsolveCost: 26139
node 121	AtA: 11240	cholCost: 163478	addCost: 26392	backsolveCost: 33696
node 122	AtA: 4922	cholCost: 264266	addCost: 41368	backsolveCost: 46483
node 123	AtA: 20854	cholCost: 53322	addCost: 4072	backsolveCost: 24624
node 124	AtA: 20854	cholCost: 53322	addCost: 4072	backsolveCost: 24624
node 125	AtA: 14736	cholCost: 31131	addCost: 2200	backsolveCost: 16002
node 126	AtA: 21728	cholCost: 74745	addCost: 4888	backsolveCost: 31323
node 127	AtA: 14736	cholCost: 31131	addCost: 2200	backsolveCost: 16002
node 128	AtA: 21728	cholCost: 74745	addCost: 4888	backsolveCost: 31323
node 129	AtA: 9492	cholCost: 52596	addCost: 9112	backsolveCost: 16926
node 130	AtA: 14736	cholCost: 107068	addCost: 11800	backsolveCost: 32340
node 131	AtA: 13862	cholCost: 108400	addCost: 18328	backsolveCost: 26341
node 132	AtA: 20854	cholCost: 53322	addCost: 4072	backsolveCost: 24624
node 133	AtA: 12988	cholCost: 58836	addCost: 10408	backsolveCost: 17003
node 134	AtA: 20854	cholCost: 53322	addCost: 4072	backsolveCost: 24624
node 135	AtA: 20854	cholCost: 53322	addCost: 4072	backsolveCost: 24624
node 136	AtA: 20854	cholCost: 53322	addCost: 4072	backsolveCost: 24624
node 137	AtA: 20854	cholCost: 53322	addCost: 4072	backsolveCost: 24624
node 138	AtA: 12988	cholCost: 58836	addCost: 10408	backsolveCost: 17003
node 139	AtA: 3884	cholCost: 72564	addCost: 16552	backsolveCost: 17465
node 140	AtA: 4922	cholCost: 312690	addCost: 53272	backsolveCost: 47305
node 141	AtA: 23476	cholCost: 74745	addCost: 4888	backsolveCost: 31323
node 142	AtA: 12988	cholCost: 65700	addCost: 13288	backsolveCost: 17234
node 143	AtA: 20854	cholCost: 53322	addCost: 4072	backsolveCost: 24624
node 144	AtA: 13862	cholCost: 45108	addCost: 5800	backsolveCost: 16541
node 145	AtA: 24350	cholCost: 100277	addCost: 5800	backsolveCost: 42510
node 146	AtA: 11240	cholCost: 75952	addCost: 9112	backsolveCost: 25432
node 147	AtA: 15610	cholCost: 119132	addCost: 13288	backsolveCost: 32453
node 148	AtA: 13862	cholCost: 179573	addCost: 18328	backsolveCost: 53025
node 149	AtA: 20854	cholCost: 53322	addCost: 4072	backsolveCost: 24624
node 150	AtA: 20854	cholCost: 53322	addCost: 4072	backsolveCost: 24624
node 151	AtA: 14736	cholCost: 119132	addCost: 13288	backsolveCost: 32453
node 152	AtA: 20854	cholCost: 53322	addCost: 4072	backsolveCost: 24624
node 153	AtA: 20854	cholCost: 53322	addCost: 4072	backsolveCost: 24624
node 154	AtA: 14736	cholCost: 31131	addCost: 2200	backsolveCost: 16002
node 155	AtA: 21728	cholCost: 74745	addCost: 4888	backsolveCost: 31323
node 156	AtA: 19980	cholCost: 158856	addCost: 14872	backsolveCost: 52578
node 157	AtA: 3884	cholCost: 93905	addCost: 26392	backsolveCost: 18081
node 158	AtA: 4576	cholCost: 214772	addCost: 41368	backsolveCost: 34713
node 159	AtA: 5960	cholCost: 578660	addCost: 81688	backsolveCost: 83745
node 160	AtA: 7344	cholCost: 828938	addCost: 77800	backsolveCost: 148661
node 161	AtA: 10458	cholCost: 1335432	addCost: 53272	backsolveCost: 363937
node 162	AtA: 39208	cholCost: 1213116	addCost: 1192	backsolveCost: 980975
node 163	AtA: 6870	cholCost: 16194	addCost: 1000	backsolveCost: 10977
node 164	AtA: -1	cholCost: 0	addCost: -1	backsolveCost: 1561

