cliques
93
node 0	AtA: 12236	cholCost: 2688	addCost: 2200	backsolveCost: 16002
node 1	AtA: 18354	cholCost: 5520	addCost: 2728	backsolveCost: 30758
node 2	AtA: 12236	cholCost: 2688	addCost: 2200	backsolveCost: 16002
node 3	AtA: 18354	cholCost: 8268	addCost: 4072	backsolveCost: 24624
node 4	AtA: 12236	cholCost: 2688	addCost: 2200	backsolveCost: 16002
node 5	AtA: 19228	cholCost: 10416	addCost: 4888	backsolveCost: 31323
node 6	AtA: 12236	cholCost: 2688	addCost: 2200	backsolveCost: 16002
node 7	AtA: 19228	cholCost: 10416	addCost: 4888	backsolveCost: 31323
node 8	AtA: 14736	cholCost: 31131	addCost: 2200	backsolveCost: 16002
node 9	AtA: 21728	cholCost: 74745	addCost: 4888	backsolveCost: 31323
node 10	AtA: 19106	cholCost: 52490	addCost: 3352	backsolveCost: 24523
node 11	AtA: 19980	cholCost: 52490	addCost: 3352	backsolveCost: 24523
node 12	AtA: 13862	cholCost: 68464	addCost: 6808	backsolveCost: 25129
node 13	AtA: 12988	cholCost: 45732	addCost: 6808	backsolveCost: 16695
node 14	AtA: 20854	cholCost: 53322	addCost: 4072	backsolveCost: 24624
node 15	AtA: 21728	cholCost: 92924	addCost: 7912	backsolveCost: 31775
node 16	AtA: 21728	cholCost: 74745	addCost: 4888	backsolveCost: 31323
node 17	AtA: 17358	cholCost: 68464	addCost: 6808	backsolveCost: 25129
node 18	AtA: 10366	cholCost: 88432	addCost: 11800	backsolveCost: 25735
node 19	AtA: 4576	cholCost: 140348	addCost: 20200	backsolveCost: 33131
node 20	AtA: 20854	cholCost: 53322	addCost: 4072	backsolveCost: 24624
node 21	AtA: 14736	cholCost: 31131	addCost: 2200	backsolveCost: 16002
node 22	AtA: 21728	cholCost: 74745	addCost: 4888	backsolveCost: 31323
node 23	AtA: 20854	cholCost: 53322	addCost: 4072	backsolveCost: 24624
node 24	AtA: 14736	cholCost: 31131	addCost: 2200	backsolveCost: 16002
node 25	AtA: 21728	cholCost: 74745	addCost: 4888	backsolveCost: 31323
node 26	AtA: 4230	cholCost: 75952	addCost: 9112	backsolveCost: 25432
node 27	AtA: 13862	cholCost: 95920	addCost: 14872	backsolveCost: 26038
node 28	AtA: 20854	cholCost: 53322	addCost: 4072	backsolveCost: 24624
node 29	AtA: 21728	cholCost: 92924	addCost: 7912	backsolveCost: 31775
node 30	AtA: 14736	cholCost: 31131	addCost: 2200	backsolveCost: 16002
node 31	AtA: 14736	cholCost: 31131	addCost: 2200	backsolveCost: 16002
node 32	AtA: 16484	cholCost: 52490	addCost: 3352	backsolveCost: 24523
node 33	AtA: 23476	cholCost: 117672	addCost: 6808	backsolveCost: 51237
node 34	AtA: 14736	cholCost: 125164	addCost: 14872	backsolveCost: 32679
node 35	AtA: 4576	cholCost: 140348	addCost: 20200	backsolveCost: 33131
node 36	AtA: 14736	cholCost: 31131	addCost: 2200	backsolveCost: 16002
node 37	AtA: 21728	cholCost: 74745	addCost: 4888	backsolveCost: 31323
node 38	AtA: 14736	cholCost: 31131	addCost: 2200	backsolveCost: 16002
node 39	AtA: 21728	cholCost: 74745	addCost: 4888	backsolveCost: 31323
node 40	AtA: 9492	cholCost: 52596	addCost: 9112	backsolveCost: 16926
node 41	AtA: 20854	cholCost: 53322	addCost: 4072	backsolveCost: 24624
node 42	AtA: 14736	cholCost: 31131	addCost: 2200	backsolveCost: 16002
node 43	AtA: 21728	cholCost: 74745	addCost: 4888	backsolveCost: 31323
node 44	AtA: 14736	cholCost: 31131	addCost: 2200	backsolveCost: 16002
node 45	AtA: 21728	cholCost: 74745	addCost: 4888	backsolveCost: 31323
node 46	AtA: 16484	cholCost: 150120	addCost: 11800	backsolveCost: 52131
node 47	AtA: 14736	cholCost: 31131	addCost: 2200	backsolveCost: 16002
node 48	AtA: 21728	cholCost: 74745	addCost: 4888	backsolveCost: 31323
node 49	AtA: 17358	cholCost: 68464	addCost: 6808	backsolveCost: 25129
node 50	AtA: 14736	cholCost: 31131	addCost: 2200	backsolveCost: 16002
node 51	AtA: 14736	cholCost: 31131	addCost: 2200	backsolveCost: 16002
node 52	AtA: 12988	cholCost: 40865	addCost: 4888	backsolveCost: 16464
node 53	AtA: 12988	cholCost: 40865	addCost: 4888	backsolveCost: 16464
node 54	AtA: 14736	cholCost: 107068	addCost: 11800	backsolveCost: 32340
node 55	AtA: 20854	cholCost: 53322	addCost: 4072	backsolveCost: 24624
node 56	AtA: 20854	cholCost: 53322	addCost: 4072	backsolveCost: 24624
node 57	AtA: 14736	cholCost: 31131	addCost: 2200	backsolveCost: 16002
node 58	AtA: 21728	cholCost: 74745	addCost: 4888	backsolveCost: 31323
node 59	AtA: 12988	cholCost: 64452	addCost: 11800	backsolveCost: 17157
node 60	AtA: 19106	cholCost: 165672	addCost: 18328	backsolveCost: 44428
node 61	AtA: 4576	cholCost: 140348	addCost: 20200	backsolveCost: 33131
node 62	AtA: 19106	cholCost: 124488	addCost: 9112	backsolveCost: 43195
node 63	AtA: 14736	cholCost: 31131	addCost: 2200	backsolveCost: 16002
node 64	AtA: 16484	cholCost: 52490	addCost: 3352	backsolveCost: 24523
node 65	AtA: 17358	cholCost: 57981	addCost: 4888	backsolveCost: 24826
node 66	AtA: 20854	cholCost: 53322	addCost: 4072	backsolveCost: 24624
node 67	AtA: 14736	cholCost: 31131	addCost: 2200	backsolveCost: 16002
node 68	AtA: 14736	cholCost: 31131	addCost: 2200	backsolveCost: 16002
node 69	AtA: 12988	cholCost: 40865	addCost: 4888	backsolveCost: 16464
node 70	AtA: 12988	cholCost: 40865	addCost: 4888	backsolveCost: 16464
node 71	AtA: 13862	cholCost: 75952	addCost: 9112	backsolveCost: 25432
node 72	AtA: 4576	cholCost: 140348	addCost: 20200	backsolveCost: 33131
node 73	AtA: 20854	cholCost: 53322	addCost: 4072	backsolveCost: 24624
node 74	AtA: 21728	cholCost: 92924	addCost: 7912	backsolveCost: 31775
node 75	AtA: 14736	cholCost: 51972	addCost: 7912	backsolveCost: 16772
node 76	AtA: 12114	cholCost: 40865	addCost: 4888	backsolveCost: 16464
node 77	AtA: 13862	cholCost: 45108	addCost: 5800	backsolveCost: 16541
node 78	AtA: 11240	cholCost: 88432	addCost: 11800	backsolveCost: 25735
node 79	AtA: 20854	cholCost: 53322	addCost: 4072	backsolveCost: 24624
node 80	AtA: 24350	cholCost: 84812	addCost: 5800	backsolveCost: 31436
node 81	AtA: 14736	cholCost: 32379	addCost: 2728	backsolveCost: 16079
node 82	AtA: 22602	cholCost: 70710	addCost: 4072	backsolveCost: 31097
node 83	AtA: 11240	cholCost: 45108	addCost: 5800	backsolveCost: 16541
node 84	AtA: 6870	cholCost: 65700	addCost: 13288	backsolveCost: 17234
node 85	AtA: 12988	cholCost: 165672	addCost: 18328	backsolveCost: 44428
node 86	AtA: 4230	cholCost: 108400	addCost: 18328	backsolveCost: 26341
node 87	AtA: 16484	cholCost: 306176	addCost: 18328	backsolveCost: 106863
node 88	AtA: 5960	cholCost: 248186	addCost: 18328	backsolveCost: 77640
node 89	AtA: 6998	cholCost: 357862	addCost: 18328	backsolveCost: 126337
node 90	AtA: 27846	cholCost: 586075	addCost: 1192	backsolveCost: 493301
node 91	AtA: 6870	cholCost: 16194	addCost: 1000	backsolveCost: 10977
node 92	AtA: -1	cholCost: 0	addCost: -1	backsolveCost: 1561

