cliques
173
node 0	AtA: 12236	cholCost: 0	addCost: 2200	backsolveCost: 16002
node 1	AtA: 18354	cholCost: 5520	addCost: 2728	backsolveCost: 30758
node 2	AtA: 9614	cholCost: 7728	addCost: 4888	backsolveCost: 16464
node 3	AtA: 12236	cholCost: 0	addCost: 2200	backsolveCost: 16002
node 4	AtA: 13984	cholCost: 6028	addCost: 3352	backsolveCost: 24523
node 5	AtA: 12236	cholCost: 2688	addCost: 2200	backsolveCost: 16002
node 6	AtA: 18354	cholCost: 8268	addCost: 4072	backsolveCost: 24624
node 7	AtA: 18354	cholCost: 8268	addCost: 4072	backsolveCost: 24624
node 8	AtA: 19228	cholCost: 18696	addCost: 7912	backsolveCost: 31775
node 9	AtA: 18354	cholCost: 8395	addCost: 4072	backsolveCost: 24624
node 10	AtA: 18354	cholCost: 8413	addCost: 4072	backsolveCost: 24624
node 11	AtA: 18354	cholCost: 8425	addCost: 4072	backsolveCost: 24624
node 12	AtA: 12236	cholCost: 0	addCost: 2200	backsolveCost: 16002
node 13	AtA: 18354	cholCost: 8401	addCost: 4072	backsolveCost: 24624
node 14	AtA: 20854	cholCost: 53322	addCost: 4072	backsolveCost: 24624
node 15	AtA: 20854	cholCost: 53322	addCost: 4072	backsolveCost: 24624
node 16	AtA: 20854	cholCost: 53322	addCost: 4072	backsolveCost: 24624
node 17	AtA: 20854	cholCost: 53322	addCost: 4072	backsolveCost: 24624
node 18	AtA: 23476	cholCost: 138888	addCost: 10408	backsolveCost: 51833
node 19	AtA: 3884	cholCost: 72564	addCost: 16552	backsolveCost: 17465
node 20	AtA: 14736	cholCost: 32379	addCost: 2728	backsolveCost: 16079
node 21	AtA: 20854	cholCost: 74745	addCost: 4888	backsolveCost: 31323
node 22	AtA: 20854	cholCost: 53322	addCost: 4072	backsolveCost: 24624
node 23	AtA: 20854	cholCost: 53322	addCost: 4072	backsolveCost: 24624
node 24	AtA: 14736	cholCost: 32379	addCost: 2728	backsolveCost: 16079
node 25	AtA: 14736	cholCost: 40241	addCost: 4072	backsolveCost: 16310
node 26	AtA: 12988	cholCost: 45108	addCost: 5800	backsolveCost: 16541
node 27	AtA: 20854	cholCost: 53322	addCost: 4072	backsolveCost: 24624
node 28	AtA: 23476	cholCost: 74745	addCost: 4888	backsolveCost: 31323
node 29	AtA: 11240	cholCost: 95920	addCost: 14872	backsolveCost: 26038
node 30	AtA: 11240	cholCost: 220526	addCost: 18328	backsolveCost: 67123
node 31	AtA: 20854	cholCost: 53322	addCost: 4072	backsolveCost: 24624
node 32	AtA: 20854	cholCost: 53322	addCost: 4072	backsolveCost: 24624
node 33	AtA: 20854	cholCost: 53322	addCost: 4072	backsolveCost: 24624
node 34	AtA: 9492	cholCost: 65700	addCost: 13288	backsolveCost: 17234
node 35	AtA: 20854	cholCost: 53322	addCost: 4072	backsolveCost: 24624
node 36	AtA: 14736	cholCost: 31131	addCost: 2200	backsolveCost: 16002
node 37	AtA: 21728	cholCost: 74745	addCost: 4888	backsolveCost: 31323
node 38	AtA: 20854	cholCost: 53322	addCost: 4072	backsolveCost: 24624
node 39	AtA: 14736	cholCost: 31131	addCost: 2200	backsolveCost: 16002
node 40	AtA: 16484	cholCost: 52490	addCost: 3352	backsolveCost: 24523
node 41	AtA: 12988	cholCost: 52596	addCost: 9112	backsolveCost: 16926
node 42	AtA: 3884	cholCost: 52596	addCost: 9112	backsolveCost: 16926
node 43	AtA: 3884	cholCost: 66324	addCost: 14872	backsolveCost: 17388
node 44	AtA: 20854	cholCost: 53322	addCost: 4072	backsolveCost: 24624
node 45	AtA: 20854	cholCost: 53322	addCost: 4072	backsolveCost: 24624
node 46	AtA: 12988	cholCost: 58836	addCost: 10408	backsolveCost: 17003
node 47	AtA: 20854	cholCost: 53322	addCost: 4072	backsolveCost: 24624
node 48	AtA: 14736	cholCost: 31131	addCost: 2200	backsolveCost: 16002
node 49	AtA: 21728	cholCost: 74745	addCost: 4888	backsolveCost: 31323
node 50	AtA: 14736	cholCost: 31131	addCost: 2200	backsolveCost: 16002
node 51	AtA: 21728	cholCost: 74745	addCost: 4888	backsolveCost: 31323
node 52	AtA: 9492	cholCost: 52596	addCost: 9112	backsolveCost: 16926
node 53	AtA: 14736	cholCost: 107068	addCost: 11800	backsolveCost: 32340
node 54	AtA: 3884	cholCost: 78180	addCost: 18328	backsolveCost: 17619
node 55	AtA: 4230	cholCost: 141847	addCost: 31000	backsolveCost: 27250
node 56	AtA: 4576	cholCost: 197674	addCost: 35992	backsolveCost: 34374
node 57	AtA: 20854	cholCost: 53322	addCost: 4072	backsolveCost: 24624
node 58	AtA: 21728	cholCost: 92924	addCost: 7912	backsolveCost: 31775
node 59	AtA: 20854	cholCost: 53322	addCost: 4072	backsolveCost: 24624
node 60	AtA: 23476	cholCost: 138888	addCost: 10408	backsolveCost: 51833
node 61	AtA: 9492	cholCost: 84420	addCost: 20200	backsolveCost: 17696
node 62	AtA: 18354	cholCost: 8401	addCost: 4072	backsolveCost: 24624
node 63	AtA: 20854	cholCost: 53322	addCost: 4072	backsolveCost: 24624
node 64	AtA: 23476	cholCost: 138888	addCost: 10408	backsolveCost: 51833
node 65	AtA: 13984	cholCost: 6028	addCost: 3352	backsolveCost: 24523
node 66	AtA: 21728	cholCost: 85852	addCost: 6808	backsolveCost: 31662
node 67	AtA: 20854	cholCost: 53322	addCost: 4072	backsolveCost: 24624
node 68	AtA: 14736	cholCost: 31131	addCost: 2200	backsolveCost: 16002
node 69	AtA: 21728	cholCost: 74745	addCost: 4888	backsolveCost: 31323
node 70	AtA: 17358	cholCost: 182836	addCost: 11800	backsolveCost: 66085
node 71	AtA: 5268	cholCost: 266186	addCost: 41368	backsolveCost: 55260
node 72	AtA: 20854	cholCost: 53322	addCost: 4072	backsolveCost: 24624
node 73	AtA: 20854	cholCost: 53322	addCost: 4072	backsolveCost: 24624
node 74	AtA: 20854	cholCost: 53322	addCost: 4072	backsolveCost: 24624
node 75	AtA: 20854	cholCost: 53322	addCost: 4072	backsolveCost: 24624
node 76	AtA: 12988	cholCost: 58836	addCost: 10408	backsolveCost: 17003
node 77	AtA: 9492	cholCost: 86292	addCost: 24232	backsolveCost: 17927
node 78	AtA: 20854	cholCost: 53322	addCost: 4072	backsolveCost: 24624
node 79	AtA: 20854	cholCost: 53322	addCost: 4072	backsolveCost: 24624
node 80	AtA: 14736	cholCost: 32379	addCost: 2728	backsolveCost: 16079
node 81	AtA: 19980	cholCost: 74745	addCost: 4888	backsolveCost: 31323
node 82	AtA: 12988	cholCost: 40865	addCost: 4888	backsolveCost: 16464
node 83	AtA: 20854	cholCost: 53322	addCost: 4072	backsolveCost: 24624
node 84	AtA: 14736	cholCost: 32379	addCost: 2728	backsolveCost: 16079
node 85	AtA: 20854	cholCost: 74745	addCost: 4888	backsolveCost: 31323
node 86	AtA: 7744	cholCost: 75952	addCost: 9112	backsolveCost: 25432
node 87	AtA: 3884	cholCost: 66324	addCost: 14872	backsolveCost: 17388
node 88	AtA: 20854	cholCost: 53322	addCost: 4072	backsolveCost: 24624
node 89	AtA: 14736	cholCost: 32379	addCost: 2728	backsolveCost: 16079
node 90	AtA: 20854	cholCost: 74745	addCost: 4888	backsolveCost: 31323
node 91	AtA: 20854	cholCost: 53322	addCost: 4072	backsolveCost: 24624
node 92	AtA: 18232	cholCost: 52490	addCost: 3352	backsolveCost: 24523
node 93	AtA: 16484	cholCost: 57981	addCost: 4888	backsolveCost: 24826
node 94	AtA: 12988	cholCost: 40865	addCost: 4888	backsolveCost: 16464
node 95	AtA: 13862	cholCost: 75952	addCost: 9112	backsolveCost: 25432
node 96	AtA: 9492	cholCost: 165672	addCost: 18328	backsolveCost: 44428
node 97	AtA: 12988	cholCost: 228822	addCost: 31000	backsolveCost: 45661
node 98	AtA: 4576	cholCost: 252962	addCost: 53272	backsolveCost: 35391
node 99	AtA: 16484	cholCost: 665604	addCost: 77800	backsolveCost: 113714
node 100	AtA: 6998	cholCost: 730852	addCost: 77800	backsolveCost: 133932
node 101	AtA: 18354	cholCost: 8509	addCost: 4072	backsolveCost: 24624
node 102	AtA: 20854	cholCost: 53322	addCost: 4072	backsolveCost: 24624
node 103	AtA: 20854	cholCost: 53322	addCost: 4072	backsolveCost: 24624
node 104	AtA: 20854	cholCost: 53322	addCost: 4072	backsolveCost: 24624
node 105	AtA: 22602	cholCost: 149448	addCost: 13288	backsolveCost: 43743
node 106	AtA: 20854	cholCost: 53322	addCost: 4072	backsolveCost: 24624
node 107	AtA: 14736	cholCost: 32379	addCost: 2728	backsolveCost: 16079
node 108	AtA: 20854	cholCost: 74745	addCost: 4888	backsolveCost: 31323
node 109	AtA: 18232	cholCost: 52490	addCost: 3352	backsolveCost: 24523
node 110	AtA: 17358	cholCost: 57981	addCost: 4888	backsolveCost: 24826
node 111	AtA: 14736	cholCost: 88432	addCost: 11800	backsolveCost: 25735
node 112	AtA: 15610	cholCost: 138216	addCost: 11800	backsolveCost: 43606
node 113	AtA: 20854	cholCost: 53322	addCost: 4072	backsolveCost: 24624
node 114	AtA: 20854	cholCost: 53322	addCost: 4072	backsolveCost: 24624
node 115	AtA: 20854	cholCost: 53322	addCost: 4072	backsolveCost: 24624
node 116	AtA: 20854	cholCost: 53322	addCost: 4072	backsolveCost: 24624
node 117	AtA: 21728	cholCost: 92924	addCost: 7912	backsolveCost: 31775
node 118	AtA: 13862	cholCost: 89264	addCost: 13288	backsolveCost: 25836
node 119	AtA: 3884	cholCost: 84420	addCost: 20200	backsolveCost: 17696
node 120	AtA: 4230	cholCost: 132362	addCost: 26392	backsolveCost: 26947
node 121	AtA: 5614	cholCost: 362552	addCost: 47128	backsolveCost: 70237
node 122	AtA: 20854	cholCost: 53322	addCost: 4072	backsolveCost: 24624
node 123	AtA: 18354	cholCost: 8425	addCost: 4072	backsolveCost: 24624
node 124	AtA: 20854	cholCost: 53322	addCost: 4072	backsolveCost: 24624
node 125	AtA: 12988	cholCost: 58836	addCost: 10408	backsolveCost: 17003
node 126	AtA: 20854	cholCost: 53322	addCost: 4072	backsolveCost: 24624
node 127	AtA: 20854	cholCost: 53322	addCost: 4072	backsolveCost: 24624
node 128	AtA: 3884	cholCost: 72564	addCost: 16552	backsolveCost: 17465
node 129	AtA: 3884	cholCost: 86292	addCost: 24232	backsolveCost: 17927
node 130	AtA: 23476	cholCost: 74745	addCost: 4888	backsolveCost: 31323
node 131	AtA: 23476	cholCost: 74745	addCost: 4888	backsolveCost: 31323
node 132	AtA: 20854	cholCost: 53322	addCost: 4072	backsolveCost: 24624
node 133	AtA: 16484	cholCost: 35998	addCost: 3352	backsolveCost: 16233
node 134	AtA: 14736	cholCost: 32379	addCost: 2728	backsolveCost: 16079
node 135	AtA: 18232	cholCost: 52490	addCost: 3352	backsolveCost: 24523
node 136	AtA: 17358	cholCost: 57981	addCost: 4888	backsolveCost: 24826
node 137	AtA: 13862	cholCost: 68464	addCost: 6808	backsolveCost: 25129
node 138	AtA: 14736	cholCost: 88432	addCost: 11800	backsolveCost: 25735
node 139	AtA: 14736	cholCost: 125164	addCost: 14872	backsolveCost: 32679
node 140	AtA: 8618	cholCost: 123709	addCost: 24232	backsolveCost: 26745
node 141	AtA: 4230	cholCost: 185112	addCost: 50152	backsolveCost: 28260
node 142	AtA: 19228	cholCost: 10416	addCost: 4888	backsolveCost: 31323
node 143	AtA: 6992	cholCost: 20293	addCost: 11800	backsolveCost: 17157
node 144	AtA: 11362	cholCost: 39053	addCost: 18328	backsolveCost: 26341
node 145	AtA: 20976	cholCost: 10573	addCost: 4888	backsolveCost: 31323
node 146	AtA: 23476	cholCost: 74745	addCost: 4888	backsolveCost: 31323
node 147	AtA: 23476	cholCost: 74745	addCost: 4888	backsolveCost: 31323
node 148	AtA: 24350	cholCost: 157608	addCost: 13288	backsolveCost: 52280
node 149	AtA: 16484	cholCost: 140348	addCost: 20200	backsolveCost: 33131
node 150	AtA: 4230	cholCost: 158321	addCost: 35992	backsolveCost: 27553
node 151	AtA: 23476	cholCost: 74745	addCost: 4888	backsolveCost: 31323
node 152	AtA: 11362	cholCost: 9984	addCost: 5800	backsolveCost: 16541
node 153	AtA: 23476	cholCost: 74745	addCost: 4888	backsolveCost: 31323
node 154	AtA: 13862	cholCost: 69296	addCost: 7912	backsolveCost: 25230
node 155	AtA: 11240	cholCost: 88432	addCost: 11800	backsolveCost: 25735
node 156	AtA: 16484	cholCost: 149448	addCost: 13288	backsolveCost: 43743
node 157	AtA: 20854	cholCost: 53322	addCost: 4072	backsolveCost: 24624
node 158	AtA: 12236	cholCost: 2688	addCost: 2200	backsolveCost: 16002
node 159	AtA: 21728	cholCost: 74745	addCost: 4888	backsolveCost: 31323
node 160	AtA: 20854	cholCost: 53322	addCost: 4072	backsolveCost: 24624
node 161	AtA: 20854	cholCost: 53322	addCost: 4072	backsolveCost: 24624
node 162	AtA: 20854	cholCost: 53322	addCost: 4072	backsolveCost: 24624
node 163	AtA: 14736	cholCost: 119132	addCost: 13288	backsolveCost: 32453
node 164	AtA: 4230	cholCost: 108400	addCost: 18328	backsolveCost: 26341
node 165	AtA: 4230	cholCost: 133194	addCost: 28648	backsolveCost: 27048
node 166	AtA: 10366	cholCost: 326092	addCost: 56488	backsolveCost: 56303
node 167	AtA: 15610	cholCost: 728772	addCost: 74008	backsolveCost: 133687
node 168	AtA: 16484	cholCost: 893450	addCost: 74008	backsolveCost: 171286
node 169	AtA: 24350	cholCost: 1239355	addCost: 44200	backsolveCost: 385961
node 170	AtA: 32216	cholCost: 724592	addCost: 1192	backsolveCost: 606102
node 171	AtA: 6870	cholCost: 16194	addCost: 1000	backsolveCost: 10977
node 172	AtA: -1	cholCost: 0	addCost: -1	backsolveCost: 1561

