cliques
166
node 0	AtA: 12236	cholCost: 2688	addCost: 2200	backsolveCost: 16002
node 1	AtA: 17480	cholCost: 6028	addCost: 3352	backsolveCost: 24523
node 2	AtA: 12236	cholCost: 2688	addCost: 2200	backsolveCost: 16002
node 3	AtA: 18354	cholCost: 8268	addCost: 4072	backsolveCost: 24624
node 4	AtA: 20976	cholCost: 10555	addCost: 4888	backsolveCost: 31323
node 5	AtA: 12236	cholCost: 0	addCost: 2200	backsolveCost: 16002
node 6	AtA: 18354	cholCost: 5520	addCost: 2728	backsolveCost: 30758
node 7	AtA: 9614	cholCost: 7728	addCost: 4888	backsolveCost: 16464
node 8	AtA: 13984	cholCost: 9520	addCost: 4888	backsolveCost: 24826
node 9	AtA: 17480	cholCost: 18829	addCost: 7912	backsolveCost: 31775
node 10	AtA: 18354	cholCost: 8401	addCost: 4072	backsolveCost: 24624
node 11	AtA: 18354	cholCost: 8268	addCost: 4072	backsolveCost: 24624
node 12	AtA: 13984	cholCost: 6028	addCost: 3352	backsolveCost: 24523
node 13	AtA: 18354	cholCost: 8268	addCost: 4072	backsolveCost: 24624
node 14	AtA: 18354	cholCost: 8268	addCost: 4072	backsolveCost: 24624
node 15	AtA: 18354	cholCost: 8401	addCost: 4072	backsolveCost: 24624
node 16	AtA: 12236	cholCost: 2688	addCost: 2200	backsolveCost: 16002
node 17	AtA: 19228	cholCost: 10416	addCost: 4888	backsolveCost: 31323
node 18	AtA: 12236	cholCost: 2688	addCost: 2200	backsolveCost: 16002
node 19	AtA: 19228	cholCost: 10416	addCost: 4888	backsolveCost: 31323
node 20	AtA: 14858	cholCost: 13961	addCost: 6808	backsolveCost: 25129
node 21	AtA: 18354	cholCost: 8395	addCost: 4072	backsolveCost: 24624
node 22	AtA: 12236	cholCost: 0	addCost: 2200	backsolveCost: 16002
node 23	AtA: 19228	cholCost: 0	addCost: 4888	backsolveCost: 31323
node 24	AtA: 14736	cholCost: 0	addCost: 2200	backsolveCost: 16002
node 25	AtA: 13984	cholCost: 6028	addCost: 3352	backsolveCost: 24523
node 26	AtA: 19228	cholCost: 15223	addCost: 6808	backsolveCost: 31662
node 27	AtA: 20854	cholCost: 53322	addCost: 4072	backsolveCost: 24624
node 28	AtA: 20854	cholCost: 53322	addCost: 4072	backsolveCost: 24624
node 29	AtA: 14736	cholCost: 119132	addCost: 13288	backsolveCost: 32453
node 30	AtA: 20854	cholCost: 53322	addCost: 4072	backsolveCost: 24624
node 31	AtA: 20854	cholCost: 53322	addCost: 4072	backsolveCost: 24624
node 32	AtA: 20854	cholCost: 53322	addCost: 4072	backsolveCost: 24624
node 33	AtA: 20854	cholCost: 53322	addCost: 4072	backsolveCost: 24624
node 34	AtA: 23476	cholCost: 138888	addCost: 10408	backsolveCost: 51833
node 35	AtA: 3884	cholCost: 72564	addCost: 16552	backsolveCost: 17465
node 36	AtA: 10366	cholCost: 149668	addCost: 33448	backsolveCost: 27351
node 37	AtA: 20854	cholCost: 53322	addCost: 4072	backsolveCost: 24624
node 38	AtA: 20854	cholCost: 53322	addCost: 4072	backsolveCost: 24624
node 39	AtA: 20854	cholCost: 53322	addCost: 4072	backsolveCost: 24624
node 40	AtA: 20854	cholCost: 53322	addCost: 4072	backsolveCost: 24624
node 41	AtA: 12988	cholCost: 58836	addCost: 10408	backsolveCost: 17003
node 42	AtA: 12988	cholCost: 66324	addCost: 14872	backsolveCost: 17388
node 43	AtA: 12236	cholCost: 20791	addCost: 9112	backsolveCost: 32001
node 44	AtA: 3884	cholCost: 85044	addCost: 22168	backsolveCost: 17850
node 45	AtA: 15610	cholCost: 409628	addCost: 35992	backsolveCost: 96934
node 46	AtA: 5614	cholCost: 375906	addCost: 53272	backsolveCost: 70756
node 47	AtA: 12988	cholCost: 58836	addCost: 10408	backsolveCost: 17003
node 48	AtA: 20854	cholCost: 53322	addCost: 4072	backsolveCost: 24624
node 49	AtA: 12988	cholCost: 58836	addCost: 10408	backsolveCost: 17003
node 50	AtA: 20854	cholCost: 53322	addCost: 4072	backsolveCost: 24624
node 51	AtA: 13862	cholCost: 68464	addCost: 6808	backsolveCost: 25129
node 52	AtA: 20854	cholCost: 53322	addCost: 4072	backsolveCost: 24624
node 53	AtA: 23476	cholCost: 138888	addCost: 10408	backsolveCost: 51833
node 54	AtA: 4922	cholCost: 165672	addCost: 18328	backsolveCost: 44428
node 55	AtA: 5268	cholCost: 255453	addCost: 35992	backsolveCost: 54813
node 56	AtA: 18354	cholCost: 8401	addCost: 4072	backsolveCost: 24624
node 57	AtA: 14736	cholCost: 31131	addCost: 2200	backsolveCost: 16002
node 58	AtA: 21728	cholCost: 74745	addCost: 4888	backsolveCost: 31323
node 59	AtA: 14736	cholCost: 31131	addCost: 2200	backsolveCost: 16002
node 60	AtA: 14736	cholCost: 31131	addCost: 2200	backsolveCost: 16002
node 61	AtA: 12988	cholCost: 40865	addCost: 4888	backsolveCost: 16464
node 62	AtA: 12988	cholCost: 40865	addCost: 4888	backsolveCost: 16464
node 63	AtA: 17358	cholCost: 68464	addCost: 6808	backsolveCost: 25129
node 64	AtA: 9492	cholCost: 64452	addCost: 11800	backsolveCost: 17157
node 65	AtA: 15610	cholCost: 138216	addCost: 11800	backsolveCost: 43606
node 66	AtA: 20854	cholCost: 53322	addCost: 4072	backsolveCost: 24624
node 67	AtA: 20854	cholCost: 53322	addCost: 4072	backsolveCost: 24624
node 68	AtA: 14736	cholCost: 31131	addCost: 2200	backsolveCost: 16002
node 69	AtA: 21728	cholCost: 74745	addCost: 4888	backsolveCost: 31323
node 70	AtA: 20854	cholCost: 53322	addCost: 4072	backsolveCost: 24624
node 71	AtA: 14736	cholCost: 31131	addCost: 2200	backsolveCost: 16002
node 72	AtA: 16484	cholCost: 52490	addCost: 3352	backsolveCost: 24523
node 73	AtA: 12988	cholCost: 52596	addCost: 9112	backsolveCost: 16926
node 74	AtA: 3884	cholCost: 52596	addCost: 9112	backsolveCost: 16926
node 75	AtA: 3884	cholCost: 66324	addCost: 14872	backsolveCost: 17388
node 76	AtA: 3884	cholCost: 93905	addCost: 26392	backsolveCost: 18081
node 77	AtA: 20854	cholCost: 53322	addCost: 4072	backsolveCost: 24624
node 78	AtA: 20854	cholCost: 53322	addCost: 4072	backsolveCost: 24624
node 79	AtA: 20854	cholCost: 53322	addCost: 4072	backsolveCost: 24624
node 80	AtA: 20854	cholCost: 53322	addCost: 4072	backsolveCost: 24624
node 81	AtA: 23476	cholCost: 138888	addCost: 10408	backsolveCost: 51833
node 82	AtA: 3884	cholCost: 72564	addCost: 16552	backsolveCost: 17465
node 83	AtA: 20854	cholCost: 53322	addCost: 4072	backsolveCost: 24624
node 84	AtA: 20854	cholCost: 53322	addCost: 4072	backsolveCost: 24624
node 85	AtA: 20854	cholCost: 53322	addCost: 4072	backsolveCost: 24624
node 86	AtA: 14736	cholCost: 31131	addCost: 2200	backsolveCost: 16002
node 87	AtA: 21728	cholCost: 74745	addCost: 4888	backsolveCost: 31323
node 88	AtA: 20854	cholCost: 53322	addCost: 4072	backsolveCost: 24624
node 89	AtA: 14736	cholCost: 31131	addCost: 2200	backsolveCost: 16002
node 90	AtA: 21728	cholCost: 74745	addCost: 4888	backsolveCost: 31323
node 91	AtA: 12114	cholCost: 124488	addCost: 9112	backsolveCost: 43195
node 92	AtA: 4576	cholCost: 133276	addCost: 18328	backsolveCost: 33018
node 93	AtA: 11240	cholCost: 197674	addCost: 35992	backsolveCost: 34374
node 94	AtA: 4922	cholCost: 325420	addCost: 59800	backsolveCost: 47716
node 95	AtA: 17358	cholCost: 704644	addCost: 70312	backsolveCost: 133197
node 96	AtA: 23476	cholCost: 74745	addCost: 4888	backsolveCost: 31323
node 97	AtA: 20854	cholCost: 53322	addCost: 4072	backsolveCost: 24624
node 98	AtA: 14736	cholCost: 32379	addCost: 2728	backsolveCost: 16079
node 99	AtA: 17358	cholCost: 53322	addCost: 4072	backsolveCost: 24624
node 100	AtA: 11240	cholCost: 88432	addCost: 11800	backsolveCost: 25735
node 101	AtA: 20854	cholCost: 57981	addCost: 4888	backsolveCost: 24826
node 102	AtA: 21728	cholCost: 98956	addCost: 9112	backsolveCost: 32001
node 103	AtA: 20854	cholCost: 53322	addCost: 4072	backsolveCost: 24624
node 104	AtA: 21728	cholCost: 65635	addCost: 3352	backsolveCost: 30984
node 105	AtA: 22602	cholCost: 138216	addCost: 11800	backsolveCost: 43606
node 106	AtA: 3884	cholCost: 72564	addCost: 16552	backsolveCost: 17465
node 107	AtA: 8618	cholCost: 123709	addCost: 24232	backsolveCost: 26745
node 108	AtA: 20854	cholCost: 53322	addCost: 4072	backsolveCost: 24624
node 109	AtA: 20854	cholCost: 53322	addCost: 4072	backsolveCost: 24624
node 110	AtA: 20854	cholCost: 53322	addCost: 4072	backsolveCost: 24624
node 111	AtA: 20854	cholCost: 53322	addCost: 4072	backsolveCost: 24624
node 112	AtA: 23476	cholCost: 138888	addCost: 10408	backsolveCost: 51833
node 113	AtA: 3884	cholCost: 72564	addCost: 16552	backsolveCost: 17465
node 114	AtA: 20854	cholCost: 53322	addCost: 4072	backsolveCost: 24624
node 115	AtA: 20854	cholCost: 53322	addCost: 4072	backsolveCost: 24624
node 116	AtA: 20854	cholCost: 53322	addCost: 4072	backsolveCost: 24624
node 117	AtA: 14736	cholCost: 31131	addCost: 2200	backsolveCost: 16002
node 118	AtA: 21728	cholCost: 74745	addCost: 4888	backsolveCost: 31323
node 119	AtA: 20854	cholCost: 53322	addCost: 4072	backsolveCost: 24624
node 120	AtA: 14736	cholCost: 31131	addCost: 2200	backsolveCost: 16002
node 121	AtA: 14736	cholCost: 31131	addCost: 2200	backsolveCost: 16002
node 122	AtA: 12988	cholCost: 40865	addCost: 4888	backsolveCost: 16464
node 123	AtA: 12988	cholCost: 40865	addCost: 4888	backsolveCost: 16464
node 124	AtA: 13862	cholCost: 75952	addCost: 9112	backsolveCost: 25432
node 125	AtA: 10366	cholCost: 88432	addCost: 11800	backsolveCost: 25735
node 126	AtA: 9492	cholCost: 66324	addCost: 14872	backsolveCost: 17388
node 127	AtA: 4230	cholCost: 108400	addCost: 18328	backsolveCost: 26341
node 128	AtA: 11240	cholCost: 197674	addCost: 35992	backsolveCost: 34374
node 129	AtA: 4922	cholCost: 313938	addCost: 56488	backsolveCost: 47442
node 130	AtA: 20854	cholCost: 57981	addCost: 4888	backsolveCost: 24826
node 131	AtA: 20854	cholCost: 53322	addCost: 4072	backsolveCost: 24624
node 132	AtA: 21728	cholCost: 92924	addCost: 7912	backsolveCost: 31775
node 133	AtA: 10366	cholCost: 65700	addCost: 13288	backsolveCost: 17234
node 134	AtA: 18354	cholCost: 8268	addCost: 4072	backsolveCost: 24624
node 135	AtA: 18354	cholCost: 8268	addCost: 4072	backsolveCost: 24624
node 136	AtA: 12988	cholCost: 58836	addCost: 10408	backsolveCost: 17003
node 137	AtA: 13862	cholCost: 45108	addCost: 5800	backsolveCost: 16541
node 138	AtA: 16484	cholCost: 138216	addCost: 11800	backsolveCost: 43606
node 139	AtA: 16484	cholCost: 149448	addCost: 13288	backsolveCost: 43743
node 140	AtA: 3884	cholCost: 84420	addCost: 20200	backsolveCost: 17696
node 141	AtA: 6870	cholCost: 111003	addCost: 33448	backsolveCost: 18389
node 142	AtA: 20854	cholCost: 53322	addCost: 4072	backsolveCost: 24624
node 143	AtA: 12988	cholCost: 58836	addCost: 10408	backsolveCost: 17003
node 144	AtA: 23476	cholCost: 74745	addCost: 4888	backsolveCost: 31323
node 145	AtA: 20854	cholCost: 53322	addCost: 4072	backsolveCost: 24624
node 146	AtA: 12988	cholCost: 64452	addCost: 11800	backsolveCost: 17157
node 147	AtA: 3884	cholCost: 78180	addCost: 18328	backsolveCost: 17619
node 148	AtA: 14736	cholCost: 31131	addCost: 2200	backsolveCost: 16002
node 149	AtA: 12988	cholCost: 40865	addCost: 4888	backsolveCost: 16464
node 150	AtA: 12988	cholCost: 40865	addCost: 4888	backsolveCost: 16464
node 151	AtA: 20854	cholCost: 53322	addCost: 4072	backsolveCost: 24624
node 152	AtA: 21728	cholCost: 92924	addCost: 7912	backsolveCost: 31775
node 153	AtA: 9492	cholCost: 64452	addCost: 11800	backsolveCost: 17157
node 154	AtA: 20854	cholCost: 53322	addCost: 4072	backsolveCost: 24624
node 155	AtA: 21728	cholCost: 92924	addCost: 7912	backsolveCost: 31775
node 156	AtA: 14736	cholCost: 31131	addCost: 2200	backsolveCost: 16002
node 157	AtA: 19980	cholCost: 52490	addCost: 3352	backsolveCost: 24523
node 158	AtA: 23476	cholCost: 117672	addCost: 6808	backsolveCost: 51237
node 159	AtA: 4230	cholCost: 141847	addCost: 31000	backsolveCost: 27250
node 160	AtA: 4922	cholCost: 254781	addCost: 38632	backsolveCost: 46209
node 161	AtA: 11240	cholCost: 416216	addCost: 59800	backsolveCost: 71275
node 162	AtA: 14736	cholCost: 765962	addCost: 81688	backsolveCost: 134422
node 163	AtA: 21184	cholCost: 2375778	addCost: 1192	backsolveCost: 1759592
node 164	AtA: 6870	cholCost: 16194	addCost: 1000	backsolveCost: 10977
node 165	AtA: -1	cholCost: 0	addCost: -1	backsolveCost: 1561

