cliques
99
node 0	AtA: 14858	cholCost: 0	addCost: 2200	backsolveCost: 24220
node 1	AtA: 14858	cholCost: 8268	addCost: 4072	backsolveCost: 24624
node 2	AtA: 20102	cholCost: 9048	addCost: 4072	backsolveCost: 31097
node 3	AtA: 7866	cholCost: 11359	addCost: 6808	backsolveCost: 16695
node 4	AtA: 12236	cholCost: 2688	addCost: 2200	backsolveCost: 16002
node 5	AtA: 12236	cholCost: 2688	addCost: 2200	backsolveCost: 16002
node 6	AtA: 12236	cholCost: 2688	addCost: 2200	backsolveCost: 16002
node 7	AtA: 12236	cholCost: 2688	addCost: 2200	backsolveCost: 16002
node 8	AtA: 12236	cholCost: 0	addCost: 2200	backsolveCost: 16002
node 9	AtA: 19228	cholCost: 0	addCost: 4888	backsolveCost: 31323
node 10	AtA: 13984	cholCost: 6028	addCost: 3352	backsolveCost: 24523
node 11	AtA: 12236	cholCost: 2688	addCost: 2200	backsolveCost: 16002
node 12	AtA: 19228	cholCost: 10416	addCost: 4888	backsolveCost: 31323
node 13	AtA: 19228	cholCost: 10555	addCost: 4888	backsolveCost: 31323
node 14	AtA: 18354	cholCost: 8413	addCost: 4072	backsolveCost: 24624
node 15	AtA: 19228	cholCost: 10416	addCost: 4888	backsolveCost: 31323
node 16	AtA: 18354	cholCost: 8268	addCost: 4072	backsolveCost: 24624
node 17	AtA: 10488	cholCost: 20287	addCost: 11800	backsolveCost: 17157
node 18	AtA: 18354	cholCost: 8413	addCost: 4072	backsolveCost: 24624
node 19	AtA: 12236	cholCost: 2688	addCost: 2200	backsolveCost: 16002
node 20	AtA: 19228	cholCost: 10416	addCost: 4888	backsolveCost: 31323
node 21	AtA: 18354	cholCost: 8268	addCost: 4072	backsolveCost: 24624
node 22	AtA: 18354	cholCost: 8413	addCost: 4072	backsolveCost: 24624
node 23	AtA: 13984	cholCost: 6028	addCost: 3352	backsolveCost: 24523
node 24	AtA: 3384	cholCost: 20359	addCost: 11800	backsolveCost: 17157
node 25	AtA: 18354	cholCost: 8268	addCost: 4072	backsolveCost: 24624
node 26	AtA: 12236	cholCost: 2688	addCost: 2200	backsolveCost: 16002
node 27	AtA: 13984	cholCost: 34093	addCost: 11800	backsolveCost: 52131
node 28	AtA: 20854	cholCost: 53322	addCost: 4072	backsolveCost: 24624
node 29	AtA: 14736	cholCost: 32379	addCost: 2728	backsolveCost: 16079
node 30	AtA: 20854	cholCost: 74745	addCost: 4888	backsolveCost: 31323
node 31	AtA: 17358	cholCost: 53322	addCost: 4072	backsolveCost: 24624
node 32	AtA: 14736	cholCost: 31131	addCost: 2200	backsolveCost: 16002
node 33	AtA: 21728	cholCost: 65635	addCost: 3352	backsolveCost: 30984
node 34	AtA: 19980	cholCost: 138888	addCost: 10408	backsolveCost: 51833
node 35	AtA: 12114	cholCost: 140348	addCost: 20200	backsolveCost: 33131
node 36	AtA: 23476	cholCost: 74745	addCost: 4888	backsolveCost: 31323
node 37	AtA: 3884	cholCost: 84420	addCost: 20200	backsolveCost: 17696
node 38	AtA: 20854	cholCost: 57981	addCost: 4888	backsolveCost: 24826
node 39	AtA: 12988	cholCost: 64452	addCost: 11800	backsolveCost: 17157
node 40	AtA: 11240	cholCost: 101744	addCost: 16552	backsolveCost: 26139
node 41	AtA: 13862	cholCost: 230742	addCost: 31000	backsolveCost: 54366
node 42	AtA: 12988	cholCost: 327882	addCost: 22168	backsolveCost: 95053
node 43	AtA: 20854	cholCost: 53322	addCost: 4072	backsolveCost: 24624
node 44	AtA: 20854	cholCost: 53322	addCost: 4072	backsolveCost: 24624
node 45	AtA: 20854	cholCost: 53322	addCost: 4072	backsolveCost: 24624
node 46	AtA: 18354	cholCost: 8407	addCost: 4072	backsolveCost: 24624
node 47	AtA: 14736	cholCost: 32379	addCost: 2728	backsolveCost: 16079
node 48	AtA: 20854	cholCost: 74745	addCost: 4888	backsolveCost: 31323
node 49	AtA: 18232	cholCost: 52490	addCost: 3352	backsolveCost: 24523
node 50	AtA: 17358	cholCost: 57981	addCost: 4888	backsolveCost: 24826
node 51	AtA: 8618	cholCost: 125164	addCost: 14872	backsolveCost: 32679
node 52	AtA: 20854	cholCost: 53322	addCost: 4072	backsolveCost: 24624
node 53	AtA: 14736	cholCost: 32379	addCost: 2728	backsolveCost: 16079
node 54	AtA: 20854	cholCost: 74745	addCost: 4888	backsolveCost: 31323
node 55	AtA: 20854	cholCost: 53322	addCost: 4072	backsolveCost: 24624
node 56	AtA: 14736	cholCost: 32379	addCost: 2728	backsolveCost: 16079
node 57	AtA: 19980	cholCost: 74745	addCost: 4888	backsolveCost: 31323
node 58	AtA: 12988	cholCost: 40865	addCost: 4888	backsolveCost: 16464
node 59	AtA: 7744	cholCost: 75952	addCost: 9112	backsolveCost: 25432
node 60	AtA: 13862	cholCost: 95920	addCost: 14872	backsolveCost: 26038
node 61	AtA: 8618	cholCost: 153369	addCost: 22168	backsolveCost: 33357
node 62	AtA: 6306	cholCost: 363326	addCost: 28648	backsolveCost: 95889
node 63	AtA: 20854	cholCost: 53322	addCost: 4072	backsolveCost: 24624
node 64	AtA: 14736	cholCost: 31131	addCost: 2200	backsolveCost: 16002
node 65	AtA: 16484	cholCost: 52490	addCost: 3352	backsolveCost: 24523
node 66	AtA: 17358	cholCost: 57981	addCost: 4888	backsolveCost: 24826
node 67	AtA: 12114	cholCost: 156936	addCost: 14872	backsolveCost: 44017
node 68	AtA: 18232	cholCost: 52490	addCost: 3352	backsolveCost: 24523
node 69	AtA: 17358	cholCost: 57981	addCost: 4888	backsolveCost: 24826
node 70	AtA: 20854	cholCost: 53322	addCost: 4072	backsolveCost: 24624
node 71	AtA: 20854	cholCost: 53322	addCost: 4072	backsolveCost: 24624
node 72	AtA: 20854	cholCost: 53322	addCost: 4072	backsolveCost: 24624
node 73	AtA: 17358	cholCost: 68464	addCost: 6808	backsolveCost: 25129
node 74	AtA: 14736	cholCost: 31131	addCost: 2200	backsolveCost: 16002
node 75	AtA: 21728	cholCost: 74745	addCost: 4888	backsolveCost: 31323
node 76	AtA: 16484	cholCost: 158856	addCost: 14872	backsolveCost: 52578
node 77	AtA: 18354	cholCost: 8268	addCost: 4072	backsolveCost: 24624
node 78	AtA: 13862	cholCost: 68464	addCost: 6808	backsolveCost: 25129
node 79	AtA: 13862	cholCost: 88432	addCost: 11800	backsolveCost: 25735
node 80	AtA: 20854	cholCost: 53322	addCost: 4072	backsolveCost: 24624
node 81	AtA: 20854	cholCost: 53322	addCost: 4072	backsolveCost: 24624
node 82	AtA: 18232	cholCost: 52490	addCost: 3352	backsolveCost: 24523
node 83	AtA: 14736	cholCost: 40865	addCost: 4888	backsolveCost: 16464
node 84	AtA: 14736	cholCost: 32379	addCost: 2728	backsolveCost: 16079
node 85	AtA: 20854	cholCost: 74745	addCost: 4888	backsolveCost: 31323
node 86	AtA: 20854	cholCost: 53322	addCost: 4072	backsolveCost: 24624
node 87	AtA: 14736	cholCost: 32379	addCost: 2728	backsolveCost: 16079
node 88	AtA: 20854	cholCost: 74745	addCost: 4888	backsolveCost: 31323
node 89	AtA: 7744	cholCost: 75952	addCost: 9112	backsolveCost: 25432
node 90	AtA: 12988	cholCost: 156936	addCost: 14872	backsolveCost: 44017
node 91	AtA: 13862	cholCost: 115888	addCost: 22168	backsolveCost: 26644
node 92	AtA: 4576	cholCost: 162438	addCost: 24232	backsolveCost: 33470
node 93	AtA: 14736	cholCost: 294446	addCost: 24232	backsolveCost: 78380
node 94	AtA: 12114	cholCost: 294446	addCost: 24232	backsolveCost: 78380
node 95	AtA: 4922	cholCost: 212348	addCost: 28648	backsolveCost: 45387
node 96	AtA: 33964	cholCost: 827222	addCost: 1192	backsolveCost: 683157
node 97	AtA: 6870	cholCost: 16194	addCost: 1000	backsolveCost: 10977
node 98	AtA: -1	cholCost: 0	addCost: -1	backsolveCost: 1561

