cliques
132
node 0	AtA: 14858	cholCost: 0	addCost: 2200	backsolveCost: 24220
node 1	AtA: 12236	cholCost: 2688	addCost: 2200	backsolveCost: 16002
node 2	AtA: 12236	cholCost: 2688	addCost: 2200	backsolveCost: 16002
node 3	AtA: 13984	cholCost: 6028	addCost: 3352	backsolveCost: 24523
node 4	AtA: 17480	cholCost: 6155	addCost: 3352	backsolveCost: 24523
node 5	AtA: 12236	cholCost: 2688	addCost: 2200	backsolveCost: 16002
node 6	AtA: 12236	cholCost: 9984	addCost: 5800	backsolveCost: 16541
node 7	AtA: 14858	cholCost: 0	addCost: 4072	backsolveCost: 24624
node 8	AtA: 12236	cholCost: 2688	addCost: 2200	backsolveCost: 16002
node 9	AtA: 12236	cholCost: 2688	addCost: 2200	backsolveCost: 16002
node 10	AtA: 12236	cholCost: 2688	addCost: 2200	backsolveCost: 16002
node 11	AtA: 12236	cholCost: 2688	addCost: 2200	backsolveCost: 16002
node 12	AtA: 19228	cholCost: 10416	addCost: 4888	backsolveCost: 31323
node 13	AtA: 12236	cholCost: 2688	addCost: 2200	backsolveCost: 16002
node 14	AtA: 19228	cholCost: 10416	addCost: 4888	backsolveCost: 31323
node 15	AtA: 19228	cholCost: 10573	addCost: 4888	backsolveCost: 31323
node 16	AtA: 20854	cholCost: 53322	addCost: 4072	backsolveCost: 24624
node 17	AtA: 16484	cholCost: 52490	addCost: 3352	backsolveCost: 24523
node 18	AtA: 17358	cholCost: 57981	addCost: 4888	backsolveCost: 24826
node 19	AtA: 13862	cholCost: 75952	addCost: 9112	backsolveCost: 25432
node 20	AtA: 20854	cholCost: 53322	addCost: 4072	backsolveCost: 24624
node 21	AtA: 16484	cholCost: 52490	addCost: 3352	backsolveCost: 24523
node 22	AtA: 20854	cholCost: 53322	addCost: 4072	backsolveCost: 24624
node 23	AtA: 14736	cholCost: 31131	addCost: 2200	backsolveCost: 16002
node 24	AtA: 21728	cholCost: 74745	addCost: 4888	backsolveCost: 31323
node 25	AtA: 21728	cholCost: 189280	addCost: 9112	backsolveCost: 75975
node 26	AtA: 13862	cholCost: 95920	addCost: 14872	backsolveCost: 26038
node 27	AtA: 4230	cholCost: 108400	addCost: 18328	backsolveCost: 26341
node 28	AtA: 20854	cholCost: 53322	addCost: 4072	backsolveCost: 24624
node 29	AtA: 20854	cholCost: 53322	addCost: 4072	backsolveCost: 24624
node 30	AtA: 22602	cholCost: 149448	addCost: 13288	backsolveCost: 43743
node 31	AtA: 20854	cholCost: 53322	addCost: 4072	backsolveCost: 24624
node 32	AtA: 14736	cholCost: 32379	addCost: 2728	backsolveCost: 16079
node 33	AtA: 20854	cholCost: 74745	addCost: 4888	backsolveCost: 31323
node 34	AtA: 23476	cholCost: 150120	addCost: 11800	backsolveCost: 52131
node 35	AtA: 18232	cholCost: 52490	addCost: 3352	backsolveCost: 24523
node 36	AtA: 17358	cholCost: 57981	addCost: 4888	backsolveCost: 24826
node 37	AtA: 18232	cholCost: 52490	addCost: 3352	backsolveCost: 24523
node 38	AtA: 14736	cholCost: 40865	addCost: 4888	backsolveCost: 16464
node 39	AtA: 17358	cholCost: 68464	addCost: 6808	backsolveCost: 25129
node 40	AtA: 10366	cholCost: 165672	addCost: 18328	backsolveCost: 44428
node 41	AtA: 12114	cholCost: 204111	addCost: 26392	backsolveCost: 45250
node 42	AtA: 20854	cholCost: 53322	addCost: 4072	backsolveCost: 24624
node 43	AtA: 20854	cholCost: 53322	addCost: 4072	backsolveCost: 24624
node 44	AtA: 23476	cholCost: 138888	addCost: 10408	backsolveCost: 51833
node 45	AtA: 12988	cholCost: 40865	addCost: 4888	backsolveCost: 16464
node 46	AtA: 12988	cholCost: 40865	addCost: 4888	backsolveCost: 16464
node 47	AtA: 20854	cholCost: 53322	addCost: 4072	backsolveCost: 24624
node 48	AtA: 12988	cholCost: 64452	addCost: 11800	backsolveCost: 17157
node 49	AtA: 9492	cholCost: 93905	addCost: 26392	backsolveCost: 18081
node 50	AtA: 23476	cholCost: 74745	addCost: 4888	backsolveCost: 31323
node 51	AtA: 23476	cholCost: 74745	addCost: 4888	backsolveCost: 31323
node 52	AtA: 20854	cholCost: 53322	addCost: 4072	backsolveCost: 24624
node 53	AtA: 20854	cholCost: 53322	addCost: 4072	backsolveCost: 24624
node 54	AtA: 23476	cholCost: 138888	addCost: 10408	backsolveCost: 51833
node 55	AtA: 8618	cholCost: 108400	addCost: 18328	backsolveCost: 26341
node 56	AtA: 23476	cholCost: 74745	addCost: 4888	backsolveCost: 31323
node 57	AtA: 14736	cholCost: 31131	addCost: 2200	backsolveCost: 16002
node 58	AtA: 13862	cholCost: 40241	addCost: 4072	backsolveCost: 16310
node 59	AtA: 17358	cholCost: 61808	addCost: 5800	backsolveCost: 24927
node 60	AtA: 20854	cholCost: 53322	addCost: 4072	backsolveCost: 24624
node 61	AtA: 14736	cholCost: 31131	addCost: 2200	backsolveCost: 16002
node 62	AtA: 21728	cholCost: 74745	addCost: 4888	backsolveCost: 31323
node 63	AtA: 14736	cholCost: 31131	addCost: 2200	backsolveCost: 16002
node 64	AtA: 21728	cholCost: 74745	addCost: 4888	backsolveCost: 31323
node 65	AtA: 17358	cholCost: 68464	addCost: 6808	backsolveCost: 25129
node 66	AtA: 9492	cholCost: 64452	addCost: 11800	backsolveCost: 17157
node 67	AtA: 15610	cholCost: 138216	addCost: 11800	backsolveCost: 43606
node 68	AtA: 9492	cholCost: 140348	addCost: 20200	backsolveCost: 33131
node 69	AtA: 7744	cholCost: 158321	addCost: 35992	backsolveCost: 27553
node 70	AtA: 23476	cholCost: 74745	addCost: 4888	backsolveCost: 31323
node 71	AtA: 20854	cholCost: 53322	addCost: 4072	backsolveCost: 24624
node 72	AtA: 12988	cholCost: 64452	addCost: 11800	backsolveCost: 17157
node 73	AtA: 20854	cholCost: 53322	addCost: 4072	backsolveCost: 24624
node 74	AtA: 6992	cholCost: 13908	addCost: 7912	backsolveCost: 16772
node 75	AtA: 10488	cholCost: 14035	addCost: 7912	backsolveCost: 16772
node 76	AtA: 13862	cholCost: 89264	addCost: 13288	backsolveCost: 25836
node 77	AtA: 20854	cholCost: 53322	addCost: 4072	backsolveCost: 24624
node 78	AtA: 24350	cholCost: 84812	addCost: 5800	backsolveCost: 31436
node 79	AtA: 10366	cholCost: 58836	addCost: 10408	backsolveCost: 17003
node 80	AtA: 4230	cholCost: 89264	addCost: 13288	backsolveCost: 25836
node 81	AtA: 12988	cholCost: 193378	addCost: 22168	backsolveCost: 44839
node 82	AtA: 13862	cholCost: 204783	addCost: 24232	backsolveCost: 53621
node 83	AtA: 20854	cholCost: 53322	addCost: 4072	backsolveCost: 24624
node 84	AtA: 20854	cholCost: 53322	addCost: 4072	backsolveCost: 24624
node 85	AtA: 21728	cholCost: 92924	addCost: 7912	backsolveCost: 31775
node 86	AtA: 12988	cholCost: 72564	addCost: 16552	backsolveCost: 17465
node 87	AtA: 20854	cholCost: 53322	addCost: 4072	backsolveCost: 24624
node 88	AtA: 20854	cholCost: 53322	addCost: 4072	backsolveCost: 24624
node 89	AtA: 21728	cholCost: 65635	addCost: 3352	backsolveCost: 30984
node 90	AtA: 20854	cholCost: 53322	addCost: 4072	backsolveCost: 24624
node 91	AtA: 14736	cholCost: 31131	addCost: 2200	backsolveCost: 16002
node 92	AtA: 21728	cholCost: 74745	addCost: 4888	backsolveCost: 31323
node 93	AtA: 16484	cholCost: 126408	addCost: 9112	backsolveCost: 51684
node 94	AtA: 3884	cholCost: 66324	addCost: 14872	backsolveCost: 17388
node 95	AtA: 4230	cholCost: 132362	addCost: 26392	backsolveCost: 26947
node 96	AtA: 20854	cholCost: 53322	addCost: 4072	backsolveCost: 24624
node 97	AtA: 19106	cholCost: 124488	addCost: 9112	backsolveCost: 43195
node 98	AtA: 20854	cholCost: 53322	addCost: 4072	backsolveCost: 24624
node 99	AtA: 20854	cholCost: 53322	addCost: 4072	backsolveCost: 24624
node 100	AtA: 20854	cholCost: 53322	addCost: 4072	backsolveCost: 24624
node 101	AtA: 20854	cholCost: 53322	addCost: 4072	backsolveCost: 24624
node 102	AtA: 4922	cholCost: 165672	addCost: 18328	backsolveCost: 44428
node 103	AtA: 4230	cholCost: 115888	addCost: 22168	backsolveCost: 26644
node 104	AtA: 20854	cholCost: 53322	addCost: 4072	backsolveCost: 24624
node 105	AtA: 14736	cholCost: 31131	addCost: 2200	backsolveCost: 16002
node 106	AtA: 21728	cholCost: 74745	addCost: 4888	backsolveCost: 31323
node 107	AtA: 14736	cholCost: 31131	addCost: 2200	backsolveCost: 16002
node 108	AtA: 21728	cholCost: 74745	addCost: 4888	backsolveCost: 31323
node 109	AtA: 16484	cholCost: 150120	addCost: 11800	backsolveCost: 52131
node 110	AtA: 20854	cholCost: 53322	addCost: 4072	backsolveCost: 24624
node 111	AtA: 20854	cholCost: 53322	addCost: 4072	backsolveCost: 24624
node 112	AtA: 12988	cholCost: 58836	addCost: 10408	backsolveCost: 17003
node 113	AtA: 20854	cholCost: 53322	addCost: 4072	backsolveCost: 24624
node 114	AtA: 20854	cholCost: 53322	addCost: 4072	backsolveCost: 24624
node 115	AtA: 20854	cholCost: 53322	addCost: 4072	backsolveCost: 24624
node 116	AtA: 14736	cholCost: 31131	addCost: 2200	backsolveCost: 16002
node 117	AtA: 14736	cholCost: 31131	addCost: 2200	backsolveCost: 16002
node 118	AtA: 12988	cholCost: 40865	addCost: 4888	backsolveCost: 16464
node 119	AtA: 12988	cholCost: 40865	addCost: 4888	backsolveCost: 16464
node 120	AtA: 13862	cholCost: 75952	addCost: 9112	backsolveCost: 25432
node 121	AtA: 3884	cholCost: 66324	addCost: 14872	backsolveCost: 17388
node 122	AtA: 3884	cholCost: 85044	addCost: 22168	backsolveCost: 17850
node 123	AtA: 12988	cholCost: 213020	addCost: 26392	backsolveCost: 53919
node 124	AtA: 13862	cholCost: 307347	addCost: 38632	backsolveCost: 69372
node 125	AtA: 6306	cholCost: 427475	addCost: 38632	backsolveCost: 97143
node 126	AtA: 5960	cholCost: 384970	addCost: 41368	backsolveCost: 80415
node 127	AtA: 14736	cholCost: 513866	addCost: 41368	backsolveCost: 130012
node 128	AtA: 6306	cholCost: 447194	addCost: 41368	backsolveCost: 97561
node 129	AtA: 33090	cholCost: 827222	addCost: 1192	backsolveCost: 683157
node 130	AtA: 6870	cholCost: 16194	addCost: 1000	backsolveCost: 10977
node 131	AtA: -1	cholCost: 0	addCost: -1	backsolveCost: 1561

