cliques
180
node 0	AtA: 12236	cholCost: 2688	addCost: 2200	backsolveCost: 16002
node 1	AtA: 12236	cholCost: 2688	addCost: 2200	backsolveCost: 16002
node 2	AtA: 12236	cholCost: 2688	addCost: 2200	backsolveCost: 16002
node 3	AtA: 16606	cholCost: 5040	addCost: 2728	backsolveCost: 24321
node 4	AtA: 12236	cholCost: 2688	addCost: 2200	backsolveCost: 16002
node 5	AtA: 12236	cholCost: 2688	addCost: 2200	backsolveCost: 16002
node 6	AtA: 19228	cholCost: 10416	addCost: 4888	backsolveCost: 31323
node 7	AtA: 12236	cholCost: 2688	addCost: 2200	backsolveCost: 16002
node 8	AtA: 10488	cholCost: 7728	addCost: 4888	backsolveCost: 16464
node 9	AtA: 18354	cholCost: 8401	addCost: 4072	backsolveCost: 24624
node 10	AtA: 18354	cholCost: 8425	addCost: 4072	backsolveCost: 24624
node 11	AtA: 18354	cholCost: 8268	addCost: 4072	backsolveCost: 24624
node 12	AtA: 13984	cholCost: 6028	addCost: 3352	backsolveCost: 24523
node 13	AtA: 20854	cholCost: 53322	addCost: 4072	backsolveCost: 24624
node 14	AtA: 20854	cholCost: 53322	addCost: 4072	backsolveCost: 24624
node 15	AtA: 20854	cholCost: 53322	addCost: 4072	backsolveCost: 24624
node 16	AtA: 20854	cholCost: 53322	addCost: 4072	backsolveCost: 24624
node 17	AtA: 12988	cholCost: 58836	addCost: 10408	backsolveCost: 17003
node 18	AtA: 13862	cholCost: 101744	addCost: 16552	backsolveCost: 26139
node 19	AtA: 3884	cholCost: 86292	addCost: 24232	backsolveCost: 17927
node 20	AtA: 20854	cholCost: 53322	addCost: 4072	backsolveCost: 24624
node 21	AtA: 20854	cholCost: 53322	addCost: 4072	backsolveCost: 24624
node 22	AtA: 20854	cholCost: 53322	addCost: 4072	backsolveCost: 24624
node 23	AtA: 21728	cholCost: 74745	addCost: 4888	backsolveCost: 31323
node 24	AtA: 4230	cholCost: 75952	addCost: 9112	backsolveCost: 25432
node 25	AtA: 3884	cholCost: 66324	addCost: 14872	backsolveCost: 17388
node 26	AtA: 20854	cholCost: 53322	addCost: 4072	backsolveCost: 24624
node 27	AtA: 21728	cholCost: 92924	addCost: 7912	backsolveCost: 31775
node 28	AtA: 20854	cholCost: 53322	addCost: 4072	backsolveCost: 24624
node 29	AtA: 16484	cholCost: 52490	addCost: 3352	backsolveCost: 24523
node 30	AtA: 17358	cholCost: 57981	addCost: 4888	backsolveCost: 24826
node 31	AtA: 13862	cholCost: 75952	addCost: 9112	backsolveCost: 25432
node 32	AtA: 9492	cholCost: 78180	addCost: 18328	backsolveCost: 17619
node 33	AtA: 4576	cholCost: 163478	addCost: 26392	backsolveCost: 33696
node 34	AtA: 4576	cholCost: 224881	addCost: 47128	backsolveCost: 35052
node 35	AtA: 20854	cholCost: 53322	addCost: 4072	backsolveCost: 24624
node 36	AtA: 12988	cholCost: 58836	addCost: 10408	backsolveCost: 17003
node 37	AtA: 20854	cholCost: 53322	addCost: 4072	backsolveCost: 24624
node 38	AtA: 20854	cholCost: 53322	addCost: 4072	backsolveCost: 24624
node 39	AtA: 3884	cholCost: 72564	addCost: 16552	backsolveCost: 17465
node 40	AtA: 20854	cholCost: 53322	addCost: 4072	backsolveCost: 24624
node 41	AtA: 20854	cholCost: 53322	addCost: 4072	backsolveCost: 24624
node 42	AtA: 20854	cholCost: 53322	addCost: 4072	backsolveCost: 24624
node 43	AtA: 20854	cholCost: 53322	addCost: 4072	backsolveCost: 24624
node 44	AtA: 14736	cholCost: 119132	addCost: 13288	backsolveCost: 32453
node 45	AtA: 19106	cholCost: 178901	addCost: 20200	backsolveCost: 44565
node 46	AtA: 19980	cholCost: 52490	addCost: 3352	backsolveCost: 24523
node 47	AtA: 20854	cholCost: 53322	addCost: 4072	backsolveCost: 24624
node 48	AtA: 21728	cholCost: 65635	addCost: 3352	backsolveCost: 30984
node 49	AtA: 12988	cholCost: 52596	addCost: 9112	backsolveCost: 16926
node 50	AtA: 13862	cholCost: 89264	addCost: 13288	backsolveCost: 25836
node 51	AtA: 20854	cholCost: 53322	addCost: 4072	backsolveCost: 24624
node 52	AtA: 20854	cholCost: 53322	addCost: 4072	backsolveCost: 24624
node 53	AtA: 20854	cholCost: 53322	addCost: 4072	backsolveCost: 24624
node 54	AtA: 14736	cholCost: 119132	addCost: 13288	backsolveCost: 32453
node 55	AtA: 14736	cholCost: 31131	addCost: 2200	backsolveCost: 16002
node 56	AtA: 21728	cholCost: 74745	addCost: 4888	backsolveCost: 31323
node 57	AtA: 20854	cholCost: 53322	addCost: 4072	backsolveCost: 24624
node 58	AtA: 14736	cholCost: 31131	addCost: 2200	backsolveCost: 16002
node 59	AtA: 14736	cholCost: 31131	addCost: 2200	backsolveCost: 16002
node 60	AtA: 12988	cholCost: 40865	addCost: 4888	backsolveCost: 16464
node 61	AtA: 12988	cholCost: 40865	addCost: 4888	backsolveCost: 16464
node 62	AtA: 4230	cholCost: 75952	addCost: 9112	backsolveCost: 25432
node 63	AtA: 5614	cholCost: 263666	addCost: 28648	backsolveCost: 68334
node 64	AtA: 4230	cholCost: 185112	addCost: 50152	backsolveCost: 28260
node 65	AtA: 12988	cholCost: 365778	addCost: 63208	backsolveCost: 56750
node 66	AtA: 20854	cholCost: 53322	addCost: 4072	backsolveCost: 24624
node 67	AtA: 20854	cholCost: 53322	addCost: 4072	backsolveCost: 24624
node 68	AtA: 22602	cholCost: 149448	addCost: 13288	backsolveCost: 43743
node 69	AtA: 20854	cholCost: 53322	addCost: 4072	backsolveCost: 24624
node 70	AtA: 14736	cholCost: 31131	addCost: 2200	backsolveCost: 16002
node 71	AtA: 21728	cholCost: 74745	addCost: 4888	backsolveCost: 31323
node 72	AtA: 18232	cholCost: 107068	addCost: 11800	backsolveCost: 32340
node 73	AtA: 14736	cholCost: 31131	addCost: 2200	backsolveCost: 16002
node 74	AtA: 21728	cholCost: 74745	addCost: 4888	backsolveCost: 31323
node 75	AtA: 20854	cholCost: 53322	addCost: 4072	backsolveCost: 24624
node 76	AtA: 14736	cholCost: 31131	addCost: 2200	backsolveCost: 16002
node 77	AtA: 21728	cholCost: 74745	addCost: 4888	backsolveCost: 31323
node 78	AtA: 4230	cholCost: 75952	addCost: 9112	backsolveCost: 25432
node 79	AtA: 4230	cholCost: 95920	addCost: 14872	backsolveCost: 26038
node 80	AtA: 20854	cholCost: 53322	addCost: 4072	backsolveCost: 24624
node 81	AtA: 21728	cholCost: 92924	addCost: 7912	backsolveCost: 31775
node 82	AtA: 14736	cholCost: 31131	addCost: 2200	backsolveCost: 16002
node 83	AtA: 21728	cholCost: 74745	addCost: 4888	backsolveCost: 31323
node 84	AtA: 9492	cholCost: 45732	addCost: 6808	backsolveCost: 16695
node 85	AtA: 10366	cholCost: 88432	addCost: 11800	backsolveCost: 25735
node 86	AtA: 20854	cholCost: 53322	addCost: 4072	backsolveCost: 24624
node 87	AtA: 20854	cholCost: 53322	addCost: 4072	backsolveCost: 24624
node 88	AtA: 20854	cholCost: 53322	addCost: 4072	backsolveCost: 24624
node 89	AtA: 20854	cholCost: 53322	addCost: 4072	backsolveCost: 24624
node 90	AtA: 23476	cholCost: 138888	addCost: 10408	backsolveCost: 51833
node 91	AtA: 3884	cholCost: 72564	addCost: 16552	backsolveCost: 17465
node 92	AtA: 5960	cholCost: 348028	addCost: 35992	backsolveCost: 79860
node 93	AtA: 4576	cholCost: 214772	addCost: 41368	backsolveCost: 34713
node 94	AtA: 20854	cholCost: 53322	addCost: 4072	backsolveCost: 24624
node 95	AtA: 20854	cholCost: 53322	addCost: 4072	backsolveCost: 24624
node 96	AtA: 20854	cholCost: 53322	addCost: 4072	backsolveCost: 24624
node 97	AtA: 12988	cholCost: 58836	addCost: 10408	backsolveCost: 17003
node 98	AtA: 3884	cholCost: 72564	addCost: 16552	backsolveCost: 17465
node 99	AtA: 20854	cholCost: 53322	addCost: 4072	backsolveCost: 24624
node 100	AtA: 20854	cholCost: 53322	addCost: 4072	backsolveCost: 24624
node 101	AtA: 12988	cholCost: 58836	addCost: 10408	backsolveCost: 17003
node 102	AtA: 20854	cholCost: 53322	addCost: 4072	backsolveCost: 24624
node 103	AtA: 21728	cholCost: 92924	addCost: 7912	backsolveCost: 31775
node 104	AtA: 20854	cholCost: 53322	addCost: 4072	backsolveCost: 24624
node 105	AtA: 18232	cholCost: 52490	addCost: 3352	backsolveCost: 24523
node 106	AtA: 17358	cholCost: 57981	addCost: 4888	backsolveCost: 24826
node 107	AtA: 3884	cholCost: 66324	addCost: 14872	backsolveCost: 17388
node 108	AtA: 20854	cholCost: 53322	addCost: 4072	backsolveCost: 24624
node 109	AtA: 20854	cholCost: 53322	addCost: 4072	backsolveCost: 24624
node 110	AtA: 14736	cholCost: 32379	addCost: 2728	backsolveCost: 16079
node 111	AtA: 20854	cholCost: 74745	addCost: 4888	backsolveCost: 31323
node 112	AtA: 14736	cholCost: 32379	addCost: 2728	backsolveCost: 16079
node 113	AtA: 19980	cholCost: 74745	addCost: 4888	backsolveCost: 31323
node 114	AtA: 12988	cholCost: 40865	addCost: 4888	backsolveCost: 16464
node 115	AtA: 8618	cholCost: 125164	addCost: 14872	backsolveCost: 32679
node 116	AtA: 8618	cholCost: 153369	addCost: 22168	backsolveCost: 33357
node 117	AtA: 3884	cholCost: 102766	addCost: 31000	backsolveCost: 18312
node 118	AtA: 4230	cholCost: 184280	addCost: 47128	backsolveCost: 28159
node 119	AtA: 23476	cholCost: 74745	addCost: 4888	backsolveCost: 31323
node 120	AtA: 23476	cholCost: 74745	addCost: 4888	backsolveCost: 31323
node 121	AtA: 18354	cholCost: 8401	addCost: 4072	backsolveCost: 24624
node 122	AtA: 20854	cholCost: 53322	addCost: 4072	backsolveCost: 24624
node 123	AtA: 23476	cholCost: 138888	addCost: 10408	backsolveCost: 51833
node 124	AtA: 8618	cholCost: 108400	addCost: 18328	backsolveCost: 26341
node 125	AtA: 20854	cholCost: 53322	addCost: 4072	backsolveCost: 24624
node 126	AtA: 14736	cholCost: 31131	addCost: 2200	backsolveCost: 16002
node 127	AtA: 21728	cholCost: 74745	addCost: 4888	backsolveCost: 31323
node 128	AtA: 17358	cholCost: 68464	addCost: 6808	backsolveCost: 25129
node 129	AtA: 13862	cholCost: 88432	addCost: 11800	backsolveCost: 25735
node 130	AtA: 20854	cholCost: 53322	addCost: 4072	backsolveCost: 24624
node 131	AtA: 20854	cholCost: 53322	addCost: 4072	backsolveCost: 24624
node 132	AtA: 10488	cholCost: 7728	addCost: 4888	backsolveCost: 16464
node 133	AtA: 23476	cholCost: 74745	addCost: 4888	backsolveCost: 31323
node 134	AtA: 15610	cholCost: 69296	addCost: 7912	backsolveCost: 25230
node 135	AtA: 6870	cholCost: 52596	addCost: 9112	backsolveCost: 16926
node 136	AtA: 3884	cholCost: 66324	addCost: 14872	backsolveCost: 17388
node 137	AtA: 3884	cholCost: 93905	addCost: 26392	backsolveCost: 18081
node 138	AtA: 9492	cholCost: 230070	addCost: 33448	backsolveCost: 45798
node 139	AtA: 20854	cholCost: 53322	addCost: 4072	backsolveCost: 24624
node 140	AtA: 20854	cholCost: 53322	addCost: 4072	backsolveCost: 24624
node 141	AtA: 23476	cholCost: 138888	addCost: 10408	backsolveCost: 51833
node 142	AtA: 23476	cholCost: 74745	addCost: 4888	backsolveCost: 31323
node 143	AtA: 23476	cholCost: 74745	addCost: 4888	backsolveCost: 31323
node 144	AtA: 15610	cholCost: 88432	addCost: 11800	backsolveCost: 25735
node 145	AtA: 10366	cholCost: 115888	addCost: 22168	backsolveCost: 26644
node 146	AtA: 23476	cholCost: 74745	addCost: 4888	backsolveCost: 31323
node 147	AtA: 20854	cholCost: 53322	addCost: 4072	backsolveCost: 24624
node 148	AtA: 21728	cholCost: 92924	addCost: 7912	backsolveCost: 31775
node 149	AtA: 13862	cholCost: 95920	addCost: 14872	backsolveCost: 26038
node 150	AtA: 14736	cholCost: 31131	addCost: 2200	backsolveCost: 16002
node 151	AtA: 21728	cholCost: 74745	addCost: 4888	backsolveCost: 31323
node 152	AtA: 14736	cholCost: 32379	addCost: 2728	backsolveCost: 16079
node 153	AtA: 20854	cholCost: 74745	addCost: 4888	backsolveCost: 31323
node 154	AtA: 14736	cholCost: 32379	addCost: 2728	backsolveCost: 16079
node 155	AtA: 17358	cholCost: 53322	addCost: 4072	backsolveCost: 24624
node 156	AtA: 23476	cholCost: 74745	addCost: 4888	backsolveCost: 31323
node 157	AtA: 9492	cholCost: 81776	addCost: 10408	backsolveCost: 25533
node 158	AtA: 9492	cholCost: 204111	addCost: 26392	backsolveCost: 45250
node 159	AtA: 20854	cholCost: 53322	addCost: 4072	backsolveCost: 24624
node 160	AtA: 23476	cholCost: 74745	addCost: 4888	backsolveCost: 31323
node 161	AtA: 22602	cholCost: 156936	addCost: 14872	backsolveCost: 44017
node 162	AtA: 20854	cholCost: 53322	addCost: 4072	backsolveCost: 24624
node 163	AtA: 20854	cholCost: 53322	addCost: 4072	backsolveCost: 24624
node 164	AtA: 12988	cholCost: 58836	addCost: 10408	backsolveCost: 17003
node 165	AtA: 20854	cholCost: 53322	addCost: 4072	backsolveCost: 24624
node 166	AtA: 14736	cholCost: 32379	addCost: 2728	backsolveCost: 16079
node 167	AtA: 19980	cholCost: 74745	addCost: 4888	backsolveCost: 31323
node 168	AtA: 12988	cholCost: 40865	addCost: 4888	backsolveCost: 16464
node 169	AtA: 13862	cholCost: 75952	addCost: 9112	backsolveCost: 25432
node 170	AtA: 10366	cholCost: 108400	addCost: 18328	backsolveCost: 26341
node 171	AtA: 3884	cholCost: 111003	addCost: 33448	backsolveCost: 18389
node 172	AtA: 12114	cholCost: 343665	addCost: 44200	backsolveCost: 69891
node 173	AtA: 9492	cholCost: 325420	addCost: 59800	backsolveCost: 47716
node 174	AtA: 12114	cholCost: 533732	addCost: 74008	backsolveCost: 83190
node 175	AtA: 16484	cholCost: 893450	addCost: 74008	backsolveCost: 171286
node 176	AtA: 6998	cholCost: 765962	addCost: 81688	backsolveCost: 134422
node 177	AtA: 48822	cholCost: 2139926	addCost: 1192	backsolveCost: 1634537
node 178	AtA: 6870	cholCost: 16194	addCost: 1000	backsolveCost: 10977
node 179	AtA: -1	cholCost: 0	addCost: -1	backsolveCost: 1561

