cliques
174
node 0	AtA: 12236	cholCost: 2688	addCost: 2200	backsolveCost: 16002
node 1	AtA: 18354	cholCost: 5520	addCost: 2728	backsolveCost: 30758
node 2	AtA: 9614	cholCost: 7855	addCost: 4888	backsolveCost: 16464
node 3	AtA: 12236	cholCost: 2688	addCost: 2200	backsolveCost: 16002
node 4	AtA: 13984	cholCost: 6167	addCost: 3352	backsolveCost: 24523
node 5	AtA: 12236	cholCost: 2688	addCost: 2200	backsolveCost: 16002
node 6	AtA: 12236	cholCost: 2688	addCost: 2200	backsolveCost: 16002
node 7	AtA: 18354	cholCost: 8407	addCost: 4072	backsolveCost: 24624
node 8	AtA: 13984	cholCost: 6028	addCost: 3352	backsolveCost: 24523
node 9	AtA: 20854	cholCost: 53322	addCost: 4072	backsolveCost: 24624
node 10	AtA: 20854	cholCost: 53322	addCost: 4072	backsolveCost: 24624
node 11	AtA: 20854	cholCost: 53322	addCost: 4072	backsolveCost: 24624
node 12	AtA: 20854	cholCost: 53322	addCost: 4072	backsolveCost: 24624
node 13	AtA: 20854	cholCost: 53322	addCost: 4072	backsolveCost: 24624
node 14	AtA: 23476	cholCost: 74745	addCost: 4888	backsolveCost: 31323
node 15	AtA: 23476	cholCost: 74745	addCost: 4888	backsolveCost: 31323
node 16	AtA: 17358	cholCost: 156936	addCost: 14872	backsolveCost: 44017
node 17	AtA: 21728	cholCost: 65635	addCost: 3352	backsolveCost: 30984
node 18	AtA: 18232	cholCost: 61808	addCost: 5800	backsolveCost: 24927
node 19	AtA: 14736	cholCost: 52596	addCost: 9112	backsolveCost: 16926
node 20	AtA: 23476	cholCost: 74745	addCost: 4888	backsolveCost: 31323
node 21	AtA: 14736	cholCost: 31131	addCost: 2200	backsolveCost: 16002
node 22	AtA: 14736	cholCost: 32379	addCost: 2728	backsolveCost: 16079
node 23	AtA: 15610	cholCost: 61808	addCost: 5800	backsolveCost: 24927
node 24	AtA: 12988	cholCost: 45108	addCost: 5800	backsolveCost: 16541
node 25	AtA: 14736	cholCost: 88432	addCost: 11800	backsolveCost: 25735
node 26	AtA: 12988	cholCost: 156936	addCost: 14872	backsolveCost: 44017
node 27	AtA: 6870	cholCost: 102142	addCost: 28648	backsolveCost: 18158
node 28	AtA: 5960	cholCost: 367331	addCost: 38632	backsolveCost: 80045
node 29	AtA: 20854	cholCost: 53322	addCost: 4072	backsolveCost: 24624
node 30	AtA: 20854	cholCost: 53322	addCost: 4072	backsolveCost: 24624
node 31	AtA: 12988	cholCost: 58836	addCost: 10408	backsolveCost: 17003
node 32	AtA: 20854	cholCost: 53322	addCost: 4072	backsolveCost: 24624
node 33	AtA: 20854	cholCost: 53322	addCost: 4072	backsolveCost: 24624
node 34	AtA: 20854	cholCost: 53322	addCost: 4072	backsolveCost: 24624
node 35	AtA: 13862	cholCost: 101744	addCost: 16552	backsolveCost: 26139
node 36	AtA: 9492	cholCost: 111003	addCost: 33448	backsolveCost: 18389
node 37	AtA: 14736	cholCost: 32379	addCost: 2728	backsolveCost: 16079
node 38	AtA: 17358	cholCost: 57981	addCost: 4888	backsolveCost: 24826
node 39	AtA: 12988	cholCost: 40865	addCost: 4888	backsolveCost: 16464
node 40	AtA: 20854	cholCost: 53322	addCost: 4072	backsolveCost: 24624
node 41	AtA: 20854	cholCost: 53322	addCost: 4072	backsolveCost: 24624
node 42	AtA: 20854	cholCost: 53322	addCost: 4072	backsolveCost: 24624
node 43	AtA: 20854	cholCost: 53322	addCost: 4072	backsolveCost: 24624
node 44	AtA: 20854	cholCost: 53322	addCost: 4072	backsolveCost: 24624
node 45	AtA: 14736	cholCost: 32379	addCost: 2728	backsolveCost: 16079
node 46	AtA: 18232	cholCost: 57981	addCost: 4888	backsolveCost: 24826
node 47	AtA: 12114	cholCost: 156936	addCost: 14872	backsolveCost: 44017
node 48	AtA: 10366	cholCost: 195298	addCost: 22168	backsolveCost: 53472
node 49	AtA: 5268	cholCost: 266186	addCost: 41368	backsolveCost: 55260
node 50	AtA: 20854	cholCost: 57981	addCost: 4888	backsolveCost: 24826
node 51	AtA: 20854	cholCost: 53322	addCost: 4072	backsolveCost: 24624
node 52	AtA: 20854	cholCost: 53322	addCost: 4072	backsolveCost: 24624
node 53	AtA: 20854	cholCost: 53322	addCost: 4072	backsolveCost: 24624
node 54	AtA: 20854	cholCost: 57981	addCost: 4888	backsolveCost: 24826
node 55	AtA: 20854	cholCost: 53322	addCost: 4072	backsolveCost: 24624
node 56	AtA: 19980	cholCost: 150120	addCost: 11800	backsolveCost: 52131
node 57	AtA: 3884	cholCost: 84420	addCost: 20200	backsolveCost: 17696
node 58	AtA: 9492	cholCost: 228822	addCost: 31000	backsolveCost: 45661
node 59	AtA: 20854	cholCost: 53322	addCost: 4072	backsolveCost: 24624
node 60	AtA: 20854	cholCost: 53322	addCost: 4072	backsolveCost: 24624
node 61	AtA: 20854	cholCost: 53322	addCost: 4072	backsolveCost: 24624
node 62	AtA: 12988	cholCost: 58836	addCost: 10408	backsolveCost: 17003
node 63	AtA: 19106	cholCost: 158184	addCost: 16552	backsolveCost: 44154
node 64	AtA: 14736	cholCost: 31131	addCost: 2200	backsolveCost: 16002
node 65	AtA: 21728	cholCost: 74745	addCost: 4888	backsolveCost: 31323
node 66	AtA: 19980	cholCost: 126408	addCost: 9112	backsolveCost: 51684
node 67	AtA: 20854	cholCost: 57981	addCost: 4888	backsolveCost: 24826
node 68	AtA: 20854	cholCost: 53322	addCost: 4072	backsolveCost: 24624
node 69	AtA: 20854	cholCost: 53322	addCost: 4072	backsolveCost: 24624
node 70	AtA: 9492	cholCost: 66324	addCost: 14872	backsolveCost: 17388
node 71	AtA: 6870	cholCost: 84420	addCost: 20200	backsolveCost: 17696
node 72	AtA: 3884	cholCost: 119864	addCost: 38632	backsolveCost: 18620
node 73	AtA: 9492	cholCost: 366354	addCost: 70312	backsolveCost: 48264
node 74	AtA: 19106	cholCost: 893450	addCost: 74008	backsolveCost: 171286
node 75	AtA: 14736	cholCost: 32379	addCost: 2728	backsolveCost: 16079
node 76	AtA: 19980	cholCost: 74745	addCost: 4888	backsolveCost: 31323
node 77	AtA: 12988	cholCost: 40865	addCost: 4888	backsolveCost: 16464
node 78	AtA: 20854	cholCost: 53322	addCost: 4072	backsolveCost: 24624
node 79	AtA: 14736	cholCost: 32379	addCost: 2728	backsolveCost: 16079
node 80	AtA: 20854	cholCost: 74745	addCost: 4888	backsolveCost: 31323
node 81	AtA: 7744	cholCost: 75952	addCost: 9112	backsolveCost: 25432
node 82	AtA: 20854	cholCost: 53322	addCost: 4072	backsolveCost: 24624
node 83	AtA: 20854	cholCost: 53322	addCost: 4072	backsolveCost: 24624
node 84	AtA: 20854	cholCost: 53322	addCost: 4072	backsolveCost: 24624
node 85	AtA: 20854	cholCost: 53322	addCost: 4072	backsolveCost: 24624
node 86	AtA: 20854	cholCost: 53322	addCost: 4072	backsolveCost: 24624
node 87	AtA: 20854	cholCost: 53322	addCost: 4072	backsolveCost: 24624
node 88	AtA: 4230	cholCost: 89264	addCost: 13288	backsolveCost: 25836
node 89	AtA: 3884	cholCost: 84420	addCost: 20200	backsolveCost: 17696
node 90	AtA: 3884	cholCost: 93905	addCost: 26392	backsolveCost: 18081
node 91	AtA: 20854	cholCost: 53322	addCost: 4072	backsolveCost: 24624
node 92	AtA: 20854	cholCost: 53322	addCost: 4072	backsolveCost: 24624
node 93	AtA: 12988	cholCost: 58836	addCost: 10408	backsolveCost: 17003
node 94	AtA: 18232	cholCost: 52490	addCost: 3352	backsolveCost: 24523
node 95	AtA: 16484	cholCost: 57981	addCost: 4888	backsolveCost: 24826
node 96	AtA: 12988	cholCost: 40865	addCost: 4888	backsolveCost: 16464
node 97	AtA: 14736	cholCost: 32379	addCost: 2728	backsolveCost: 16079
node 98	AtA: 19980	cholCost: 74745	addCost: 4888	backsolveCost: 31323
node 99	AtA: 12988	cholCost: 40865	addCost: 4888	backsolveCost: 16464
node 100	AtA: 17358	cholCost: 68464	addCost: 6808	backsolveCost: 25129
node 101	AtA: 8618	cholCost: 133276	addCost: 18328	backsolveCost: 33018
node 102	AtA: 20854	cholCost: 53322	addCost: 4072	backsolveCost: 24624
node 103	AtA: 14736	cholCost: 32379	addCost: 2728	backsolveCost: 16079
node 104	AtA: 19980	cholCost: 74745	addCost: 4888	backsolveCost: 31323
node 105	AtA: 12988	cholCost: 40865	addCost: 4888	backsolveCost: 16464
node 106	AtA: 20854	cholCost: 53322	addCost: 4072	backsolveCost: 24624
node 107	AtA: 20854	cholCost: 53322	addCost: 4072	backsolveCost: 24624
node 108	AtA: 20854	cholCost: 53322	addCost: 4072	backsolveCost: 24624
node 109	AtA: 14736	cholCost: 119132	addCost: 13288	backsolveCost: 32453
node 110	AtA: 11240	cholCost: 153369	addCost: 22168	backsolveCost: 33357
node 111	AtA: 9492	cholCost: 228822	addCost: 31000	backsolveCost: 45661
node 112	AtA: 12988	cholCost: 365106	addCost: 66712	backsolveCost: 48127
node 113	AtA: 20854	cholCost: 53322	addCost: 4072	backsolveCost: 24624
node 114	AtA: 18354	cholCost: 8395	addCost: 4072	backsolveCost: 24624
node 115	AtA: 20854	cholCost: 53322	addCost: 4072	backsolveCost: 24624
node 116	AtA: 20854	cholCost: 53322	addCost: 4072	backsolveCost: 24624
node 117	AtA: 4230	cholCost: 89264	addCost: 13288	backsolveCost: 25836
node 118	AtA: 20854	cholCost: 53322	addCost: 4072	backsolveCost: 24624
node 119	AtA: 21728	cholCost: 92924	addCost: 7912	backsolveCost: 31775
node 120	AtA: 14736	cholCost: 31131	addCost: 2200	backsolveCost: 16002
node 121	AtA: 21728	cholCost: 74745	addCost: 4888	backsolveCost: 31323
node 122	AtA: 20854	cholCost: 53322	addCost: 4072	backsolveCost: 24624
node 123	AtA: 19980	cholCost: 52490	addCost: 3352	backsolveCost: 24523
node 124	AtA: 12988	cholCost: 52596	addCost: 9112	backsolveCost: 16926
node 125	AtA: 3884	cholCost: 52596	addCost: 9112	backsolveCost: 16926
node 126	AtA: 20854	cholCost: 53322	addCost: 4072	backsolveCost: 24624
node 127	AtA: 14736	cholCost: 31131	addCost: 2200	backsolveCost: 16002
node 128	AtA: 21728	cholCost: 74745	addCost: 4888	backsolveCost: 31323
node 129	AtA: 13862	cholCost: 75952	addCost: 9112	backsolveCost: 25432
node 130	AtA: 20854	cholCost: 53322	addCost: 4072	backsolveCost: 24624
node 131	AtA: 20854	cholCost: 53322	addCost: 4072	backsolveCost: 24624
node 132	AtA: 23476	cholCost: 138888	addCost: 10408	backsolveCost: 51833
node 133	AtA: 6306	cholCost: 381048	addCost: 31000	backsolveCost: 96307
node 134	AtA: 4576	cholCost: 197674	addCost: 35992	backsolveCost: 34374
node 135	AtA: 20854	cholCost: 53322	addCost: 4072	backsolveCost: 24624
node 136	AtA: 20854	cholCost: 53322	addCost: 4072	backsolveCost: 24624
node 137	AtA: 20854	cholCost: 53322	addCost: 4072	backsolveCost: 24624
node 138	AtA: 20854	cholCost: 53322	addCost: 4072	backsolveCost: 24624
node 139	AtA: 4230	cholCost: 89264	addCost: 13288	backsolveCost: 25836
node 140	AtA: 20854	cholCost: 53322	addCost: 4072	backsolveCost: 24624
node 141	AtA: 20854	cholCost: 53322	addCost: 4072	backsolveCost: 24624
node 142	AtA: 14736	cholCost: 31131	addCost: 2200	backsolveCost: 16002
node 143	AtA: 14736	cholCost: 31131	addCost: 2200	backsolveCost: 16002
node 144	AtA: 12988	cholCost: 40865	addCost: 4888	backsolveCost: 16464
node 145	AtA: 12988	cholCost: 40865	addCost: 4888	backsolveCost: 16464
node 146	AtA: 20854	cholCost: 53322	addCost: 4072	backsolveCost: 24624
node 147	AtA: 13862	cholCost: 68464	addCost: 6808	backsolveCost: 25129
node 148	AtA: 4922	cholCost: 156936	addCost: 14872	backsolveCost: 44017
node 149	AtA: 10366	cholCost: 141847	addCost: 31000	backsolveCost: 27250
node 150	AtA: 20854	cholCost: 53322	addCost: 4072	backsolveCost: 24624
node 151	AtA: 20854	cholCost: 53322	addCost: 4072	backsolveCost: 24624
node 152	AtA: 20854	cholCost: 53322	addCost: 4072	backsolveCost: 24624
node 153	AtA: 20854	cholCost: 53322	addCost: 4072	backsolveCost: 24624
node 154	AtA: 12988	cholCost: 58836	addCost: 10408	backsolveCost: 17003
node 155	AtA: 3884	cholCost: 72564	addCost: 16552	backsolveCost: 17465
node 156	AtA: 20854	cholCost: 53322	addCost: 4072	backsolveCost: 24624
node 157	AtA: 20854	cholCost: 53322	addCost: 4072	backsolveCost: 24624
node 158	AtA: 21728	cholCost: 92924	addCost: 7912	backsolveCost: 31775
node 159	AtA: 18232	cholCost: 132236	addCost: 16552	backsolveCost: 32792
node 160	AtA: 20854	cholCost: 53322	addCost: 4072	backsolveCost: 24624
node 161	AtA: 21728	cholCost: 74745	addCost: 4888	backsolveCost: 31323
node 162	AtA: 14736	cholCost: 31131	addCost: 2200	backsolveCost: 16002
node 163	AtA: 21728	cholCost: 74745	addCost: 4888	backsolveCost: 31323
node 164	AtA: 9492	cholCost: 52596	addCost: 9112	backsolveCost: 16926
node 165	AtA: 14736	cholCost: 107068	addCost: 11800	backsolveCost: 32340
node 166	AtA: 4230	cholCost: 115888	addCost: 22168	backsolveCost: 26644
node 167	AtA: 3884	cholCost: 120488	addCost: 41368	backsolveCost: 18774
node 168	AtA: 5960	cholCost: 444875	addCost: 53272	backsolveCost: 81525
node 169	AtA: 5614	cholCost: 496212	addCost: 81688	backsolveCost: 72832
node 170	AtA: 9074	cholCost: 1163862	addCost: 70312	backsolveCost: 259602
node 171	AtA: 51444	cholCost: 2049446	addCost: 1192	backsolveCost: 1584012
node 172	AtA: 6870	cholCost: 16194	addCost: 1000	backsolveCost: 10977
node 173	AtA: -1	cholCost: 0	addCost: -1	backsolveCost: 1561

