cliques
162
node 0	AtA: 12236	cholCost: 2688	addCost: 2200	backsolveCost: 16002
node 1	AtA: 12236	cholCost: 2688	addCost: 2200	backsolveCost: 16002
node 2	AtA: 18354	cholCost: 0	addCost: 2728	backsolveCost: 30758
node 3	AtA: 9614	cholCost: 7728	addCost: 4888	backsolveCost: 16464
node 4	AtA: 18354	cholCost: 8268	addCost: 4072	backsolveCost: 24624
node 5	AtA: 12236	cholCost: 2688	addCost: 2200	backsolveCost: 16002
node 6	AtA: 20976	cholCost: 10561	addCost: 4888	backsolveCost: 31323
node 7	AtA: 12236	cholCost: 2688	addCost: 2200	backsolveCost: 16002
node 8	AtA: 19228	cholCost: 10416	addCost: 4888	backsolveCost: 31323
node 9	AtA: 13984	cholCost: 6155	addCost: 3352	backsolveCost: 24523
node 10	AtA: 12236	cholCost: 2688	addCost: 2200	backsolveCost: 16002
node 11	AtA: 12236	cholCost: 2688	addCost: 2200	backsolveCost: 16002
node 12	AtA: 19228	cholCost: 10416	addCost: 4888	backsolveCost: 31323
node 13	AtA: 18354	cholCost: 8268	addCost: 4072	backsolveCost: 24624
node 14	AtA: 12236	cholCost: 2688	addCost: 2200	backsolveCost: 16002
node 15	AtA: 12236	cholCost: 0	addCost: 2200	backsolveCost: 16002
node 16	AtA: 13984	cholCost: 0	addCost: 3352	backsolveCost: 24523
node 17	AtA: 18354	cholCost: 8401	addCost: 4072	backsolveCost: 24624
node 18	AtA: 18354	cholCost: 8268	addCost: 4072	backsolveCost: 24624
node 19	AtA: 19228	cholCost: 18889	addCost: 7912	backsolveCost: 31775
node 20	AtA: 20854	cholCost: 53322	addCost: 4072	backsolveCost: 24624
node 21	AtA: 21728	cholCost: 92924	addCost: 7912	backsolveCost: 31775
node 22	AtA: 20854	cholCost: 53322	addCost: 4072	backsolveCost: 24624
node 23	AtA: 21728	cholCost: 74745	addCost: 4888	backsolveCost: 31323
node 24	AtA: 13862	cholCost: 75952	addCost: 9112	backsolveCost: 25432
node 25	AtA: 13862	cholCost: 45108	addCost: 5800	backsolveCost: 16541
node 26	AtA: 20854	cholCost: 53322	addCost: 4072	backsolveCost: 24624
node 27	AtA: 18232	cholCost: 119132	addCost: 13288	backsolveCost: 32453
node 28	AtA: 4230	cholCost: 101744	addCost: 16552	backsolveCost: 26139
node 29	AtA: 4576	cholCost: 196634	addCost: 33448	backsolveCost: 34148
node 30	AtA: 20854	cholCost: 53322	addCost: 4072	backsolveCost: 24624
node 31	AtA: 20854	cholCost: 53322	addCost: 4072	backsolveCost: 24624
node 32	AtA: 23476	cholCost: 138888	addCost: 10408	backsolveCost: 51833
node 33	AtA: 14736	cholCost: 31131	addCost: 2200	backsolveCost: 16002
node 34	AtA: 14736	cholCost: 31131	addCost: 2200	backsolveCost: 16002
node 35	AtA: 21728	cholCost: 74745	addCost: 4888	backsolveCost: 31323
node 36	AtA: 13862	cholCost: 68464	addCost: 6808	backsolveCost: 25129
node 37	AtA: 20854	cholCost: 53322	addCost: 4072	backsolveCost: 24624
node 38	AtA: 20854	cholCost: 53322	addCost: 4072	backsolveCost: 24624
node 39	AtA: 20854	cholCost: 53322	addCost: 4072	backsolveCost: 24624
node 40	AtA: 14736	cholCost: 31131	addCost: 2200	backsolveCost: 16002
node 41	AtA: 16484	cholCost: 52490	addCost: 3352	backsolveCost: 24523
node 42	AtA: 23476	cholCost: 126408	addCost: 9112	backsolveCost: 51684
node 43	AtA: 3884	cholCost: 66324	addCost: 14872	backsolveCost: 17388
node 44	AtA: 3884	cholCost: 78180	addCost: 18328	backsolveCost: 17619
node 45	AtA: 20854	cholCost: 53322	addCost: 4072	backsolveCost: 24624
node 46	AtA: 19980	cholCost: 52490	addCost: 3352	backsolveCost: 24523
node 47	AtA: 20854	cholCost: 53322	addCost: 4072	backsolveCost: 24624
node 48	AtA: 19106	cholCost: 52490	addCost: 3352	backsolveCost: 24523
node 49	AtA: 12988	cholCost: 52596	addCost: 9112	backsolveCost: 16926
node 50	AtA: 15610	cholCost: 124488	addCost: 9112	backsolveCost: 43195
node 51	AtA: 13862	cholCost: 95920	addCost: 14872	backsolveCost: 26038
node 52	AtA: 20854	cholCost: 53322	addCost: 4072	backsolveCost: 24624
node 53	AtA: 12988	cholCost: 58836	addCost: 10408	backsolveCost: 17003
node 54	AtA: 20854	cholCost: 53322	addCost: 4072	backsolveCost: 24624
node 55	AtA: 20854	cholCost: 53322	addCost: 4072	backsolveCost: 24624
node 56	AtA: 12988	cholCost: 58836	addCost: 10408	backsolveCost: 17003
node 57	AtA: 12988	cholCost: 266186	addCost: 41368	backsolveCost: 55260
node 58	AtA: 6652	cholCost: 561770	addCost: 59800	backsolveCost: 112167
node 59	AtA: 23476	cholCost: 74745	addCost: 4888	backsolveCost: 31323
node 60	AtA: 23476	cholCost: 74745	addCost: 4888	backsolveCost: 31323
node 61	AtA: 23476	cholCost: 158184	addCost: 16552	backsolveCost: 44154
node 62	AtA: 27846	cholCost: 110760	addCost: 6808	backsolveCost: 42784
node 63	AtA: 9492	cholCost: 58836	addCost: 10408	backsolveCost: 17003
node 64	AtA: 20854	cholCost: 53322	addCost: 4072	backsolveCost: 24624
node 65	AtA: 21728	cholCost: 92924	addCost: 7912	backsolveCost: 31775
node 66	AtA: 19106	cholCost: 156936	addCost: 14872	backsolveCost: 44017
node 67	AtA: 11240	cholCost: 132362	addCost: 26392	backsolveCost: 26947
node 68	AtA: 7744	cholCost: 167806	addCost: 41368	backsolveCost: 27856
node 69	AtA: 23476	cholCost: 74745	addCost: 4888	backsolveCost: 31323
node 70	AtA: 23476	cholCost: 74745	addCost: 4888	backsolveCost: 31323
node 71	AtA: 21728	cholCost: 98956	addCost: 9112	backsolveCost: 32001
node 72	AtA: 14736	cholCost: 101744	addCost: 16552	backsolveCost: 26139
node 73	AtA: 14736	cholCost: 31131	addCost: 2200	backsolveCost: 16002
node 74	AtA: 21728	cholCost: 74745	addCost: 4888	backsolveCost: 31323
node 75	AtA: 14736	cholCost: 31131	addCost: 2200	backsolveCost: 16002
node 76	AtA: 13862	cholCost: 40241	addCost: 4072	backsolveCost: 16310
node 77	AtA: 23476	cholCost: 74745	addCost: 4888	backsolveCost: 31323
node 78	AtA: 19980	cholCost: 124488	addCost: 9112	backsolveCost: 43195
node 79	AtA: 9492	cholCost: 204111	addCost: 26392	backsolveCost: 45250
node 80	AtA: 20854	cholCost: 53322	addCost: 4072	backsolveCost: 24624
node 81	AtA: 20854	cholCost: 53322	addCost: 4072	backsolveCost: 24624
node 82	AtA: 20854	cholCost: 53322	addCost: 4072	backsolveCost: 24624
node 83	AtA: 20854	cholCost: 53322	addCost: 4072	backsolveCost: 24624
node 84	AtA: 12988	cholCost: 58836	addCost: 10408	backsolveCost: 17003
node 85	AtA: 3884	cholCost: 72564	addCost: 16552	backsolveCost: 17465
node 86	AtA: 20854	cholCost: 53322	addCost: 4072	backsolveCost: 24624
node 87	AtA: 20854	cholCost: 53322	addCost: 4072	backsolveCost: 24624
node 88	AtA: 12988	cholCost: 58836	addCost: 10408	backsolveCost: 17003
node 89	AtA: 20854	cholCost: 53322	addCost: 4072	backsolveCost: 24624
node 90	AtA: 16484	cholCost: 52490	addCost: 3352	backsolveCost: 24523
node 91	AtA: 23476	cholCost: 126408	addCost: 9112	backsolveCost: 51684
node 92	AtA: 10366	cholCost: 108400	addCost: 18328	backsolveCost: 26341
node 93	AtA: 20854	cholCost: 53322	addCost: 4072	backsolveCost: 24624
node 94	AtA: 20854	cholCost: 53322	addCost: 4072	backsolveCost: 24624
node 95	AtA: 18354	cholCost: 8395	addCost: 4072	backsolveCost: 24624
node 96	AtA: 23476	cholCost: 126408	addCost: 9112	backsolveCost: 51684
node 97	AtA: 20854	cholCost: 53322	addCost: 4072	backsolveCost: 24624
node 98	AtA: 14736	cholCost: 31131	addCost: 2200	backsolveCost: 16002
node 99	AtA: 21728	cholCost: 74745	addCost: 4888	backsolveCost: 31323
node 100	AtA: 12114	cholCost: 156936	addCost: 14872	backsolveCost: 44017
node 101	AtA: 14736	cholCost: 133276	addCost: 18328	backsolveCost: 33018
node 102	AtA: 14736	cholCost: 153369	addCost: 22168	backsolveCost: 33357
node 103	AtA: 4576	cholCost: 197674	addCost: 35992	backsolveCost: 34374
node 104	AtA: 4922	cholCost: 264266	addCost: 41368	backsolveCost: 46483
node 105	AtA: 4922	cholCost: 344639	addCost: 63208	backsolveCost: 47853
node 106	AtA: 20854	cholCost: 53322	addCost: 4072	backsolveCost: 24624
node 107	AtA: 20854	cholCost: 53322	addCost: 4072	backsolveCost: 24624
node 108	AtA: 20854	cholCost: 53322	addCost: 4072	backsolveCost: 24624
node 109	AtA: 23476	cholCost: 138888	addCost: 10408	backsolveCost: 51833
node 110	AtA: 3884	cholCost: 72564	addCost: 16552	backsolveCost: 17465
node 111	AtA: 20854	cholCost: 53322	addCost: 4072	backsolveCost: 24624
node 112	AtA: 20854	cholCost: 53322	addCost: 4072	backsolveCost: 24624
node 113	AtA: 10488	cholCost: 15360	addCost: 9112	backsolveCost: 16926
node 114	AtA: 8740	cholCost: 20767	addCost: 9112	backsolveCost: 32001
node 115	AtA: 3884	cholCost: 66324	addCost: 14872	backsolveCost: 17388
node 116	AtA: 19228	cholCost: 10597	addCost: 4888	backsolveCost: 31323
node 117	AtA: 20854	cholCost: 53322	addCost: 4072	backsolveCost: 24624
node 118	AtA: 14736	cholCost: 31131	addCost: 2200	backsolveCost: 16002
node 119	AtA: 21728	cholCost: 74745	addCost: 4888	backsolveCost: 31323
node 120	AtA: 19106	cholCost: 124488	addCost: 9112	backsolveCost: 43195
node 121	AtA: 4922	cholCost: 204111	addCost: 26392	backsolveCost: 45250
node 122	AtA: 4576	cholCost: 197674	addCost: 35992	backsolveCost: 34374
node 123	AtA: 20854	cholCost: 53322	addCost: 4072	backsolveCost: 24624
node 124	AtA: 20854	cholCost: 53322	addCost: 4072	backsolveCost: 24624
node 125	AtA: 12988	cholCost: 58836	addCost: 10408	backsolveCost: 17003
node 126	AtA: 20854	cholCost: 53322	addCost: 4072	backsolveCost: 24624
node 127	AtA: 20854	cholCost: 53322	addCost: 4072	backsolveCost: 24624
node 128	AtA: 14736	cholCost: 31131	addCost: 2200	backsolveCost: 16002
node 129	AtA: 21728	cholCost: 74745	addCost: 4888	backsolveCost: 31323
node 130	AtA: 20854	cholCost: 53322	addCost: 4072	backsolveCost: 24624
node 131	AtA: 14736	cholCost: 31131	addCost: 2200	backsolveCost: 16002
node 132	AtA: 21728	cholCost: 74745	addCost: 4888	backsolveCost: 31323
node 133	AtA: 12114	cholCost: 124488	addCost: 9112	backsolveCost: 43195
node 134	AtA: 3884	cholCost: 66324	addCost: 14872	backsolveCost: 17388
node 135	AtA: 10366	cholCost: 132362	addCost: 26392	backsolveCost: 26947
node 136	AtA: 20854	cholCost: 53322	addCost: 4072	backsolveCost: 24624
node 137	AtA: 20854	cholCost: 53322	addCost: 4072	backsolveCost: 24624
node 138	AtA: 20854	cholCost: 53322	addCost: 4072	backsolveCost: 24624
node 139	AtA: 20854	cholCost: 53322	addCost: 4072	backsolveCost: 24624
node 140	AtA: 12988	cholCost: 58836	addCost: 10408	backsolveCost: 17003
node 141	AtA: 3884	cholCost: 72564	addCost: 16552	backsolveCost: 17465
node 142	AtA: 20854	cholCost: 53322	addCost: 4072	backsolveCost: 24624
node 143	AtA: 20854	cholCost: 53322	addCost: 4072	backsolveCost: 24624
node 144	AtA: 14736	cholCost: 31131	addCost: 2200	backsolveCost: 16002
node 145	AtA: 14736	cholCost: 31131	addCost: 2200	backsolveCost: 16002
node 146	AtA: 12988	cholCost: 40865	addCost: 4888	backsolveCost: 16464
node 147	AtA: 12988	cholCost: 40865	addCost: 4888	backsolveCost: 16464
node 148	AtA: 20854	cholCost: 53322	addCost: 4072	backsolveCost: 24624
node 149	AtA: 14736	cholCost: 31131	addCost: 2200	backsolveCost: 16002
node 150	AtA: 21728	cholCost: 74745	addCost: 4888	backsolveCost: 31323
node 151	AtA: 19106	cholCost: 124488	addCost: 9112	backsolveCost: 43195
node 152	AtA: 10366	cholCost: 88432	addCost: 11800	backsolveCost: 25735
node 153	AtA: 3884	cholCost: 78180	addCost: 18328	backsolveCost: 17619
node 154	AtA: 3884	cholCost: 111627	addCost: 35992	backsolveCost: 18543
node 155	AtA: 15610	cholCost: 468785	addCost: 47128	backsolveCost: 98188
node 156	AtA: 5960	cholCost: 489137	addCost: 63208	backsolveCost: 82265
node 157	AtA: 8728	cholCost: 1014736	addCost: 63208	backsolveCost: 230405
node 158	AtA: 14736	cholCost: 704644	addCost: 70312	backsolveCost: 133197
node 159	AtA: 45326	cholCost: 1719878	addCost: 1192	backsolveCost: 1351566
node 160	AtA: 6870	cholCost: 16194	addCost: 1000	backsolveCost: 10977
node 161	AtA: -1	cholCost: 0	addCost: -1	backsolveCost: 1561

