cliques
68
node 0	AtA: 12236	cholCost: 0	addCost: 2200	backsolveCost: 16002
node 1	AtA: 12236	cholCost: 2688	addCost: 2200	backsolveCost: 16002
node 2	AtA: 12236	cholCost: 2688	addCost: 2200	backsolveCost: 16002
node 3	AtA: 17480	cholCost: 6028	addCost: 3352	backsolveCost: 24523
node 4	AtA: 12236	cholCost: 2688	addCost: 2200	backsolveCost: 16002
node 5	AtA: 12236	cholCost: 2688	addCost: 2200	backsolveCost: 16002
node 6	AtA: 16606	cholCost: 5040	addCost: 2728	backsolveCost: 24321
node 7	AtA: 8740	cholCost: 6708	addCost: 4072	backsolveCost: 16310
node 8	AtA: 12236	cholCost: 2688	addCost: 2200	backsolveCost: 16002
node 9	AtA: 12236	cholCost: 2688	addCost: 2200	backsolveCost: 16002
node 10	AtA: 13984	cholCost: 6028	addCost: 3352	backsolveCost: 24523
node 11	AtA: 19228	cholCost: 10416	addCost: 4888	backsolveCost: 31323
node 12	AtA: 12236	cholCost: 2688	addCost: 2200	backsolveCost: 16002
node 13	AtA: 21728	cholCost: 65635	addCost: 3352	backsolveCost: 30984
node 14	AtA: 14736	cholCost: 32379	addCost: 2728	backsolveCost: 16079
node 15	AtA: 20854	cholCost: 74745	addCost: 4888	backsolveCost: 31323
node 16	AtA: 19228	cholCost: 10416	addCost: 4888	backsolveCost: 31323
node 17	AtA: 16484	cholCost: 57981	addCost: 4888	backsolveCost: 24826
node 18	AtA: 14736	cholCost: 32379	addCost: 2728	backsolveCost: 16079
node 19	AtA: 19980	cholCost: 74745	addCost: 4888	backsolveCost: 31323
node 20	AtA: 12988	cholCost: 40865	addCost: 4888	backsolveCost: 16464
node 21	AtA: 14736	cholCost: 31131	addCost: 2200	backsolveCost: 16002
node 22	AtA: 21728	cholCost: 74745	addCost: 4888	backsolveCost: 31323
node 23	AtA: 14736	cholCost: 31131	addCost: 2200	backsolveCost: 16002
node 24	AtA: 16484	cholCost: 52490	addCost: 3352	backsolveCost: 24523
node 25	AtA: 21728	cholCost: 85852	addCost: 6808	backsolveCost: 31662
node 26	AtA: 4576	cholCost: 106028	addCost: 10408	backsolveCost: 32114
node 27	AtA: 14736	cholCost: 32379	addCost: 2728	backsolveCost: 16079
node 28	AtA: 14736	cholCost: 32379	addCost: 2728	backsolveCost: 16079
node 29	AtA: 20854	cholCost: 74745	addCost: 4888	backsolveCost: 31323
node 30	AtA: 13862	cholCost: 68464	addCost: 6808	backsolveCost: 25129
node 31	AtA: 12988	cholCost: 45732	addCost: 6808	backsolveCost: 16695
node 32	AtA: 14736	cholCost: 31131	addCost: 2200	backsolveCost: 16002
node 33	AtA: 21728	cholCost: 74745	addCost: 4888	backsolveCost: 31323
node 34	AtA: 17358	cholCost: 68464	addCost: 6808	backsolveCost: 25129
node 35	AtA: 14736	cholCost: 32379	addCost: 2728	backsolveCost: 16079
node 36	AtA: 19980	cholCost: 74745	addCost: 4888	backsolveCost: 31323
node 37	AtA: 12988	cholCost: 40865	addCost: 4888	backsolveCost: 16464
node 38	AtA: 16484	cholCost: 52490	addCost: 3352	backsolveCost: 24523
node 39	AtA: 21728	cholCost: 74745	addCost: 4888	backsolveCost: 31323
node 40	AtA: 9492	cholCost: 45732	addCost: 6808	backsolveCost: 16695
node 41	AtA: 14736	cholCost: 32379	addCost: 2728	backsolveCost: 16079
node 42	AtA: 20854	cholCost: 74745	addCost: 4888	backsolveCost: 31323
node 43	AtA: 19980	cholCost: 52490	addCost: 3352	backsolveCost: 24523
node 44	AtA: 21728	cholCost: 74745	addCost: 4888	backsolveCost: 31323
node 45	AtA: 14736	cholCost: 31131	addCost: 2200	backsolveCost: 16002
node 46	AtA: 12988	cholCost: 45732	addCost: 6808	backsolveCost: 16695
node 47	AtA: 4922	cholCost: 117000	addCost: 7912	backsolveCost: 42921
node 48	AtA: 15610	cholCost: 117000	addCost: 7912	backsolveCost: 42921
node 49	AtA: 20854	cholCost: 53322	addCost: 4072	backsolveCost: 24624
node 50	AtA: 14736	cholCost: 32379	addCost: 2728	backsolveCost: 16079
node 51	AtA: 23476	cholCost: 100277	addCost: 5800	backsolveCost: 42510
node 52	AtA: 12988	cholCost: 45108	addCost: 5800	backsolveCost: 16541
node 53	AtA: 24350	cholCost: 100277	addCost: 5800	backsolveCost: 42510
node 54	AtA: 11240	cholCost: 68464	addCost: 6808	backsolveCost: 25129
node 55	AtA: 8618	cholCost: 98956	addCost: 9112	backsolveCost: 32001
node 56	AtA: 4576	cholCost: 98956	addCost: 9112	backsolveCost: 32001
node 57	AtA: 6870	cholCost: 52596	addCost: 9112	backsolveCost: 16926
node 58	AtA: 12114	cholCost: 124488	addCost: 9112	backsolveCost: 43195
node 59	AtA: 6870	cholCost: 52596	addCost: 9112	backsolveCost: 16926
node 60	AtA: 12114	cholCost: 124488	addCost: 9112	backsolveCost: 43195
node 61	AtA: 7744	cholCost: 75952	addCost: 9112	backsolveCost: 25432
node 62	AtA: 9492	cholCost: 124488	addCost: 9112	backsolveCost: 43195
node 63	AtA: 16484	cholCost: 126408	addCost: 9112	backsolveCost: 51684
node 64	AtA: 4230	cholCost: 61808	addCost: 5800	backsolveCost: 24927
node 65	AtA: 13862	cholCost: 111854	addCost: 1192	backsolveCost: 88992
node 66	AtA: 6870	cholCost: 16194	addCost: 1000	backsolveCost: 10977
node 67	AtA: -1	cholCost: 0	addCost: -1	backsolveCost: 1561

