cliques
167
node 0	AtA: 12236	cholCost: 0	addCost: 2200	backsolveCost: 16002
node 1	AtA: 18354	cholCost: 5520	addCost: 2728	backsolveCost: 30758
node 2	AtA: 9614	cholCost: 7728	addCost: 4888	backsolveCost: 16464
node 3	AtA: 12236	cholCost: 2688	addCost: 2200	backsolveCost: 16002
node 4	AtA: 12236	cholCost: 2688	addCost: 2200	backsolveCost: 16002
node 5	AtA: 12236	cholCost: 2688	addCost: 2200	backsolveCost: 16002
node 6	AtA: 12236	cholCost: 2688	addCost: 2200	backsolveCost: 16002
node 7	AtA: 12236	cholCost: 2688	addCost: 2200	backsolveCost: 16002
node 8	AtA: 10488	cholCost: 7728	addCost: 4888	backsolveCost: 16464
node 9	AtA: 18354	cholCost: 8395	addCost: 4072	backsolveCost: 24624
node 10	AtA: 12236	cholCost: 2688	addCost: 2200	backsolveCost: 16002
node 11	AtA: 12236	cholCost: 2688	addCost: 2200	backsolveCost: 16002
node 12	AtA: 19228	cholCost: 10416	addCost: 4888	backsolveCost: 31323
node 13	AtA: 13984	cholCost: 6028	addCost: 3352	backsolveCost: 24523
node 14	AtA: 18354	cholCost: 8268	addCost: 4072	backsolveCost: 24624
node 15	AtA: 12236	cholCost: 2688	addCost: 2200	backsolveCost: 16002
node 16	AtA: 20854	cholCost: 53322	addCost: 4072	backsolveCost: 24624
node 17	AtA: 23476	cholCost: 74745	addCost: 4888	backsolveCost: 31323
node 18	AtA: 10488	cholCost: 20275	addCost: 11800	backsolveCost: 17157
node 19	AtA: 14736	cholCost: 31131	addCost: 2200	backsolveCost: 16002
node 20	AtA: 17358	cholCost: 53322	addCost: 4072	backsolveCost: 24624
node 21	AtA: 20854	cholCost: 53322	addCost: 4072	backsolveCost: 24624
node 22	AtA: 18232	cholCost: 117000	addCost: 7912	backsolveCost: 42921
node 23	AtA: 4230	cholCost: 89264	addCost: 13288	backsolveCost: 25836
node 24	AtA: 8618	cholCost: 109232	addCost: 20200	backsolveCost: 26442
node 25	AtA: 20854	cholCost: 53322	addCost: 4072	backsolveCost: 24624
node 26	AtA: 20854	cholCost: 53322	addCost: 4072	backsolveCost: 24624
node 27	AtA: 20854	cholCost: 53322	addCost: 4072	backsolveCost: 24624
node 28	AtA: 20854	cholCost: 53322	addCost: 4072	backsolveCost: 24624
node 29	AtA: 14736	cholCost: 119132	addCost: 13288	backsolveCost: 32453
node 30	AtA: 19106	cholCost: 178901	addCost: 20200	backsolveCost: 44565
node 31	AtA: 21728	cholCost: 65635	addCost: 3352	backsolveCost: 30984
node 32	AtA: 14736	cholCost: 32379	addCost: 2728	backsolveCost: 16079
node 33	AtA: 19980	cholCost: 74745	addCost: 4888	backsolveCost: 31323
node 34	AtA: 12988	cholCost: 40865	addCost: 4888	backsolveCost: 16464
node 35	AtA: 25224	cholCost: 158500	addCost: 9112	backsolveCost: 65566
node 36	AtA: 20854	cholCost: 53322	addCost: 4072	backsolveCost: 24624
node 37	AtA: 20854	cholCost: 53322	addCost: 4072	backsolveCost: 24624
node 38	AtA: 21728	cholCost: 92924	addCost: 7912	backsolveCost: 31775
node 39	AtA: 19106	cholCost: 149448	addCost: 13288	backsolveCost: 43743
node 40	AtA: 14736	cholCost: 32379	addCost: 2728	backsolveCost: 16079
node 41	AtA: 20854	cholCost: 74745	addCost: 4888	backsolveCost: 31323
node 42	AtA: 20854	cholCost: 53322	addCost: 4072	backsolveCost: 24624
node 43	AtA: 14736	cholCost: 32379	addCost: 2728	backsolveCost: 16079
node 44	AtA: 20854	cholCost: 74745	addCost: 4888	backsolveCost: 31323
node 45	AtA: 7744	cholCost: 75952	addCost: 9112	backsolveCost: 25432
node 46	AtA: 10366	cholCost: 213020	addCost: 26392	backsolveCost: 53919
node 47	AtA: 4576	cholCost: 214772	addCost: 41368	backsolveCost: 34713
node 48	AtA: 20854	cholCost: 53322	addCost: 4072	backsolveCost: 24624
node 49	AtA: 20854	cholCost: 53322	addCost: 4072	backsolveCost: 24624
node 50	AtA: 12988	cholCost: 40865	addCost: 4888	backsolveCost: 16464
node 51	AtA: 21728	cholCost: 74745	addCost: 4888	backsolveCost: 31323
node 52	AtA: 4576	cholCost: 125164	addCost: 14872	backsolveCost: 32679
node 53	AtA: 20854	cholCost: 57981	addCost: 4888	backsolveCost: 24826
node 54	AtA: 14736	cholCost: 81776	addCost: 10408	backsolveCost: 25533
node 55	AtA: 23476	cholCost: 74745	addCost: 4888	backsolveCost: 31323
node 56	AtA: 20854	cholCost: 53322	addCost: 4072	backsolveCost: 24624
node 57	AtA: 7744	cholCost: 95920	addCost: 14872	backsolveCost: 26038
node 58	AtA: 12988	cholCost: 195298	addCost: 22168	backsolveCost: 53472
node 59	AtA: 20854	cholCost: 53322	addCost: 4072	backsolveCost: 24624
node 60	AtA: 20854	cholCost: 53322	addCost: 4072	backsolveCost: 24624
node 61	AtA: 12988	cholCost: 58836	addCost: 10408	backsolveCost: 17003
node 62	AtA: 20854	cholCost: 53322	addCost: 4072	backsolveCost: 24624
node 63	AtA: 20854	cholCost: 57981	addCost: 4888	backsolveCost: 24826
node 64	AtA: 20854	cholCost: 53322	addCost: 4072	backsolveCost: 24624
node 65	AtA: 13862	cholCost: 75952	addCost: 9112	backsolveCost: 25432
node 66	AtA: 13862	cholCost: 95920	addCost: 14872	backsolveCost: 26038
node 67	AtA: 3884	cholCost: 85044	addCost: 22168	backsolveCost: 17850
node 68	AtA: 20854	cholCost: 53322	addCost: 4072	backsolveCost: 24624
node 69	AtA: 20854	cholCost: 53322	addCost: 4072	backsolveCost: 24624
node 70	AtA: 20854	cholCost: 53322	addCost: 4072	backsolveCost: 24624
node 71	AtA: 13862	cholCost: 101744	addCost: 16552	backsolveCost: 26139
node 72	AtA: 21728	cholCost: 74745	addCost: 4888	backsolveCost: 31323
node 73	AtA: 14736	cholCost: 31131	addCost: 2200	backsolveCost: 16002
node 74	AtA: 14736	cholCost: 31131	addCost: 2200	backsolveCost: 16002
node 75	AtA: 21728	cholCost: 74745	addCost: 4888	backsolveCost: 31323
node 76	AtA: 13862	cholCost: 68464	addCost: 6808	backsolveCost: 25129
node 77	AtA: 14736	cholCost: 107068	addCost: 11800	backsolveCost: 32340
node 78	AtA: 4576	cholCost: 133276	addCost: 18328	backsolveCost: 33018
node 79	AtA: 11240	cholCost: 223841	addCost: 44200	backsolveCost: 34826
node 80	AtA: 5268	cholCost: 326092	addCost: 56488	backsolveCost: 56303
node 81	AtA: 20854	cholCost: 53322	addCost: 4072	backsolveCost: 24624
node 82	AtA: 20854	cholCost: 53322	addCost: 4072	backsolveCost: 24624
node 83	AtA: 20854	cholCost: 53322	addCost: 4072	backsolveCost: 24624
node 84	AtA: 14736	cholCost: 119132	addCost: 13288	backsolveCost: 32453
node 85	AtA: 20854	cholCost: 53322	addCost: 4072	backsolveCost: 24624
node 86	AtA: 20854	cholCost: 53322	addCost: 4072	backsolveCost: 24624
node 87	AtA: 20854	cholCost: 53322	addCost: 4072	backsolveCost: 24624
node 88	AtA: 20854	cholCost: 53322	addCost: 4072	backsolveCost: 24624
node 89	AtA: 12988	cholCost: 58836	addCost: 10408	backsolveCost: 17003
node 90	AtA: 3884	cholCost: 72564	addCost: 16552	backsolveCost: 17465
node 91	AtA: 23476	cholCost: 74745	addCost: 4888	backsolveCost: 31323
node 92	AtA: 20854	cholCost: 53322	addCost: 4072	backsolveCost: 24624
node 93	AtA: 12988	cholCost: 64452	addCost: 11800	backsolveCost: 17157
node 94	AtA: 20854	cholCost: 57981	addCost: 4888	backsolveCost: 24826
node 95	AtA: 20854	cholCost: 53322	addCost: 4072	backsolveCost: 24624
node 96	AtA: 20854	cholCost: 53322	addCost: 4072	backsolveCost: 24624
node 97	AtA: 23476	cholCost: 138888	addCost: 10408	backsolveCost: 51833
node 98	AtA: 9492	cholCost: 163478	addCost: 26392	backsolveCost: 33696
node 99	AtA: 20854	cholCost: 53322	addCost: 4072	backsolveCost: 24624
node 100	AtA: 14736	cholCost: 31131	addCost: 2200	backsolveCost: 16002
node 101	AtA: 21728	cholCost: 74745	addCost: 4888	backsolveCost: 31323
node 102	AtA: 20854	cholCost: 53322	addCost: 4072	backsolveCost: 24624
node 103	AtA: 20854	cholCost: 53322	addCost: 4072	backsolveCost: 24624
node 104	AtA: 14736	cholCost: 31131	addCost: 2200	backsolveCost: 16002
node 105	AtA: 16484	cholCost: 52490	addCost: 3352	backsolveCost: 24523
node 106	AtA: 17358	cholCost: 57981	addCost: 4888	backsolveCost: 24826
node 107	AtA: 13862	cholCost: 75952	addCost: 9112	backsolveCost: 25432
node 108	AtA: 14736	cholCost: 107068	addCost: 11800	backsolveCost: 32340
node 109	AtA: 3884	cholCost: 78180	addCost: 18328	backsolveCost: 17619
node 110	AtA: 12988	cholCost: 195298	addCost: 22168	backsolveCost: 53472
node 111	AtA: 4576	cholCost: 223841	addCost: 44200	backsolveCost: 34826
node 112	AtA: 6306	cholCost: 595332	addCost: 70312	backsolveCost: 100278
node 113	AtA: 20854	cholCost: 53322	addCost: 4072	backsolveCost: 24624
node 114	AtA: 20854	cholCost: 53322	addCost: 4072	backsolveCost: 24624
node 115	AtA: 20854	cholCost: 53322	addCost: 4072	backsolveCost: 24624
node 116	AtA: 23476	cholCost: 138888	addCost: 10408	backsolveCost: 51833
node 117	AtA: 12988	cholCost: 84420	addCost: 20200	backsolveCost: 17696
node 118	AtA: 20854	cholCost: 53322	addCost: 4072	backsolveCost: 24624
node 119	AtA: 18354	cholCost: 8268	addCost: 4072	backsolveCost: 24624
node 120	AtA: 12988	cholCost: 58836	addCost: 10408	backsolveCost: 17003
node 121	AtA: 20854	cholCost: 53322	addCost: 4072	backsolveCost: 24624
node 122	AtA: 14736	cholCost: 31131	addCost: 2200	backsolveCost: 16002
node 123	AtA: 21728	cholCost: 74745	addCost: 4888	backsolveCost: 31323
node 124	AtA: 19980	cholCost: 52490	addCost: 3352	backsolveCost: 24523
node 125	AtA: 21728	cholCost: 85852	addCost: 6808	backsolveCost: 31662
node 126	AtA: 16484	cholCost: 158856	addCost: 14872	backsolveCost: 52578
node 127	AtA: 3884	cholCost: 85044	addCost: 22168	backsolveCost: 17850
node 128	AtA: 12114	cholCost: 264266	addCost: 41368	backsolveCost: 46483
node 129	AtA: 20854	cholCost: 53322	addCost: 4072	backsolveCost: 24624
node 130	AtA: 20854	cholCost: 53322	addCost: 4072	backsolveCost: 24624
node 131	AtA: 12988	cholCost: 58836	addCost: 10408	backsolveCost: 17003
node 132	AtA: 20854	cholCost: 53322	addCost: 4072	backsolveCost: 24624
node 133	AtA: 20854	cholCost: 53322	addCost: 4072	backsolveCost: 24624
node 134	AtA: 12988	cholCost: 58836	addCost: 10408	backsolveCost: 17003
node 135	AtA: 20854	cholCost: 53322	addCost: 4072	backsolveCost: 24624
node 136	AtA: 20854	cholCost: 53322	addCost: 4072	backsolveCost: 24624
node 137	AtA: 22602	cholCost: 149448	addCost: 13288	backsolveCost: 43743
node 138	AtA: 4922	cholCost: 230070	addCost: 33448	backsolveCost: 45798
node 139	AtA: 20854	cholCost: 53322	addCost: 4072	backsolveCost: 24624
node 140	AtA: 14736	cholCost: 31131	addCost: 2200	backsolveCost: 16002
node 141	AtA: 21728	cholCost: 74745	addCost: 4888	backsolveCost: 31323
node 142	AtA: 13862	cholCost: 75952	addCost: 9112	backsolveCost: 25432
node 143	AtA: 20854	cholCost: 53322	addCost: 4072	backsolveCost: 24624
node 144	AtA: 21728	cholCost: 92924	addCost: 7912	backsolveCost: 31775
node 145	AtA: 20854	cholCost: 53322	addCost: 4072	backsolveCost: 24624
node 146	AtA: 20854	cholCost: 53322	addCost: 4072	backsolveCost: 24624
node 147	AtA: 3884	cholCost: 65700	addCost: 13288	backsolveCost: 17234
node 148	AtA: 14736	cholCost: 31131	addCost: 2200	backsolveCost: 16002
node 149	AtA: 21728	cholCost: 74745	addCost: 4888	backsolveCost: 31323
node 150	AtA: 20854	cholCost: 53322	addCost: 4072	backsolveCost: 24624
node 151	AtA: 21728	cholCost: 74745	addCost: 4888	backsolveCost: 31323
node 152	AtA: 4230	cholCost: 75952	addCost: 9112	backsolveCost: 25432
node 153	AtA: 20854	cholCost: 53322	addCost: 4072	backsolveCost: 24624
node 154	AtA: 16484	cholCost: 52490	addCost: 3352	backsolveCost: 24523
node 155	AtA: 17358	cholCost: 57981	addCost: 4888	backsolveCost: 24826
node 156	AtA: 17358	cholCost: 68464	addCost: 6808	backsolveCost: 25129
node 157	AtA: 13862	cholCost: 88432	addCost: 11800	backsolveCost: 25735
node 158	AtA: 3884	cholCost: 78180	addCost: 18328	backsolveCost: 17619
node 159	AtA: 5268	cholCost: 266186	addCost: 41368	backsolveCost: 55260
node 160	AtA: 4922	cholCost: 377835	addCost: 74008	backsolveCost: 48538
node 161	AtA: 6998	cholCost: 730852	addCost: 77800	backsolveCost: 133932
node 162	AtA: 8382	cholCost: 1155893	addCost: 89752	backsolveCost: 215395
node 163	AtA: 22602	cholCost: 1130492	addCost: 53272	backsolveCost: 308230
node 164	AtA: 38334	cholCost: 1158338	addCost: 1192	backsolveCost: 941970
node 165	AtA: 6870	cholCost: 16194	addCost: 1000	backsolveCost: 10977
node 166	AtA: -1	cholCost: 0	addCost: -1	backsolveCost: 1561

