cliques
173
node 0	AtA: 12236	cholCost: 0	addCost: 2200	backsolveCost: 16002
node 1	AtA: 12236	cholCost: 0	addCost: 2200	backsolveCost: 16002
node 2	AtA: 12236	cholCost: 2688	addCost: 2200	backsolveCost: 16002
node 3	AtA: 13984	cholCost: 6028	addCost: 3352	backsolveCost: 24523
node 4	AtA: 16606	cholCost: 5040	addCost: 2728	backsolveCost: 24321
node 5	AtA: 8740	cholCost: 6708	addCost: 4072	backsolveCost: 16310
node 6	AtA: 13110	cholCost: 11220	addCost: 6808	backsolveCost: 16695
node 7	AtA: 12236	cholCost: 0	addCost: 2200	backsolveCost: 16002
node 8	AtA: 12236	cholCost: 0	addCost: 2200	backsolveCost: 16002
node 9	AtA: 12236	cholCost: 20785	addCost: 9112	backsolveCost: 32001
node 10	AtA: 13984	cholCost: 6028	addCost: 3352	backsolveCost: 24523
node 11	AtA: 14858	cholCost: 9677	addCost: 4888	backsolveCost: 24826
node 12	AtA: 12236	cholCost: 2688	addCost: 2200	backsolveCost: 16002
node 13	AtA: 13984	cholCost: 6155	addCost: 3352	backsolveCost: 24523
node 14	AtA: 20976	cholCost: 10561	addCost: 4888	backsolveCost: 31323
node 15	AtA: 20976	cholCost: 10561	addCost: 4888	backsolveCost: 31323
node 16	AtA: 7866	cholCost: 39053	addCost: 18328	backsolveCost: 26341
node 17	AtA: 19228	cholCost: 0	addCost: 4888	backsolveCost: 31323
node 18	AtA: 18354	cholCost: 8268	addCost: 4072	backsolveCost: 24624
node 19	AtA: 12236	cholCost: 2688	addCost: 2200	backsolveCost: 16002
node 20	AtA: 19228	cholCost: 10416	addCost: 4888	backsolveCost: 31323
node 21	AtA: 18354	cholCost: 0	addCost: 4072	backsolveCost: 24624
node 22	AtA: 16606	cholCost: 24299	addCost: 9112	backsolveCost: 43195
node 23	AtA: 20854	cholCost: 53322	addCost: 4072	backsolveCost: 24624
node 24	AtA: 20854	cholCost: 53322	addCost: 4072	backsolveCost: 24624
node 25	AtA: 20854	cholCost: 53322	addCost: 4072	backsolveCost: 24624
node 26	AtA: 23476	cholCost: 138888	addCost: 10408	backsolveCost: 51833
node 27	AtA: 13862	cholCost: 101744	addCost: 16552	backsolveCost: 26139
node 28	AtA: 20854	cholCost: 53322	addCost: 4072	backsolveCost: 24624
node 29	AtA: 20854	cholCost: 53322	addCost: 4072	backsolveCost: 24624
node 30	AtA: 12988	cholCost: 58836	addCost: 10408	backsolveCost: 17003
node 31	AtA: 20854	cholCost: 53322	addCost: 4072	backsolveCost: 24624
node 32	AtA: 21728	cholCost: 65635	addCost: 3352	backsolveCost: 30984
node 33	AtA: 12988	cholCost: 52596	addCost: 9112	backsolveCost: 16926
node 34	AtA: 19980	cholCost: 52490	addCost: 3352	backsolveCost: 24523
node 35	AtA: 14736	cholCost: 31131	addCost: 2200	backsolveCost: 16002
node 36	AtA: 16484	cholCost: 52490	addCost: 3352	backsolveCost: 24523
node 37	AtA: 21728	cholCost: 85852	addCost: 6808	backsolveCost: 31662
node 38	AtA: 14736	cholCost: 98956	addCost: 9112	backsolveCost: 32001
node 39	AtA: 12988	cholCost: 229494	addCost: 28648	backsolveCost: 54068
node 40	AtA: 20854	cholCost: 53322	addCost: 4072	backsolveCost: 24624
node 41	AtA: 20854	cholCost: 53322	addCost: 4072	backsolveCost: 24624
node 42	AtA: 20854	cholCost: 53322	addCost: 4072	backsolveCost: 24624
node 43	AtA: 20854	cholCost: 53322	addCost: 4072	backsolveCost: 24624
node 44	AtA: 12236	cholCost: 2688	addCost: 2200	backsolveCost: 16002
node 45	AtA: 21728	cholCost: 74745	addCost: 4888	backsolveCost: 31323
node 46	AtA: 20854	cholCost: 53322	addCost: 4072	backsolveCost: 24624
node 47	AtA: 20854	cholCost: 53322	addCost: 4072	backsolveCost: 24624
node 48	AtA: 14736	cholCost: 107068	addCost: 11800	backsolveCost: 32340
node 49	AtA: 10366	cholCost: 95920	addCost: 14872	backsolveCost: 26038
node 50	AtA: 20854	cholCost: 53322	addCost: 4072	backsolveCost: 24624
node 51	AtA: 20854	cholCost: 53322	addCost: 4072	backsolveCost: 24624
node 52	AtA: 12988	cholCost: 58836	addCost: 10408	backsolveCost: 17003
node 53	AtA: 20854	cholCost: 53322	addCost: 4072	backsolveCost: 24624
node 54	AtA: 20854	cholCost: 53322	addCost: 4072	backsolveCost: 24624
node 55	AtA: 12988	cholCost: 58836	addCost: 10408	backsolveCost: 17003
node 56	AtA: 10366	cholCost: 109232	addCost: 20200	backsolveCost: 26442
node 57	AtA: 11240	cholCost: 197674	addCost: 35992	backsolveCost: 34374
node 58	AtA: 5960	cholCost: 405937	addCost: 47128	backsolveCost: 80970
node 59	AtA: 20854	cholCost: 53322	addCost: 4072	backsolveCost: 24624
node 60	AtA: 20854	cholCost: 53322	addCost: 4072	backsolveCost: 24624
node 61	AtA: 22602	cholCost: 149448	addCost: 13288	backsolveCost: 43743
node 62	AtA: 20854	cholCost: 53322	addCost: 4072	backsolveCost: 24624
node 63	AtA: 20854	cholCost: 53322	addCost: 4072	backsolveCost: 24624
node 64	AtA: 20854	cholCost: 53322	addCost: 4072	backsolveCost: 24624
node 65	AtA: 14736	cholCost: 119132	addCost: 13288	backsolveCost: 32453
node 66	AtA: 20854	cholCost: 53322	addCost: 4072	backsolveCost: 24624
node 67	AtA: 20854	cholCost: 53322	addCost: 4072	backsolveCost: 24624
node 68	AtA: 20854	cholCost: 53322	addCost: 4072	backsolveCost: 24624
node 69	AtA: 13862	cholCost: 101744	addCost: 16552	backsolveCost: 26139
node 70	AtA: 3884	cholCost: 102142	addCost: 28648	backsolveCost: 18158
node 71	AtA: 12114	cholCost: 254781	addCost: 38632	backsolveCost: 46209
node 72	AtA: 20854	cholCost: 53322	addCost: 4072	backsolveCost: 24624
node 73	AtA: 20854	cholCost: 53322	addCost: 4072	backsolveCost: 24624
node 74	AtA: 20854	cholCost: 53322	addCost: 4072	backsolveCost: 24624
node 75	AtA: 20854	cholCost: 53322	addCost: 4072	backsolveCost: 24624
node 76	AtA: 22602	cholCost: 149448	addCost: 13288	backsolveCost: 43743
node 77	AtA: 10366	cholCost: 123709	addCost: 24232	backsolveCost: 26745
node 78	AtA: 14736	cholCost: 32379	addCost: 2728	backsolveCost: 16079
node 79	AtA: 20854	cholCost: 74745	addCost: 4888	backsolveCost: 31323
node 80	AtA: 20854	cholCost: 53322	addCost: 4072	backsolveCost: 24624
node 81	AtA: 12988	cholCost: 64452	addCost: 11800	backsolveCost: 17157
node 82	AtA: 20854	cholCost: 53322	addCost: 4072	backsolveCost: 24624
node 83	AtA: 14736	cholCost: 32379	addCost: 2728	backsolveCost: 16079
node 84	AtA: 20854	cholCost: 74745	addCost: 4888	backsolveCost: 31323
node 85	AtA: 20854	cholCost: 53322	addCost: 4072	backsolveCost: 24624
node 86	AtA: 18232	cholCost: 52490	addCost: 3352	backsolveCost: 24523
node 87	AtA: 16484	cholCost: 57981	addCost: 4888	backsolveCost: 24826
node 88	AtA: 12988	cholCost: 40865	addCost: 4888	backsolveCost: 16464
node 89	AtA: 13862	cholCost: 75952	addCost: 9112	backsolveCost: 25432
node 90	AtA: 18232	cholCost: 192196	addCost: 14872	backsolveCost: 66604
node 91	AtA: 7744	cholCost: 115888	addCost: 22168	backsolveCost: 26644
node 92	AtA: 4922	cholCost: 246544	addCost: 35992	backsolveCost: 46072
node 93	AtA: 18354	cholCost: 8401	addCost: 4072	backsolveCost: 24624
node 94	AtA: 18354	cholCost: 8401	addCost: 4072	backsolveCost: 24624
node 95	AtA: 23476	cholCost: 138888	addCost: 10408	backsolveCost: 51833
node 96	AtA: 20854	cholCost: 53322	addCost: 4072	backsolveCost: 24624
node 97	AtA: 20854	cholCost: 53322	addCost: 4072	backsolveCost: 24624
node 98	AtA: 20854	cholCost: 53322	addCost: 4072	backsolveCost: 24624
node 99	AtA: 20854	cholCost: 53322	addCost: 4072	backsolveCost: 24624
node 100	AtA: 4230	cholCost: 89264	addCost: 13288	backsolveCost: 25836
node 101	AtA: 20854	cholCost: 53322	addCost: 4072	backsolveCost: 24624
node 102	AtA: 14736	cholCost: 31131	addCost: 2200	backsolveCost: 16002
node 103	AtA: 21728	cholCost: 74745	addCost: 4888	backsolveCost: 31323
node 104	AtA: 13862	cholCost: 75952	addCost: 9112	backsolveCost: 25432
node 105	AtA: 20854	cholCost: 53322	addCost: 4072	backsolveCost: 24624
node 106	AtA: 16484	cholCost: 52490	addCost: 3352	backsolveCost: 24523
node 107	AtA: 20854	cholCost: 53322	addCost: 4072	backsolveCost: 24624
node 108	AtA: 14736	cholCost: 31131	addCost: 2200	backsolveCost: 16002
node 109	AtA: 21728	cholCost: 74745	addCost: 4888	backsolveCost: 31323
node 110	AtA: 21728	cholCost: 189280	addCost: 9112	backsolveCost: 75975
node 111	AtA: 13862	cholCost: 95920	addCost: 14872	backsolveCost: 26038
node 112	AtA: 4230	cholCost: 108400	addCost: 18328	backsolveCost: 26341
node 113	AtA: 5614	cholCost: 305891	addCost: 35992	backsolveCost: 69199
node 114	AtA: 13862	cholCost: 448996	addCost: 70312	backsolveCost: 71967
node 115	AtA: 20854	cholCost: 53322	addCost: 4072	backsolveCost: 24624
node 116	AtA: 20854	cholCost: 53322	addCost: 4072	backsolveCost: 24624
node 117	AtA: 12988	cholCost: 58836	addCost: 10408	backsolveCost: 17003
node 118	AtA: 20854	cholCost: 53322	addCost: 4072	backsolveCost: 24624
node 119	AtA: 21728	cholCost: 92924	addCost: 7912	backsolveCost: 31775
node 120	AtA: 4230	cholCost: 115888	addCost: 22168	backsolveCost: 26644
node 121	AtA: 4922	cholCost: 228822	addCost: 31000	backsolveCost: 45661
node 122	AtA: 23476	cholCost: 74745	addCost: 4888	backsolveCost: 31323
node 123	AtA: 20854	cholCost: 53322	addCost: 4072	backsolveCost: 24624
node 124	AtA: 12988	cholCost: 58836	addCost: 10408	backsolveCost: 17003
node 125	AtA: 13862	cholCost: 108400	addCost: 18328	backsolveCost: 26341
node 126	AtA: 20854	cholCost: 53322	addCost: 4072	backsolveCost: 24624
node 127	AtA: 12236	cholCost: 34477	addCost: 14872	backsolveCost: 32679
node 128	AtA: 13862	cholCost: 115888	addCost: 22168	backsolveCost: 26644
node 129	AtA: 4576	cholCost: 196634	addCost: 33448	backsolveCost: 34148
node 130	AtA: 12114	cholCost: 375906	addCost: 53272	backsolveCost: 70756
node 131	AtA: 20854	cholCost: 53322	addCost: 4072	backsolveCost: 24624
node 132	AtA: 20854	cholCost: 53322	addCost: 4072	backsolveCost: 24624
node 133	AtA: 23476	cholCost: 138888	addCost: 10408	backsolveCost: 51833
node 134	AtA: 20854	cholCost: 53322	addCost: 4072	backsolveCost: 24624
node 135	AtA: 20854	cholCost: 53322	addCost: 4072	backsolveCost: 24624
node 136	AtA: 12988	cholCost: 58836	addCost: 10408	backsolveCost: 17003
node 137	AtA: 14736	cholCost: 32379	addCost: 2728	backsolveCost: 16079
node 138	AtA: 19980	cholCost: 74745	addCost: 4888	backsolveCost: 31323
node 139	AtA: 12988	cholCost: 40865	addCost: 4888	backsolveCost: 16464
node 140	AtA: 20854	cholCost: 53322	addCost: 4072	backsolveCost: 24624
node 141	AtA: 14736	cholCost: 32379	addCost: 2728	backsolveCost: 16079
node 142	AtA: 20854	cholCost: 74745	addCost: 4888	backsolveCost: 31323
node 143	AtA: 7744	cholCost: 75952	addCost: 9112	backsolveCost: 25432
node 144	AtA: 10366	cholCost: 108400	addCost: 18328	backsolveCost: 26341
node 145	AtA: 9492	cholCost: 111627	addCost: 35992	backsolveCost: 18543
node 146	AtA: 23476	cholCost: 74745	addCost: 4888	backsolveCost: 31323
node 147	AtA: 23476	cholCost: 74745	addCost: 4888	backsolveCost: 31323
node 148	AtA: 23476	cholCost: 74745	addCost: 4888	backsolveCost: 31323
node 149	AtA: 14736	cholCost: 31131	addCost: 2200	backsolveCost: 16002
node 150	AtA: 14736	cholCost: 40241	addCost: 4072	backsolveCost: 16310
node 151	AtA: 14736	cholCost: 31131	addCost: 2200	backsolveCost: 16002
node 152	AtA: 21728	cholCost: 74745	addCost: 4888	backsolveCost: 31323
node 153	AtA: 9492	cholCost: 51972	addCost: 7912	backsolveCost: 16772
node 154	AtA: 12114	cholCost: 163478	addCost: 26392	backsolveCost: 33696
node 155	AtA: 20854	cholCost: 53322	addCost: 4072	backsolveCost: 24624
node 156	AtA: 23476	cholCost: 74745	addCost: 4888	backsolveCost: 31323
node 157	AtA: 20854	cholCost: 53322	addCost: 4072	backsolveCost: 24624
node 158	AtA: 21728	cholCost: 92924	addCost: 7912	backsolveCost: 31775
node 159	AtA: 14736	cholCost: 32379	addCost: 2728	backsolveCost: 16079
node 160	AtA: 19980	cholCost: 74745	addCost: 4888	backsolveCost: 31323
node 161	AtA: 12988	cholCost: 40865	addCost: 4888	backsolveCost: 16464
node 162	AtA: 17358	cholCost: 68464	addCost: 6808	backsolveCost: 25129
node 163	AtA: 4922	cholCost: 178901	addCost: 20200	backsolveCost: 44565
node 164	AtA: 11240	cholCost: 247216	addCost: 33448	backsolveCost: 54515
node 165	AtA: 11240	cholCost: 395333	addCost: 56488	backsolveCost: 70929
node 166	AtA: 13862	cholCost: 667476	addCost: 81688	backsolveCost: 114156
node 167	AtA: 19980	cholCost: 1298270	addCost: 81688	backsolveCost: 261367
node 168	AtA: 6998	cholCost: 765962	addCost: 81688	backsolveCost: 134422
node 169	AtA: 10112	cholCost: 999728	addCost: 33448	backsolveCost: 326108
node 170	AtA: 31342	cholCost: 767216	addCost: 1192	backsolveCost: 637427
node 171	AtA: 6870	cholCost: 16194	addCost: 1000	backsolveCost: 10977
node 172	AtA: -1	cholCost: 0	addCost: -1	backsolveCost: 1561

