cliques
140
node 0	AtA: 14858	cholCost: 0	addCost: 2200	backsolveCost: 24220
node 1	AtA: 12236	cholCost: 2688	addCost: 2200	backsolveCost: 16002
node 2	AtA: 12236	cholCost: 2688	addCost: 2200	backsolveCost: 16002
node 3	AtA: 12236	cholCost: 6708	addCost: 4072	backsolveCost: 16310
node 4	AtA: 14858	cholCost: 0	addCost: 4072	backsolveCost: 24624
node 5	AtA: 18354	cholCost: 8401	addCost: 4072	backsolveCost: 24624
node 6	AtA: 18354	cholCost: 8443	addCost: 4072	backsolveCost: 24624
node 7	AtA: 20976	cholCost: 10549	addCost: 4888	backsolveCost: 31323
node 8	AtA: 19228	cholCost: 10416	addCost: 4888	backsolveCost: 31323
node 9	AtA: 18354	cholCost: 9520	addCost: 4888	backsolveCost: 24826
node 10	AtA: 18354	cholCost: 8401	addCost: 4072	backsolveCost: 24624
node 11	AtA: 18354	cholCost: 8407	addCost: 4072	backsolveCost: 24624
node 12	AtA: 18354	cholCost: 8407	addCost: 4072	backsolveCost: 24624
node 13	AtA: 14736	cholCost: 31131	addCost: 2200	backsolveCost: 16002
node 14	AtA: 21728	cholCost: 74745	addCost: 4888	backsolveCost: 31323
node 15	AtA: 14736	cholCost: 31131	addCost: 2200	backsolveCost: 16002
node 16	AtA: 21728	cholCost: 74745	addCost: 4888	backsolveCost: 31323
node 17	AtA: 19980	cholCost: 126408	addCost: 9112	backsolveCost: 51684
node 18	AtA: 20854	cholCost: 53322	addCost: 4072	backsolveCost: 24624
node 19	AtA: 14736	cholCost: 31131	addCost: 2200	backsolveCost: 16002
node 20	AtA: 21728	cholCost: 74745	addCost: 4888	backsolveCost: 31323
node 21	AtA: 20854	cholCost: 53322	addCost: 4072	backsolveCost: 24624
node 22	AtA: 20854	cholCost: 53322	addCost: 4072	backsolveCost: 24624
node 23	AtA: 15610	cholCost: 138216	addCost: 11800	backsolveCost: 43606
node 24	AtA: 13862	cholCost: 108400	addCost: 18328	backsolveCost: 26341
node 25	AtA: 4230	cholCost: 115888	addCost: 22168	backsolveCost: 26644
node 26	AtA: 20854	cholCost: 53322	addCost: 4072	backsolveCost: 24624
node 27	AtA: 20854	cholCost: 53322	addCost: 4072	backsolveCost: 24624
node 28	AtA: 20854	cholCost: 57981	addCost: 4888	backsolveCost: 24826
node 29	AtA: 19106	cholCost: 165672	addCost: 18328	backsolveCost: 44428
node 30	AtA: 12236	cholCost: 2688	addCost: 2200	backsolveCost: 16002
node 31	AtA: 19228	cholCost: 10416	addCost: 4888	backsolveCost: 31323
node 32	AtA: 20854	cholCost: 53322	addCost: 4072	backsolveCost: 24624
node 33	AtA: 14736	cholCost: 31131	addCost: 2200	backsolveCost: 16002
node 34	AtA: 16484	cholCost: 52490	addCost: 3352	backsolveCost: 24523
node 35	AtA: 17358	cholCost: 57981	addCost: 4888	backsolveCost: 24826
node 36	AtA: 4230	cholCost: 75952	addCost: 9112	backsolveCost: 25432
node 37	AtA: 3884	cholCost: 72564	addCost: 16552	backsolveCost: 17465
node 38	AtA: 14736	cholCost: 229494	addCost: 28648	backsolveCost: 54068
node 39	AtA: 4576	cholCost: 242936	addCost: 50152	backsolveCost: 35165
node 40	AtA: 20854	cholCost: 53322	addCost: 4072	backsolveCost: 24624
node 41	AtA: 20854	cholCost: 53322	addCost: 4072	backsolveCost: 24624
node 42	AtA: 22602	cholCost: 149448	addCost: 13288	backsolveCost: 43743
node 43	AtA: 20854	cholCost: 53322	addCost: 4072	backsolveCost: 24624
node 44	AtA: 20854	cholCost: 53322	addCost: 4072	backsolveCost: 24624
node 45	AtA: 20854	cholCost: 53322	addCost: 4072	backsolveCost: 24624
node 46	AtA: 20854	cholCost: 53322	addCost: 4072	backsolveCost: 24624
node 47	AtA: 4230	cholCost: 89264	addCost: 13288	backsolveCost: 25836
node 48	AtA: 23476	cholCost: 74745	addCost: 4888	backsolveCost: 31323
node 49	AtA: 14736	cholCost: 32379	addCost: 2728	backsolveCost: 16079
node 50	AtA: 17358	cholCost: 53322	addCost: 4072	backsolveCost: 24624
node 51	AtA: 14736	cholCost: 32379	addCost: 2728	backsolveCost: 16079
node 52	AtA: 20854	cholCost: 74745	addCost: 4888	backsolveCost: 31323
node 53	AtA: 10366	cholCost: 51972	addCost: 7912	backsolveCost: 16772
node 54	AtA: 21728	cholCost: 157608	addCost: 13288	backsolveCost: 52280
node 55	AtA: 20854	cholCost: 53322	addCost: 4072	backsolveCost: 24624
node 56	AtA: 20854	cholCost: 53322	addCost: 4072	backsolveCost: 24624
node 57	AtA: 12988	cholCost: 58836	addCost: 10408	backsolveCost: 17003
node 58	AtA: 20854	cholCost: 53322	addCost: 4072	backsolveCost: 24624
node 59	AtA: 14736	cholCost: 31131	addCost: 2200	backsolveCost: 16002
node 60	AtA: 21728	cholCost: 74745	addCost: 4888	backsolveCost: 31323
node 61	AtA: 14736	cholCost: 31131	addCost: 2200	backsolveCost: 16002
node 62	AtA: 21728	cholCost: 74745	addCost: 4888	backsolveCost: 31323
node 63	AtA: 20854	cholCost: 53322	addCost: 4072	backsolveCost: 24624
node 64	AtA: 14736	cholCost: 31131	addCost: 2200	backsolveCost: 16002
node 65	AtA: 16484	cholCost: 52490	addCost: 3352	backsolveCost: 24523
node 66	AtA: 23476	cholCost: 126408	addCost: 9112	backsolveCost: 51684
node 67	AtA: 14736	cholCost: 248186	addCost: 18328	backsolveCost: 77640
node 68	AtA: 10366	cholCost: 141847	addCost: 31000	backsolveCost: 27250
node 69	AtA: 4576	cholCost: 206743	addCost: 38632	backsolveCost: 34487
node 70	AtA: 6306	cholCost: 519204	addCost: 56488	backsolveCost: 99024
node 71	AtA: 17358	cholCost: 754518	addCost: 50152	backsolveCost: 184700
node 72	AtA: 20854	cholCost: 53322	addCost: 4072	backsolveCost: 24624
node 73	AtA: 20854	cholCost: 53322	addCost: 4072	backsolveCost: 24624
node 74	AtA: 14736	cholCost: 31131	addCost: 2200	backsolveCost: 16002
node 75	AtA: 21728	cholCost: 74745	addCost: 4888	backsolveCost: 31323
node 76	AtA: 17358	cholCost: 68464	addCost: 6808	backsolveCost: 25129
node 77	AtA: 20854	cholCost: 53322	addCost: 4072	backsolveCost: 24624
node 78	AtA: 20854	cholCost: 53322	addCost: 4072	backsolveCost: 24624
node 79	AtA: 20854	cholCost: 53322	addCost: 4072	backsolveCost: 24624
node 80	AtA: 23476	cholCost: 138888	addCost: 10408	backsolveCost: 51833
node 81	AtA: 13862	cholCost: 101744	addCost: 16552	backsolveCost: 26139
node 82	AtA: 5268	cholCost: 213020	addCost: 26392	backsolveCost: 53919
node 83	AtA: 19106	cholCost: 52490	addCost: 3352	backsolveCost: 24523
node 84	AtA: 20854	cholCost: 53322	addCost: 4072	backsolveCost: 24624
node 85	AtA: 14736	cholCost: 32379	addCost: 2728	backsolveCost: 16079
node 86	AtA: 20854	cholCost: 74745	addCost: 4888	backsolveCost: 31323
node 87	AtA: 15610	cholCost: 119132	addCost: 13288	backsolveCost: 32453
node 88	AtA: 20854	cholCost: 53322	addCost: 4072	backsolveCost: 24624
node 89	AtA: 20854	cholCost: 53322	addCost: 4072	backsolveCost: 24624
node 90	AtA: 18232	cholCost: 52490	addCost: 3352	backsolveCost: 24523
node 91	AtA: 17358	cholCost: 57981	addCost: 4888	backsolveCost: 24826
node 92	AtA: 20854	cholCost: 53322	addCost: 4072	backsolveCost: 24624
node 93	AtA: 14736	cholCost: 32379	addCost: 2728	backsolveCost: 16079
node 94	AtA: 20854	cholCost: 74745	addCost: 4888	backsolveCost: 31323
node 95	AtA: 7744	cholCost: 75952	addCost: 9112	backsolveCost: 25432
node 96	AtA: 3884	cholCost: 66324	addCost: 14872	backsolveCost: 17388
node 97	AtA: 6870	cholCost: 102142	addCost: 28648	backsolveCost: 18158
node 98	AtA: 4576	cholCost: 252962	addCost: 53272	backsolveCost: 35391
node 99	AtA: 20854	cholCost: 53322	addCost: 4072	backsolveCost: 24624
node 100	AtA: 14736	cholCost: 32379	addCost: 2728	backsolveCost: 16079
node 101	AtA: 19980	cholCost: 74745	addCost: 4888	backsolveCost: 31323
node 102	AtA: 12988	cholCost: 40865	addCost: 4888	backsolveCost: 16464
node 103	AtA: 20854	cholCost: 53322	addCost: 4072	backsolveCost: 24624
node 104	AtA: 13862	cholCost: 75952	addCost: 9112	backsolveCost: 25432
node 105	AtA: 14736	cholCost: 32379	addCost: 2728	backsolveCost: 16079
node 106	AtA: 19980	cholCost: 74745	addCost: 4888	backsolveCost: 31323
node 107	AtA: 12988	cholCost: 40865	addCost: 4888	backsolveCost: 16464
node 108	AtA: 20854	cholCost: 53322	addCost: 4072	backsolveCost: 24624
node 109	AtA: 13862	cholCost: 75952	addCost: 9112	backsolveCost: 25432
node 110	AtA: 13862	cholCost: 95920	addCost: 14872	backsolveCost: 26038
node 111	AtA: 7744	cholCost: 108400	addCost: 18328	backsolveCost: 26341
node 112	AtA: 11240	cholCost: 163478	addCost: 26392	backsolveCost: 33696
node 113	AtA: 20854	cholCost: 53322	addCost: 4072	backsolveCost: 24624
node 114	AtA: 12988	cholCost: 64452	addCost: 11800	backsolveCost: 17157
node 115	AtA: 20854	cholCost: 53322	addCost: 4072	backsolveCost: 24624
node 116	AtA: 7866	cholCost: 11220	addCost: 6808	backsolveCost: 16695
node 117	AtA: 12988	cholCost: 45732	addCost: 6808	backsolveCost: 16695
node 118	AtA: 4230	cholCost: 88432	addCost: 11800	backsolveCost: 25735
node 119	AtA: 12114	cholCost: 140348	addCost: 20200	backsolveCost: 33131
node 120	AtA: 20854	cholCost: 53322	addCost: 4072	backsolveCost: 24624
node 121	AtA: 20102	cholCost: 37363	addCost: 13288	backsolveCost: 43743
node 122	AtA: 19106	cholCost: 178901	addCost: 20200	backsolveCost: 44565
node 123	AtA: 20854	cholCost: 53322	addCost: 4072	backsolveCost: 24624
node 124	AtA: 20854	cholCost: 53322	addCost: 4072	backsolveCost: 24624
node 125	AtA: 23476	cholCost: 138888	addCost: 10408	backsolveCost: 51833
node 126	AtA: 19980	cholCost: 52490	addCost: 3352	backsolveCost: 24523
node 127	AtA: 14736	cholCost: 31131	addCost: 2200	backsolveCost: 16002
node 128	AtA: 14736	cholCost: 31131	addCost: 2200	backsolveCost: 16002
node 129	AtA: 12988	cholCost: 40865	addCost: 4888	backsolveCost: 16464
node 130	AtA: 12988	cholCost: 40865	addCost: 4888	backsolveCost: 16464
node 131	AtA: 17358	cholCost: 68464	addCost: 6808	backsolveCost: 25129
node 132	AtA: 13862	cholCost: 88432	addCost: 11800	backsolveCost: 25735
node 133	AtA: 3884	cholCost: 78180	addCost: 18328	backsolveCost: 17619
node 134	AtA: 4576	cholCost: 180576	addCost: 31000	backsolveCost: 34035
node 135	AtA: 4922	cholCost: 265514	addCost: 44200	backsolveCost: 46620
node 136	AtA: 5960	cholCost: 405937	addCost: 47128	backsolveCost: 80970
node 137	AtA: 46200	cholCost: 1719878	addCost: 1192	backsolveCost: 1351566
node 138	AtA: 6870	cholCost: 16194	addCost: 1000	backsolveCost: 10977
node 139	AtA: -1	cholCost: 0	addCost: -1	backsolveCost: 1561

