cliques
96
node 0	AtA: 12236	cholCost: 0	addCost: 2200	backsolveCost: 16002
node 1	AtA: 18354	cholCost: 5520	addCost: 2728	backsolveCost: 30758
node 2	AtA: 9614	cholCost: 7728	addCost: 4888	backsolveCost: 16464
node 3	AtA: 12236	cholCost: 2688	addCost: 2200	backsolveCost: 16002
node 4	AtA: 12236	cholCost: 2688	addCost: 2200	backsolveCost: 16002
node 5	AtA: 20854	cholCost: 57981	addCost: 4888	backsolveCost: 24826
node 6	AtA: 14736	cholCost: 31131	addCost: 2200	backsolveCost: 16002
node 7	AtA: 21728	cholCost: 74745	addCost: 4888	backsolveCost: 31323
node 8	AtA: 17358	cholCost: 68464	addCost: 6808	backsolveCost: 25129
node 9	AtA: 9492	cholCost: 58836	addCost: 10408	backsolveCost: 17003
node 10	AtA: 20854	cholCost: 53322	addCost: 4072	backsolveCost: 24624
node 11	AtA: 20854	cholCost: 53322	addCost: 4072	backsolveCost: 24624
node 12	AtA: 17358	cholCost: 47831	addCost: 2728	backsolveCost: 24321
node 13	AtA: 14736	cholCost: 31131	addCost: 2200	backsolveCost: 16002
node 14	AtA: 14736	cholCost: 40241	addCost: 4072	backsolveCost: 16310
node 15	AtA: 11240	cholCost: 45108	addCost: 5800	backsolveCost: 16541
node 16	AtA: 13862	cholCost: 45732	addCost: 6808	backsolveCost: 16695
node 17	AtA: 13862	cholCost: 88432	addCost: 11800	backsolveCost: 25735
node 18	AtA: 19106	cholCost: 165672	addCost: 18328	backsolveCost: 44428
node 19	AtA: 11362	cholCost: 9984	addCost: 5800	backsolveCost: 16541
node 20	AtA: 17358	cholCost: 69296	addCost: 7912	backsolveCost: 25230
node 21	AtA: 16484	cholCost: 52490	addCost: 3352	backsolveCost: 24523
node 22	AtA: 17358	cholCost: 57981	addCost: 4888	backsolveCost: 24826
node 23	AtA: 14736	cholCost: 51972	addCost: 7912	backsolveCost: 16772
node 24	AtA: 12114	cholCost: 107068	addCost: 11800	backsolveCost: 32340
node 25	AtA: 20854	cholCost: 53322	addCost: 4072	backsolveCost: 24624
node 26	AtA: 14736	cholCost: 31131	addCost: 2200	backsolveCost: 16002
node 27	AtA: 21728	cholCost: 74745	addCost: 4888	backsolveCost: 31323
node 28	AtA: 12988	cholCost: 64452	addCost: 11800	backsolveCost: 17157
node 29	AtA: 12236	cholCost: 2688	addCost: 2200	backsolveCost: 16002
node 30	AtA: 19228	cholCost: 10597	addCost: 4888	backsolveCost: 31323
node 31	AtA: 20854	cholCost: 53322	addCost: 4072	backsolveCost: 24624
node 32	AtA: 20854	cholCost: 53322	addCost: 4072	backsolveCost: 24624
node 33	AtA: 14736	cholCost: 31131	addCost: 2200	backsolveCost: 16002
node 34	AtA: 21728	cholCost: 74745	addCost: 4888	backsolveCost: 31323
node 35	AtA: 20854	cholCost: 53322	addCost: 4072	backsolveCost: 24624
node 36	AtA: 14736	cholCost: 31131	addCost: 2200	backsolveCost: 16002
node 37	AtA: 21728	cholCost: 74745	addCost: 4888	backsolveCost: 31323
node 38	AtA: 4230	cholCost: 75952	addCost: 9112	backsolveCost: 25432
node 39	AtA: 20854	cholCost: 53322	addCost: 4072	backsolveCost: 24624
node 40	AtA: 14736	cholCost: 31131	addCost: 2200	backsolveCost: 16002
node 41	AtA: 21728	cholCost: 74745	addCost: 4888	backsolveCost: 31323
node 42	AtA: 14736	cholCost: 31131	addCost: 2200	backsolveCost: 16002
node 43	AtA: 16484	cholCost: 52490	addCost: 3352	backsolveCost: 24523
node 44	AtA: 19106	cholCost: 124488	addCost: 9112	backsolveCost: 43195
node 45	AtA: 14736	cholCost: 107068	addCost: 11800	backsolveCost: 32340
node 46	AtA: 14736	cholCost: 31131	addCost: 2200	backsolveCost: 16002
node 47	AtA: 21728	cholCost: 74745	addCost: 4888	backsolveCost: 31323
node 48	AtA: 20854	cholCost: 53322	addCost: 4072	backsolveCost: 24624
node 49	AtA: 20854	cholCost: 53322	addCost: 4072	backsolveCost: 24624
node 50	AtA: 20854	cholCost: 53322	addCost: 4072	backsolveCost: 24624
node 51	AtA: 14736	cholCost: 31131	addCost: 2200	backsolveCost: 16002
node 52	AtA: 21728	cholCost: 74745	addCost: 4888	backsolveCost: 31323
node 53	AtA: 12236	cholCost: 2688	addCost: 2200	backsolveCost: 16002
node 54	AtA: 16484	cholCost: 52490	addCost: 3352	backsolveCost: 24523
node 55	AtA: 19106	cholCost: 124488	addCost: 9112	backsolveCost: 43195
node 56	AtA: 14736	cholCost: 107068	addCost: 11800	backsolveCost: 32340
node 57	AtA: 14736	cholCost: 31131	addCost: 2200	backsolveCost: 16002
node 58	AtA: 21728	cholCost: 74745	addCost: 4888	backsolveCost: 31323
node 59	AtA: 20854	cholCost: 53322	addCost: 4072	backsolveCost: 24624
node 60	AtA: 20854	cholCost: 53322	addCost: 4072	backsolveCost: 24624
node 61	AtA: 14736	cholCost: 31131	addCost: 2200	backsolveCost: 16002
node 62	AtA: 21728	cholCost: 74745	addCost: 4888	backsolveCost: 31323
node 63	AtA: 20854	cholCost: 53322	addCost: 4072	backsolveCost: 24624
node 64	AtA: 14736	cholCost: 31131	addCost: 2200	backsolveCost: 16002
node 65	AtA: 21728	cholCost: 74745	addCost: 4888	backsolveCost: 31323
node 66	AtA: 4230	cholCost: 75952	addCost: 9112	backsolveCost: 25432
node 67	AtA: 3884	cholCost: 66324	addCost: 14872	backsolveCost: 17388
node 68	AtA: 11240	cholCost: 125164	addCost: 14872	backsolveCost: 32679
node 69	AtA: 20854	cholCost: 53322	addCost: 4072	backsolveCost: 24624
node 70	AtA: 14736	cholCost: 31131	addCost: 2200	backsolveCost: 16002
node 71	AtA: 14736	cholCost: 31131	addCost: 2200	backsolveCost: 16002
node 72	AtA: 12988	cholCost: 40865	addCost: 4888	backsolveCost: 16464
node 73	AtA: 12988	cholCost: 40865	addCost: 4888	backsolveCost: 16464
node 74	AtA: 13862	cholCost: 75952	addCost: 9112	backsolveCost: 25432
node 75	AtA: 21728	cholCost: 74745	addCost: 4888	backsolveCost: 31323
node 76	AtA: 20854	cholCost: 53322	addCost: 4072	backsolveCost: 24624
node 77	AtA: 13862	cholCost: 75952	addCost: 9112	backsolveCost: 25432
node 78	AtA: 14736	cholCost: 31131	addCost: 2200	backsolveCost: 16002
node 79	AtA: 21728	cholCost: 74745	addCost: 4888	backsolveCost: 31323
node 80	AtA: 20854	cholCost: 53322	addCost: 4072	backsolveCost: 24624
node 81	AtA: 14736	cholCost: 31131	addCost: 2200	backsolveCost: 16002
node 82	AtA: 21728	cholCost: 74745	addCost: 4888	backsolveCost: 31323
node 83	AtA: 12114	cholCost: 124488	addCost: 9112	backsolveCost: 43195
node 84	AtA: 5268	cholCost: 194050	addCost: 20200	backsolveCost: 53174
node 85	AtA: 5268	cholCost: 194050	addCost: 20200	backsolveCost: 53174
node 86	AtA: 13862	cholCost: 221982	addCost: 20200	backsolveCost: 67296
node 87	AtA: 5960	cholCost: 263495	addCost: 20200	backsolveCost: 77825
node 88	AtA: 4922	cholCost: 178901	addCost: 20200	backsolveCost: 44565
node 89	AtA: 4576	cholCost: 140348	addCost: 20200	backsolveCost: 33131
node 90	AtA: 5960	cholCost: 263495	addCost: 20200	backsolveCost: 77825
node 91	AtA: 4922	cholCost: 178901	addCost: 20200	backsolveCost: 44565
node 92	AtA: 4576	cholCost: 153369	addCost: 22168	backsolveCost: 33357
node 93	AtA: 31342	cholCost: 552024	addCost: 1192	backsolveCost: 465816
node 94	AtA: 6870	cholCost: 16194	addCost: 1000	backsolveCost: 10977
node 95	AtA: -1	cholCost: 0	addCost: -1	backsolveCost: 1561

