cliques
96
node 0	AtA: 12236	cholCost: 0	addCost: 2200	backsolveCost: 16002
node 1	AtA: 18354	cholCost: 5520	addCost: 2728	backsolveCost: 30758
node 2	AtA: 9614	cholCost: 7728	addCost: 4888	backsolveCost: 16464
node 3	AtA: 11362	cholCost: 9984	addCost: 5800	backsolveCost: 16541
node 4	AtA: 17480	cholCost: 6028	addCost: 3352	backsolveCost: 24523
node 5	AtA: 12236	cholCost: 2688	addCost: 2200	backsolveCost: 16002
node 6	AtA: 12236	cholCost: 2688	addCost: 2200	backsolveCost: 16002
node 7	AtA: 12236	cholCost: 0	addCost: 2200	backsolveCost: 16002
node 8	AtA: 10488	cholCost: 7728	addCost: 4888	backsolveCost: 16464
node 9	AtA: 10488	cholCost: 7728	addCost: 4888	backsolveCost: 16464
node 10	AtA: 12236	cholCost: 2688	addCost: 2200	backsolveCost: 16002
node 11	AtA: 13984	cholCost: 6028	addCost: 3352	backsolveCost: 24523
node 12	AtA: 14858	cholCost: 9647	addCost: 4888	backsolveCost: 24826
node 13	AtA: 11362	cholCost: 11220	addCost: 6808	backsolveCost: 16695
node 14	AtA: 19228	cholCost: 10416	addCost: 4888	backsolveCost: 31323
node 15	AtA: 14858	cholCost: 13931	addCost: 6808	backsolveCost: 25129
node 16	AtA: 20976	cholCost: 10416	addCost: 4888	backsolveCost: 31323
node 17	AtA: 7866	cholCost: 18661	addCost: 10408	backsolveCost: 17003
node 18	AtA: 12236	cholCost: 4080	addCost: 2728	backsolveCost: 16079
node 19	AtA: 18354	cholCost: 8401	addCost: 4072	backsolveCost: 24624
node 20	AtA: 18354	cholCost: 8268	addCost: 4072	backsolveCost: 24624
node 21	AtA: 12236	cholCost: 4080	addCost: 2728	backsolveCost: 16079
node 22	AtA: 18354	cholCost: 10555	addCost: 4888	backsolveCost: 31323
node 23	AtA: 19106	cholCost: 52490	addCost: 3352	backsolveCost: 24523
node 24	AtA: 14736	cholCost: 31131	addCost: 2200	backsolveCost: 16002
node 25	AtA: 21728	cholCost: 74745	addCost: 4888	backsolveCost: 31323
node 26	AtA: 19106	cholCost: 124488	addCost: 9112	backsolveCost: 43195
node 27	AtA: 20854	cholCost: 53322	addCost: 4072	backsolveCost: 24624
node 28	AtA: 14736	cholCost: 31131	addCost: 2200	backsolveCost: 16002
node 29	AtA: 16484	cholCost: 52490	addCost: 3352	backsolveCost: 24523
node 30	AtA: 22602	cholCost: 138216	addCost: 11800	backsolveCost: 43606
node 31	AtA: 21728	cholCost: 92924	addCost: 7912	backsolveCost: 31775
node 32	AtA: 12236	cholCost: 2688	addCost: 2200	backsolveCost: 16002
node 33	AtA: 21728	cholCost: 74745	addCost: 4888	backsolveCost: 31323
node 34	AtA: 9492	cholCost: 45732	addCost: 6808	backsolveCost: 16695
node 35	AtA: 10366	cholCost: 88432	addCost: 11800	backsolveCost: 25735
node 36	AtA: 4230	cholCost: 108400	addCost: 18328	backsolveCost: 26341
node 37	AtA: 14858	cholCost: 13804	addCost: 6808	backsolveCost: 25129
node 38	AtA: 20854	cholCost: 53322	addCost: 4072	backsolveCost: 24624
node 39	AtA: 13862	cholCost: 88432	addCost: 11800	backsolveCost: 25735
node 40	AtA: 3884	cholCost: 66324	addCost: 14872	backsolveCost: 17388
node 41	AtA: 14736	cholCost: 31131	addCost: 2200	backsolveCost: 16002
node 42	AtA: 21728	cholCost: 74745	addCost: 4888	backsolveCost: 31323
node 43	AtA: 20854	cholCost: 53322	addCost: 4072	backsolveCost: 24624
node 44	AtA: 12236	cholCost: 2688	addCost: 2200	backsolveCost: 16002
node 45	AtA: 21728	cholCost: 74745	addCost: 4888	backsolveCost: 31323
node 46	AtA: 4230	cholCost: 75952	addCost: 9112	backsolveCost: 25432
node 47	AtA: 3884	cholCost: 84420	addCost: 20200	backsolveCost: 17696
node 48	AtA: 17358	cholCost: 53322	addCost: 4072	backsolveCost: 24624
node 49	AtA: 16484	cholCost: 61808	addCost: 5800	backsolveCost: 24927
node 50	AtA: 15610	cholCost: 52596	addCost: 9112	backsolveCost: 16926
node 51	AtA: 20854	cholCost: 53322	addCost: 4072	backsolveCost: 24624
node 52	AtA: 20854	cholCost: 53322	addCost: 4072	backsolveCost: 24624
node 53	AtA: 12988	cholCost: 58836	addCost: 10408	backsolveCost: 17003
node 54	AtA: 9492	cholCost: 66324	addCost: 14872	backsolveCost: 17388
node 55	AtA: 12988	cholCost: 291315	addCost: 18328	backsolveCost: 94426
node 56	AtA: 5960	cholCost: 248186	addCost: 18328	backsolveCost: 77640
node 57	AtA: 14736	cholCost: 31131	addCost: 2200	backsolveCost: 16002
node 58	AtA: 16484	cholCost: 52490	addCost: 3352	backsolveCost: 24523
node 59	AtA: 17358	cholCost: 57981	addCost: 4888	backsolveCost: 24826
node 60	AtA: 14736	cholCost: 31131	addCost: 2200	backsolveCost: 16002
node 61	AtA: 21728	cholCost: 74745	addCost: 4888	backsolveCost: 31323
node 62	AtA: 17358	cholCost: 68464	addCost: 6808	backsolveCost: 25129
node 63	AtA: 9492	cholCost: 64452	addCost: 11800	backsolveCost: 17157
node 64	AtA: 15610	cholCost: 138216	addCost: 11800	backsolveCost: 43606
node 65	AtA: 14736	cholCost: 31131	addCost: 2200	backsolveCost: 16002
node 66	AtA: 16484	cholCost: 52490	addCost: 3352	backsolveCost: 24523
node 67	AtA: 20854	cholCost: 53322	addCost: 4072	backsolveCost: 24624
node 68	AtA: 20854	cholCost: 53322	addCost: 4072	backsolveCost: 24624
node 69	AtA: 14736	cholCost: 31131	addCost: 2200	backsolveCost: 16002
node 70	AtA: 21728	cholCost: 74745	addCost: 4888	backsolveCost: 31323
node 71	AtA: 20854	cholCost: 53322	addCost: 4072	backsolveCost: 24624
node 72	AtA: 14736	cholCost: 31131	addCost: 2200	backsolveCost: 16002
node 73	AtA: 21728	cholCost: 74745	addCost: 4888	backsolveCost: 31323
node 74	AtA: 4230	cholCost: 75952	addCost: 9112	backsolveCost: 25432
node 75	AtA: 3884	cholCost: 66324	addCost: 14872	backsolveCost: 17388
node 76	AtA: 15610	cholCost: 156936	addCost: 14872	backsolveCost: 44017
node 77	AtA: 14736	cholCost: 31131	addCost: 2200	backsolveCost: 16002
node 78	AtA: 21728	cholCost: 74745	addCost: 4888	backsolveCost: 31323
node 79	AtA: 20854	cholCost: 53322	addCost: 4072	backsolveCost: 24624
node 80	AtA: 20854	cholCost: 53322	addCost: 4072	backsolveCost: 24624
node 81	AtA: 12236	cholCost: 2688	addCost: 2200	backsolveCost: 16002
node 82	AtA: 21728	cholCost: 74745	addCost: 4888	backsolveCost: 31323
node 83	AtA: 20854	cholCost: 53322	addCost: 4072	backsolveCost: 24624
node 84	AtA: 12236	cholCost: 2688	addCost: 2200	backsolveCost: 16002
node 85	AtA: 21728	cholCost: 74745	addCost: 4888	backsolveCost: 31323
node 86	AtA: 12114	cholCost: 124488	addCost: 9112	backsolveCost: 43195
node 87	AtA: 3884	cholCost: 66324	addCost: 14872	backsolveCost: 17388
node 88	AtA: 3884	cholCost: 66324	addCost: 14872	backsolveCost: 17388
node 89	AtA: 4576	cholCost: 140348	addCost: 20200	backsolveCost: 33131
node 90	AtA: 4922	cholCost: 178901	addCost: 20200	backsolveCost: 44565
node 91	AtA: 5960	cholCost: 248186	addCost: 18328	backsolveCost: 77640
node 92	AtA: 5960	cholCost: 217568	addCost: 13288	backsolveCost: 76715
node 93	AtA: 29594	cholCost: 343080	addCost: 1192	backsolveCost: 289947
node 94	AtA: 6870	cholCost: 16194	addCost: 1000	backsolveCost: 10977
node 95	AtA: -1	cholCost: 0	addCost: -1	backsolveCost: 1561

