cliques
149
node 0	AtA: 14858	cholCost: 0	addCost: 2200	backsolveCost: 24220
node 1	AtA: 12236	cholCost: 2688	addCost: 2200	backsolveCost: 16002
node 2	AtA: 12236	cholCost: 6708	addCost: 4072	backsolveCost: 16310
node 3	AtA: 8740	cholCost: 7728	addCost: 4888	backsolveCost: 16464
node 4	AtA: 12236	cholCost: 2688	addCost: 2200	backsolveCost: 16002
node 5	AtA: 12236	cholCost: 2688	addCost: 2200	backsolveCost: 16002
node 6	AtA: 12236	cholCost: 0	addCost: 2200	backsolveCost: 16002
node 7	AtA: 18354	cholCost: 8268	addCost: 4072	backsolveCost: 24624
node 8	AtA: 12236	cholCost: 2688	addCost: 2200	backsolveCost: 16002
node 9	AtA: 12236	cholCost: 0	addCost: 2200	backsolveCost: 16002
node 10	AtA: 10488	cholCost: 7728	addCost: 4888	backsolveCost: 16464
node 11	AtA: 18354	cholCost: 8268	addCost: 4072	backsolveCost: 24624
node 12	AtA: 13984	cholCost: 0	addCost: 3352	backsolveCost: 24523
node 13	AtA: 14858	cholCost: 9520	addCost: 4888	backsolveCost: 24826
node 14	AtA: 18354	cholCost: 8407	addCost: 4072	backsolveCost: 24624
node 15	AtA: 18354	cholCost: 8268	addCost: 4072	backsolveCost: 24624
node 16	AtA: 12236	cholCost: 2688	addCost: 2200	backsolveCost: 16002
node 17	AtA: 14858	cholCost: 13804	addCost: 6808	backsolveCost: 25129
node 18	AtA: 18354	cholCost: 8401	addCost: 4072	backsolveCost: 24624
node 19	AtA: 17480	cholCost: 6028	addCost: 3352	backsolveCost: 24523
node 20	AtA: 10488	cholCost: 15487	addCost: 9112	backsolveCost: 16926
node 21	AtA: 19228	cholCost: 10416	addCost: 4888	backsolveCost: 31323
node 22	AtA: 10488	cholCost: 20293	addCost: 11800	backsolveCost: 17157
node 23	AtA: 19228	cholCost: 10416	addCost: 4888	backsolveCost: 31323
node 24	AtA: 20854	cholCost: 0	addCost: 4072	backsolveCost: 24624
node 25	AtA: 12236	cholCost: 2688	addCost: 2200	backsolveCost: 16002
node 26	AtA: 19228	cholCost: 10416	addCost: 4888	backsolveCost: 31323
node 27	AtA: 11362	cholCost: 18880	addCost: 9112	backsolveCost: 25432
node 28	AtA: 7866	cholCost: 24887	addCost: 11800	backsolveCost: 25735
node 29	AtA: 10488	cholCost: 7728	addCost: 4888	backsolveCost: 16464
node 30	AtA: 12236	cholCost: 2688	addCost: 2200	backsolveCost: 16002
node 31	AtA: 20854	cholCost: 53322	addCost: 4072	backsolveCost: 24624
node 32	AtA: 13862	cholCost: 75952	addCost: 9112	backsolveCost: 25432
node 33	AtA: 3884	cholCost: 66324	addCost: 14872	backsolveCost: 17388
node 34	AtA: 20854	cholCost: 53322	addCost: 4072	backsolveCost: 24624
node 35	AtA: 20854	cholCost: 53322	addCost: 4072	backsolveCost: 24624
node 36	AtA: 23476	cholCost: 138888	addCost: 10408	backsolveCost: 51833
node 37	AtA: 20854	cholCost: 57981	addCost: 4888	backsolveCost: 24826
node 38	AtA: 10366	cholCost: 58836	addCost: 10408	backsolveCost: 17003
node 39	AtA: 23476	cholCost: 74745	addCost: 4888	backsolveCost: 31323
node 40	AtA: 21728	cholCost: 98956	addCost: 9112	backsolveCost: 32001
node 41	AtA: 12114	cholCost: 125164	addCost: 14872	backsolveCost: 32679
node 42	AtA: 10366	cholCost: 132362	addCost: 26392	backsolveCost: 26947
node 43	AtA: 4576	cholCost: 197674	addCost: 35992	backsolveCost: 34374
node 44	AtA: 20854	cholCost: 53322	addCost: 4072	backsolveCost: 24624
node 45	AtA: 20854	cholCost: 53322	addCost: 4072	backsolveCost: 24624
node 46	AtA: 14736	cholCost: 119132	addCost: 13288	backsolveCost: 32453
node 47	AtA: 20854	cholCost: 53322	addCost: 4072	backsolveCost: 24624
node 48	AtA: 20854	cholCost: 53322	addCost: 4072	backsolveCost: 24624
node 49	AtA: 20854	cholCost: 53322	addCost: 4072	backsolveCost: 24624
node 50	AtA: 14736	cholCost: 119132	addCost: 13288	backsolveCost: 32453
node 51	AtA: 20854	cholCost: 53322	addCost: 4072	backsolveCost: 24624
node 52	AtA: 14736	cholCost: 31131	addCost: 2200	backsolveCost: 16002
node 53	AtA: 16484	cholCost: 52490	addCost: 3352	backsolveCost: 24523
node 54	AtA: 12988	cholCost: 52596	addCost: 9112	backsolveCost: 16926
node 55	AtA: 20854	cholCost: 53322	addCost: 4072	backsolveCost: 24624
node 56	AtA: 19106	cholCost: 52490	addCost: 3352	backsolveCost: 24523
node 57	AtA: 21728	cholCost: 85852	addCost: 6808	backsolveCost: 31662
node 58	AtA: 20854	cholCost: 53322	addCost: 4072	backsolveCost: 24624
node 59	AtA: 14736	cholCost: 31131	addCost: 2200	backsolveCost: 16002
node 60	AtA: 21728	cholCost: 74745	addCost: 4888	backsolveCost: 31323
node 61	AtA: 12114	cholCost: 138216	addCost: 11800	backsolveCost: 43606
node 62	AtA: 13862	cholCost: 108400	addCost: 18328	backsolveCost: 26341
node 63	AtA: 3884	cholCost: 93905	addCost: 26392	backsolveCost: 18081
node 64	AtA: 5960	cholCost: 405937	addCost: 47128	backsolveCost: 80970
node 65	AtA: 23476	cholCost: 74745	addCost: 4888	backsolveCost: 31323
node 66	AtA: 20854	cholCost: 53322	addCost: 4072	backsolveCost: 24624
node 67	AtA: 12988	cholCost: 64452	addCost: 11800	backsolveCost: 17157
node 68	AtA: 23476	cholCost: 74745	addCost: 4888	backsolveCost: 31323
node 69	AtA: 23476	cholCost: 74745	addCost: 4888	backsolveCost: 31323
node 70	AtA: 12988	cholCost: 65700	addCost: 13288	backsolveCost: 17234
node 71	AtA: 14736	cholCost: 32379	addCost: 2728	backsolveCost: 16079
node 72	AtA: 22602	cholCost: 70710	addCost: 4072	backsolveCost: 31097
node 73	AtA: 11240	cholCost: 45108	addCost: 5800	backsolveCost: 16541
node 74	AtA: 14736	cholCost: 31131	addCost: 2200	backsolveCost: 16002
node 75	AtA: 21728	cholCost: 74745	addCost: 4888	backsolveCost: 31323
node 76	AtA: 19980	cholCost: 138888	addCost: 10408	backsolveCost: 51833
node 77	AtA: 13862	cholCost: 263666	addCost: 28648	backsolveCost: 68334
node 78	AtA: 20854	cholCost: 53322	addCost: 4072	backsolveCost: 24624
node 79	AtA: 12988	cholCost: 58836	addCost: 10408	backsolveCost: 17003
node 80	AtA: 20854	cholCost: 53322	addCost: 4072	backsolveCost: 24624
node 81	AtA: 3884	cholCost: 78180	addCost: 18328	backsolveCost: 17619
node 82	AtA: 3884	cholCost: 93905	addCost: 26392	backsolveCost: 18081
node 83	AtA: 20854	cholCost: 53322	addCost: 4072	backsolveCost: 24624
node 84	AtA: 14736	cholCost: 31131	addCost: 2200	backsolveCost: 16002
node 85	AtA: 21728	cholCost: 74745	addCost: 4888	backsolveCost: 31323
node 86	AtA: 14736	cholCost: 31131	addCost: 2200	backsolveCost: 16002
node 87	AtA: 21728	cholCost: 74745	addCost: 4888	backsolveCost: 31323
node 88	AtA: 20854	cholCost: 53322	addCost: 4072	backsolveCost: 24624
node 89	AtA: 14736	cholCost: 31131	addCost: 2200	backsolveCost: 16002
node 90	AtA: 21728	cholCost: 74745	addCost: 4888	backsolveCost: 31323
node 91	AtA: 4230	cholCost: 75952	addCost: 9112	backsolveCost: 25432
node 92	AtA: 12114	cholCost: 156936	addCost: 14872	backsolveCost: 44017
node 93	AtA: 20854	cholCost: 53322	addCost: 4072	backsolveCost: 24624
node 94	AtA: 14736	cholCost: 31131	addCost: 2200	backsolveCost: 16002
node 95	AtA: 16484	cholCost: 52490	addCost: 3352	backsolveCost: 24523
node 96	AtA: 22602	cholCost: 138216	addCost: 11800	backsolveCost: 43606
node 97	AtA: 20854	cholCost: 53322	addCost: 4072	backsolveCost: 24624
node 98	AtA: 20854	cholCost: 53322	addCost: 4072	backsolveCost: 24624
node 99	AtA: 21728	cholCost: 92924	addCost: 7912	backsolveCost: 31775
node 100	AtA: 13862	cholCost: 89264	addCost: 13288	backsolveCost: 25836
node 101	AtA: 3884	cholCost: 85044	addCost: 22168	backsolveCost: 17850
node 102	AtA: 4576	cholCost: 180576	addCost: 31000	backsolveCost: 34035
node 103	AtA: 13862	cholCost: 364008	addCost: 50152	backsolveCost: 70410
node 104	AtA: 20854	cholCost: 53322	addCost: 4072	backsolveCost: 24624
node 105	AtA: 20854	cholCost: 53322	addCost: 4072	backsolveCost: 24624
node 106	AtA: 20854	cholCost: 53322	addCost: 4072	backsolveCost: 24624
node 107	AtA: 14736	cholCost: 119132	addCost: 13288	backsolveCost: 32453
node 108	AtA: 20854	cholCost: 53322	addCost: 4072	backsolveCost: 24624
node 109	AtA: 20854	cholCost: 53322	addCost: 4072	backsolveCost: 24624
node 110	AtA: 20854	cholCost: 53322	addCost: 4072	backsolveCost: 24624
node 111	AtA: 13862	cholCost: 101744	addCost: 16552	backsolveCost: 26139
node 112	AtA: 14736	cholCost: 31131	addCost: 2200	backsolveCost: 16002
node 113	AtA: 21728	cholCost: 74745	addCost: 4888	backsolveCost: 31323
node 114	AtA: 14736	cholCost: 31131	addCost: 2200	backsolveCost: 16002
node 115	AtA: 21728	cholCost: 74745	addCost: 4888	backsolveCost: 31323
node 116	AtA: 20854	cholCost: 53322	addCost: 4072	backsolveCost: 24624
node 117	AtA: 13862	cholCost: 75952	addCost: 9112	backsolveCost: 25432
node 118	AtA: 10366	cholCost: 88432	addCost: 11800	backsolveCost: 25735
node 119	AtA: 11240	cholCost: 163478	addCost: 26392	backsolveCost: 33696
node 120	AtA: 4230	cholCost: 158321	addCost: 35992	backsolveCost: 27553
node 121	AtA: 20854	cholCost: 53322	addCost: 4072	backsolveCost: 24624
node 122	AtA: 13862	cholCost: 108400	addCost: 18328	backsolveCost: 26341
node 123	AtA: 20854	cholCost: 53322	addCost: 4072	backsolveCost: 24624
node 124	AtA: 20854	cholCost: 53322	addCost: 4072	backsolveCost: 24624
node 125	AtA: 14736	cholCost: 31131	addCost: 2200	backsolveCost: 16002
node 126	AtA: 12988	cholCost: 40865	addCost: 4888	backsolveCost: 16464
node 127	AtA: 12988	cholCost: 40865	addCost: 4888	backsolveCost: 16464
node 128	AtA: 13862	cholCost: 75952	addCost: 9112	backsolveCost: 25432
node 129	AtA: 4922	cholCost: 204111	addCost: 26392	backsolveCost: 45250
node 130	AtA: 20854	cholCost: 53322	addCost: 4072	backsolveCost: 24624
node 131	AtA: 20854	cholCost: 53322	addCost: 4072	backsolveCost: 24624
node 132	AtA: 12988	cholCost: 58836	addCost: 10408	backsolveCost: 17003
node 133	AtA: 20854	cholCost: 53322	addCost: 4072	backsolveCost: 24624
node 134	AtA: 12988	cholCost: 64452	addCost: 11800	backsolveCost: 17157
node 135	AtA: 16484	cholCost: 52490	addCost: 3352	backsolveCost: 24523
node 136	AtA: 17358	cholCost: 57981	addCost: 4888	backsolveCost: 24826
node 137	AtA: 20854	cholCost: 53322	addCost: 4072	backsolveCost: 24624
node 138	AtA: 20854	cholCost: 53322	addCost: 4072	backsolveCost: 24624
node 139	AtA: 3884	cholCost: 52596	addCost: 9112	backsolveCost: 16926
node 140	AtA: 4230	cholCost: 95920	addCost: 14872	backsolveCost: 26038
node 141	AtA: 3884	cholCost: 85044	addCost: 22168	backsolveCost: 17850
node 142	AtA: 4230	cholCost: 195762	addCost: 53272	backsolveCost: 28462
node 143	AtA: 6998	cholCost: 572106	addCost: 50152	backsolveCost: 130992
node 144	AtA: 8036	cholCost: 754518	addCost: 50152	backsolveCost: 184700
node 145	AtA: 5960	cholCost: 467838	addCost: 59800	backsolveCost: 82080
node 146	AtA: 42704	cholCost: 1488855	addCost: 1192	backsolveCost: 1180397
node 147	AtA: 6870	cholCost: 16194	addCost: 1000	backsolveCost: 10977
node 148	AtA: -1	cholCost: 0	addCost: -1	backsolveCost: 1561

