cliques
123
node 0	AtA: 14858	cholCost: 0	addCost: 2200	backsolveCost: 24220
node 1	AtA: 15732	cholCost: 8268	addCost: 4072	backsolveCost: 24624
node 2	AtA: 12236	cholCost: 2688	addCost: 2200	backsolveCost: 16002
node 3	AtA: 12236	cholCost: 2688	addCost: 2200	backsolveCost: 16002
node 4	AtA: 12236	cholCost: 2688	addCost: 2200	backsolveCost: 16002
node 5	AtA: 12236	cholCost: 2688	addCost: 2200	backsolveCost: 16002
node 6	AtA: 13984	cholCost: 6028	addCost: 3352	backsolveCost: 24523
node 7	AtA: 14858	cholCost: 9520	addCost: 4888	backsolveCost: 24826
node 8	AtA: 12236	cholCost: 2688	addCost: 2200	backsolveCost: 16002
node 9	AtA: 19228	cholCost: 10416	addCost: 4888	backsolveCost: 31323
node 10	AtA: 18354	cholCost: 8449	addCost: 4072	backsolveCost: 24624
node 11	AtA: 12236	cholCost: 2688	addCost: 2200	backsolveCost: 16002
node 12	AtA: 12236	cholCost: 0	addCost: 2200	backsolveCost: 16002
node 13	AtA: 10488	cholCost: 7728	addCost: 4888	backsolveCost: 16464
node 14	AtA: 10488	cholCost: 7909	addCost: 4888	backsolveCost: 16464
node 15	AtA: 18354	cholCost: 8449	addCost: 4072	backsolveCost: 24624
node 16	AtA: 19228	cholCost: 10416	addCost: 4888	backsolveCost: 31323
node 17	AtA: 20854	cholCost: 53322	addCost: 4072	backsolveCost: 24624
node 18	AtA: 20854	cholCost: 53322	addCost: 4072	backsolveCost: 24624
node 19	AtA: 23476	cholCost: 138888	addCost: 10408	backsolveCost: 51833
node 20	AtA: 21728	cholCost: 74745	addCost: 4888	backsolveCost: 31323
node 21	AtA: 20854	cholCost: 53322	addCost: 4072	backsolveCost: 24624
node 22	AtA: 14736	cholCost: 31131	addCost: 2200	backsolveCost: 16002
node 23	AtA: 21728	cholCost: 74745	addCost: 4888	backsolveCost: 31323
node 24	AtA: 4230	cholCost: 75952	addCost: 9112	backsolveCost: 25432
node 25	AtA: 20854	cholCost: 53322	addCost: 4072	backsolveCost: 24624
node 26	AtA: 19106	cholCost: 124488	addCost: 9112	backsolveCost: 43195
node 27	AtA: 20854	cholCost: 53322	addCost: 4072	backsolveCost: 24624
node 28	AtA: 20854	cholCost: 53322	addCost: 4072	backsolveCost: 24624
node 29	AtA: 20854	cholCost: 53322	addCost: 4072	backsolveCost: 24624
node 30	AtA: 20854	cholCost: 53322	addCost: 4072	backsolveCost: 24624
node 31	AtA: 4230	cholCost: 89264	addCost: 13288	backsolveCost: 25836
node 32	AtA: 20854	cholCost: 53322	addCost: 4072	backsolveCost: 24624
node 33	AtA: 19106	cholCost: 52490	addCost: 3352	backsolveCost: 24523
node 34	AtA: 12988	cholCost: 52596	addCost: 9112	backsolveCost: 16926
node 35	AtA: 20854	cholCost: 53322	addCost: 4072	backsolveCost: 24624
node 36	AtA: 20854	cholCost: 53322	addCost: 4072	backsolveCost: 24624
node 37	AtA: 20854	cholCost: 53322	addCost: 4072	backsolveCost: 24624
node 38	AtA: 18232	cholCost: 52490	addCost: 3352	backsolveCost: 24523
node 39	AtA: 16484	cholCost: 57981	addCost: 4888	backsolveCost: 24826
node 40	AtA: 12988	cholCost: 40865	addCost: 4888	backsolveCost: 16464
node 41	AtA: 13862	cholCost: 75952	addCost: 9112	backsolveCost: 25432
node 42	AtA: 10366	cholCost: 108400	addCost: 18328	backsolveCost: 26341
node 43	AtA: 6870	cholCost: 86292	addCost: 24232	backsolveCost: 17927
node 44	AtA: 5614	cholCost: 326234	addCost: 41368	backsolveCost: 69718
node 45	AtA: 20854	cholCost: 53322	addCost: 4072	backsolveCost: 24624
node 46	AtA: 20854	cholCost: 53322	addCost: 4072	backsolveCost: 24624
node 47	AtA: 22602	cholCost: 149448	addCost: 13288	backsolveCost: 43743
node 48	AtA: 14736	cholCost: 31131	addCost: 2200	backsolveCost: 16002
node 49	AtA: 21728	cholCost: 74745	addCost: 4888	backsolveCost: 31323
node 50	AtA: 20854	cholCost: 53322	addCost: 4072	backsolveCost: 24624
node 51	AtA: 14736	cholCost: 31131	addCost: 2200	backsolveCost: 16002
node 52	AtA: 16484	cholCost: 52490	addCost: 3352	backsolveCost: 24523
node 53	AtA: 17358	cholCost: 57981	addCost: 4888	backsolveCost: 24826
node 54	AtA: 13862	cholCost: 75952	addCost: 9112	backsolveCost: 25432
node 55	AtA: 10366	cholCost: 88432	addCost: 11800	backsolveCost: 25735
node 56	AtA: 12114	cholCost: 165672	addCost: 18328	backsolveCost: 44428
node 57	AtA: 20854	cholCost: 53322	addCost: 4072	backsolveCost: 24624
node 58	AtA: 20854	cholCost: 53322	addCost: 4072	backsolveCost: 24624
node 59	AtA: 20854	cholCost: 53322	addCost: 4072	backsolveCost: 24624
node 60	AtA: 14736	cholCost: 119132	addCost: 13288	backsolveCost: 32453
node 61	AtA: 14736	cholCost: 31131	addCost: 2200	backsolveCost: 16002
node 62	AtA: 14736	cholCost: 31131	addCost: 2200	backsolveCost: 16002
node 63	AtA: 12988	cholCost: 40865	addCost: 4888	backsolveCost: 16464
node 64	AtA: 12988	cholCost: 40865	addCost: 4888	backsolveCost: 16464
node 65	AtA: 19980	cholCost: 52490	addCost: 3352	backsolveCost: 24523
node 66	AtA: 20854	cholCost: 53322	addCost: 4072	backsolveCost: 24624
node 67	AtA: 20854	cholCost: 53322	addCost: 4072	backsolveCost: 24624
node 68	AtA: 14736	cholCost: 107068	addCost: 11800	backsolveCost: 32340
node 69	AtA: 10366	cholCost: 95920	addCost: 14872	backsolveCost: 26038
node 70	AtA: 3884	cholCost: 93905	addCost: 26392	backsolveCost: 18081
node 71	AtA: 4230	cholCost: 175627	addCost: 44200	backsolveCost: 27957
node 72	AtA: 20854	cholCost: 53322	addCost: 4072	backsolveCost: 24624
node 73	AtA: 14736	cholCost: 31131	addCost: 2200	backsolveCost: 16002
node 74	AtA: 16484	cholCost: 52490	addCost: 3352	backsolveCost: 24523
node 75	AtA: 12988	cholCost: 52596	addCost: 9112	backsolveCost: 16926
node 76	AtA: 23476	cholCost: 74745	addCost: 4888	backsolveCost: 31323
node 77	AtA: 23476	cholCost: 74745	addCost: 4888	backsolveCost: 31323
node 78	AtA: 14736	cholCost: 32379	addCost: 2728	backsolveCost: 16079
node 79	AtA: 17358	cholCost: 53322	addCost: 4072	backsolveCost: 24624
node 80	AtA: 12988	cholCost: 64452	addCost: 11800	backsolveCost: 17157
node 81	AtA: 16484	cholCost: 132236	addCost: 16552	backsolveCost: 32792
node 82	AtA: 4230	cholCost: 109232	addCost: 20200	backsolveCost: 26442
node 83	AtA: 20854	cholCost: 53322	addCost: 4072	backsolveCost: 24624
node 84	AtA: 4230	cholCost: 75952	addCost: 9112	backsolveCost: 25432
node 85	AtA: 23476	cholCost: 74745	addCost: 4888	backsolveCost: 31323
node 86	AtA: 23476	cholCost: 74745	addCost: 4888	backsolveCost: 31323
node 87	AtA: 8618	cholCost: 101744	addCost: 16552	backsolveCost: 26139
node 88	AtA: 20854	cholCost: 53322	addCost: 4072	backsolveCost: 24624
node 89	AtA: 21728	cholCost: 92924	addCost: 7912	backsolveCost: 31775
node 90	AtA: 20854	cholCost: 53322	addCost: 4072	backsolveCost: 24624
node 91	AtA: 20854	cholCost: 53322	addCost: 4072	backsolveCost: 24624
node 92	AtA: 23476	cholCost: 74745	addCost: 4888	backsolveCost: 31323
node 93	AtA: 19106	cholCost: 110760	addCost: 6808	backsolveCost: 42784
node 94	AtA: 8618	cholCost: 132236	addCost: 16552	backsolveCost: 32792
node 95	AtA: 12114	cholCost: 329058	addCost: 31000	backsolveCost: 79305
node 96	AtA: 20854	cholCost: 53322	addCost: 4072	backsolveCost: 24624
node 97	AtA: 20854	cholCost: 53322	addCost: 4072	backsolveCost: 24624
node 98	AtA: 18354	cholCost: 8449	addCost: 4072	backsolveCost: 24624
node 99	AtA: 5614	cholCost: 236875	addCost: 22168	backsolveCost: 67642
node 100	AtA: 20854	cholCost: 53322	addCost: 4072	backsolveCost: 24624
node 101	AtA: 14736	cholCost: 32379	addCost: 2728	backsolveCost: 16079
node 102	AtA: 20854	cholCost: 74745	addCost: 4888	backsolveCost: 31323
node 103	AtA: 14736	cholCost: 32379	addCost: 2728	backsolveCost: 16079
node 104	AtA: 19980	cholCost: 74745	addCost: 4888	backsolveCost: 31323
node 105	AtA: 12988	cholCost: 40865	addCost: 4888	backsolveCost: 16464
node 106	AtA: 17358	cholCost: 150120	addCost: 11800	backsolveCost: 52131
node 107	AtA: 20854	cholCost: 53322	addCost: 4072	backsolveCost: 24624
node 108	AtA: 14736	cholCost: 32379	addCost: 2728	backsolveCost: 16079
node 109	AtA: 20854	cholCost: 74745	addCost: 4888	backsolveCost: 31323
node 110	AtA: 14736	cholCost: 32379	addCost: 2728	backsolveCost: 16079
node 111	AtA: 19980	cholCost: 74745	addCost: 4888	backsolveCost: 31323
node 112	AtA: 12988	cholCost: 40865	addCost: 4888	backsolveCost: 16464
node 113	AtA: 15610	cholCost: 98956	addCost: 9112	backsolveCost: 32001
node 114	AtA: 13862	cholCost: 95920	addCost: 14872	backsolveCost: 26038
node 115	AtA: 12114	cholCost: 163478	addCost: 26392	backsolveCost: 33696
node 116	AtA: 4576	cholCost: 223841	addCost: 44200	backsolveCost: 34826
node 117	AtA: 6652	cholCost: 469793	addCost: 44200	backsolveCost: 110399
node 118	AtA: 12988	cholCost: 384970	addCost: 41368	backsolveCost: 80415
node 119	AtA: 8036	cholCost: 630716	addCost: 35992	backsolveCost: 182649
node 120	AtA: 37460	cholCost: 1158338	addCost: 1192	backsolveCost: 941970
node 121	AtA: 6870	cholCost: 16194	addCost: 1000	backsolveCost: 10977
node 122	AtA: -1	cholCost: 0	addCost: -1	backsolveCost: 1561

