cliques
164
node 0	AtA: 12236	cholCost: 2688	addCost: 2200	backsolveCost: 16002
node 1	AtA: 12236	cholCost: 2688	addCost: 2200	backsolveCost: 16002
node 2	AtA: 14736	cholCost: 32379	addCost: 2728	backsolveCost: 16079
node 3	AtA: 20854	cholCost: 74745	addCost: 4888	backsolveCost: 31323
node 4	AtA: 20854	cholCost: 53322	addCost: 4072	backsolveCost: 24624
node 5	AtA: 13862	cholCost: 75952	addCost: 9112	backsolveCost: 25432
node 6	AtA: 20854	cholCost: 53322	addCost: 4072	backsolveCost: 24624
node 7	AtA: 20854	cholCost: 53322	addCost: 4072	backsolveCost: 24624
node 8	AtA: 12988	cholCost: 58836	addCost: 10408	backsolveCost: 17003
node 9	AtA: 19106	cholCost: 52490	addCost: 3352	backsolveCost: 24523
node 10	AtA: 14736	cholCost: 31131	addCost: 2200	backsolveCost: 16002
node 11	AtA: 16484	cholCost: 52490	addCost: 3352	backsolveCost: 24523
node 12	AtA: 17358	cholCost: 57981	addCost: 4888	backsolveCost: 24826
node 13	AtA: 13862	cholCost: 75952	addCost: 9112	backsolveCost: 25432
node 14	AtA: 10366	cholCost: 194050	addCost: 20200	backsolveCost: 53174
node 15	AtA: 20854	cholCost: 53322	addCost: 4072	backsolveCost: 24624
node 16	AtA: 20854	cholCost: 53322	addCost: 4072	backsolveCost: 24624
node 17	AtA: 20854	cholCost: 53322	addCost: 4072	backsolveCost: 24624
node 18	AtA: 20854	cholCost: 53322	addCost: 4072	backsolveCost: 24624
node 19	AtA: 14736	cholCost: 31131	addCost: 2200	backsolveCost: 16002
node 20	AtA: 21728	cholCost: 74745	addCost: 4888	backsolveCost: 31323
node 21	AtA: 17358	cholCost: 68464	addCost: 6808	backsolveCost: 25129
node 22	AtA: 19106	cholCost: 138216	addCost: 11800	backsolveCost: 43606
node 23	AtA: 20854	cholCost: 53322	addCost: 4072	backsolveCost: 24624
node 24	AtA: 20854	cholCost: 53322	addCost: 4072	backsolveCost: 24624
node 25	AtA: 20854	cholCost: 53322	addCost: 4072	backsolveCost: 24624
node 26	AtA: 23476	cholCost: 138888	addCost: 10408	backsolveCost: 51833
node 27	AtA: 13862	cholCost: 101744	addCost: 16552	backsolveCost: 26139
node 28	AtA: 4230	cholCost: 115888	addCost: 22168	backsolveCost: 26644
node 29	AtA: 4922	cholCost: 228822	addCost: 31000	backsolveCost: 45661
node 30	AtA: 20854	cholCost: 53322	addCost: 4072	backsolveCost: 24624
node 31	AtA: 20854	cholCost: 53322	addCost: 4072	backsolveCost: 24624
node 32	AtA: 20854	cholCost: 53322	addCost: 4072	backsolveCost: 24624
node 33	AtA: 14736	cholCost: 119132	addCost: 13288	backsolveCost: 32453
node 34	AtA: 20854	cholCost: 53322	addCost: 4072	backsolveCost: 24624
node 35	AtA: 20854	cholCost: 53322	addCost: 4072	backsolveCost: 24624
node 36	AtA: 14736	cholCost: 31131	addCost: 2200	backsolveCost: 16002
node 37	AtA: 21728	cholCost: 74745	addCost: 4888	backsolveCost: 31323
node 38	AtA: 14736	cholCost: 31131	addCost: 2200	backsolveCost: 16002
node 39	AtA: 21728	cholCost: 74745	addCost: 4888	backsolveCost: 31323
node 40	AtA: 9492	cholCost: 52596	addCost: 9112	backsolveCost: 16926
node 41	AtA: 3884	cholCost: 66324	addCost: 14872	backsolveCost: 17388
node 42	AtA: 20854	cholCost: 53322	addCost: 4072	backsolveCost: 24624
node 43	AtA: 14736	cholCost: 31131	addCost: 2200	backsolveCost: 16002
node 44	AtA: 21728	cholCost: 74745	addCost: 4888	backsolveCost: 31323
node 45	AtA: 20854	cholCost: 53322	addCost: 4072	backsolveCost: 24624
node 46	AtA: 14736	cholCost: 31131	addCost: 2200	backsolveCost: 16002
node 47	AtA: 16484	cholCost: 52490	addCost: 3352	backsolveCost: 24523
node 48	AtA: 12988	cholCost: 52596	addCost: 9112	backsolveCost: 16926
node 49	AtA: 3884	cholCost: 52596	addCost: 9112	backsolveCost: 16926
node 50	AtA: 13862	cholCost: 95920	addCost: 14872	backsolveCost: 26038
node 51	AtA: 4576	cholCost: 153369	addCost: 22168	backsolveCost: 33357
node 52	AtA: 4230	cholCost: 141847	addCost: 31000	backsolveCost: 27250
node 53	AtA: 5268	cholCost: 314610	addCost: 53272	backsolveCost: 56154
node 54	AtA: 20854	cholCost: 53322	addCost: 4072	backsolveCost: 24624
node 55	AtA: 20854	cholCost: 53322	addCost: 4072	backsolveCost: 24624
node 56	AtA: 20854	cholCost: 53322	addCost: 4072	backsolveCost: 24624
node 57	AtA: 23476	cholCost: 74745	addCost: 4888	backsolveCost: 31323
node 58	AtA: 12988	cholCost: 64452	addCost: 11800	backsolveCost: 17157
node 59	AtA: 9492	cholCost: 93905	addCost: 26392	backsolveCost: 18081
node 60	AtA: 20854	cholCost: 53322	addCost: 4072	backsolveCost: 24624
node 61	AtA: 20854	cholCost: 53322	addCost: 4072	backsolveCost: 24624
node 62	AtA: 12988	cholCost: 58836	addCost: 10408	backsolveCost: 17003
node 63	AtA: 14736	cholCost: 31131	addCost: 2200	backsolveCost: 16002
node 64	AtA: 16484	cholCost: 52490	addCost: 3352	backsolveCost: 24523
node 65	AtA: 14736	cholCost: 31131	addCost: 2200	backsolveCost: 16002
node 66	AtA: 21728	cholCost: 74745	addCost: 4888	backsolveCost: 31323
node 67	AtA: 20854	cholCost: 53322	addCost: 4072	backsolveCost: 24624
node 68	AtA: 14736	cholCost: 31131	addCost: 2200	backsolveCost: 16002
node 69	AtA: 21728	cholCost: 74745	addCost: 4888	backsolveCost: 31323
node 70	AtA: 4230	cholCost: 75952	addCost: 9112	backsolveCost: 25432
node 71	AtA: 13862	cholCost: 95920	addCost: 14872	backsolveCost: 26038
node 72	AtA: 4230	cholCost: 108400	addCost: 18328	backsolveCost: 26341
node 73	AtA: 12988	cholCost: 264938	addCost: 38632	backsolveCost: 54962
node 74	AtA: 20854	cholCost: 53322	addCost: 4072	backsolveCost: 24624
node 75	AtA: 20854	cholCost: 53322	addCost: 4072	backsolveCost: 24624
node 76	AtA: 20854	cholCost: 53322	addCost: 4072	backsolveCost: 24624
node 77	AtA: 21728	cholCost: 92924	addCost: 7912	backsolveCost: 31775
node 78	AtA: 13862	cholCost: 89264	addCost: 13288	backsolveCost: 25836
node 79	AtA: 13862	cholCost: 109232	addCost: 20200	backsolveCost: 26442
node 80	AtA: 20854	cholCost: 53322	addCost: 4072	backsolveCost: 24624
node 81	AtA: 20854	cholCost: 53322	addCost: 4072	backsolveCost: 24624
node 82	AtA: 20854	cholCost: 53322	addCost: 4072	backsolveCost: 24624
node 83	AtA: 12988	cholCost: 58836	addCost: 10408	backsolveCost: 17003
node 84	AtA: 13862	cholCost: 101744	addCost: 16552	backsolveCost: 26139
node 85	AtA: 20854	cholCost: 53322	addCost: 4072	backsolveCost: 24624
node 86	AtA: 20854	cholCost: 53322	addCost: 4072	backsolveCost: 24624
node 87	AtA: 14736	cholCost: 31131	addCost: 2200	backsolveCost: 16002
node 88	AtA: 21728	cholCost: 74745	addCost: 4888	backsolveCost: 31323
node 89	AtA: 19106	cholCost: 124488	addCost: 9112	backsolveCost: 43195
node 90	AtA: 13862	cholCost: 95920	addCost: 14872	backsolveCost: 26038
node 91	AtA: 4230	cholCost: 132362	addCost: 26392	backsolveCost: 26947
node 92	AtA: 12114	cholCost: 283985	addCost: 47128	backsolveCost: 46894
node 93	AtA: 6306	cholCost: 560762	addCost: 63208	backsolveCost: 99651
node 94	AtA: 20854	cholCost: 53322	addCost: 4072	backsolveCost: 24624
node 95	AtA: 20854	cholCost: 53322	addCost: 4072	backsolveCost: 24624
node 96	AtA: 12988	cholCost: 58836	addCost: 10408	backsolveCost: 17003
node 97	AtA: 18232	cholCost: 52490	addCost: 3352	backsolveCost: 24523
node 98	AtA: 17358	cholCost: 57981	addCost: 4888	backsolveCost: 24826
node 99	AtA: 20854	cholCost: 53322	addCost: 4072	backsolveCost: 24624
node 100	AtA: 18232	cholCost: 52490	addCost: 3352	backsolveCost: 24523
node 101	AtA: 16484	cholCost: 57981	addCost: 4888	backsolveCost: 24826
node 102	AtA: 12988	cholCost: 40865	addCost: 4888	backsolveCost: 16464
node 103	AtA: 7744	cholCost: 75952	addCost: 9112	backsolveCost: 25432
node 104	AtA: 10366	cholCost: 108400	addCost: 18328	backsolveCost: 26341
node 105	AtA: 20854	cholCost: 53322	addCost: 4072	backsolveCost: 24624
node 106	AtA: 20854	cholCost: 53322	addCost: 4072	backsolveCost: 24624
node 107	AtA: 20854	cholCost: 53322	addCost: 4072	backsolveCost: 24624
node 108	AtA: 14736	cholCost: 119132	addCost: 13288	backsolveCost: 32453
node 109	AtA: 14736	cholCost: 32379	addCost: 2728	backsolveCost: 16079
node 110	AtA: 21728	cholCost: 84812	addCost: 5800	backsolveCost: 31436
node 111	AtA: 14736	cholCost: 32379	addCost: 2728	backsolveCost: 16079
node 112	AtA: 20854	cholCost: 74745	addCost: 4888	backsolveCost: 31323
node 113	AtA: 20854	cholCost: 138888	addCost: 10408	backsolveCost: 51833
node 114	AtA: 11240	cholCost: 307347	addCost: 38632	backsolveCost: 69372
node 115	AtA: 20854	cholCost: 53322	addCost: 4072	backsolveCost: 24624
node 116	AtA: 23476	cholCost: 74745	addCost: 4888	backsolveCost: 31323
node 117	AtA: 23476	cholCost: 74745	addCost: 4888	backsolveCost: 31323
node 118	AtA: 15610	cholCost: 88432	addCost: 11800	backsolveCost: 25735
node 119	AtA: 13862	cholCost: 108400	addCost: 18328	backsolveCost: 26341
node 120	AtA: 20854	cholCost: 53322	addCost: 4072	backsolveCost: 24624
node 121	AtA: 10488	cholCost: 7728	addCost: 4888	backsolveCost: 16464
node 122	AtA: 12988	cholCost: 40865	addCost: 4888	backsolveCost: 16464
node 123	AtA: 23476	cholCost: 74745	addCost: 4888	backsolveCost: 31323
node 124	AtA: 12236	cholCost: 2688	addCost: 2200	backsolveCost: 16002
node 125	AtA: 16484	cholCost: 52490	addCost: 3352	backsolveCost: 24523
node 126	AtA: 13862	cholCost: 40241	addCost: 4072	backsolveCost: 16310
node 127	AtA: 10366	cholCost: 45732	addCost: 6808	backsolveCost: 16695
node 128	AtA: 4230	cholCost: 88432	addCost: 11800	backsolveCost: 25735
node 129	AtA: 20854	cholCost: 57981	addCost: 4888	backsolveCost: 24826
node 130	AtA: 20854	cholCost: 53322	addCost: 4072	backsolveCost: 24624
node 131	AtA: 12988	cholCost: 64452	addCost: 11800	backsolveCost: 17157
node 132	AtA: 20854	cholCost: 57981	addCost: 4888	backsolveCost: 24826
node 133	AtA: 20854	cholCost: 53322	addCost: 4072	backsolveCost: 24624
node 134	AtA: 20854	cholCost: 53322	addCost: 4072	backsolveCost: 24624
node 135	AtA: 10366	cholCost: 88432	addCost: 11800	backsolveCost: 25735
node 136	AtA: 11240	cholCost: 123709	addCost: 24232	backsolveCost: 26745
node 137	AtA: 14736	cholCost: 31131	addCost: 2200	backsolveCost: 16002
node 138	AtA: 21728	cholCost: 74745	addCost: 4888	backsolveCost: 31323
node 139	AtA: 20854	cholCost: 53322	addCost: 4072	backsolveCost: 24624
node 140	AtA: 14736	cholCost: 31131	addCost: 2200	backsolveCost: 16002
node 141	AtA: 16484	cholCost: 52490	addCost: 3352	backsolveCost: 24523
node 142	AtA: 12988	cholCost: 52596	addCost: 9112	backsolveCost: 16926
node 143	AtA: 3884	cholCost: 52596	addCost: 9112	backsolveCost: 16926
node 144	AtA: 20854	cholCost: 53322	addCost: 4072	backsolveCost: 24624
node 145	AtA: 12236	cholCost: 2688	addCost: 2200	backsolveCost: 16002
node 146	AtA: 21728	cholCost: 74745	addCost: 4888	backsolveCost: 31323
node 147	AtA: 19106	cholCost: 124488	addCost: 9112	backsolveCost: 43195
node 148	AtA: 20854	cholCost: 53322	addCost: 4072	backsolveCost: 24624
node 149	AtA: 20854	cholCost: 53322	addCost: 4072	backsolveCost: 24624
node 150	AtA: 12988	cholCost: 58836	addCost: 10408	backsolveCost: 17003
node 151	AtA: 20854	cholCost: 53322	addCost: 4072	backsolveCost: 24624
node 152	AtA: 20854	cholCost: 53322	addCost: 4072	backsolveCost: 24624
node 153	AtA: 12988	cholCost: 58836	addCost: 10408	backsolveCost: 17003
node 154	AtA: 3884	cholCost: 72564	addCost: 16552	backsolveCost: 17465
node 155	AtA: 3884	cholCost: 85044	addCost: 22168	backsolveCost: 17850
node 156	AtA: 4230	cholCost: 132362	addCost: 26392	backsolveCost: 26947
node 157	AtA: 4230	cholCost: 195762	addCost: 53272	backsolveCost: 28462
node 158	AtA: 15610	cholCost: 704644	addCost: 70312	backsolveCost: 133197
node 159	AtA: 6652	cholCost: 665604	addCost: 77800	backsolveCost: 113714
node 160	AtA: 21728	cholCost: 1116246	addCost: 59800	backsolveCost: 278595
node 161	AtA: 40082	cholCost: 1385454	addCost: 1192	backsolveCost: 1078382
node 162	AtA: 6870	cholCost: 16194	addCost: 1000	backsolveCost: 10977
node 163	AtA: -1	cholCost: 0	addCost: -1	backsolveCost: 1561

