cliques
160
node 0	AtA: 12236	cholCost: 2688	addCost: 2200	backsolveCost: 16002
node 1	AtA: 18354	cholCost: 0	addCost: 2728	backsolveCost: 30758
node 2	AtA: 9614	cholCost: 7728	addCost: 4888	backsolveCost: 16464
node 3	AtA: 12236	cholCost: 2688	addCost: 2200	backsolveCost: 16002
node 4	AtA: 12236	cholCost: 0	addCost: 2200	backsolveCost: 16002
node 5	AtA: 12236	cholCost: 2688	addCost: 2200	backsolveCost: 16002
node 6	AtA: 18354	cholCost: 0	addCost: 4072	backsolveCost: 24624
node 7	AtA: 18354	cholCost: 8401	addCost: 4072	backsolveCost: 24624
node 8	AtA: 20976	cholCost: 31375	addCost: 10408	backsolveCost: 51833
node 9	AtA: 12236	cholCost: 2688	addCost: 2200	backsolveCost: 16002
node 10	AtA: 20854	cholCost: 53322	addCost: 4072	backsolveCost: 24624
node 11	AtA: 20854	cholCost: 53322	addCost: 4072	backsolveCost: 24624
node 12	AtA: 22602	cholCost: 149448	addCost: 13288	backsolveCost: 43743
node 13	AtA: 20854	cholCost: 53322	addCost: 4072	backsolveCost: 24624
node 14	AtA: 14736	cholCost: 31131	addCost: 2200	backsolveCost: 16002
node 15	AtA: 21728	cholCost: 74745	addCost: 4888	backsolveCost: 31323
node 16	AtA: 14736	cholCost: 31131	addCost: 2200	backsolveCost: 16002
node 17	AtA: 21728	cholCost: 74745	addCost: 4888	backsolveCost: 31323
node 18	AtA: 9492	cholCost: 52596	addCost: 9112	backsolveCost: 16926
node 19	AtA: 14736	cholCost: 107068	addCost: 11800	backsolveCost: 32340
node 20	AtA: 3884	cholCost: 85044	addCost: 22168	backsolveCost: 17850
node 21	AtA: 20854	cholCost: 53322	addCost: 4072	backsolveCost: 24624
node 22	AtA: 20854	cholCost: 53322	addCost: 4072	backsolveCost: 24624
node 23	AtA: 20854	cholCost: 53322	addCost: 4072	backsolveCost: 24624
node 24	AtA: 23476	cholCost: 138888	addCost: 10408	backsolveCost: 51833
node 25	AtA: 13862	cholCost: 101744	addCost: 16552	backsolveCost: 26139
node 26	AtA: 14736	cholCost: 31131	addCost: 2200	backsolveCost: 16002
node 27	AtA: 21728	cholCost: 74745	addCost: 4888	backsolveCost: 31323
node 28	AtA: 16484	cholCost: 52490	addCost: 3352	backsolveCost: 24523
node 29	AtA: 20854	cholCost: 53322	addCost: 4072	backsolveCost: 24624
node 30	AtA: 23476	cholCost: 126408	addCost: 9112	backsolveCost: 51684
node 31	AtA: 10366	cholCost: 88432	addCost: 11800	backsolveCost: 25735
node 32	AtA: 14736	cholCost: 348028	addCost: 35992	backsolveCost: 79860
node 33	AtA: 5614	cholCost: 326234	addCost: 41368	backsolveCost: 69718
node 34	AtA: 18354	cholCost: 8268	addCost: 4072	backsolveCost: 24624
node 35	AtA: 14736	cholCost: 31131	addCost: 2200	backsolveCost: 16002
node 36	AtA: 16484	cholCost: 52490	addCost: 3352	backsolveCost: 24523
node 37	AtA: 17358	cholCost: 57981	addCost: 4888	backsolveCost: 24826
node 38	AtA: 13862	cholCost: 75952	addCost: 9112	backsolveCost: 25432
node 39	AtA: 20854	cholCost: 53322	addCost: 4072	backsolveCost: 24624
node 40	AtA: 20854	cholCost: 53322	addCost: 4072	backsolveCost: 24624
node 41	AtA: 23476	cholCost: 138888	addCost: 10408	backsolveCost: 51833
node 42	AtA: 21728	cholCost: 74745	addCost: 4888	backsolveCost: 31323
node 43	AtA: 20854	cholCost: 53322	addCost: 4072	backsolveCost: 24624
node 44	AtA: 13984	cholCost: 6028	addCost: 3352	backsolveCost: 24523
node 45	AtA: 12988	cholCost: 52596	addCost: 9112	backsolveCost: 16926
node 46	AtA: 3884	cholCost: 52596	addCost: 9112	backsolveCost: 16926
node 47	AtA: 5268	cholCost: 195298	addCost: 22168	backsolveCost: 53472
node 48	AtA: 20854	cholCost: 53322	addCost: 4072	backsolveCost: 24624
node 49	AtA: 20854	cholCost: 53322	addCost: 4072	backsolveCost: 24624
node 50	AtA: 12988	cholCost: 58836	addCost: 10408	backsolveCost: 17003
node 51	AtA: 14736	cholCost: 31131	addCost: 2200	backsolveCost: 16002
node 52	AtA: 21728	cholCost: 74745	addCost: 4888	backsolveCost: 31323
node 53	AtA: 20854	cholCost: 53322	addCost: 4072	backsolveCost: 24624
node 54	AtA: 12988	cholCost: 64452	addCost: 11800	backsolveCost: 17157
node 55	AtA: 11240	cholCost: 133276	addCost: 18328	backsolveCost: 33018
node 56	AtA: 20854	cholCost: 53322	addCost: 4072	backsolveCost: 24624
node 57	AtA: 20854	cholCost: 53322	addCost: 4072	backsolveCost: 24624
node 58	AtA: 20854	cholCost: 53322	addCost: 4072	backsolveCost: 24624
node 59	AtA: 20854	cholCost: 53322	addCost: 4072	backsolveCost: 24624
node 60	AtA: 23476	cholCost: 138888	addCost: 10408	backsolveCost: 51833
node 61	AtA: 20854	cholCost: 53322	addCost: 4072	backsolveCost: 24624
node 62	AtA: 20854	cholCost: 53322	addCost: 4072	backsolveCost: 24624
node 63	AtA: 20854	cholCost: 53322	addCost: 4072	backsolveCost: 24624
node 64	AtA: 23476	cholCost: 138888	addCost: 10408	backsolveCost: 51833
node 65	AtA: 13862	cholCost: 101744	addCost: 16552	backsolveCost: 26139
node 66	AtA: 20854	cholCost: 53322	addCost: 4072	backsolveCost: 24624
node 67	AtA: 14736	cholCost: 31131	addCost: 2200	backsolveCost: 16002
node 68	AtA: 21728	cholCost: 74745	addCost: 4888	backsolveCost: 31323
node 69	AtA: 14736	cholCost: 31131	addCost: 2200	backsolveCost: 16002
node 70	AtA: 21728	cholCost: 74745	addCost: 4888	backsolveCost: 31323
node 71	AtA: 20854	cholCost: 53322	addCost: 4072	backsolveCost: 24624
node 72	AtA: 13862	cholCost: 75952	addCost: 9112	backsolveCost: 25432
node 73	AtA: 12114	cholCost: 156936	addCost: 14872	backsolveCost: 44017
node 74	AtA: 3884	cholCost: 102766	addCost: 31000	backsolveCost: 18312
node 75	AtA: 5614	cholCost: 362552	addCost: 47128	backsolveCost: 70237
node 76	AtA: 14736	cholCost: 444875	addCost: 53272	backsolveCost: 81525
node 77	AtA: 4922	cholCost: 366354	addCost: 70312	backsolveCost: 48264
node 78	AtA: 23476	cholCost: 74745	addCost: 4888	backsolveCost: 31323
node 79	AtA: 23476	cholCost: 74745	addCost: 4888	backsolveCost: 31323
node 80	AtA: 23476	cholCost: 74745	addCost: 4888	backsolveCost: 31323
node 81	AtA: 15610	cholCost: 88432	addCost: 11800	backsolveCost: 25735
node 82	AtA: 20854	cholCost: 53322	addCost: 4072	backsolveCost: 24624
node 83	AtA: 23476	cholCost: 74745	addCost: 4888	backsolveCost: 31323
node 84	AtA: 22602	cholCost: 156936	addCost: 14872	backsolveCost: 44017
node 85	AtA: 20854	cholCost: 53322	addCost: 4072	backsolveCost: 24624
node 86	AtA: 14736	cholCost: 31131	addCost: 2200	backsolveCost: 16002
node 87	AtA: 14736	cholCost: 31131	addCost: 2200	backsolveCost: 16002
node 88	AtA: 12988	cholCost: 40865	addCost: 4888	backsolveCost: 16464
node 89	AtA: 12988	cholCost: 40865	addCost: 4888	backsolveCost: 16464
node 90	AtA: 17358	cholCost: 68464	addCost: 6808	backsolveCost: 25129
node 91	AtA: 13862	cholCost: 88432	addCost: 11800	backsolveCost: 25735
node 92	AtA: 14736	cholCost: 31131	addCost: 2200	backsolveCost: 16002
node 93	AtA: 21728	cholCost: 74745	addCost: 4888	backsolveCost: 31323
node 94	AtA: 15610	cholCost: 32379	addCost: 2728	backsolveCost: 16079
node 95	AtA: 16484	cholCost: 45108	addCost: 5800	backsolveCost: 16541
node 96	AtA: 14736	cholCost: 31131	addCost: 2200	backsolveCost: 16002
node 97	AtA: 21728	cholCost: 74745	addCost: 4888	backsolveCost: 31323
node 98	AtA: 10366	cholCost: 69296	addCost: 7912	backsolveCost: 25230
node 99	AtA: 19980	cholCost: 157608	addCost: 13288	backsolveCost: 52280
node 100	AtA: 3884	cholCost: 86292	addCost: 24232	backsolveCost: 17927
node 101	AtA: 13862	cholCost: 262210	addCost: 26392	backsolveCost: 68161
node 102	AtA: 12114	cholCost: 255453	addCost: 35992	backsolveCost: 54813
node 103	AtA: 20854	cholCost: 53322	addCost: 4072	backsolveCost: 24624
node 104	AtA: 20854	cholCost: 53322	addCost: 4072	backsolveCost: 24624
node 105	AtA: 20854	cholCost: 53322	addCost: 4072	backsolveCost: 24624
node 106	AtA: 23476	cholCost: 138888	addCost: 10408	backsolveCost: 51833
node 107	AtA: 13862	cholCost: 101744	addCost: 16552	backsolveCost: 26139
node 108	AtA: 20854	cholCost: 53322	addCost: 4072	backsolveCost: 24624
node 109	AtA: 20854	cholCost: 53322	addCost: 4072	backsolveCost: 24624
node 110	AtA: 20854	cholCost: 53322	addCost: 4072	backsolveCost: 24624
node 111	AtA: 14736	cholCost: 119132	addCost: 13288	backsolveCost: 32453
node 112	AtA: 20854	cholCost: 53322	addCost: 4072	backsolveCost: 24624
node 113	AtA: 14736	cholCost: 31131	addCost: 2200	backsolveCost: 16002
node 114	AtA: 14736	cholCost: 31131	addCost: 2200	backsolveCost: 16002
node 115	AtA: 12988	cholCost: 40865	addCost: 4888	backsolveCost: 16464
node 116	AtA: 12988	cholCost: 40865	addCost: 4888	backsolveCost: 16464
node 117	AtA: 17358	cholCost: 68464	addCost: 6808	backsolveCost: 25129
node 118	AtA: 13862	cholCost: 88432	addCost: 11800	backsolveCost: 25735
node 119	AtA: 19980	cholCost: 52490	addCost: 3352	backsolveCost: 24523
node 120	AtA: 20854	cholCost: 53322	addCost: 4072	backsolveCost: 24624
node 121	AtA: 14736	cholCost: 31131	addCost: 2200	backsolveCost: 16002
node 122	AtA: 14736	cholCost: 31131	addCost: 2200	backsolveCost: 16002
node 123	AtA: 21728	cholCost: 74745	addCost: 4888	backsolveCost: 31323
node 124	AtA: 13862	cholCost: 68464	addCost: 6808	backsolveCost: 25129
node 125	AtA: 9492	cholCost: 52596	addCost: 9112	backsolveCost: 16926
node 126	AtA: 14736	cholCost: 107068	addCost: 11800	backsolveCost: 32340
node 127	AtA: 3884	cholCost: 85044	addCost: 22168	backsolveCost: 17850
node 128	AtA: 12988	cholCost: 213020	addCost: 26392	backsolveCost: 53919
node 129	AtA: 4576	cholCost: 197674	addCost: 35992	backsolveCost: 34374
node 130	AtA: 20854	cholCost: 53322	addCost: 4072	backsolveCost: 24624
node 131	AtA: 20854	cholCost: 53322	addCost: 4072	backsolveCost: 24624
node 132	AtA: 23476	cholCost: 138888	addCost: 10408	backsolveCost: 51833
node 133	AtA: 23476	cholCost: 74745	addCost: 4888	backsolveCost: 31323
node 134	AtA: 23476	cholCost: 74745	addCost: 4888	backsolveCost: 31323
node 135	AtA: 24350	cholCost: 157608	addCost: 13288	backsolveCost: 52280
node 136	AtA: 14736	cholCost: 31131	addCost: 2200	backsolveCost: 16002
node 137	AtA: 21728	cholCost: 74745	addCost: 4888	backsolveCost: 31323
node 138	AtA: 20854	cholCost: 53322	addCost: 4072	backsolveCost: 24624
node 139	AtA: 20854	cholCost: 53322	addCost: 4072	backsolveCost: 24624
node 140	AtA: 20854	cholCost: 53322	addCost: 4072	backsolveCost: 24624
node 141	AtA: 14736	cholCost: 119132	addCost: 13288	backsolveCost: 32453
node 142	AtA: 14736	cholCost: 133276	addCost: 18328	backsolveCost: 33018
node 143	AtA: 20854	cholCost: 53322	addCost: 4072	backsolveCost: 24624
node 144	AtA: 20854	cholCost: 53322	addCost: 4072	backsolveCost: 24624
node 145	AtA: 22602	cholCost: 149448	addCost: 13288	backsolveCost: 43743
node 146	AtA: 20854	cholCost: 53322	addCost: 4072	backsolveCost: 24624
node 147	AtA: 19228	cholCost: 10567	addCost: 4888	backsolveCost: 31323
node 148	AtA: 20854	cholCost: 57981	addCost: 4888	backsolveCost: 24826
node 149	AtA: 20854	cholCost: 53322	addCost: 4072	backsolveCost: 24624
node 150	AtA: 12114	cholCost: 106028	addCost: 10408	backsolveCost: 32114
node 151	AtA: 12114	cholCost: 158184	addCost: 16552	backsolveCost: 44154
node 152	AtA: 4230	cholCost: 123709	addCost: 24232	backsolveCost: 26745
node 153	AtA: 4922	cholCost: 230070	addCost: 33448	backsolveCost: 45798
node 154	AtA: 12114	cholCost: 425240	addCost: 50152	backsolveCost: 81155
node 155	AtA: 5960	cholCost: 508772	addCost: 66712	backsolveCost: 82635
node 156	AtA: 14736	cholCost: 682596	addCost: 66712	backsolveCost: 132952
node 157	AtA: 19800	cholCost: 2005152	addCost: 1192	backsolveCost: 1514090
node 158	AtA: 6870	cholCost: 16194	addCost: 1000	backsolveCost: 10977
node 159	AtA: -1	cholCost: 0	addCost: -1	backsolveCost: 1561

