cliques
72
node 0	AtA: 12236	cholCost: 2688	addCost: 2200	backsolveCost: 16002
node 1	AtA: 18354	cholCost: 5520	addCost: 2728	backsolveCost: 30758
node 2	AtA: 9614	cholCost: 7728	addCost: 4888	backsolveCost: 16464
node 3	AtA: 14858	cholCost: 13804	addCost: 6808	backsolveCost: 25129
node 4	AtA: 12236	cholCost: 2688	addCost: 2200	backsolveCost: 16002
node 5	AtA: 12236	cholCost: 2688	addCost: 2200	backsolveCost: 16002
node 6	AtA: 19228	cholCost: 10416	addCost: 4888	backsolveCost: 31323
node 7	AtA: 17480	cholCost: 6028	addCost: 3352	backsolveCost: 24523
node 8	AtA: 24350	cholCost: 88546	addCost: 4072	backsolveCost: 42099
node 9	AtA: 20976	cholCost: 10416	addCost: 4888	backsolveCost: 31323
node 10	AtA: 14736	cholCost: 32379	addCost: 2728	backsolveCost: 16079
node 11	AtA: 14736	cholCost: 32379	addCost: 2728	backsolveCost: 16079
node 12	AtA: 20854	cholCost: 74745	addCost: 4888	backsolveCost: 31323
node 13	AtA: 13862	cholCost: 68464	addCost: 6808	backsolveCost: 25129
node 14	AtA: 18354	cholCost: 8395	addCost: 4072	backsolveCost: 24624
node 15	AtA: 14736	cholCost: 32379	addCost: 2728	backsolveCost: 16079
node 16	AtA: 20854	cholCost: 74745	addCost: 4888	backsolveCost: 31323
node 17	AtA: 14736	cholCost: 31131	addCost: 2200	backsolveCost: 16002
node 18	AtA: 16484	cholCost: 52490	addCost: 3352	backsolveCost: 24523
node 19	AtA: 17358	cholCost: 57981	addCost: 4888	backsolveCost: 24826
node 20	AtA: 18232	cholCost: 52490	addCost: 3352	backsolveCost: 24523
node 21	AtA: 17358	cholCost: 57981	addCost: 4888	backsolveCost: 24826
node 22	AtA: 17358	cholCost: 68464	addCost: 6808	backsolveCost: 25129
node 23	AtA: 14736	cholCost: 31131	addCost: 2200	backsolveCost: 16002
node 24	AtA: 16484	cholCost: 52490	addCost: 3352	backsolveCost: 24523
node 25	AtA: 18232	cholCost: 52490	addCost: 3352	backsolveCost: 24523
node 26	AtA: 16484	cholCost: 57981	addCost: 4888	backsolveCost: 24826
node 27	AtA: 12988	cholCost: 40865	addCost: 4888	backsolveCost: 16464
node 28	AtA: 14736	cholCost: 31131	addCost: 2200	backsolveCost: 16002
node 29	AtA: 16484	cholCost: 52490	addCost: 3352	backsolveCost: 24523
node 30	AtA: 17358	cholCost: 57981	addCost: 4888	backsolveCost: 24826
node 31	AtA: 17358	cholCost: 68464	addCost: 6808	backsolveCost: 25129
node 32	AtA: 14736	cholCost: 32379	addCost: 2728	backsolveCost: 16079
node 33	AtA: 19980	cholCost: 74745	addCost: 4888	backsolveCost: 31323
node 34	AtA: 12988	cholCost: 40865	addCost: 4888	backsolveCost: 16464
node 35	AtA: 14736	cholCost: 31131	addCost: 2200	backsolveCost: 16002
node 36	AtA: 21728	cholCost: 74745	addCost: 4888	backsolveCost: 31323
node 37	AtA: 14736	cholCost: 32379	addCost: 2728	backsolveCost: 16079
node 38	AtA: 20854	cholCost: 74745	addCost: 4888	backsolveCost: 31323
node 39	AtA: 17358	cholCost: 68464	addCost: 6808	backsolveCost: 25129
node 40	AtA: 9614	cholCost: 7728	addCost: 4888	backsolveCost: 16464
node 41	AtA: 18232	cholCost: 52490	addCost: 3352	backsolveCost: 24523
node 42	AtA: 16484	cholCost: 57981	addCost: 4888	backsolveCost: 24826
node 43	AtA: 12988	cholCost: 40865	addCost: 4888	backsolveCost: 16464
node 44	AtA: 16484	cholCost: 52490	addCost: 3352	backsolveCost: 24523
node 45	AtA: 21728	cholCost: 85852	addCost: 6808	backsolveCost: 31662
node 46	AtA: 14736	cholCost: 32379	addCost: 2728	backsolveCost: 16079
node 47	AtA: 20854	cholCost: 74745	addCost: 4888	backsolveCost: 31323
node 48	AtA: 14736	cholCost: 32379	addCost: 2728	backsolveCost: 16079
node 49	AtA: 20854	cholCost: 74745	addCost: 4888	backsolveCost: 31323
node 50	AtA: 16484	cholCost: 57981	addCost: 4888	backsolveCost: 24826
node 51	AtA: 14736	cholCost: 31131	addCost: 2200	backsolveCost: 16002
node 52	AtA: 21728	cholCost: 74745	addCost: 4888	backsolveCost: 31323
node 53	AtA: 9492	cholCost: 52596	addCost: 9112	backsolveCost: 16926
node 54	AtA: 9492	cholCost: 125736	addCost: 10408	backsolveCost: 43332
node 55	AtA: 12114	cholCost: 125736	addCost: 10408	backsolveCost: 43332
node 56	AtA: 6870	cholCost: 58836	addCost: 10408	backsolveCost: 17003
node 57	AtA: 3884	cholCost: 58836	addCost: 10408	backsolveCost: 17003
node 58	AtA: 7744	cholCost: 81776	addCost: 10408	backsolveCost: 25533
node 59	AtA: 11240	cholCost: 106028	addCost: 10408	backsolveCost: 32114
node 60	AtA: 6870	cholCost: 58836	addCost: 10408	backsolveCost: 17003
node 61	AtA: 4230	cholCost: 81776	addCost: 10408	backsolveCost: 25533
node 62	AtA: 6870	cholCost: 58836	addCost: 10408	backsolveCost: 17003
node 63	AtA: 15610	cholCost: 125736	addCost: 10408	backsolveCost: 43332
node 64	AtA: 7744	cholCost: 81776	addCost: 10408	backsolveCost: 25533
node 65	AtA: 3884	cholCost: 58836	addCost: 10408	backsolveCost: 17003
node 66	AtA: 9492	cholCost: 125736	addCost: 10408	backsolveCost: 43332
node 67	AtA: 3884	cholCost: 64452	addCost: 11800	backsolveCost: 17157
node 68	AtA: 9492	cholCost: 110760	addCost: 6808	backsolveCost: 42784
node 69	AtA: 17358	cholCost: 122596	addCost: 1192	backsolveCost: 101117
node 70	AtA: 6870	cholCost: 16194	addCost: 1000	backsolveCost: 10977
node 71	AtA: -1	cholCost: 0	addCost: -1	backsolveCost: 1561

