cliques
173
node 0	AtA: 12236	cholCost: 0	addCost: 2200	backsolveCost: 16002
node 1	AtA: 12236	cholCost: 0	addCost: 2200	backsolveCost: 16002
node 2	AtA: 12236	cholCost: 2688	addCost: 2200	backsolveCost: 16002
node 3	AtA: 12236	cholCost: 2688	addCost: 2200	backsolveCost: 16002
node 4	AtA: 17480	cholCost: 6191	addCost: 3352	backsolveCost: 24523
node 5	AtA: 12236	cholCost: 2688	addCost: 2200	backsolveCost: 16002
node 6	AtA: 12236	cholCost: 2688	addCost: 2200	backsolveCost: 16002
node 7	AtA: 19228	cholCost: 10416	addCost: 4888	backsolveCost: 31323
node 8	AtA: 13984	cholCost: 6028	addCost: 3352	backsolveCost: 24523
node 9	AtA: 14858	cholCost: 9520	addCost: 4888	backsolveCost: 24826
node 10	AtA: 16606	cholCost: 0	addCost: 2728	backsolveCost: 24321
node 11	AtA: 8740	cholCost: 0	addCost: 4072	backsolveCost: 16310
node 12	AtA: 13110	cholCost: 0	addCost: 6808	backsolveCost: 16695
node 13	AtA: 18354	cholCost: 8268	addCost: 4072	backsolveCost: 24624
node 14	AtA: 12236	cholCost: 2688	addCost: 2200	backsolveCost: 16002
node 15	AtA: 13984	cholCost: 6028	addCost: 3352	backsolveCost: 24523
node 16	AtA: 14858	cholCost: 9520	addCost: 4888	backsolveCost: 24826
node 17	AtA: 14858	cholCost: 13804	addCost: 6808	backsolveCost: 25129
node 18	AtA: 12236	cholCost: 2688	addCost: 2200	backsolveCost: 16002
node 19	AtA: 19228	cholCost: 10561	addCost: 4888	backsolveCost: 31323
node 20	AtA: 12236	cholCost: 2688	addCost: 2200	backsolveCost: 16002
node 21	AtA: 13984	cholCost: 6028	addCost: 3352	backsolveCost: 24523
node 22	AtA: 20854	cholCost: 53322	addCost: 4072	backsolveCost: 24624
node 23	AtA: 20854	cholCost: 53322	addCost: 4072	backsolveCost: 24624
node 24	AtA: 20854	cholCost: 53322	addCost: 4072	backsolveCost: 24624
node 25	AtA: 14736	cholCost: 119132	addCost: 13288	backsolveCost: 32453
node 26	AtA: 19106	cholCost: 52490	addCost: 3352	backsolveCost: 24523
node 27	AtA: 21728	cholCost: 85852	addCost: 6808	backsolveCost: 31662
node 28	AtA: 20854	cholCost: 53322	addCost: 4072	backsolveCost: 24624
node 29	AtA: 20854	cholCost: 53322	addCost: 4072	backsolveCost: 24624
node 30	AtA: 21728	cholCost: 92924	addCost: 7912	backsolveCost: 31775
node 31	AtA: 13862	cholCost: 89264	addCost: 13288	backsolveCost: 25836
node 32	AtA: 20854	cholCost: 53322	addCost: 4072	backsolveCost: 24624
node 33	AtA: 20854	cholCost: 53322	addCost: 4072	backsolveCost: 24624
node 34	AtA: 20854	cholCost: 53322	addCost: 4072	backsolveCost: 24624
node 35	AtA: 12988	cholCost: 52596	addCost: 9112	backsolveCost: 16926
node 36	AtA: 12114	cholCost: 156936	addCost: 14872	backsolveCost: 44017
node 37	AtA: 15610	cholCost: 156936	addCost: 14872	backsolveCost: 44017
node 38	AtA: 20854	cholCost: 53322	addCost: 4072	backsolveCost: 24624
node 39	AtA: 20854	cholCost: 53322	addCost: 4072	backsolveCost: 24624
node 40	AtA: 12988	cholCost: 58836	addCost: 10408	backsolveCost: 17003
node 41	AtA: 20854	cholCost: 53322	addCost: 4072	backsolveCost: 24624
node 42	AtA: 20854	cholCost: 53322	addCost: 4072	backsolveCost: 24624
node 43	AtA: 20854	cholCost: 53322	addCost: 4072	backsolveCost: 24624
node 44	AtA: 4230	cholCost: 123709	addCost: 24232	backsolveCost: 26745
node 45	AtA: 20854	cholCost: 53322	addCost: 4072	backsolveCost: 24624
node 46	AtA: 20854	cholCost: 53322	addCost: 4072	backsolveCost: 24624
node 47	AtA: 22602	cholCost: 149448	addCost: 13288	backsolveCost: 43743
node 48	AtA: 20854	cholCost: 53322	addCost: 4072	backsolveCost: 24624
node 49	AtA: 20854	cholCost: 53322	addCost: 4072	backsolveCost: 24624
node 50	AtA: 21728	cholCost: 92924	addCost: 7912	backsolveCost: 31775
node 51	AtA: 19106	cholCost: 149448	addCost: 13288	backsolveCost: 43743
node 52	AtA: 3884	cholCost: 86292	addCost: 24232	backsolveCost: 17927
node 53	AtA: 14736	cholCost: 32379	addCost: 2728	backsolveCost: 16079
node 54	AtA: 19980	cholCost: 74745	addCost: 4888	backsolveCost: 31323
node 55	AtA: 12988	cholCost: 40865	addCost: 4888	backsolveCost: 16464
node 56	AtA: 20854	cholCost: 53322	addCost: 4072	backsolveCost: 24624
node 57	AtA: 14736	cholCost: 32379	addCost: 2728	backsolveCost: 16079
node 58	AtA: 19980	cholCost: 74745	addCost: 4888	backsolveCost: 31323
node 59	AtA: 12988	cholCost: 40865	addCost: 4888	backsolveCost: 16464
node 60	AtA: 13862	cholCost: 75952	addCost: 9112	backsolveCost: 25432
node 61	AtA: 11240	cholCost: 88432	addCost: 11800	backsolveCost: 25735
node 62	AtA: 20854	cholCost: 53322	addCost: 4072	backsolveCost: 24624
node 63	AtA: 20854	cholCost: 53322	addCost: 4072	backsolveCost: 24624
node 64	AtA: 14736	cholCost: 32379	addCost: 2728	backsolveCost: 16079
node 65	AtA: 20854	cholCost: 74745	addCost: 4888	backsolveCost: 31323
node 66	AtA: 20854	cholCost: 53322	addCost: 4072	backsolveCost: 24624
node 67	AtA: 13862	cholCost: 75952	addCost: 9112	backsolveCost: 25432
node 68	AtA: 3884	cholCost: 66324	addCost: 14872	backsolveCost: 17388
node 69	AtA: 12114	cholCost: 405937	addCost: 47128	backsolveCost: 80970
node 70	AtA: 7344	cholCost: 791124	addCost: 70312	backsolveCost: 147890
node 71	AtA: 20854	cholCost: 53322	addCost: 4072	backsolveCost: 24624
node 72	AtA: 20854	cholCost: 53322	addCost: 4072	backsolveCost: 24624
node 73	AtA: 20854	cholCost: 53322	addCost: 4072	backsolveCost: 24624
node 74	AtA: 22602	cholCost: 149448	addCost: 13288	backsolveCost: 43743
node 75	AtA: 13862	cholCost: 109232	addCost: 20200	backsolveCost: 26442
node 76	AtA: 10488	cholCost: 7728	addCost: 4888	backsolveCost: 16464
node 77	AtA: 12988	cholCost: 40865	addCost: 4888	backsolveCost: 16464
node 78	AtA: 13862	cholCost: 75952	addCost: 9112	backsolveCost: 25432
node 79	AtA: 20854	cholCost: 53322	addCost: 4072	backsolveCost: 24624
node 80	AtA: 20854	cholCost: 53322	addCost: 4072	backsolveCost: 24624
node 81	AtA: 13862	cholCost: 75952	addCost: 9112	backsolveCost: 25432
node 82	AtA: 13862	cholCost: 95920	addCost: 14872	backsolveCost: 26038
node 83	AtA: 5268	cholCost: 179573	addCost: 18328	backsolveCost: 53025
node 84	AtA: 12114	cholCost: 246544	addCost: 35992	backsolveCost: 46072
node 85	AtA: 20854	cholCost: 53322	addCost: 4072	backsolveCost: 24624
node 86	AtA: 20854	cholCost: 53322	addCost: 4072	backsolveCost: 24624
node 87	AtA: 20854	cholCost: 53322	addCost: 4072	backsolveCost: 24624
node 88	AtA: 20854	cholCost: 53322	addCost: 4072	backsolveCost: 24624
node 89	AtA: 23476	cholCost: 138888	addCost: 10408	backsolveCost: 51833
node 90	AtA: 3884	cholCost: 72564	addCost: 16552	backsolveCost: 17465
node 91	AtA: 20854	cholCost: 53322	addCost: 4072	backsolveCost: 24624
node 92	AtA: 20854	cholCost: 53322	addCost: 4072	backsolveCost: 24624
node 93	AtA: 21728	cholCost: 92924	addCost: 7912	backsolveCost: 31775
node 94	AtA: 13862	cholCost: 89264	addCost: 13288	backsolveCost: 25836
node 95	AtA: 20854	cholCost: 53322	addCost: 4072	backsolveCost: 24624
node 96	AtA: 20854	cholCost: 53322	addCost: 4072	backsolveCost: 24624
node 97	AtA: 20854	cholCost: 53322	addCost: 4072	backsolveCost: 24624
node 98	AtA: 16484	cholCost: 52490	addCost: 3352	backsolveCost: 24523
node 99	AtA: 12988	cholCost: 52596	addCost: 9112	backsolveCost: 16926
node 100	AtA: 3884	cholCost: 64452	addCost: 11800	backsolveCost: 17157
node 101	AtA: 3884	cholCost: 78180	addCost: 18328	backsolveCost: 17619
node 102	AtA: 3884	cholCost: 102766	addCost: 31000	backsolveCost: 18312
node 103	AtA: 4576	cholCost: 214772	addCost: 41368	backsolveCost: 34713
node 104	AtA: 20854	cholCost: 53322	addCost: 4072	backsolveCost: 24624
node 105	AtA: 20854	cholCost: 53322	addCost: 4072	backsolveCost: 24624
node 106	AtA: 20854	cholCost: 53322	addCost: 4072	backsolveCost: 24624
node 107	AtA: 20854	cholCost: 53322	addCost: 4072	backsolveCost: 24624
node 108	AtA: 22602	cholCost: 149448	addCost: 13288	backsolveCost: 43743
node 109	AtA: 11240	cholCost: 140348	addCost: 20200	backsolveCost: 33131
node 110	AtA: 24350	cholCost: 84812	addCost: 5800	backsolveCost: 31436
node 111	AtA: 7866	cholCost: 18880	addCost: 9112	backsolveCost: 25432
node 112	AtA: 11240	cholCost: 88432	addCost: 11800	backsolveCost: 25735
node 113	AtA: 20854	cholCost: 53322	addCost: 4072	backsolveCost: 24624
node 114	AtA: 20854	cholCost: 53322	addCost: 4072	backsolveCost: 24624
node 115	AtA: 19980	cholCost: 52490	addCost: 3352	backsolveCost: 24523
node 116	AtA: 22602	cholCost: 138216	addCost: 11800	backsolveCost: 43606
node 117	AtA: 12988	cholCost: 85044	addCost: 22168	backsolveCost: 17850
node 118	AtA: 4576	cholCost: 163478	addCost: 26392	backsolveCost: 33696
node 119	AtA: 4576	cholCost: 214772	addCost: 41368	backsolveCost: 34713
node 120	AtA: 5960	cholCost: 508772	addCost: 66712	backsolveCost: 82635
node 121	AtA: 20854	cholCost: 53322	addCost: 4072	backsolveCost: 24624
node 122	AtA: 20854	cholCost: 53322	addCost: 4072	backsolveCost: 24624
node 123	AtA: 14736	cholCost: 32379	addCost: 2728	backsolveCost: 16079
node 124	AtA: 20854	cholCost: 74745	addCost: 4888	backsolveCost: 31323
node 125	AtA: 14736	cholCost: 32379	addCost: 2728	backsolveCost: 16079
node 126	AtA: 20854	cholCost: 74745	addCost: 4888	backsolveCost: 31323
node 127	AtA: 8618	cholCost: 125164	addCost: 14872	backsolveCost: 32679
node 128	AtA: 20854	cholCost: 53322	addCost: 4072	backsolveCost: 24624
node 129	AtA: 20854	cholCost: 53322	addCost: 4072	backsolveCost: 24624
node 130	AtA: 18232	cholCost: 52490	addCost: 3352	backsolveCost: 24523
node 131	AtA: 17358	cholCost: 57981	addCost: 4888	backsolveCost: 24826
node 132	AtA: 20854	cholCost: 53322	addCost: 4072	backsolveCost: 24624
node 133	AtA: 18232	cholCost: 52490	addCost: 3352	backsolveCost: 24523
node 134	AtA: 17358	cholCost: 57981	addCost: 4888	backsolveCost: 24826
node 135	AtA: 7744	cholCost: 75952	addCost: 9112	backsolveCost: 25432
node 136	AtA: 3884	cholCost: 66324	addCost: 14872	backsolveCost: 17388
node 137	AtA: 8618	cholCost: 153369	addCost: 22168	backsolveCost: 33357
node 138	AtA: 23476	cholCost: 74745	addCost: 4888	backsolveCost: 31323
node 139	AtA: 23476	cholCost: 74745	addCost: 4888	backsolveCost: 31323
node 140	AtA: 26098	cholCost: 182836	addCost: 11800	backsolveCost: 66085
node 141	AtA: 20854	cholCost: 53322	addCost: 4072	backsolveCost: 24624
node 142	AtA: 20854	cholCost: 53322	addCost: 4072	backsolveCost: 24624
node 143	AtA: 21728	cholCost: 92924	addCost: 7912	backsolveCost: 31775
node 144	AtA: 19106	cholCost: 149448	addCost: 13288	backsolveCost: 43743
node 145	AtA: 10366	cholCost: 132362	addCost: 26392	backsolveCost: 26947
node 146	AtA: 23476	cholCost: 74745	addCost: 4888	backsolveCost: 31323
node 147	AtA: 23476	cholCost: 74745	addCost: 4888	backsolveCost: 31323
node 148	AtA: 24350	cholCost: 157608	addCost: 13288	backsolveCost: 52280
node 149	AtA: 23476	cholCost: 74745	addCost: 4888	backsolveCost: 31323
node 150	AtA: 23476	cholCost: 74745	addCost: 4888	backsolveCost: 31323
node 151	AtA: 15610	cholCost: 88432	addCost: 11800	backsolveCost: 25735
node 152	AtA: 20854	cholCost: 53322	addCost: 4072	backsolveCost: 24624
node 153	AtA: 18232	cholCost: 52490	addCost: 3352	backsolveCost: 24523
node 154	AtA: 17358	cholCost: 57981	addCost: 4888	backsolveCost: 24826
node 155	AtA: 14736	cholCost: 32379	addCost: 2728	backsolveCost: 16079
node 156	AtA: 22602	cholCost: 70710	addCost: 4072	backsolveCost: 31097
node 157	AtA: 11240	cholCost: 45108	addCost: 5800	backsolveCost: 16541
node 158	AtA: 20854	cholCost: 53322	addCost: 4072	backsolveCost: 24624
node 159	AtA: 14736	cholCost: 32379	addCost: 2728	backsolveCost: 16079
node 160	AtA: 20854	cholCost: 74745	addCost: 4888	backsolveCost: 31323
node 161	AtA: 12988	cholCost: 125736	addCost: 10408	backsolveCost: 43332
node 162	AtA: 7744	cholCost: 101744	addCost: 16552	backsolveCost: 26139
node 163	AtA: 6870	cholCost: 93905	addCost: 26392	backsolveCost: 18081
node 164	AtA: 8618	cholCost: 180576	addCost: 31000	backsolveCost: 34035
node 165	AtA: 9492	cholCost: 301208	addCost: 50152	backsolveCost: 47031
node 166	AtA: 9492	cholCost: 366354	addCost: 70312	backsolveCost: 48264
node 167	AtA: 16484	cholCost: 1001276	addCost: 89752	backsolveCost: 172972
node 168	AtA: 6998	cholCost: 825117	addCost: 89752	backsolveCost: 135157
node 169	AtA: 26098	cholCost: 1340653	addCost: 38632	backsolveCost: 446597
node 170	AtA: 31342	cholCost: 767216	addCost: 1192	backsolveCost: 637427
node 171	AtA: 6870	cholCost: 16194	addCost: 1000	backsolveCost: 10977
node 172	AtA: -1	cholCost: 0	addCost: -1	backsolveCost: 1561

