cliques
156
node 0	AtA: 14858	cholCost: 3328	addCost: 2200	backsolveCost: 24220
node 1	AtA: 11362	cholCost: 4884	addCost: 3352	backsolveCost: 16233
node 2	AtA: 12236	cholCost: 2688	addCost: 2200	backsolveCost: 16002
node 3	AtA: 17480	cholCost: 6155	addCost: 3352	backsolveCost: 24523
node 4	AtA: 18354	cholCost: 8395	addCost: 4072	backsolveCost: 24624
node 5	AtA: 12236	cholCost: 2688	addCost: 2200	backsolveCost: 16002
node 6	AtA: 19228	cholCost: 10543	addCost: 4888	backsolveCost: 31323
node 7	AtA: 13984	cholCost: 26155	addCost: 9112	backsolveCost: 51684
node 8	AtA: 11362	cholCost: 6708	addCost: 4072	backsolveCost: 16310
node 9	AtA: 18354	cholCost: 8268	addCost: 4072	backsolveCost: 24624
node 10	AtA: 12236	cholCost: 2688	addCost: 2200	backsolveCost: 16002
node 11	AtA: 12236	cholCost: 2688	addCost: 2200	backsolveCost: 16002
node 12	AtA: 13984	cholCost: 6028	addCost: 3352	backsolveCost: 24523
node 13	AtA: 14858	cholCost: 9695	addCost: 4888	backsolveCost: 24826
node 14	AtA: 12236	cholCost: 2688	addCost: 2200	backsolveCost: 16002
node 15	AtA: 19228	cholCost: 10555	addCost: 4888	backsolveCost: 31323
node 16	AtA: 12236	cholCost: 2688	addCost: 2200	backsolveCost: 16002
node 17	AtA: 12236	cholCost: 2688	addCost: 2200	backsolveCost: 16002
node 18	AtA: 12236	cholCost: 2688	addCost: 2200	backsolveCost: 16002
node 19	AtA: 18354	cholCost: 8268	addCost: 4072	backsolveCost: 24624
node 20	AtA: 18354	cholCost: 8401	addCost: 4072	backsolveCost: 24624
node 21	AtA: 18354	cholCost: 8268	addCost: 4072	backsolveCost: 24624
node 22	AtA: 18354	cholCost: 8268	addCost: 4072	backsolveCost: 24624
node 23	AtA: 18354	cholCost: 8425	addCost: 4072	backsolveCost: 24624
node 24	AtA: 18354	cholCost: 8425	addCost: 4072	backsolveCost: 24624
node 25	AtA: 18354	cholCost: 8268	addCost: 4072	backsolveCost: 24624
node 26	AtA: 18354	cholCost: 8268	addCost: 4072	backsolveCost: 24624
node 27	AtA: 20854	cholCost: 53322	addCost: 4072	backsolveCost: 24624
node 28	AtA: 20854	cholCost: 53322	addCost: 4072	backsolveCost: 24624
node 29	AtA: 20854	cholCost: 53322	addCost: 4072	backsolveCost: 24624
node 30	AtA: 14736	cholCost: 119132	addCost: 13288	backsolveCost: 32453
node 31	AtA: 20854	cholCost: 53322	addCost: 4072	backsolveCost: 24624
node 32	AtA: 20854	cholCost: 53322	addCost: 4072	backsolveCost: 24624
node 33	AtA: 14736	cholCost: 31131	addCost: 2200	backsolveCost: 16002
node 34	AtA: 21728	cholCost: 74745	addCost: 4888	backsolveCost: 31323
node 35	AtA: 14736	cholCost: 125164	addCost: 14872	backsolveCost: 32679
node 36	AtA: 3884	cholCost: 93905	addCost: 26392	backsolveCost: 18081
node 37	AtA: 20854	cholCost: 53322	addCost: 4072	backsolveCost: 24624
node 38	AtA: 20854	cholCost: 53322	addCost: 4072	backsolveCost: 24624
node 39	AtA: 20854	cholCost: 53322	addCost: 4072	backsolveCost: 24624
node 40	AtA: 20854	cholCost: 53322	addCost: 4072	backsolveCost: 24624
node 41	AtA: 23476	cholCost: 138888	addCost: 10408	backsolveCost: 51833
node 42	AtA: 3884	cholCost: 72564	addCost: 16552	backsolveCost: 17465
node 43	AtA: 20854	cholCost: 53322	addCost: 4072	backsolveCost: 24624
node 44	AtA: 20854	cholCost: 53322	addCost: 4072	backsolveCost: 24624
node 45	AtA: 23476	cholCost: 138888	addCost: 10408	backsolveCost: 51833
node 46	AtA: 14736	cholCost: 32379	addCost: 2728	backsolveCost: 16079
node 47	AtA: 20854	cholCost: 74745	addCost: 4888	backsolveCost: 31323
node 48	AtA: 20854	cholCost: 53322	addCost: 4072	backsolveCost: 24624
node 49	AtA: 21728	cholCost: 65635	addCost: 3352	backsolveCost: 30984
node 50	AtA: 12988	cholCost: 52596	addCost: 9112	backsolveCost: 16926
node 51	AtA: 6870	cholCost: 52596	addCost: 9112	backsolveCost: 16926
node 52	AtA: 4576	cholCost: 214772	addCost: 41368	backsolveCost: 34713
node 53	AtA: 20854	cholCost: 53322	addCost: 4072	backsolveCost: 24624
node 54	AtA: 14736	cholCost: 32379	addCost: 2728	backsolveCost: 16079
node 55	AtA: 20854	cholCost: 74745	addCost: 4888	backsolveCost: 31323
node 56	AtA: 18232	cholCost: 52490	addCost: 3352	backsolveCost: 24523
node 57	AtA: 16484	cholCost: 57981	addCost: 4888	backsolveCost: 24826
node 58	AtA: 12988	cholCost: 40865	addCost: 4888	backsolveCost: 16464
node 59	AtA: 17358	cholCost: 150120	addCost: 11800	backsolveCost: 52131
node 60	AtA: 20854	cholCost: 53322	addCost: 4072	backsolveCost: 24624
node 61	AtA: 20854	cholCost: 53322	addCost: 4072	backsolveCost: 24624
node 62	AtA: 14736	cholCost: 32379	addCost: 2728	backsolveCost: 16079
node 63	AtA: 20854	cholCost: 74745	addCost: 4888	backsolveCost: 31323
node 64	AtA: 20854	cholCost: 53322	addCost: 4072	backsolveCost: 24624
node 65	AtA: 18232	cholCost: 52490	addCost: 3352	backsolveCost: 24523
node 66	AtA: 17358	cholCost: 57981	addCost: 4888	backsolveCost: 24826
node 67	AtA: 7744	cholCost: 75952	addCost: 9112	backsolveCost: 25432
node 68	AtA: 3884	cholCost: 66324	addCost: 14872	backsolveCost: 17388
node 69	AtA: 7744	cholCost: 115888	addCost: 22168	backsolveCost: 26644
node 70	AtA: 20854	cholCost: 53322	addCost: 4072	backsolveCost: 24624
node 71	AtA: 20854	cholCost: 53322	addCost: 4072	backsolveCost: 24624
node 72	AtA: 22602	cholCost: 149448	addCost: 13288	backsolveCost: 43743
node 73	AtA: 20854	cholCost: 53322	addCost: 4072	backsolveCost: 24624
node 74	AtA: 20854	cholCost: 53322	addCost: 4072	backsolveCost: 24624
node 75	AtA: 23476	cholCost: 138888	addCost: 10408	backsolveCost: 51833
node 76	AtA: 9492	cholCost: 102142	addCost: 28648	backsolveCost: 18158
node 77	AtA: 20854	cholCost: 53322	addCost: 4072	backsolveCost: 24624
node 78	AtA: 16484	cholCost: 52490	addCost: 3352	backsolveCost: 24523
node 79	AtA: 17358	cholCost: 57981	addCost: 4888	backsolveCost: 24826
node 80	AtA: 13862	cholCost: 75952	addCost: 9112	backsolveCost: 25432
node 81	AtA: 20854	cholCost: 53322	addCost: 4072	backsolveCost: 24624
node 82	AtA: 12236	cholCost: 2688	addCost: 2200	backsolveCost: 16002
node 83	AtA: 21728	cholCost: 74745	addCost: 4888	backsolveCost: 31323
node 84	AtA: 16484	cholCost: 150120	addCost: 11800	backsolveCost: 52131
node 85	AtA: 11240	cholCost: 133276	addCost: 18328	backsolveCost: 33018
node 86	AtA: 5268	cholCost: 230742	addCost: 31000	backsolveCost: 54366
node 87	AtA: 4230	cholCost: 205580	addCost: 56488	backsolveCost: 28563
node 88	AtA: 12236	cholCost: 11455	addCost: 6808	backsolveCost: 16695
node 89	AtA: 20854	cholCost: 53322	addCost: 4072	backsolveCost: 24624
node 90	AtA: 20854	cholCost: 53322	addCost: 4072	backsolveCost: 24624
node 91	AtA: 23476	cholCost: 138888	addCost: 10408	backsolveCost: 51833
node 92	AtA: 23476	cholCost: 74745	addCost: 4888	backsolveCost: 31323
node 93	AtA: 23476	cholCost: 74745	addCost: 4888	backsolveCost: 31323
node 94	AtA: 15610	cholCost: 88432	addCost: 11800	backsolveCost: 25735
node 95	AtA: 10366	cholCost: 115888	addCost: 22168	backsolveCost: 26644
node 96	AtA: 20854	cholCost: 53322	addCost: 4072	backsolveCost: 24624
node 97	AtA: 20854	cholCost: 53322	addCost: 4072	backsolveCost: 24624
node 98	AtA: 20854	cholCost: 53322	addCost: 4072	backsolveCost: 24624
node 99	AtA: 21728	cholCost: 74745	addCost: 4888	backsolveCost: 31323
node 100	AtA: 21728	cholCost: 74745	addCost: 4888	backsolveCost: 31323
node 101	AtA: 20854	cholCost: 53322	addCost: 4072	backsolveCost: 24624
node 102	AtA: 13862	cholCost: 75952	addCost: 9112	backsolveCost: 25432
node 103	AtA: 4230	cholCost: 95920	addCost: 14872	backsolveCost: 26038
node 104	AtA: 5268	cholCost: 195298	addCost: 22168	backsolveCost: 53472
node 105	AtA: 4576	cholCost: 206743	addCost: 38632	backsolveCost: 34487
node 106	AtA: 13862	cholCost: 427475	addCost: 38632	backsolveCost: 97143
node 107	AtA: 20854	cholCost: 53322	addCost: 4072	backsolveCost: 24624
node 108	AtA: 12988	cholCost: 58836	addCost: 10408	backsolveCost: 17003
node 109	AtA: 19228	cholCost: 10416	addCost: 4888	backsolveCost: 31323
node 110	AtA: 16484	cholCost: 52490	addCost: 3352	backsolveCost: 24523
node 111	AtA: 21728	cholCost: 85852	addCost: 6808	backsolveCost: 31662
node 112	AtA: 10366	cholCost: 75952	addCost: 9112	backsolveCost: 25432
node 113	AtA: 10366	cholCost: 109232	addCost: 20200	backsolveCost: 26442
node 114	AtA: 20854	cholCost: 53322	addCost: 4072	backsolveCost: 24624
node 115	AtA: 20854	cholCost: 53322	addCost: 4072	backsolveCost: 24624
node 116	AtA: 12988	cholCost: 58836	addCost: 10408	backsolveCost: 17003
node 117	AtA: 20854	cholCost: 53322	addCost: 4072	backsolveCost: 24624
node 118	AtA: 20854	cholCost: 53322	addCost: 4072	backsolveCost: 24624
node 119	AtA: 12988	cholCost: 58836	addCost: 10408	backsolveCost: 17003
node 120	AtA: 13862	cholCost: 101744	addCost: 16552	backsolveCost: 26139
node 121	AtA: 3884	cholCost: 86292	addCost: 24232	backsolveCost: 17927
node 122	AtA: 4230	cholCost: 175627	addCost: 44200	backsolveCost: 27957
node 123	AtA: 20854	cholCost: 53322	addCost: 4072	backsolveCost: 24624
node 124	AtA: 12988	cholCost: 58836	addCost: 10408	backsolveCost: 17003
node 125	AtA: 23476	cholCost: 74745	addCost: 4888	backsolveCost: 31323
node 126	AtA: 23476	cholCost: 74745	addCost: 4888	backsolveCost: 31323
node 127	AtA: 7744	cholCost: 85044	addCost: 22168	backsolveCost: 17850
node 128	AtA: 20854	cholCost: 53322	addCost: 4072	backsolveCost: 24624
node 129	AtA: 12988	cholCost: 58836	addCost: 10408	backsolveCost: 17003
node 130	AtA: 18232	cholCost: 52490	addCost: 3352	backsolveCost: 24523
node 131	AtA: 17358	cholCost: 57981	addCost: 4888	backsolveCost: 24826
node 132	AtA: 4922	cholCost: 165672	addCost: 18328	backsolveCost: 44428
node 133	AtA: 10488	cholCost: 18613	addCost: 10408	backsolveCost: 17003
node 134	AtA: 20854	cholCost: 53322	addCost: 4072	backsolveCost: 24624
node 135	AtA: 3884	cholCost: 72564	addCost: 16552	backsolveCost: 17465
node 136	AtA: 20854	cholCost: 53322	addCost: 4072	backsolveCost: 24624
node 137	AtA: 14736	cholCost: 32379	addCost: 2728	backsolveCost: 16079
node 138	AtA: 22602	cholCost: 70710	addCost: 4072	backsolveCost: 31097
node 139	AtA: 11240	cholCost: 45108	addCost: 5800	backsolveCost: 16541
node 140	AtA: 17358	cholCost: 69296	addCost: 7912	backsolveCost: 25230
node 141	AtA: 9492	cholCost: 58836	addCost: 10408	backsolveCost: 17003
node 142	AtA: 18232	cholCost: 52490	addCost: 3352	backsolveCost: 24523
node 143	AtA: 16484	cholCost: 57981	addCost: 4888	backsolveCost: 24826
node 144	AtA: 18232	cholCost: 52490	addCost: 3352	backsolveCost: 24523
node 145	AtA: 17358	cholCost: 57981	addCost: 4888	backsolveCost: 24826
node 146	AtA: 20854	cholCost: 126408	addCost: 9112	backsolveCost: 51684
node 147	AtA: 11240	cholCost: 263666	addCost: 28648	backsolveCost: 68334
node 148	AtA: 9492	cholCost: 254781	addCost: 38632	backsolveCost: 46209
node 149	AtA: 4922	cholCost: 312690	addCost: 53272	backsolveCost: 47305
node 150	AtA: 15610	cholCost: 649482	addCost: 63208	backsolveCost: 132462
node 151	AtA: 16484	cholCost: 701808	addCost: 59800	backsolveCost: 146862
node 152	AtA: 19980	cholCost: 905774	addCost: 44200	backsolveCost: 255366
node 153	AtA: 37460	cholCost: 1158338	addCost: 1192	backsolveCost: 941970
node 154	AtA: 6870	cholCost: 16194	addCost: 1000	backsolveCost: 10977
node 155	AtA: -1	cholCost: 0	addCost: -1	backsolveCost: 1561

