cliques
56
node 0	AtA: 14736	cholCost: 31131	addCost: 2200	backsolveCost: 16002
node 1	AtA: 16484	cholCost: 52490	addCost: 3352	backsolveCost: 24523
node 2	AtA: 14736	cholCost: 31131	addCost: 2200	backsolveCost: 16002
node 3	AtA: 16484	cholCost: 52490	addCost: 3352	backsolveCost: 24523
node 4	AtA: 19980	cholCost: 52490	addCost: 3352	backsolveCost: 24523
node 5	AtA: 19106	cholCost: 52490	addCost: 3352	backsolveCost: 24523
node 6	AtA: 14736	cholCost: 31131	addCost: 2200	backsolveCost: 16002
node 7	AtA: 21728	cholCost: 74745	addCost: 4888	backsolveCost: 31323
node 8	AtA: 14736	cholCost: 31131	addCost: 2200	backsolveCost: 16002
node 9	AtA: 21728	cholCost: 74745	addCost: 4888	backsolveCost: 31323
node 10	AtA: 9492	cholCost: 51972	addCost: 7912	backsolveCost: 16772
node 11	AtA: 18232	cholCost: 177632	addCost: 7912	backsolveCost: 75605
node 12	AtA: 14736	cholCost: 31131	addCost: 2200	backsolveCost: 16002
node 13	AtA: 21728	cholCost: 74745	addCost: 4888	backsolveCost: 31323
node 14	AtA: 14736	cholCost: 31131	addCost: 2200	backsolveCost: 16002
node 15	AtA: 16484	cholCost: 52490	addCost: 3352	backsolveCost: 24523
node 16	AtA: 13862	cholCost: 69296	addCost: 7912	backsolveCost: 25230
node 17	AtA: 14736	cholCost: 31131	addCost: 2200	backsolveCost: 16002
node 18	AtA: 14736	cholCost: 31131	addCost: 2200	backsolveCost: 16002
node 19	AtA: 12988	cholCost: 40865	addCost: 4888	backsolveCost: 16464
node 20	AtA: 12988	cholCost: 40865	addCost: 4888	backsolveCost: 16464
node 21	AtA: 14736	cholCost: 31131	addCost: 2200	backsolveCost: 16002
node 22	AtA: 21728	cholCost: 74745	addCost: 4888	backsolveCost: 31323
node 23	AtA: 14736	cholCost: 32379	addCost: 2728	backsolveCost: 16079
node 24	AtA: 17358	cholCost: 53322	addCost: 4072	backsolveCost: 24624
node 25	AtA: 14736	cholCost: 31131	addCost: 2200	backsolveCost: 16002
node 26	AtA: 20854	cholCost: 64595	addCost: 2728	backsolveCost: 30758
node 27	AtA: 12114	cholCost: 40865	addCost: 4888	backsolveCost: 16464
node 28	AtA: 10366	cholCost: 45732	addCost: 6808	backsolveCost: 16695
node 29	AtA: 14736	cholCost: 31131	addCost: 2200	backsolveCost: 16002
node 30	AtA: 18232	cholCost: 52490	addCost: 3352	backsolveCost: 24523
node 31	AtA: 14736	cholCost: 31131	addCost: 2200	backsolveCost: 16002
node 32	AtA: 14736	cholCost: 32379	addCost: 2728	backsolveCost: 16079
node 33	AtA: 14736	cholCost: 31131	addCost: 2200	backsolveCost: 16002
node 34	AtA: 14736	cholCost: 32379	addCost: 2728	backsolveCost: 16079
node 35	AtA: 14736	cholCost: 32379	addCost: 2728	backsolveCost: 16079
node 36	AtA: 14736	cholCost: 31131	addCost: 2200	backsolveCost: 16002
node 37	AtA: 14736	cholCost: 32379	addCost: 2728	backsolveCost: 16079
node 38	AtA: 14736	cholCost: 31131	addCost: 2200	backsolveCost: 16002
node 39	AtA: 21728	cholCost: 100277	addCost: 5800	backsolveCost: 42510
node 40	AtA: 14736	cholCost: 84812	addCost: 5800	backsolveCost: 31436
node 41	AtA: 14736	cholCost: 84812	addCost: 5800	backsolveCost: 31436
node 42	AtA: 14736	cholCost: 84812	addCost: 5800	backsolveCost: 31436
node 43	AtA: 14736	cholCost: 84812	addCost: 5800	backsolveCost: 31436
node 44	AtA: 14736	cholCost: 84812	addCost: 5800	backsolveCost: 31436
node 45	AtA: 14736	cholCost: 84812	addCost: 5800	backsolveCost: 31436
node 46	AtA: 11240	cholCost: 61808	addCost: 5800	backsolveCost: 24927
node 47	AtA: 14736	cholCost: 84812	addCost: 5800	backsolveCost: 31436
node 48	AtA: 7744	cholCost: 68464	addCost: 6808	backsolveCost: 25129
node 49	AtA: 3884	cholCost: 45732	addCost: 6808	backsolveCost: 16695
node 50	AtA: 3884	cholCost: 45732	addCost: 6808	backsolveCost: 16695
node 51	AtA: 12988	cholCost: 45732	addCost: 6808	backsolveCost: 16695
node 52	AtA: 12988	cholCost: 117672	addCost: 6808	backsolveCost: 51237
node 53	AtA: 27846	cholCost: 306412	addCost: 1192	backsolveCost: 260345
node 54	AtA: 6870	cholCost: 16194	addCost: 1000	backsolveCost: 10977
node 55	AtA: -1	cholCost: 0	addCost: -1	backsolveCost: 1561

