cliques
172
node 0	AtA: 12236	cholCost: 0	addCost: 2200	backsolveCost: 16002
node 1	AtA: 12236	cholCost: 0	addCost: 2200	backsolveCost: 16002
node 2	AtA: 12236	cholCost: 2688	addCost: 2200	backsolveCost: 16002
node 3	AtA: 12236	cholCost: 0	addCost: 2200	backsolveCost: 16002
node 4	AtA: 13984	cholCost: 6028	addCost: 3352	backsolveCost: 24523
node 5	AtA: 14858	cholCost: 9520	addCost: 4888	backsolveCost: 24826
node 6	AtA: 16606	cholCost: 5040	addCost: 2728	backsolveCost: 24321
node 7	AtA: 8740	cholCost: 6708	addCost: 4072	backsolveCost: 16310
node 8	AtA: 13110	cholCost: 11220	addCost: 6808	backsolveCost: 16695
node 9	AtA: 12236	cholCost: 2688	addCost: 2200	backsolveCost: 16002
node 10	AtA: 18354	cholCost: 8443	addCost: 4072	backsolveCost: 24624
node 11	AtA: 13984	cholCost: 6028	addCost: 3352	backsolveCost: 24523
node 12	AtA: 7866	cholCost: 19043	addCost: 9112	backsolveCost: 25432
node 13	AtA: 18354	cholCost: 8401	addCost: 4072	backsolveCost: 24624
node 14	AtA: 17480	cholCost: 6161	addCost: 3352	backsolveCost: 24523
node 15	AtA: 20102	cholCost: 31787	addCost: 11800	backsolveCost: 43606
node 16	AtA: 23476	cholCost: 74745	addCost: 4888	backsolveCost: 31323
node 17	AtA: 20854	cholCost: 53322	addCost: 4072	backsolveCost: 24624
node 18	AtA: 20854	cholCost: 53322	addCost: 4072	backsolveCost: 24624
node 19	AtA: 23476	cholCost: 138888	addCost: 10408	backsolveCost: 51833
node 20	AtA: 13862	cholCost: 108400	addCost: 18328	backsolveCost: 26341
node 21	AtA: 23476	cholCost: 74745	addCost: 4888	backsolveCost: 31323
node 22	AtA: 14736	cholCost: 32379	addCost: 2728	backsolveCost: 16079
node 23	AtA: 18232	cholCost: 52490	addCost: 3352	backsolveCost: 24523
node 24	AtA: 17358	cholCost: 57981	addCost: 4888	backsolveCost: 24826
node 25	AtA: 13862	cholCost: 68464	addCost: 6808	backsolveCost: 25129
node 26	AtA: 12988	cholCost: 45732	addCost: 6808	backsolveCost: 16695
node 27	AtA: 13862	cholCost: 89264	addCost: 13288	backsolveCost: 25836
node 28	AtA: 20854	cholCost: 53322	addCost: 4072	backsolveCost: 24624
node 29	AtA: 20854	cholCost: 53322	addCost: 4072	backsolveCost: 24624
node 30	AtA: 19980	cholCost: 52490	addCost: 3352	backsolveCost: 24523
node 31	AtA: 14736	cholCost: 31131	addCost: 2200	backsolveCost: 16002
node 32	AtA: 13862	cholCost: 40241	addCost: 4072	backsolveCost: 16310
node 33	AtA: 17358	cholCost: 61808	addCost: 5800	backsolveCost: 24927
node 34	AtA: 19106	cholCost: 125736	addCost: 10408	backsolveCost: 43332
node 35	AtA: 7744	cholCost: 95920	addCost: 14872	backsolveCost: 26038
node 36	AtA: 9492	cholCost: 140348	addCost: 20200	backsolveCost: 33131
node 37	AtA: 16484	cholCost: 52490	addCost: 3352	backsolveCost: 24523
node 38	AtA: 20854	cholCost: 53322	addCost: 4072	backsolveCost: 24624
node 39	AtA: 14736	cholCost: 31131	addCost: 2200	backsolveCost: 16002
node 40	AtA: 21728	cholCost: 74745	addCost: 4888	backsolveCost: 31323
node 41	AtA: 16484	cholCost: 126408	addCost: 9112	backsolveCost: 51684
node 42	AtA: 20854	cholCost: 53322	addCost: 4072	backsolveCost: 24624
node 43	AtA: 20854	cholCost: 53322	addCost: 4072	backsolveCost: 24624
node 44	AtA: 20854	cholCost: 53322	addCost: 4072	backsolveCost: 24624
node 45	AtA: 20854	cholCost: 53322	addCost: 4072	backsolveCost: 24624
node 46	AtA: 4230	cholCost: 89264	addCost: 13288	backsolveCost: 25836
node 47	AtA: 9492	cholCost: 93905	addCost: 26392	backsolveCost: 18081
node 48	AtA: 20854	cholCost: 53322	addCost: 4072	backsolveCost: 24624
node 49	AtA: 20854	cholCost: 53322	addCost: 4072	backsolveCost: 24624
node 50	AtA: 12988	cholCost: 58836	addCost: 10408	backsolveCost: 17003
node 51	AtA: 20854	cholCost: 53322	addCost: 4072	backsolveCost: 24624
node 52	AtA: 20854	cholCost: 53322	addCost: 4072	backsolveCost: 24624
node 53	AtA: 12988	cholCost: 58836	addCost: 10408	backsolveCost: 17003
node 54	AtA: 14736	cholCost: 31131	addCost: 2200	backsolveCost: 16002
node 55	AtA: 21728	cholCost: 74745	addCost: 4888	backsolveCost: 31323
node 56	AtA: 12236	cholCost: 2688	addCost: 2200	backsolveCost: 16002
node 57	AtA: 21728	cholCost: 74745	addCost: 4888	backsolveCost: 31323
node 58	AtA: 20854	cholCost: 53322	addCost: 4072	backsolveCost: 24624
node 59	AtA: 13862	cholCost: 75952	addCost: 9112	backsolveCost: 25432
node 60	AtA: 9492	cholCost: 66324	addCost: 14872	backsolveCost: 17388
node 61	AtA: 4230	cholCost: 108400	addCost: 18328	backsolveCost: 26341
node 62	AtA: 3884	cholCost: 93905	addCost: 26392	backsolveCost: 18081
node 63	AtA: 4922	cholCost: 283985	addCost: 47128	backsolveCost: 46894
node 64	AtA: 20854	cholCost: 53322	addCost: 4072	backsolveCost: 24624
node 65	AtA: 20854	cholCost: 53322	addCost: 4072	backsolveCost: 24624
node 66	AtA: 23476	cholCost: 138888	addCost: 10408	backsolveCost: 51833
node 67	AtA: 20854	cholCost: 53322	addCost: 4072	backsolveCost: 24624
node 68	AtA: 20854	cholCost: 53322	addCost: 4072	backsolveCost: 24624
node 69	AtA: 20854	cholCost: 53322	addCost: 4072	backsolveCost: 24624
node 70	AtA: 23476	cholCost: 138888	addCost: 10408	backsolveCost: 51833
node 71	AtA: 13862	cholCost: 101744	addCost: 16552	backsolveCost: 26139
node 72	AtA: 20854	cholCost: 53322	addCost: 4072	backsolveCost: 24624
node 73	AtA: 20854	cholCost: 53322	addCost: 4072	backsolveCost: 24624
node 74	AtA: 21728	cholCost: 65635	addCost: 3352	backsolveCost: 30984
node 75	AtA: 21728	cholCost: 85852	addCost: 6808	backsolveCost: 31662
node 76	AtA: 20854	cholCost: 53322	addCost: 4072	backsolveCost: 24624
node 77	AtA: 18232	cholCost: 52490	addCost: 3352	backsolveCost: 24523
node 78	AtA: 17358	cholCost: 57981	addCost: 4888	backsolveCost: 24826
node 79	AtA: 12988	cholCost: 138216	addCost: 11800	backsolveCost: 43606
node 80	AtA: 3884	cholCost: 78180	addCost: 18328	backsolveCost: 17619
node 81	AtA: 18232	cholCost: 52490	addCost: 3352	backsolveCost: 24523
node 82	AtA: 17358	cholCost: 57981	addCost: 4888	backsolveCost: 24826
node 83	AtA: 18232	cholCost: 52490	addCost: 3352	backsolveCost: 24523
node 84	AtA: 17358	cholCost: 57981	addCost: 4888	backsolveCost: 24826
node 85	AtA: 20854	cholCost: 53322	addCost: 4072	backsolveCost: 24624
node 86	AtA: 20854	cholCost: 53322	addCost: 4072	backsolveCost: 24624
node 87	AtA: 21728	cholCost: 92924	addCost: 7912	backsolveCost: 31775
node 88	AtA: 19106	cholCost: 149448	addCost: 13288	backsolveCost: 43743
node 89	AtA: 7744	cholCost: 115888	addCost: 22168	backsolveCost: 26644
node 90	AtA: 9492	cholCost: 228822	addCost: 31000	backsolveCost: 45661
node 91	AtA: 5960	cholCost: 444875	addCost: 53272	backsolveCost: 81525
node 92	AtA: 6652	cholCost: 620052	addCost: 70312	backsolveCost: 113051
node 93	AtA: 20854	cholCost: 53322	addCost: 4072	backsolveCost: 24624
node 94	AtA: 20854	cholCost: 53322	addCost: 4072	backsolveCost: 24624
node 95	AtA: 22602	cholCost: 149448	addCost: 13288	backsolveCost: 43743
node 96	AtA: 20854	cholCost: 53322	addCost: 4072	backsolveCost: 24624
node 97	AtA: 20854	cholCost: 53322	addCost: 4072	backsolveCost: 24624
node 98	AtA: 23476	cholCost: 138888	addCost: 10408	backsolveCost: 51833
node 99	AtA: 23476	cholCost: 74745	addCost: 4888	backsolveCost: 31323
node 100	AtA: 23476	cholCost: 74745	addCost: 4888	backsolveCost: 31323
node 101	AtA: 12988	cholCost: 65700	addCost: 13288	backsolveCost: 17234
node 102	AtA: 4576	cholCost: 223841	addCost: 44200	backsolveCost: 34826
node 103	AtA: 20854	cholCost: 53322	addCost: 4072	backsolveCost: 24624
node 104	AtA: 20854	cholCost: 57981	addCost: 4888	backsolveCost: 24826
node 105	AtA: 16484	cholCost: 178901	addCost: 20200	backsolveCost: 44565
node 106	AtA: 23476	cholCost: 74745	addCost: 4888	backsolveCost: 31323
node 107	AtA: 20854	cholCost: 53322	addCost: 4072	backsolveCost: 24624
node 108	AtA: 12988	cholCost: 64452	addCost: 11800	backsolveCost: 17157
node 109	AtA: 20854	cholCost: 53322	addCost: 4072	backsolveCost: 24624
node 110	AtA: 20854	cholCost: 53322	addCost: 4072	backsolveCost: 24624
node 111	AtA: 13984	cholCost: 6028	addCost: 3352	backsolveCost: 24523
node 112	AtA: 12988	cholCost: 52596	addCost: 9112	backsolveCost: 16926
node 113	AtA: 20854	cholCost: 53322	addCost: 4072	backsolveCost: 24624
node 114	AtA: 19980	cholCost: 52490	addCost: 3352	backsolveCost: 24523
node 115	AtA: 12988	cholCost: 52596	addCost: 9112	backsolveCost: 16926
node 116	AtA: 3884	cholCost: 66324	addCost: 14872	backsolveCost: 17388
node 117	AtA: 15610	cholCost: 156936	addCost: 14872	backsolveCost: 44017
node 118	AtA: 3884	cholCost: 86292	addCost: 24232	backsolveCost: 17927
node 119	AtA: 9492	cholCost: 254781	addCost: 38632	backsolveCost: 46209
node 120	AtA: 13862	cholCost: 489137	addCost: 63208	backsolveCost: 82265
node 121	AtA: 20854	cholCost: 53322	addCost: 4072	backsolveCost: 24624
node 122	AtA: 20854	cholCost: 53322	addCost: 4072	backsolveCost: 24624
node 123	AtA: 22602	cholCost: 149448	addCost: 13288	backsolveCost: 43743
node 124	AtA: 20854	cholCost: 53322	addCost: 4072	backsolveCost: 24624
node 125	AtA: 20854	cholCost: 53322	addCost: 4072	backsolveCost: 24624
node 126	AtA: 20854	cholCost: 53322	addCost: 4072	backsolveCost: 24624
node 127	AtA: 14736	cholCost: 119132	addCost: 13288	backsolveCost: 32453
node 128	AtA: 20854	cholCost: 53322	addCost: 4072	backsolveCost: 24624
node 129	AtA: 14736	cholCost: 125164	addCost: 14872	backsolveCost: 32679
node 130	AtA: 14736	cholCost: 31131	addCost: 2200	backsolveCost: 16002
node 131	AtA: 21728	cholCost: 74745	addCost: 4888	backsolveCost: 31323
node 132	AtA: 20854	cholCost: 53322	addCost: 4072	backsolveCost: 24624
node 133	AtA: 11240	cholCost: 98956	addCost: 9112	backsolveCost: 32001
node 134	AtA: 4576	cholCost: 163478	addCost: 26392	backsolveCost: 33696
node 135	AtA: 13862	cholCost: 438555	addCost: 66712	backsolveCost: 71794
node 136	AtA: 20854	cholCost: 53322	addCost: 4072	backsolveCost: 24624
node 137	AtA: 20854	cholCost: 53322	addCost: 4072	backsolveCost: 24624
node 138	AtA: 23476	cholCost: 138888	addCost: 10408	backsolveCost: 51833
node 139	AtA: 20854	cholCost: 53322	addCost: 4072	backsolveCost: 24624
node 140	AtA: 20854	cholCost: 53322	addCost: 4072	backsolveCost: 24624
node 141	AtA: 20854	cholCost: 53322	addCost: 4072	backsolveCost: 24624
node 142	AtA: 20854	cholCost: 53322	addCost: 4072	backsolveCost: 24624
node 143	AtA: 20854	cholCost: 53322	addCost: 4072	backsolveCost: 24624
node 144	AtA: 4576	cholCost: 140348	addCost: 20200	backsolveCost: 33131
node 145	AtA: 10366	cholCost: 149668	addCost: 33448	backsolveCost: 27351
node 146	AtA: 20854	cholCost: 53322	addCost: 4072	backsolveCost: 24624
node 147	AtA: 20854	cholCost: 53322	addCost: 4072	backsolveCost: 24624
node 148	AtA: 18232	cholCost: 52490	addCost: 3352	backsolveCost: 24523
node 149	AtA: 17358	cholCost: 57981	addCost: 4888	backsolveCost: 24826
node 150	AtA: 20854	cholCost: 53322	addCost: 4072	backsolveCost: 24624
node 151	AtA: 18232	cholCost: 52490	addCost: 3352	backsolveCost: 24523
node 152	AtA: 17358	cholCost: 57981	addCost: 4888	backsolveCost: 24826
node 153	AtA: 7744	cholCost: 75952	addCost: 9112	backsolveCost: 25432
node 154	AtA: 3884	cholCost: 66324	addCost: 14872	backsolveCost: 17388
node 155	AtA: 20854	cholCost: 53322	addCost: 4072	backsolveCost: 24624
node 156	AtA: 14736	cholCost: 32379	addCost: 2728	backsolveCost: 16079
node 157	AtA: 19980	cholCost: 74745	addCost: 4888	backsolveCost: 31323
node 158	AtA: 12988	cholCost: 40865	addCost: 4888	backsolveCost: 16464
node 159	AtA: 20854	cholCost: 53322	addCost: 4072	backsolveCost: 24624
node 160	AtA: 14736	cholCost: 32379	addCost: 2728	backsolveCost: 16079
node 161	AtA: 20854	cholCost: 74745	addCost: 4888	backsolveCost: 31323
node 162	AtA: 6870	cholCost: 64452	addCost: 11800	backsolveCost: 17157
node 163	AtA: 19106	cholCost: 165672	addCost: 18328	backsolveCost: 44428
node 164	AtA: 6870	cholCost: 111627	addCost: 35992	backsolveCost: 18543
node 165	AtA: 5614	cholCost: 375906	addCost: 53272	backsolveCost: 70756
node 166	AtA: 7344	cholCost: 828938	addCost: 77800	backsolveCost: 148661
node 167	AtA: 8728	cholCost: 1097270	addCost: 74008	backsolveCost: 232050
node 168	AtA: 24350	cholCost: 1181198	addCost: 38632	backsolveCost: 384650
node 169	AtA: 32216	cholCost: 724592	addCost: 1192	backsolveCost: 606102
node 170	AtA: 6870	cholCost: 16194	addCost: 1000	backsolveCost: 10977
node 171	AtA: -1	cholCost: 0	addCost: -1	backsolveCost: 1561

