cliques
94
node 0	AtA: 12236	cholCost: 0	addCost: 2200	backsolveCost: 16002
node 1	AtA: 18354	cholCost: 5520	addCost: 2728	backsolveCost: 30758
node 2	AtA: 9614	cholCost: 7728	addCost: 4888	backsolveCost: 16464
node 3	AtA: 11362	cholCost: 10111	addCost: 5800	backsolveCost: 16541
node 4	AtA: 17480	cholCost: 6155	addCost: 3352	backsolveCost: 24523
node 5	AtA: 12236	cholCost: 0	addCost: 2200	backsolveCost: 16002
node 6	AtA: 12236	cholCost: 2688	addCost: 2200	backsolveCost: 16002
node 7	AtA: 18354	cholCost: 26059	addCost: 9112	backsolveCost: 51684
node 8	AtA: 12236	cholCost: 2688	addCost: 2200	backsolveCost: 16002
node 9	AtA: 19228	cholCost: 10416	addCost: 4888	backsolveCost: 31323
node 10	AtA: 13984	cholCost: 6028	addCost: 3352	backsolveCost: 24523
node 11	AtA: 18354	cholCost: 8268	addCost: 4072	backsolveCost: 24624
node 12	AtA: 18354	cholCost: 8401	addCost: 4072	backsolveCost: 24624
node 13	AtA: 18354	cholCost: 8268	addCost: 4072	backsolveCost: 24624
node 14	AtA: 12236	cholCost: 2688	addCost: 2200	backsolveCost: 16002
node 15	AtA: 13984	cholCost: 6028	addCost: 3352	backsolveCost: 24523
node 16	AtA: 20854	cholCost: 53322	addCost: 4072	backsolveCost: 24624
node 17	AtA: 19106	cholCost: 52490	addCost: 3352	backsolveCost: 24523
node 18	AtA: 12236	cholCost: 2688	addCost: 2200	backsolveCost: 16002
node 19	AtA: 16484	cholCost: 52490	addCost: 3352	backsolveCost: 24523
node 20	AtA: 17358	cholCost: 57981	addCost: 4888	backsolveCost: 24826
node 21	AtA: 17358	cholCost: 68464	addCost: 6808	backsolveCost: 25129
node 22	AtA: 13862	cholCost: 88432	addCost: 11800	backsolveCost: 25735
node 23	AtA: 12236	cholCost: 2688	addCost: 2200	backsolveCost: 16002
node 24	AtA: 21728	cholCost: 74745	addCost: 4888	backsolveCost: 31323
node 25	AtA: 13984	cholCost: 6028	addCost: 3352	backsolveCost: 24523
node 26	AtA: 21728	cholCost: 85852	addCost: 6808	backsolveCost: 31662
node 27	AtA: 9492	cholCost: 64452	addCost: 11800	backsolveCost: 17157
node 28	AtA: 14736	cholCost: 31131	addCost: 2200	backsolveCost: 16002
node 29	AtA: 21728	cholCost: 74745	addCost: 4888	backsolveCost: 31323
node 30	AtA: 19980	cholCost: 52490	addCost: 3352	backsolveCost: 24523
node 31	AtA: 21728	cholCost: 85852	addCost: 6808	backsolveCost: 31662
node 32	AtA: 20854	cholCost: 53322	addCost: 4072	backsolveCost: 24624
node 33	AtA: 20854	cholCost: 53322	addCost: 4072	backsolveCost: 24624
node 34	AtA: 19106	cholCost: 124488	addCost: 9112	backsolveCost: 43195
node 35	AtA: 13862	cholCost: 95920	addCost: 14872	backsolveCost: 26038
node 36	AtA: 4922	cholCost: 178901	addCost: 20200	backsolveCost: 44565
node 37	AtA: 12236	cholCost: 2688	addCost: 2200	backsolveCost: 16002
node 38	AtA: 19228	cholCost: 10549	addCost: 4888	backsolveCost: 31323
node 39	AtA: 14736	cholCost: 31131	addCost: 2200	backsolveCost: 16002
node 40	AtA: 14736	cholCost: 31131	addCost: 2200	backsolveCost: 16002
node 41	AtA: 21728	cholCost: 74745	addCost: 4888	backsolveCost: 31323
node 42	AtA: 13862	cholCost: 68464	addCost: 6808	backsolveCost: 25129
node 43	AtA: 12114	cholCost: 138216	addCost: 11800	backsolveCost: 43606
node 44	AtA: 20854	cholCost: 53322	addCost: 4072	backsolveCost: 24624
node 45	AtA: 13984	cholCost: 9520	addCost: 4888	backsolveCost: 24826
node 46	AtA: 20854	cholCost: 53322	addCost: 4072	backsolveCost: 24624
node 47	AtA: 14736	cholCost: 31131	addCost: 2200	backsolveCost: 16002
node 48	AtA: 21728	cholCost: 74745	addCost: 4888	backsolveCost: 31323
node 49	AtA: 19106	cholCost: 124488	addCost: 9112	backsolveCost: 43195
node 50	AtA: 10366	cholCost: 88432	addCost: 11800	backsolveCost: 25735
node 51	AtA: 9492	cholCost: 66324	addCost: 14872	backsolveCost: 17388
node 52	AtA: 4230	cholCost: 109232	addCost: 20200	backsolveCost: 26442
node 53	AtA: 14736	cholCost: 31131	addCost: 2200	backsolveCost: 16002
node 54	AtA: 16484	cholCost: 52490	addCost: 3352	backsolveCost: 24523
node 55	AtA: 17358	cholCost: 57981	addCost: 4888	backsolveCost: 24826
node 56	AtA: 13862	cholCost: 75952	addCost: 9112	backsolveCost: 25432
node 57	AtA: 20854	cholCost: 53322	addCost: 4072	backsolveCost: 24624
node 58	AtA: 14736	cholCost: 31131	addCost: 2200	backsolveCost: 16002
node 59	AtA: 14736	cholCost: 31131	addCost: 2200	backsolveCost: 16002
node 60	AtA: 12988	cholCost: 40865	addCost: 4888	backsolveCost: 16464
node 61	AtA: 12988	cholCost: 40865	addCost: 4888	backsolveCost: 16464
node 62	AtA: 13862	cholCost: 75952	addCost: 9112	backsolveCost: 25432
node 63	AtA: 20854	cholCost: 53322	addCost: 4072	backsolveCost: 24624
node 64	AtA: 12988	cholCost: 52596	addCost: 9112	backsolveCost: 16926
node 65	AtA: 18354	cholCost: 8268	addCost: 4072	backsolveCost: 24624
node 66	AtA: 14736	cholCost: 32379	addCost: 2728	backsolveCost: 16079
node 67	AtA: 17358	cholCost: 53322	addCost: 4072	backsolveCost: 24624
node 68	AtA: 12988	cholCost: 58836	addCost: 10408	backsolveCost: 17003
node 69	AtA: 12236	cholCost: 11359	addCost: 6808	backsolveCost: 16695
node 70	AtA: 23476	cholCost: 74745	addCost: 4888	backsolveCost: 31323
node 71	AtA: 9492	cholCost: 125164	addCost: 14872	backsolveCost: 32679
node 72	AtA: 7744	cholCost: 108400	addCost: 18328	backsolveCost: 26341
node 73	AtA: 19980	cholCost: 52490	addCost: 3352	backsolveCost: 24523
node 74	AtA: 20854	cholCost: 53322	addCost: 4072	backsolveCost: 24624
node 75	AtA: 14736	cholCost: 32379	addCost: 2728	backsolveCost: 16079
node 76	AtA: 20854	cholCost: 74745	addCost: 4888	backsolveCost: 31323
node 77	AtA: 13862	cholCost: 75952	addCost: 9112	backsolveCost: 25432
node 78	AtA: 20854	cholCost: 53322	addCost: 4072	backsolveCost: 24624
node 79	AtA: 14736	cholCost: 32379	addCost: 2728	backsolveCost: 16079
node 80	AtA: 19980	cholCost: 74745	addCost: 4888	backsolveCost: 31323
node 81	AtA: 12988	cholCost: 40865	addCost: 4888	backsolveCost: 16464
node 82	AtA: 7744	cholCost: 95920	addCost: 14872	backsolveCost: 26038
node 83	AtA: 14736	cholCost: 132236	addCost: 16552	backsolveCost: 32792
node 84	AtA: 11240	cholCost: 220526	addCost: 18328	backsolveCost: 67123
node 85	AtA: 4576	cholCost: 133276	addCost: 18328	backsolveCost: 33018
node 86	AtA: 4576	cholCost: 133276	addCost: 18328	backsolveCost: 33018
node 87	AtA: 4576	cholCost: 133276	addCost: 18328	backsolveCost: 33018
node 88	AtA: 5960	cholCost: 248186	addCost: 18328	backsolveCost: 77640
node 89	AtA: 5960	cholCost: 248186	addCost: 18328	backsolveCost: 77640
node 90	AtA: 5614	cholCost: 169940	addCost: 10408	backsolveCost: 65739
node 91	AtA: 27846	cholCost: 306412	addCost: 1192	backsolveCost: 260345
node 92	AtA: 6870	cholCost: 16194	addCost: 1000	backsolveCost: 10977
node 93	AtA: -1	cholCost: 0	addCost: -1	backsolveCost: 1561

