cliques
170
node 0	AtA: 12236	cholCost: 2688	addCost: 2200	backsolveCost: 16002
node 1	AtA: 18354	cholCost: 0	addCost: 2728	backsolveCost: 30758
node 2	AtA: 9614	cholCost: 7728	addCost: 4888	backsolveCost: 16464
node 3	AtA: 12236	cholCost: 2688	addCost: 2200	backsolveCost: 16002
node 4	AtA: 13984	cholCost: 6028	addCost: 3352	backsolveCost: 24523
node 5	AtA: 12236	cholCost: 2688	addCost: 2200	backsolveCost: 16002
node 6	AtA: 19228	cholCost: 10416	addCost: 4888	backsolveCost: 31323
node 7	AtA: 18354	cholCost: 0	addCost: 4072	backsolveCost: 24624
node 8	AtA: 16606	cholCost: 24299	addCost: 9112	backsolveCost: 43195
node 9	AtA: 11362	cholCost: 9984	addCost: 5800	backsolveCost: 16541
node 10	AtA: 12236	cholCost: 2688	addCost: 2200	backsolveCost: 16002
node 11	AtA: 12236	cholCost: 2688	addCost: 2200	backsolveCost: 16002
node 12	AtA: 10488	cholCost: 7728	addCost: 4888	backsolveCost: 16464
node 13	AtA: 10488	cholCost: 7728	addCost: 4888	backsolveCost: 16464
node 14	AtA: 12236	cholCost: 0	addCost: 2200	backsolveCost: 16002
node 15	AtA: 19228	cholCost: 0	addCost: 4888	backsolveCost: 31323
node 16	AtA: 6992	cholCost: 18613	addCost: 10408	backsolveCost: 17003
node 17	AtA: 12236	cholCost: 2688	addCost: 2200	backsolveCost: 16002
node 18	AtA: 18354	cholCost: 8268	addCost: 4072	backsolveCost: 24624
node 19	AtA: 20854	cholCost: 53322	addCost: 4072	backsolveCost: 24624
node 20	AtA: 20854	cholCost: 53322	addCost: 4072	backsolveCost: 24624
node 21	AtA: 23476	cholCost: 138888	addCost: 10408	backsolveCost: 51833
node 22	AtA: 21728	cholCost: 65635	addCost: 3352	backsolveCost: 30984
node 23	AtA: 20854	cholCost: 53322	addCost: 4072	backsolveCost: 24624
node 24	AtA: 20854	cholCost: 53322	addCost: 4072	backsolveCost: 24624
node 25	AtA: 13862	cholCost: 95920	addCost: 14872	backsolveCost: 26038
node 26	AtA: 20854	cholCost: 53322	addCost: 4072	backsolveCost: 24624
node 27	AtA: 20854	cholCost: 53322	addCost: 4072	backsolveCost: 24624
node 28	AtA: 14736	cholCost: 32379	addCost: 2728	backsolveCost: 16079
node 29	AtA: 20854	cholCost: 74745	addCost: 4888	backsolveCost: 31323
node 30	AtA: 14736	cholCost: 32379	addCost: 2728	backsolveCost: 16079
node 31	AtA: 14736	cholCost: 32379	addCost: 2728	backsolveCost: 16079
node 32	AtA: 20854	cholCost: 74745	addCost: 4888	backsolveCost: 31323
node 33	AtA: 13862	cholCost: 68464	addCost: 6808	backsolveCost: 25129
node 34	AtA: 15610	cholCost: 107068	addCost: 11800	backsolveCost: 32340
node 35	AtA: 4230	cholCost: 95920	addCost: 14872	backsolveCost: 26038
node 36	AtA: 20854	cholCost: 53322	addCost: 4072	backsolveCost: 24624
node 37	AtA: 20854	cholCost: 53322	addCost: 4072	backsolveCost: 24624
node 38	AtA: 22602	cholCost: 149448	addCost: 13288	backsolveCost: 43743
node 39	AtA: 20854	cholCost: 53322	addCost: 4072	backsolveCost: 24624
node 40	AtA: 14736	cholCost: 32379	addCost: 2728	backsolveCost: 16079
node 41	AtA: 20854	cholCost: 74745	addCost: 4888	backsolveCost: 31323
node 42	AtA: 14736	cholCost: 32379	addCost: 2728	backsolveCost: 16079
node 43	AtA: 20854	cholCost: 74745	addCost: 4888	backsolveCost: 31323
node 44	AtA: 17358	cholCost: 150120	addCost: 11800	backsolveCost: 52131
node 45	AtA: 3884	cholCost: 85044	addCost: 22168	backsolveCost: 17850
node 46	AtA: 8618	cholCost: 180576	addCost: 31000	backsolveCost: 34035
node 47	AtA: 20854	cholCost: 53322	addCost: 4072	backsolveCost: 24624
node 48	AtA: 14736	cholCost: 119132	addCost: 13288	backsolveCost: 32453
node 49	AtA: 20854	cholCost: 53322	addCost: 4072	backsolveCost: 24624
node 50	AtA: 20854	cholCost: 53322	addCost: 4072	backsolveCost: 24624
node 51	AtA: 23476	cholCost: 138888	addCost: 10408	backsolveCost: 51833
node 52	AtA: 20854	cholCost: 53322	addCost: 4072	backsolveCost: 24624
node 53	AtA: 20854	cholCost: 53322	addCost: 4072	backsolveCost: 24624
node 54	AtA: 20854	cholCost: 53322	addCost: 4072	backsolveCost: 24624
node 55	AtA: 14736	cholCost: 119132	addCost: 13288	backsolveCost: 32453
node 56	AtA: 20854	cholCost: 53322	addCost: 4072	backsolveCost: 24624
node 57	AtA: 20854	cholCost: 53322	addCost: 4072	backsolveCost: 24624
node 58	AtA: 20854	cholCost: 53322	addCost: 4072	backsolveCost: 24624
node 59	AtA: 14736	cholCost: 31131	addCost: 2200	backsolveCost: 16002
node 60	AtA: 16484	cholCost: 52490	addCost: 3352	backsolveCost: 24523
node 61	AtA: 17358	cholCost: 57981	addCost: 4888	backsolveCost: 24826
node 62	AtA: 13862	cholCost: 75952	addCost: 9112	backsolveCost: 25432
node 63	AtA: 3884	cholCost: 66324	addCost: 14872	backsolveCost: 17388
node 64	AtA: 7344	cholCost: 613907	addCost: 44200	backsolveCost: 144806
node 65	AtA: 20854	cholCost: 53322	addCost: 4072	backsolveCost: 24624
node 66	AtA: 20854	cholCost: 53322	addCost: 4072	backsolveCost: 24624
node 67	AtA: 20854	cholCost: 53322	addCost: 4072	backsolveCost: 24624
node 68	AtA: 20854	cholCost: 53322	addCost: 4072	backsolveCost: 24624
node 69	AtA: 12988	cholCost: 58836	addCost: 10408	backsolveCost: 17003
node 70	AtA: 3884	cholCost: 72564	addCost: 16552	backsolveCost: 17465
node 71	AtA: 20854	cholCost: 53322	addCost: 4072	backsolveCost: 24624
node 72	AtA: 20854	cholCost: 53322	addCost: 4072	backsolveCost: 24624
node 73	AtA: 22602	cholCost: 149448	addCost: 13288	backsolveCost: 43743
node 74	AtA: 20854	cholCost: 53322	addCost: 4072	backsolveCost: 24624
node 75	AtA: 14736	cholCost: 31131	addCost: 2200	backsolveCost: 16002
node 76	AtA: 21728	cholCost: 74745	addCost: 4888	backsolveCost: 31323
node 77	AtA: 17358	cholCost: 68464	addCost: 6808	backsolveCost: 25129
node 78	AtA: 13862	cholCost: 88432	addCost: 11800	backsolveCost: 25735
node 79	AtA: 11240	cholCost: 153369	addCost: 22168	backsolveCost: 33357
node 80	AtA: 10366	cholCost: 184280	addCost: 47128	backsolveCost: 28159
node 81	AtA: 20854	cholCost: 53322	addCost: 4072	backsolveCost: 24624
node 82	AtA: 20854	cholCost: 53322	addCost: 4072	backsolveCost: 24624
node 83	AtA: 23476	cholCost: 138888	addCost: 10408	backsolveCost: 51833
node 84	AtA: 18232	cholCost: 52490	addCost: 3352	backsolveCost: 24523
node 85	AtA: 17358	cholCost: 57981	addCost: 4888	backsolveCost: 24826
node 86	AtA: 20854	cholCost: 53322	addCost: 4072	backsolveCost: 24624
node 87	AtA: 21728	cholCost: 92924	addCost: 7912	backsolveCost: 31775
node 88	AtA: 9492	cholCost: 64452	addCost: 11800	backsolveCost: 17157
node 89	AtA: 14736	cholCost: 31131	addCost: 2200	backsolveCost: 16002
node 90	AtA: 21728	cholCost: 74745	addCost: 4888	backsolveCost: 31323
node 91	AtA: 14736	cholCost: 51972	addCost: 7912	backsolveCost: 16772
node 92	AtA: 23476	cholCost: 74745	addCost: 4888	backsolveCost: 31323
node 93	AtA: 14736	cholCost: 31131	addCost: 2200	backsolveCost: 16002
node 94	AtA: 15732	cholCost: 6028	addCost: 3352	backsolveCost: 24523
node 95	AtA: 12114	cholCost: 45108	addCost: 5800	backsolveCost: 16541
node 96	AtA: 12988	cholCost: 45108	addCost: 5800	backsolveCost: 16541
node 97	AtA: 14736	cholCost: 88432	addCost: 11800	backsolveCost: 25735
node 98	AtA: 12988	cholCost: 149448	addCost: 13288	backsolveCost: 43743
node 99	AtA: 6870	cholCost: 86292	addCost: 24232	backsolveCost: 17927
node 100	AtA: 4230	cholCost: 133194	addCost: 28648	backsolveCost: 27048
node 101	AtA: 23476	cholCost: 74745	addCost: 4888	backsolveCost: 31323
node 102	AtA: 23476	cholCost: 74745	addCost: 4888	backsolveCost: 31323
node 103	AtA: 20854	cholCost: 53322	addCost: 4072	backsolveCost: 24624
node 104	AtA: 20854	cholCost: 53322	addCost: 4072	backsolveCost: 24624
node 105	AtA: 23476	cholCost: 138888	addCost: 10408	backsolveCost: 51833
node 106	AtA: 7744	cholCost: 85044	addCost: 22168	backsolveCost: 17850
node 107	AtA: 23476	cholCost: 74745	addCost: 4888	backsolveCost: 31323
node 108	AtA: 23476	cholCost: 74745	addCost: 4888	backsolveCost: 31323
node 109	AtA: 20854	cholCost: 57981	addCost: 4888	backsolveCost: 24826
node 110	AtA: 17358	cholCost: 57981	addCost: 4888	backsolveCost: 24826
node 111	AtA: 4230	cholCost: 101744	addCost: 16552	backsolveCost: 26139
node 112	AtA: 12114	cholCost: 178901	addCost: 20200	backsolveCost: 44565
node 113	AtA: 9492	cholCost: 206743	addCost: 38632	backsolveCost: 34487
node 114	AtA: 8618	cholCost: 306210	addCost: 70312	backsolveCost: 36182
node 115	AtA: 18354	cholCost: 8268	addCost: 4072	backsolveCost: 24624
node 116	AtA: 12988	cholCost: 58836	addCost: 10408	backsolveCost: 17003
node 117	AtA: 20854	cholCost: 53322	addCost: 4072	backsolveCost: 24624
node 118	AtA: 14736	cholCost: 32379	addCost: 2728	backsolveCost: 16079
node 119	AtA: 19980	cholCost: 74745	addCost: 4888	backsolveCost: 31323
node 120	AtA: 12988	cholCost: 40865	addCost: 4888	backsolveCost: 16464
node 121	AtA: 13862	cholCost: 75952	addCost: 9112	backsolveCost: 25432
node 122	AtA: 20854	cholCost: 53322	addCost: 4072	backsolveCost: 24624
node 123	AtA: 20854	cholCost: 53322	addCost: 4072	backsolveCost: 24624
node 124	AtA: 23476	cholCost: 138888	addCost: 10408	backsolveCost: 51833
node 125	AtA: 20854	cholCost: 53322	addCost: 4072	backsolveCost: 24624
node 126	AtA: 20854	cholCost: 53322	addCost: 4072	backsolveCost: 24624
node 127	AtA: 20854	cholCost: 53322	addCost: 4072	backsolveCost: 24624
node 128	AtA: 12988	cholCost: 58836	addCost: 10408	backsolveCost: 17003
node 129	AtA: 11240	cholCost: 172547	addCost: 28648	backsolveCost: 33809
node 130	AtA: 4922	cholCost: 312690	addCost: 53272	backsolveCost: 47305
node 131	AtA: 20854	cholCost: 53322	addCost: 4072	backsolveCost: 24624
node 132	AtA: 20854	cholCost: 53322	addCost: 4072	backsolveCost: 24624
node 133	AtA: 23476	cholCost: 138888	addCost: 10408	backsolveCost: 51833
node 134	AtA: 20854	cholCost: 53322	addCost: 4072	backsolveCost: 24624
node 135	AtA: 20854	cholCost: 53322	addCost: 4072	backsolveCost: 24624
node 136	AtA: 20854	cholCost: 53322	addCost: 4072	backsolveCost: 24624
node 137	AtA: 14736	cholCost: 119132	addCost: 13288	backsolveCost: 32453
node 138	AtA: 9492	cholCost: 102142	addCost: 28648	backsolveCost: 18158
node 139	AtA: 20854	cholCost: 53322	addCost: 4072	backsolveCost: 24624
node 140	AtA: 12236	cholCost: 2688	addCost: 2200	backsolveCost: 16002
node 141	AtA: 12988	cholCost: 40865	addCost: 4888	backsolveCost: 16464
node 142	AtA: 12988	cholCost: 40865	addCost: 4888	backsolveCost: 16464
node 143	AtA: 20854	cholCost: 53322	addCost: 4072	backsolveCost: 24624
node 144	AtA: 20854	cholCost: 53322	addCost: 4072	backsolveCost: 24624
node 145	AtA: 20854	cholCost: 53322	addCost: 4072	backsolveCost: 24624
node 146	AtA: 20854	cholCost: 53322	addCost: 4072	backsolveCost: 24624
node 147	AtA: 12988	cholCost: 58836	addCost: 10408	backsolveCost: 17003
node 148	AtA: 3884	cholCost: 72564	addCost: 16552	backsolveCost: 17465
node 149	AtA: 4230	cholCost: 115888	addCost: 22168	backsolveCost: 26644
node 150	AtA: 20854	cholCost: 53322	addCost: 4072	backsolveCost: 24624
node 151	AtA: 20854	cholCost: 53322	addCost: 4072	backsolveCost: 24624
node 152	AtA: 13862	cholCost: 75952	addCost: 9112	backsolveCost: 25432
node 153	AtA: 9492	cholCost: 64452	addCost: 11800	backsolveCost: 17157
node 154	AtA: 14736	cholCost: 31131	addCost: 2200	backsolveCost: 16002
node 155	AtA: 16484	cholCost: 52490	addCost: 3352	backsolveCost: 24523
node 156	AtA: 17358	cholCost: 57981	addCost: 4888	backsolveCost: 24826
node 157	AtA: 20854	cholCost: 53322	addCost: 4072	backsolveCost: 24624
node 158	AtA: 20854	cholCost: 53322	addCost: 4072	backsolveCost: 24624
node 159	AtA: 23476	cholCost: 138888	addCost: 10408	backsolveCost: 51833
node 160	AtA: 4922	cholCost: 193378	addCost: 22168	backsolveCost: 44839
node 161	AtA: 4576	cholCost: 214772	addCost: 41368	backsolveCost: 34713
node 162	AtA: 5960	cholCost: 405937	addCost: 47128	backsolveCost: 80970
node 163	AtA: 6652	cholCost: 620052	addCost: 70312	backsolveCost: 113051
node 164	AtA: 19980	cholCost: 1163862	addCost: 70312	backsolveCost: 259602
node 165	AtA: 7690	cholCost: 857508	addCost: 70312	backsolveCost: 170724
node 166	AtA: 19106	cholCost: 854741	addCost: 44200	backsolveCost: 227444
node 167	AtA: 39208	cholCost: 1213116	addCost: 1192	backsolveCost: 980975
node 168	AtA: 6870	cholCost: 16194	addCost: 1000	backsolveCost: 10977
node 169	AtA: -1	cholCost: 0	addCost: -1	backsolveCost: 1561

