cliques
90
node 0	AtA: 12236	cholCost: 2688	addCost: 2200	backsolveCost: 16002
node 1	AtA: 20976	cholCost: 10416	addCost: 4888	backsolveCost: 31323
node 2	AtA: 20854	cholCost: 53322	addCost: 4072	backsolveCost: 24624
node 3	AtA: 19106	cholCost: 52490	addCost: 3352	backsolveCost: 24523
node 4	AtA: 12988	cholCost: 52596	addCost: 9112	backsolveCost: 16926
node 5	AtA: 14736	cholCost: 31131	addCost: 2200	backsolveCost: 16002
node 6	AtA: 16484	cholCost: 52490	addCost: 3352	backsolveCost: 24523
node 7	AtA: 17358	cholCost: 57981	addCost: 4888	backsolveCost: 24826
node 8	AtA: 17358	cholCost: 68464	addCost: 6808	backsolveCost: 25129
node 9	AtA: 3884	cholCost: 64452	addCost: 11800	backsolveCost: 17157
node 10	AtA: 14736	cholCost: 31131	addCost: 2200	backsolveCost: 16002
node 11	AtA: 16484	cholCost: 52490	addCost: 3352	backsolveCost: 24523
node 12	AtA: 17358	cholCost: 57981	addCost: 4888	backsolveCost: 24826
node 13	AtA: 20854	cholCost: 53322	addCost: 4072	backsolveCost: 24624
node 14	AtA: 14736	cholCost: 31131	addCost: 2200	backsolveCost: 16002
node 15	AtA: 14736	cholCost: 31131	addCost: 2200	backsolveCost: 16002
node 16	AtA: 12988	cholCost: 40865	addCost: 4888	backsolveCost: 16464
node 17	AtA: 12988	cholCost: 40865	addCost: 4888	backsolveCost: 16464
node 18	AtA: 13862	cholCost: 75952	addCost: 9112	backsolveCost: 25432
node 19	AtA: 14736	cholCost: 31131	addCost: 2200	backsolveCost: 16002
node 20	AtA: 21728	cholCost: 74745	addCost: 4888	backsolveCost: 31323
node 21	AtA: 17358	cholCost: 68464	addCost: 6808	backsolveCost: 25129
node 22	AtA: 20854	cholCost: 53322	addCost: 4072	backsolveCost: 24624
node 23	AtA: 20854	cholCost: 53322	addCost: 4072	backsolveCost: 24624
node 24	AtA: 3884	cholCost: 64452	addCost: 11800	backsolveCost: 17157
node 25	AtA: 14736	cholCost: 32379	addCost: 2728	backsolveCost: 16079
node 26	AtA: 14736	cholCost: 31131	addCost: 2200	backsolveCost: 16002
node 27	AtA: 23476	cholCost: 111432	addCost: 5800	backsolveCost: 50939
node 28	AtA: 20854	cholCost: 53322	addCost: 4072	backsolveCost: 24624
node 29	AtA: 14736	cholCost: 32379	addCost: 2728	backsolveCost: 16079
node 30	AtA: 20854	cholCost: 74745	addCost: 4888	backsolveCost: 31323
node 31	AtA: 12988	cholCost: 125736	addCost: 10408	backsolveCost: 43332
node 32	AtA: 18354	cholCost: 5520	addCost: 2728	backsolveCost: 30758
node 33	AtA: 12114	cholCost: 40865	addCost: 4888	backsolveCost: 16464
node 34	AtA: 13862	cholCost: 45108	addCost: 5800	backsolveCost: 16541
node 35	AtA: 10366	cholCost: 52596	addCost: 9112	backsolveCost: 16926
node 36	AtA: 23476	cholCost: 74745	addCost: 4888	backsolveCost: 31323
node 37	AtA: 12236	cholCost: 2688	addCost: 2200	backsolveCost: 16002
node 38	AtA: 21728	cholCost: 74745	addCost: 4888	backsolveCost: 31323
node 39	AtA: 9492	cholCost: 125164	addCost: 14872	backsolveCost: 32679
node 40	AtA: 7744	cholCost: 108400	addCost: 18328	backsolveCost: 26341
node 41	AtA: 4922	cholCost: 165672	addCost: 18328	backsolveCost: 44428
node 42	AtA: 20854	cholCost: 53322	addCost: 4072	backsolveCost: 24624
node 43	AtA: 14736	cholCost: 32379	addCost: 2728	backsolveCost: 16079
node 44	AtA: 20854	cholCost: 74745	addCost: 4888	backsolveCost: 31323
node 45	AtA: 23476	cholCost: 150120	addCost: 11800	backsolveCost: 52131
node 46	AtA: 18232	cholCost: 52490	addCost: 3352	backsolveCost: 24523
node 47	AtA: 17358	cholCost: 57981	addCost: 4888	backsolveCost: 24826
node 48	AtA: 14736	cholCost: 32379	addCost: 2728	backsolveCost: 16079
node 49	AtA: 20854	cholCost: 74745	addCost: 4888	backsolveCost: 31323
node 50	AtA: 15610	cholCost: 98956	addCost: 9112	backsolveCost: 32001
node 51	AtA: 14736	cholCost: 31131	addCost: 2200	backsolveCost: 16002
node 52	AtA: 21728	cholCost: 74745	addCost: 4888	backsolveCost: 31323
node 53	AtA: 14736	cholCost: 31131	addCost: 2200	backsolveCost: 16002
node 54	AtA: 21728	cholCost: 74745	addCost: 4888	backsolveCost: 31323
node 55	AtA: 17358	cholCost: 68464	addCost: 6808	backsolveCost: 25129
node 56	AtA: 12988	cholCost: 166344	addCost: 16552	backsolveCost: 52727
node 57	AtA: 9492	cholCost: 158184	addCost: 16552	backsolveCost: 44154
node 58	AtA: 20854	cholCost: 53322	addCost: 4072	backsolveCost: 24624
node 59	AtA: 14736	cholCost: 31131	addCost: 2200	backsolveCost: 16002
node 60	AtA: 14736	cholCost: 31131	addCost: 2200	backsolveCost: 16002
node 61	AtA: 12988	cholCost: 40865	addCost: 4888	backsolveCost: 16464
node 62	AtA: 12988	cholCost: 40865	addCost: 4888	backsolveCost: 16464
node 63	AtA: 13862	cholCost: 75952	addCost: 9112	backsolveCost: 25432
node 64	AtA: 20854	cholCost: 53322	addCost: 4072	backsolveCost: 24624
node 65	AtA: 20854	cholCost: 53322	addCost: 4072	backsolveCost: 24624
node 66	AtA: 14736	cholCost: 31131	addCost: 2200	backsolveCost: 16002
node 67	AtA: 21728	cholCost: 74745	addCost: 4888	backsolveCost: 31323
node 68	AtA: 14736	cholCost: 31131	addCost: 2200	backsolveCost: 16002
node 69	AtA: 21728	cholCost: 74745	addCost: 4888	backsolveCost: 31323
node 70	AtA: 17358	cholCost: 68464	addCost: 6808	backsolveCost: 25129
node 71	AtA: 4922	cholCost: 156936	addCost: 14872	backsolveCost: 44017
node 72	AtA: 18232	cholCost: 52490	addCost: 3352	backsolveCost: 24523
node 73	AtA: 17358	cholCost: 57981	addCost: 4888	backsolveCost: 24826
node 74	AtA: 20854	cholCost: 53322	addCost: 4072	backsolveCost: 24624
node 75	AtA: 12988	cholCost: 64452	addCost: 11800	backsolveCost: 17157
node 76	AtA: 18232	cholCost: 52490	addCost: 3352	backsolveCost: 24523
node 77	AtA: 17358	cholCost: 57981	addCost: 4888	backsolveCost: 24826
node 78	AtA: 18232	cholCost: 52490	addCost: 3352	backsolveCost: 24523
node 79	AtA: 17358	cholCost: 57981	addCost: 4888	backsolveCost: 24826
node 80	AtA: 15610	cholCost: 98956	addCost: 9112	backsolveCost: 32001
node 81	AtA: 12988	cholCost: 156936	addCost: 14872	backsolveCost: 44017
node 82	AtA: 4922	cholCost: 158184	addCost: 16552	backsolveCost: 44154
node 83	AtA: 4576	cholCost: 132236	addCost: 16552	backsolveCost: 32792
node 84	AtA: 11240	cholCost: 205633	addCost: 16552	backsolveCost: 66777
node 85	AtA: 11240	cholCost: 220526	addCost: 18328	backsolveCost: 67123
node 86	AtA: 6652	cholCost: 240156	addCost: 10408	backsolveCost: 105095
node 87	AtA: 19980	cholCost: 186578	addCost: 1192	backsolveCost: 155550
node 88	AtA: 6870	cholCost: 16194	addCost: 1000	backsolveCost: 10977
node 89	AtA: -1	cholCost: 0	addCost: -1	backsolveCost: 1561

