cliques
142
node 0	AtA: 14858	cholCost: 0	addCost: 2200	backsolveCost: 24220
node 1	AtA: 12236	cholCost: 2688	addCost: 2200	backsolveCost: 16002
node 2	AtA: 12236	cholCost: 6708	addCost: 4072	backsolveCost: 16310
node 3	AtA: 12236	cholCost: 2688	addCost: 2200	backsolveCost: 16002
node 4	AtA: 8740	cholCost: 7885	addCost: 4888	backsolveCost: 16464
node 5	AtA: 13984	cholCost: 6028	addCost: 3352	backsolveCost: 24523
node 6	AtA: 14858	cholCost: 9520	addCost: 4888	backsolveCost: 24826
node 7	AtA: 12236	cholCost: 2688	addCost: 2200	backsolveCost: 16002
node 8	AtA: 18354	cholCost: 0	addCost: 4072	backsolveCost: 24624
node 9	AtA: 11362	cholCost: 19013	addCost: 9112	backsolveCost: 25432
node 10	AtA: 12236	cholCost: 2688	addCost: 2200	backsolveCost: 16002
node 11	AtA: 12236	cholCost: 2688	addCost: 2200	backsolveCost: 16002
node 12	AtA: 12236	cholCost: 2688	addCost: 2200	backsolveCost: 16002
node 13	AtA: 18354	cholCost: 8268	addCost: 4072	backsolveCost: 24624
node 14	AtA: 13984	cholCost: 6028	addCost: 3352	backsolveCost: 24523
node 15	AtA: 14858	cholCost: 9520	addCost: 4888	backsolveCost: 24826
node 16	AtA: 18354	cholCost: 8401	addCost: 4072	backsolveCost: 24624
node 17	AtA: 20854	cholCost: 53322	addCost: 4072	backsolveCost: 24624
node 18	AtA: 20854	cholCost: 53322	addCost: 4072	backsolveCost: 24624
node 19	AtA: 20854	cholCost: 53322	addCost: 4072	backsolveCost: 24624
node 20	AtA: 9492	cholCost: 65700	addCost: 13288	backsolveCost: 17234
node 21	AtA: 20854	cholCost: 53322	addCost: 4072	backsolveCost: 24624
node 22	AtA: 14736	cholCost: 31131	addCost: 2200	backsolveCost: 16002
node 23	AtA: 21728	cholCost: 74745	addCost: 4888	backsolveCost: 31323
node 24	AtA: 20854	cholCost: 53322	addCost: 4072	backsolveCost: 24624
node 25	AtA: 14736	cholCost: 31131	addCost: 2200	backsolveCost: 16002
node 26	AtA: 14736	cholCost: 31131	addCost: 2200	backsolveCost: 16002
node 27	AtA: 12988	cholCost: 40865	addCost: 4888	backsolveCost: 16464
node 28	AtA: 12988	cholCost: 40865	addCost: 4888	backsolveCost: 16464
node 29	AtA: 4230	cholCost: 75952	addCost: 9112	backsolveCost: 25432
node 30	AtA: 13862	cholCost: 95920	addCost: 14872	backsolveCost: 26038
node 31	AtA: 20854	cholCost: 53322	addCost: 4072	backsolveCost: 24624
node 32	AtA: 20854	cholCost: 53322	addCost: 4072	backsolveCost: 24624
node 33	AtA: 12988	cholCost: 58836	addCost: 10408	backsolveCost: 17003
node 34	AtA: 19980	cholCost: 52490	addCost: 3352	backsolveCost: 24523
node 35	AtA: 14736	cholCost: 31131	addCost: 2200	backsolveCost: 16002
node 36	AtA: 21728	cholCost: 74745	addCost: 4888	backsolveCost: 31323
node 37	AtA: 13862	cholCost: 75952	addCost: 9112	backsolveCost: 25432
node 38	AtA: 5960	cholCost: 277140	addCost: 22168	backsolveCost: 78195
node 39	AtA: 21728	cholCost: 65635	addCost: 3352	backsolveCost: 30984
node 40	AtA: 20854	cholCost: 53322	addCost: 4072	backsolveCost: 24624
node 41	AtA: 20854	cholCost: 53322	addCost: 4072	backsolveCost: 24624
node 42	AtA: 13862	cholCost: 95920	addCost: 14872	backsolveCost: 26038
node 43	AtA: 20854	cholCost: 53322	addCost: 4072	backsolveCost: 24624
node 44	AtA: 20854	cholCost: 53322	addCost: 4072	backsolveCost: 24624
node 45	AtA: 20854	cholCost: 53322	addCost: 4072	backsolveCost: 24624
node 46	AtA: 20854	cholCost: 53322	addCost: 4072	backsolveCost: 24624
node 47	AtA: 23476	cholCost: 138888	addCost: 10408	backsolveCost: 51833
node 48	AtA: 10366	cholCost: 109232	addCost: 20200	backsolveCost: 26442
node 49	AtA: 12114	cholCost: 228822	addCost: 31000	backsolveCost: 45661
node 50	AtA: 20854	cholCost: 53322	addCost: 4072	backsolveCost: 24624
node 51	AtA: 20854	cholCost: 53322	addCost: 4072	backsolveCost: 24624
node 52	AtA: 13862	cholCost: 75952	addCost: 9112	backsolveCost: 25432
node 53	AtA: 9492	cholCost: 64452	addCost: 11800	backsolveCost: 17157
node 54	AtA: 12114	cholCost: 165672	addCost: 18328	backsolveCost: 44428
node 55	AtA: 20854	cholCost: 53322	addCost: 4072	backsolveCost: 24624
node 56	AtA: 20854	cholCost: 53322	addCost: 4072	backsolveCost: 24624
node 57	AtA: 23476	cholCost: 138888	addCost: 10408	backsolveCost: 51833
node 58	AtA: 10488	cholCost: 7728	addCost: 4888	backsolveCost: 16464
node 59	AtA: 10488	cholCost: 7728	addCost: 4888	backsolveCost: 16464
node 60	AtA: 20854	cholCost: 53322	addCost: 4072	backsolveCost: 24624
node 61	AtA: 21728	cholCost: 74745	addCost: 4888	backsolveCost: 31323
node 62	AtA: 4230	cholCost: 75952	addCost: 9112	backsolveCost: 25432
node 63	AtA: 9492	cholCost: 85044	addCost: 22168	backsolveCost: 17850
node 64	AtA: 4576	cholCost: 197674	addCost: 35992	backsolveCost: 34374
node 65	AtA: 14736	cholCost: 466174	addCost: 56488	backsolveCost: 81710
node 66	AtA: 23476	cholCost: 74745	addCost: 4888	backsolveCost: 31323
node 67	AtA: 3884	cholCost: 72564	addCost: 16552	backsolveCost: 17465
node 68	AtA: 23476	cholCost: 74745	addCost: 4888	backsolveCost: 31323
node 69	AtA: 23476	cholCost: 74745	addCost: 4888	backsolveCost: 31323
node 70	AtA: 9492	cholCost: 132362	addCost: 26392	backsolveCost: 26947
node 71	AtA: 20854	cholCost: 53322	addCost: 4072	backsolveCost: 24624
node 72	AtA: 14736	cholCost: 32379	addCost: 2728	backsolveCost: 16079
node 73	AtA: 20854	cholCost: 74745	addCost: 4888	backsolveCost: 31323
node 74	AtA: 20854	cholCost: 53322	addCost: 4072	backsolveCost: 24624
node 75	AtA: 18232	cholCost: 52490	addCost: 3352	backsolveCost: 24523
node 76	AtA: 17358	cholCost: 57981	addCost: 4888	backsolveCost: 24826
node 77	AtA: 7744	cholCost: 75952	addCost: 9112	backsolveCost: 25432
node 78	AtA: 13862	cholCost: 95920	addCost: 14872	backsolveCost: 26038
node 79	AtA: 23476	cholCost: 74745	addCost: 4888	backsolveCost: 31323
node 80	AtA: 23476	cholCost: 74745	addCost: 4888	backsolveCost: 31323
node 81	AtA: 14736	cholCost: 31131	addCost: 2200	backsolveCost: 16002
node 82	AtA: 18232	cholCost: 52490	addCost: 3352	backsolveCost: 24523
node 83	AtA: 12114	cholCost: 45108	addCost: 5800	backsolveCost: 16541
node 84	AtA: 19980	cholCost: 98956	addCost: 9112	backsolveCost: 32001
node 85	AtA: 21728	cholCost: 157608	addCost: 13288	backsolveCost: 52280
node 86	AtA: 15610	cholCost: 133276	addCost: 18328	backsolveCost: 33018
node 87	AtA: 10366	cholCost: 194626	addCost: 24232	backsolveCost: 44976
node 88	AtA: 7744	cholCost: 195762	addCost: 53272	backsolveCost: 28462
node 89	AtA: 20854	cholCost: 53322	addCost: 4072	backsolveCost: 24624
node 90	AtA: 20854	cholCost: 53322	addCost: 4072	backsolveCost: 24624
node 91	AtA: 23476	cholCost: 138888	addCost: 10408	backsolveCost: 51833
node 92	AtA: 20854	cholCost: 53322	addCost: 4072	backsolveCost: 24624
node 93	AtA: 20854	cholCost: 53322	addCost: 4072	backsolveCost: 24624
node 94	AtA: 23476	cholCost: 138888	addCost: 10408	backsolveCost: 51833
node 95	AtA: 14736	cholCost: 31131	addCost: 2200	backsolveCost: 16002
node 96	AtA: 16484	cholCost: 52490	addCost: 3352	backsolveCost: 24523
node 97	AtA: 19980	cholCost: 52490	addCost: 3352	backsolveCost: 24523
node 98	AtA: 23476	cholCost: 126408	addCost: 9112	backsolveCost: 51684
node 99	AtA: 4576	cholCost: 180576	addCost: 31000	backsolveCost: 34035
node 100	AtA: 20854	cholCost: 53322	addCost: 4072	backsolveCost: 24624
node 101	AtA: 20854	cholCost: 53322	addCost: 4072	backsolveCost: 24624
node 102	AtA: 20854	cholCost: 53322	addCost: 4072	backsolveCost: 24624
node 103	AtA: 20854	cholCost: 53322	addCost: 4072	backsolveCost: 24624
node 104	AtA: 14736	cholCost: 119132	addCost: 13288	backsolveCost: 32453
node 105	AtA: 13862	cholCost: 109232	addCost: 20200	backsolveCost: 26442
node 106	AtA: 20854	cholCost: 53322	addCost: 4072	backsolveCost: 24624
node 107	AtA: 14736	cholCost: 31131	addCost: 2200	backsolveCost: 16002
node 108	AtA: 21728	cholCost: 74745	addCost: 4888	backsolveCost: 31323
node 109	AtA: 14736	cholCost: 31131	addCost: 2200	backsolveCost: 16002
node 110	AtA: 21728	cholCost: 74745	addCost: 4888	backsolveCost: 31323
node 111	AtA: 14736	cholCost: 31131	addCost: 2200	backsolveCost: 16002
node 112	AtA: 21728	cholCost: 74745	addCost: 4888	backsolveCost: 31323
node 113	AtA: 17358	cholCost: 68464	addCost: 6808	backsolveCost: 25129
node 114	AtA: 5268	cholCost: 158856	addCost: 14872	backsolveCost: 52578
node 115	AtA: 10366	cholCost: 167806	addCost: 41368	backsolveCost: 27856
node 116	AtA: 20854	cholCost: 53322	addCost: 4072	backsolveCost: 24624
node 117	AtA: 21728	cholCost: 92924	addCost: 7912	backsolveCost: 31775
node 118	AtA: 20854	cholCost: 53322	addCost: 4072	backsolveCost: 24624
node 119	AtA: 20854	cholCost: 53322	addCost: 4072	backsolveCost: 24624
node 120	AtA: 20854	cholCost: 53322	addCost: 4072	backsolveCost: 24624
node 121	AtA: 14736	cholCost: 119132	addCost: 13288	backsolveCost: 32453
node 122	AtA: 14736	cholCost: 162438	addCost: 24232	backsolveCost: 33470
node 123	AtA: 20854	cholCost: 53322	addCost: 4072	backsolveCost: 24624
node 124	AtA: 14736	cholCost: 31131	addCost: 2200	backsolveCost: 16002
node 125	AtA: 16484	cholCost: 52490	addCost: 3352	backsolveCost: 24523
node 126	AtA: 17358	cholCost: 57981	addCost: 4888	backsolveCost: 24826
node 127	AtA: 13862	cholCost: 75952	addCost: 9112	backsolveCost: 25432
node 128	AtA: 20854	cholCost: 53322	addCost: 4072	backsolveCost: 24624
node 129	AtA: 14736	cholCost: 31131	addCost: 2200	backsolveCost: 16002
node 130	AtA: 21728	cholCost: 74745	addCost: 4888	backsolveCost: 31323
node 131	AtA: 17358	cholCost: 68464	addCost: 6808	backsolveCost: 25129
node 132	AtA: 19106	cholCost: 138216	addCost: 11800	backsolveCost: 43606
node 133	AtA: 3884	cholCost: 78180	addCost: 18328	backsolveCost: 17619
node 134	AtA: 4230	cholCost: 167806	addCost: 41368	backsolveCost: 27856
node 135	AtA: 6652	cholCost: 518340	addCost: 50152	backsolveCost: 111062
node 136	AtA: 6652	cholCost: 518340	addCost: 50152	backsolveCost: 111062
node 137	AtA: 8036	cholCost: 757014	addCost: 53272	backsolveCost: 185286
node 138	AtA: 21728	cholCost: 834071	addCost: 33448	backsolveCost: 273485
node 139	AtA: 33090	cholCost: 724592	addCost: 1192	backsolveCost: 606102
node 140	AtA: 6870	cholCost: 16194	addCost: 1000	backsolveCost: 10977
node 141	AtA: -1	cholCost: 0	addCost: -1	backsolveCost: 1561

