cliques
105
node 0	AtA: 14858	cholCost: 0	addCost: 2200	backsolveCost: 24220
node 1	AtA: 14858	cholCost: 8268	addCost: 4072	backsolveCost: 24624
node 2	AtA: 12236	cholCost: 0	addCost: 2200	backsolveCost: 16002
node 3	AtA: 12236	cholCost: 2688	addCost: 2200	backsolveCost: 16002
node 4	AtA: 10488	cholCost: 7728	addCost: 4888	backsolveCost: 16464
node 5	AtA: 12236	cholCost: 2688	addCost: 2200	backsolveCost: 16002
node 6	AtA: 19228	cholCost: 10416	addCost: 4888	backsolveCost: 31323
node 7	AtA: 18354	cholCost: 8268	addCost: 4072	backsolveCost: 24624
node 8	AtA: 10488	cholCost: 7728	addCost: 4888	backsolveCost: 16464
node 9	AtA: 12236	cholCost: 13908	addCost: 7912	backsolveCost: 16772
node 10	AtA: 18354	cholCost: 15096	addCost: 6808	backsolveCost: 31662
node 11	AtA: 23476	cholCost: 74745	addCost: 4888	backsolveCost: 31323
node 12	AtA: 23476	cholCost: 74745	addCost: 4888	backsolveCost: 31323
node 13	AtA: 13862	cholCost: 65700	addCost: 13288	backsolveCost: 17234
node 14	AtA: 14736	cholCost: 31131	addCost: 2200	backsolveCost: 16002
node 15	AtA: 21728	cholCost: 74745	addCost: 4888	backsolveCost: 31323
node 16	AtA: 14736	cholCost: 32379	addCost: 2728	backsolveCost: 16079
node 17	AtA: 22602	cholCost: 70710	addCost: 4072	backsolveCost: 31097
node 18	AtA: 11240	cholCost: 45108	addCost: 5800	backsolveCost: 16541
node 19	AtA: 19980	cholCost: 138888	addCost: 10408	backsolveCost: 51833
node 20	AtA: 20854	cholCost: 53322	addCost: 4072	backsolveCost: 24624
node 21	AtA: 15610	cholCost: 106028	addCost: 10408	backsolveCost: 32114
node 22	AtA: 7744	cholCost: 88432	addCost: 11800	backsolveCost: 25735
node 23	AtA: 12236	cholCost: 4080	addCost: 2728	backsolveCost: 16079
node 24	AtA: 18354	cholCost: 10416	addCost: 4888	backsolveCost: 31323
node 25	AtA: 20854	cholCost: 53322	addCost: 4072	backsolveCost: 24624
node 26	AtA: 12988	cholCost: 64452	addCost: 11800	backsolveCost: 17157
node 27	AtA: 12236	cholCost: 2688	addCost: 2200	backsolveCost: 16002
node 28	AtA: 21728	cholCost: 74745	addCost: 4888	backsolveCost: 31323
node 29	AtA: 14736	cholCost: 98956	addCost: 9112	backsolveCost: 32001
node 30	AtA: 18354	cholCost: 8268	addCost: 4072	backsolveCost: 24624
node 31	AtA: 19980	cholCost: 52490	addCost: 3352	backsolveCost: 24523
node 32	AtA: 12988	cholCost: 52596	addCost: 9112	backsolveCost: 16926
node 33	AtA: 3884	cholCost: 66324	addCost: 14872	backsolveCost: 17388
node 34	AtA: 3884	cholCost: 86292	addCost: 24232	backsolveCost: 17927
node 35	AtA: 20854	cholCost: 53322	addCost: 4072	backsolveCost: 24624
node 36	AtA: 18232	cholCost: 52490	addCost: 3352	backsolveCost: 24523
node 37	AtA: 21728	cholCost: 65635	addCost: 3352	backsolveCost: 30984
node 38	AtA: 14736	cholCost: 68464	addCost: 6808	backsolveCost: 25129
node 39	AtA: 14736	cholCost: 98956	addCost: 9112	backsolveCost: 32001
node 40	AtA: 19106	cholCost: 156936	addCost: 14872	backsolveCost: 44017
node 41	AtA: 20854	cholCost: 53322	addCost: 4072	backsolveCost: 24624
node 42	AtA: 21728	cholCost: 92924	addCost: 7912	backsolveCost: 31775
node 43	AtA: 20854	cholCost: 53322	addCost: 4072	backsolveCost: 24624
node 44	AtA: 14736	cholCost: 31131	addCost: 2200	backsolveCost: 16002
node 45	AtA: 16484	cholCost: 52490	addCost: 3352	backsolveCost: 24523
node 46	AtA: 21728	cholCost: 85852	addCost: 6808	backsolveCost: 31662
node 47	AtA: 13862	cholCost: 88432	addCost: 11800	backsolveCost: 25735
node 48	AtA: 5614	cholCost: 245320	addCost: 24232	backsolveCost: 67815
node 49	AtA: 12988	cholCost: 329754	addCost: 24232	backsolveCost: 95262
node 50	AtA: 14736	cholCost: 32379	addCost: 2728	backsolveCost: 16079
node 51	AtA: 20854	cholCost: 74745	addCost: 4888	backsolveCost: 31323
node 52	AtA: 20854	cholCost: 53322	addCost: 4072	backsolveCost: 24624
node 53	AtA: 13862	cholCost: 75952	addCost: 9112	backsolveCost: 25432
node 54	AtA: 20854	cholCost: 53322	addCost: 4072	backsolveCost: 24624
node 55	AtA: 20854	cholCost: 53322	addCost: 4072	backsolveCost: 24624
node 56	AtA: 20854	cholCost: 53322	addCost: 4072	backsolveCost: 24624
node 57	AtA: 14736	cholCost: 31131	addCost: 2200	backsolveCost: 16002
node 58	AtA: 16484	cholCost: 52490	addCost: 3352	backsolveCost: 24523
node 59	AtA: 22602	cholCost: 138216	addCost: 11800	backsolveCost: 43606
node 60	AtA: 4230	cholCost: 95920	addCost: 14872	backsolveCost: 26038
node 61	AtA: 18232	cholCost: 52490	addCost: 3352	backsolveCost: 24523
node 62	AtA: 16484	cholCost: 57981	addCost: 4888	backsolveCost: 24826
node 63	AtA: 12988	cholCost: 40865	addCost: 4888	backsolveCost: 16464
node 64	AtA: 14736	cholCost: 32379	addCost: 2728	backsolveCost: 16079
node 65	AtA: 20854	cholCost: 74745	addCost: 4888	backsolveCost: 31323
node 66	AtA: 15610	cholCost: 98956	addCost: 9112	backsolveCost: 32001
node 67	AtA: 20854	cholCost: 53322	addCost: 4072	backsolveCost: 24624
node 68	AtA: 20854	cholCost: 53322	addCost: 4072	backsolveCost: 24624
node 69	AtA: 14736	cholCost: 32379	addCost: 2728	backsolveCost: 16079
node 70	AtA: 19980	cholCost: 74745	addCost: 4888	backsolveCost: 31323
node 71	AtA: 12988	cholCost: 40865	addCost: 4888	backsolveCost: 16464
node 72	AtA: 13862	cholCost: 75952	addCost: 9112	backsolveCost: 25432
node 73	AtA: 13862	cholCost: 95920	addCost: 14872	backsolveCost: 26038
node 74	AtA: 7744	cholCost: 108400	addCost: 18328	backsolveCost: 26341
node 75	AtA: 12988	cholCost: 204783	addCost: 24232	backsolveCost: 53621
node 76	AtA: 20854	cholCost: 53322	addCost: 4072	backsolveCost: 24624
node 77	AtA: 20854	cholCost: 53322	addCost: 4072	backsolveCost: 24624
node 78	AtA: 18232	cholCost: 52490	addCost: 3352	backsolveCost: 24523
node 79	AtA: 17358	cholCost: 57981	addCost: 4888	backsolveCost: 24826
node 80	AtA: 14736	cholCost: 32379	addCost: 2728	backsolveCost: 16079
node 81	AtA: 20854	cholCost: 74745	addCost: 4888	backsolveCost: 31323
node 82	AtA: 15610	cholCost: 98956	addCost: 9112	backsolveCost: 32001
node 83	AtA: 20854	cholCost: 53322	addCost: 4072	backsolveCost: 24624
node 84	AtA: 14736	cholCost: 31131	addCost: 2200	backsolveCost: 16002
node 85	AtA: 14736	cholCost: 31131	addCost: 2200	backsolveCost: 16002
node 86	AtA: 12988	cholCost: 40865	addCost: 4888	backsolveCost: 16464
node 87	AtA: 12988	cholCost: 40865	addCost: 4888	backsolveCost: 16464
node 88	AtA: 12988	cholCost: 64452	addCost: 11800	backsolveCost: 17157
node 89	AtA: 20854	cholCost: 53322	addCost: 4072	backsolveCost: 24624
node 90	AtA: 20854	cholCost: 53322	addCost: 4072	backsolveCost: 24624
node 91	AtA: 19980	cholCost: 52490	addCost: 3352	backsolveCost: 24523
node 92	AtA: 14736	cholCost: 31131	addCost: 2200	backsolveCost: 16002
node 93	AtA: 21728	cholCost: 74745	addCost: 4888	backsolveCost: 31323
node 94	AtA: 13862	cholCost: 75952	addCost: 9112	backsolveCost: 25432
node 95	AtA: 3884	cholCost: 66324	addCost: 14872	backsolveCost: 17388
node 96	AtA: 4576	cholCost: 133276	addCost: 18328	backsolveCost: 33018
node 97	AtA: 5960	cholCost: 294446	addCost: 24232	backsolveCost: 78380
node 98	AtA: 12988	cholCost: 329754	addCost: 24232	backsolveCost: 95262
node 99	AtA: 8618	cholCost: 162438	addCost: 24232	backsolveCost: 33470
node 100	AtA: 12988	cholCost: 329754	addCost: 24232	backsolveCost: 95262
node 101	AtA: 5614	cholCost: 192196	addCost: 14872	backsolveCost: 66604
node 102	AtA: 23476	cholCost: 343080	addCost: 1192	backsolveCost: 289947
node 103	AtA: 6870	cholCost: 16194	addCost: 1000	backsolveCost: 10977
node 104	AtA: -1	cholCost: 0	addCost: -1	backsolveCost: 1561

