cliques
78
node 0	AtA: 12236	cholCost: 2688	addCost: 2200	backsolveCost: 16002
node 1	AtA: 13984	cholCost: 6028	addCost: 3352	backsolveCost: 24523
node 2	AtA: 11362	cholCost: 6708	addCost: 4072	backsolveCost: 16310
node 3	AtA: 11362	cholCost: 7728	addCost: 4888	backsolveCost: 16464
node 4	AtA: 22602	cholCost: 70710	addCost: 4072	backsolveCost: 31097
node 5	AtA: 14736	cholCost: 31131	addCost: 2200	backsolveCost: 16002
node 6	AtA: 21728	cholCost: 74745	addCost: 4888	backsolveCost: 31323
node 7	AtA: 20854	cholCost: 53322	addCost: 4072	backsolveCost: 24624
node 8	AtA: 15610	cholCost: 51972	addCost: 7912	backsolveCost: 16772
node 9	AtA: 10366	cholCost: 64452	addCost: 11800	backsolveCost: 17157
node 10	AtA: 12236	cholCost: 2688	addCost: 2200	backsolveCost: 16002
node 11	AtA: 21728	cholCost: 74745	addCost: 4888	backsolveCost: 31323
node 12	AtA: 14736	cholCost: 31131	addCost: 2200	backsolveCost: 16002
node 13	AtA: 21728	cholCost: 74745	addCost: 4888	backsolveCost: 31323
node 14	AtA: 14736	cholCost: 98956	addCost: 9112	backsolveCost: 32001
node 15	AtA: 14736	cholCost: 31131	addCost: 2200	backsolveCost: 16002
node 16	AtA: 16484	cholCost: 52490	addCost: 3352	backsolveCost: 24523
node 17	AtA: 17358	cholCost: 57981	addCost: 4888	backsolveCost: 24826
node 18	AtA: 17358	cholCost: 68464	addCost: 6808	backsolveCost: 25129
node 19	AtA: 14736	cholCost: 31131	addCost: 2200	backsolveCost: 16002
node 20	AtA: 21728	cholCost: 74745	addCost: 4888	backsolveCost: 31323
node 21	AtA: 14736	cholCost: 31131	addCost: 2200	backsolveCost: 16002
node 22	AtA: 21728	cholCost: 74745	addCost: 4888	backsolveCost: 31323
node 23	AtA: 14736	cholCost: 31131	addCost: 2200	backsolveCost: 16002
node 24	AtA: 21728	cholCost: 74745	addCost: 4888	backsolveCost: 31323
node 25	AtA: 14736	cholCost: 31131	addCost: 2200	backsolveCost: 16002
node 26	AtA: 16484	cholCost: 52490	addCost: 3352	backsolveCost: 24523
node 27	AtA: 21728	cholCost: 85852	addCost: 6808	backsolveCost: 31662
node 28	AtA: 19980	cholCost: 150120	addCost: 11800	backsolveCost: 52131
node 29	AtA: 4922	cholCost: 149448	addCost: 13288	backsolveCost: 43743
node 30	AtA: 4230	cholCost: 89264	addCost: 13288	backsolveCost: 25836
node 31	AtA: 14736	cholCost: 31131	addCost: 2200	backsolveCost: 16002
node 32	AtA: 21728	cholCost: 74745	addCost: 4888	backsolveCost: 31323
node 33	AtA: 17358	cholCost: 68464	addCost: 6808	backsolveCost: 25129
node 34	AtA: 14736	cholCost: 31131	addCost: 2200	backsolveCost: 16002
node 35	AtA: 14736	cholCost: 31131	addCost: 2200	backsolveCost: 16002
node 36	AtA: 12988	cholCost: 40865	addCost: 4888	backsolveCost: 16464
node 37	AtA: 12988	cholCost: 40865	addCost: 4888	backsolveCost: 16464
node 38	AtA: 14736	cholCost: 31131	addCost: 2200	backsolveCost: 16002
node 39	AtA: 21728	cholCost: 74745	addCost: 4888	backsolveCost: 31323
node 40	AtA: 17358	cholCost: 68464	addCost: 6808	backsolveCost: 25129
node 41	AtA: 14736	cholCost: 31131	addCost: 2200	backsolveCost: 16002
node 42	AtA: 21728	cholCost: 74745	addCost: 4888	backsolveCost: 31323
node 43	AtA: 14736	cholCost: 31131	addCost: 2200	backsolveCost: 16002
node 44	AtA: 16484	cholCost: 52490	addCost: 3352	backsolveCost: 24523
node 45	AtA: 21728	cholCost: 85852	addCost: 6808	backsolveCost: 31662
node 46	AtA: 19980	cholCost: 150120	addCost: 11800	backsolveCost: 52131
node 47	AtA: 5268	cholCost: 157608	addCost: 13288	backsolveCost: 52280
node 48	AtA: 4230	cholCost: 89264	addCost: 13288	backsolveCost: 25836
node 49	AtA: 14736	cholCost: 31131	addCost: 2200	backsolveCost: 16002
node 50	AtA: 21728	cholCost: 74745	addCost: 4888	backsolveCost: 31323
node 51	AtA: 14736	cholCost: 31131	addCost: 2200	backsolveCost: 16002
node 52	AtA: 21728	cholCost: 74745	addCost: 4888	backsolveCost: 31323
node 53	AtA: 14736	cholCost: 31131	addCost: 2200	backsolveCost: 16002
node 54	AtA: 21728	cholCost: 74745	addCost: 4888	backsolveCost: 31323
node 55	AtA: 17358	cholCost: 68464	addCost: 6808	backsolveCost: 25129
node 56	AtA: 14736	cholCost: 107068	addCost: 11800	backsolveCost: 32340
node 57	AtA: 10366	cholCost: 89264	addCost: 13288	backsolveCost: 25836
node 58	AtA: 14736	cholCost: 31131	addCost: 2200	backsolveCost: 16002
node 59	AtA: 21728	cholCost: 74745	addCost: 4888	backsolveCost: 31323
node 60	AtA: 14736	cholCost: 31131	addCost: 2200	backsolveCost: 16002
node 61	AtA: 21728	cholCost: 74745	addCost: 4888	backsolveCost: 31323
node 62	AtA: 9492	cholCost: 52596	addCost: 9112	backsolveCost: 16926
node 63	AtA: 14736	cholCost: 31131	addCost: 2200	backsolveCost: 16002
node 64	AtA: 21728	cholCost: 74745	addCost: 4888	backsolveCost: 31323
node 65	AtA: 17358	cholCost: 68464	addCost: 6808	backsolveCost: 25129
node 66	AtA: 12236	cholCost: 2688	addCost: 2200	backsolveCost: 16002
node 67	AtA: 21728	cholCost: 74745	addCost: 4888	backsolveCost: 31323
node 68	AtA: 14736	cholCost: 107068	addCost: 11800	backsolveCost: 32340
node 69	AtA: 4230	cholCost: 89264	addCost: 13288	backsolveCost: 25836
node 70	AtA: 5268	cholCost: 157608	addCost: 13288	backsolveCost: 52280
node 71	AtA: 5268	cholCost: 157608	addCost: 13288	backsolveCost: 52280
node 72	AtA: 5268	cholCost: 157608	addCost: 13288	backsolveCost: 52280
node 73	AtA: 4230	cholCost: 101744	addCost: 16552	backsolveCost: 26139
node 74	AtA: 5960	cholCost: 164320	addCost: 6808	backsolveCost: 75420
node 75	AtA: 13862	cholCost: 122596	addCost: 1192	backsolveCost: 101117
node 76	AtA: 6870	cholCost: 16194	addCost: 1000	backsolveCost: 10977
node 77	AtA: -1	cholCost: 0	addCost: -1	backsolveCost: 1561

