cliques
86
node 0	AtA: 12236	cholCost: 2688	addCost: 2200	backsolveCost: 16002
node 1	AtA: 16606	cholCost: 5040	addCost: 2728	backsolveCost: 24321
node 2	AtA: 12236	cholCost: 2688	addCost: 2200	backsolveCost: 16002
node 3	AtA: 10488	cholCost: 7728	addCost: 4888	backsolveCost: 16464
node 4	AtA: 12236	cholCost: 2688	addCost: 2200	backsolveCost: 16002
node 5	AtA: 12236	cholCost: 0	addCost: 2200	backsolveCost: 16002
node 6	AtA: 10488	cholCost: 7728	addCost: 4888	backsolveCost: 16464
node 7	AtA: 12236	cholCost: 19043	addCost: 9112	backsolveCost: 25432
node 8	AtA: 18354	cholCost: 9683	addCost: 4888	backsolveCost: 24826
node 9	AtA: 12236	cholCost: 0	addCost: 2200	backsolveCost: 16002
node 10	AtA: 13984	cholCost: 0	addCost: 3352	backsolveCost: 24523
node 11	AtA: 13984	cholCost: 9520	addCost: 4888	backsolveCost: 24826
node 12	AtA: 12236	cholCost: 2688	addCost: 2200	backsolveCost: 16002
node 13	AtA: 19228	cholCost: 10416	addCost: 4888	backsolveCost: 31323
node 14	AtA: 18354	cholCost: 0	addCost: 4072	backsolveCost: 24624
node 15	AtA: 11362	cholCost: 18880	addCost: 9112	backsolveCost: 25432
node 16	AtA: 7866	cholCost: 24893	addCost: 11800	backsolveCost: 25735
node 17	AtA: 12236	cholCost: 4080	addCost: 2728	backsolveCost: 16079
node 18	AtA: 12236	cholCost: 4080	addCost: 2728	backsolveCost: 16079
node 19	AtA: 18354	cholCost: 10416	addCost: 4888	backsolveCost: 31323
node 20	AtA: 18354	cholCost: 8268	addCost: 4072	backsolveCost: 24624
node 21	AtA: 11362	cholCost: 19031	addCost: 9112	backsolveCost: 25432
node 22	AtA: 12236	cholCost: 2688	addCost: 2200	backsolveCost: 16002
node 23	AtA: 19228	cholCost: 10416	addCost: 4888	backsolveCost: 31323
node 24	AtA: 18354	cholCost: 8431	addCost: 4072	backsolveCost: 24624
node 25	AtA: 12236	cholCost: 2688	addCost: 2200	backsolveCost: 16002
node 26	AtA: 19228	cholCost: 10416	addCost: 4888	backsolveCost: 31323
node 27	AtA: 6992	cholCost: 15523	addCost: 9112	backsolveCost: 16926
node 28	AtA: 15732	cholCost: 6028	addCost: 3352	backsolveCost: 24523
node 29	AtA: 13984	cholCost: 9520	addCost: 4888	backsolveCost: 24826
node 30	AtA: 10488	cholCost: 7728	addCost: 4888	backsolveCost: 16464
node 31	AtA: 18354	cholCost: 8268	addCost: 4072	backsolveCost: 24624
node 32	AtA: 12236	cholCost: 0	addCost: 2728	backsolveCost: 16079
node 33	AtA: 18354	cholCost: 0	addCost: 4888	backsolveCost: 31323
node 34	AtA: 5244	cholCost: 19025	addCost: 9112	backsolveCost: 25432
node 35	AtA: 14858	cholCost: 6708	addCost: 4072	backsolveCost: 16310
node 36	AtA: 13110	cholCost: 13943	addCost: 6808	backsolveCost: 25129
node 37	AtA: 18354	cholCost: 8407	addCost: 4072	backsolveCost: 24624
node 38	AtA: 20854	cholCost: 53322	addCost: 4072	backsolveCost: 24624
node 39	AtA: 23476	cholCost: 74745	addCost: 4888	backsolveCost: 31323
node 40	AtA: 23476	cholCost: 150120	addCost: 11800	backsolveCost: 52131
node 41	AtA: 14736	cholCost: 31131	addCost: 2200	backsolveCost: 16002
node 42	AtA: 13862	cholCost: 40241	addCost: 4072	backsolveCost: 16310
node 43	AtA: 14736	cholCost: 32379	addCost: 2728	backsolveCost: 16079
node 44	AtA: 20854	cholCost: 74745	addCost: 4888	backsolveCost: 31323
node 45	AtA: 12988	cholCost: 69296	addCost: 7912	backsolveCost: 25230
node 46	AtA: 20854	cholCost: 53322	addCost: 4072	backsolveCost: 24624
node 47	AtA: 18232	cholCost: 52490	addCost: 3352	backsolveCost: 24523
node 48	AtA: 17358	cholCost: 57981	addCost: 4888	backsolveCost: 24826
node 49	AtA: 12988	cholCost: 149448	addCost: 13288	backsolveCost: 43743
node 50	AtA: 9492	cholCost: 178901	addCost: 20200	backsolveCost: 44565
node 51	AtA: 15732	cholCost: 34465	addCost: 14872	backsolveCost: 32679
node 52	AtA: 2076	cholCost: 39793	addCost: 16552	backsolveCost: 32792
node 53	AtA: 6118	cholCost: 39811	addCost: 16552	backsolveCost: 32792
node 54	AtA: 14736	cholCost: 32379	addCost: 2728	backsolveCost: 16079
node 55	AtA: 19980	cholCost: 74745	addCost: 4888	backsolveCost: 31323
node 56	AtA: 12988	cholCost: 40865	addCost: 4888	backsolveCost: 16464
node 57	AtA: 14736	cholCost: 31131	addCost: 2200	backsolveCost: 16002
node 58	AtA: 21728	cholCost: 74745	addCost: 4888	backsolveCost: 31323
node 59	AtA: 13984	cholCost: 6028	addCost: 3352	backsolveCost: 24523
node 60	AtA: 21728	cholCost: 85852	addCost: 6808	backsolveCost: 31662
node 61	AtA: 10366	cholCost: 75952	addCost: 9112	backsolveCost: 25432
node 62	AtA: 9492	cholCost: 158184	addCost: 16552	backsolveCost: 44154
node 63	AtA: 14736	cholCost: 32379	addCost: 2728	backsolveCost: 16079
node 64	AtA: 19980	cholCost: 74745	addCost: 4888	backsolveCost: 31323
node 65	AtA: 12988	cholCost: 40865	addCost: 4888	backsolveCost: 16464
node 66	AtA: 20854	cholCost: 53322	addCost: 4072	backsolveCost: 24624
node 67	AtA: 20854	cholCost: 53322	addCost: 4072	backsolveCost: 24624
node 68	AtA: 20854	cholCost: 65635	addCost: 3352	backsolveCost: 30984
node 69	AtA: 17358	cholCost: 57981	addCost: 4888	backsolveCost: 24826
node 70	AtA: 16484	cholCost: 52490	addCost: 3352	backsolveCost: 24523
node 71	AtA: 17358	cholCost: 57981	addCost: 4888	backsolveCost: 24826
node 72	AtA: 14736	cholCost: 31131	addCost: 2200	backsolveCost: 16002
node 73	AtA: 21728	cholCost: 74745	addCost: 4888	backsolveCost: 31323
node 74	AtA: 20854	cholCost: 53322	addCost: 4072	backsolveCost: 24624
node 75	AtA: 20854	cholCost: 53322	addCost: 4072	backsolveCost: 24624
node 76	AtA: 10366	cholCost: 88432	addCost: 11800	backsolveCost: 25735
node 77	AtA: 10366	cholCost: 95920	addCost: 14872	backsolveCost: 26038
node 78	AtA: 15610	cholCost: 158184	addCost: 16552	backsolveCost: 44154
node 79	AtA: 12114	cholCost: 246522	addCost: 16552	backsolveCost: 77270
node 80	AtA: 11240	cholCost: 205633	addCost: 16552	backsolveCost: 66777
node 81	AtA: 5614	cholCost: 205633	addCost: 16552	backsolveCost: 66777
node 82	AtA: 11240	cholCost: 205633	addCost: 16552	backsolveCost: 66777
node 83	AtA: 31342	cholCost: 526450	addCost: 1192	backsolveCost: 428150
node 84	AtA: 6870	cholCost: 16194	addCost: 1000	backsolveCost: 10977
node 85	AtA: -1	cholCost: 0	addCost: -1	backsolveCost: 1561

