cliques
113
node 0	AtA: 14858	cholCost: 3328	addCost: 2200	backsolveCost: 24220
node 1	AtA: 12236	cholCost: 4884	addCost: 3352	backsolveCost: 16233
node 2	AtA: 12236	cholCost: 0	addCost: 2200	backsolveCost: 16002
node 3	AtA: 12236	cholCost: 2688	addCost: 2200	backsolveCost: 16002
node 4	AtA: 17480	cholCost: 6028	addCost: 3352	backsolveCost: 24523
node 5	AtA: 13110	cholCost: 9984	addCost: 5800	backsolveCost: 16541
node 6	AtA: 12236	cholCost: 0	addCost: 2200	backsolveCost: 16002
node 7	AtA: 10488	cholCost: 0	addCost: 4888	backsolveCost: 16464
node 8	AtA: 10488	cholCost: 0	addCost: 4888	backsolveCost: 16464
node 9	AtA: 12236	cholCost: 0	addCost: 7912	backsolveCost: 16772
node 10	AtA: 9614	cholCost: 20785	addCost: 9112	backsolveCost: 32001
node 11	AtA: 12236	cholCost: 2688	addCost: 2200	backsolveCost: 16002
node 12	AtA: 18354	cholCost: 8268	addCost: 4072	backsolveCost: 24624
node 13	AtA: 18354	cholCost: 8268	addCost: 4072	backsolveCost: 24624
node 14	AtA: 10488	cholCost: 15529	addCost: 9112	backsolveCost: 16926
node 15	AtA: 18354	cholCost: 8268	addCost: 4072	backsolveCost: 24624
node 16	AtA: 18354	cholCost: 8268	addCost: 4072	backsolveCost: 24624
node 17	AtA: 12236	cholCost: 2688	addCost: 2200	backsolveCost: 16002
node 18	AtA: 12236	cholCost: 2688	addCost: 2200	backsolveCost: 16002
node 19	AtA: 19228	cholCost: 10416	addCost: 4888	backsolveCost: 31323
node 20	AtA: 12236	cholCost: 2688	addCost: 2200	backsolveCost: 16002
node 21	AtA: 14736	cholCost: 0	addCost: 2200	backsolveCost: 16002
node 22	AtA: 13984	cholCost: 6028	addCost: 3352	backsolveCost: 24523
node 23	AtA: 14736	cholCost: 0	addCost: 2200	backsolveCost: 16002
node 24	AtA: 19228	cholCost: 0	addCost: 4888	backsolveCost: 31323
node 25	AtA: 14858	cholCost: 0	addCost: 6808	backsolveCost: 25129
node 26	AtA: 12236	cholCost: 20785	addCost: 9112	backsolveCost: 32001
node 27	AtA: 18354	cholCost: 0	addCost: 4072	backsolveCost: 24624
node 28	AtA: 12236	cholCost: 0	addCost: 2200	backsolveCost: 16002
node 29	AtA: 19228	cholCost: 0	addCost: 4888	backsolveCost: 31323
node 30	AtA: 12236	cholCost: 2688	addCost: 2200	backsolveCost: 16002
node 31	AtA: 18354	cholCost: 0	addCost: 4072	backsolveCost: 24624
node 32	AtA: 14736	cholCost: 31131	addCost: 2200	backsolveCost: 16002
node 33	AtA: 21728	cholCost: 74745	addCost: 4888	backsolveCost: 31323
node 34	AtA: 20854	cholCost: 53322	addCost: 4072	backsolveCost: 24624
node 35	AtA: 21728	cholCost: 92924	addCost: 7912	backsolveCost: 31775
node 36	AtA: 17358	cholCost: 81776	addCost: 10408	backsolveCost: 25533
node 37	AtA: 19106	cholCost: 165672	addCost: 18328	backsolveCost: 44428
node 38	AtA: 20854	cholCost: 53322	addCost: 4072	backsolveCost: 24624
node 39	AtA: 21728	cholCost: 92924	addCost: 7912	backsolveCost: 31775
node 40	AtA: 20854	cholCost: 53322	addCost: 4072	backsolveCost: 24624
node 41	AtA: 19980	cholCost: 52490	addCost: 3352	backsolveCost: 24523
node 42	AtA: 14736	cholCost: 31131	addCost: 2200	backsolveCost: 16002
node 43	AtA: 21728	cholCost: 74745	addCost: 4888	backsolveCost: 31323
node 44	AtA: 13862	cholCost: 75952	addCost: 9112	backsolveCost: 25432
node 45	AtA: 14736	cholCost: 107068	addCost: 11800	backsolveCost: 32340
node 46	AtA: 20854	cholCost: 53322	addCost: 4072	backsolveCost: 24624
node 47	AtA: 13984	cholCost: 6028	addCost: 3352	backsolveCost: 24523
node 48	AtA: 12988	cholCost: 52596	addCost: 9112	backsolveCost: 16926
node 49	AtA: 14736	cholCost: 31131	addCost: 2200	backsolveCost: 16002
node 50	AtA: 21728	cholCost: 74745	addCost: 4888	backsolveCost: 31323
node 51	AtA: 21728	cholCost: 74745	addCost: 4888	backsolveCost: 31323
node 52	AtA: 19980	cholCost: 126408	addCost: 9112	backsolveCost: 51684
node 53	AtA: 3884	cholCost: 66324	addCost: 14872	backsolveCost: 17388
node 54	AtA: 10366	cholCost: 132362	addCost: 26392	backsolveCost: 26947
node 55	AtA: 20854	cholCost: 53322	addCost: 4072	backsolveCost: 24624
node 56	AtA: 12988	cholCost: 58836	addCost: 10408	backsolveCost: 17003
node 57	AtA: 14736	cholCost: 31131	addCost: 2200	backsolveCost: 16002
node 58	AtA: 21728	cholCost: 74745	addCost: 4888	backsolveCost: 31323
node 59	AtA: 20854	cholCost: 53322	addCost: 4072	backsolveCost: 24624
node 60	AtA: 14736	cholCost: 31131	addCost: 2200	backsolveCost: 16002
node 61	AtA: 14736	cholCost: 31131	addCost: 2200	backsolveCost: 16002
node 62	AtA: 12988	cholCost: 40865	addCost: 4888	backsolveCost: 16464
node 63	AtA: 12988	cholCost: 40865	addCost: 4888	backsolveCost: 16464
node 64	AtA: 4230	cholCost: 75952	addCost: 9112	backsolveCost: 25432
node 65	AtA: 3884	cholCost: 66324	addCost: 14872	backsolveCost: 17388
node 66	AtA: 20854	cholCost: 53322	addCost: 4072	backsolveCost: 24624
node 67	AtA: 13862	cholCost: 75952	addCost: 9112	backsolveCost: 25432
node 68	AtA: 20854	cholCost: 57981	addCost: 4888	backsolveCost: 24826
node 69	AtA: 20854	cholCost: 53322	addCost: 4072	backsolveCost: 24624
node 70	AtA: 14736	cholCost: 81776	addCost: 10408	backsolveCost: 25533
node 71	AtA: 11240	cholCost: 108400	addCost: 18328	backsolveCost: 26341
node 72	AtA: 4576	cholCost: 133276	addCost: 18328	backsolveCost: 33018
node 73	AtA: 20854	cholCost: 53322	addCost: 4072	backsolveCost: 24624
node 74	AtA: 20854	cholCost: 53322	addCost: 4072	backsolveCost: 24624
node 75	AtA: 12988	cholCost: 58836	addCost: 10408	backsolveCost: 17003
node 76	AtA: 14736	cholCost: 31131	addCost: 2200	backsolveCost: 16002
node 77	AtA: 19106	cholCost: 70710	addCost: 4072	backsolveCost: 31097
node 78	AtA: 17358	cholCost: 61808	addCost: 5800	backsolveCost: 24927
node 79	AtA: 20854	cholCost: 53322	addCost: 4072	backsolveCost: 24624
node 80	AtA: 19980	cholCost: 52490	addCost: 3352	backsolveCost: 24523
node 81	AtA: 21728	cholCost: 85852	addCost: 6808	backsolveCost: 31662
node 82	AtA: 19106	cholCost: 138216	addCost: 11800	backsolveCost: 43606
node 83	AtA: 11240	cholCost: 119132	addCost: 13288	backsolveCost: 32453
node 84	AtA: 3884	cholCost: 84420	addCost: 20200	backsolveCost: 17696
node 85	AtA: 9492	cholCost: 204111	addCost: 26392	backsolveCost: 45250
node 86	AtA: 20854	cholCost: 53322	addCost: 4072	backsolveCost: 24624
node 87	AtA: 12988	cholCost: 58836	addCost: 10408	backsolveCost: 17003
node 88	AtA: 9492	cholCost: 65700	addCost: 13288	backsolveCost: 17234
node 89	AtA: 14736	cholCost: 31131	addCost: 2200	backsolveCost: 16002
node 90	AtA: 14736	cholCost: 31131	addCost: 2200	backsolveCost: 16002
node 91	AtA: 16484	cholCost: 52490	addCost: 3352	backsolveCost: 24523
node 92	AtA: 23476	cholCost: 117672	addCost: 6808	backsolveCost: 51237
node 93	AtA: 19228	cholCost: 10561	addCost: 4888	backsolveCost: 31323
node 94	AtA: -1	cholCost: 0	addCost: -1	backsolveCost: 25129
node 95	AtA: 2422	cholCost: 40301	addCost: 14872	backsolveCost: 44017
node 96	AtA: 10366	cholCost: 115888	addCost: 22168	backsolveCost: 26644
node 97	AtA: 20854	cholCost: 53322	addCost: 4072	backsolveCost: 24624
node 98	AtA: 19106	cholCost: 156936	addCost: 14872	backsolveCost: 44017
node 99	AtA: 20854	cholCost: 53322	addCost: 4072	backsolveCost: 24624
node 100	AtA: 20854	cholCost: 53322	addCost: 4072	backsolveCost: 24624
node 101	AtA: 21728	cholCost: 74745	addCost: 4888	backsolveCost: 31323
node 102	AtA: 21728	cholCost: 74745	addCost: 4888	backsolveCost: 31323
node 103	AtA: 4576	cholCost: 125164	addCost: 14872	backsolveCost: 32679
node 104	AtA: 4576	cholCost: 153369	addCost: 22168	backsolveCost: 33357
node 105	AtA: 13862	cholCost: 295990	addCost: 33448	backsolveCost: 68853
node 106	AtA: 5268	cholCost: 229494	addCost: 28648	backsolveCost: 54068
node 107	AtA: 6652	cholCost: 364334	addCost: 26392	backsolveCost: 108189
node 108	AtA: 4576	cholCost: 197674	addCost: 35992	backsolveCost: 34374
node 109	AtA: 6652	cholCost: 382056	addCost: 28648	backsolveCost: 108410
node 110	AtA: 13572	cholCost: 767216	addCost: 1192	backsolveCost: 637427
node 111	AtA: 6870	cholCost: 16194	addCost: 1000	backsolveCost: 10977
node 112	AtA: -1	cholCost: 0	addCost: -1	backsolveCost: 1561

