cliques
84
node 0	AtA: 12236	cholCost: 2688	addCost: 2200	backsolveCost: 16002
node 1	AtA: 12236	cholCost: 2688	addCost: 2200	backsolveCost: 16002
node 2	AtA: 14736	cholCost: 32379	addCost: 2728	backsolveCost: 16079
node 3	AtA: 18232	cholCost: 57981	addCost: 4888	backsolveCost: 24826
node 4	AtA: 20854	cholCost: 53322	addCost: 4072	backsolveCost: 24624
node 5	AtA: 14736	cholCost: 31131	addCost: 2200	backsolveCost: 16002
node 6	AtA: 21728	cholCost: 65635	addCost: 3352	backsolveCost: 30984
node 7	AtA: 13862	cholCost: 57981	addCost: 4888	backsolveCost: 24826
node 8	AtA: 13862	cholCost: 75952	addCost: 9112	backsolveCost: 25432
node 9	AtA: 20854	cholCost: 53322	addCost: 4072	backsolveCost: 24624
node 10	AtA: 14736	cholCost: 31131	addCost: 2200	backsolveCost: 16002
node 11	AtA: 21728	cholCost: 74745	addCost: 4888	backsolveCost: 31323
node 12	AtA: 19106	cholCost: 124488	addCost: 9112	backsolveCost: 43195
node 13	AtA: 18232	cholCost: 52490	addCost: 3352	backsolveCost: 24523
node 14	AtA: 17358	cholCost: 57981	addCost: 4888	backsolveCost: 24826
node 15	AtA: 14736	cholCost: 32379	addCost: 2728	backsolveCost: 16079
node 16	AtA: 20854	cholCost: 74745	addCost: 4888	backsolveCost: 31323
node 17	AtA: 15610	cholCost: 98956	addCost: 9112	backsolveCost: 32001
node 18	AtA: 14736	cholCost: 31131	addCost: 2200	backsolveCost: 16002
node 19	AtA: 16484	cholCost: 52490	addCost: 3352	backsolveCost: 24523
node 20	AtA: 14736	cholCost: 31131	addCost: 2200	backsolveCost: 16002
node 21	AtA: 21728	cholCost: 74745	addCost: 4888	backsolveCost: 31323
node 22	AtA: 17358	cholCost: 68464	addCost: 6808	backsolveCost: 25129
node 23	AtA: 14736	cholCost: 98956	addCost: 9112	backsolveCost: 32001
node 24	AtA: 10366	cholCost: 101744	addCost: 16552	backsolveCost: 26139
node 25	AtA: 20854	cholCost: 53322	addCost: 4072	backsolveCost: 24624
node 26	AtA: 14736	cholCost: 32379	addCost: 2728	backsolveCost: 16079
node 27	AtA: 19980	cholCost: 74745	addCost: 4888	backsolveCost: 31323
node 28	AtA: 12988	cholCost: 40865	addCost: 4888	backsolveCost: 16464
node 29	AtA: 13862	cholCost: 75952	addCost: 9112	backsolveCost: 25432
node 30	AtA: 20854	cholCost: 53322	addCost: 4072	backsolveCost: 24624
node 31	AtA: 14736	cholCost: 31131	addCost: 2200	backsolveCost: 16002
node 32	AtA: 21728	cholCost: 74745	addCost: 4888	backsolveCost: 31323
node 33	AtA: 13862	cholCost: 75952	addCost: 9112	backsolveCost: 25432
node 34	AtA: 14736	cholCost: 31131	addCost: 2200	backsolveCost: 16002
node 35	AtA: 21728	cholCost: 74745	addCost: 4888	backsolveCost: 31323
node 36	AtA: 14736	cholCost: 31131	addCost: 2200	backsolveCost: 16002
node 37	AtA: 21728	cholCost: 74745	addCost: 4888	backsolveCost: 31323
node 38	AtA: 20854	cholCost: 53322	addCost: 4072	backsolveCost: 24624
node 39	AtA: 14736	cholCost: 32379	addCost: 2728	backsolveCost: 16079
node 40	AtA: 20854	cholCost: 74745	addCost: 4888	backsolveCost: 31323
node 41	AtA: 20854	cholCost: 53322	addCost: 4072	backsolveCost: 24624
node 42	AtA: 14736	cholCost: 32379	addCost: 2728	backsolveCost: 16079
node 43	AtA: 20854	cholCost: 74745	addCost: 4888	backsolveCost: 31323
node 44	AtA: 8618	cholCost: 125164	addCost: 14872	backsolveCost: 32679
node 45	AtA: 4922	cholCost: 158184	addCost: 16552	backsolveCost: 44154
node 46	AtA: 4576	cholCost: 132236	addCost: 16552	backsolveCost: 32792
node 47	AtA: 8618	cholCost: 132236	addCost: 16552	backsolveCost: 32792
node 48	AtA: 18232	cholCost: 52490	addCost: 3352	backsolveCost: 24523
node 49	AtA: 17358	cholCost: 57981	addCost: 4888	backsolveCost: 24826
node 50	AtA: 14736	cholCost: 32379	addCost: 2728	backsolveCost: 16079
node 51	AtA: 20854	cholCost: 74745	addCost: 4888	backsolveCost: 31323
node 52	AtA: 15610	cholCost: 98956	addCost: 9112	backsolveCost: 32001
node 53	AtA: 14736	cholCost: 31131	addCost: 2200	backsolveCost: 16002
node 54	AtA: 14736	cholCost: 31131	addCost: 2200	backsolveCost: 16002
node 55	AtA: 12988	cholCost: 40865	addCost: 4888	backsolveCost: 16464
node 56	AtA: 12988	cholCost: 40865	addCost: 4888	backsolveCost: 16464
node 57	AtA: 20854	cholCost: 53322	addCost: 4072	backsolveCost: 24624
node 58	AtA: 14736	cholCost: 31131	addCost: 2200	backsolveCost: 16002
node 59	AtA: 21728	cholCost: 74745	addCost: 4888	backsolveCost: 31323
node 60	AtA: 19106	cholCost: 124488	addCost: 9112	backsolveCost: 43195
node 61	AtA: 13862	cholCost: 205633	addCost: 16552	backsolveCost: 66777
node 62	AtA: 14736	cholCost: 32379	addCost: 2728	backsolveCost: 16079
node 63	AtA: 14736	cholCost: 40241	addCost: 4072	backsolveCost: 16310
node 64	AtA: 18232	cholCost: 52490	addCost: 3352	backsolveCost: 24523
node 65	AtA: 17358	cholCost: 57981	addCost: 4888	backsolveCost: 24826
node 66	AtA: 20854	cholCost: 53322	addCost: 4072	backsolveCost: 24624
node 67	AtA: 13862	cholCost: 75952	addCost: 9112	backsolveCost: 25432
node 68	AtA: 19106	cholCost: 47831	addCost: 2728	backsolveCost: 24321
node 69	AtA: 11240	cholCost: 40241	addCost: 4072	backsolveCost: 16310
node 70	AtA: 13862	cholCost: 40865	addCost: 4888	backsolveCost: 16464
node 71	AtA: 15610	cholCost: 51972	addCost: 7912	backsolveCost: 16772
node 72	AtA: 16484	cholCost: 52490	addCost: 3352	backsolveCost: 24523
node 73	AtA: 23476	cholCost: 74745	addCost: 4888	backsolveCost: 31323
node 74	AtA: 23476	cholCost: 138888	addCost: 10408	backsolveCost: 51833
node 75	AtA: 7744	cholCost: 88432	addCost: 11800	backsolveCost: 25735
node 76	AtA: 16484	cholCost: 231213	addCost: 14872	backsolveCost: 77085
node 77	AtA: 11240	cholCost: 192196	addCost: 14872	backsolveCost: 66604
node 78	AtA: 11240	cholCost: 192196	addCost: 14872	backsolveCost: 66604
node 79	AtA: 11240	cholCost: 192196	addCost: 14872	backsolveCost: 66604
node 80	AtA: 4922	cholCost: 125736	addCost: 10408	backsolveCost: 43332
node 81	AtA: 23476	cholCost: 263184	addCost: 1192	backsolveCost: 213626
node 82	AtA: 6870	cholCost: 16194	addCost: 1000	backsolveCost: 10977
node 83	AtA: -1	cholCost: 0	addCost: -1	backsolveCost: 1561

