cliques
34
node 0	AtA: 14736	cholCost: 31131	addCost: 2200	backsolveCost: 16002
node 1	AtA: 14736	cholCost: 31131	addCost: 2200	backsolveCost: 16002
node 2	AtA: 14736	cholCost: 31131	addCost: 2200	backsolveCost: 16002
node 3	AtA: 14736	cholCost: 31131	addCost: 2200	backsolveCost: 16002
node 4	AtA: 14736	cholCost: 31131	addCost: 2200	backsolveCost: 16002
node 5	AtA: 14736	cholCost: 31131	addCost: 2200	backsolveCost: 16002
node 6	AtA: 14736	cholCost: 31131	addCost: 2200	backsolveCost: 16002
node 7	AtA: 15610	cholCost: 31131	addCost: 2200	backsolveCost: 16002
node 8	AtA: 24350	cholCost: 84975	addCost: 2728	backsolveCost: 50045
node 9	AtA: 12114	cholCost: 32379	addCost: 2728	backsolveCost: 16079
node 10	AtA: 16484	cholCost: 64595	addCost: 2728	backsolveCost: 30758
node 11	AtA: 16484	cholCost: 64595	addCost: 2728	backsolveCost: 30758
node 12	AtA: 16484	cholCost: 64595	addCost: 2728	backsolveCost: 30758
node 13	AtA: 16484	cholCost: 64595	addCost: 2728	backsolveCost: 30758
node 14	AtA: 24350	cholCost: 84975	addCost: 2728	backsolveCost: 50045
node 15	AtA: 24350	cholCost: 84975	addCost: 2728	backsolveCost: 50045
node 16	AtA: 24350	cholCost: 84975	addCost: 2728	backsolveCost: 50045
node 17	AtA: 12114	cholCost: 32379	addCost: 2728	backsolveCost: 16079
node 18	AtA: 12114	cholCost: 32379	addCost: 2728	backsolveCost: 16079
node 19	AtA: 8618	cholCost: 32379	addCost: 2728	backsolveCost: 16079
node 20	AtA: 16484	cholCost: 64595	addCost: 2728	backsolveCost: 30758
node 21	AtA: 16484	cholCost: 64595	addCost: 2728	backsolveCost: 30758
node 22	AtA: 16484	cholCost: 103547	addCost: 2728	backsolveCost: 63663
node 23	AtA: 7744	cholCost: 35998	addCost: 3352	backsolveCost: 16233
node 24	AtA: 9492	cholCost: 35998	addCost: 3352	backsolveCost: 16233
node 25	AtA: 9492	cholCost: 35998	addCost: 3352	backsolveCost: 16233
node 26	AtA: 9492	cholCost: 35998	addCost: 3352	backsolveCost: 16233
node 27	AtA: 12114	cholCost: 35998	addCost: 3352	backsolveCost: 16233
node 28	AtA: 9492	cholCost: 35998	addCost: 3352	backsolveCost: 16233
node 29	AtA: 9492	cholCost: 35998	addCost: 3352	backsolveCost: 16233
node 30	AtA: 9492	cholCost: 32379	addCost: 2728	backsolveCost: 16079
node 31	AtA: 24350	cholCost: 98760	addCost: 1192	backsolveCost: 72830
node 32	AtA: 6870	cholCost: 16194	addCost: 1000	backsolveCost: 10977
node 33	AtA: -1	cholCost: 0	addCost: -1	backsolveCost: 1561

