cliques
162
node 0	AtA: 12236	cholCost: 2688	addCost: 2200	backsolveCost: 16002
node 1	AtA: 20976	cholCost: 10591	addCost: 4888	backsolveCost: 31323
node 2	AtA: 12236	cholCost: 0	addCost: 2200	backsolveCost: 16002
node 3	AtA: 18354	cholCost: 5520	addCost: 2728	backsolveCost: 30758
node 4	AtA: 9614	cholCost: 7728	addCost: 4888	backsolveCost: 16464
node 5	AtA: 12236	cholCost: 2688	addCost: 2200	backsolveCost: 16002
node 6	AtA: 18354	cholCost: 8401	addCost: 4072	backsolveCost: 24624
node 7	AtA: 18354	cholCost: 8268	addCost: 4072	backsolveCost: 24624
node 8	AtA: 11362	cholCost: 9984	addCost: 5800	backsolveCost: 16541
node 9	AtA: 19106	cholCost: 52490	addCost: 3352	backsolveCost: 24523
node 10	AtA: 17358	cholCost: 57981	addCost: 4888	backsolveCost: 24826
node 11	AtA: 20854	cholCost: 53322	addCost: 4072	backsolveCost: 24624
node 12	AtA: 20854	cholCost: 53322	addCost: 4072	backsolveCost: 24624
node 13	AtA: 20854	cholCost: 53322	addCost: 4072	backsolveCost: 24624
node 14	AtA: 20854	cholCost: 53322	addCost: 4072	backsolveCost: 24624
node 15	AtA: 20854	cholCost: 53322	addCost: 4072	backsolveCost: 24624
node 16	AtA: 20854	cholCost: 53322	addCost: 4072	backsolveCost: 24624
node 17	AtA: 4230	cholCost: 89264	addCost: 13288	backsolveCost: 25836
node 18	AtA: 4576	cholCost: 163478	addCost: 26392	backsolveCost: 33696
node 19	AtA: 20854	cholCost: 53322	addCost: 4072	backsolveCost: 24624
node 20	AtA: 20854	cholCost: 53322	addCost: 4072	backsolveCost: 24624
node 21	AtA: 20854	cholCost: 53322	addCost: 4072	backsolveCost: 24624
node 22	AtA: 20854	cholCost: 53322	addCost: 4072	backsolveCost: 24624
node 23	AtA: 21728	cholCost: 92924	addCost: 7912	backsolveCost: 31775
node 24	AtA: 13862	cholCost: 89264	addCost: 13288	backsolveCost: 25836
node 25	AtA: 3884	cholCost: 84420	addCost: 20200	backsolveCost: 17696
node 26	AtA: 14736	cholCost: 31131	addCost: 2200	backsolveCost: 16002
node 27	AtA: 21728	cholCost: 74745	addCost: 4888	backsolveCost: 31323
node 28	AtA: 20854	cholCost: 53322	addCost: 4072	backsolveCost: 24624
node 29	AtA: 14736	cholCost: 31131	addCost: 2200	backsolveCost: 16002
node 30	AtA: 14736	cholCost: 31131	addCost: 2200	backsolveCost: 16002
node 31	AtA: 12988	cholCost: 40865	addCost: 4888	backsolveCost: 16464
node 32	AtA: 12988	cholCost: 40865	addCost: 4888	backsolveCost: 16464
node 33	AtA: 13862	cholCost: 75952	addCost: 9112	backsolveCost: 25432
node 34	AtA: 10366	cholCost: 88432	addCost: 11800	backsolveCost: 25735
node 35	AtA: 20854	cholCost: 53322	addCost: 4072	backsolveCost: 24624
node 36	AtA: 20854	cholCost: 53322	addCost: 4072	backsolveCost: 24624
node 37	AtA: 12988	cholCost: 58836	addCost: 10408	backsolveCost: 17003
node 38	AtA: 20854	cholCost: 53322	addCost: 4072	backsolveCost: 24624
node 39	AtA: 19980	cholCost: 52490	addCost: 3352	backsolveCost: 24523
node 40	AtA: 14736	cholCost: 31131	addCost: 2200	backsolveCost: 16002
node 41	AtA: 21728	cholCost: 74745	addCost: 4888	backsolveCost: 31323
node 42	AtA: 13862	cholCost: 75952	addCost: 9112	backsolveCost: 25432
node 43	AtA: 14736	cholCost: 107068	addCost: 11800	backsolveCost: 32340
node 44	AtA: 3884	cholCost: 78180	addCost: 18328	backsolveCost: 17619
node 45	AtA: 4230	cholCost: 132362	addCost: 26392	backsolveCost: 26947
node 46	AtA: 4576	cholCost: 214772	addCost: 41368	backsolveCost: 34713
node 47	AtA: 20854	cholCost: 53322	addCost: 4072	backsolveCost: 24624
node 48	AtA: 20854	cholCost: 53322	addCost: 4072	backsolveCost: 24624
node 49	AtA: 14736	cholCost: 32379	addCost: 2728	backsolveCost: 16079
node 50	AtA: 14736	cholCost: 31131	addCost: 2200	backsolveCost: 16002
node 51	AtA: 19106	cholCost: 61808	addCost: 5800	backsolveCost: 24927
node 52	AtA: 14736	cholCost: 84812	addCost: 5800	backsolveCost: 31436
node 53	AtA: 13862	cholCost: 81776	addCost: 10408	backsolveCost: 25533
node 54	AtA: 13862	cholCost: 101744	addCost: 16552	backsolveCost: 26139
node 55	AtA: 20854	cholCost: 53322	addCost: 4072	backsolveCost: 24624
node 56	AtA: 20854	cholCost: 53322	addCost: 4072	backsolveCost: 24624
node 57	AtA: 23476	cholCost: 138888	addCost: 10408	backsolveCost: 51833
node 58	AtA: 14736	cholCost: 31131	addCost: 2200	backsolveCost: 16002
node 59	AtA: 21728	cholCost: 74745	addCost: 4888	backsolveCost: 31323
node 60	AtA: 20854	cholCost: 53322	addCost: 4072	backsolveCost: 24624
node 61	AtA: 12988	cholCost: 64452	addCost: 11800	backsolveCost: 17157
node 62	AtA: 14736	cholCost: 31131	addCost: 2200	backsolveCost: 16002
node 63	AtA: 21728	cholCost: 74745	addCost: 4888	backsolveCost: 31323
node 64	AtA: 14736	cholCost: 31131	addCost: 2200	backsolveCost: 16002
node 65	AtA: 21728	cholCost: 74745	addCost: 4888	backsolveCost: 31323
node 66	AtA: 14736	cholCost: 98956	addCost: 9112	backsolveCost: 32001
node 67	AtA: 12114	cholCost: 156936	addCost: 14872	backsolveCost: 44017
node 68	AtA: 5614	cholCost: 307347	addCost: 38632	backsolveCost: 69372
node 69	AtA: 20854	cholCost: 53322	addCost: 4072	backsolveCost: 24624
node 70	AtA: 20854	cholCost: 53322	addCost: 4072	backsolveCost: 24624
node 71	AtA: 23476	cholCost: 74745	addCost: 4888	backsolveCost: 31323
node 72	AtA: 13862	cholCost: 108400	addCost: 18328	backsolveCost: 26341
node 73	AtA: 20854	cholCost: 53322	addCost: 4072	backsolveCost: 24624
node 74	AtA: 20854	cholCost: 53322	addCost: 4072	backsolveCost: 24624
node 75	AtA: 19980	cholCost: 52490	addCost: 3352	backsolveCost: 24523
node 76	AtA: 20854	cholCost: 53322	addCost: 4072	backsolveCost: 24624
node 77	AtA: 12236	cholCost: 2688	addCost: 2200	backsolveCost: 16002
node 78	AtA: 14736	cholCost: 31131	addCost: 2200	backsolveCost: 16002
node 79	AtA: 16484	cholCost: 52490	addCost: 3352	backsolveCost: 24523
node 80	AtA: 23476	cholCost: 117672	addCost: 6808	backsolveCost: 51237
node 81	AtA: 9492	cholCost: 52596	addCost: 9112	backsolveCost: 16926
node 82	AtA: 14736	cholCost: 107068	addCost: 11800	backsolveCost: 32340
node 83	AtA: 3884	cholCost: 78180	addCost: 18328	backsolveCost: 17619
node 84	AtA: 3884	cholCost: 119864	addCost: 38632	backsolveCost: 18620
node 85	AtA: 20854	cholCost: 53322	addCost: 4072	backsolveCost: 24624
node 86	AtA: 23476	cholCost: 74745	addCost: 4888	backsolveCost: 31323
node 87	AtA: 23476	cholCost: 74745	addCost: 4888	backsolveCost: 31323
node 88	AtA: 17358	cholCost: 156936	addCost: 14872	backsolveCost: 44017
node 89	AtA: 23476	cholCost: 74745	addCost: 4888	backsolveCost: 31323
node 90	AtA: 20854	cholCost: 53322	addCost: 4072	backsolveCost: 24624
node 91	AtA: 13862	cholCost: 81776	addCost: 10408	backsolveCost: 25533
node 92	AtA: 20854	cholCost: 53322	addCost: 4072	backsolveCost: 24624
node 93	AtA: 12236	cholCost: 2688	addCost: 2200	backsolveCost: 16002
node 94	AtA: 21728	cholCost: 74745	addCost: 4888	backsolveCost: 31323
node 95	AtA: 14736	cholCost: 51972	addCost: 7912	backsolveCost: 16772
node 96	AtA: 19106	cholCost: 149448	addCost: 13288	backsolveCost: 43743
node 97	AtA: 6870	cholCost: 85044	addCost: 22168	backsolveCost: 17850
node 98	AtA: 11240	cholCost: 194626	addCost: 24232	backsolveCost: 44976
node 99	AtA: 12114	cholCost: 214772	addCost: 41368	backsolveCost: 34713
node 100	AtA: 14736	cholCost: 520212	addCost: 53272	backsolveCost: 111504
node 101	AtA: 12114	cholCost: 533732	addCost: 74008	backsolveCost: 83190
node 102	AtA: 20854	cholCost: 53322	addCost: 4072	backsolveCost: 24624
node 103	AtA: 23476	cholCost: 138888	addCost: 10408	backsolveCost: 51833
node 104	AtA: 20854	cholCost: 53322	addCost: 4072	backsolveCost: 24624
node 105	AtA: 20854	cholCost: 53322	addCost: 4072	backsolveCost: 24624
node 106	AtA: 20854	cholCost: 53322	addCost: 4072	backsolveCost: 24624
node 107	AtA: 21728	cholCost: 92924	addCost: 7912	backsolveCost: 31775
node 108	AtA: 3884	cholCost: 65700	addCost: 13288	backsolveCost: 17234
node 109	AtA: 20854	cholCost: 53322	addCost: 4072	backsolveCost: 24624
node 110	AtA: 20854	cholCost: 53322	addCost: 4072	backsolveCost: 24624
node 111	AtA: 22602	cholCost: 149448	addCost: 13288	backsolveCost: 43743
node 112	AtA: 20854	cholCost: 53322	addCost: 4072	backsolveCost: 24624
node 113	AtA: 14736	cholCost: 31131	addCost: 2200	backsolveCost: 16002
node 114	AtA: 21728	cholCost: 74745	addCost: 4888	backsolveCost: 31323
node 115	AtA: 14736	cholCost: 31131	addCost: 2200	backsolveCost: 16002
node 116	AtA: 21728	cholCost: 74745	addCost: 4888	backsolveCost: 31323
node 117	AtA: 9492	cholCost: 52596	addCost: 9112	backsolveCost: 16926
node 118	AtA: 14736	cholCost: 107068	addCost: 11800	backsolveCost: 32340
node 119	AtA: 12114	cholCost: 165672	addCost: 18328	backsolveCost: 44428
node 120	AtA: 5614	cholCost: 305891	addCost: 35992	backsolveCost: 69199
node 121	AtA: 16484	cholCost: 52490	addCost: 3352	backsolveCost: 24523
node 122	AtA: 14736	cholCost: 31131	addCost: 2200	backsolveCost: 16002
node 123	AtA: 21728	cholCost: 74745	addCost: 4888	backsolveCost: 31323
node 124	AtA: 20854	cholCost: 53322	addCost: 4072	backsolveCost: 24624
node 125	AtA: 14736	cholCost: 31131	addCost: 2200	backsolveCost: 16002
node 126	AtA: 21728	cholCost: 74745	addCost: 4888	backsolveCost: 31323
node 127	AtA: 13862	cholCost: 75952	addCost: 9112	backsolveCost: 25432
node 128	AtA: 4230	cholCost: 95920	addCost: 14872	backsolveCost: 26038
node 129	AtA: 20854	cholCost: 53322	addCost: 4072	backsolveCost: 24624
node 130	AtA: 20854	cholCost: 53322	addCost: 4072	backsolveCost: 24624
node 131	AtA: 12988	cholCost: 58836	addCost: 10408	backsolveCost: 17003
node 132	AtA: 21728	cholCost: 74745	addCost: 4888	backsolveCost: 31323
node 133	AtA: 20854	cholCost: 53322	addCost: 4072	backsolveCost: 24624
node 134	AtA: 12988	cholCost: 58836	addCost: 10408	backsolveCost: 17003
node 135	AtA: 15610	cholCost: 138216	addCost: 11800	backsolveCost: 43606
node 136	AtA: 5614	cholCost: 280556	addCost: 31000	backsolveCost: 68680
node 137	AtA: 20854	cholCost: 53322	addCost: 4072	backsolveCost: 24624
node 138	AtA: 21728	cholCost: 92924	addCost: 7912	backsolveCost: 31775
node 139	AtA: 20854	cholCost: 53322	addCost: 4072	backsolveCost: 24624
node 140	AtA: 14736	cholCost: 31131	addCost: 2200	backsolveCost: 16002
node 141	AtA: 14736	cholCost: 31131	addCost: 2200	backsolveCost: 16002
node 142	AtA: 21728	cholCost: 74745	addCost: 4888	backsolveCost: 31323
node 143	AtA: 13862	cholCost: 68464	addCost: 6808	backsolveCost: 25129
node 144	AtA: 9492	cholCost: 52596	addCost: 9112	backsolveCost: 16926
node 145	AtA: 9492	cholCost: 78180	addCost: 18328	backsolveCost: 17619
node 146	AtA: 20854	cholCost: 53322	addCost: 4072	backsolveCost: 24624
node 147	AtA: 20854	cholCost: 53322	addCost: 4072	backsolveCost: 24624
node 148	AtA: 22602	cholCost: 149448	addCost: 13288	backsolveCost: 43743
node 149	AtA: 20854	cholCost: 53322	addCost: 4072	backsolveCost: 24624
node 150	AtA: 20854	cholCost: 53322	addCost: 4072	backsolveCost: 24624
node 151	AtA: 20854	cholCost: 53322	addCost: 4072	backsolveCost: 24624
node 152	AtA: 20854	cholCost: 53322	addCost: 4072	backsolveCost: 24624
node 153	AtA: 23476	cholCost: 138888	addCost: 10408	backsolveCost: 51833
node 154	AtA: 14736	cholCost: 313416	addCost: 28648	backsolveCost: 78935
node 155	AtA: 4576	cholCost: 214772	addCost: 41368	backsolveCost: 34713
node 156	AtA: 5268	cholCost: 365778	addCost: 63208	backsolveCost: 56750
node 157	AtA: 6652	cholCost: 620052	addCost: 70312	backsolveCost: 113051
node 158	AtA: 10458	cholCost: 1182926	addCost: 44200	backsolveCost: 361812
node 159	AtA: 37460	cholCost: 1158338	addCost: 1192	backsolveCost: 941970
node 160	AtA: 6870	cholCost: 16194	addCost: 1000	backsolveCost: 10977
node 161	AtA: -1	cholCost: 0	addCost: -1	backsolveCost: 1561

