cliques
160
node 0	AtA: 12236	cholCost: 2688	addCost: 2200	backsolveCost: 16002
node 1	AtA: 17480	cholCost: 6028	addCost: 3352	backsolveCost: 24523
node 2	AtA: 12236	cholCost: 2688	addCost: 2200	backsolveCost: 16002
node 3	AtA: 19228	cholCost: 10416	addCost: 4888	backsolveCost: 31323
node 4	AtA: 20854	cholCost: 53322	addCost: 4072	backsolveCost: 24624
node 5	AtA: 14736	cholCost: 31131	addCost: 2200	backsolveCost: 16002
node 6	AtA: 13862	cholCost: 40241	addCost: 4072	backsolveCost: 16310
node 7	AtA: 18232	cholCost: 52490	addCost: 3352	backsolveCost: 24523
node 8	AtA: 17358	cholCost: 57981	addCost: 4888	backsolveCost: 24826
node 9	AtA: 12988	cholCost: 69296	addCost: 7912	backsolveCost: 25230
node 10	AtA: 12988	cholCost: 51972	addCost: 7912	backsolveCost: 16772
node 11	AtA: 12988	cholCost: 72564	addCost: 16552	backsolveCost: 17465
node 12	AtA: 23476	cholCost: 74745	addCost: 4888	backsolveCost: 31323
node 13	AtA: 23476	cholCost: 74745	addCost: 4888	backsolveCost: 31323
node 14	AtA: 23476	cholCost: 74745	addCost: 4888	backsolveCost: 31323
node 15	AtA: 15610	cholCost: 88432	addCost: 11800	backsolveCost: 25735
node 16	AtA: 14736	cholCost: 109232	addCost: 20200	backsolveCost: 26442
node 17	AtA: 8618	cholCost: 172547	addCost: 28648	backsolveCost: 33809
node 18	AtA: 20854	cholCost: 53322	addCost: 4072	backsolveCost: 24624
node 19	AtA: 20854	cholCost: 53322	addCost: 4072	backsolveCost: 24624
node 20	AtA: 20854	cholCost: 53322	addCost: 4072	backsolveCost: 24624
node 21	AtA: 20854	cholCost: 53322	addCost: 4072	backsolveCost: 24624
node 22	AtA: 12988	cholCost: 58836	addCost: 10408	backsolveCost: 17003
node 23	AtA: 20854	cholCost: 53322	addCost: 4072	backsolveCost: 24624
node 24	AtA: 20854	cholCost: 53322	addCost: 4072	backsolveCost: 24624
node 25	AtA: 12988	cholCost: 58836	addCost: 10408	backsolveCost: 17003
node 26	AtA: 20854	cholCost: 53322	addCost: 4072	backsolveCost: 24624
node 27	AtA: 20854	cholCost: 53322	addCost: 4072	backsolveCost: 24624
node 28	AtA: 12988	cholCost: 58836	addCost: 10408	backsolveCost: 17003
node 29	AtA: 19106	cholCost: 52490	addCost: 3352	backsolveCost: 24523
node 30	AtA: 19980	cholCost: 52490	addCost: 3352	backsolveCost: 24523
node 31	AtA: 21728	cholCost: 85852	addCost: 6808	backsolveCost: 31662
node 32	AtA: 14736	cholCost: 98956	addCost: 9112	backsolveCost: 32001
node 33	AtA: 3884	cholCost: 66324	addCost: 14872	backsolveCost: 17388
node 34	AtA: 6652	cholCost: 450074	addCost: 41368	backsolveCost: 110178
node 35	AtA: 20854	cholCost: 53322	addCost: 4072	backsolveCost: 24624
node 36	AtA: 20854	cholCost: 53322	addCost: 4072	backsolveCost: 24624
node 37	AtA: 23476	cholCost: 138888	addCost: 10408	backsolveCost: 51833
node 38	AtA: 20854	cholCost: 53322	addCost: 4072	backsolveCost: 24624
node 39	AtA: 20854	cholCost: 53322	addCost: 4072	backsolveCost: 24624
node 40	AtA: 23476	cholCost: 138888	addCost: 10408	backsolveCost: 51833
node 41	AtA: 23476	cholCost: 74745	addCost: 4888	backsolveCost: 31323
node 42	AtA: 12236	cholCost: 2688	addCost: 2200	backsolveCost: 16002
node 43	AtA: 20854	cholCost: 64595	addCost: 2728	backsolveCost: 30758
node 44	AtA: 12114	cholCost: 40865	addCost: 4888	backsolveCost: 16464
node 45	AtA: 13862	cholCost: 45108	addCost: 5800	backsolveCost: 16541
node 46	AtA: 16484	cholCost: 57981	addCost: 4888	backsolveCost: 24826
node 47	AtA: 19980	cholCost: 92924	addCost: 7912	backsolveCost: 31775
node 48	AtA: 16484	cholCost: 138216	addCost: 11800	backsolveCost: 43606
node 49	AtA: 16484	cholCost: 149448	addCost: 13288	backsolveCost: 43743
node 50	AtA: 23476	cholCost: 74745	addCost: 4888	backsolveCost: 31323
node 51	AtA: 23476	cholCost: 74745	addCost: 4888	backsolveCost: 31323
node 52	AtA: 15610	cholCost: 88432	addCost: 11800	backsolveCost: 25735
node 53	AtA: 20854	cholCost: 53322	addCost: 4072	backsolveCost: 24624
node 54	AtA: 14736	cholCost: 31131	addCost: 2200	backsolveCost: 16002
node 55	AtA: 21728	cholCost: 74745	addCost: 4888	backsolveCost: 31323
node 56	AtA: 20854	cholCost: 53322	addCost: 4072	backsolveCost: 24624
node 57	AtA: 19106	cholCost: 124488	addCost: 9112	backsolveCost: 43195
node 58	AtA: 9492	cholCost: 88432	addCost: 11800	backsolveCost: 25735
node 59	AtA: 14736	cholCost: 125164	addCost: 14872	backsolveCost: 32679
node 60	AtA: 3884	cholCost: 86292	addCost: 24232	backsolveCost: 17927
node 61	AtA: 8618	cholCost: 180576	addCost: 31000	backsolveCost: 34035
node 62	AtA: 5268	cholCost: 314610	addCost: 53272	backsolveCost: 56154
node 63	AtA: 20854	cholCost: 53322	addCost: 4072	backsolveCost: 24624
node 64	AtA: 20854	cholCost: 53322	addCost: 4072	backsolveCost: 24624
node 65	AtA: 20854	cholCost: 53322	addCost: 4072	backsolveCost: 24624
node 66	AtA: 13862	cholCost: 101744	addCost: 16552	backsolveCost: 26139
node 67	AtA: 20854	cholCost: 53322	addCost: 4072	backsolveCost: 24624
node 68	AtA: 20854	cholCost: 53322	addCost: 4072	backsolveCost: 24624
node 69	AtA: 16484	cholCost: 52490	addCost: 3352	backsolveCost: 24523
node 70	AtA: 17358	cholCost: 57981	addCost: 4888	backsolveCost: 24826
node 71	AtA: 13862	cholCost: 75952	addCost: 9112	backsolveCost: 25432
node 72	AtA: 13862	cholCost: 95920	addCost: 14872	backsolveCost: 26038
node 73	AtA: 4576	cholCost: 153369	addCost: 22168	backsolveCost: 33357
node 74	AtA: 20854	cholCost: 53322	addCost: 4072	backsolveCost: 24624
node 75	AtA: 20854	cholCost: 53322	addCost: 4072	backsolveCost: 24624
node 76	AtA: 20854	cholCost: 53322	addCost: 4072	backsolveCost: 24624
node 77	AtA: 20854	cholCost: 53322	addCost: 4072	backsolveCost: 24624
node 78	AtA: 21728	cholCost: 92924	addCost: 7912	backsolveCost: 31775
node 79	AtA: 13862	cholCost: 89264	addCost: 13288	backsolveCost: 25836
node 80	AtA: 3884	cholCost: 84420	addCost: 20200	backsolveCost: 17696
node 81	AtA: 14736	cholCost: 31131	addCost: 2200	backsolveCost: 16002
node 82	AtA: 21728	cholCost: 74745	addCost: 4888	backsolveCost: 31323
node 83	AtA: 14736	cholCost: 31131	addCost: 2200	backsolveCost: 16002
node 84	AtA: 21728	cholCost: 74745	addCost: 4888	backsolveCost: 31323
node 85	AtA: 14736	cholCost: 98956	addCost: 9112	backsolveCost: 32001
node 86	AtA: 14736	cholCost: 31131	addCost: 2200	backsolveCost: 16002
node 87	AtA: 14736	cholCost: 31131	addCost: 2200	backsolveCost: 16002
node 88	AtA: 21728	cholCost: 74745	addCost: 4888	backsolveCost: 31323
node 89	AtA: 13862	cholCost: 68464	addCost: 6808	backsolveCost: 25129
node 90	AtA: 20854	cholCost: 53322	addCost: 4072	backsolveCost: 24624
node 91	AtA: 20854	cholCost: 53322	addCost: 4072	backsolveCost: 24624
node 92	AtA: 20854	cholCost: 53322	addCost: 4072	backsolveCost: 24624
node 93	AtA: 14736	cholCost: 119132	addCost: 13288	backsolveCost: 32453
node 94	AtA: 10366	cholCost: 108400	addCost: 18328	backsolveCost: 26341
node 95	AtA: 12114	cholCost: 193378	addCost: 22168	backsolveCost: 44839
node 96	AtA: 4230	cholCost: 167806	addCost: 41368	backsolveCost: 27856
node 97	AtA: 20854	cholCost: 53322	addCost: 4072	backsolveCost: 24624
node 98	AtA: 20854	cholCost: 53322	addCost: 4072	backsolveCost: 24624
node 99	AtA: 20854	cholCost: 53322	addCost: 4072	backsolveCost: 24624
node 100	AtA: 13862	cholCost: 101744	addCost: 16552	backsolveCost: 26139
node 101	AtA: 20854	cholCost: 53322	addCost: 4072	backsolveCost: 24624
node 102	AtA: 14736	cholCost: 31131	addCost: 2200	backsolveCost: 16002
node 103	AtA: 21728	cholCost: 74745	addCost: 4888	backsolveCost: 31323
node 104	AtA: 14736	cholCost: 31131	addCost: 2200	backsolveCost: 16002
node 105	AtA: 21728	cholCost: 74745	addCost: 4888	backsolveCost: 31323
node 106	AtA: 17358	cholCost: 68464	addCost: 6808	backsolveCost: 25129
node 107	AtA: 16484	cholCost: 158856	addCost: 14872	backsolveCost: 52578
node 108	AtA: 3884	cholCost: 102766	addCost: 31000	backsolveCost: 18312
node 109	AtA: 20854	cholCost: 53322	addCost: 4072	backsolveCost: 24624
node 110	AtA: 20854	cholCost: 53322	addCost: 4072	backsolveCost: 24624
node 111	AtA: 20854	cholCost: 53322	addCost: 4072	backsolveCost: 24624
node 112	AtA: 14736	cholCost: 119132	addCost: 13288	backsolveCost: 32453
node 113	AtA: 14736	cholCost: 31131	addCost: 2200	backsolveCost: 16002
node 114	AtA: 21728	cholCost: 74745	addCost: 4888	backsolveCost: 31323
node 115	AtA: 20854	cholCost: 53322	addCost: 4072	backsolveCost: 24624
node 116	AtA: 12988	cholCost: 64452	addCost: 11800	backsolveCost: 17157
node 117	AtA: 14736	cholCost: 31131	addCost: 2200	backsolveCost: 16002
node 118	AtA: 21728	cholCost: 74745	addCost: 4888	backsolveCost: 31323
node 119	AtA: 14736	cholCost: 31131	addCost: 2200	backsolveCost: 16002
node 120	AtA: 16484	cholCost: 52490	addCost: 3352	backsolveCost: 24523
node 121	AtA: 21728	cholCost: 85852	addCost: 6808	backsolveCost: 31662
node 122	AtA: 9492	cholCost: 64452	addCost: 11800	backsolveCost: 17157
node 123	AtA: 4230	cholCost: 108400	addCost: 18328	backsolveCost: 26341
node 124	AtA: 4230	cholCost: 132362	addCost: 26392	backsolveCost: 26947
node 125	AtA: 15610	cholCost: 447194	addCost: 41368	backsolveCost: 97561
node 126	AtA: 20854	cholCost: 53322	addCost: 4072	backsolveCost: 24624
node 127	AtA: 20854	cholCost: 53322	addCost: 4072	backsolveCost: 24624
node 128	AtA: 23476	cholCost: 138888	addCost: 10408	backsolveCost: 51833
node 129	AtA: 20854	cholCost: 53322	addCost: 4072	backsolveCost: 24624
node 130	AtA: 20854	cholCost: 53322	addCost: 4072	backsolveCost: 24624
node 131	AtA: 14736	cholCost: 31131	addCost: 2200	backsolveCost: 16002
node 132	AtA: 21728	cholCost: 74745	addCost: 4888	backsolveCost: 31323
node 133	AtA: 20854	cholCost: 53322	addCost: 4072	backsolveCost: 24624
node 134	AtA: 14736	cholCost: 31131	addCost: 2200	backsolveCost: 16002
node 135	AtA: 21728	cholCost: 74745	addCost: 4888	backsolveCost: 31323
node 136	AtA: 4230	cholCost: 75952	addCost: 9112	backsolveCost: 25432
node 137	AtA: 3884	cholCost: 66324	addCost: 14872	backsolveCost: 17388
node 138	AtA: 14736	cholCost: 31131	addCost: 2200	backsolveCost: 16002
node 139	AtA: 21728	cholCost: 74745	addCost: 4888	backsolveCost: 31323
node 140	AtA: 14736	cholCost: 31131	addCost: 2200	backsolveCost: 16002
node 141	AtA: 16484	cholCost: 52490	addCost: 3352	backsolveCost: 24523
node 142	AtA: 21728	cholCost: 85852	addCost: 6808	backsolveCost: 31662
node 143	AtA: 12988	cholCost: 45732	addCost: 6808	backsolveCost: 16695
node 144	AtA: 20854	cholCost: 53322	addCost: 4072	backsolveCost: 24624
node 145	AtA: 20854	cholCost: 53322	addCost: 4072	backsolveCost: 24624
node 146	AtA: 22602	cholCost: 149448	addCost: 13288	backsolveCost: 43743
node 147	AtA: 20854	cholCost: 53322	addCost: 4072	backsolveCost: 24624
node 148	AtA: 20854	cholCost: 53322	addCost: 4072	backsolveCost: 24624
node 149	AtA: 21728	cholCost: 92924	addCost: 7912	backsolveCost: 31775
node 150	AtA: 12114	cholCost: 194626	addCost: 24232	backsolveCost: 44976
node 151	AtA: 13862	cholCost: 280556	addCost: 31000	backsolveCost: 68680
node 152	AtA: 5960	cholCost: 444875	addCost: 53272	backsolveCost: 81525
node 153	AtA: 6652	cholCost: 594468	addCost: 63208	backsolveCost: 112388
node 154	AtA: 7344	cholCost: 735338	addCost: 63208	backsolveCost: 147119
node 155	AtA: 5960	cholCost: 489137	addCost: 63208	backsolveCost: 82265
node 156	AtA: 8036	cholCost: 822410	addCost: 59800	backsolveCost: 186165
node 157	AtA: 40956	cholCost: 1385454	addCost: 1192	backsolveCost: 1078382
node 158	AtA: 6870	cholCost: 16194	addCost: 1000	backsolveCost: 10977
node 159	AtA: -1	cholCost: 0	addCost: -1	backsolveCost: 1561

