cliques
169
node 0	AtA: 12236	cholCost: 2688	addCost: 2200	backsolveCost: 16002
node 1	AtA: 18354	cholCost: 0	addCost: 2728	backsolveCost: 30758
node 2	AtA: 9614	cholCost: 7728	addCost: 4888	backsolveCost: 16464
node 3	AtA: 12236	cholCost: 2688	addCost: 2200	backsolveCost: 16002
node 4	AtA: 12236	cholCost: 2688	addCost: 2200	backsolveCost: 16002
node 5	AtA: 12236	cholCost: 0	addCost: 2200	backsolveCost: 16002
node 6	AtA: 12236	cholCost: 0	addCost: 2200	backsolveCost: 16002
node 7	AtA: 13984	cholCost: 6173	addCost: 3352	backsolveCost: 24523
node 8	AtA: 13984	cholCost: 6028	addCost: 3352	backsolveCost: 24523
node 9	AtA: 14858	cholCost: 9520	addCost: 4888	backsolveCost: 24826
node 10	AtA: 17480	cholCost: 6028	addCost: 3352	backsolveCost: 24523
node 11	AtA: 13984	cholCost: 6028	addCost: 3352	backsolveCost: 24523
node 12	AtA: 12236	cholCost: 0	addCost: 2200	backsolveCost: 16002
node 13	AtA: 19228	cholCost: 0	addCost: 4888	backsolveCost: 31323
node 14	AtA: 11362	cholCost: 9984	addCost: 5800	backsolveCost: 16541
node 15	AtA: 25346	cholCost: 17807	addCost: 6808	backsolveCost: 42784
node 16	AtA: 18354	cholCost: 8268	addCost: 4072	backsolveCost: 24624
node 17	AtA: 3384	cholCost: 15487	addCost: 9112	backsolveCost: 16926
node 18	AtA: 7866	cholCost: 29293	addCost: 13288	backsolveCost: 25836
node 19	AtA: 18354	cholCost: 8268	addCost: 4072	backsolveCost: 24624
node 20	AtA: 12236	cholCost: 2688	addCost: 2200	backsolveCost: 16002
node 21	AtA: 18354	cholCost: 0	addCost: 4072	backsolveCost: 24624
node 22	AtA: 20854	cholCost: 0	addCost: 4072	backsolveCost: 24624
node 23	AtA: 8740	cholCost: 20640	addCost: 9112	backsolveCost: 32001
node 24	AtA: 20854	cholCost: 53322	addCost: 4072	backsolveCost: 24624
node 25	AtA: 20854	cholCost: 53322	addCost: 4072	backsolveCost: 24624
node 26	AtA: 20854	cholCost: 53322	addCost: 4072	backsolveCost: 24624
node 27	AtA: 20854	cholCost: 65635	addCost: 3352	backsolveCost: 30984
node 28	AtA: 17358	cholCost: 57981	addCost: 4888	backsolveCost: 24826
node 29	AtA: 20854	cholCost: 53322	addCost: 4072	backsolveCost: 24624
node 30	AtA: 20854	cholCost: 53322	addCost: 4072	backsolveCost: 24624
node 31	AtA: 9492	cholCost: 66324	addCost: 14872	backsolveCost: 17388
node 32	AtA: 4922	cholCost: 193378	addCost: 22168	backsolveCost: 44839
node 33	AtA: 20854	cholCost: 53322	addCost: 4072	backsolveCost: 24624
node 34	AtA: 20854	cholCost: 53322	addCost: 4072	backsolveCost: 24624
node 35	AtA: 12988	cholCost: 58836	addCost: 10408	backsolveCost: 17003
node 36	AtA: 20854	cholCost: 53322	addCost: 4072	backsolveCost: 24624
node 37	AtA: 20854	cholCost: 53322	addCost: 4072	backsolveCost: 24624
node 38	AtA: 12988	cholCost: 58836	addCost: 10408	backsolveCost: 17003
node 39	AtA: 10366	cholCost: 109232	addCost: 20200	backsolveCost: 26442
node 40	AtA: 19980	cholCost: 52490	addCost: 3352	backsolveCost: 24523
node 41	AtA: 14736	cholCost: 31131	addCost: 2200	backsolveCost: 16002
node 42	AtA: 21728	cholCost: 74745	addCost: 4888	backsolveCost: 31323
node 43	AtA: 24350	cholCost: 158500	addCost: 9112	backsolveCost: 65566
node 44	AtA: 20854	cholCost: 53322	addCost: 4072	backsolveCost: 24624
node 45	AtA: 20854	cholCost: 53322	addCost: 4072	backsolveCost: 24624
node 46	AtA: 14736	cholCost: 31131	addCost: 2200	backsolveCost: 16002
node 47	AtA: 16484	cholCost: 52490	addCost: 3352	backsolveCost: 24523
node 48	AtA: 17358	cholCost: 57981	addCost: 4888	backsolveCost: 24826
node 49	AtA: 20854	cholCost: 53322	addCost: 4072	backsolveCost: 24624
node 50	AtA: 14736	cholCost: 31131	addCost: 2200	backsolveCost: 16002
node 51	AtA: 21728	cholCost: 74745	addCost: 4888	backsolveCost: 31323
node 52	AtA: 4230	cholCost: 75952	addCost: 9112	backsolveCost: 25432
node 53	AtA: 3884	cholCost: 66324	addCost: 14872	backsolveCost: 17388
node 54	AtA: 3884	cholCost: 85044	addCost: 22168	backsolveCost: 17850
node 55	AtA: 4576	cholCost: 197674	addCost: 35992	backsolveCost: 34374
node 56	AtA: 20854	cholCost: 53322	addCost: 4072	backsolveCost: 24624
node 57	AtA: 13862	cholCost: 81776	addCost: 10408	backsolveCost: 25533
node 58	AtA: 20854	cholCost: 53322	addCost: 4072	backsolveCost: 24624
node 59	AtA: 20854	cholCost: 53322	addCost: 4072	backsolveCost: 24624
node 60	AtA: 3884	cholCost: 72564	addCost: 16552	backsolveCost: 17465
node 61	AtA: 19980	cholCost: 194050	addCost: 20200	backsolveCost: 53174
node 62	AtA: 20854	cholCost: 53322	addCost: 4072	backsolveCost: 24624
node 63	AtA: 20854	cholCost: 53322	addCost: 4072	backsolveCost: 24624
node 64	AtA: 20854	cholCost: 53322	addCost: 4072	backsolveCost: 24624
node 65	AtA: 14736	cholCost: 119132	addCost: 13288	backsolveCost: 32453
node 66	AtA: 21728	cholCost: 74745	addCost: 4888	backsolveCost: 31323
node 67	AtA: 21728	cholCost: 74745	addCost: 4888	backsolveCost: 31323
node 68	AtA: 13862	cholCost: 88432	addCost: 11800	backsolveCost: 25735
node 69	AtA: 11240	cholCost: 153369	addCost: 22168	backsolveCost: 33357
node 70	AtA: 4576	cholCost: 206743	addCost: 38632	backsolveCost: 34487
node 71	AtA: 20854	cholCost: 53322	addCost: 4072	backsolveCost: 24624
node 72	AtA: 20854	cholCost: 53322	addCost: 4072	backsolveCost: 24624
node 73	AtA: 23476	cholCost: 138888	addCost: 10408	backsolveCost: 51833
node 74	AtA: 20854	cholCost: 53322	addCost: 4072	backsolveCost: 24624
node 75	AtA: 20854	cholCost: 53322	addCost: 4072	backsolveCost: 24624
node 76	AtA: 22602	cholCost: 149448	addCost: 13288	backsolveCost: 43743
node 77	AtA: 24350	cholCost: 84812	addCost: 5800	backsolveCost: 31436
node 78	AtA: 14736	cholCost: 32379	addCost: 2728	backsolveCost: 16079
node 79	AtA: 14736	cholCost: 40241	addCost: 4072	backsolveCost: 16310
node 80	AtA: 11240	cholCost: 52596	addCost: 9112	backsolveCost: 16926
node 81	AtA: 20854	cholCost: 57981	addCost: 4888	backsolveCost: 24826
node 82	AtA: 20854	cholCost: 53322	addCost: 4072	backsolveCost: 24624
node 83	AtA: 14736	cholCost: 31131	addCost: 2200	backsolveCost: 16002
node 84	AtA: 14736	cholCost: 31131	addCost: 2200	backsolveCost: 16002
node 85	AtA: 12988	cholCost: 40865	addCost: 4888	backsolveCost: 16464
node 86	AtA: 12988	cholCost: 40865	addCost: 4888	backsolveCost: 16464
node 87	AtA: 13862	cholCost: 75952	addCost: 9112	backsolveCost: 25432
node 88	AtA: 13862	cholCost: 101744	addCost: 16552	backsolveCost: 26139
node 89	AtA: 8618	cholCost: 132236	addCost: 16552	backsolveCost: 32792
node 90	AtA: 4922	cholCost: 265514	addCost: 44200	backsolveCost: 46620
node 91	AtA: 20854	cholCost: 53322	addCost: 4072	backsolveCost: 24624
node 92	AtA: 20854	cholCost: 53322	addCost: 4072	backsolveCost: 24624
node 93	AtA: 12988	cholCost: 58836	addCost: 10408	backsolveCost: 17003
node 94	AtA: 20854	cholCost: 53322	addCost: 4072	backsolveCost: 24624
node 95	AtA: 20854	cholCost: 53322	addCost: 4072	backsolveCost: 24624
node 96	AtA: 20854	cholCost: 53322	addCost: 4072	backsolveCost: 24624
node 97	AtA: 14736	cholCost: 119132	addCost: 13288	backsolveCost: 32453
node 98	AtA: 9492	cholCost: 102142	addCost: 28648	backsolveCost: 18158
node 99	AtA: 20854	cholCost: 57981	addCost: 4888	backsolveCost: 24826
node 100	AtA: 20854	cholCost: 57981	addCost: 4888	backsolveCost: 24826
node 101	AtA: 20854	cholCost: 53322	addCost: 4072	backsolveCost: 24624
node 102	AtA: 20854	cholCost: 53322	addCost: 4072	backsolveCost: 24624
node 103	AtA: 17358	cholCost: 194050	addCost: 20200	backsolveCost: 53174
node 104	AtA: 12114	cholCost: 196634	addCost: 33448	backsolveCost: 34148
node 105	AtA: 20854	cholCost: 53322	addCost: 4072	backsolveCost: 24624
node 106	AtA: 20854	cholCost: 53322	addCost: 4072	backsolveCost: 24624
node 107	AtA: 23476	cholCost: 138888	addCost: 10408	backsolveCost: 51833
node 108	AtA: 14736	cholCost: 31131	addCost: 2200	backsolveCost: 16002
node 109	AtA: 16484	cholCost: 52490	addCost: 3352	backsolveCost: 24523
node 110	AtA: 17358	cholCost: 57981	addCost: 4888	backsolveCost: 24826
node 111	AtA: 14736	cholCost: 31131	addCost: 2200	backsolveCost: 16002
node 112	AtA: 21728	cholCost: 74745	addCost: 4888	backsolveCost: 31323
node 113	AtA: 14736	cholCost: 98956	addCost: 9112	backsolveCost: 32001
node 114	AtA: 10366	cholCost: 108400	addCost: 18328	backsolveCost: 26341
node 115	AtA: 5268	cholCost: 264938	addCost: 38632	backsolveCost: 54962
node 116	AtA: 5268	cholCost: 326092	addCost: 56488	backsolveCost: 56303
node 117	AtA: 13862	cholCost: 620052	addCost: 70312	backsolveCost: 113051
node 118	AtA: 20854	cholCost: 53322	addCost: 4072	backsolveCost: 24624
node 119	AtA: 20854	cholCost: 53322	addCost: 4072	backsolveCost: 24624
node 120	AtA: 23476	cholCost: 138888	addCost: 10408	backsolveCost: 51833
node 121	AtA: 18354	cholCost: 8407	addCost: 4072	backsolveCost: 24624
node 122	AtA: 20854	cholCost: 53322	addCost: 4072	backsolveCost: 24624
node 123	AtA: 20854	cholCost: 53322	addCost: 4072	backsolveCost: 24624
node 124	AtA: 13862	cholCost: 101744	addCost: 16552	backsolveCost: 26139
node 125	AtA: 20854	cholCost: 53322	addCost: 4072	backsolveCost: 24624
node 126	AtA: 20854	cholCost: 53322	addCost: 4072	backsolveCost: 24624
node 127	AtA: 12988	cholCost: 58836	addCost: 10408	backsolveCost: 17003
node 128	AtA: 20854	cholCost: 53322	addCost: 4072	backsolveCost: 24624
node 129	AtA: 20854	cholCost: 53322	addCost: 4072	backsolveCost: 24624
node 130	AtA: 12988	cholCost: 58836	addCost: 10408	backsolveCost: 17003
node 131	AtA: 10488	cholCost: 15505	addCost: 9112	backsolveCost: 16926
node 132	AtA: 18354	cholCost: 8413	addCost: 4072	backsolveCost: 24624
node 133	AtA: 2422	cholCost: 40295	addCost: 14872	backsolveCost: 44017
node 134	AtA: 3884	cholCost: 85044	addCost: 22168	backsolveCost: 17850
node 135	AtA: 3884	cholCost: 102766	addCost: 31000	backsolveCost: 18312
node 136	AtA: 5614	cholCost: 416216	addCost: 59800	backsolveCost: 71275
node 137	AtA: 20854	cholCost: 53322	addCost: 4072	backsolveCost: 24624
node 138	AtA: 20854	cholCost: 53322	addCost: 4072	backsolveCost: 24624
node 139	AtA: 12988	cholCost: 58836	addCost: 10408	backsolveCost: 17003
node 140	AtA: 20854	cholCost: 53322	addCost: 4072	backsolveCost: 24624
node 141	AtA: 20854	cholCost: 53322	addCost: 4072	backsolveCost: 24624
node 142	AtA: 20854	cholCost: 53322	addCost: 4072	backsolveCost: 24624
node 143	AtA: 4576	cholCost: 140348	addCost: 20200	backsolveCost: 33131
node 144	AtA: 20854	cholCost: 53322	addCost: 4072	backsolveCost: 24624
node 145	AtA: 14736	cholCost: 32379	addCost: 2728	backsolveCost: 16079
node 146	AtA: 20854	cholCost: 74745	addCost: 4888	backsolveCost: 31323
node 147	AtA: 20854	cholCost: 53322	addCost: 4072	backsolveCost: 24624
node 148	AtA: 18232	cholCost: 52490	addCost: 3352	backsolveCost: 24523
node 149	AtA: 17358	cholCost: 57981	addCost: 4888	backsolveCost: 24826
node 150	AtA: 8618	cholCost: 125164	addCost: 14872	backsolveCost: 32679
node 151	AtA: 20854	cholCost: 53322	addCost: 4072	backsolveCost: 24624
node 152	AtA: 20854	cholCost: 53322	addCost: 4072	backsolveCost: 24624
node 153	AtA: 23476	cholCost: 138888	addCost: 10408	backsolveCost: 51833
node 154	AtA: 20854	cholCost: 53322	addCost: 4072	backsolveCost: 24624
node 155	AtA: 18232	cholCost: 52490	addCost: 3352	backsolveCost: 24523
node 156	AtA: 17358	cholCost: 57981	addCost: 4888	backsolveCost: 24826
node 157	AtA: 14736	cholCost: 32379	addCost: 2728	backsolveCost: 16079
node 158	AtA: 20854	cholCost: 74745	addCost: 4888	backsolveCost: 31323
node 159	AtA: 15610	cholCost: 98956	addCost: 9112	backsolveCost: 32001
node 160	AtA: 13862	cholCost: 95920	addCost: 14872	backsolveCost: 26038
node 161	AtA: 11240	cholCost: 305891	addCost: 35992	backsolveCost: 69199
node 162	AtA: 4922	cholCost: 283985	addCost: 47128	backsolveCost: 46894
node 163	AtA: 6998	cholCost: 704644	addCost: 70312	backsolveCost: 133197
node 164	AtA: 19980	cholCost: 1163862	addCost: 70312	backsolveCost: 259602
node 165	AtA: 18232	cholCost: 767349	addCost: 44200	backsolveCost: 209055
node 166	AtA: 35712	cholCost: 1047676	addCost: 1192	backsolveCost: 851091
node 167	AtA: 6870	cholCost: 16194	addCost: 1000	backsolveCost: 10977
node 168	AtA: -1	cholCost: 0	addCost: -1	backsolveCost: 1561

