cliques
86
node 0	AtA: 12236	cholCost: 2688	addCost: 2200	backsolveCost: 16002
node 1	AtA: 12236	cholCost: 2688	addCost: 2200	backsolveCost: 16002
node 2	AtA: 12236	cholCost: 2688	addCost: 2200	backsolveCost: 16002
node 3	AtA: 13984	cholCost: 6028	addCost: 3352	backsolveCost: 24523
node 4	AtA: 11362	cholCost: 6708	addCost: 4072	backsolveCost: 16310
node 5	AtA: 12236	cholCost: 2688	addCost: 2200	backsolveCost: 16002
node 6	AtA: 18354	cholCost: 8413	addCost: 4072	backsolveCost: 24624
node 7	AtA: 14736	cholCost: 32379	addCost: 2728	backsolveCost: 16079
node 8	AtA: 20854	cholCost: 74745	addCost: 4888	backsolveCost: 31323
node 9	AtA: 20854	cholCost: 53322	addCost: 4072	backsolveCost: 24624
node 10	AtA: 21728	cholCost: 65635	addCost: 3352	backsolveCost: 30984
node 11	AtA: 12988	cholCost: 52596	addCost: 9112	backsolveCost: 16926
node 12	AtA: 20854	cholCost: 53322	addCost: 4072	backsolveCost: 24624
node 13	AtA: 12236	cholCost: 2688	addCost: 2200	backsolveCost: 16002
node 14	AtA: 21728	cholCost: 74745	addCost: 4888	backsolveCost: 31323
node 15	AtA: 19106	cholCost: 124488	addCost: 9112	backsolveCost: 43195
node 16	AtA: 14736	cholCost: 31131	addCost: 2200	backsolveCost: 16002
node 17	AtA: 21728	cholCost: 74745	addCost: 4888	backsolveCost: 31323
node 18	AtA: 14736	cholCost: 31131	addCost: 2200	backsolveCost: 16002
node 19	AtA: 16484	cholCost: 52490	addCost: 3352	backsolveCost: 24523
node 20	AtA: 13862	cholCost: 75952	addCost: 9112	backsolveCost: 25432
node 21	AtA: 14736	cholCost: 32379	addCost: 2728	backsolveCost: 16079
node 22	AtA: 19980	cholCost: 74745	addCost: 4888	backsolveCost: 31323
node 23	AtA: 12988	cholCost: 40865	addCost: 4888	backsolveCost: 16464
node 24	AtA: 20854	cholCost: 53322	addCost: 4072	backsolveCost: 24624
node 25	AtA: 14736	cholCost: 32379	addCost: 2728	backsolveCost: 16079
node 26	AtA: 19980	cholCost: 74745	addCost: 4888	backsolveCost: 31323
node 27	AtA: 12988	cholCost: 40865	addCost: 4888	backsolveCost: 16464
node 28	AtA: 13862	cholCost: 75952	addCost: 9112	backsolveCost: 25432
node 29	AtA: 11240	cholCost: 88432	addCost: 11800	backsolveCost: 25735
node 30	AtA: 3884	cholCost: 72564	addCost: 16552	backsolveCost: 17465
node 31	AtA: 14736	cholCost: 32379	addCost: 2728	backsolveCost: 16079
node 32	AtA: 19980	cholCost: 74745	addCost: 4888	backsolveCost: 31323
node 33	AtA: 12988	cholCost: 40865	addCost: 4888	backsolveCost: 16464
node 34	AtA: 14736	cholCost: 32379	addCost: 2728	backsolveCost: 16079
node 35	AtA: 20854	cholCost: 74745	addCost: 4888	backsolveCost: 31323
node 36	AtA: 15610	cholCost: 98956	addCost: 9112	backsolveCost: 32001
node 37	AtA: 20854	cholCost: 53322	addCost: 4072	backsolveCost: 24624
node 38	AtA: 14736	cholCost: 31131	addCost: 2200	backsolveCost: 16002
node 39	AtA: 21728	cholCost: 74745	addCost: 4888	backsolveCost: 31323
node 40	AtA: 13984	cholCost: 6028	addCost: 3352	backsolveCost: 24523
node 41	AtA: 21728	cholCost: 85852	addCost: 6808	backsolveCost: 31662
node 42	AtA: 10366	cholCost: 75952	addCost: 9112	backsolveCost: 25432
node 43	AtA: 19106	cholCost: 156936	addCost: 14872	backsolveCost: 44017
node 44	AtA: 4230	cholCost: 101744	addCost: 16552	backsolveCost: 26139
node 45	AtA: 20854	cholCost: 53322	addCost: 4072	backsolveCost: 24624
node 46	AtA: 14736	cholCost: 31131	addCost: 2200	backsolveCost: 16002
node 47	AtA: 21728	cholCost: 74745	addCost: 4888	backsolveCost: 31323
node 48	AtA: 19106	cholCost: 124488	addCost: 9112	backsolveCost: 43195
node 49	AtA: 14736	cholCost: 31131	addCost: 2200	backsolveCost: 16002
node 50	AtA: 14736	cholCost: 40241	addCost: 4072	backsolveCost: 16310
node 51	AtA: 15610	cholCost: 45732	addCost: 6808	backsolveCost: 16695
node 52	AtA: 13110	cholCost: 11220	addCost: 6808	backsolveCost: 16695
node 53	AtA: 11362	cholCost: 14041	addCost: 7912	backsolveCost: 16772
node 54	AtA: 14736	cholCost: 31131	addCost: 2200	backsolveCost: 16002
node 55	AtA: 21728	cholCost: 74745	addCost: 4888	backsolveCost: 31323
node 56	AtA: 20854	cholCost: 53322	addCost: 4072	backsolveCost: 24624
node 57	AtA: 14736	cholCost: 31131	addCost: 2200	backsolveCost: 16002
node 58	AtA: 21728	cholCost: 74745	addCost: 4888	backsolveCost: 31323
node 59	AtA: 19106	cholCost: 124488	addCost: 9112	backsolveCost: 43195
node 60	AtA: 14736	cholCost: 31131	addCost: 2200	backsolveCost: 16002
node 61	AtA: 21728	cholCost: 74745	addCost: 4888	backsolveCost: 31323
node 62	AtA: 20854	cholCost: 53322	addCost: 4072	backsolveCost: 24624
node 63	AtA: 12988	cholCost: 40865	addCost: 4888	backsolveCost: 16464
node 64	AtA: 12988	cholCost: 40865	addCost: 4888	backsolveCost: 16464
node 65	AtA: 4230	cholCost: 75952	addCost: 9112	backsolveCost: 25432
node 66	AtA: 14736	cholCost: 31131	addCost: 2200	backsolveCost: 16002
node 67	AtA: 21728	cholCost: 74745	addCost: 4888	backsolveCost: 31323
node 68	AtA: 14736	cholCost: 31131	addCost: 2200	backsolveCost: 16002
node 69	AtA: 14736	cholCost: 31131	addCost: 2200	backsolveCost: 16002
node 70	AtA: 12988	cholCost: 40865	addCost: 4888	backsolveCost: 16464
node 71	AtA: 12988	cholCost: 40865	addCost: 4888	backsolveCost: 16464
node 72	AtA: 17358	cholCost: 68464	addCost: 6808	backsolveCost: 25129
node 73	AtA: 17358	cholCost: 182836	addCost: 11800	backsolveCost: 66085
node 74	AtA: 4230	cholCost: 89264	addCost: 13288	backsolveCost: 25836
node 75	AtA: 4576	cholCost: 119132	addCost: 13288	backsolveCost: 32453
node 76	AtA: 3884	cholCost: 65700	addCost: 13288	backsolveCost: 17234
node 77	AtA: 4230	cholCost: 95920	addCost: 14872	backsolveCost: 26038
node 78	AtA: 12988	cholCost: 156936	addCost: 14872	backsolveCost: 44017
node 79	AtA: 4576	cholCost: 125164	addCost: 14872	backsolveCost: 32679
node 80	AtA: 11240	cholCost: 192196	addCost: 14872	backsolveCost: 66604
node 81	AtA: 11240	cholCost: 192196	addCost: 14872	backsolveCost: 66604
node 82	AtA: 5268	cholCost: 125160	addCost: 7912	backsolveCost: 51386
node 83	AtA: 17358	cholCost: 186578	addCost: 1192	backsolveCost: 155550
node 84	AtA: 6870	cholCost: 16194	addCost: 1000	backsolveCost: 10977
node 85	AtA: -1	cholCost: 0	addCost: -1	backsolveCost: 1561

