cliques
87
node 0	AtA: 12236	cholCost: 2688	addCost: 2200	backsolveCost: 16002
node 1	AtA: 13984	cholCost: 6185	addCost: 3352	backsolveCost: 24523
node 2	AtA: 16606	cholCost: 5167	addCost: 2728	backsolveCost: 24321
node 3	AtA: 12236	cholCost: 2688	addCost: 2200	backsolveCost: 16002
node 4	AtA: 12236	cholCost: 2688	addCost: 2200	backsolveCost: 16002
node 5	AtA: 19106	cholCost: 52490	addCost: 3352	backsolveCost: 24523
node 6	AtA: 17358	cholCost: 57981	addCost: 4888	backsolveCost: 24826
node 7	AtA: 23476	cholCost: 74745	addCost: 4888	backsolveCost: 31323
node 8	AtA: 23476	cholCost: 74745	addCost: 4888	backsolveCost: 31323
node 9	AtA: 14736	cholCost: 31131	addCost: 2200	backsolveCost: 16002
node 10	AtA: 21728	cholCost: 74745	addCost: 4888	backsolveCost: 31323
node 11	AtA: 20854	cholCost: 53322	addCost: 4072	backsolveCost: 24624
node 12	AtA: 14736	cholCost: 31131	addCost: 2200	backsolveCost: 16002
node 13	AtA: 21728	cholCost: 74745	addCost: 4888	backsolveCost: 31323
node 14	AtA: 4230	cholCost: 75952	addCost: 9112	backsolveCost: 25432
node 15	AtA: 11240	cholCost: 166344	addCost: 16552	backsolveCost: 52727
node 16	AtA: 23476	cholCost: 74745	addCost: 4888	backsolveCost: 31323
node 17	AtA: 14736	cholCost: 32379	addCost: 2728	backsolveCost: 16079
node 18	AtA: 20854	cholCost: 74745	addCost: 4888	backsolveCost: 31323
node 19	AtA: 14736	cholCost: 31131	addCost: 2200	backsolveCost: 16002
node 20	AtA: 13862	cholCost: 40241	addCost: 4072	backsolveCost: 16310
node 21	AtA: 18232	cholCost: 52490	addCost: 3352	backsolveCost: 24523
node 22	AtA: 17358	cholCost: 57981	addCost: 4888	backsolveCost: 24826
node 23	AtA: 10366	cholCost: 51972	addCost: 7912	backsolveCost: 16772
node 24	AtA: 12988	cholCost: 51972	addCost: 7912	backsolveCost: 16772
node 25	AtA: 15610	cholCost: 119132	addCost: 13288	backsolveCost: 32453
node 26	AtA: 21728	cholCost: 74745	addCost: 4888	backsolveCost: 31323
node 27	AtA: 20854	cholCost: 53322	addCost: 4072	backsolveCost: 24624
node 28	AtA: 21728	cholCost: 74745	addCost: 4888	backsolveCost: 31323
node 29	AtA: 4922	cholCost: 125736	addCost: 10408	backsolveCost: 43332
node 30	AtA: 12236	cholCost: 2688	addCost: 2200	backsolveCost: 16002
node 31	AtA: 21728	cholCost: 74745	addCost: 4888	backsolveCost: 31323
node 32	AtA: 20854	cholCost: 53322	addCost: 4072	backsolveCost: 24624
node 33	AtA: 14736	cholCost: 31131	addCost: 2200	backsolveCost: 16002
node 34	AtA: 21728	cholCost: 74745	addCost: 4888	backsolveCost: 31323
node 35	AtA: 13862	cholCost: 75952	addCost: 9112	backsolveCost: 25432
node 36	AtA: 10366	cholCost: 88432	addCost: 11800	backsolveCost: 25735
node 37	AtA: 18232	cholCost: 52490	addCost: 3352	backsolveCost: 24523
node 38	AtA: 16484	cholCost: 57981	addCost: 4888	backsolveCost: 24826
node 39	AtA: 12988	cholCost: 40865	addCost: 4888	backsolveCost: 16464
node 40	AtA: 20854	cholCost: 53322	addCost: 4072	backsolveCost: 24624
node 41	AtA: 14736	cholCost: 32379	addCost: 2728	backsolveCost: 16079
node 42	AtA: 20854	cholCost: 74745	addCost: 4888	backsolveCost: 31323
node 43	AtA: 13862	cholCost: 75952	addCost: 9112	backsolveCost: 25432
node 44	AtA: 10366	cholCost: 166344	addCost: 16552	backsolveCost: 52727
node 45	AtA: 14736	cholCost: 31131	addCost: 2200	backsolveCost: 16002
node 46	AtA: 21728	cholCost: 74745	addCost: 4888	backsolveCost: 31323
node 47	AtA: 14736	cholCost: 31131	addCost: 2200	backsolveCost: 16002
node 48	AtA: 21728	cholCost: 74745	addCost: 4888	backsolveCost: 31323
node 49	AtA: 9492	cholCost: 52596	addCost: 9112	backsolveCost: 16926
node 50	AtA: 20854	cholCost: 53322	addCost: 4072	backsolveCost: 24624
node 51	AtA: 18232	cholCost: 52490	addCost: 3352	backsolveCost: 24523
node 52	AtA: 17358	cholCost: 57981	addCost: 4888	backsolveCost: 24826
node 53	AtA: 20854	cholCost: 53322	addCost: 4072	backsolveCost: 24624
node 54	AtA: 14736	cholCost: 32379	addCost: 2728	backsolveCost: 16079
node 55	AtA: 20854	cholCost: 74745	addCost: 4888	backsolveCost: 31323
node 56	AtA: 8618	cholCost: 125164	addCost: 14872	backsolveCost: 32679
node 57	AtA: 4230	cholCost: 101744	addCost: 16552	backsolveCost: 26139
node 58	AtA: 20854	cholCost: 53322	addCost: 4072	backsolveCost: 24624
node 59	AtA: 14736	cholCost: 32379	addCost: 2728	backsolveCost: 16079
node 60	AtA: 19980	cholCost: 74745	addCost: 4888	backsolveCost: 31323
node 61	AtA: 12988	cholCost: 40865	addCost: 4888	backsolveCost: 16464
node 62	AtA: 13862	cholCost: 75952	addCost: 9112	backsolveCost: 25432
node 63	AtA: 14736	cholCost: 31131	addCost: 2200	backsolveCost: 16002
node 64	AtA: 16484	cholCost: 52490	addCost: 3352	backsolveCost: 24523
node 65	AtA: 14736	cholCost: 31131	addCost: 2200	backsolveCost: 16002
node 66	AtA: 21728	cholCost: 74745	addCost: 4888	backsolveCost: 31323
node 67	AtA: 17358	cholCost: 68464	addCost: 6808	backsolveCost: 25129
node 68	AtA: 19106	cholCost: 138216	addCost: 11800	backsolveCost: 43606
node 69	AtA: 20854	cholCost: 53322	addCost: 4072	backsolveCost: 24624
node 70	AtA: 18232	cholCost: 52490	addCost: 3352	backsolveCost: 24523
node 71	AtA: 17358	cholCost: 57981	addCost: 4888	backsolveCost: 24826
node 72	AtA: 14736	cholCost: 32379	addCost: 2728	backsolveCost: 16079
node 73	AtA: 20854	cholCost: 74745	addCost: 4888	backsolveCost: 31323
node 74	AtA: 20854	cholCost: 53322	addCost: 4072	backsolveCost: 24624
node 75	AtA: 13862	cholCost: 75952	addCost: 9112	backsolveCost: 25432
node 76	AtA: 7744	cholCost: 95920	addCost: 14872	backsolveCost: 26038
node 77	AtA: 4576	cholCost: 132236	addCost: 16552	backsolveCost: 32792
node 78	AtA: 8618	cholCost: 132236	addCost: 16552	backsolveCost: 32792
node 79	AtA: 11240	cholCost: 205633	addCost: 16552	backsolveCost: 66777
node 80	AtA: 11240	cholCost: 205633	addCost: 16552	backsolveCost: 66777
node 81	AtA: 4576	cholCost: 133276	addCost: 18328	backsolveCost: 33018
node 82	AtA: 14736	cholCost: 305168	addCost: 20200	backsolveCost: 94635
node 83	AtA: 15610	cholCost: 231896	addCost: 5800	backsolveCost: 122907
node 84	AtA: 20854	cholCost: 122596	addCost: 1192	backsolveCost: 101117
node 85	AtA: 6870	cholCost: 16194	addCost: 1000	backsolveCost: 10977
node 86	AtA: -1	cholCost: 0	addCost: -1	backsolveCost: 1561

