cliques
101
node 0	AtA: 14858	cholCost: 0	addCost: 2200	backsolveCost: 24220
node 1	AtA: 14858	cholCost: 8268	addCost: 4072	backsolveCost: 24624
node 2	AtA: 20102	cholCost: 0	addCost: 4072	backsolveCost: 31097
node 3	AtA: 7866	cholCost: 11220	addCost: 6808	backsolveCost: 16695
node 4	AtA: 12236	cholCost: 2688	addCost: 2200	backsolveCost: 16002
node 5	AtA: 12236	cholCost: 2688	addCost: 2200	backsolveCost: 16002
node 6	AtA: 12236	cholCost: 2688	addCost: 2200	backsolveCost: 16002
node 7	AtA: 12236	cholCost: 2688	addCost: 2200	backsolveCost: 16002
node 8	AtA: 12236	cholCost: 2688	addCost: 2200	backsolveCost: 16002
node 9	AtA: 19228	cholCost: 10416	addCost: 4888	backsolveCost: 31323
node 10	AtA: 13984	cholCost: 6028	addCost: 3352	backsolveCost: 24523
node 11	AtA: 14858	cholCost: 9520	addCost: 4888	backsolveCost: 24826
node 12	AtA: 18354	cholCost: 8268	addCost: 4072	backsolveCost: 24624
node 13	AtA: 11362	cholCost: 19049	addCost: 9112	backsolveCost: 25432
node 14	AtA: 12236	cholCost: 2688	addCost: 2200	backsolveCost: 16002
node 15	AtA: 12236	cholCost: 2688	addCost: 2200	backsolveCost: 16002
node 16	AtA: 18354	cholCost: 8268	addCost: 4072	backsolveCost: 24624
node 17	AtA: 13110	cholCost: 24955	addCost: 10408	backsolveCost: 32114
node 18	AtA: 20976	cholCost: 10555	addCost: 4888	backsolveCost: 31323
node 19	AtA: 21728	cholCost: 65635	addCost: 3352	backsolveCost: 30984
node 20	AtA: 21728	cholCost: 85852	addCost: 6808	backsolveCost: 31662
node 21	AtA: 14736	cholCost: 31131	addCost: 2200	backsolveCost: 16002
node 22	AtA: 16484	cholCost: 52490	addCost: 3352	backsolveCost: 24523
node 23	AtA: 21728	cholCost: 85852	addCost: 6808	backsolveCost: 31662
node 24	AtA: 17358	cholCost: 75952	addCost: 9112	backsolveCost: 25432
node 25	AtA: 14736	cholCost: 32379	addCost: 2728	backsolveCost: 16079
node 26	AtA: 20854	cholCost: 74745	addCost: 4888	backsolveCost: 31323
node 27	AtA: 20854	cholCost: 53322	addCost: 4072	backsolveCost: 24624
node 28	AtA: 14736	cholCost: 32379	addCost: 2728	backsolveCost: 16079
node 29	AtA: 19980	cholCost: 74745	addCost: 4888	backsolveCost: 31323
node 30	AtA: 12988	cholCost: 40865	addCost: 4888	backsolveCost: 16464
node 31	AtA: 7744	cholCost: 75952	addCost: 9112	backsolveCost: 25432
node 32	AtA: 20854	cholCost: 53322	addCost: 4072	backsolveCost: 24624
node 33	AtA: 20854	cholCost: 53322	addCost: 4072	backsolveCost: 24624
node 34	AtA: 20854	cholCost: 53322	addCost: 4072	backsolveCost: 24624
node 35	AtA: 20854	cholCost: 53322	addCost: 4072	backsolveCost: 24624
node 36	AtA: 4230	cholCost: 89264	addCost: 13288	backsolveCost: 25836
node 37	AtA: 16484	cholCost: 52490	addCost: 3352	backsolveCost: 24523
node 38	AtA: 17358	cholCost: 57981	addCost: 4888	backsolveCost: 24826
node 39	AtA: 20854	cholCost: 53322	addCost: 4072	backsolveCost: 24624
node 40	AtA: 20854	cholCost: 53322	addCost: 4072	backsolveCost: 24624
node 41	AtA: 14736	cholCost: 31131	addCost: 2200	backsolveCost: 16002
node 42	AtA: 21728	cholCost: 74745	addCost: 4888	backsolveCost: 31323
node 43	AtA: 20854	cholCost: 53322	addCost: 4072	backsolveCost: 24624
node 44	AtA: 14736	cholCost: 31131	addCost: 2200	backsolveCost: 16002
node 45	AtA: 21728	cholCost: 74745	addCost: 4888	backsolveCost: 31323
node 46	AtA: 12114	cholCost: 124488	addCost: 9112	backsolveCost: 43195
node 47	AtA: 3884	cholCost: 66324	addCost: 14872	backsolveCost: 17388
node 48	AtA: 10366	cholCost: 108400	addCost: 18328	backsolveCost: 26341
node 49	AtA: 20854	cholCost: 53322	addCost: 4072	backsolveCost: 24624
node 50	AtA: 20854	cholCost: 53322	addCost: 4072	backsolveCost: 24624
node 51	AtA: 14736	cholCost: 32379	addCost: 2728	backsolveCost: 16079
node 52	AtA: 19980	cholCost: 74745	addCost: 4888	backsolveCost: 31323
node 53	AtA: 12988	cholCost: 40865	addCost: 4888	backsolveCost: 16464
node 54	AtA: 19980	cholCost: 158856	addCost: 14872	backsolveCost: 52578
node 55	AtA: 21728	cholCost: 74745	addCost: 4888	backsolveCost: 31323
node 56	AtA: 20854	cholCost: 53322	addCost: 4072	backsolveCost: 24624
node 57	AtA: 13862	cholCost: 75952	addCost: 9112	backsolveCost: 25432
node 58	AtA: 21728	cholCost: 74745	addCost: 4888	backsolveCost: 31323
node 59	AtA: 8618	cholCost: 125164	addCost: 14872	backsolveCost: 32679
node 60	AtA: 20854	cholCost: 57981	addCost: 4888	backsolveCost: 24826
node 61	AtA: 14736	cholCost: 31131	addCost: 2200	backsolveCost: 16002
node 62	AtA: 21728	cholCost: 74745	addCost: 4888	backsolveCost: 31323
node 63	AtA: 9492	cholCost: 51972	addCost: 7912	backsolveCost: 16772
node 64	AtA: 20854	cholCost: 53322	addCost: 4072	backsolveCost: 24624
node 65	AtA: 14736	cholCost: 31131	addCost: 2200	backsolveCost: 16002
node 66	AtA: 18232	cholCost: 52490	addCost: 3352	backsolveCost: 24523
node 67	AtA: 12114	cholCost: 45108	addCost: 5800	backsolveCost: 16541
node 68	AtA: 12988	cholCost: 45108	addCost: 5800	backsolveCost: 16541
node 69	AtA: 14736	cholCost: 88432	addCost: 11800	backsolveCost: 25735
node 70	AtA: 7744	cholCost: 89264	addCost: 13288	backsolveCost: 25836
node 71	AtA: 7744	cholCost: 115888	addCost: 22168	backsolveCost: 26644
node 72	AtA: 20854	cholCost: 53322	addCost: 4072	backsolveCost: 24624
node 73	AtA: 20854	cholCost: 53322	addCost: 4072	backsolveCost: 24624
node 74	AtA: 16484	cholCost: 52490	addCost: 3352	backsolveCost: 24523
node 75	AtA: 21728	cholCost: 74745	addCost: 4888	backsolveCost: 31323
node 76	AtA: 3884	cholCost: 52596	addCost: 9112	backsolveCost: 16926
node 77	AtA: 10366	cholCost: 88432	addCost: 11800	backsolveCost: 25735
node 78	AtA: 13862	cholCost: 108400	addCost: 18328	backsolveCost: 26341
node 79	AtA: 20854	cholCost: 53322	addCost: 4072	backsolveCost: 24624
node 80	AtA: 20854	cholCost: 53322	addCost: 4072	backsolveCost: 24624
node 81	AtA: 14736	cholCost: 32379	addCost: 2728	backsolveCost: 16079
node 82	AtA: 20854	cholCost: 74745	addCost: 4888	backsolveCost: 31323
node 83	AtA: 19980	cholCost: 158856	addCost: 14872	backsolveCost: 52578
node 84	AtA: 20854	cholCost: 53322	addCost: 4072	backsolveCost: 24624
node 85	AtA: 20854	cholCost: 53322	addCost: 4072	backsolveCost: 24624
node 86	AtA: 14736	cholCost: 32379	addCost: 2728	backsolveCost: 16079
node 87	AtA: 20854	cholCost: 74745	addCost: 4888	backsolveCost: 31323
node 88	AtA: 14736	cholCost: 32379	addCost: 2728	backsolveCost: 16079
node 89	AtA: 20854	cholCost: 74745	addCost: 4888	backsolveCost: 31323
node 90	AtA: 8618	cholCost: 125164	addCost: 14872	backsolveCost: 32679
node 91	AtA: 8618	cholCost: 153369	addCost: 22168	backsolveCost: 33357
node 92	AtA: 5268	cholCost: 204783	addCost: 24232	backsolveCost: 53621
node 93	AtA: 12988	cholCost: 327882	addCost: 22168	backsolveCost: 95053
node 94	AtA: 4576	cholCost: 153369	addCost: 22168	backsolveCost: 33357
node 95	AtA: 9492	cholCost: 204111	addCost: 26392	backsolveCost: 45250
node 96	AtA: 5614	cholCost: 262210	addCost: 26392	backsolveCost: 68161
node 97	AtA: 15610	cholCost: 433110	addCost: 22168	backsolveCost: 141465
node 98	AtA: 26098	cholCost: 526450	addCost: 1192	backsolveCost: 428150
node 99	AtA: 6870	cholCost: 16194	addCost: 1000	backsolveCost: 10977
node 100	AtA: -1	cholCost: 0	addCost: -1	backsolveCost: 1561

