cliques
137
node 0	AtA: 14858	cholCost: 3328	addCost: 2200	backsolveCost: 24220
node 1	AtA: 12236	cholCost: 2688	addCost: 2200	backsolveCost: 16002
node 2	AtA: 12236	cholCost: 2688	addCost: 2200	backsolveCost: 16002
node 3	AtA: 12236	cholCost: 4884	addCost: 3352	backsolveCost: 16233
node 4	AtA: 18354	cholCost: 8268	addCost: 4072	backsolveCost: 24624
node 5	AtA: 20854	cholCost: 53322	addCost: 4072	backsolveCost: 24624
node 6	AtA: 20854	cholCost: 53322	addCost: 4072	backsolveCost: 24624
node 7	AtA: 12988	cholCost: 58836	addCost: 10408	backsolveCost: 17003
node 8	AtA: 20854	cholCost: 53322	addCost: 4072	backsolveCost: 24624
node 9	AtA: 20854	cholCost: 53322	addCost: 4072	backsolveCost: 24624
node 10	AtA: 12988	cholCost: 58836	addCost: 10408	backsolveCost: 17003
node 11	AtA: 20854	cholCost: 53322	addCost: 4072	backsolveCost: 24624
node 12	AtA: 20854	cholCost: 53322	addCost: 4072	backsolveCost: 24624
node 13	AtA: 19106	cholCost: 52490	addCost: 3352	backsolveCost: 24523
node 14	AtA: 17358	cholCost: 57981	addCost: 4888	backsolveCost: 24826
node 15	AtA: 14736	cholCost: 125164	addCost: 14872	backsolveCost: 32679
node 16	AtA: 14736	cholCost: 32379	addCost: 2728	backsolveCost: 16079
node 17	AtA: 19980	cholCost: 74745	addCost: 4888	backsolveCost: 31323
node 18	AtA: 12988	cholCost: 40865	addCost: 4888	backsolveCost: 16464
node 19	AtA: 23476	cholCost: 74745	addCost: 4888	backsolveCost: 31323
node 20	AtA: 14736	cholCost: 31131	addCost: 2200	backsolveCost: 16002
node 21	AtA: 13862	cholCost: 40241	addCost: 4072	backsolveCost: 16310
node 22	AtA: 17358	cholCost: 61808	addCost: 5800	backsolveCost: 24927
node 23	AtA: 11240	cholCost: 58836	addCost: 10408	backsolveCost: 17003
node 24	AtA: 6870	cholCost: 58836	addCost: 10408	backsolveCost: 17003
node 25	AtA: 20854	cholCost: 53322	addCost: 4072	backsolveCost: 24624
node 26	AtA: 14736	cholCost: 32379	addCost: 2728	backsolveCost: 16079
node 27	AtA: 20854	cholCost: 74745	addCost: 4888	backsolveCost: 31323
node 28	AtA: 14736	cholCost: 32379	addCost: 2728	backsolveCost: 16079
node 29	AtA: 20854	cholCost: 74745	addCost: 4888	backsolveCost: 31323
node 30	AtA: 17358	cholCost: 150120	addCost: 11800	backsolveCost: 52131
node 31	AtA: 20854	cholCost: 53322	addCost: 4072	backsolveCost: 24624
node 32	AtA: 14736	cholCost: 32379	addCost: 2728	backsolveCost: 16079
node 33	AtA: 20854	cholCost: 74745	addCost: 4888	backsolveCost: 31323
node 34	AtA: 20854	cholCost: 53322	addCost: 4072	backsolveCost: 24624
node 35	AtA: 20854	cholCost: 53322	addCost: 4072	backsolveCost: 24624
node 36	AtA: 22602	cholCost: 149448	addCost: 13288	backsolveCost: 43743
node 37	AtA: 12114	cholCost: 165672	addCost: 18328	backsolveCost: 44428
node 38	AtA: 7744	cholCost: 132362	addCost: 26392	backsolveCost: 26947
node 39	AtA: 20854	cholCost: 53322	addCost: 4072	backsolveCost: 24624
node 40	AtA: 20854	cholCost: 53322	addCost: 4072	backsolveCost: 24624
node 41	AtA: 20854	cholCost: 53322	addCost: 4072	backsolveCost: 24624
node 42	AtA: 16484	cholCost: 52490	addCost: 3352	backsolveCost: 24523
node 43	AtA: 17358	cholCost: 57981	addCost: 4888	backsolveCost: 24826
node 44	AtA: 13862	cholCost: 75952	addCost: 9112	backsolveCost: 25432
node 45	AtA: 20854	cholCost: 53322	addCost: 4072	backsolveCost: 24624
node 46	AtA: 19980	cholCost: 52490	addCost: 3352	backsolveCost: 24523
node 47	AtA: 12988	cholCost: 52596	addCost: 9112	backsolveCost: 16926
node 48	AtA: 19228	cholCost: 15235	addCost: 6808	backsolveCost: 31662
node 49	AtA: 14736	cholCost: 31131	addCost: 2200	backsolveCost: 16002
node 50	AtA: 12988	cholCost: 40865	addCost: 4888	backsolveCost: 16464
node 51	AtA: 12988	cholCost: 40865	addCost: 4888	backsolveCost: 16464
node 52	AtA: 19980	cholCost: 150120	addCost: 11800	backsolveCost: 52131
node 53	AtA: 4230	cholCost: 95920	addCost: 14872	backsolveCost: 26038
node 54	AtA: 20854	cholCost: 53322	addCost: 4072	backsolveCost: 24624
node 55	AtA: 20854	cholCost: 53322	addCost: 4072	backsolveCost: 24624
node 56	AtA: 20854	cholCost: 57981	addCost: 4888	backsolveCost: 24826
node 57	AtA: 20854	cholCost: 53322	addCost: 4072	backsolveCost: 24624
node 58	AtA: 20854	cholCost: 53322	addCost: 4072	backsolveCost: 24624
node 59	AtA: 23476	cholCost: 138888	addCost: 10408	backsolveCost: 51833
node 60	AtA: 9492	cholCost: 66324	addCost: 14872	backsolveCost: 17388
node 61	AtA: 3884	cholCost: 85044	addCost: 22168	backsolveCost: 17850
node 62	AtA: 12988	cholCost: 230070	addCost: 33448	backsolveCost: 45798
node 63	AtA: 5960	cholCost: 404273	addCost: 44200	backsolveCost: 80600
node 64	AtA: 5960	cholCost: 405937	addCost: 47128	backsolveCost: 80970
node 65	AtA: 20854	cholCost: 53322	addCost: 4072	backsolveCost: 24624
node 66	AtA: 20854	cholCost: 53322	addCost: 4072	backsolveCost: 24624
node 67	AtA: 12988	cholCost: 58836	addCost: 10408	backsolveCost: 17003
node 68	AtA: 14736	cholCost: 31131	addCost: 2200	backsolveCost: 16002
node 69	AtA: 21728	cholCost: 74745	addCost: 4888	backsolveCost: 31323
node 70	AtA: 14736	cholCost: 31131	addCost: 2200	backsolveCost: 16002
node 71	AtA: 16484	cholCost: 52490	addCost: 3352	backsolveCost: 24523
node 72	AtA: 21728	cholCost: 85852	addCost: 6808	backsolveCost: 31662
node 73	AtA: 20854	cholCost: 53322	addCost: 4072	backsolveCost: 24624
node 74	AtA: 20854	cholCost: 53322	addCost: 4072	backsolveCost: 24624
node 75	AtA: 14736	cholCost: 31131	addCost: 2200	backsolveCost: 16002
node 76	AtA: 21728	cholCost: 74745	addCost: 4888	backsolveCost: 31323
node 77	AtA: 13862	cholCost: 75952	addCost: 9112	backsolveCost: 25432
node 78	AtA: 13862	cholCost: 95920	addCost: 14872	backsolveCost: 26038
node 79	AtA: 5268	cholCost: 179573	addCost: 18328	backsolveCost: 53025
node 80	AtA: 4230	cholCost: 115888	addCost: 22168	backsolveCost: 26644
node 81	AtA: 20854	cholCost: 53322	addCost: 4072	backsolveCost: 24624
node 82	AtA: 21728	cholCost: 92924	addCost: 7912	backsolveCost: 31775
node 83	AtA: 20854	cholCost: 53322	addCost: 4072	backsolveCost: 24624
node 84	AtA: 14736	cholCost: 32379	addCost: 2728	backsolveCost: 16079
node 85	AtA: 19980	cholCost: 74745	addCost: 4888	backsolveCost: 31323
node 86	AtA: 12988	cholCost: 40865	addCost: 4888	backsolveCost: 16464
node 87	AtA: 14736	cholCost: 32379	addCost: 2728	backsolveCost: 16079
node 88	AtA: 20854	cholCost: 74745	addCost: 4888	backsolveCost: 31323
node 89	AtA: 20854	cholCost: 53322	addCost: 4072	backsolveCost: 24624
node 90	AtA: 13862	cholCost: 75952	addCost: 9112	backsolveCost: 25432
node 91	AtA: 7744	cholCost: 95920	addCost: 14872	backsolveCost: 26038
node 92	AtA: 20854	cholCost: 53322	addCost: 4072	backsolveCost: 24624
node 93	AtA: 20854	cholCost: 53322	addCost: 4072	backsolveCost: 24624
node 94	AtA: 12988	cholCost: 58836	addCost: 10408	backsolveCost: 17003
node 95	AtA: 20854	cholCost: 53322	addCost: 4072	backsolveCost: 24624
node 96	AtA: 14736	cholCost: 31131	addCost: 2200	backsolveCost: 16002
node 97	AtA: 20854	cholCost: 74745	addCost: 4888	backsolveCost: 31323
node 98	AtA: 9492	cholCost: 45732	addCost: 6808	backsolveCost: 16695
node 99	AtA: 13862	cholCost: 88432	addCost: 11800	backsolveCost: 25735
node 100	AtA: 20854	cholCost: 53322	addCost: 4072	backsolveCost: 24624
node 101	AtA: 20854	cholCost: 53322	addCost: 4072	backsolveCost: 24624
node 102	AtA: 22602	cholCost: 149448	addCost: 13288	backsolveCost: 43743
node 103	AtA: 20854	cholCost: 53322	addCost: 4072	backsolveCost: 24624
node 104	AtA: 14736	cholCost: 31131	addCost: 2200	backsolveCost: 16002
node 105	AtA: 21728	cholCost: 74745	addCost: 4888	backsolveCost: 31323
node 106	AtA: 19106	cholCost: 124488	addCost: 9112	backsolveCost: 43195
node 107	AtA: 20854	cholCost: 53322	addCost: 4072	backsolveCost: 24624
node 108	AtA: 14736	cholCost: 31131	addCost: 2200	backsolveCost: 16002
node 109	AtA: 16484	cholCost: 52490	addCost: 3352	backsolveCost: 24523
node 110	AtA: 17358	cholCost: 57981	addCost: 4888	backsolveCost: 24826
node 111	AtA: 13862	cholCost: 75952	addCost: 9112	backsolveCost: 25432
node 112	AtA: 14736	cholCost: 296110	addCost: 26392	backsolveCost: 78750
node 113	AtA: 20854	cholCost: 53322	addCost: 4072	backsolveCost: 24624
node 114	AtA: 20854	cholCost: 53322	addCost: 4072	backsolveCost: 24624
node 115	AtA: 20854	cholCost: 53322	addCost: 4072	backsolveCost: 24624
node 116	AtA: 21728	cholCost: 92924	addCost: 7912	backsolveCost: 31775
node 117	AtA: 10366	cholCost: 101744	addCost: 16552	backsolveCost: 26139
node 118	AtA: 14736	cholCost: 32379	addCost: 2728	backsolveCost: 16079
node 119	AtA: 19980	cholCost: 74745	addCost: 4888	backsolveCost: 31323
node 120	AtA: 12988	cholCost: 40865	addCost: 4888	backsolveCost: 16464
node 121	AtA: 20854	cholCost: 53322	addCost: 4072	backsolveCost: 24624
node 122	AtA: 13862	cholCost: 75952	addCost: 9112	backsolveCost: 25432
node 123	AtA: 14736	cholCost: 32379	addCost: 2728	backsolveCost: 16079
node 124	AtA: 19980	cholCost: 74745	addCost: 4888	backsolveCost: 31323
node 125	AtA: 12988	cholCost: 40865	addCost: 4888	backsolveCost: 16464
node 126	AtA: 20854	cholCost: 53322	addCost: 4072	backsolveCost: 24624
node 127	AtA: 13862	cholCost: 75952	addCost: 9112	backsolveCost: 25432
node 128	AtA: 15610	cholCost: 329058	addCost: 31000	backsolveCost: 79305
node 129	AtA: 5268	cholCost: 284657	addCost: 44200	backsolveCost: 55409
node 130	AtA: 6998	cholCost: 540906	addCost: 44200	backsolveCost: 130257
node 131	AtA: 14736	cholCost: 540906	addCost: 44200	backsolveCost: 130257
node 132	AtA: 5960	cholCost: 404273	addCost: 44200	backsolveCost: 80600
node 133	AtA: 18232	cholCost: 676245	addCost: 33448	backsolveCost: 207153
node 134	AtA: 40082	cholCost: 1158338	addCost: 1192	backsolveCost: 941970
node 135	AtA: 6870	cholCost: 16194	addCost: 1000	backsolveCost: 10977
node 136	AtA: -1	cholCost: 0	addCost: -1	backsolveCost: 1561

