cliques
91
node 0	AtA: 12236	cholCost: 0	addCost: 2200	backsolveCost: 16002
node 1	AtA: 18354	cholCost: 5520	addCost: 2728	backsolveCost: 30758
node 2	AtA: 9614	cholCost: 7728	addCost: 4888	backsolveCost: 16464
node 3	AtA: 11362	cholCost: 10111	addCost: 5800	backsolveCost: 16541
node 4	AtA: 12236	cholCost: 2688	addCost: 2200	backsolveCost: 16002
node 5	AtA: 12236	cholCost: 0	addCost: 2200	backsolveCost: 16002
node 6	AtA: 12236	cholCost: 2688	addCost: 2200	backsolveCost: 16002
node 7	AtA: 18354	cholCost: 8268	addCost: 4072	backsolveCost: 24624
node 8	AtA: 12236	cholCost: 2688	addCost: 2200	backsolveCost: 16002
node 9	AtA: 17480	cholCost: 6155	addCost: 3352	backsolveCost: 24523
node 10	AtA: 18354	cholCost: 8413	addCost: 4072	backsolveCost: 24624
node 11	AtA: 12236	cholCost: 2688	addCost: 2200	backsolveCost: 16002
node 12	AtA: 10488	cholCost: 7728	addCost: 4888	backsolveCost: 16464
node 13	AtA: 12236	cholCost: 2688	addCost: 2200	backsolveCost: 16002
node 14	AtA: 19228	cholCost: 10416	addCost: 4888	backsolveCost: 31323
node 15	AtA: 12236	cholCost: 2688	addCost: 2200	backsolveCost: 16002
node 16	AtA: 18354	cholCost: 8268	addCost: 4072	backsolveCost: 24624
node 17	AtA: 19228	cholCost: 18853	addCost: 7912	backsolveCost: 31775
node 18	AtA: 18354	cholCost: 26065	addCost: 9112	backsolveCost: 51684
node 19	AtA: 18354	cholCost: 8268	addCost: 4072	backsolveCost: 24624
node 20	AtA: 18354	cholCost: 9520	addCost: 4888	backsolveCost: 24826
node 21	AtA: 20854	cholCost: 53322	addCost: 4072	backsolveCost: 24624
node 22	AtA: 14736	cholCost: 31131	addCost: 2200	backsolveCost: 16002
node 23	AtA: 21728	cholCost: 74745	addCost: 4888	backsolveCost: 31323
node 24	AtA: 14736	cholCost: 31131	addCost: 2200	backsolveCost: 16002
node 25	AtA: 21728	cholCost: 74745	addCost: 4888	backsolveCost: 31323
node 26	AtA: 20854	cholCost: 53322	addCost: 4072	backsolveCost: 24624
node 27	AtA: 12988	cholCost: 40865	addCost: 4888	backsolveCost: 16464
node 28	AtA: 19228	cholCost: 10555	addCost: 4888	backsolveCost: 31323
node 29	AtA: 16484	cholCost: 150120	addCost: 11800	backsolveCost: 52131
node 30	AtA: 20854	cholCost: 53322	addCost: 4072	backsolveCost: 24624
node 31	AtA: 14736	cholCost: 31131	addCost: 2200	backsolveCost: 16002
node 32	AtA: 21728	cholCost: 74745	addCost: 4888	backsolveCost: 31323
node 33	AtA: 14736	cholCost: 31131	addCost: 2200	backsolveCost: 16002
node 34	AtA: 21728	cholCost: 74745	addCost: 4888	backsolveCost: 31323
node 35	AtA: 14736	cholCost: 31131	addCost: 2200	backsolveCost: 16002
node 36	AtA: 21728	cholCost: 74745	addCost: 4888	backsolveCost: 31323
node 37	AtA: 19980	cholCost: 126408	addCost: 9112	backsolveCost: 51684
node 38	AtA: 4230	cholCost: 95920	addCost: 14872	backsolveCost: 26038
node 39	AtA: 15610	cholCost: 156936	addCost: 14872	backsolveCost: 44017
node 40	AtA: 20854	cholCost: 53322	addCost: 4072	backsolveCost: 24624
node 41	AtA: 20854	cholCost: 53322	addCost: 4072	backsolveCost: 24624
node 42	AtA: 16484	cholCost: 52490	addCost: 3352	backsolveCost: 24523
node 43	AtA: 17358	cholCost: 57981	addCost: 4888	backsolveCost: 24826
node 44	AtA: 17358	cholCost: 68464	addCost: 6808	backsolveCost: 25129
node 45	AtA: 11240	cholCost: 107068	addCost: 11800	backsolveCost: 32340
node 46	AtA: 20854	cholCost: 53322	addCost: 4072	backsolveCost: 24624
node 47	AtA: 12236	cholCost: 2688	addCost: 2200	backsolveCost: 16002
node 48	AtA: 12988	cholCost: 40865	addCost: 4888	backsolveCost: 16464
node 49	AtA: 12988	cholCost: 40865	addCost: 4888	backsolveCost: 16464
node 50	AtA: 4230	cholCost: 75952	addCost: 9112	backsolveCost: 25432
node 51	AtA: 14736	cholCost: 31131	addCost: 2200	backsolveCost: 16002
node 52	AtA: 14736	cholCost: 31131	addCost: 2200	backsolveCost: 16002
node 53	AtA: 12988	cholCost: 40865	addCost: 4888	backsolveCost: 16464
node 54	AtA: 12988	cholCost: 40865	addCost: 4888	backsolveCost: 16464
node 55	AtA: 17358	cholCost: 68464	addCost: 6808	backsolveCost: 25129
node 56	AtA: 14736	cholCost: 31131	addCost: 2200	backsolveCost: 16002
node 57	AtA: 21728	cholCost: 74745	addCost: 4888	backsolveCost: 31323
node 58	AtA: 18354	cholCost: 8268	addCost: 4072	backsolveCost: 24624
node 59	AtA: 13862	cholCost: 75952	addCost: 9112	backsolveCost: 25432
node 60	AtA: 4922	cholCost: 178901	addCost: 20200	backsolveCost: 44565
node 61	AtA: 14736	cholCost: 31131	addCost: 2200	backsolveCost: 16002
node 62	AtA: 21728	cholCost: 74745	addCost: 4888	backsolveCost: 31323
node 63	AtA: 17358	cholCost: 68464	addCost: 6808	backsolveCost: 25129
node 64	AtA: 20854	cholCost: 53322	addCost: 4072	backsolveCost: 24624
node 65	AtA: 21728	cholCost: 65635	addCost: 3352	backsolveCost: 30984
node 66	AtA: 23476	cholCost: 126408	addCost: 9112	backsolveCost: 51684
node 67	AtA: 16484	cholCost: 52490	addCost: 3352	backsolveCost: 24523
node 68	AtA: 20854	cholCost: 53322	addCost: 4072	backsolveCost: 24624
node 69	AtA: 15610	cholCost: 124488	addCost: 9112	backsolveCost: 43195
node 70	AtA: 14736	cholCost: 246522	addCost: 16552	backsolveCost: 77270
node 71	AtA: 18232	cholCost: 52490	addCost: 3352	backsolveCost: 24523
node 72	AtA: 16484	cholCost: 57981	addCost: 4888	backsolveCost: 24826
node 73	AtA: 12988	cholCost: 40865	addCost: 4888	backsolveCost: 16464
node 74	AtA: 13862	cholCost: 75952	addCost: 9112	backsolveCost: 25432
node 75	AtA: 14736	cholCost: 32379	addCost: 2728	backsolveCost: 16079
node 76	AtA: 17358	cholCost: 53322	addCost: 4072	backsolveCost: 24624
node 77	AtA: 14736	cholCost: 32379	addCost: 2728	backsolveCost: 16079
node 78	AtA: 20854	cholCost: 74745	addCost: 4888	backsolveCost: 31323
node 79	AtA: 9492	cholCost: 81776	addCost: 10408	backsolveCost: 25533
node 80	AtA: 12114	cholCost: 132236	addCost: 16552	backsolveCost: 32792
node 81	AtA: 7744	cholCost: 108400	addCost: 18328	backsolveCost: 26341
node 82	AtA: 12114	cholCost: 165672	addCost: 18328	backsolveCost: 44428
node 83	AtA: 11240	cholCost: 220526	addCost: 18328	backsolveCost: 67123
node 84	AtA: 5960	cholCost: 248186	addCost: 18328	backsolveCost: 77640
node 85	AtA: 4922	cholCost: 165672	addCost: 18328	backsolveCost: 44428
node 86	AtA: 5268	cholCost: 179573	addCost: 18328	backsolveCost: 53025
node 87	AtA: 5614	cholCost: 169940	addCost: 10408	backsolveCost: 65739
node 88	AtA: 27846	cholCost: 343080	addCost: 1192	backsolveCost: 289947
node 89	AtA: 6870	cholCost: 16194	addCost: 1000	backsolveCost: 10977
node 90	AtA: -1	cholCost: 0	addCost: -1	backsolveCost: 1561

