cliques
130
node 0	AtA: 14858	cholCost: 0	addCost: 2200	backsolveCost: 24220
node 1	AtA: 12236	cholCost: 2688	addCost: 2200	backsolveCost: 16002
node 2	AtA: 20976	cholCost: 10416	addCost: 4888	backsolveCost: 31323
node 3	AtA: 12236	cholCost: 2688	addCost: 2200	backsolveCost: 16002
node 4	AtA: 13984	cholCost: 6028	addCost: 3352	backsolveCost: 24523
node 5	AtA: 17480	cholCost: 0	addCost: 3352	backsolveCost: 24523
node 6	AtA: 12236	cholCost: 2688	addCost: 2200	backsolveCost: 16002
node 7	AtA: 12236	cholCost: 9984	addCost: 5800	backsolveCost: 16541
node 8	AtA: 14858	cholCost: 8268	addCost: 4072	backsolveCost: 24624
node 9	AtA: 19228	cholCost: 10416	addCost: 4888	backsolveCost: 31323
node 10	AtA: 18354	cholCost: 8407	addCost: 4072	backsolveCost: 24624
node 11	AtA: 12236	cholCost: 2688	addCost: 2200	backsolveCost: 16002
node 12	AtA: 12236	cholCost: 2688	addCost: 2200	backsolveCost: 16002
node 13	AtA: 18354	cholCost: 8413	addCost: 4072	backsolveCost: 24624
node 14	AtA: 20854	cholCost: 53322	addCost: 4072	backsolveCost: 24624
node 15	AtA: 20854	cholCost: 53322	addCost: 4072	backsolveCost: 24624
node 16	AtA: 14736	cholCost: 31131	addCost: 2200	backsolveCost: 16002
node 17	AtA: 12988	cholCost: 40865	addCost: 4888	backsolveCost: 16464
node 18	AtA: 12988	cholCost: 40865	addCost: 4888	backsolveCost: 16464
node 19	AtA: 13862	cholCost: 108400	addCost: 18328	backsolveCost: 26341
node 20	AtA: 10488	cholCost: 18631	addCost: 10408	backsolveCost: 17003
node 21	AtA: 23476	cholCost: 74745	addCost: 4888	backsolveCost: 31323
node 22	AtA: 17358	cholCost: 61808	addCost: 5800	backsolveCost: 24927
node 23	AtA: 11240	cholCost: 75952	addCost: 9112	backsolveCost: 25432
node 24	AtA: 11240	cholCost: 158856	addCost: 14872	backsolveCost: 52578
node 25	AtA: 4576	cholCost: 163478	addCost: 26392	backsolveCost: 33696
node 26	AtA: 20854	cholCost: 53322	addCost: 4072	backsolveCost: 24624
node 27	AtA: 20854	cholCost: 53322	addCost: 4072	backsolveCost: 24624
node 28	AtA: 21728	cholCost: 92924	addCost: 7912	backsolveCost: 31775
node 29	AtA: 12988	cholCost: 72564	addCost: 16552	backsolveCost: 17465
node 30	AtA: 20854	cholCost: 53322	addCost: 4072	backsolveCost: 24624
node 31	AtA: 21728	cholCost: 74745	addCost: 4888	backsolveCost: 31323
node 32	AtA: 14736	cholCost: 31131	addCost: 2200	backsolveCost: 16002
node 33	AtA: 21728	cholCost: 74745	addCost: 4888	backsolveCost: 31323
node 34	AtA: 17358	cholCost: 68464	addCost: 6808	backsolveCost: 25129
node 35	AtA: 9492	cholCost: 64452	addCost: 11800	backsolveCost: 17157
node 36	AtA: 15610	cholCost: 138216	addCost: 11800	backsolveCost: 43606
node 37	AtA: 11240	cholCost: 163478	addCost: 26392	backsolveCost: 33696
node 38	AtA: 20854	cholCost: 53322	addCost: 4072	backsolveCost: 24624
node 39	AtA: 14736	cholCost: 32379	addCost: 2728	backsolveCost: 16079
node 40	AtA: 18232	cholCost: 57981	addCost: 4888	backsolveCost: 24826
node 41	AtA: 14736	cholCost: 32379	addCost: 2728	backsolveCost: 16079
node 42	AtA: 20854	cholCost: 74745	addCost: 4888	backsolveCost: 31323
node 43	AtA: 20854	cholCost: 53322	addCost: 4072	backsolveCost: 24624
node 44	AtA: 18232	cholCost: 52490	addCost: 3352	backsolveCost: 24523
node 45	AtA: 17358	cholCost: 57981	addCost: 4888	backsolveCost: 24826
node 46	AtA: 17358	cholCost: 150120	addCost: 11800	backsolveCost: 52131
node 47	AtA: 12988	cholCost: 165672	addCost: 18328	backsolveCost: 44428
node 48	AtA: 20854	cholCost: 53322	addCost: 4072	backsolveCost: 24624
node 49	AtA: 20854	cholCost: 53322	addCost: 4072	backsolveCost: 24624
node 50	AtA: 22602	cholCost: 149448	addCost: 13288	backsolveCost: 43743
node 51	AtA: 23476	cholCost: 74745	addCost: 4888	backsolveCost: 31323
node 52	AtA: 20976	cholCost: 10561	addCost: 4888	backsolveCost: 31323
node 53	AtA: 12236	cholCost: 2688	addCost: 2200	backsolveCost: 16002
node 54	AtA: 12236	cholCost: 6708	addCost: 4072	backsolveCost: 16310
node 55	AtA: 14736	cholCost: 31131	addCost: 2200	backsolveCost: 16002
node 56	AtA: 21728	cholCost: 74745	addCost: 4888	backsolveCost: 31323
node 57	AtA: 9492	cholCost: 51972	addCost: 7912	backsolveCost: 16772
node 58	AtA: 14736	cholCost: 156936	addCost: 14872	backsolveCost: 44017
node 59	AtA: 12114	cholCost: 384970	addCost: 41368	backsolveCost: 80415
node 60	AtA: 5614	cholCost: 364008	addCost: 50152	backsolveCost: 70410
node 61	AtA: 23476	cholCost: 74745	addCost: 4888	backsolveCost: 31323
node 62	AtA: 23476	cholCost: 150120	addCost: 11800	backsolveCost: 52131
node 63	AtA: 14736	cholCost: 31131	addCost: 2200	backsolveCost: 16002
node 64	AtA: 14736	cholCost: 31131	addCost: 2200	backsolveCost: 16002
node 65	AtA: 12988	cholCost: 40865	addCost: 4888	backsolveCost: 16464
node 66	AtA: 12988	cholCost: 40865	addCost: 4888	backsolveCost: 16464
node 67	AtA: 14736	cholCost: 31131	addCost: 2200	backsolveCost: 16002
node 68	AtA: 21728	cholCost: 74745	addCost: 4888	backsolveCost: 31323
node 69	AtA: 20854	cholCost: 53322	addCost: 4072	backsolveCost: 24624
node 70	AtA: 13862	cholCost: 75952	addCost: 9112	backsolveCost: 25432
node 71	AtA: 10366	cholCost: 194626	addCost: 24232	backsolveCost: 44976
node 72	AtA: 20854	cholCost: 53322	addCost: 4072	backsolveCost: 24624
node 73	AtA: 20854	cholCost: 53322	addCost: 4072	backsolveCost: 24624
node 74	AtA: 22602	cholCost: 149448	addCost: 13288	backsolveCost: 43743
node 75	AtA: 18354	cholCost: 8268	addCost: 4072	backsolveCost: 24624
node 76	AtA: 14736	cholCost: 31131	addCost: 2200	backsolveCost: 16002
node 77	AtA: 21728	cholCost: 74745	addCost: 4888	backsolveCost: 31323
node 78	AtA: 17358	cholCost: 68464	addCost: 6808	backsolveCost: 25129
node 79	AtA: 13862	cholCost: 88432	addCost: 11800	backsolveCost: 25735
node 80	AtA: 11240	cholCost: 153369	addCost: 22168	backsolveCost: 33357
node 81	AtA: 20854	cholCost: 53322	addCost: 4072	backsolveCost: 24624
node 82	AtA: 20854	cholCost: 53322	addCost: 4072	backsolveCost: 24624
node 83	AtA: 20854	cholCost: 53322	addCost: 4072	backsolveCost: 24624
node 84	AtA: 14736	cholCost: 119132	addCost: 13288	backsolveCost: 32453
node 85	AtA: 20854	cholCost: 53322	addCost: 4072	backsolveCost: 24624
node 86	AtA: 12988	cholCost: 64452	addCost: 11800	backsolveCost: 17157
node 87	AtA: 14736	cholCost: 31131	addCost: 2200	backsolveCost: 16002
node 88	AtA: 21728	cholCost: 74745	addCost: 4888	backsolveCost: 31323
node 89	AtA: 20854	cholCost: 53322	addCost: 4072	backsolveCost: 24624
node 90	AtA: 14736	cholCost: 31131	addCost: 2200	backsolveCost: 16002
node 91	AtA: 21728	cholCost: 74745	addCost: 4888	backsolveCost: 31323
node 92	AtA: 4230	cholCost: 75952	addCost: 9112	backsolveCost: 25432
node 93	AtA: 3884	cholCost: 78180	addCost: 18328	backsolveCost: 17619
node 94	AtA: 3884	cholCost: 102766	addCost: 31000	backsolveCost: 18312
node 95	AtA: 4922	cholCost: 265514	addCost: 44200	backsolveCost: 46620
node 96	AtA: 20854	cholCost: 53322	addCost: 4072	backsolveCost: 24624
node 97	AtA: 20854	cholCost: 53322	addCost: 4072	backsolveCost: 24624
node 98	AtA: 22602	cholCost: 149448	addCost: 13288	backsolveCost: 43743
node 99	AtA: 14736	cholCost: 31131	addCost: 2200	backsolveCost: 16002
node 100	AtA: 21728	cholCost: 74745	addCost: 4888	backsolveCost: 31323
node 101	AtA: 21728	cholCost: 74745	addCost: 4888	backsolveCost: 31323
node 102	AtA: 17358	cholCost: 68464	addCost: 6808	backsolveCost: 25129
node 103	AtA: 17358	cholCost: 182836	addCost: 11800	backsolveCost: 66085
node 104	AtA: 11240	cholCost: 153369	addCost: 22168	backsolveCost: 33357
node 105	AtA: 20854	cholCost: 53322	addCost: 4072	backsolveCost: 24624
node 106	AtA: 20854	cholCost: 53322	addCost: 4072	backsolveCost: 24624
node 107	AtA: 20854	cholCost: 53322	addCost: 4072	backsolveCost: 24624
node 108	AtA: 20854	cholCost: 53322	addCost: 4072	backsolveCost: 24624
node 109	AtA: 23476	cholCost: 138888	addCost: 10408	backsolveCost: 51833
node 110	AtA: 3884	cholCost: 72564	addCost: 16552	backsolveCost: 17465
node 111	AtA: 20854	cholCost: 53322	addCost: 4072	backsolveCost: 24624
node 112	AtA: 21728	cholCost: 65635	addCost: 3352	backsolveCost: 30984
node 113	AtA: 21728	cholCost: 85852	addCost: 6808	backsolveCost: 31662
node 114	AtA: 19106	cholCost: 138216	addCost: 11800	backsolveCost: 43606
node 115	AtA: 14736	cholCost: 31131	addCost: 2200	backsolveCost: 16002
node 116	AtA: 21728	cholCost: 74745	addCost: 4888	backsolveCost: 31323
node 117	AtA: 20854	cholCost: 53322	addCost: 4072	backsolveCost: 24624
node 118	AtA: 14736	cholCost: 31131	addCost: 2200	backsolveCost: 16002
node 119	AtA: 16484	cholCost: 52490	addCost: 3352	backsolveCost: 24523
node 120	AtA: 17358	cholCost: 57981	addCost: 4888	backsolveCost: 24826
node 121	AtA: 4230	cholCost: 75952	addCost: 9112	backsolveCost: 25432
node 122	AtA: 3884	cholCost: 78180	addCost: 18328	backsolveCost: 17619
node 123	AtA: 3884	cholCost: 111627	addCost: 35992	backsolveCost: 18543
node 124	AtA: 5614	cholCost: 307347	addCost: 38632	backsolveCost: 69372
node 125	AtA: 7344	cholCost: 613907	addCost: 44200	backsolveCost: 144806
node 126	AtA: 5614	cholCost: 375906	addCost: 53272	backsolveCost: 70756
node 127	AtA: 41830	cholCost: 1385454	addCost: 1192	backsolveCost: 1078382
node 128	AtA: 6870	cholCost: 16194	addCost: 1000	backsolveCost: 10977
node 129	AtA: -1	cholCost: 0	addCost: -1	backsolveCost: 1561

