cliques
122
node 0	AtA: 14858	cholCost: 0	addCost: 2200	backsolveCost: 24220
node 1	AtA: 15732	cholCost: 8268	addCost: 4072	backsolveCost: 24624
node 2	AtA: 12236	cholCost: 2688	addCost: 2200	backsolveCost: 16002
node 3	AtA: 12236	cholCost: 2688	addCost: 2200	backsolveCost: 16002
node 4	AtA: 13984	cholCost: 6028	addCost: 3352	backsolveCost: 24523
node 5	AtA: 14858	cholCost: 9520	addCost: 4888	backsolveCost: 24826
node 6	AtA: 12236	cholCost: 2688	addCost: 2200	backsolveCost: 16002
node 7	AtA: 16606	cholCost: 17831	addCost: 6808	backsolveCost: 42784
node 8	AtA: 20854	cholCost: 53322	addCost: 4072	backsolveCost: 24624
node 9	AtA: 14736	cholCost: 31131	addCost: 2200	backsolveCost: 16002
node 10	AtA: 21728	cholCost: 74745	addCost: 4888	backsolveCost: 31323
node 11	AtA: 14736	cholCost: 31131	addCost: 2200	backsolveCost: 16002
node 12	AtA: 21728	cholCost: 74745	addCost: 4888	backsolveCost: 31323
node 13	AtA: 14736	cholCost: 98956	addCost: 9112	backsolveCost: 32001
node 14	AtA: 13862	cholCost: 95920	addCost: 14872	backsolveCost: 26038
node 15	AtA: 20854	cholCost: 53322	addCost: 4072	backsolveCost: 24624
node 16	AtA: 20854	cholCost: 53322	addCost: 4072	backsolveCost: 24624
node 17	AtA: 23476	cholCost: 138888	addCost: 10408	backsolveCost: 51833
node 18	AtA: 14736	cholCost: 31131	addCost: 2200	backsolveCost: 16002
node 19	AtA: 16484	cholCost: 52490	addCost: 3352	backsolveCost: 24523
node 20	AtA: 17358	cholCost: 57981	addCost: 4888	backsolveCost: 24826
node 21	AtA: 14736	cholCost: 31131	addCost: 2200	backsolveCost: 16002
node 22	AtA: 21728	cholCost: 74745	addCost: 4888	backsolveCost: 31323
node 23	AtA: 14736	cholCost: 98956	addCost: 9112	backsolveCost: 32001
node 24	AtA: 20854	cholCost: 53322	addCost: 4072	backsolveCost: 24624
node 25	AtA: 20854	cholCost: 53322	addCost: 4072	backsolveCost: 24624
node 26	AtA: 20854	cholCost: 53322	addCost: 4072	backsolveCost: 24624
node 27	AtA: 19980	cholCost: 52490	addCost: 3352	backsolveCost: 24523
node 28	AtA: 13862	cholCost: 75952	addCost: 9112	backsolveCost: 25432
node 29	AtA: 3884	cholCost: 66324	addCost: 14872	backsolveCost: 17388
node 30	AtA: 14736	cholCost: 133276	addCost: 18328	backsolveCost: 33018
node 31	AtA: 20854	cholCost: 53322	addCost: 4072	backsolveCost: 24624
node 32	AtA: 20854	cholCost: 53322	addCost: 4072	backsolveCost: 24624
node 33	AtA: 22602	cholCost: 149448	addCost: 13288	backsolveCost: 43743
node 34	AtA: 14736	cholCost: 31131	addCost: 2200	backsolveCost: 16002
node 35	AtA: 16484	cholCost: 52490	addCost: 3352	backsolveCost: 24523
node 36	AtA: 20854	cholCost: 53322	addCost: 4072	backsolveCost: 24624
node 37	AtA: 14736	cholCost: 31131	addCost: 2200	backsolveCost: 16002
node 38	AtA: 21728	cholCost: 74745	addCost: 4888	backsolveCost: 31323
node 39	AtA: 13862	cholCost: 75952	addCost: 9112	backsolveCost: 25432
node 40	AtA: 14736	cholCost: 107068	addCost: 11800	backsolveCost: 32340
node 41	AtA: 3884	cholCost: 85044	addCost: 22168	backsolveCost: 17850
node 42	AtA: 4922	cholCost: 228822	addCost: 31000	backsolveCost: 45661
node 43	AtA: 20854	cholCost: 53322	addCost: 4072	backsolveCost: 24624
node 44	AtA: 20854	cholCost: 53322	addCost: 4072	backsolveCost: 24624
node 45	AtA: 22602	cholCost: 149448	addCost: 13288	backsolveCost: 43743
node 46	AtA: 20854	cholCost: 53322	addCost: 4072	backsolveCost: 24624
node 47	AtA: 20854	cholCost: 53322	addCost: 4072	backsolveCost: 24624
node 48	AtA: 14736	cholCost: 31131	addCost: 2200	backsolveCost: 16002
node 49	AtA: 21728	cholCost: 74745	addCost: 4888	backsolveCost: 31323
node 50	AtA: 20854	cholCost: 53322	addCost: 4072	backsolveCost: 24624
node 51	AtA: 14736	cholCost: 31131	addCost: 2200	backsolveCost: 16002
node 52	AtA: 21728	cholCost: 74745	addCost: 4888	backsolveCost: 31323
node 53	AtA: 12114	cholCost: 124488	addCost: 9112	backsolveCost: 43195
node 54	AtA: 3884	cholCost: 66324	addCost: 14872	backsolveCost: 17388
node 55	AtA: 4230	cholCost: 115888	addCost: 22168	backsolveCost: 26644
node 56	AtA: 23476	cholCost: 74745	addCost: 4888	backsolveCost: 31323
node 57	AtA: 21728	cholCost: 98956	addCost: 9112	backsolveCost: 32001
node 58	AtA: 23476	cholCost: 74745	addCost: 4888	backsolveCost: 31323
node 59	AtA: 23476	cholCost: 74745	addCost: 4888	backsolveCost: 31323
node 60	AtA: 18232	cholCost: 158856	addCost: 14872	backsolveCost: 52578
node 61	AtA: 6870	cholCost: 84420	addCost: 20200	backsolveCost: 17696
node 62	AtA: 20854	cholCost: 53322	addCost: 4072	backsolveCost: 24624
node 63	AtA: 23476	cholCost: 74745	addCost: 4888	backsolveCost: 31323
node 64	AtA: 14736	cholCost: 32379	addCost: 2728	backsolveCost: 16079
node 65	AtA: 20854	cholCost: 74745	addCost: 4888	backsolveCost: 31323
node 66	AtA: 14736	cholCost: 31131	addCost: 2200	backsolveCost: 16002
node 67	AtA: 14736	cholCost: 40241	addCost: 4072	backsolveCost: 16310
node 68	AtA: 20854	cholCost: 57981	addCost: 4888	backsolveCost: 24826
node 69	AtA: 14736	cholCost: 32379	addCost: 2728	backsolveCost: 16079
node 70	AtA: 20854	cholCost: 74745	addCost: 4888	backsolveCost: 31323
node 71	AtA: 14736	cholCost: 125736	addCost: 10408	backsolveCost: 43332
node 72	AtA: 15610	cholCost: 132236	addCost: 16552	backsolveCost: 32792
node 73	AtA: 6870	cholCost: 93905	addCost: 26392	backsolveCost: 18081
node 74	AtA: 9492	cholCost: 246544	addCost: 35992	backsolveCost: 46072
node 75	AtA: 20854	cholCost: 53322	addCost: 4072	backsolveCost: 24624
node 76	AtA: 20854	cholCost: 53322	addCost: 4072	backsolveCost: 24624
node 77	AtA: 12988	cholCost: 58836	addCost: 10408	backsolveCost: 17003
node 78	AtA: 21728	cholCost: 65635	addCost: 3352	backsolveCost: 30984
node 79	AtA: 20854	cholCost: 53322	addCost: 4072	backsolveCost: 24624
node 80	AtA: 18232	cholCost: 52490	addCost: 3352	backsolveCost: 24523
node 81	AtA: 16484	cholCost: 57981	addCost: 4888	backsolveCost: 24826
node 82	AtA: 12988	cholCost: 40865	addCost: 4888	backsolveCost: 16464
node 83	AtA: 17358	cholCost: 126408	addCost: 9112	backsolveCost: 51684
node 84	AtA: 3884	cholCost: 66324	addCost: 14872	backsolveCost: 17388
node 85	AtA: 20854	cholCost: 53322	addCost: 4072	backsolveCost: 24624
node 86	AtA: 20854	cholCost: 53322	addCost: 4072	backsolveCost: 24624
node 87	AtA: 23476	cholCost: 138888	addCost: 10408	backsolveCost: 51833
node 88	AtA: 18232	cholCost: 52490	addCost: 3352	backsolveCost: 24523
node 89	AtA: 16484	cholCost: 57981	addCost: 4888	backsolveCost: 24826
node 90	AtA: 12988	cholCost: 40865	addCost: 4888	backsolveCost: 16464
node 91	AtA: 20854	cholCost: 53322	addCost: 4072	backsolveCost: 24624
node 92	AtA: 14736	cholCost: 32379	addCost: 2728	backsolveCost: 16079
node 93	AtA: 20854	cholCost: 74745	addCost: 4888	backsolveCost: 31323
node 94	AtA: 7744	cholCost: 75952	addCost: 9112	backsolveCost: 25432
node 95	AtA: 21728	cholCost: 74745	addCost: 4888	backsolveCost: 31323
node 96	AtA: 20854	cholCost: 53322	addCost: 4072	backsolveCost: 24624
node 97	AtA: 20854	cholCost: 53322	addCost: 4072	backsolveCost: 24624
node 98	AtA: 23476	cholCost: 138888	addCost: 10408	backsolveCost: 51833
node 99	AtA: 20854	cholCost: 53322	addCost: 4072	backsolveCost: 24624
node 100	AtA: 14736	cholCost: 31131	addCost: 2200	backsolveCost: 16002
node 101	AtA: 21728	cholCost: 74745	addCost: 4888	backsolveCost: 31323
node 102	AtA: 14736	cholCost: 31131	addCost: 2200	backsolveCost: 16002
node 103	AtA: 16484	cholCost: 52490	addCost: 3352	backsolveCost: 24523
node 104	AtA: 13862	cholCost: 75952	addCost: 9112	backsolveCost: 25432
node 105	AtA: 14736	cholCost: 107068	addCost: 11800	backsolveCost: 32340
node 106	AtA: 20854	cholCost: 53322	addCost: 4072	backsolveCost: 24624
node 107	AtA: 20854	cholCost: 53322	addCost: 4072	backsolveCost: 24624
node 108	AtA: 20854	cholCost: 53322	addCost: 4072	backsolveCost: 24624
node 109	AtA: 20854	cholCost: 53322	addCost: 4072	backsolveCost: 24624
node 110	AtA: 12988	cholCost: 58836	addCost: 10408	backsolveCost: 17003
node 111	AtA: 3884	cholCost: 72564	addCost: 16552	backsolveCost: 17465
node 112	AtA: 3884	cholCost: 93905	addCost: 26392	backsolveCost: 18081
node 113	AtA: 5960	cholCost: 296110	addCost: 26392	backsolveCost: 78750
node 114	AtA: 5960	cholCost: 346364	addCost: 33448	backsolveCost: 79490
node 115	AtA: 10366	cholCost: 247216	addCost: 33448	backsolveCost: 54515
node 116	AtA: 14736	cholCost: 491651	addCost: 35992	backsolveCost: 129277
node 117	AtA: 5614	cholCost: 326234	addCost: 41368	backsolveCost: 69718
node 118	AtA: 6998	cholCost: 471516	addCost: 33448	backsolveCost: 128787
node 119	AtA: 13572	cholCost: 767216	addCost: 1192	backsolveCost: 637427
node 120	AtA: 6870	cholCost: 16194	addCost: 1000	backsolveCost: 10977
node 121	AtA: -1	cholCost: 0	addCost: -1	backsolveCost: 1561

