cliques
164
node 0	AtA: 12236	cholCost: 2688	addCost: 2200	backsolveCost: 16002
node 1	AtA: 18354	cholCost: 5520	addCost: 2728	backsolveCost: 30758
node 2	AtA: 9614	cholCost: 7728	addCost: 4888	backsolveCost: 16464
node 3	AtA: 12236	cholCost: 2688	addCost: 2200	backsolveCost: 16002
node 4	AtA: 12236	cholCost: 2688	addCost: 2200	backsolveCost: 16002
node 5	AtA: 12236	cholCost: 0	addCost: 2200	backsolveCost: 16002
node 6	AtA: 13984	cholCost: 6028	addCost: 3352	backsolveCost: 24523
node 7	AtA: 14858	cholCost: 9520	addCost: 4888	backsolveCost: 24826
node 8	AtA: 13984	cholCost: 6028	addCost: 3352	backsolveCost: 24523
node 9	AtA: 12236	cholCost: 2688	addCost: 2200	backsolveCost: 16002
node 10	AtA: 12236	cholCost: 2688	addCost: 2200	backsolveCost: 16002
node 11	AtA: 12236	cholCost: 2688	addCost: 2200	backsolveCost: 16002
node 12	AtA: 19228	cholCost: 10416	addCost: 4888	backsolveCost: 31323
node 13	AtA: 20854	cholCost: 53322	addCost: 4072	backsolveCost: 24624
node 14	AtA: 20854	cholCost: 53322	addCost: 4072	backsolveCost: 24624
node 15	AtA: 23476	cholCost: 138888	addCost: 10408	backsolveCost: 51833
node 16	AtA: 20854	cholCost: 53322	addCost: 4072	backsolveCost: 24624
node 17	AtA: 20854	cholCost: 53322	addCost: 4072	backsolveCost: 24624
node 18	AtA: 23476	cholCost: 138888	addCost: 10408	backsolveCost: 51833
node 19	AtA: 20854	cholCost: 53322	addCost: 4072	backsolveCost: 24624
node 20	AtA: 20854	cholCost: 53322	addCost: 4072	backsolveCost: 24624
node 21	AtA: 20854	cholCost: 53322	addCost: 4072	backsolveCost: 24624
node 22	AtA: 14736	cholCost: 119132	addCost: 13288	backsolveCost: 32453
node 23	AtA: 20854	cholCost: 53322	addCost: 4072	backsolveCost: 24624
node 24	AtA: -1	cholCost: 0	addCost: -1	backsolveCost: 24624
node 25	AtA: 3384	cholCost: 15499	addCost: 9112	backsolveCost: 16926
node 26	AtA: 12988	cholCost: 78180	addCost: 18328	backsolveCost: 17619
node 27	AtA: 4230	cholCost: 132362	addCost: 26392	backsolveCost: 26947
node 28	AtA: 5960	cholCost: 348028	addCost: 35992	backsolveCost: 79860
node 29	AtA: 20854	cholCost: 53322	addCost: 4072	backsolveCost: 24624
node 30	AtA: 23476	cholCost: 74745	addCost: 4888	backsolveCost: 31323
node 31	AtA: 20854	cholCost: 53322	addCost: 4072	backsolveCost: 24624
node 32	AtA: 20854	cholCost: 53322	addCost: 4072	backsolveCost: 24624
node 33	AtA: 14736	cholCost: 31131	addCost: 2200	backsolveCost: 16002
node 34	AtA: 16484	cholCost: 53322	addCost: 4072	backsolveCost: 24624
node 35	AtA: 13862	cholCost: 40865	addCost: 4888	backsolveCost: 16464
node 36	AtA: 14736	cholCost: 31131	addCost: 2200	backsolveCost: 16002
node 37	AtA: 21728	cholCost: 74745	addCost: 4888	backsolveCost: 31323
node 38	AtA: 14736	cholCost: 51972	addCost: 7912	backsolveCost: 16772
node 39	AtA: 11240	cholCost: 81776	addCost: 10408	backsolveCost: 25533
node 40	AtA: 11240	cholCost: 132236	addCost: 16552	backsolveCost: 32792
node 41	AtA: 12114	cholCost: 163478	addCost: 26392	backsolveCost: 33696
node 42	AtA: 23476	cholCost: 74745	addCost: 4888	backsolveCost: 31323
node 43	AtA: 23476	cholCost: 74745	addCost: 4888	backsolveCost: 31323
node 44	AtA: 23476	cholCost: 74745	addCost: 4888	backsolveCost: 31323
node 45	AtA: 15610	cholCost: 88432	addCost: 11800	backsolveCost: 25735
node 46	AtA: 16484	cholCost: 133276	addCost: 18328	backsolveCost: 33018
node 47	AtA: 20854	cholCost: 53322	addCost: 4072	backsolveCost: 24624
node 48	AtA: 21728	cholCost: 92924	addCost: 7912	backsolveCost: 31775
node 49	AtA: 14736	cholCost: 31131	addCost: 2200	backsolveCost: 16002
node 50	AtA: 21728	cholCost: 74745	addCost: 4888	backsolveCost: 31323
node 51	AtA: 23476	cholCost: 74745	addCost: 4888	backsolveCost: 31323
node 52	AtA: 12988	cholCost: 65700	addCost: 13288	backsolveCost: 17234
node 53	AtA: 11240	cholCost: 264938	addCost: 38632	backsolveCost: 54962
node 54	AtA: 15610	cholCost: 466174	addCost: 56488	backsolveCost: 81710
node 55	AtA: 20854	cholCost: 53322	addCost: 4072	backsolveCost: 24624
node 56	AtA: 20854	cholCost: 53322	addCost: 4072	backsolveCost: 24624
node 57	AtA: 23476	cholCost: 138888	addCost: 10408	backsolveCost: 51833
node 58	AtA: 20854	cholCost: 53322	addCost: 4072	backsolveCost: 24624
node 59	AtA: 20854	cholCost: 53322	addCost: 4072	backsolveCost: 24624
node 60	AtA: 22602	cholCost: 149448	addCost: 13288	backsolveCost: 43743
node 61	AtA: 9492	cholCost: 102142	addCost: 28648	backsolveCost: 18158
node 62	AtA: 20854	cholCost: 53322	addCost: 4072	backsolveCost: 24624
node 63	AtA: 14736	cholCost: 31131	addCost: 2200	backsolveCost: 16002
node 64	AtA: 21728	cholCost: 74745	addCost: 4888	backsolveCost: 31323
node 65	AtA: 18232	cholCost: 107068	addCost: 11800	backsolveCost: 32340
node 66	AtA: 20854	cholCost: 53322	addCost: 4072	backsolveCost: 24624
node 67	AtA: 20854	cholCost: 53322	addCost: 4072	backsolveCost: 24624
node 68	AtA: 14736	cholCost: 31131	addCost: 2200	backsolveCost: 16002
node 69	AtA: 21728	cholCost: 74745	addCost: 4888	backsolveCost: 31323
node 70	AtA: 14736	cholCost: 31131	addCost: 2200	backsolveCost: 16002
node 71	AtA: 16484	cholCost: 52490	addCost: 3352	backsolveCost: 24523
node 72	AtA: 21728	cholCost: 85852	addCost: 6808	backsolveCost: 31662
node 73	AtA: 10366	cholCost: 75952	addCost: 9112	backsolveCost: 25432
node 74	AtA: 11240	cholCost: 125164	addCost: 14872	backsolveCost: 32679
node 75	AtA: 11240	cholCost: 163478	addCost: 26392	backsolveCost: 33696
node 76	AtA: 5268	cholCost: 266186	addCost: 41368	backsolveCost: 55260
node 77	AtA: 21728	cholCost: 74745	addCost: 4888	backsolveCost: 31323
node 78	AtA: 20854	cholCost: 53322	addCost: 4072	backsolveCost: 24624
node 79	AtA: 12988	cholCost: 64452	addCost: 11800	backsolveCost: 17157
node 80	AtA: 14736	cholCost: 31131	addCost: 2200	backsolveCost: 16002
node 81	AtA: 21728	cholCost: 74745	addCost: 4888	backsolveCost: 31323
node 82	AtA: 20854	cholCost: 53322	addCost: 4072	backsolveCost: 24624
node 83	AtA: 21728	cholCost: 74745	addCost: 4888	backsolveCost: 31323
node 84	AtA: 4230	cholCost: 75952	addCost: 9112	backsolveCost: 25432
node 85	AtA: 4230	cholCost: 95920	addCost: 14872	backsolveCost: 26038
node 86	AtA: 20854	cholCost: 53322	addCost: 4072	backsolveCost: 24624
node 87	AtA: 18354	cholCost: 8395	addCost: 4072	backsolveCost: 24624
node 88	AtA: 20854	cholCost: 53322	addCost: 4072	backsolveCost: 24624
node 89	AtA: 19106	cholCost: 124488	addCost: 9112	backsolveCost: 43195
node 90	AtA: 3884	cholCost: 66324	addCost: 14872	backsolveCost: 17388
node 91	AtA: 20854	cholCost: 53322	addCost: 4072	backsolveCost: 24624
node 92	AtA: 20854	cholCost: 53322	addCost: 4072	backsolveCost: 24624
node 93	AtA: 20854	cholCost: 53322	addCost: 4072	backsolveCost: 24624
node 94	AtA: 20854	cholCost: 53322	addCost: 4072	backsolveCost: 24624
node 95	AtA: 20854	cholCost: 53322	addCost: 4072	backsolveCost: 24624
node 96	AtA: 4230	cholCost: 89264	addCost: 13288	backsolveCost: 25836
node 97	AtA: 13862	cholCost: 109232	addCost: 20200	backsolveCost: 26442
node 98	AtA: 11240	cholCost: 197674	addCost: 35992	backsolveCost: 34374
node 99	AtA: 13862	cholCost: 326234	addCost: 41368	backsolveCost: 69718
node 100	AtA: 5960	cholCost: 489137	addCost: 63208	backsolveCost: 82265
node 101	AtA: 20854	cholCost: 53322	addCost: 4072	backsolveCost: 24624
node 102	AtA: 20854	cholCost: 53322	addCost: 4072	backsolveCost: 24624
node 103	AtA: 22602	cholCost: 149448	addCost: 13288	backsolveCost: 43743
node 104	AtA: 21728	cholCost: 74745	addCost: 4888	backsolveCost: 31323
node 105	AtA: 9492	cholCost: 52596	addCost: 9112	backsolveCost: 16926
node 106	AtA: 20854	cholCost: 53322	addCost: 4072	backsolveCost: 24624
node 107	AtA: 20854	cholCost: 57981	addCost: 4888	backsolveCost: 24826
node 108	AtA: 12988	cholCost: 149448	addCost: 13288	backsolveCost: 43743
node 109	AtA: 3884	cholCost: 86292	addCost: 24232	backsolveCost: 17927
node 110	AtA: 20854	cholCost: 53322	addCost: 4072	backsolveCost: 24624
node 111	AtA: 20854	cholCost: 53322	addCost: 4072	backsolveCost: 24624
node 112	AtA: 20854	cholCost: 53322	addCost: 4072	backsolveCost: 24624
node 113	AtA: 20854	cholCost: 53322	addCost: 4072	backsolveCost: 24624
node 114	AtA: 4230	cholCost: 89264	addCost: 13288	backsolveCost: 25836
node 115	AtA: 20854	cholCost: 53322	addCost: 4072	backsolveCost: 24624
node 116	AtA: 14736	cholCost: 31131	addCost: 2200	backsolveCost: 16002
node 117	AtA: 21728	cholCost: 74745	addCost: 4888	backsolveCost: 31323
node 118	AtA: 12988	cholCost: 64452	addCost: 11800	backsolveCost: 17157
node 119	AtA: 14736	cholCost: 31131	addCost: 2200	backsolveCost: 16002
node 120	AtA: 16484	cholCost: 52490	addCost: 3352	backsolveCost: 24523
node 121	AtA: 20854	cholCost: 53322	addCost: 4072	backsolveCost: 24624
node 122	AtA: 23476	cholCost: 126408	addCost: 9112	backsolveCost: 51684
node 123	AtA: 3884	cholCost: 78180	addCost: 18328	backsolveCost: 17619
node 124	AtA: 4230	cholCost: 132362	addCost: 26392	backsolveCost: 26947
node 125	AtA: 5268	cholCost: 264938	addCost: 38632	backsolveCost: 54962
node 126	AtA: 20854	cholCost: 53322	addCost: 4072	backsolveCost: 24624
node 127	AtA: 20854	cholCost: 53322	addCost: 4072	backsolveCost: 24624
node 128	AtA: 21728	cholCost: 92924	addCost: 7912	backsolveCost: 31775
node 129	AtA: 20854	cholCost: 53322	addCost: 4072	backsolveCost: 24624
node 130	AtA: 20854	cholCost: 53322	addCost: 4072	backsolveCost: 24624
node 131	AtA: 20854	cholCost: 53322	addCost: 4072	backsolveCost: 24624
node 132	AtA: 20854	cholCost: 53322	addCost: 4072	backsolveCost: 24624
node 133	AtA: 12988	cholCost: 58836	addCost: 10408	backsolveCost: 17003
node 134	AtA: 3884	cholCost: 72564	addCost: 16552	backsolveCost: 17465
node 135	AtA: 4230	cholCost: 133194	addCost: 28648	backsolveCost: 27048
node 136	AtA: 20854	cholCost: 53322	addCost: 4072	backsolveCost: 24624
node 137	AtA: 20854	cholCost: 53322	addCost: 4072	backsolveCost: 24624
node 138	AtA: 20854	cholCost: 53322	addCost: 4072	backsolveCost: 24624
node 139	AtA: 14736	cholCost: 31131	addCost: 2200	backsolveCost: 16002
node 140	AtA: 14736	cholCost: 31131	addCost: 2200	backsolveCost: 16002
node 141	AtA: 12988	cholCost: 40865	addCost: 4888	backsolveCost: 16464
node 142	AtA: 12988	cholCost: 40865	addCost: 4888	backsolveCost: 16464
node 143	AtA: 10366	cholCost: 115888	addCost: 22168	backsolveCost: 26644
node 144	AtA: 20854	cholCost: 53322	addCost: 4072	backsolveCost: 24624
node 145	AtA: 20854	cholCost: 53322	addCost: 4072	backsolveCost: 24624
node 146	AtA: 23476	cholCost: 138888	addCost: 10408	backsolveCost: 51833
node 147	AtA: 20854	cholCost: 53322	addCost: 4072	backsolveCost: 24624
node 148	AtA: 14736	cholCost: 31131	addCost: 2200	backsolveCost: 16002
node 149	AtA: 21728	cholCost: 74745	addCost: 4888	backsolveCost: 31323
node 150	AtA: 14736	cholCost: 31131	addCost: 2200	backsolveCost: 16002
node 151	AtA: 21728	cholCost: 74745	addCost: 4888	backsolveCost: 31323
node 152	AtA: 14736	cholCost: 31131	addCost: 2200	backsolveCost: 16002
node 153	AtA: 21728	cholCost: 74745	addCost: 4888	backsolveCost: 31323
node 154	AtA: 14736	cholCost: 98956	addCost: 9112	backsolveCost: 32001
node 155	AtA: 12114	cholCost: 156936	addCost: 14872	backsolveCost: 44017
node 156	AtA: 3884	cholCost: 85044	addCost: 22168	backsolveCost: 17850
node 157	AtA: 4922	cholCost: 246544	addCost: 35992	backsolveCost: 46072
node 158	AtA: 4576	cholCost: 295145	addCost: 66712	backsolveCost: 36069
node 159	AtA: 6998	cholCost: 682596	addCost: 66712	backsolveCost: 132952
node 160	AtA: 8728	cholCost: 1057584	addCost: 66712	backsolveCost: 231063
node 161	AtA: 45326	cholCost: 1719878	addCost: 1192	backsolveCost: 1351566
node 162	AtA: 6870	cholCost: 16194	addCost: 1000	backsolveCost: 10977
node 163	AtA: -1	cholCost: 0	addCost: -1	backsolveCost: 1561

