cliques
97
node 0	AtA: 12236	cholCost: 2688	addCost: 2200	backsolveCost: 16002
node 1	AtA: 18354	cholCost: 5520	addCost: 2728	backsolveCost: 30758
node 2	AtA: 9614	cholCost: 7728	addCost: 4888	backsolveCost: 16464
node 3	AtA: 11362	cholCost: 9984	addCost: 5800	backsolveCost: 16541
node 4	AtA: 12236	cholCost: 2688	addCost: 2200	backsolveCost: 16002
node 5	AtA: 11362	cholCost: 11365	addCost: 6808	backsolveCost: 16695
node 6	AtA: 12236	cholCost: 0	addCost: 2200	backsolveCost: 16002
node 7	AtA: 19228	cholCost: 0	addCost: 4888	backsolveCost: 31323
node 8	AtA: 12236	cholCost: 2688	addCost: 2200	backsolveCost: 16002
node 9	AtA: 18354	cholCost: 0	addCost: 4072	backsolveCost: 24624
node 10	AtA: 17480	cholCost: 6028	addCost: 3352	backsolveCost: 24523
node 11	AtA: 10488	cholCost: 15360	addCost: 9112	backsolveCost: 16926
node 12	AtA: 3384	cholCost: 15517	addCost: 9112	backsolveCost: 16926
node 13	AtA: 12236	cholCost: 2688	addCost: 2200	backsolveCost: 16002
node 14	AtA: 18354	cholCost: 8401	addCost: 4072	backsolveCost: 24624
node 15	AtA: 12236	cholCost: 2688	addCost: 2200	backsolveCost: 16002
node 16	AtA: 13984	cholCost: 6028	addCost: 3352	backsolveCost: 24523
node 17	AtA: 14858	cholCost: 9520	addCost: 4888	backsolveCost: 24826
node 18	AtA: 13984	cholCost: 6028	addCost: 3352	backsolveCost: 24523
node 19	AtA: 14736	cholCost: 31131	addCost: 2200	backsolveCost: 16002
node 20	AtA: 21728	cholCost: 74745	addCost: 4888	backsolveCost: 31323
node 21	AtA: 13862	cholCost: 75952	addCost: 9112	backsolveCost: 25432
node 22	AtA: 23476	cholCost: 74745	addCost: 4888	backsolveCost: 31323
node 23	AtA: 20854	cholCost: 156936	addCost: 14872	backsolveCost: 44017
node 24	AtA: 3884	cholCost: 85044	addCost: 22168	backsolveCost: 17850
node 25	AtA: 20854	cholCost: 53322	addCost: 4072	backsolveCost: 24624
node 26	AtA: 14736	cholCost: 31131	addCost: 2200	backsolveCost: 16002
node 27	AtA: 21728	cholCost: 74745	addCost: 4888	backsolveCost: 31323
node 28	AtA: 19980	cholCost: 92924	addCost: 7912	backsolveCost: 31775
node 29	AtA: 19106	cholCost: 149448	addCost: 13288	backsolveCost: 43743
node 30	AtA: 20854	cholCost: 53322	addCost: 4072	backsolveCost: 24624
node 31	AtA: 23476	cholCost: 74745	addCost: 4888	backsolveCost: 31323
node 32	AtA: 20854	cholCost: 53322	addCost: 4072	backsolveCost: 24624
node 33	AtA: 14736	cholCost: 31131	addCost: 2200	backsolveCost: 16002
node 34	AtA: 13862	cholCost: 40241	addCost: 4072	backsolveCost: 16310
node 35	AtA: 12988	cholCost: 156936	addCost: 14872	backsolveCost: 44017
node 36	AtA: 6870	cholCost: 102142	addCost: 28648	backsolveCost: 18158
node 37	AtA: 12988	cholCost: 327882	addCost: 22168	backsolveCost: 95053
node 38	AtA: 14736	cholCost: 32379	addCost: 2728	backsolveCost: 16079
node 39	AtA: 20854	cholCost: 74745	addCost: 4888	backsolveCost: 31323
node 40	AtA: 18232	cholCost: 52490	addCost: 3352	backsolveCost: 24523
node 41	AtA: 14736	cholCost: 40865	addCost: 4888	backsolveCost: 16464
node 42	AtA: 10366	cholCost: 52596	addCost: 9112	backsolveCost: 16926
node 43	AtA: 20854	cholCost: 53322	addCost: 4072	backsolveCost: 24624
node 44	AtA: 20854	cholCost: 53322	addCost: 4072	backsolveCost: 24624
node 45	AtA: 20854	cholCost: 53322	addCost: 4072	backsolveCost: 24624
node 46	AtA: 14736	cholCost: 31131	addCost: 2200	backsolveCost: 16002
node 47	AtA: 21728	cholCost: 74745	addCost: 4888	backsolveCost: 31323
node 48	AtA: 14736	cholCost: 31131	addCost: 2200	backsolveCost: 16002
node 49	AtA: 21728	cholCost: 74745	addCost: 4888	backsolveCost: 31323
node 50	AtA: 9492	cholCost: 52596	addCost: 9112	backsolveCost: 16926
node 51	AtA: 3884	cholCost: 66324	addCost: 14872	backsolveCost: 17388
node 52	AtA: 14736	cholCost: 133276	addCost: 18328	backsolveCost: 33018
node 53	AtA: 3884	cholCost: 86292	addCost: 24232	backsolveCost: 17927
node 54	AtA: 20854	cholCost: 53322	addCost: 4072	backsolveCost: 24624
node 55	AtA: 20854	cholCost: 53322	addCost: 4072	backsolveCost: 24624
node 56	AtA: 20854	cholCost: 53322	addCost: 4072	backsolveCost: 24624
node 57	AtA: 20854	cholCost: 65635	addCost: 3352	backsolveCost: 30984
node 58	AtA: 17358	cholCost: 57981	addCost: 4888	backsolveCost: 24826
node 59	AtA: 13862	cholCost: 75952	addCost: 9112	backsolveCost: 25432
node 60	AtA: 3884	cholCost: 66324	addCost: 14872	backsolveCost: 17388
node 61	AtA: 16484	cholCost: 52490	addCost: 3352	backsolveCost: 24523
node 62	AtA: 17358	cholCost: 57981	addCost: 4888	backsolveCost: 24826
node 63	AtA: 20854	cholCost: 53322	addCost: 4072	backsolveCost: 24624
node 64	AtA: 18232	cholCost: 124488	addCost: 9112	backsolveCost: 43195
node 65	AtA: 14736	cholCost: 31131	addCost: 2200	backsolveCost: 16002
node 66	AtA: 21728	cholCost: 74745	addCost: 4888	backsolveCost: 31323
node 67	AtA: 20854	cholCost: 53322	addCost: 4072	backsolveCost: 24624
node 68	AtA: 14736	cholCost: 31131	addCost: 2200	backsolveCost: 16002
node 69	AtA: 16484	cholCost: 52490	addCost: 3352	backsolveCost: 24523
node 70	AtA: 23476	cholCost: 126408	addCost: 9112	backsolveCost: 51684
node 71	AtA: 10366	cholCost: 88432	addCost: 11800	backsolveCost: 25735
node 72	AtA: 4922	cholCost: 178901	addCost: 20200	backsolveCost: 44565
node 73	AtA: 20854	cholCost: 53322	addCost: 4072	backsolveCost: 24624
node 74	AtA: 14736	cholCost: 31131	addCost: 2200	backsolveCost: 16002
node 75	AtA: 21728	cholCost: 74745	addCost: 4888	backsolveCost: 31323
node 76	AtA: 14736	cholCost: 31131	addCost: 2200	backsolveCost: 16002
node 77	AtA: 21728	cholCost: 74745	addCost: 4888	backsolveCost: 31323
node 78	AtA: 16484	cholCost: 150120	addCost: 11800	backsolveCost: 52131
node 79	AtA: 14736	cholCost: 31131	addCost: 2200	backsolveCost: 16002
node 80	AtA: 14736	cholCost: 31131	addCost: 2200	backsolveCost: 16002
node 81	AtA: 21728	cholCost: 74745	addCost: 4888	backsolveCost: 31323
node 82	AtA: 13862	cholCost: 68464	addCost: 6808	backsolveCost: 25129
node 83	AtA: 19106	cholCost: 138216	addCost: 11800	backsolveCost: 43606
node 84	AtA: 18354	cholCost: 8401	addCost: 4072	backsolveCost: 24624
node 85	AtA: 21728	cholCost: 74745	addCost: 4888	backsolveCost: 31323
node 86	AtA: 20854	cholCost: 53322	addCost: 4072	backsolveCost: 24624
node 87	AtA: 13862	cholCost: 75952	addCost: 9112	backsolveCost: 25432
node 88	AtA: 13862	cholCost: 95920	addCost: 14872	backsolveCost: 26038
node 89	AtA: 4230	cholCost: 109232	addCost: 20200	backsolveCost: 26442
node 90	AtA: 4576	cholCost: 140348	addCost: 20200	backsolveCost: 33131
node 91	AtA: 4922	cholCost: 178901	addCost: 20200	backsolveCost: 44565
node 92	AtA: 5960	cholCost: 263495	addCost: 20200	backsolveCost: 77825
node 93	AtA: 5268	cholCost: 194050	addCost: 20200	backsolveCost: 53174
node 94	AtA: 30468	cholCost: 695898	addCost: 1192	backsolveCost: 563060
node 95	AtA: 6870	cholCost: 16194	addCost: 1000	backsolveCost: 10977
node 96	AtA: -1	cholCost: 0	addCost: -1	backsolveCost: 1561

