cliques
162
node 0	AtA: 12236	cholCost: 2688	addCost: 2200	backsolveCost: 16002
node 1	AtA: 12236	cholCost: 0	addCost: 2200	backsolveCost: 16002
node 2	AtA: 18354	cholCost: 8407	addCost: 4072	backsolveCost: 24624
node 3	AtA: 18354	cholCost: 8268	addCost: 4072	backsolveCost: 24624
node 4	AtA: 12236	cholCost: 2688	addCost: 2200	backsolveCost: 16002
node 5	AtA: 10488	cholCost: 7728	addCost: 4888	backsolveCost: 16464
node 6	AtA: 10488	cholCost: 7728	addCost: 4888	backsolveCost: 16464
node 7	AtA: 18354	cholCost: 8401	addCost: 4072	backsolveCost: 24624
node 8	AtA: 18354	cholCost: 8268	addCost: 4072	backsolveCost: 24624
node 9	AtA: 18354	cholCost: 8268	addCost: 4072	backsolveCost: 24624
node 10	AtA: 10488	cholCost: 18727	addCost: 10408	backsolveCost: 17003
node 11	AtA: 12236	cholCost: 2688	addCost: 2200	backsolveCost: 16002
node 12	AtA: 13984	cholCost: 6028	addCost: 3352	backsolveCost: 24523
node 13	AtA: 12236	cholCost: 2688	addCost: 2200	backsolveCost: 16002
node 14	AtA: 14858	cholCost: 3328	addCost: 2200	backsolveCost: 24220
node 15	AtA: 12236	cholCost: 5011	addCost: 3352	backsolveCost: 16233
node 16	AtA: 12236	cholCost: 2688	addCost: 2200	backsolveCost: 16002
node 17	AtA: 18354	cholCost: 8268	addCost: 4072	backsolveCost: 24624
node 18	AtA: 23476	cholCost: 74745	addCost: 4888	backsolveCost: 31323
node 19	AtA: 23476	cholCost: 74745	addCost: 4888	backsolveCost: 31323
node 20	AtA: 20854	cholCost: 57981	addCost: 4888	backsolveCost: 24826
node 21	AtA: 20854	cholCost: 53322	addCost: 4072	backsolveCost: 24624
node 22	AtA: 14736	cholCost: 81776	addCost: 10408	backsolveCost: 25533
node 23	AtA: 8618	cholCost: 85044	addCost: 22168	backsolveCost: 17850
node 24	AtA: 18232	cholCost: 52490	addCost: 3352	backsolveCost: 24523
node 25	AtA: 16484	cholCost: 57981	addCost: 4888	backsolveCost: 24826
node 26	AtA: 12988	cholCost: 40865	addCost: 4888	backsolveCost: 16464
node 27	AtA: 13862	cholCost: 75952	addCost: 9112	backsolveCost: 25432
node 28	AtA: 20854	cholCost: 53322	addCost: 4072	backsolveCost: 24624
node 29	AtA: 20854	cholCost: 53322	addCost: 4072	backsolveCost: 24624
node 30	AtA: 20854	cholCost: 53322	addCost: 4072	backsolveCost: 24624
node 31	AtA: 14736	cholCost: 119132	addCost: 13288	backsolveCost: 32453
node 32	AtA: 20854	cholCost: 53322	addCost: 4072	backsolveCost: 24624
node 33	AtA: 14736	cholCost: 32379	addCost: 2728	backsolveCost: 16079
node 34	AtA: 20854	cholCost: 74745	addCost: 4888	backsolveCost: 31323
node 35	AtA: 21728	cholCost: 65635	addCost: 3352	backsolveCost: 30984
node 36	AtA: 14736	cholCost: 75952	addCost: 9112	backsolveCost: 25432
node 37	AtA: 14736	cholCost: 107068	addCost: 11800	backsolveCost: 32340
node 38	AtA: 3884	cholCost: 85044	addCost: 22168	backsolveCost: 17850
node 39	AtA: 8618	cholCost: 153369	addCost: 22168	backsolveCost: 33357
node 40	AtA: 12988	cholCost: 264938	addCost: 38632	backsolveCost: 54962
node 41	AtA: 21728	cholCost: 74745	addCost: 4888	backsolveCost: 31323
node 42	AtA: 20854	cholCost: 57981	addCost: 4888	backsolveCost: 24826
node 43	AtA: 20854	cholCost: 53322	addCost: 4072	backsolveCost: 24624
node 44	AtA: 13862	cholCost: 75952	addCost: 9112	backsolveCost: 25432
node 45	AtA: 7744	cholCost: 89264	addCost: 13288	backsolveCost: 25836
node 46	AtA: 20854	cholCost: 53322	addCost: 4072	backsolveCost: 24624
node 47	AtA: 20854	cholCost: 53322	addCost: 4072	backsolveCost: 24624
node 48	AtA: 23476	cholCost: 138888	addCost: 10408	backsolveCost: 51833
node 49	AtA: 20854	cholCost: 53322	addCost: 4072	backsolveCost: 24624
node 50	AtA: 21728	cholCost: 92924	addCost: 7912	backsolveCost: 31775
node 51	AtA: 18354	cholCost: 8268	addCost: 4072	backsolveCost: 24624
node 52	AtA: 20854	cholCost: 53322	addCost: 4072	backsolveCost: 24624
node 53	AtA: 3884	cholCost: 52596	addCost: 9112	backsolveCost: 16926
node 54	AtA: 4576	cholCost: 163478	addCost: 26392	backsolveCost: 33696
node 55	AtA: 4922	cholCost: 212348	addCost: 28648	backsolveCost: 45387
node 56	AtA: 20854	cholCost: 53322	addCost: 4072	backsolveCost: 24624
node 57	AtA: 20854	cholCost: 53322	addCost: 4072	backsolveCost: 24624
node 58	AtA: 14736	cholCost: 119132	addCost: 13288	backsolveCost: 32453
node 59	AtA: 20854	cholCost: 53322	addCost: 4072	backsolveCost: 24624
node 60	AtA: 20854	cholCost: 53322	addCost: 4072	backsolveCost: 24624
node 61	AtA: 12988	cholCost: 52596	addCost: 9112	backsolveCost: 16926
node 62	AtA: 20854	cholCost: 53322	addCost: 4072	backsolveCost: 24624
node 63	AtA: 20854	cholCost: 53322	addCost: 4072	backsolveCost: 24624
node 64	AtA: 23476	cholCost: 138888	addCost: 10408	backsolveCost: 51833
node 65	AtA: 12114	cholCost: 193378	addCost: 22168	backsolveCost: 44839
node 66	AtA: 4230	cholCost: 141847	addCost: 31000	backsolveCost: 27250
node 67	AtA: 20854	cholCost: 53322	addCost: 4072	backsolveCost: 24624
node 68	AtA: 20854	cholCost: 53322	addCost: 4072	backsolveCost: 24624
node 69	AtA: 12988	cholCost: 58836	addCost: 10408	backsolveCost: 17003
node 70	AtA: 13862	cholCost: 101744	addCost: 16552	backsolveCost: 26139
node 71	AtA: 20854	cholCost: 53322	addCost: 4072	backsolveCost: 24624
node 72	AtA: 14736	cholCost: 31131	addCost: 2200	backsolveCost: 16002
node 73	AtA: 21728	cholCost: 74745	addCost: 4888	backsolveCost: 31323
node 74	AtA: 20854	cholCost: 53322	addCost: 4072	backsolveCost: 24624
node 75	AtA: 14736	cholCost: 31131	addCost: 2200	backsolveCost: 16002
node 76	AtA: 21728	cholCost: 74745	addCost: 4888	backsolveCost: 31323
node 77	AtA: 4576	cholCost: 125164	addCost: 14872	backsolveCost: 32679
node 78	AtA: 4230	cholCost: 132362	addCost: 26392	backsolveCost: 26947
node 79	AtA: 20854	cholCost: 53322	addCost: 4072	backsolveCost: 24624
node 80	AtA: 22602	cholCost: 149448	addCost: 13288	backsolveCost: 43743
node 81	AtA: 18354	cholCost: 8268	addCost: 4072	backsolveCost: 24624
node 82	AtA: 20854	cholCost: 53322	addCost: 4072	backsolveCost: 24624
node 83	AtA: 12988	cholCost: 58836	addCost: 10408	backsolveCost: 17003
node 84	AtA: 19980	cholCost: 52490	addCost: 3352	backsolveCost: 24523
node 85	AtA: 21728	cholCost: 85852	addCost: 6808	backsolveCost: 31662
node 86	AtA: 20854	cholCost: 53322	addCost: 4072	backsolveCost: 24624
node 87	AtA: 14736	cholCost: 31131	addCost: 2200	backsolveCost: 16002
node 88	AtA: 14736	cholCost: 31131	addCost: 2200	backsolveCost: 16002
node 89	AtA: 21728	cholCost: 74745	addCost: 4888	backsolveCost: 31323
node 90	AtA: 13862	cholCost: 68464	addCost: 6808	backsolveCost: 25129
node 91	AtA: 4576	cholCost: 107068	addCost: 11800	backsolveCost: 32340
node 92	AtA: 6652	cholCost: 450074	addCost: 41368	backsolveCost: 110178
node 93	AtA: 5960	cholCost: 405937	addCost: 47128	backsolveCost: 80970
node 94	AtA: 5614	cholCost: 417672	addCost: 63208	backsolveCost: 71448
node 95	AtA: 6306	cholCost: 593460	addCost: 66712	backsolveCost: 100069
node 96	AtA: 20854	cholCost: 53322	addCost: 4072	backsolveCost: 24624
node 97	AtA: 20854	cholCost: 53322	addCost: 4072	backsolveCost: 24624
node 98	AtA: 12988	cholCost: 58836	addCost: 10408	backsolveCost: 17003
node 99	AtA: 20854	cholCost: 53322	addCost: 4072	backsolveCost: 24624
node 100	AtA: 20854	cholCost: 53322	addCost: 4072	backsolveCost: 24624
node 101	AtA: 23476	cholCost: 138888	addCost: 10408	backsolveCost: 51833
node 102	AtA: 20854	cholCost: 53322	addCost: 4072	backsolveCost: 24624
node 103	AtA: 20854	cholCost: 53322	addCost: 4072	backsolveCost: 24624
node 104	AtA: 14736	cholCost: 31131	addCost: 2200	backsolveCost: 16002
node 105	AtA: 21728	cholCost: 74745	addCost: 4888	backsolveCost: 31323
node 106	AtA: 14736	cholCost: 31131	addCost: 2200	backsolveCost: 16002
node 107	AtA: 16484	cholCost: 52490	addCost: 3352	backsolveCost: 24523
node 108	AtA: 13862	cholCost: 75952	addCost: 9112	backsolveCost: 25432
node 109	AtA: 3884	cholCost: 66324	addCost: 14872	backsolveCost: 17388
node 110	AtA: 20854	cholCost: 53322	addCost: 4072	backsolveCost: 24624
node 111	AtA: 20854	cholCost: 53322	addCost: 4072	backsolveCost: 24624
node 112	AtA: 22602	cholCost: 149448	addCost: 13288	backsolveCost: 43743
node 113	AtA: 20854	cholCost: 57981	addCost: 4888	backsolveCost: 24826
node 114	AtA: 20854	cholCost: 53322	addCost: 4072	backsolveCost: 24624
node 115	AtA: 13862	cholCost: 75952	addCost: 9112	backsolveCost: 25432
node 116	AtA: 14736	cholCost: 32379	addCost: 2728	backsolveCost: 16079
node 117	AtA: 20854	cholCost: 74745	addCost: 4888	backsolveCost: 31323
node 118	AtA: 20854	cholCost: 53322	addCost: 4072	backsolveCost: 24624
node 119	AtA: 14736	cholCost: 32379	addCost: 2728	backsolveCost: 16079
node 120	AtA: 17358	cholCost: 53322	addCost: 4072	backsolveCost: 24624
node 121	AtA: 16484	cholCost: 149448	addCost: 13288	backsolveCost: 43743
node 122	AtA: 6870	cholCost: 78180	addCost: 18328	backsolveCost: 17619
node 123	AtA: 4230	cholCost: 132362	addCost: 26392	backsolveCost: 26947
node 124	AtA: 4576	cholCost: 197674	addCost: 35992	backsolveCost: 34374
node 125	AtA: 4922	cholCost: 365106	addCost: 66712	backsolveCost: 48127
node 126	AtA: 20854	cholCost: 53322	addCost: 4072	backsolveCost: 24624
node 127	AtA: 20854	cholCost: 53322	addCost: 4072	backsolveCost: 24624
node 128	AtA: 20854	cholCost: 53322	addCost: 4072	backsolveCost: 24624
node 129	AtA: 13862	cholCost: 101744	addCost: 16552	backsolveCost: 26139
node 130	AtA: 14736	cholCost: 31131	addCost: 2200	backsolveCost: 16002
node 131	AtA: 21728	cholCost: 74745	addCost: 4888	backsolveCost: 31323
node 132	AtA: 20854	cholCost: 53322	addCost: 4072	backsolveCost: 24624
node 133	AtA: 12988	cholCost: 64452	addCost: 11800	backsolveCost: 17157
node 134	AtA: 14736	cholCost: 31131	addCost: 2200	backsolveCost: 16002
node 135	AtA: 16484	cholCost: 52490	addCost: 3352	backsolveCost: 24523
node 136	AtA: 17358	cholCost: 57981	addCost: 4888	backsolveCost: 24826
node 137	AtA: 14736	cholCost: 31131	addCost: 2200	backsolveCost: 16002
node 138	AtA: 21728	cholCost: 74745	addCost: 4888	backsolveCost: 31323
node 139	AtA: 14736	cholCost: 98956	addCost: 9112	backsolveCost: 32001
node 140	AtA: 12114	cholCost: 156936	addCost: 14872	backsolveCost: 44017
node 141	AtA: 3884	cholCost: 102766	addCost: 31000	backsolveCost: 18312
node 142	AtA: 20854	cholCost: 53322	addCost: 4072	backsolveCost: 24624
node 143	AtA: 20854	cholCost: 53322	addCost: 4072	backsolveCost: 24624
node 144	AtA: 20854	cholCost: 53322	addCost: 4072	backsolveCost: 24624
node 145	AtA: 20854	cholCost: 53322	addCost: 4072	backsolveCost: 24624
node 146	AtA: 4230	cholCost: 89264	addCost: 13288	backsolveCost: 25836
node 147	AtA: 16484	cholCost: 52490	addCost: 3352	backsolveCost: 24523
node 148	AtA: 14736	cholCost: 31131	addCost: 2200	backsolveCost: 16002
node 149	AtA: 21728	cholCost: 74745	addCost: 4888	backsolveCost: 31323
node 150	AtA: 13862	cholCost: 75952	addCost: 9112	backsolveCost: 25432
node 151	AtA: 20854	cholCost: 53322	addCost: 4072	backsolveCost: 24624
node 152	AtA: 21728	cholCost: 74745	addCost: 4888	backsolveCost: 31323
node 153	AtA: 17358	cholCost: 68464	addCost: 6808	backsolveCost: 25129
node 154	AtA: 13862	cholCost: 88432	addCost: 11800	backsolveCost: 25735
node 155	AtA: 3884	cholCost: 78180	addCost: 18328	backsolveCost: 17619
node 156	AtA: 4230	cholCost: 132362	addCost: 26392	backsolveCost: 26947
node 157	AtA: 4576	cholCost: 265068	addCost: 59800	backsolveCost: 35730
node 158	AtA: 8036	cholCost: 894794	addCost: 70312	backsolveCost: 187337
node 159	AtA: 49696	cholCost: 2005152	addCost: 1192	backsolveCost: 1514090
node 160	AtA: 6870	cholCost: 16194	addCost: 1000	backsolveCost: 10977
node 161	AtA: -1	cholCost: 0	addCost: -1	backsolveCost: 1561

