cliques
145
node 0	AtA: 14858	cholCost: 0	addCost: 2200	backsolveCost: 24220
node 1	AtA: 12236	cholCost: 2688	addCost: 2200	backsolveCost: 16002
node 2	AtA: 12236	cholCost: 6708	addCost: 4072	backsolveCost: 16310
node 3	AtA: 8740	cholCost: 7728	addCost: 4888	backsolveCost: 16464
node 4	AtA: 12236	cholCost: 2688	addCost: 2200	backsolveCost: 16002
node 5	AtA: 12236	cholCost: 2688	addCost: 2200	backsolveCost: 16002
node 6	AtA: 11362	cholCost: 10153	addCost: 5800	backsolveCost: 16541
node 7	AtA: 13984	cholCost: 6028	addCost: 3352	backsolveCost: 24523
node 8	AtA: 14858	cholCost: 9520	addCost: 4888	backsolveCost: 24826
node 9	AtA: 20976	cholCost: 10543	addCost: 4888	backsolveCost: 31323
node 10	AtA: 18354	cholCost: 8395	addCost: 4072	backsolveCost: 24624
node 11	AtA: 18354	cholCost: 8268	addCost: 4072	backsolveCost: 24624
node 12	AtA: 12236	cholCost: 2688	addCost: 2200	backsolveCost: 16002
node 13	AtA: 19228	cholCost: 10416	addCost: 4888	backsolveCost: 31323
node 14	AtA: 20854	cholCost: 53322	addCost: 4072	backsolveCost: 24624
node 15	AtA: 20854	cholCost: 53322	addCost: 4072	backsolveCost: 24624
node 16	AtA: 21728	cholCost: 74745	addCost: 4888	backsolveCost: 31323
node 17	AtA: 20854	cholCost: 53322	addCost: 4072	backsolveCost: 24624
node 18	AtA: 20854	cholCost: 53322	addCost: 4072	backsolveCost: 24624
node 19	AtA: 4922	cholCost: 165672	addCost: 18328	backsolveCost: 44428
node 20	AtA: 20854	cholCost: 53322	addCost: 4072	backsolveCost: 24624
node 21	AtA: 20854	cholCost: 53322	addCost: 4072	backsolveCost: 24624
node 22	AtA: 12988	cholCost: 58836	addCost: 10408	backsolveCost: 17003
node 23	AtA: 14736	cholCost: 31131	addCost: 2200	backsolveCost: 16002
node 24	AtA: 21728	cholCost: 74745	addCost: 4888	backsolveCost: 31323
node 25	AtA: 14736	cholCost: 31131	addCost: 2200	backsolveCost: 16002
node 26	AtA: 21728	cholCost: 74745	addCost: 4888	backsolveCost: 31323
node 27	AtA: 9492	cholCost: 52596	addCost: 9112	backsolveCost: 16926
node 28	AtA: 5960	cholCost: 296110	addCost: 26392	backsolveCost: 78750
node 29	AtA: 20854	cholCost: 53322	addCost: 4072	backsolveCost: 24624
node 30	AtA: 20854	cholCost: 53322	addCost: 4072	backsolveCost: 24624
node 31	AtA: 20854	cholCost: 53322	addCost: 4072	backsolveCost: 24624
node 32	AtA: 14736	cholCost: 31131	addCost: 2200	backsolveCost: 16002
node 33	AtA: 21728	cholCost: 74745	addCost: 4888	backsolveCost: 31323
node 34	AtA: 14736	cholCost: 31131	addCost: 2200	backsolveCost: 16002
node 35	AtA: 14736	cholCost: 31131	addCost: 2200	backsolveCost: 16002
node 36	AtA: 21728	cholCost: 74745	addCost: 4888	backsolveCost: 31323
node 37	AtA: 13862	cholCost: 68464	addCost: 6808	backsolveCost: 25129
node 38	AtA: 4230	cholCost: 88432	addCost: 11800	backsolveCost: 25735
node 39	AtA: 3884	cholCost: 78180	addCost: 18328	backsolveCost: 17619
node 40	AtA: 20854	cholCost: 53322	addCost: 4072	backsolveCost: 24624
node 41	AtA: 20854	cholCost: 53322	addCost: 4072	backsolveCost: 24624
node 42	AtA: 20854	cholCost: 53322	addCost: 4072	backsolveCost: 24624
node 43	AtA: 14736	cholCost: 119132	addCost: 13288	backsolveCost: 32453
node 44	AtA: 19980	cholCost: 52490	addCost: 3352	backsolveCost: 24523
node 45	AtA: 21728	cholCost: 85852	addCost: 6808	backsolveCost: 31662
node 46	AtA: 20854	cholCost: 53322	addCost: 4072	backsolveCost: 24624
node 47	AtA: 20854	cholCost: 53322	addCost: 4072	backsolveCost: 24624
node 48	AtA: 12988	cholCost: 58836	addCost: 10408	backsolveCost: 17003
node 49	AtA: 4576	cholCost: 180576	addCost: 31000	backsolveCost: 34035
node 50	AtA: 5268	cholCost: 255453	addCost: 35992	backsolveCost: 54813
node 51	AtA: 23476	cholCost: 74745	addCost: 4888	backsolveCost: 31323
node 52	AtA: 23476	cholCost: 74745	addCost: 4888	backsolveCost: 31323
node 53	AtA: 23476	cholCost: 74745	addCost: 4888	backsolveCost: 31323
node 54	AtA: 19106	cholCost: 165672	addCost: 18328	backsolveCost: 44428
node 55	AtA: 21728	cholCost: 65635	addCost: 3352	backsolveCost: 30984
node 56	AtA: 20854	cholCost: 53322	addCost: 4072	backsolveCost: 24624
node 57	AtA: 22602	cholCost: 138216	addCost: 11800	backsolveCost: 43606
node 58	AtA: 14736	cholCost: 31131	addCost: 2200	backsolveCost: 16002
node 59	AtA: 18232	cholCost: 52490	addCost: 3352	backsolveCost: 24523
node 60	AtA: 12114	cholCost: 45108	addCost: 5800	backsolveCost: 16541
node 61	AtA: 12988	cholCost: 45108	addCost: 5800	backsolveCost: 16541
node 62	AtA: 20854	cholCost: 53322	addCost: 4072	backsolveCost: 24624
node 63	AtA: 14736	cholCost: 32379	addCost: 2728	backsolveCost: 16079
node 64	AtA: 20854	cholCost: 74745	addCost: 4888	backsolveCost: 31323
node 65	AtA: 7744	cholCost: 81776	addCost: 10408	backsolveCost: 25533
node 66	AtA: 7744	cholCost: 101744	addCost: 16552	backsolveCost: 26139
node 67	AtA: 13862	cholCost: 213020	addCost: 26392	backsolveCost: 53919
node 68	AtA: 20854	cholCost: 57981	addCost: 4888	backsolveCost: 24826
node 69	AtA: 11240	cholCost: 89264	addCost: 13288	backsolveCost: 25836
node 70	AtA: 14736	cholCost: 31131	addCost: 2200	backsolveCost: 16002
node 71	AtA: 16484	cholCost: 52490	addCost: 3352	backsolveCost: 24523
node 72	AtA: 17358	cholCost: 57981	addCost: 4888	backsolveCost: 24826
node 73	AtA: 19106	cholCost: 124488	addCost: 9112	backsolveCost: 43195
node 74	AtA: 10366	cholCost: 88432	addCost: 11800	backsolveCost: 25735
node 75	AtA: 20854	cholCost: 53322	addCost: 4072	backsolveCost: 24624
node 76	AtA: 20854	cholCost: 53322	addCost: 4072	backsolveCost: 24624
node 77	AtA: 20854	cholCost: 53322	addCost: 4072	backsolveCost: 24624
node 78	AtA: 21728	cholCost: 92924	addCost: 7912	backsolveCost: 31775
node 79	AtA: 3884	cholCost: 65700	addCost: 13288	backsolveCost: 17234
node 80	AtA: 20854	cholCost: 53322	addCost: 4072	backsolveCost: 24624
node 81	AtA: 20854	cholCost: 53322	addCost: 4072	backsolveCost: 24624
node 82	AtA: 13862	cholCost: 75952	addCost: 9112	backsolveCost: 25432
node 83	AtA: 16484	cholCost: 194050	addCost: 20200	backsolveCost: 53174
node 84	AtA: 11240	cholCost: 196634	addCost: 33448	backsolveCost: 34148
node 85	AtA: 12988	cholCost: 495617	addCost: 50152	backsolveCost: 98397
node 86	AtA: 11240	cholCost: 416216	addCost: 59800	backsolveCost: 71275
node 87	AtA: 18354	cholCost: 8449	addCost: 4072	backsolveCost: 24624
node 88	AtA: 20854	cholCost: 53322	addCost: 4072	backsolveCost: 24624
node 89	AtA: 20854	cholCost: 53322	addCost: 4072	backsolveCost: 24624
node 90	AtA: 20854	cholCost: 53322	addCost: 4072	backsolveCost: 24624
node 91	AtA: 20854	cholCost: 53322	addCost: 4072	backsolveCost: 24624
node 92	AtA: 20854	cholCost: 53322	addCost: 4072	backsolveCost: 24624
node 93	AtA: 20854	cholCost: 53322	addCost: 4072	backsolveCost: 24624
node 94	AtA: 23476	cholCost: 138888	addCost: 10408	backsolveCost: 51833
node 95	AtA: 3884	cholCost: 72564	addCost: 16552	backsolveCost: 17465
node 96	AtA: 4576	cholCost: 172547	addCost: 28648	backsolveCost: 33809
node 97	AtA: 20854	cholCost: 53322	addCost: 4072	backsolveCost: 24624
node 98	AtA: 20854	cholCost: 53322	addCost: 4072	backsolveCost: 24624
node 99	AtA: 12988	cholCost: 58836	addCost: 10408	backsolveCost: 17003
node 100	AtA: 20854	cholCost: 53322	addCost: 4072	backsolveCost: 24624
node 101	AtA: 14736	cholCost: 31131	addCost: 2200	backsolveCost: 16002
node 102	AtA: 21728	cholCost: 74745	addCost: 4888	backsolveCost: 31323
node 103	AtA: 12988	cholCost: 64452	addCost: 11800	backsolveCost: 17157
node 104	AtA: 14736	cholCost: 31131	addCost: 2200	backsolveCost: 16002
node 105	AtA: 21728	cholCost: 74745	addCost: 4888	backsolveCost: 31323
node 106	AtA: 20854	cholCost: 53322	addCost: 4072	backsolveCost: 24624
node 107	AtA: 14736	cholCost: 31131	addCost: 2200	backsolveCost: 16002
node 108	AtA: 16484	cholCost: 52490	addCost: 3352	backsolveCost: 24523
node 109	AtA: 12988	cholCost: 52596	addCost: 9112	backsolveCost: 16926
node 110	AtA: 3884	cholCost: 52596	addCost: 9112	backsolveCost: 16926
node 111	AtA: 4230	cholCost: 95920	addCost: 14872	backsolveCost: 26038
node 112	AtA: 3884	cholCost: 85044	addCost: 22168	backsolveCost: 17850
node 113	AtA: 20854	cholCost: 53322	addCost: 4072	backsolveCost: 24624
node 114	AtA: 20854	cholCost: 53322	addCost: 4072	backsolveCost: 24624
node 115	AtA: 21728	cholCost: 92924	addCost: 7912	backsolveCost: 31775
node 116	AtA: 13862	cholCost: 89264	addCost: 13288	backsolveCost: 25836
node 117	AtA: 14736	cholCost: 31131	addCost: 2200	backsolveCost: 16002
node 118	AtA: 21728	cholCost: 74745	addCost: 4888	backsolveCost: 31323
node 119	AtA: 20854	cholCost: 53322	addCost: 4072	backsolveCost: 24624
node 120	AtA: 14736	cholCost: 31131	addCost: 2200	backsolveCost: 16002
node 121	AtA: 21728	cholCost: 74745	addCost: 4888	backsolveCost: 31323
node 122	AtA: 4230	cholCost: 75952	addCost: 9112	backsolveCost: 25432
node 123	AtA: 20854	cholCost: 53322	addCost: 4072	backsolveCost: 24624
node 124	AtA: 20854	cholCost: 53322	addCost: 4072	backsolveCost: 24624
node 125	AtA: 21728	cholCost: 92924	addCost: 7912	backsolveCost: 31775
node 126	AtA: 13862	cholCost: 89264	addCost: 13288	backsolveCost: 25836
node 127	AtA: 14736	cholCost: 31131	addCost: 2200	backsolveCost: 16002
node 128	AtA: 21728	cholCost: 74745	addCost: 4888	backsolveCost: 31323
node 129	AtA: 20854	cholCost: 53322	addCost: 4072	backsolveCost: 24624
node 130	AtA: 12988	cholCost: 64452	addCost: 11800	backsolveCost: 17157
node 131	AtA: 14736	cholCost: 31131	addCost: 2200	backsolveCost: 16002
node 132	AtA: 21728	cholCost: 74745	addCost: 4888	backsolveCost: 31323
node 133	AtA: 14736	cholCost: 31131	addCost: 2200	backsolveCost: 16002
node 134	AtA: 21728	cholCost: 74745	addCost: 4888	backsolveCost: 31323
node 135	AtA: 14736	cholCost: 98956	addCost: 9112	backsolveCost: 32001
node 136	AtA: 3884	cholCost: 78180	addCost: 18328	backsolveCost: 17619
node 137	AtA: 4230	cholCost: 132362	addCost: 26392	backsolveCost: 26947
node 138	AtA: 5960	cholCost: 384970	addCost: 41368	backsolveCost: 80415
node 139	AtA: 5268	cholCost: 313362	addCost: 50152	backsolveCost: 55856
node 140	AtA: 5960	cholCost: 466174	addCost: 56488	backsolveCost: 81710
node 141	AtA: 8728	cholCost: 931286	addCost: 53272	backsolveCost: 229089
node 142	AtA: 15994	cholCost: 1158338	addCost: 1192	backsolveCost: 941970
node 143	AtA: 6870	cholCost: 16194	addCost: 1000	backsolveCost: 10977
node 144	AtA: -1	cholCost: 0	addCost: -1	backsolveCost: 1561

