cliques
131
node 0	AtA: 14858	cholCost: 3328	addCost: 2200	backsolveCost: 24220
node 1	AtA: 12236	cholCost: 0	addCost: 2200	backsolveCost: 16002
node 2	AtA: 12236	cholCost: 2688	addCost: 2200	backsolveCost: 16002
node 3	AtA: 14858	cholCost: 8401	addCost: 4072	backsolveCost: 24624
node 4	AtA: 12236	cholCost: 2688	addCost: 2200	backsolveCost: 16002
node 5	AtA: 12236	cholCost: 0	addCost: 2200	backsolveCost: 16002
node 6	AtA: 10488	cholCost: 7728	addCost: 4888	backsolveCost: 16464
node 7	AtA: 10488	cholCost: 7728	addCost: 4888	backsolveCost: 16464
node 8	AtA: 12236	cholCost: 2688	addCost: 2200	backsolveCost: 16002
node 9	AtA: 12236	cholCost: 2688	addCost: 2200	backsolveCost: 16002
node 10	AtA: 19228	cholCost: 10549	addCost: 4888	backsolveCost: 31323
node 11	AtA: 13984	cholCost: 0	addCost: 3352	backsolveCost: 24523
node 12	AtA: 12236	cholCost: 2688	addCost: 2200	backsolveCost: 16002
node 13	AtA: 13984	cholCost: 6028	addCost: 3352	backsolveCost: 24523
node 14	AtA: 12236	cholCost: 0	addCost: 2200	backsolveCost: 16002
node 15	AtA: 19228	cholCost: 0	addCost: 4888	backsolveCost: 31323
node 16	AtA: 6992	cholCost: 11347	addCost: 6808	backsolveCost: 16695
node 17	AtA: 18354	cholCost: 0	addCost: 4072	backsolveCost: 24624
node 18	AtA: 18354	cholCost: 8401	addCost: 4072	backsolveCost: 24624
node 19	AtA: 13984	cholCost: 6028	addCost: 3352	backsolveCost: 24523
node 20	AtA: 18354	cholCost: 8395	addCost: 4072	backsolveCost: 24624
node 21	AtA: 12236	cholCost: 0	addCost: 5800	backsolveCost: 16541
node 22	AtA: 20854	cholCost: 53322	addCost: 4072	backsolveCost: 24624
node 23	AtA: 20854	cholCost: 53322	addCost: 4072	backsolveCost: 24624
node 24	AtA: 20854	cholCost: 53322	addCost: 4072	backsolveCost: 24624
node 25	AtA: 14736	cholCost: 31131	addCost: 2200	backsolveCost: 16002
node 26	AtA: 16484	cholCost: 52490	addCost: 3352	backsolveCost: 24523
node 27	AtA: 17358	cholCost: 57981	addCost: 4888	backsolveCost: 24826
node 28	AtA: 13862	cholCost: 75952	addCost: 9112	backsolveCost: 25432
node 29	AtA: 3884	cholCost: 66324	addCost: 14872	backsolveCost: 17388
node 30	AtA: 18354	cholCost: 8413	addCost: 4072	backsolveCost: 24624
node 31	AtA: 18354	cholCost: 8413	addCost: 4072	backsolveCost: 24624
node 32	AtA: 14736	cholCost: 31131	addCost: 2200	backsolveCost: 16002
node 33	AtA: 13862	cholCost: 40241	addCost: 4072	backsolveCost: 16310
node 34	AtA: 14736	cholCost: 32379	addCost: 2728	backsolveCost: 16079
node 35	AtA: 20854	cholCost: 74745	addCost: 4888	backsolveCost: 31323
node 36	AtA: 10366	cholCost: 51972	addCost: 7912	backsolveCost: 16772
node 37	AtA: 12988	cholCost: 51972	addCost: 7912	backsolveCost: 16772
node 38	AtA: 21728	cholCost: 65635	addCost: 3352	backsolveCost: 30984
node 39	AtA: 20854	cholCost: 53322	addCost: 4072	backsolveCost: 24624
node 40	AtA: 22602	cholCost: 138216	addCost: 11800	backsolveCost: 43606
node 41	AtA: 7744	cholCost: 89264	addCost: 13288	backsolveCost: 25836
node 42	AtA: 3884	cholCost: 84420	addCost: 20200	backsolveCost: 17696
node 43	AtA: 19228	cholCost: 10416	addCost: 4888	backsolveCost: 31323
node 44	AtA: 20854	cholCost: 53322	addCost: 4072	backsolveCost: 24624
node 45	AtA: 12988	cholCost: 64452	addCost: 11800	backsolveCost: 17157
node 46	AtA: 23476	cholCost: 74745	addCost: 4888	backsolveCost: 31323
node 47	AtA: 18232	cholCost: 119132	addCost: 13288	backsolveCost: 32453
node 48	AtA: 14858	cholCost: 17100	addCost: 7912	backsolveCost: 25230
node 49	AtA: 10488	cholCost: 14041	addCost: 7912	backsolveCost: 16772
node 50	AtA: 20854	cholCost: 53322	addCost: 4072	backsolveCost: 24624
node 51	AtA: 12988	cholCost: 138216	addCost: 11800	backsolveCost: 43606
node 52	AtA: 9492	cholCost: 133276	addCost: 18328	backsolveCost: 33018
node 53	AtA: 4230	cholCost: 132362	addCost: 26392	backsolveCost: 26947
node 54	AtA: 23476	cholCost: 74745	addCost: 4888	backsolveCost: 31323
node 55	AtA: 23476	cholCost: 74745	addCost: 4888	backsolveCost: 31323
node 56	AtA: 15610	cholCost: 88432	addCost: 11800	backsolveCost: 25735
node 57	AtA: 20854	cholCost: 53322	addCost: 4072	backsolveCost: 24624
node 58	AtA: 20854	cholCost: 53322	addCost: 4072	backsolveCost: 24624
node 59	AtA: 20854	cholCost: 53322	addCost: 4072	backsolveCost: 24624
node 60	AtA: 4230	cholCost: 89264	addCost: 13288	backsolveCost: 25836
node 61	AtA: 20854	cholCost: 53322	addCost: 4072	backsolveCost: 24624
node 62	AtA: 20854	cholCost: 53322	addCost: 4072	backsolveCost: 24624
node 63	AtA: 12988	cholCost: 58836	addCost: 10408	backsolveCost: 17003
node 64	AtA: 20854	cholCost: 53322	addCost: 4072	backsolveCost: 24624
node 65	AtA: 14736	cholCost: 31131	addCost: 2200	backsolveCost: 16002
node 66	AtA: 16484	cholCost: 52490	addCost: 3352	backsolveCost: 24523
node 67	AtA: 17358	cholCost: 57981	addCost: 4888	backsolveCost: 24826
node 68	AtA: 13862	cholCost: 75952	addCost: 9112	backsolveCost: 25432
node 69	AtA: 20854	cholCost: 53322	addCost: 4072	backsolveCost: 24624
node 70	AtA: 14736	cholCost: 31131	addCost: 2200	backsolveCost: 16002
node 71	AtA: 14736	cholCost: 31131	addCost: 2200	backsolveCost: 16002
node 72	AtA: 12988	cholCost: 40865	addCost: 4888	backsolveCost: 16464
node 73	AtA: 12988	cholCost: 40865	addCost: 4888	backsolveCost: 16464
node 74	AtA: 12988	cholCost: 64452	addCost: 11800	backsolveCost: 17157
node 75	AtA: 4230	cholCost: 95920	addCost: 14872	backsolveCost: 26038
node 76	AtA: 3884	cholCost: 85044	addCost: 22168	backsolveCost: 17850
node 77	AtA: 12988	cholCost: 85044	addCost: 22168	backsolveCost: 17850
node 78	AtA: 20854	cholCost: 53322	addCost: 4072	backsolveCost: 24624
node 79	AtA: 20854	cholCost: 53322	addCost: 4072	backsolveCost: 24624
node 80	AtA: 23476	cholCost: 138888	addCost: 10408	backsolveCost: 51833
node 81	AtA: 20854	cholCost: 53322	addCost: 4072	backsolveCost: 24624
node 82	AtA: 20854	cholCost: 53322	addCost: 4072	backsolveCost: 24624
node 83	AtA: 14736	cholCost: 31131	addCost: 2200	backsolveCost: 16002
node 84	AtA: 21728	cholCost: 74745	addCost: 4888	backsolveCost: 31323
node 85	AtA: 11240	cholCost: 98956	addCost: 9112	backsolveCost: 32001
node 86	AtA: 13862	cholCost: 95920	addCost: 14872	backsolveCost: 26038
node 87	AtA: 5960	cholCost: 367331	addCost: 38632	backsolveCost: 80045
node 88	AtA: 20854	cholCost: 53322	addCost: 4072	backsolveCost: 24624
node 89	AtA: 20854	cholCost: 53322	addCost: 4072	backsolveCost: 24624
node 90	AtA: 20854	cholCost: 53322	addCost: 4072	backsolveCost: 24624
node 91	AtA: 20854	cholCost: 53322	addCost: 4072	backsolveCost: 24624
node 92	AtA: 23476	cholCost: 138888	addCost: 10408	backsolveCost: 51833
node 93	AtA: 3884	cholCost: 72564	addCost: 16552	backsolveCost: 17465
node 94	AtA: -1	cholCost: 0	addCost: -1	backsolveCost: 24624
node 95	AtA: 8740	cholCost: 27289	addCost: 11800	backsolveCost: 32340
node 96	AtA: 18354	cholCost: 8268	addCost: 4072	backsolveCost: 24624
node 97	AtA: 19980	cholCost: 52490	addCost: 3352	backsolveCost: 24523
node 98	AtA: 12988	cholCost: 52596	addCost: 9112	backsolveCost: 16926
node 99	AtA: 3884	cholCost: 52596	addCost: 9112	backsolveCost: 16926
node 100	AtA: 14736	cholCost: 31131	addCost: 2200	backsolveCost: 16002
node 101	AtA: 21728	cholCost: 74745	addCost: 4888	backsolveCost: 31323
node 102	AtA: 14736	cholCost: 31131	addCost: 2200	backsolveCost: 16002
node 103	AtA: 21728	cholCost: 74745	addCost: 4888	backsolveCost: 31323
node 104	AtA: 9492	cholCost: 52596	addCost: 9112	backsolveCost: 16926
node 105	AtA: 20854	cholCost: 53322	addCost: 4072	backsolveCost: 24624
node 106	AtA: 20854	cholCost: 53322	addCost: 4072	backsolveCost: 24624
node 107	AtA: 20854	cholCost: 53322	addCost: 4072	backsolveCost: 24624
node 108	AtA: 12988	cholCost: 58836	addCost: 10408	backsolveCost: 17003
node 109	AtA: 13862	cholCost: 101744	addCost: 16552	backsolveCost: 26139
node 110	AtA: 4230	cholCost: 108400	addCost: 18328	backsolveCost: 26341
node 111	AtA: 20854	cholCost: 53322	addCost: 4072	backsolveCost: 24624
node 112	AtA: 18354	cholCost: 8401	addCost: 4072	backsolveCost: 24624
node 113	AtA: 14736	cholCost: 119132	addCost: 13288	backsolveCost: 32453
node 114	AtA: 20854	cholCost: 53322	addCost: 4072	backsolveCost: 24624
node 115	AtA: 14736	cholCost: 31131	addCost: 2200	backsolveCost: 16002
node 116	AtA: 21728	cholCost: 74745	addCost: 4888	backsolveCost: 31323
node 117	AtA: 14736	cholCost: 31131	addCost: 2200	backsolveCost: 16002
node 118	AtA: 21728	cholCost: 74745	addCost: 4888	backsolveCost: 31323
node 119	AtA: 14736	cholCost: 98956	addCost: 9112	backsolveCost: 32001
node 120	AtA: 13862	cholCost: 95920	addCost: 14872	backsolveCost: 26038
node 121	AtA: 4230	cholCost: 115888	addCost: 22168	backsolveCost: 26644
node 122	AtA: 12988	cholCost: 255453	addCost: 35992	backsolveCost: 54813
node 123	AtA: 6652	cholCost: 448202	addCost: 38632	backsolveCost: 109736
node 124	AtA: 5268	cholCost: 264938	addCost: 38632	backsolveCost: 54962
node 125	AtA: 7344	cholCost: 557123	addCost: 38632	backsolveCost: 144035
node 126	AtA: 6998	cholCost: 513866	addCost: 41368	backsolveCost: 130012
node 127	AtA: 15610	cholCost: 446472	addCost: 31000	backsolveCost: 128542
node 128	AtA: 28720	cholCost: 635972	addCost: 1192	backsolveCost: 533655
node 129	AtA: 6870	cholCost: 16194	addCost: 1000	backsolveCost: 10977
node 130	AtA: -1	cholCost: 0	addCost: -1	backsolveCost: 1561

