cliques
75
node 0	AtA: 12236	cholCost: 0	addCost: 2200	backsolveCost: 16002
node 1	AtA: 13984	cholCost: 6028	addCost: 3352	backsolveCost: 24523
node 2	AtA: 11362	cholCost: 6708	addCost: 4072	backsolveCost: 16310
node 3	AtA: 12236	cholCost: 2688	addCost: 2200	backsolveCost: 16002
node 4	AtA: 12236	cholCost: 2688	addCost: 2200	backsolveCost: 16002
node 5	AtA: 12236	cholCost: 2688	addCost: 2200	backsolveCost: 16002
node 6	AtA: 19106	cholCost: 52490	addCost: 3352	backsolveCost: 24523
node 7	AtA: 17358	cholCost: 57981	addCost: 4888	backsolveCost: 24826
node 8	AtA: 20854	cholCost: 53322	addCost: 4072	backsolveCost: 24624
node 9	AtA: 14736	cholCost: 31131	addCost: 2200	backsolveCost: 16002
node 10	AtA: 14736	cholCost: 31131	addCost: 2200	backsolveCost: 16002
node 11	AtA: 12988	cholCost: 40865	addCost: 4888	backsolveCost: 16464
node 12	AtA: 12988	cholCost: 40865	addCost: 4888	backsolveCost: 16464
node 13	AtA: 13862	cholCost: 75952	addCost: 9112	backsolveCost: 25432
node 14	AtA: 20854	cholCost: 53322	addCost: 4072	backsolveCost: 24624
node 15	AtA: 14736	cholCost: 31131	addCost: 2200	backsolveCost: 16002
node 16	AtA: 21728	cholCost: 74745	addCost: 4888	backsolveCost: 31323
node 17	AtA: 14736	cholCost: 31131	addCost: 2200	backsolveCost: 16002
node 18	AtA: 21728	cholCost: 74745	addCost: 4888	backsolveCost: 31323
node 19	AtA: 20854	cholCost: 53322	addCost: 4072	backsolveCost: 24624
node 20	AtA: 14736	cholCost: 31131	addCost: 2200	backsolveCost: 16002
node 21	AtA: 14736	cholCost: 31131	addCost: 2200	backsolveCost: 16002
node 22	AtA: 12988	cholCost: 40865	addCost: 4888	backsolveCost: 16464
node 23	AtA: 12988	cholCost: 40865	addCost: 4888	backsolveCost: 16464
node 24	AtA: 13862	cholCost: 75952	addCost: 9112	backsolveCost: 25432
node 25	AtA: 15610	cholCost: 257993	addCost: 13288	backsolveCost: 93381
node 26	AtA: 4576	cholCost: 119132	addCost: 13288	backsolveCost: 32453
node 27	AtA: 14736	cholCost: 31131	addCost: 2200	backsolveCost: 16002
node 28	AtA: 16484	cholCost: 52490	addCost: 3352	backsolveCost: 24523
node 29	AtA: 14736	cholCost: 31131	addCost: 2200	backsolveCost: 16002
node 30	AtA: 21728	cholCost: 74745	addCost: 4888	backsolveCost: 31323
node 31	AtA: 19106	cholCost: 124488	addCost: 9112	backsolveCost: 43195
node 32	AtA: 14736	cholCost: 31131	addCost: 2200	backsolveCost: 16002
node 33	AtA: 21728	cholCost: 74745	addCost: 4888	backsolveCost: 31323
node 34	AtA: 14736	cholCost: 31131	addCost: 2200	backsolveCost: 16002
node 35	AtA: 21728	cholCost: 74745	addCost: 4888	backsolveCost: 31323
node 36	AtA: 19980	cholCost: 126408	addCost: 9112	backsolveCost: 51684
node 37	AtA: 3884	cholCost: 65700	addCost: 13288	backsolveCost: 17234
node 38	AtA: 14736	cholCost: 31131	addCost: 2200	backsolveCost: 16002
node 39	AtA: 21728	cholCost: 74745	addCost: 4888	backsolveCost: 31323
node 40	AtA: 16484	cholCost: 52490	addCost: 3352	backsolveCost: 24523
node 41	AtA: 17358	cholCost: 57981	addCost: 4888	backsolveCost: 24826
node 42	AtA: 17358	cholCost: 68464	addCost: 6808	backsolveCost: 25129
node 43	AtA: 16484	cholCost: 52490	addCost: 3352	backsolveCost: 24523
node 44	AtA: 20854	cholCost: 53322	addCost: 4072	backsolveCost: 24624
node 45	AtA: 23476	cholCost: 126408	addCost: 9112	backsolveCost: 51684
node 46	AtA: 24350	cholCost: 100277	addCost: 5800	backsolveCost: 42510
node 47	AtA: 11240	cholCost: 68464	addCost: 6808	backsolveCost: 25129
node 48	AtA: 22602	cholCost: 70710	addCost: 4072	backsolveCost: 31097
node 49	AtA: 14736	cholCost: 32379	addCost: 2728	backsolveCost: 16079
node 50	AtA: 17358	cholCost: 57981	addCost: 4888	backsolveCost: 24826
node 51	AtA: 12988	cholCost: 40865	addCost: 4888	backsolveCost: 16464
node 52	AtA: 8618	cholCost: 88432	addCost: 11800	backsolveCost: 25735
node 53	AtA: 4576	cholCost: 107068	addCost: 11800	backsolveCost: 32340
node 54	AtA: 14736	cholCost: 31131	addCost: 2200	backsolveCost: 16002
node 55	AtA: 21728	cholCost: 74745	addCost: 4888	backsolveCost: 31323
node 56	AtA: 17358	cholCost: 68464	addCost: 6808	backsolveCost: 25129
node 57	AtA: 18232	cholCost: 52490	addCost: 3352	backsolveCost: 24523
node 58	AtA: 17358	cholCost: 57981	addCost: 4888	backsolveCost: 24826
node 59	AtA: 14736	cholCost: 32379	addCost: 2728	backsolveCost: 16079
node 60	AtA: 20854	cholCost: 74745	addCost: 4888	backsolveCost: 31323
node 61	AtA: 14736	cholCost: 31131	addCost: 2200	backsolveCost: 16002
node 62	AtA: 21728	cholCost: 74745	addCost: 4888	backsolveCost: 31323
node 63	AtA: 14736	cholCost: 31131	addCost: 2200	backsolveCost: 16002
node 64	AtA: 21728	cholCost: 74745	addCost: 4888	backsolveCost: 31323
node 65	AtA: 9492	cholCost: 52596	addCost: 9112	backsolveCost: 16926
node 66	AtA: 9492	cholCost: 125736	addCost: 10408	backsolveCost: 43332
node 67	AtA: 4230	cholCost: 81776	addCost: 10408	backsolveCost: 25533
node 68	AtA: 9492	cholCost: 138216	addCost: 11800	backsolveCost: 43606
node 69	AtA: 4230	cholCost: 88432	addCost: 11800	backsolveCost: 25735
node 70	AtA: 16484	cholCost: 150120	addCost: 11800	backsolveCost: 52131
node 71	AtA: 5268	cholCost: 150120	addCost: 11800	backsolveCost: 52131
node 72	AtA: 19106	cholCost: 263184	addCost: 1192	backsolveCost: 213626
node 73	AtA: 6870	cholCost: 16194	addCost: 1000	backsolveCost: 10977
node 74	AtA: -1	cholCost: 0	addCost: -1	backsolveCost: 1561

