cliques
169
node 0	AtA: 12236	cholCost: 2688	addCost: 2200	backsolveCost: 16002
node 1	AtA: 18354	cholCost: 0	addCost: 2728	backsolveCost: 30758
node 2	AtA: 9614	cholCost: 7728	addCost: 4888	backsolveCost: 16464
node 3	AtA: 12236	cholCost: 2688	addCost: 2200	backsolveCost: 16002
node 4	AtA: 12236	cholCost: 2688	addCost: 2200	backsolveCost: 16002
node 5	AtA: 17480	cholCost: 6028	addCost: 3352	backsolveCost: 24523
node 6	AtA: 12236	cholCost: 2688	addCost: 2200	backsolveCost: 16002
node 7	AtA: 20976	cholCost: 10416	addCost: 4888	backsolveCost: 31323
node 8	AtA: 19228	cholCost: 10549	addCost: 4888	backsolveCost: 31323
node 9	AtA: 18354	cholCost: 8268	addCost: 4072	backsolveCost: 24624
node 10	AtA: 19228	cholCost: 10416	addCost: 4888	backsolveCost: 31323
node 11	AtA: 12236	cholCost: 2688	addCost: 2200	backsolveCost: 16002
node 12	AtA: 12236	cholCost: 0	addCost: 2200	backsolveCost: 16002
node 13	AtA: 12236	cholCost: 2688	addCost: 2200	backsolveCost: 16002
node 14	AtA: 18354	cholCost: 8268	addCost: 4072	backsolveCost: 24624
node 15	AtA: 18354	cholCost: 8395	addCost: 4072	backsolveCost: 24624
node 16	AtA: 18354	cholCost: 9520	addCost: 4888	backsolveCost: 24826
node 17	AtA: 18354	cholCost: 8419	addCost: 4072	backsolveCost: 24624
node 18	AtA: 18354	cholCost: 8268	addCost: 4072	backsolveCost: 24624
node 19	AtA: 19228	cholCost: 10567	addCost: 4888	backsolveCost: 31323
node 20	AtA: 18354	cholCost: 8401	addCost: 4072	backsolveCost: 24624
node 21	AtA: 18354	cholCost: 8419	addCost: 4072	backsolveCost: 24624
node 22	AtA: 21728	cholCost: 0	addCost: 4888	backsolveCost: 31323
node 23	AtA: 3730	cholCost: 19031	addCost: 9112	backsolveCost: 25432
node 24	AtA: 2768	cholCost: 43243	addCost: 14872	backsolveCost: 52578
node 25	AtA: 13984	cholCost: 6028	addCost: 3352	backsolveCost: 24523
node 26	AtA: 12236	cholCost: 2688	addCost: 2200	backsolveCost: 16002
node 27	AtA: 19228	cholCost: 10416	addCost: 4888	backsolveCost: 31323
node 28	AtA: 18354	cholCost: 8461	addCost: 4072	backsolveCost: 24624
node 29	AtA: 18354	cholCost: 8268	addCost: 4072	backsolveCost: 24624
node 30	AtA: 18354	cholCost: 8268	addCost: 4072	backsolveCost: 24624
node 31	AtA: 9614	cholCost: 24973	addCost: 10408	backsolveCost: 32114
node 32	AtA: 18354	cholCost: 0	addCost: 4072	backsolveCost: 24624
node 33	AtA: 18354	cholCost: 9647	addCost: 4888	backsolveCost: 24826
node 34	AtA: 20854	cholCost: 0	addCost: 4072	backsolveCost: 24624
node 35	AtA: 20976	cholCost: 0	addCost: 10408	backsolveCost: 51833
node 36	AtA: 6992	cholCost: 26126	addCost: 14872	backsolveCost: 17388
node 37	AtA: 18354	cholCost: 8268	addCost: 4072	backsolveCost: 24624
node 38	AtA: 18354	cholCost: 8268	addCost: 4072	backsolveCost: 24624
node 39	AtA: 18354	cholCost: 8395	addCost: 4072	backsolveCost: 24624
node 40	AtA: 20854	cholCost: 53322	addCost: 4072	backsolveCost: 24624
node 41	AtA: 20854	cholCost: 53322	addCost: 4072	backsolveCost: 24624
node 42	AtA: 20854	cholCost: 53322	addCost: 4072	backsolveCost: 24624
node 43	AtA: 14736	cholCost: 119132	addCost: 13288	backsolveCost: 32453
node 44	AtA: 14736	cholCost: 32379	addCost: 2728	backsolveCost: 16079
node 45	AtA: 17358	cholCost: 57981	addCost: 4888	backsolveCost: 24826
node 46	AtA: 12988	cholCost: 40865	addCost: 4888	backsolveCost: 16464
node 47	AtA: 14736	cholCost: 32379	addCost: 2728	backsolveCost: 16079
node 48	AtA: 18232	cholCost: 57981	addCost: 4888	backsolveCost: 24826
node 49	AtA: 20854	cholCost: 53322	addCost: 4072	backsolveCost: 24624
node 50	AtA: 19106	cholCost: 124488	addCost: 9112	backsolveCost: 43195
node 51	AtA: 8618	cholCost: 163478	addCost: 26392	backsolveCost: 33696
node 52	AtA: 14736	cholCost: 32379	addCost: 2728	backsolveCost: 16079
node 53	AtA: 15610	cholCost: 40865	addCost: 4888	backsolveCost: 16464
node 54	AtA: 20854	cholCost: 65635	addCost: 3352	backsolveCost: 30984
node 55	AtA: 17358	cholCost: 57981	addCost: 4888	backsolveCost: 24826
node 56	AtA: 20854	cholCost: 53322	addCost: 4072	backsolveCost: 24624
node 57	AtA: 13862	cholCost: 75952	addCost: 9112	backsolveCost: 25432
node 58	AtA: 10366	cholCost: 65700	addCost: 13288	backsolveCost: 17234
node 59	AtA: 20854	cholCost: 53322	addCost: 4072	backsolveCost: 24624
node 60	AtA: 20854	cholCost: 53322	addCost: 4072	backsolveCost: 24624
node 61	AtA: 20854	cholCost: 53322	addCost: 4072	backsolveCost: 24624
node 62	AtA: 20854	cholCost: 53322	addCost: 4072	backsolveCost: 24624
node 63	AtA: 12988	cholCost: 58836	addCost: 10408	backsolveCost: 17003
node 64	AtA: 20854	cholCost: 53322	addCost: 4072	backsolveCost: 24624
node 65	AtA: 20854	cholCost: 53322	addCost: 4072	backsolveCost: 24624
node 66	AtA: 12988	cholCost: 58836	addCost: 10408	backsolveCost: 17003
node 67	AtA: 3884	cholCost: 72564	addCost: 16552	backsolveCost: 17465
node 68	AtA: 3884	cholCost: 86292	addCost: 24232	backsolveCost: 17927
node 69	AtA: 3884	cholCost: 119864	addCost: 38632	backsolveCost: 18620
node 70	AtA: 20854	cholCost: 53322	addCost: 4072	backsolveCost: 24624
node 71	AtA: 20854	cholCost: 53322	addCost: 4072	backsolveCost: 24624
node 72	AtA: 21728	cholCost: 92924	addCost: 7912	backsolveCost: 31775
node 73	AtA: 19106	cholCost: 149448	addCost: 13288	backsolveCost: 43743
node 74	AtA: 20854	cholCost: 53322	addCost: 4072	backsolveCost: 24624
node 75	AtA: 14736	cholCost: 31131	addCost: 2200	backsolveCost: 16002
node 76	AtA: 21728	cholCost: 74745	addCost: 4888	backsolveCost: 31323
node 77	AtA: 21728	cholCost: 74745	addCost: 4888	backsolveCost: 31323
node 78	AtA: 9492	cholCost: 52596	addCost: 9112	backsolveCost: 16926
node 79	AtA: 14736	cholCost: 107068	addCost: 11800	backsolveCost: 32340
node 80	AtA: 3884	cholCost: 85044	addCost: 22168	backsolveCost: 17850
node 81	AtA: 20854	cholCost: 53322	addCost: 4072	backsolveCost: 24624
node 82	AtA: 20854	cholCost: 53322	addCost: 4072	backsolveCost: 24624
node 83	AtA: 23476	cholCost: 138888	addCost: 10408	backsolveCost: 51833
node 84	AtA: 10488	cholCost: 20305	addCost: 11800	backsolveCost: 17157
node 85	AtA: 14736	cholCost: 31131	addCost: 2200	backsolveCost: 16002
node 86	AtA: 21728	cholCost: 74745	addCost: 4888	backsolveCost: 31323
node 87	AtA: 20854	cholCost: 53322	addCost: 4072	backsolveCost: 24624
node 88	AtA: 12988	cholCost: 52596	addCost: 9112	backsolveCost: 16926
node 89	AtA: 10366	cholCost: 88432	addCost: 11800	backsolveCost: 25735
node 90	AtA: 10366	cholCost: 95920	addCost: 14872	backsolveCost: 26038
node 91	AtA: 3884	cholCost: 86292	addCost: 24232	backsolveCost: 17927
node 92	AtA: 10366	cholCost: 159153	addCost: 38632	backsolveCost: 27654
node 93	AtA: 5268	cholCost: 313362	addCost: 50152	backsolveCost: 55856
node 94	AtA: 14736	cholCost: 31131	addCost: 2200	backsolveCost: 16002
node 95	AtA: 16484	cholCost: 52490	addCost: 3352	backsolveCost: 24523
node 96	AtA: 21728	cholCost: 85852	addCost: 6808	backsolveCost: 31662
node 97	AtA: 19106	cholCost: 138216	addCost: 11800	backsolveCost: 43606
node 98	AtA: 20854	cholCost: 53322	addCost: 4072	backsolveCost: 24624
node 99	AtA: 14736	cholCost: 31131	addCost: 2200	backsolveCost: 16002
node 100	AtA: 21728	cholCost: 74745	addCost: 4888	backsolveCost: 31323
node 101	AtA: 14736	cholCost: 31131	addCost: 2200	backsolveCost: 16002
node 102	AtA: 21728	cholCost: 74745	addCost: 4888	backsolveCost: 31323
node 103	AtA: 9492	cholCost: 52596	addCost: 9112	backsolveCost: 16926
node 104	AtA: 14736	cholCost: 107068	addCost: 11800	backsolveCost: 32340
node 105	AtA: 4230	cholCost: 108400	addCost: 18328	backsolveCost: 26341
node 106	AtA: 23476	cholCost: 74745	addCost: 4888	backsolveCost: 31323
node 107	AtA: 23476	cholCost: 74745	addCost: 4888	backsolveCost: 31323
node 108	AtA: 21728	cholCost: 98956	addCost: 9112	backsolveCost: 32001
node 109	AtA: 14736	cholCost: 101744	addCost: 16552	backsolveCost: 26139
node 110	AtA: 14736	cholCost: 31131	addCost: 2200	backsolveCost: 16002
node 111	AtA: 14736	cholCost: 40241	addCost: 4072	backsolveCost: 16310
node 112	AtA: 23476	cholCost: 74745	addCost: 4888	backsolveCost: 31323
node 113	AtA: 23476	cholCost: 74745	addCost: 4888	backsolveCost: 31323
node 114	AtA: 20854	cholCost: 53322	addCost: 4072	backsolveCost: 24624
node 115	AtA: 12988	cholCost: 64452	addCost: 11800	backsolveCost: 17157
node 116	AtA: 9492	cholCost: 108400	addCost: 18328	backsolveCost: 26341
node 117	AtA: 7744	cholCost: 141847	addCost: 31000	backsolveCost: 27250
node 118	AtA: 14736	cholCost: 572106	addCost: 50152	backsolveCost: 130992
node 119	AtA: 19228	cholCost: 18823	addCost: 7912	backsolveCost: 31775
node 120	AtA: 20854	cholCost: 53322	addCost: 4072	backsolveCost: 24624
node 121	AtA: 13862	cholCost: 89264	addCost: 13288	backsolveCost: 25836
node 122	AtA: 11240	cholCost: 140348	addCost: 20200	backsolveCost: 33131
node 123	AtA: 4230	cholCost: 149668	addCost: 33448	backsolveCost: 27351
node 124	AtA: 18354	cholCost: 8268	addCost: 4072	backsolveCost: 24624
node 125	AtA: 12988	cholCost: 58836	addCost: 10408	backsolveCost: 17003
node 126	AtA: 20854	cholCost: 53322	addCost: 4072	backsolveCost: 24624
node 127	AtA: 18354	cholCost: 8407	addCost: 4072	backsolveCost: 24624
node 128	AtA: 22602	cholCost: 149448	addCost: 13288	backsolveCost: 43743
node 129	AtA: 10366	cholCost: 123709	addCost: 24232	backsolveCost: 26745
node 130	AtA: 4922	cholCost: 301208	addCost: 50152	backsolveCost: 47031
node 131	AtA: 20854	cholCost: 53322	addCost: 4072	backsolveCost: 24624
node 132	AtA: 20854	cholCost: 53322	addCost: 4072	backsolveCost: 24624
node 133	AtA: 4230	cholCost: 89264	addCost: 13288	backsolveCost: 25836
node 134	AtA: 20854	cholCost: 53322	addCost: 4072	backsolveCost: 24624
node 135	AtA: 20854	cholCost: 53322	addCost: 4072	backsolveCost: 24624
node 136	AtA: 12988	cholCost: 58836	addCost: 10408	backsolveCost: 17003
node 137	AtA: 20854	cholCost: 53322	addCost: 4072	backsolveCost: 24624
node 138	AtA: 16484	cholCost: 57981	addCost: 4888	backsolveCost: 24826
node 139	AtA: 4230	cholCost: 75952	addCost: 9112	backsolveCost: 25432
node 140	AtA: 10366	cholCost: 108400	addCost: 18328	backsolveCost: 26341
node 141	AtA: 3884	cholCost: 102766	addCost: 31000	backsolveCost: 18312
node 142	AtA: 20854	cholCost: 53322	addCost: 4072	backsolveCost: 24624
node 143	AtA: 20854	cholCost: 53322	addCost: 4072	backsolveCost: 24624
node 144	AtA: 20854	cholCost: 53322	addCost: 4072	backsolveCost: 24624
node 145	AtA: 20854	cholCost: 53322	addCost: 4072	backsolveCost: 24624
node 146	AtA: 23476	cholCost: 138888	addCost: 10408	backsolveCost: 51833
node 147	AtA: 10366	cholCost: 109232	addCost: 20200	backsolveCost: 26442
node 148	AtA: 10488	cholCost: 18673	addCost: 10408	backsolveCost: 17003
node 149	AtA: 14736	cholCost: 31131	addCost: 2200	backsolveCost: 16002
node 150	AtA: 21728	cholCost: 74745	addCost: 4888	backsolveCost: 31323
node 151	AtA: 20854	cholCost: 53322	addCost: 4072	backsolveCost: 24624
node 152	AtA: 12988	cholCost: 64452	addCost: 11800	backsolveCost: 17157
node 153	AtA: 14736	cholCost: 31131	addCost: 2200	backsolveCost: 16002
node 154	AtA: 21728	cholCost: 74745	addCost: 4888	backsolveCost: 31323
node 155	AtA: 14736	cholCost: 31131	addCost: 2200	backsolveCost: 16002
node 156	AtA: 21728	cholCost: 74745	addCost: 4888	backsolveCost: 31323
node 157	AtA: 17358	cholCost: 68464	addCost: 6808	backsolveCost: 25129
node 158	AtA: 10366	cholCost: 75952	addCost: 9112	backsolveCost: 25432
node 159	AtA: 4230	cholCost: 95920	addCost: 14872	backsolveCost: 26038
node 160	AtA: 12114	cholCost: 228822	addCost: 31000	backsolveCost: 45661
node 161	AtA: 4576	cholCost: 224881	addCost: 47128	backsolveCost: 35052
node 162	AtA: 5614	cholCost: 417672	addCost: 63208	backsolveCost: 71448
node 163	AtA: 7690	cholCost: 855012	addCost: 66712	backsolveCost: 170443
node 164	AtA: 6998	cholCost: 798992	addCost: 85672	backsolveCost: 134667
node 165	AtA: 22602	cholCost: 1037973	addCost: 44200	backsolveCost: 306285
node 166	AtA: 38334	cholCost: 1158338	addCost: 1192	backsolveCost: 941970
node 167	AtA: 6870	cholCost: 16194	addCost: 1000	backsolveCost: 10977
node 168	AtA: -1	cholCost: 0	addCost: -1	backsolveCost: 1561

