cliques
95
node 0	AtA: 12236	cholCost: 2688	addCost: 2200	backsolveCost: 16002
node 1	AtA: 18354	cholCost: 5520	addCost: 2728	backsolveCost: 30758
node 2	AtA: 9614	cholCost: 7728	addCost: 4888	backsolveCost: 16464
node 3	AtA: 12236	cholCost: 2688	addCost: 2200	backsolveCost: 16002
node 4	AtA: 12236	cholCost: 2688	addCost: 2200	backsolveCost: 16002
node 5	AtA: 12236	cholCost: 2688	addCost: 2200	backsolveCost: 16002
node 6	AtA: 19228	cholCost: 10416	addCost: 4888	backsolveCost: 31323
node 7	AtA: 23476	cholCost: 74745	addCost: 4888	backsolveCost: 31323
node 8	AtA: 14736	cholCost: 31131	addCost: 2200	backsolveCost: 16002
node 9	AtA: 15610	cholCost: 32379	addCost: 2728	backsolveCost: 16079
node 10	AtA: 18232	cholCost: 84812	addCost: 5800	backsolveCost: 31436
node 11	AtA: 14736	cholCost: 31131	addCost: 2200	backsolveCost: 16002
node 12	AtA: 21728	cholCost: 74745	addCost: 4888	backsolveCost: 31323
node 13	AtA: 20854	cholCost: 53322	addCost: 4072	backsolveCost: 24624
node 14	AtA: 19106	cholCost: 124488	addCost: 9112	backsolveCost: 43195
node 15	AtA: 20854	cholCost: 53322	addCost: 4072	backsolveCost: 24624
node 16	AtA: 13862	cholCost: 75952	addCost: 9112	backsolveCost: 25432
node 17	AtA: 20854	cholCost: 57981	addCost: 4888	backsolveCost: 24826
node 18	AtA: 21728	cholCost: 74745	addCost: 4888	backsolveCost: 31323
node 19	AtA: 13862	cholCost: 81776	addCost: 10408	backsolveCost: 25533
node 20	AtA: 3884	cholCost: 72564	addCost: 16552	backsolveCost: 17465
node 21	AtA: 20854	cholCost: 53322	addCost: 4072	backsolveCost: 24624
node 22	AtA: 23476	cholCost: 74745	addCost: 4888	backsolveCost: 31323
node 23	AtA: 10366	cholCost: 51972	addCost: 7912	backsolveCost: 16772
node 24	AtA: 19106	cholCost: 149448	addCost: 13288	backsolveCost: 43743
node 25	AtA: 14736	cholCost: 31131	addCost: 2200	backsolveCost: 16002
node 26	AtA: 21728	cholCost: 74745	addCost: 4888	backsolveCost: 31323
node 27	AtA: 20854	cholCost: 53322	addCost: 4072	backsolveCost: 24624
node 28	AtA: 14736	cholCost: 31131	addCost: 2200	backsolveCost: 16002
node 29	AtA: 21728	cholCost: 74745	addCost: 4888	backsolveCost: 31323
node 30	AtA: 4230	cholCost: 75952	addCost: 9112	backsolveCost: 25432
node 31	AtA: 20854	cholCost: 53322	addCost: 4072	backsolveCost: 24624
node 32	AtA: 14736	cholCost: 31131	addCost: 2200	backsolveCost: 16002
node 33	AtA: 21728	cholCost: 74745	addCost: 4888	backsolveCost: 31323
node 34	AtA: 14736	cholCost: 31131	addCost: 2200	backsolveCost: 16002
node 35	AtA: 21728	cholCost: 74745	addCost: 4888	backsolveCost: 31323
node 36	AtA: 17358	cholCost: 68464	addCost: 6808	backsolveCost: 25129
node 37	AtA: 16484	cholCost: 158856	addCost: 14872	backsolveCost: 52578
node 38	AtA: 11240	cholCost: 140348	addCost: 20200	backsolveCost: 33131
node 39	AtA: 20854	cholCost: 53322	addCost: 4072	backsolveCost: 24624
node 40	AtA: 14736	cholCost: 31131	addCost: 2200	backsolveCost: 16002
node 41	AtA: 16484	cholCost: 52490	addCost: 3352	backsolveCost: 24523
node 42	AtA: 14736	cholCost: 31131	addCost: 2200	backsolveCost: 16002
node 43	AtA: 21728	cholCost: 74745	addCost: 4888	backsolveCost: 31323
node 44	AtA: 17358	cholCost: 68464	addCost: 6808	backsolveCost: 25129
node 45	AtA: 14736	cholCost: 98956	addCost: 9112	backsolveCost: 32001
node 46	AtA: 13862	cholCost: 95920	addCost: 14872	backsolveCost: 26038
node 47	AtA: 14736	cholCost: 31131	addCost: 2200	backsolveCost: 16002
node 48	AtA: 14736	cholCost: 31131	addCost: 2200	backsolveCost: 16002
node 49	AtA: 12988	cholCost: 40865	addCost: 4888	backsolveCost: 16464
node 50	AtA: 12988	cholCost: 40865	addCost: 4888	backsolveCost: 16464
node 51	AtA: 17358	cholCost: 68464	addCost: 6808	backsolveCost: 25129
node 52	AtA: 14736	cholCost: 31131	addCost: 2200	backsolveCost: 16002
node 53	AtA: 21728	cholCost: 74745	addCost: 4888	backsolveCost: 31323
node 54	AtA: 20854	cholCost: 53322	addCost: 4072	backsolveCost: 24624
node 55	AtA: 13862	cholCost: 75952	addCost: 9112	backsolveCost: 25432
node 56	AtA: 5614	cholCost: 221982	addCost: 20200	backsolveCost: 67296
node 57	AtA: 20854	cholCost: 53322	addCost: 4072	backsolveCost: 24624
node 58	AtA: 20854	cholCost: 53322	addCost: 4072	backsolveCost: 24624
node 59	AtA: 14736	cholCost: 31131	addCost: 2200	backsolveCost: 16002
node 60	AtA: 16484	cholCost: 52490	addCost: 3352	backsolveCost: 24523
node 61	AtA: 17358	cholCost: 57981	addCost: 4888	backsolveCost: 24826
node 62	AtA: 13862	cholCost: 75952	addCost: 9112	backsolveCost: 25432
node 63	AtA: 20854	cholCost: 53322	addCost: 4072	backsolveCost: 24624
node 64	AtA: 14736	cholCost: 31131	addCost: 2200	backsolveCost: 16002
node 65	AtA: 21728	cholCost: 74745	addCost: 4888	backsolveCost: 31323
node 66	AtA: 14736	cholCost: 31131	addCost: 2200	backsolveCost: 16002
node 67	AtA: 21728	cholCost: 74745	addCost: 4888	backsolveCost: 31323
node 68	AtA: 14736	cholCost: 98956	addCost: 9112	backsolveCost: 32001
node 69	AtA: 13862	cholCost: 95920	addCost: 14872	backsolveCost: 26038
node 70	AtA: 4922	cholCost: 178901	addCost: 20200	backsolveCost: 44565
node 71	AtA: 20854	cholCost: 53322	addCost: 4072	backsolveCost: 24624
node 72	AtA: 14736	cholCost: 31131	addCost: 2200	backsolveCost: 16002
node 73	AtA: 16484	cholCost: 52490	addCost: 3352	backsolveCost: 24523
node 74	AtA: 21728	cholCost: 74745	addCost: 4888	backsolveCost: 31323
node 75	AtA: 13862	cholCost: 75952	addCost: 9112	backsolveCost: 25432
node 76	AtA: 14736	cholCost: 107068	addCost: 11800	backsolveCost: 32340
node 77	AtA: 19980	cholCost: 52490	addCost: 3352	backsolveCost: 24523
node 78	AtA: 14736	cholCost: 31131	addCost: 2200	backsolveCost: 16002
node 79	AtA: 21728	cholCost: 74745	addCost: 4888	backsolveCost: 31323
node 80	AtA: 13862	cholCost: 75952	addCost: 9112	backsolveCost: 25432
node 81	AtA: 14736	cholCost: 31131	addCost: 2200	backsolveCost: 16002
node 82	AtA: 21728	cholCost: 74745	addCost: 4888	backsolveCost: 31323
node 83	AtA: 20854	cholCost: 53322	addCost: 4072	backsolveCost: 24624
node 84	AtA: 12988	cholCost: 64452	addCost: 11800	backsolveCost: 17157
node 85	AtA: 3884	cholCost: 78180	addCost: 18328	backsolveCost: 17619
node 86	AtA: 4576	cholCost: 140348	addCost: 20200	backsolveCost: 33131
node 87	AtA: 5960	cholCost: 263495	addCost: 20200	backsolveCost: 77825
node 88	AtA: 5960	cholCost: 263495	addCost: 20200	backsolveCost: 77825
node 89	AtA: 5960	cholCost: 263495	addCost: 20200	backsolveCost: 77825
node 90	AtA: 4922	cholCost: 193378	addCost: 22168	backsolveCost: 44839
node 91	AtA: 12114	cholCost: 231213	addCost: 14872	backsolveCost: 77085
node 92	AtA: 24350	cholCost: 382212	addCost: 1192	backsolveCost: 311672
node 93	AtA: 6870	cholCost: 16194	addCost: 1000	backsolveCost: 10977
node 94	AtA: -1	cholCost: 0	addCost: -1	backsolveCost: 1561

