cliques
149
node 0	AtA: 14858	cholCost: 0	addCost: 2200	backsolveCost: 24220
node 1	AtA: 14858	cholCost: 0	addCost: 4072	backsolveCost: 24624
node 2	AtA: 12236	cholCost: 2688	addCost: 2200	backsolveCost: 16002
node 3	AtA: 20102	cholCost: 9048	addCost: 4072	backsolveCost: 31097
node 4	AtA: 12236	cholCost: 2688	addCost: 2200	backsolveCost: 16002
node 5	AtA: 19228	cholCost: 10416	addCost: 4888	backsolveCost: 31323
node 6	AtA: 19228	cholCost: 10416	addCost: 4888	backsolveCost: 31323
node 7	AtA: 12236	cholCost: 20640	addCost: 9112	backsolveCost: 32001
node 8	AtA: 12236	cholCost: 15096	addCost: 6808	backsolveCost: 31662
node 9	AtA: 20976	cholCost: 10591	addCost: 4888	backsolveCost: 31323
node 10	AtA: 20854	cholCost: 53322	addCost: 4072	backsolveCost: 24624
node 11	AtA: 21728	cholCost: 65635	addCost: 3352	backsolveCost: 30984
node 12	AtA: 12988	cholCost: 52596	addCost: 9112	backsolveCost: 16926
node 13	AtA: 18232	cholCost: 52490	addCost: 3352	backsolveCost: 24523
node 14	AtA: 16484	cholCost: 57981	addCost: 4888	backsolveCost: 24826
node 15	AtA: 12988	cholCost: 40865	addCost: 4888	backsolveCost: 16464
node 16	AtA: 20854	cholCost: 53322	addCost: 4072	backsolveCost: 24624
node 17	AtA: 14736	cholCost: 32379	addCost: 2728	backsolveCost: 16079
node 18	AtA: 18232	cholCost: 57981	addCost: 4888	backsolveCost: 24826
node 19	AtA: 13862	cholCost: 75952	addCost: 9112	backsolveCost: 25432
node 20	AtA: 20854	cholCost: 53322	addCost: 4072	backsolveCost: 24624
node 21	AtA: 15610	cholCost: 106028	addCost: 10408	backsolveCost: 32114
node 22	AtA: 20854	cholCost: 53322	addCost: 4072	backsolveCost: 24624
node 23	AtA: 20854	cholCost: 53322	addCost: 4072	backsolveCost: 24624
node 24	AtA: 20854	cholCost: 53322	addCost: 4072	backsolveCost: 24624
node 25	AtA: 20854	cholCost: 53322	addCost: 4072	backsolveCost: 24624
node 26	AtA: 4230	cholCost: 89264	addCost: 13288	backsolveCost: 25836
node 27	AtA: 8618	cholCost: 163478	addCost: 26392	backsolveCost: 33696
node 28	AtA: 20854	cholCost: 53322	addCost: 4072	backsolveCost: 24624
node 29	AtA: 20854	cholCost: 53322	addCost: 4072	backsolveCost: 24624
node 30	AtA: 20854	cholCost: 53322	addCost: 4072	backsolveCost: 24624
node 31	AtA: 23476	cholCost: 138888	addCost: 10408	backsolveCost: 51833
node 32	AtA: 13862	cholCost: 101744	addCost: 16552	backsolveCost: 26139
node 33	AtA: 10488	cholCost: 15559	addCost: 9112	backsolveCost: 16926
node 34	AtA: 14736	cholCost: 31131	addCost: 2200	backsolveCost: 16002
node 35	AtA: 21728	cholCost: 74745	addCost: 4888	backsolveCost: 31323
node 36	AtA: 20854	cholCost: 53322	addCost: 4072	backsolveCost: 24624
node 37	AtA: 13862	cholCost: 75952	addCost: 9112	backsolveCost: 25432
node 38	AtA: 5268	cholCost: 230742	addCost: 31000	backsolveCost: 54366
node 39	AtA: 5614	cholCost: 326234	addCost: 41368	backsolveCost: 69718
node 40	AtA: 20854	cholCost: 53322	addCost: 4072	backsolveCost: 24624
node 41	AtA: 21728	cholCost: 92924	addCost: 7912	backsolveCost: 31775
node 42	AtA: 20854	cholCost: 53322	addCost: 4072	backsolveCost: 24624
node 43	AtA: 12236	cholCost: 2688	addCost: 2200	backsolveCost: 16002
node 44	AtA: 21728	cholCost: 74745	addCost: 4888	backsolveCost: 31323
node 45	AtA: 19106	cholCost: 124488	addCost: 9112	backsolveCost: 43195
node 46	AtA: 20854	cholCost: 53322	addCost: 4072	backsolveCost: 24624
node 47	AtA: 20854	cholCost: 53322	addCost: 4072	backsolveCost: 24624
node 48	AtA: 23476	cholCost: 138888	addCost: 10408	backsolveCost: 51833
node 49	AtA: 20854	cholCost: 53322	addCost: 4072	backsolveCost: 24624
node 50	AtA: 20854	cholCost: 53322	addCost: 4072	backsolveCost: 24624
node 51	AtA: 20854	cholCost: 53322	addCost: 4072	backsolveCost: 24624
node 52	AtA: 14736	cholCost: 119132	addCost: 13288	backsolveCost: 32453
node 53	AtA: 5614	cholCost: 362552	addCost: 47128	backsolveCost: 70237
node 54	AtA: 23476	cholCost: 74745	addCost: 4888	backsolveCost: 31323
node 55	AtA: 21728	cholCost: 98956	addCost: 9112	backsolveCost: 32001
node 56	AtA: 23476	cholCost: 74745	addCost: 4888	backsolveCost: 31323
node 57	AtA: 23476	cholCost: 74745	addCost: 4888	backsolveCost: 31323
node 58	AtA: 12988	cholCost: 65700	addCost: 13288	backsolveCost: 17234
node 59	AtA: 7744	cholCost: 78180	addCost: 18328	backsolveCost: 17619
node 60	AtA: 20854	cholCost: 53322	addCost: 4072	backsolveCost: 24624
node 61	AtA: 20854	cholCost: 53322	addCost: 4072	backsolveCost: 24624
node 62	AtA: 20854	cholCost: 53322	addCost: 4072	backsolveCost: 24624
node 63	AtA: 14736	cholCost: 119132	addCost: 13288	backsolveCost: 32453
node 64	AtA: 14736	cholCost: 31131	addCost: 2200	backsolveCost: 16002
node 65	AtA: 14736	cholCost: 31131	addCost: 2200	backsolveCost: 16002
node 66	AtA: 12988	cholCost: 40865	addCost: 4888	backsolveCost: 16464
node 67	AtA: 12988	cholCost: 40865	addCost: 4888	backsolveCost: 16464
node 68	AtA: 19980	cholCost: 52490	addCost: 3352	backsolveCost: 24523
node 69	AtA: 20854	cholCost: 53322	addCost: 4072	backsolveCost: 24624
node 70	AtA: 23476	cholCost: 126408	addCost: 9112	backsolveCost: 51684
node 71	AtA: 14736	cholCost: 125164	addCost: 14872	backsolveCost: 32679
node 72	AtA: 11240	cholCost: 163478	addCost: 26392	backsolveCost: 33696
node 73	AtA: 4576	cholCost: 206743	addCost: 38632	backsolveCost: 34487
node 74	AtA: 20854	cholCost: 53322	addCost: 4072	backsolveCost: 24624
node 75	AtA: 20854	cholCost: 53322	addCost: 4072	backsolveCost: 24624
node 76	AtA: 14736	cholCost: 32379	addCost: 2728	backsolveCost: 16079
node 77	AtA: 20854	cholCost: 74745	addCost: 4888	backsolveCost: 31323
node 78	AtA: 20854	cholCost: 53322	addCost: 4072	backsolveCost: 24624
node 79	AtA: 14736	cholCost: 32379	addCost: 2728	backsolveCost: 16079
node 80	AtA: 19980	cholCost: 74745	addCost: 4888	backsolveCost: 31323
node 81	AtA: 12988	cholCost: 40865	addCost: 4888	backsolveCost: 16464
node 82	AtA: 7744	cholCost: 75952	addCost: 9112	backsolveCost: 25432
node 83	AtA: 3884	cholCost: 66324	addCost: 14872	backsolveCost: 17388
node 84	AtA: 20854	cholCost: 53322	addCost: 4072	backsolveCost: 24624
node 85	AtA: 20854	cholCost: 53322	addCost: 4072	backsolveCost: 24624
node 86	AtA: 20854	cholCost: 53322	addCost: 4072	backsolveCost: 24624
node 87	AtA: 20854	cholCost: 53322	addCost: 4072	backsolveCost: 24624
node 88	AtA: 12988	cholCost: 58836	addCost: 10408	backsolveCost: 17003
node 89	AtA: 11240	cholCost: 132236	addCost: 16552	backsolveCost: 32792
node 90	AtA: 20854	cholCost: 53322	addCost: 4072	backsolveCost: 24624
node 91	AtA: 14736	cholCost: 32379	addCost: 2728	backsolveCost: 16079
node 92	AtA: 20854	cholCost: 74745	addCost: 4888	backsolveCost: 31323
node 93	AtA: 14736	cholCost: 32379	addCost: 2728	backsolveCost: 16079
node 94	AtA: 19980	cholCost: 74745	addCost: 4888	backsolveCost: 31323
node 95	AtA: 12988	cholCost: 40865	addCost: 4888	backsolveCost: 16464
node 96	AtA: 17358	cholCost: 68464	addCost: 6808	backsolveCost: 25129
node 97	AtA: 18232	cholCost: 182836	addCost: 11800	backsolveCost: 66085
node 98	AtA: 12114	cholCost: 348028	addCost: 35992	backsolveCost: 79860
node 99	AtA: 20854	cholCost: 53322	addCost: 4072	backsolveCost: 24624
node 100	AtA: 20854	cholCost: 53322	addCost: 4072	backsolveCost: 24624
node 101	AtA: 20854	cholCost: 53322	addCost: 4072	backsolveCost: 24624
node 102	AtA: 20854	cholCost: 53322	addCost: 4072	backsolveCost: 24624
node 103	AtA: 23476	cholCost: 138888	addCost: 10408	backsolveCost: 51833
node 104	AtA: 3884	cholCost: 72564	addCost: 16552	backsolveCost: 17465
node 105	AtA: 20854	cholCost: 57981	addCost: 4888	backsolveCost: 24826
node 106	AtA: 20854	cholCost: 53322	addCost: 4072	backsolveCost: 24624
node 107	AtA: 23476	cholCost: 74745	addCost: 4888	backsolveCost: 31323
node 108	AtA: 14736	cholCost: 31131	addCost: 2200	backsolveCost: 16002
node 109	AtA: 13862	cholCost: 40241	addCost: 4072	backsolveCost: 16310
node 110	AtA: 17358	cholCost: 61808	addCost: 5800	backsolveCost: 24927
node 111	AtA: 14736	cholCost: 193378	addCost: 22168	backsolveCost: 44839
node 112	AtA: 4230	cholCost: 158321	addCost: 35992	backsolveCost: 27553
node 113	AtA: 20854	cholCost: 53322	addCost: 4072	backsolveCost: 24624
node 114	AtA: 14736	cholCost: 31131	addCost: 2200	backsolveCost: 16002
node 115	AtA: 16484	cholCost: 52490	addCost: 3352	backsolveCost: 24523
node 116	AtA: 21728	cholCost: 85852	addCost: 6808	backsolveCost: 31662
node 117	AtA: 12988	cholCost: 45732	addCost: 6808	backsolveCost: 16695
node 118	AtA: 13862	cholCost: 88432	addCost: 11800	backsolveCost: 25735
node 119	AtA: 20854	cholCost: 53322	addCost: 4072	backsolveCost: 24624
node 120	AtA: 20854	cholCost: 53322	addCost: 4072	backsolveCost: 24624
node 121	AtA: 14736	cholCost: 31131	addCost: 2200	backsolveCost: 16002
node 122	AtA: 21728	cholCost: 74745	addCost: 4888	backsolveCost: 31323
node 123	AtA: 14736	cholCost: 31131	addCost: 2200	backsolveCost: 16002
node 124	AtA: 21728	cholCost: 74745	addCost: 4888	backsolveCost: 31323
node 125	AtA: 4576	cholCost: 125164	addCost: 14872	backsolveCost: 32679
node 126	AtA: 4576	cholCost: 133276	addCost: 18328	backsolveCost: 33018
node 127	AtA: 20854	cholCost: 53322	addCost: 4072	backsolveCost: 24624
node 128	AtA: 14736	cholCost: 31131	addCost: 2200	backsolveCost: 16002
node 129	AtA: 16484	cholCost: 52490	addCost: 3352	backsolveCost: 24523
node 130	AtA: 14736	cholCost: 31131	addCost: 2200	backsolveCost: 16002
node 131	AtA: 21728	cholCost: 74745	addCost: 4888	backsolveCost: 31323
node 132	AtA: 19106	cholCost: 124488	addCost: 9112	backsolveCost: 43195
node 133	AtA: 14736	cholCost: 107068	addCost: 11800	backsolveCost: 32340
node 134	AtA: 20854	cholCost: 53322	addCost: 4072	backsolveCost: 24624
node 135	AtA: 20854	cholCost: 53322	addCost: 4072	backsolveCost: 24624
node 136	AtA: 20854	cholCost: 53322	addCost: 4072	backsolveCost: 24624
node 137	AtA: 23476	cholCost: 138888	addCost: 10408	backsolveCost: 51833
node 138	AtA: 13862	cholCost: 101744	addCost: 16552	backsolveCost: 26139
node 139	AtA: 11240	cholCost: 163478	addCost: 26392	backsolveCost: 33696
node 140	AtA: 4230	cholCost: 184280	addCost: 47128	backsolveCost: 28159
node 141	AtA: 5960	cholCost: 489137	addCost: 63208	backsolveCost: 82265
node 142	AtA: 15610	cholCost: 699520	addCost: 56488	backsolveCost: 146348
node 143	AtA: 14736	cholCost: 647402	addCost: 59800	backsolveCost: 132217
node 144	AtA: 7344	cholCost: 766580	addCost: 66712	backsolveCost: 147633
node 145	AtA: 23476	cholCost: 792048	addCost: 16552	backsolveCost: 354162
node 146	AtA: 26098	cholCost: 430144	addCost: 1192	backsolveCost: 367607
node 147	AtA: 6870	cholCost: 16194	addCost: 1000	backsolveCost: 10977
node 148	AtA: -1	cholCost: 0	addCost: -1	backsolveCost: 1561

