cliques
102
node 0	AtA: 14858	cholCost: 0	addCost: 2200	backsolveCost: 24220
node 1	AtA: 14858	cholCost: 8268	addCost: 4072	backsolveCost: 24624
node 2	AtA: 20102	cholCost: 9048	addCost: 4072	backsolveCost: 31097
node 3	AtA: 7866	cholCost: 11353	addCost: 6808	backsolveCost: 16695
node 4	AtA: 12236	cholCost: 2688	addCost: 2200	backsolveCost: 16002
node 5	AtA: 12236	cholCost: 2688	addCost: 2200	backsolveCost: 16002
node 6	AtA: 12236	cholCost: 2688	addCost: 2200	backsolveCost: 16002
node 7	AtA: 12236	cholCost: 2688	addCost: 2200	backsolveCost: 16002
node 8	AtA: 12236	cholCost: 2688	addCost: 2200	backsolveCost: 16002
node 9	AtA: 19228	cholCost: 10416	addCost: 4888	backsolveCost: 31323
node 10	AtA: 13984	cholCost: 6028	addCost: 3352	backsolveCost: 24523
node 11	AtA: 12236	cholCost: 2688	addCost: 2200	backsolveCost: 16002
node 12	AtA: 19228	cholCost: 10416	addCost: 4888	backsolveCost: 31323
node 13	AtA: 19228	cholCost: 10555	addCost: 4888	backsolveCost: 31323
node 14	AtA: 18354	cholCost: 8268	addCost: 4072	backsolveCost: 24624
node 15	AtA: 12236	cholCost: 2688	addCost: 2200	backsolveCost: 16002
node 16	AtA: 19228	cholCost: 10416	addCost: 4888	backsolveCost: 31323
node 17	AtA: 18354	cholCost: 8268	addCost: 4072	backsolveCost: 24624
node 18	AtA: 10488	cholCost: 20287	addCost: 11800	backsolveCost: 17157
node 19	AtA: 18354	cholCost: 8268	addCost: 4072	backsolveCost: 24624
node 20	AtA: 12236	cholCost: 4080	addCost: 2728	backsolveCost: 16079
node 21	AtA: 18354	cholCost: 10416	addCost: 4888	backsolveCost: 31323
node 22	AtA: 18354	cholCost: 9653	addCost: 4888	backsolveCost: 24826
node 23	AtA: 18354	cholCost: 8401	addCost: 4072	backsolveCost: 24624
node 24	AtA: 9614	cholCost: 31969	addCost: 13288	backsolveCost: 32453
node 25	AtA: 20854	cholCost: 65635	addCost: 3352	backsolveCost: 30984
node 26	AtA: 17358	cholCost: 57981	addCost: 4888	backsolveCost: 24826
node 27	AtA: 20854	cholCost: 53322	addCost: 4072	backsolveCost: 24624
node 28	AtA: 20854	cholCost: 53322	addCost: 4072	backsolveCost: 24624
node 29	AtA: 20854	cholCost: 53322	addCost: 4072	backsolveCost: 24624
node 30	AtA: 14736	cholCost: 32379	addCost: 2728	backsolveCost: 16079
node 31	AtA: 20854	cholCost: 74745	addCost: 4888	backsolveCost: 31323
node 32	AtA: 12988	cholCost: 64452	addCost: 11800	backsolveCost: 17157
node 33	AtA: 14736	cholCost: 32379	addCost: 2728	backsolveCost: 16079
node 34	AtA: 20854	cholCost: 74745	addCost: 4888	backsolveCost: 31323
node 35	AtA: 20854	cholCost: 53322	addCost: 4072	backsolveCost: 24624
node 36	AtA: 14736	cholCost: 32379	addCost: 2728	backsolveCost: 16079
node 37	AtA: 19980	cholCost: 74745	addCost: 4888	backsolveCost: 31323
node 38	AtA: 12988	cholCost: 40865	addCost: 4888	backsolveCost: 16464
node 39	AtA: 7744	cholCost: 75952	addCost: 9112	backsolveCost: 25432
node 40	AtA: 7744	cholCost: 95920	addCost: 14872	backsolveCost: 26038
node 41	AtA: 14736	cholCost: 31131	addCost: 2200	backsolveCost: 16002
node 42	AtA: 21728	cholCost: 74745	addCost: 4888	backsolveCost: 31323
node 43	AtA: 17358	cholCost: 68464	addCost: 6808	backsolveCost: 25129
node 44	AtA: 14736	cholCost: 31131	addCost: 2200	backsolveCost: 16002
node 45	AtA: 21728	cholCost: 74745	addCost: 4888	backsolveCost: 31323
node 46	AtA: 14736	cholCost: 107068	addCost: 11800	backsolveCost: 32340
node 47	AtA: 20854	cholCost: 53322	addCost: 4072	backsolveCost: 24624
node 48	AtA: 20854	cholCost: 53322	addCost: 4072	backsolveCost: 24624
node 49	AtA: 20854	cholCost: 53322	addCost: 4072	backsolveCost: 24624
node 50	AtA: 20854	cholCost: 53322	addCost: 4072	backsolveCost: 24624
node 51	AtA: 13862	cholCost: 68464	addCost: 6808	backsolveCost: 25129
node 52	AtA: 13862	cholCost: 88432	addCost: 11800	backsolveCost: 25735
node 53	AtA: 3884	cholCost: 78180	addCost: 18328	backsolveCost: 17619
node 54	AtA: 20854	cholCost: 53322	addCost: 4072	backsolveCost: 24624
node 55	AtA: 12988	cholCost: 58836	addCost: 10408	backsolveCost: 17003
node 56	AtA: 20854	cholCost: 53322	addCost: 4072	backsolveCost: 24624
node 57	AtA: 16484	cholCost: 52490	addCost: 3352	backsolveCost: 24523
node 58	AtA: 17358	cholCost: 57981	addCost: 4888	backsolveCost: 24826
node 59	AtA: 13862	cholCost: 75952	addCost: 9112	backsolveCost: 25432
node 60	AtA: 3884	cholCost: 66324	addCost: 14872	backsolveCost: 17388
node 61	AtA: 11362	cholCost: 19043	addCost: 9112	backsolveCost: 25432
node 62	AtA: 20854	cholCost: 53322	addCost: 4072	backsolveCost: 24624
node 63	AtA: 16484	cholCost: 52490	addCost: 3352	backsolveCost: 24523
node 64	AtA: 3884	cholCost: 64452	addCost: 11800	backsolveCost: 17157
node 65	AtA: 14736	cholCost: 125164	addCost: 14872	backsolveCost: 32679
node 66	AtA: 20854	cholCost: 53322	addCost: 4072	backsolveCost: 24624
node 67	AtA: 21728	cholCost: 92924	addCost: 7912	backsolveCost: 31775
node 68	AtA: 14736	cholCost: 32379	addCost: 2728	backsolveCost: 16079
node 69	AtA: 20854	cholCost: 74745	addCost: 4888	backsolveCost: 31323
node 70	AtA: 20854	cholCost: 53322	addCost: 4072	backsolveCost: 24624
node 71	AtA: 18232	cholCost: 52490	addCost: 3352	backsolveCost: 24523
node 72	AtA: 16484	cholCost: 57981	addCost: 4888	backsolveCost: 24826
node 73	AtA: 12988	cholCost: 40865	addCost: 4888	backsolveCost: 16464
node 74	AtA: 7744	cholCost: 75952	addCost: 9112	backsolveCost: 25432
node 75	AtA: 14736	cholCost: 294446	addCost: 24232	backsolveCost: 78380
node 76	AtA: 20854	cholCost: 53322	addCost: 4072	backsolveCost: 24624
node 77	AtA: 14736	cholCost: 31131	addCost: 2200	backsolveCost: 16002
node 78	AtA: 21728	cholCost: 74745	addCost: 4888	backsolveCost: 31323
node 79	AtA: 14736	cholCost: 31131	addCost: 2200	backsolveCost: 16002
node 80	AtA: 21728	cholCost: 74745	addCost: 4888	backsolveCost: 31323
node 81	AtA: 14736	cholCost: 31131	addCost: 2200	backsolveCost: 16002
node 82	AtA: 19106	cholCost: 61808	addCost: 5800	backsolveCost: 24927
node 83	AtA: 10366	cholCost: 69296	addCost: 7912	backsolveCost: 25230
node 84	AtA: 4230	cholCost: 89264	addCost: 13288	backsolveCost: 25836
node 85	AtA: 13862	cholCost: 193378	addCost: 22168	backsolveCost: 44839
node 86	AtA: 16484	cholCost: 150120	addCost: 11800	backsolveCost: 52131
node 87	AtA: 20854	cholCost: 53322	addCost: 4072	backsolveCost: 24624
node 88	AtA: 14736	cholCost: 32379	addCost: 2728	backsolveCost: 16079
node 89	AtA: 20854	cholCost: 74745	addCost: 4888	backsolveCost: 31323
node 90	AtA: 22602	cholCost: 156936	addCost: 14872	backsolveCost: 44017
node 91	AtA: 3884	cholCost: 86292	addCost: 24232	backsolveCost: 17927
node 92	AtA: 12988	cholCost: 327882	addCost: 22168	backsolveCost: 95053
node 93	AtA: 12988	cholCost: 327882	addCost: 22168	backsolveCost: 95053
node 94	AtA: 8618	cholCost: 153369	addCost: 22168	backsolveCost: 33357
node 95	AtA: 5268	cholCost: 195298	addCost: 22168	backsolveCost: 53472
node 96	AtA: 5268	cholCost: 213020	addCost: 26392	backsolveCost: 53919
node 97	AtA: 13862	cholCost: 245320	addCost: 24232	backsolveCost: 67815
node 98	AtA: 12988	cholCost: 257993	addCost: 13288	backsolveCost: 93381
node 99	AtA: 23476	cholCost: 282518	addCost: 1192	backsolveCost: 240540
node 100	AtA: 6870	cholCost: 16194	addCost: 1000	backsolveCost: 10977
node 101	AtA: -1	cholCost: 0	addCost: -1	backsolveCost: 1561

