cliques
170
node 0	AtA: 12236	cholCost: 2688	addCost: 2200	backsolveCost: 16002
node 1	AtA: 18354	cholCost: 0	addCost: 2728	backsolveCost: 30758
node 2	AtA: 9614	cholCost: 7855	addCost: 4888	backsolveCost: 16464
node 3	AtA: 12236	cholCost: 2688	addCost: 2200	backsolveCost: 16002
node 4	AtA: 12236	cholCost: 2688	addCost: 2200	backsolveCost: 16002
node 5	AtA: 12236	cholCost: 2688	addCost: 2200	backsolveCost: 16002
node 6	AtA: 18354	cholCost: 8268	addCost: 4072	backsolveCost: 24624
node 7	AtA: 12236	cholCost: 2688	addCost: 2200	backsolveCost: 16002
node 8	AtA: 18354	cholCost: 8268	addCost: 4072	backsolveCost: 24624
node 9	AtA: 18354	cholCost: 8401	addCost: 4072	backsolveCost: 24624
node 10	AtA: 19228	cholCost: 10543	addCost: 4888	backsolveCost: 31323
node 11	AtA: 20976	cholCost: 10416	addCost: 4888	backsolveCost: 31323
node 12	AtA: 12236	cholCost: 2688	addCost: 2200	backsolveCost: 16002
node 13	AtA: 12236	cholCost: 2688	addCost: 2200	backsolveCost: 16002
node 14	AtA: 19228	cholCost: 10416	addCost: 4888	backsolveCost: 31323
node 15	AtA: 20854	cholCost: 53322	addCost: 4072	backsolveCost: 24624
node 16	AtA: 18232	cholCost: 52490	addCost: 3352	backsolveCost: 24523
node 17	AtA: 17358	cholCost: 57981	addCost: 4888	backsolveCost: 24826
node 18	AtA: 23476	cholCost: 74745	addCost: 4888	backsolveCost: 31323
node 19	AtA: 14736	cholCost: 31131	addCost: 2200	backsolveCost: 16002
node 20	AtA: 14736	cholCost: 40241	addCost: 4072	backsolveCost: 16310
node 21	AtA: 14736	cholCost: 32379	addCost: 2728	backsolveCost: 16079
node 22	AtA: 20854	cholCost: 74745	addCost: 4888	backsolveCost: 31323
node 23	AtA: 19106	cholCost: 125736	addCost: 10408	backsolveCost: 43332
node 24	AtA: 15610	cholCost: 125164	addCost: 14872	backsolveCost: 32679
node 25	AtA: 7744	cholCost: 115888	addCost: 22168	backsolveCost: 26644
node 26	AtA: 20854	cholCost: 53322	addCost: 4072	backsolveCost: 24624
node 27	AtA: 20854	cholCost: 53322	addCost: 4072	backsolveCost: 24624
node 28	AtA: 20854	cholCost: 53322	addCost: 4072	backsolveCost: 24624
node 29	AtA: 14736	cholCost: 119132	addCost: 13288	backsolveCost: 32453
node 30	AtA: 20854	cholCost: 53322	addCost: 4072	backsolveCost: 24624
node 31	AtA: 21728	cholCost: 65635	addCost: 3352	backsolveCost: 30984
node 32	AtA: 14736	cholCost: 32379	addCost: 2728	backsolveCost: 16079
node 33	AtA: 20854	cholCost: 74745	addCost: 4888	backsolveCost: 31323
node 34	AtA: 14736	cholCost: 75952	addCost: 9112	backsolveCost: 25432
node 35	AtA: 14736	cholCost: 107068	addCost: 11800	backsolveCost: 32340
node 36	AtA: 10366	cholCost: 132362	addCost: 26392	backsolveCost: 26947
node 37	AtA: 20854	cholCost: 53322	addCost: 4072	backsolveCost: 24624
node 38	AtA: 20854	cholCost: 53322	addCost: 4072	backsolveCost: 24624
node 39	AtA: 20854	cholCost: 53322	addCost: 4072	backsolveCost: 24624
node 40	AtA: 13862	cholCost: 101744	addCost: 16552	backsolveCost: 26139
node 41	AtA: 20854	cholCost: 53322	addCost: 4072	backsolveCost: 24624
node 42	AtA: 20854	cholCost: 53322	addCost: 4072	backsolveCost: 24624
node 43	AtA: 20854	cholCost: 53322	addCost: 4072	backsolveCost: 24624
node 44	AtA: 20854	cholCost: 53322	addCost: 4072	backsolveCost: 24624
node 45	AtA: 12988	cholCost: 58836	addCost: 10408	backsolveCost: 17003
node 46	AtA: 10366	cholCost: 109232	addCost: 20200	backsolveCost: 26442
node 47	AtA: 12114	cholCost: 230070	addCost: 33448	backsolveCost: 45798
node 48	AtA: 20854	cholCost: 53322	addCost: 4072	backsolveCost: 24624
node 49	AtA: 20854	cholCost: 53322	addCost: 4072	backsolveCost: 24624
node 50	AtA: 20854	cholCost: 53322	addCost: 4072	backsolveCost: 24624
node 51	AtA: 16484	cholCost: 52490	addCost: 3352	backsolveCost: 24523
node 52	AtA: 12988	cholCost: 52596	addCost: 9112	backsolveCost: 16926
node 53	AtA: 12236	cholCost: 2688	addCost: 2200	backsolveCost: 16002
node 54	AtA: 21728	cholCost: 74745	addCost: 4888	backsolveCost: 31323
node 55	AtA: 20854	cholCost: 53322	addCost: 4072	backsolveCost: 24624
node 56	AtA: 14736	cholCost: 31131	addCost: 2200	backsolveCost: 16002
node 57	AtA: 21728	cholCost: 74745	addCost: 4888	backsolveCost: 31323
node 58	AtA: 12114	cholCost: 124488	addCost: 9112	backsolveCost: 43195
node 59	AtA: 3884	cholCost: 66324	addCost: 14872	backsolveCost: 17388
node 60	AtA: 3884	cholCost: 85044	addCost: 22168	backsolveCost: 17850
node 61	AtA: 20854	cholCost: 53322	addCost: 4072	backsolveCost: 24624
node 62	AtA: 20854	cholCost: 53322	addCost: 4072	backsolveCost: 24624
node 63	AtA: 20854	cholCost: 53322	addCost: 4072	backsolveCost: 24624
node 64	AtA: 12988	cholCost: 58836	addCost: 10408	backsolveCost: 17003
node 65	AtA: 13862	cholCost: 101744	addCost: 16552	backsolveCost: 26139
node 66	AtA: 14736	cholCost: 31131	addCost: 2200	backsolveCost: 16002
node 67	AtA: 21728	cholCost: 74745	addCost: 4888	backsolveCost: 31323
node 68	AtA: 19980	cholCost: 52490	addCost: 3352	backsolveCost: 24523
node 69	AtA: 13862	cholCost: 75952	addCost: 9112	backsolveCost: 25432
node 70	AtA: 14736	cholCost: 31131	addCost: 2200	backsolveCost: 16002
node 71	AtA: 21728	cholCost: 74745	addCost: 4888	backsolveCost: 31323
node 72	AtA: 20854	cholCost: 53322	addCost: 4072	backsolveCost: 24624
node 73	AtA: 12988	cholCost: 64452	addCost: 11800	backsolveCost: 17157
node 74	AtA: 3884	cholCost: 78180	addCost: 18328	backsolveCost: 17619
node 75	AtA: 12988	cholCost: 213020	addCost: 26392	backsolveCost: 53919
node 76	AtA: 4922	cholCost: 264266	addCost: 41368	backsolveCost: 46483
node 77	AtA: 5614	cholCost: 416216	addCost: 59800	backsolveCost: 71275
node 78	AtA: 20854	cholCost: 53322	addCost: 4072	backsolveCost: 24624
node 79	AtA: 20854	cholCost: 53322	addCost: 4072	backsolveCost: 24624
node 80	AtA: 20854	cholCost: 53322	addCost: 4072	backsolveCost: 24624
node 81	AtA: 14736	cholCost: 31131	addCost: 2200	backsolveCost: 16002
node 82	AtA: 14736	cholCost: 31131	addCost: 2200	backsolveCost: 16002
node 83	AtA: 12988	cholCost: 40865	addCost: 4888	backsolveCost: 16464
node 84	AtA: 12988	cholCost: 40865	addCost: 4888	backsolveCost: 16464
node 85	AtA: 13862	cholCost: 75952	addCost: 9112	backsolveCost: 25432
node 86	AtA: 3884	cholCost: 66324	addCost: 14872	backsolveCost: 17388
node 87	AtA: 20854	cholCost: 53322	addCost: 4072	backsolveCost: 24624
node 88	AtA: 20854	cholCost: 53322	addCost: 4072	backsolveCost: 24624
node 89	AtA: 12988	cholCost: 58836	addCost: 10408	backsolveCost: 17003
node 90	AtA: 20854	cholCost: 53322	addCost: 4072	backsolveCost: 24624
node 91	AtA: 20854	cholCost: 53322	addCost: 4072	backsolveCost: 24624
node 92	AtA: 20854	cholCost: 53322	addCost: 4072	backsolveCost: 24624
node 93	AtA: 23476	cholCost: 138888	addCost: 10408	backsolveCost: 51833
node 94	AtA: 12988	cholCost: 84420	addCost: 20200	backsolveCost: 17696
node 95	AtA: 12988	cholCost: 84420	addCost: 20200	backsolveCost: 17696
node 96	AtA: 5268	cholCost: 301880	addCost: 47128	backsolveCost: 55707
node 97	AtA: 20854	cholCost: 53322	addCost: 4072	backsolveCost: 24624
node 98	AtA: 20854	cholCost: 53322	addCost: 4072	backsolveCost: 24624
node 99	AtA: 20854	cholCost: 53322	addCost: 4072	backsolveCost: 24624
node 100	AtA: 16484	cholCost: 52490	addCost: 3352	backsolveCost: 24523
node 101	AtA: 17358	cholCost: 57981	addCost: 4888	backsolveCost: 24826
node 102	AtA: 12114	cholCost: 156936	addCost: 14872	backsolveCost: 44017
node 103	AtA: 20854	cholCost: 53322	addCost: 4072	backsolveCost: 24624
node 104	AtA: 20854	cholCost: 53322	addCost: 4072	backsolveCost: 24624
node 105	AtA: 20854	cholCost: 53322	addCost: 4072	backsolveCost: 24624
node 106	AtA: 12988	cholCost: 58836	addCost: 10408	backsolveCost: 17003
node 107	AtA: 3884	cholCost: 72564	addCost: 16552	backsolveCost: 17465
node 108	AtA: 13862	cholCost: 123709	addCost: 24232	backsolveCost: 26745
node 109	AtA: 4230	cholCost: 158321	addCost: 35992	backsolveCost: 27553
node 110	AtA: 20854	cholCost: 53322	addCost: 4072	backsolveCost: 24624
node 111	AtA: 20854	cholCost: 57981	addCost: 4888	backsolveCost: 24826
node 112	AtA: 20854	cholCost: 53322	addCost: 4072	backsolveCost: 24624
node 113	AtA: 11240	cholCost: 107068	addCost: 11800	backsolveCost: 32340
node 114	AtA: 12988	cholCost: 158184	addCost: 16552	backsolveCost: 44154
node 115	AtA: 20854	cholCost: 53322	addCost: 4072	backsolveCost: 24624
node 116	AtA: 10488	cholCost: 7728	addCost: 4888	backsolveCost: 16464
node 117	AtA: 12988	cholCost: 40865	addCost: 4888	backsolveCost: 16464
node 118	AtA: 3884	cholCost: 52596	addCost: 9112	backsolveCost: 16926
node 119	AtA: 20854	cholCost: 53322	addCost: 4072	backsolveCost: 24624
node 120	AtA: 21728	cholCost: 92924	addCost: 7912	backsolveCost: 31775
node 121	AtA: 20854	cholCost: 53322	addCost: 4072	backsolveCost: 24624
node 122	AtA: 20854	cholCost: 53322	addCost: 4072	backsolveCost: 24624
node 123	AtA: 10366	cholCost: 101744	addCost: 16552	backsolveCost: 26139
node 124	AtA: 3884	cholCost: 85044	addCost: 22168	backsolveCost: 17850
node 125	AtA: 7744	cholCost: 167806	addCost: 41368	backsolveCost: 27856
node 126	AtA: 20854	cholCost: 53322	addCost: 4072	backsolveCost: 24624
node 127	AtA: 20854	cholCost: 53322	addCost: 4072	backsolveCost: 24624
node 128	AtA: 20854	cholCost: 53322	addCost: 4072	backsolveCost: 24624
node 129	AtA: 12988	cholCost: 58836	addCost: 10408	backsolveCost: 17003
node 130	AtA: 13862	cholCost: 101744	addCost: 16552	backsolveCost: 26139
node 131	AtA: 20854	cholCost: 53322	addCost: 4072	backsolveCost: 24624
node 132	AtA: 14736	cholCost: 31131	addCost: 2200	backsolveCost: 16002
node 133	AtA: 21728	cholCost: 74745	addCost: 4888	backsolveCost: 31323
node 134	AtA: 14736	cholCost: 31131	addCost: 2200	backsolveCost: 16002
node 135	AtA: 21728	cholCost: 74745	addCost: 4888	backsolveCost: 31323
node 136	AtA: 14736	cholCost: 98956	addCost: 9112	backsolveCost: 32001
node 137	AtA: 13862	cholCost: 95920	addCost: 14872	backsolveCost: 26038
node 138	AtA: 16484	cholCost: 230742	addCost: 31000	backsolveCost: 54366
node 139	AtA: 20854	cholCost: 57981	addCost: 4888	backsolveCost: 24826
node 140	AtA: 20854	cholCost: 53322	addCost: 4072	backsolveCost: 24624
node 141	AtA: 12988	cholCost: 64452	addCost: 11800	backsolveCost: 17157
node 142	AtA: 20854	cholCost: 53322	addCost: 4072	backsolveCost: 24624
node 143	AtA: 20854	cholCost: 53322	addCost: 4072	backsolveCost: 24624
node 144	AtA: 23476	cholCost: 74745	addCost: 4888	backsolveCost: 31323
node 145	AtA: 23476	cholCost: 74745	addCost: 4888	backsolveCost: 31323
node 146	AtA: 8618	cholCost: 108400	addCost: 18328	backsolveCost: 26341
node 147	AtA: 12988	cholCost: 78180	addCost: 18328	backsolveCost: 17619
node 148	AtA: 20854	cholCost: 53322	addCost: 4072	backsolveCost: 24624
node 149	AtA: 14736	cholCost: 31131	addCost: 2200	backsolveCost: 16002
node 150	AtA: 21728	cholCost: 74745	addCost: 4888	backsolveCost: 31323
node 151	AtA: 23476	cholCost: 150120	addCost: 11800	backsolveCost: 52131
node 152	AtA: 23476	cholCost: 74745	addCost: 4888	backsolveCost: 31323
node 153	AtA: 20854	cholCost: 53322	addCost: 4072	backsolveCost: 24624
node 154	AtA: 14736	cholCost: 31131	addCost: 2200	backsolveCost: 16002
node 155	AtA: 21728	cholCost: 74745	addCost: 4888	backsolveCost: 31323
node 156	AtA: 9492	cholCost: 52596	addCost: 9112	backsolveCost: 16926
node 157	AtA: 14736	cholCost: 107068	addCost: 11800	backsolveCost: 32340
node 158	AtA: 14736	cholCost: 132236	addCost: 16552	backsolveCost: 32792
node 159	AtA: 3884	cholCost: 102142	addCost: 28648	backsolveCost: 18158
node 160	AtA: 4230	cholCost: 184280	addCost: 47128	backsolveCost: 28159
node 161	AtA: 13862	cholCost: 395333	addCost: 56488	backsolveCost: 70929
node 162	AtA: 5960	cholCost: 532068	addCost: 70312	backsolveCost: 82820
node 163	AtA: 15610	cholCost: 766580	addCost: 66712	backsolveCost: 147633
node 164	AtA: 6998	cholCost: 682596	addCost: 66712	backsolveCost: 132952
node 165	AtA: 7344	cholCost: 793412	addCost: 74008	backsolveCost: 148404
node 166	AtA: 9766	cholCost: 1037973	addCost: 44200	backsolveCost: 306285
node 167	AtA: 34838	cholCost: 922370	addCost: 1192	backsolveCost: 764820
node 168	AtA: 6870	cholCost: 16194	addCost: 1000	backsolveCost: 10977
node 169	AtA: -1	cholCost: 0	addCost: -1	backsolveCost: 1561

