cliques
85
node 0	AtA: 12236	cholCost: 0	addCost: 2200	backsolveCost: 16002
node 1	AtA: 16606	cholCost: 5040	addCost: 2728	backsolveCost: 24321
node 2	AtA: 12236	cholCost: 2688	addCost: 2200	backsolveCost: 16002
node 3	AtA: 10488	cholCost: 7728	addCost: 4888	backsolveCost: 16464
node 4	AtA: 12236	cholCost: 2688	addCost: 2200	backsolveCost: 16002
node 5	AtA: 12236	cholCost: 2688	addCost: 2200	backsolveCost: 16002
node 6	AtA: 17480	cholCost: 6028	addCost: 3352	backsolveCost: 24523
node 7	AtA: 19228	cholCost: 15265	addCost: 6808	backsolveCost: 31662
node 8	AtA: 18354	cholCost: 8401	addCost: 4072	backsolveCost: 24624
node 9	AtA: 12236	cholCost: 0	addCost: 2200	backsolveCost: 16002
node 10	AtA: 12236	cholCost: 0	addCost: 2200	backsolveCost: 16002
node 11	AtA: 19228	cholCost: 10416	addCost: 4888	backsolveCost: 31323
node 12	AtA: 10488	cholCost: 7728	addCost: 4888	backsolveCost: 16464
node 13	AtA: 12236	cholCost: 19007	addCost: 9112	backsolveCost: 25432
node 14	AtA: 18354	cholCost: 9647	addCost: 4888	backsolveCost: 24826
node 15	AtA: 19228	cholCost: 10416	addCost: 4888	backsolveCost: 31323
node 16	AtA: 19228	cholCost: 10416	addCost: 4888	backsolveCost: 31323
node 17	AtA: 12236	cholCost: 0	addCost: 2200	backsolveCost: 16002
node 18	AtA: 15732	cholCost: 17680	addCost: 6808	backsolveCost: 42784
node 19	AtA: 12236	cholCost: 20767	addCost: 9112	backsolveCost: 32001
node 20	AtA: 20976	cholCost: 10585	addCost: 4888	backsolveCost: 31323
node 21	AtA: 18354	cholCost: 8268	addCost: 4072	backsolveCost: 24624
node 22	AtA: 16484	cholCost: 0	addCost: 3352	backsolveCost: 24523
node 23	AtA: 13984	cholCost: 9520	addCost: 4888	backsolveCost: 24826
node 24	AtA: 14736	cholCost: 32379	addCost: 2728	backsolveCost: 16079
node 25	AtA: 17358	cholCost: 53322	addCost: 4072	backsolveCost: 24624
node 26	AtA: 18232	cholCost: 52490	addCost: 3352	backsolveCost: 24523
node 27	AtA: 17358	cholCost: 57981	addCost: 4888	backsolveCost: 24826
node 28	AtA: 13984	cholCost: 29167	addCost: 10408	backsolveCost: 43332
node 29	AtA: 20854	cholCost: 53322	addCost: 4072	backsolveCost: 24624
node 30	AtA: 20854	cholCost: 53322	addCost: 4072	backsolveCost: 24624
node 31	AtA: 3884	cholCost: 66324	addCost: 14872	backsolveCost: 17388
node 32	AtA: 20854	cholCost: 65635	addCost: 3352	backsolveCost: 30984
node 33	AtA: 17358	cholCost: 57981	addCost: 4888	backsolveCost: 24826
node 34	AtA: 17358	cholCost: 68464	addCost: 6808	backsolveCost: 25129
node 35	AtA: 13862	cholCost: 220526	addCost: 18328	backsolveCost: 67123
node 36	AtA: 17358	cholCost: 75952	addCost: 9112	backsolveCost: 25432
node 37	AtA: 14736	cholCost: 32379	addCost: 2728	backsolveCost: 16079
node 38	AtA: 19980	cholCost: 74745	addCost: 4888	backsolveCost: 31323
node 39	AtA: 12988	cholCost: 40865	addCost: 4888	backsolveCost: 16464
node 40	AtA: 18232	cholCost: 52490	addCost: 3352	backsolveCost: 24523
node 41	AtA: 17358	cholCost: 57981	addCost: 4888	backsolveCost: 24826
node 42	AtA: 14736	cholCost: 32379	addCost: 2728	backsolveCost: 16079
node 43	AtA: 20854	cholCost: 74745	addCost: 4888	backsolveCost: 31323
node 44	AtA: 15610	cholCost: 98956	addCost: 9112	backsolveCost: 32001
node 45	AtA: 7744	cholCost: 95920	addCost: 14872	backsolveCost: 26038
node 46	AtA: 5960	cholCost: 246522	addCost: 16552	backsolveCost: 77270
node 47	AtA: 14736	cholCost: 31131	addCost: 2200	backsolveCost: 16002
node 48	AtA: 21728	cholCost: 74745	addCost: 4888	backsolveCost: 31323
node 49	AtA: 20854	cholCost: 53322	addCost: 4072	backsolveCost: 24624
node 50	AtA: 13862	cholCost: 75952	addCost: 9112	backsolveCost: 25432
node 51	AtA: 10366	cholCost: 88432	addCost: 11800	backsolveCost: 25735
node 52	AtA: 21728	cholCost: 92924	addCost: 7912	backsolveCost: 31775
node 53	AtA: 14736	cholCost: 32379	addCost: 2728	backsolveCost: 16079
node 54	AtA: 19980	cholCost: 74745	addCost: 4888	backsolveCost: 31323
node 55	AtA: 12988	cholCost: 40865	addCost: 4888	backsolveCost: 16464
node 56	AtA: 14736	cholCost: 32379	addCost: 2728	backsolveCost: 16079
node 57	AtA: 20854	cholCost: 74745	addCost: 4888	backsolveCost: 31323
node 58	AtA: 15610	cholCost: 98956	addCost: 9112	backsolveCost: 32001
node 59	AtA: 10366	cholCost: 95920	addCost: 14872	backsolveCost: 26038
node 60	AtA: 4576	cholCost: 132236	addCost: 16552	backsolveCost: 32792
node 61	AtA: 14736	cholCost: 32379	addCost: 2728	backsolveCost: 16079
node 62	AtA: 20854	cholCost: 74745	addCost: 4888	backsolveCost: 31323
node 63	AtA: 20854	cholCost: 53322	addCost: 4072	backsolveCost: 24624
node 64	AtA: 13862	cholCost: 75952	addCost: 9112	backsolveCost: 25432
node 65	AtA: 14736	cholCost: 32379	addCost: 2728	backsolveCost: 16079
node 66	AtA: 20854	cholCost: 74745	addCost: 4888	backsolveCost: 31323
node 67	AtA: 14736	cholCost: 32379	addCost: 2728	backsolveCost: 16079
node 68	AtA: 20854	cholCost: 74745	addCost: 4888	backsolveCost: 31323
node 69	AtA: 20854	cholCost: 53322	addCost: 4072	backsolveCost: 24624
node 70	AtA: 14736	cholCost: 31131	addCost: 2200	backsolveCost: 16002
node 71	AtA: 21728	cholCost: 74745	addCost: 4888	backsolveCost: 31323
node 72	AtA: 20854	cholCost: 53322	addCost: 4072	backsolveCost: 24624
node 73	AtA: 14736	cholCost: 31131	addCost: 2200	backsolveCost: 16002
node 74	AtA: 21728	cholCost: 74745	addCost: 4888	backsolveCost: 31323
node 75	AtA: 12988	cholCost: 158856	addCost: 14872	backsolveCost: 52578
node 76	AtA: 9492	cholCost: 158184	addCost: 16552	backsolveCost: 44154
node 77	AtA: 8618	cholCost: 132236	addCost: 16552	backsolveCost: 32792
node 78	AtA: 11240	cholCost: 205633	addCost: 16552	backsolveCost: 66777
node 79	AtA: 11240	cholCost: 205633	addCost: 16552	backsolveCost: 66777
node 80	AtA: 11240	cholCost: 220526	addCost: 18328	backsolveCost: 67123
node 81	AtA: 12114	cholCost: 164320	addCost: 6808	backsolveCost: 75420
node 82	AtA: 20854	cholCost: 170364	addCost: 1192	backsolveCost: 134012
node 83	AtA: 6870	cholCost: 16194	addCost: 1000	backsolveCost: 10977
node 84	AtA: -1	cholCost: 0	addCost: -1	backsolveCost: 1561

