cliques
103
node 0	AtA: 14858	cholCost: 3328	addCost: 2200	backsolveCost: 24220
node 1	AtA: 12236	cholCost: 0	addCost: 2200	backsolveCost: 16002
node 2	AtA: 12236	cholCost: 2688	addCost: 2200	backsolveCost: 16002
node 3	AtA: 12236	cholCost: 2688	addCost: 2200	backsolveCost: 16002
node 4	AtA: 12236	cholCost: 4884	addCost: 3352	backsolveCost: 16233
node 5	AtA: 12236	cholCost: 2688	addCost: 2200	backsolveCost: 16002
node 6	AtA: 12236	cholCost: 2688	addCost: 2200	backsolveCost: 16002
node 7	AtA: 20976	cholCost: 10561	addCost: 4888	backsolveCost: 31323
node 8	AtA: 12236	cholCost: 2688	addCost: 2200	backsolveCost: 16002
node 9	AtA: 20976	cholCost: 18972	addCost: 6808	backsolveCost: 51237
node 10	AtA: 10488	cholCost: 11347	addCost: 6808	backsolveCost: 16695
node 11	AtA: 20854	cholCost: 53322	addCost: 4072	backsolveCost: 24624
node 12	AtA: 19980	cholCost: 52490	addCost: 3352	backsolveCost: 24523
node 13	AtA: 14736	cholCost: 31131	addCost: 2200	backsolveCost: 16002
node 14	AtA: 21728	cholCost: 74745	addCost: 4888	backsolveCost: 31323
node 15	AtA: 23476	cholCost: 150120	addCost: 11800	backsolveCost: 52131
node 16	AtA: 14736	cholCost: 31131	addCost: 2200	backsolveCost: 16002
node 17	AtA: 21728	cholCost: 74745	addCost: 4888	backsolveCost: 31323
node 18	AtA: 16484	cholCost: 52490	addCost: 3352	backsolveCost: 24523
node 19	AtA: 21728	cholCost: 85852	addCost: 6808	backsolveCost: 31662
node 20	AtA: 10366	cholCost: 75952	addCost: 9112	backsolveCost: 25432
node 21	AtA: 20854	cholCost: 53322	addCost: 4072	backsolveCost: 24624
node 22	AtA: 20854	cholCost: 53322	addCost: 4072	backsolveCost: 24624
node 23	AtA: 20854	cholCost: 53322	addCost: 4072	backsolveCost: 24624
node 24	AtA: 14736	cholCost: 119132	addCost: 13288	backsolveCost: 32453
node 25	AtA: 10366	cholCost: 115888	addCost: 22168	backsolveCost: 26644
node 26	AtA: 23476	cholCost: 74745	addCost: 4888	backsolveCost: 31323
node 27	AtA: 24350	cholCost: 157608	addCost: 13288	backsolveCost: 52280
node 28	AtA: 16484	cholCost: 52490	addCost: 3352	backsolveCost: 24523
node 29	AtA: 17358	cholCost: 57981	addCost: 4888	backsolveCost: 24826
node 30	AtA: 17358	cholCost: 68464	addCost: 6808	backsolveCost: 25129
node 31	AtA: 9492	cholCost: 66324	addCost: 14872	backsolveCost: 17388
node 32	AtA: 8618	cholCost: 133276	addCost: 18328	backsolveCost: 33018
node 33	AtA: 14736	cholCost: 32379	addCost: 2728	backsolveCost: 16079
node 34	AtA: 19980	cholCost: 74745	addCost: 4888	backsolveCost: 31323
node 35	AtA: 12988	cholCost: 40865	addCost: 4888	backsolveCost: 16464
node 36	AtA: 17358	cholCost: 68464	addCost: 6808	backsolveCost: 25129
node 37	AtA: 18232	cholCost: 52490	addCost: 3352	backsolveCost: 24523
node 38	AtA: 19980	cholCost: 84812	addCost: 5800	backsolveCost: 31436
node 39	AtA: 20854	cholCost: 53322	addCost: 4072	backsolveCost: 24624
node 40	AtA: 14736	cholCost: 31131	addCost: 2200	backsolveCost: 16002
node 41	AtA: 21728	cholCost: 74745	addCost: 4888	backsolveCost: 31323
node 42	AtA: 9492	cholCost: 75952	addCost: 9112	backsolveCost: 25432
node 43	AtA: 7744	cholCost: 58836	addCost: 10408	backsolveCost: 17003
node 44	AtA: 12114	cholCost: 262210	addCost: 26392	backsolveCost: 68161
node 45	AtA: 21728	cholCost: 65635	addCost: 3352	backsolveCost: 30984
node 46	AtA: 20854	cholCost: 53322	addCost: 4072	backsolveCost: 24624
node 47	AtA: 23476	cholCost: 126408	addCost: 9112	backsolveCost: 51684
node 48	AtA: 20854	cholCost: 53322	addCost: 4072	backsolveCost: 24624
node 49	AtA: 20854	cholCost: 53322	addCost: 4072	backsolveCost: 24624
node 50	AtA: 21728	cholCost: 74745	addCost: 4888	backsolveCost: 31323
node 51	AtA: 20854	cholCost: 53322	addCost: 4072	backsolveCost: 24624
node 52	AtA: 21728	cholCost: 74745	addCost: 4888	backsolveCost: 31323
node 53	AtA: 4230	cholCost: 75952	addCost: 9112	backsolveCost: 25432
node 54	AtA: 3884	cholCost: 66324	addCost: 14872	backsolveCost: 17388
node 55	AtA: 20854	cholCost: 53322	addCost: 4072	backsolveCost: 24624
node 56	AtA: 20854	cholCost: 53322	addCost: 4072	backsolveCost: 24624
node 57	AtA: 12236	cholCost: 2688	addCost: 2200	backsolveCost: 16002
node 58	AtA: 16484	cholCost: 52490	addCost: 3352	backsolveCost: 24523
node 59	AtA: 17358	cholCost: 57981	addCost: 4888	backsolveCost: 24826
node 60	AtA: 14736	cholCost: 125164	addCost: 14872	backsolveCost: 32679
node 61	AtA: 20854	cholCost: 53322	addCost: 4072	backsolveCost: 24624
node 62	AtA: 20854	cholCost: 53322	addCost: 4072	backsolveCost: 24624
node 63	AtA: 14736	cholCost: 32379	addCost: 2728	backsolveCost: 16079
node 64	AtA: 20854	cholCost: 74745	addCost: 4888	backsolveCost: 31323
node 65	AtA: 14736	cholCost: 32379	addCost: 2728	backsolveCost: 16079
node 66	AtA: 20854	cholCost: 74745	addCost: 4888	backsolveCost: 31323
node 67	AtA: 8618	cholCost: 125164	addCost: 14872	backsolveCost: 32679
node 68	AtA: 20854	cholCost: 53322	addCost: 4072	backsolveCost: 24624
node 69	AtA: 14736	cholCost: 32379	addCost: 2728	backsolveCost: 16079
node 70	AtA: 19980	cholCost: 74745	addCost: 4888	backsolveCost: 31323
node 71	AtA: 12988	cholCost: 40865	addCost: 4888	backsolveCost: 16464
node 72	AtA: 13862	cholCost: 75952	addCost: 9112	backsolveCost: 25432
node 73	AtA: 20854	cholCost: 53322	addCost: 4072	backsolveCost: 24624
node 74	AtA: 14736	cholCost: 32379	addCost: 2728	backsolveCost: 16079
node 75	AtA: 20854	cholCost: 74745	addCost: 4888	backsolveCost: 31323
node 76	AtA: 14736	cholCost: 32379	addCost: 2728	backsolveCost: 16079
node 77	AtA: 20854	cholCost: 74745	addCost: 4888	backsolveCost: 31323
node 78	AtA: 17358	cholCost: 150120	addCost: 11800	backsolveCost: 52131
node 79	AtA: 12114	cholCost: 133276	addCost: 18328	backsolveCost: 33018
node 80	AtA: 14736	cholCost: 31131	addCost: 2200	backsolveCost: 16002
node 81	AtA: 21728	cholCost: 74745	addCost: 4888	backsolveCost: 31323
node 82	AtA: 20854	cholCost: 53322	addCost: 4072	backsolveCost: 24624
node 83	AtA: 20854	cholCost: 53322	addCost: 4072	backsolveCost: 24624
node 84	AtA: 20854	cholCost: 53322	addCost: 4072	backsolveCost: 24624
node 85	AtA: 14736	cholCost: 31131	addCost: 2200	backsolveCost: 16002
node 86	AtA: 21728	cholCost: 74745	addCost: 4888	backsolveCost: 31323
node 87	AtA: 20854	cholCost: 53322	addCost: 4072	backsolveCost: 24624
node 88	AtA: 14736	cholCost: 31131	addCost: 2200	backsolveCost: 16002
node 89	AtA: 21728	cholCost: 74745	addCost: 4888	backsolveCost: 31323
node 90	AtA: 13862	cholCost: 75952	addCost: 9112	backsolveCost: 25432
node 91	AtA: 4230	cholCost: 95920	addCost: 14872	backsolveCost: 26038
node 92	AtA: 5268	cholCost: 195298	addCost: 22168	backsolveCost: 53472
node 93	AtA: 5268	cholCost: 204783	addCost: 24232	backsolveCost: 53621
node 94	AtA: 10366	cholCost: 204783	addCost: 24232	backsolveCost: 53621
node 95	AtA: 5268	cholCost: 204783	addCost: 24232	backsolveCost: 53621
node 96	AtA: 5268	cholCost: 204783	addCost: 24232	backsolveCost: 53621
node 97	AtA: 19106	cholCost: 294446	addCost: 24232	backsolveCost: 78380
node 98	AtA: 12988	cholCost: 347476	addCost: 26392	backsolveCost: 95680
node 99	AtA: 6998	cholCost: 304530	addCost: 13288	backsolveCost: 125112
node 100	AtA: 27846	cholCost: 343080	addCost: 1192	backsolveCost: 289947
node 101	AtA: 6870	cholCost: 16194	addCost: 1000	backsolveCost: 10977
node 102	AtA: -1	cholCost: 0	addCost: -1	backsolveCost: 1561

