cliques
156
node 0	AtA: 14858	cholCost: 0	addCost: 2200	backsolveCost: 24220
node 1	AtA: 12236	cholCost: 2688	addCost: 2200	backsolveCost: 16002
node 2	AtA: 12236	cholCost: 2688	addCost: 2200	backsolveCost: 16002
node 3	AtA: 11362	cholCost: 0	addCost: 3352	backsolveCost: 16233
node 4	AtA: 11362	cholCost: 0	addCost: 4072	backsolveCost: 16310
node 5	AtA: 12236	cholCost: 2688	addCost: 2200	backsolveCost: 16002
node 6	AtA: 19228	cholCost: 10416	addCost: 4888	backsolveCost: 31323
node 7	AtA: 12236	cholCost: 2688	addCost: 2200	backsolveCost: 16002
node 8	AtA: 12236	cholCost: 18865	addCost: 7912	backsolveCost: 31775
node 9	AtA: 18354	cholCost: 8401	addCost: 4072	backsolveCost: 24624
node 10	AtA: 17480	cholCost: 6028	addCost: 3352	backsolveCost: 24523
node 11	AtA: 18354	cholCost: 8268	addCost: 4072	backsolveCost: 24624
node 12	AtA: 18354	cholCost: 8268	addCost: 4072	backsolveCost: 24624
node 13	AtA: 18354	cholCost: 8268	addCost: 4072	backsolveCost: 24624
node 14	AtA: 19228	cholCost: 18853	addCost: 7912	backsolveCost: 31775
node 15	AtA: 18354	cholCost: 8268	addCost: 4072	backsolveCost: 24624
node 16	AtA: 10488	cholCost: 18607	addCost: 10408	backsolveCost: 17003
node 17	AtA: 18354	cholCost: 8401	addCost: 4072	backsolveCost: 24624
node 18	AtA: 23476	cholCost: 74745	addCost: 4888	backsolveCost: 31323
node 19	AtA: 23476	cholCost: 74745	addCost: 4888	backsolveCost: 31323
node 20	AtA: 21728	cholCost: 98956	addCost: 9112	backsolveCost: 32001
node 21	AtA: 11240	cholCost: 66324	addCost: 14872	backsolveCost: 17388
node 22	AtA: 14736	cholCost: 32379	addCost: 2728	backsolveCost: 16079
node 23	AtA: 18232	cholCost: 57981	addCost: 4888	backsolveCost: 24826
node 24	AtA: 14736	cholCost: 32379	addCost: 2728	backsolveCost: 16079
node 25	AtA: 19980	cholCost: 74745	addCost: 4888	backsolveCost: 31323
node 26	AtA: 12988	cholCost: 40865	addCost: 4888	backsolveCost: 16464
node 27	AtA: 20854	cholCost: 53322	addCost: 4072	backsolveCost: 24624
node 28	AtA: 13862	cholCost: 75952	addCost: 9112	backsolveCost: 25432
node 29	AtA: 11240	cholCost: 88432	addCost: 11800	backsolveCost: 25735
node 30	AtA: 3884	cholCost: 86292	addCost: 24232	backsolveCost: 17927
node 31	AtA: 14858	cholCost: 29293	addCost: 13288	backsolveCost: 25836
node 32	AtA: 20854	cholCost: 53322	addCost: 4072	backsolveCost: 24624
node 33	AtA: 20854	cholCost: 53322	addCost: 4072	backsolveCost: 24624
node 34	AtA: 12988	cholCost: 58836	addCost: 10408	backsolveCost: 17003
node 35	AtA: 20854	cholCost: 53322	addCost: 4072	backsolveCost: 24624
node 36	AtA: 14736	cholCost: 32379	addCost: 2728	backsolveCost: 16079
node 37	AtA: 20854	cholCost: 74745	addCost: 4888	backsolveCost: 31323
node 38	AtA: 14736	cholCost: 32379	addCost: 2728	backsolveCost: 16079
node 39	AtA: 20854	cholCost: 74745	addCost: 4888	backsolveCost: 31323
node 40	AtA: 15610	cholCost: 98956	addCost: 9112	backsolveCost: 32001
node 41	AtA: 13862	cholCost: 95920	addCost: 14872	backsolveCost: 26038
node 42	AtA: 3884	cholCost: 85044	addCost: 22168	backsolveCost: 17850
node 43	AtA: 12114	cholCost: 228822	addCost: 31000	backsolveCost: 45661
node 44	AtA: 23476	cholCost: 138888	addCost: 10408	backsolveCost: 51833
node 45	AtA: 20854	cholCost: 53322	addCost: 4072	backsolveCost: 24624
node 46	AtA: 16484	cholCost: 57981	addCost: 4888	backsolveCost: 24826
node 47	AtA: 13862	cholCost: 75952	addCost: 9112	backsolveCost: 25432
node 48	AtA: 20854	cholCost: 53322	addCost: 4072	backsolveCost: 24624
node 49	AtA: 20854	cholCost: 53322	addCost: 4072	backsolveCost: 24624
node 50	AtA: 14736	cholCost: 31131	addCost: 2200	backsolveCost: 16002
node 51	AtA: 21728	cholCost: 74745	addCost: 4888	backsolveCost: 31323
node 52	AtA: 13862	cholCost: 75952	addCost: 9112	backsolveCost: 25432
node 53	AtA: 3884	cholCost: 66324	addCost: 14872	backsolveCost: 17388
node 54	AtA: 21728	cholCost: 74745	addCost: 4888	backsolveCost: 31323
node 55	AtA: 23476	cholCost: 74745	addCost: 4888	backsolveCost: 31323
node 56	AtA: 23476	cholCost: 74745	addCost: 4888	backsolveCost: 31323
node 57	AtA: 12988	cholCost: 194050	addCost: 20200	backsolveCost: 53174
node 58	AtA: 9492	cholCost: 204111	addCost: 26392	backsolveCost: 45250
node 59	AtA: 5268	cholCost: 301880	addCost: 47128	backsolveCost: 55707
node 60	AtA: 20854	cholCost: 53322	addCost: 4072	backsolveCost: 24624
node 61	AtA: 20854	cholCost: 53322	addCost: 4072	backsolveCost: 24624
node 62	AtA: 12988	cholCost: 58836	addCost: 10408	backsolveCost: 17003
node 63	AtA: 20854	cholCost: 53322	addCost: 4072	backsolveCost: 24624
node 64	AtA: 20854	cholCost: 53322	addCost: 4072	backsolveCost: 24624
node 65	AtA: 23476	cholCost: 138888	addCost: 10408	backsolveCost: 51833
node 66	AtA: 20854	cholCost: 53322	addCost: 4072	backsolveCost: 24624
node 67	AtA: 20854	cholCost: 53322	addCost: 4072	backsolveCost: 24624
node 68	AtA: 12988	cholCost: 58836	addCost: 10408	backsolveCost: 17003
node 69	AtA: 20854	cholCost: 53322	addCost: 4072	backsolveCost: 24624
node 70	AtA: 14736	cholCost: 32379	addCost: 2728	backsolveCost: 16079
node 71	AtA: 19980	cholCost: 74745	addCost: 4888	backsolveCost: 31323
node 72	AtA: 12988	cholCost: 40865	addCost: 4888	backsolveCost: 16464
node 73	AtA: 14736	cholCost: 32379	addCost: 2728	backsolveCost: 16079
node 74	AtA: 19980	cholCost: 74745	addCost: 4888	backsolveCost: 31323
node 75	AtA: 12988	cholCost: 40865	addCost: 4888	backsolveCost: 16464
node 76	AtA: 17358	cholCost: 68464	addCost: 6808	backsolveCost: 25129
node 77	AtA: 18232	cholCost: 182836	addCost: 11800	backsolveCost: 66085
node 78	AtA: 3884	cholCost: 78180	addCost: 18328	backsolveCost: 17619
node 79	AtA: 5268	cholCost: 255453	addCost: 35992	backsolveCost: 54813
node 80	AtA: 20854	cholCost: 53322	addCost: 4072	backsolveCost: 24624
node 81	AtA: 20854	cholCost: 53322	addCost: 4072	backsolveCost: 24624
node 82	AtA: 20854	cholCost: 53322	addCost: 4072	backsolveCost: 24624
node 83	AtA: 13862	cholCost: 101744	addCost: 16552	backsolveCost: 26139
node 84	AtA: 23476	cholCost: 74745	addCost: 4888	backsolveCost: 31323
node 85	AtA: 20854	cholCost: 53322	addCost: 4072	backsolveCost: 24624
node 86	AtA: 12988	cholCost: 64452	addCost: 11800	backsolveCost: 17157
node 87	AtA: 15610	cholCost: 165672	addCost: 18328	backsolveCost: 44428
node 88	AtA: 3884	cholCost: 111627	addCost: 35992	backsolveCost: 18543
node 89	AtA: 14736	cholCost: 32379	addCost: 2728	backsolveCost: 16079
node 90	AtA: 14736	cholCost: 40241	addCost: 4072	backsolveCost: 16310
node 91	AtA: 19106	cholCost: 85852	addCost: 6808	backsolveCost: 31662
node 92	AtA: 16484	cholCost: 69296	addCost: 7912	backsolveCost: 25230
node 93	AtA: 12988	cholCost: 51972	addCost: 7912	backsolveCost: 16772
node 94	AtA: 14736	cholCost: 32379	addCost: 2728	backsolveCost: 16079
node 95	AtA: 20854	cholCost: 74745	addCost: 4888	backsolveCost: 31323
node 96	AtA: 20854	cholCost: 53322	addCost: 4072	backsolveCost: 24624
node 97	AtA: 13862	cholCost: 75952	addCost: 9112	backsolveCost: 25432
node 98	AtA: 20854	cholCost: 53322	addCost: 4072	backsolveCost: 24624
node 99	AtA: 20854	cholCost: 53322	addCost: 4072	backsolveCost: 24624
node 100	AtA: 20854	cholCost: 53322	addCost: 4072	backsolveCost: 24624
node 101	AtA: 14736	cholCost: 119132	addCost: 13288	backsolveCost: 32453
node 102	AtA: 20854	cholCost: 53322	addCost: 4072	backsolveCost: 24624
node 103	AtA: 14736	cholCost: 32379	addCost: 2728	backsolveCost: 16079
node 104	AtA: 20854	cholCost: 74745	addCost: 4888	backsolveCost: 31323
node 105	AtA: 14736	cholCost: 32379	addCost: 2728	backsolveCost: 16079
node 106	AtA: 20854	cholCost: 74745	addCost: 4888	backsolveCost: 31323
node 107	AtA: 17358	cholCost: 150120	addCost: 11800	backsolveCost: 52131
node 108	AtA: 3884	cholCost: 85044	addCost: 22168	backsolveCost: 17850
node 109	AtA: 12114	cholCost: 295990	addCost: 33448	backsolveCost: 68853
node 110	AtA: 11240	cholCost: 375906	addCost: 53272	backsolveCost: 70756
node 111	AtA: 20854	cholCost: 53322	addCost: 4072	backsolveCost: 24624
node 112	AtA: 20854	cholCost: 53322	addCost: 4072	backsolveCost: 24624
node 113	AtA: 20854	cholCost: 53322	addCost: 4072	backsolveCost: 24624
node 114	AtA: 14736	cholCost: 119132	addCost: 13288	backsolveCost: 32453
node 115	AtA: 20854	cholCost: 53322	addCost: 4072	backsolveCost: 24624
node 116	AtA: 20854	cholCost: 53322	addCost: 4072	backsolveCost: 24624
node 117	AtA: 20854	cholCost: 53322	addCost: 4072	backsolveCost: 24624
node 118	AtA: 14736	cholCost: 119132	addCost: 13288	backsolveCost: 32453
node 119	AtA: 3884	cholCost: 86292	addCost: 24232	backsolveCost: 17927
node 120	AtA: 20854	cholCost: 53322	addCost: 4072	backsolveCost: 24624
node 121	AtA: 20854	cholCost: 53322	addCost: 4072	backsolveCost: 24624
node 122	AtA: 12988	cholCost: 58836	addCost: 10408	backsolveCost: 17003
node 123	AtA: 20854	cholCost: 53322	addCost: 4072	backsolveCost: 24624
node 124	AtA: 19980	cholCost: 52490	addCost: 3352	backsolveCost: 24523
node 125	AtA: 14736	cholCost: 31131	addCost: 2200	backsolveCost: 16002
node 126	AtA: 21728	cholCost: 74745	addCost: 4888	backsolveCost: 31323
node 127	AtA: 13862	cholCost: 75952	addCost: 9112	backsolveCost: 25432
node 128	AtA: 14736	cholCost: 107068	addCost: 11800	backsolveCost: 32340
node 129	AtA: 3884	cholCost: 78180	addCost: 18328	backsolveCost: 17619
node 130	AtA: 20854	cholCost: 53322	addCost: 4072	backsolveCost: 24624
node 131	AtA: 16484	cholCost: 52490	addCost: 3352	backsolveCost: 24523
node 132	AtA: 17358	cholCost: 57981	addCost: 4888	backsolveCost: 24826
node 133	AtA: 14736	cholCost: 31131	addCost: 2200	backsolveCost: 16002
node 134	AtA: 21728	cholCost: 74745	addCost: 4888	backsolveCost: 31323
node 135	AtA: 14736	cholCost: 98956	addCost: 9112	backsolveCost: 32001
node 136	AtA: 12988	cholCost: 78180	addCost: 18328	backsolveCost: 17619
node 137	AtA: 20854	cholCost: 53322	addCost: 4072	backsolveCost: 24624
node 138	AtA: 19980	cholCost: 52490	addCost: 3352	backsolveCost: 24523
node 139	AtA: 12988	cholCost: 52596	addCost: 9112	backsolveCost: 16926
node 140	AtA: 14736	cholCost: 31131	addCost: 2200	backsolveCost: 16002
node 141	AtA: 21728	cholCost: 74745	addCost: 4888	backsolveCost: 31323
node 142	AtA: 20854	cholCost: 53322	addCost: 4072	backsolveCost: 24624
node 143	AtA: 16484	cholCost: 52490	addCost: 3352	backsolveCost: 24523
node 144	AtA: 12988	cholCost: 52596	addCost: 9112	backsolveCost: 16926
node 145	AtA: 3884	cholCost: 52596	addCost: 9112	backsolveCost: 16926
node 146	AtA: 3884	cholCost: 66324	addCost: 14872	backsolveCost: 17388
node 147	AtA: 4230	cholCost: 141847	addCost: 31000	backsolveCost: 27250
node 148	AtA: 12114	cholCost: 312690	addCost: 53272	backsolveCost: 47305
node 149	AtA: 5614	cholCost: 416216	addCost: 59800	backsolveCost: 71275
node 150	AtA: 8036	cholCost: 790960	addCost: 56488	backsolveCost: 185579
node 151	AtA: 19980	cholCost: 755670	addCost: 56488	backsolveCost: 169038
node 152	AtA: 8382	cholCost: 739685	addCost: 41368	backsolveCost: 208738
node 153	AtA: 38334	cholCost: 975564	addCost: 1192	backsolveCost: 799985
node 154	AtA: 6870	cholCost: 16194	addCost: 1000	backsolveCost: 10977
node 155	AtA: -1	cholCost: 0	addCost: -1	backsolveCost: 1561

