cliques
70
node 0	AtA: 12236	cholCost: 2688	addCost: 2200	backsolveCost: 16002
node 1	AtA: 12236	cholCost: 2688	addCost: 2200	backsolveCost: 16002
node 2	AtA: 12236	cholCost: 2688	addCost: 2200	backsolveCost: 16002
node 3	AtA: 14736	cholCost: 31131	addCost: 2200	backsolveCost: 16002
node 4	AtA: 21728	cholCost: 74745	addCost: 4888	backsolveCost: 31323
node 5	AtA: 17358	cholCost: 68464	addCost: 6808	backsolveCost: 25129
node 6	AtA: 19980	cholCost: 52490	addCost: 3352	backsolveCost: 24523
node 7	AtA: 14736	cholCost: 31131	addCost: 2200	backsolveCost: 16002
node 8	AtA: 14736	cholCost: 31131	addCost: 2200	backsolveCost: 16002
node 9	AtA: 21728	cholCost: 74745	addCost: 4888	backsolveCost: 31323
node 10	AtA: 13862	cholCost: 68464	addCost: 6808	backsolveCost: 25129
node 11	AtA: 19106	cholCost: 138216	addCost: 11800	backsolveCost: 43606
node 12	AtA: 14736	cholCost: 31131	addCost: 2200	backsolveCost: 16002
node 13	AtA: 21728	cholCost: 74745	addCost: 4888	backsolveCost: 31323
node 14	AtA: 21728	cholCost: 74745	addCost: 4888	backsolveCost: 31323
node 15	AtA: 14736	cholCost: 98956	addCost: 9112	backsolveCost: 32001
node 16	AtA: 14736	cholCost: 32379	addCost: 2728	backsolveCost: 16079
node 17	AtA: 14736	cholCost: 31131	addCost: 2200	backsolveCost: 16002
node 18	AtA: 19106	cholCost: 61808	addCost: 5800	backsolveCost: 24927
node 19	AtA: 14736	cholCost: 84812	addCost: 5800	backsolveCost: 31436
node 20	AtA: 17358	cholCost: 69296	addCost: 7912	backsolveCost: 25230
node 21	AtA: 19106	cholCost: 47831	addCost: 2728	backsolveCost: 24321
node 22	AtA: 11240	cholCost: 40241	addCost: 4072	backsolveCost: 16310
node 23	AtA: 21728	cholCost: 74745	addCost: 4888	backsolveCost: 31323
node 24	AtA: 20854	cholCost: 126408	addCost: 9112	backsolveCost: 51684
node 25	AtA: 6870	cholCost: 64452	addCost: 11800	backsolveCost: 17157
node 26	AtA: 14736	cholCost: 31131	addCost: 2200	backsolveCost: 16002
node 27	AtA: 21728	cholCost: 74745	addCost: 4888	backsolveCost: 31323
node 28	AtA: 14736	cholCost: 32379	addCost: 2728	backsolveCost: 16079
node 29	AtA: 20854	cholCost: 74745	addCost: 4888	backsolveCost: 31323
node 30	AtA: 21728	cholCost: 65635	addCost: 3352	backsolveCost: 30984
node 31	AtA: 14736	cholCost: 75952	addCost: 9112	backsolveCost: 25432
node 32	AtA: 14736	cholCost: 31131	addCost: 2200	backsolveCost: 16002
node 33	AtA: 21728	cholCost: 74745	addCost: 4888	backsolveCost: 31323
node 34	AtA: 14736	cholCost: 31131	addCost: 2200	backsolveCost: 16002
node 35	AtA: 21728	cholCost: 74745	addCost: 4888	backsolveCost: 31323
node 36	AtA: 4922	cholCost: 125736	addCost: 10408	backsolveCost: 43332
node 37	AtA: 16484	cholCost: 138888	addCost: 10408	backsolveCost: 51833
node 38	AtA: 14736	cholCost: 31131	addCost: 2200	backsolveCost: 16002
node 39	AtA: 21728	cholCost: 74745	addCost: 4888	backsolveCost: 31323
node 40	AtA: 14736	cholCost: 32379	addCost: 2728	backsolveCost: 16079
node 41	AtA: 20854	cholCost: 74745	addCost: 4888	backsolveCost: 31323
node 42	AtA: 14736	cholCost: 32379	addCost: 2728	backsolveCost: 16079
node 43	AtA: 20854	cholCost: 74745	addCost: 4888	backsolveCost: 31323
node 44	AtA: 7744	cholCost: 81776	addCost: 10408	backsolveCost: 25533
node 45	AtA: 14736	cholCost: 32379	addCost: 2728	backsolveCost: 16079
node 46	AtA: 18232	cholCost: 52490	addCost: 3352	backsolveCost: 24523
node 47	AtA: 17358	cholCost: 57981	addCost: 4888	backsolveCost: 24826
node 48	AtA: 13862	cholCost: 68464	addCost: 6808	backsolveCost: 25129
node 49	AtA: 12988	cholCost: 45732	addCost: 6808	backsolveCost: 16695
node 50	AtA: 14736	cholCost: 31131	addCost: 2200	backsolveCost: 16002
node 51	AtA: 21728	cholCost: 74745	addCost: 4888	backsolveCost: 31323
node 52	AtA: 14736	cholCost: 32379	addCost: 2728	backsolveCost: 16079
node 53	AtA: 20854	cholCost: 74745	addCost: 4888	backsolveCost: 31323
node 54	AtA: 18232	cholCost: 52490	addCost: 3352	backsolveCost: 24523
node 55	AtA: 17358	cholCost: 57981	addCost: 4888	backsolveCost: 24826
node 56	AtA: 14736	cholCost: 31131	addCost: 2200	backsolveCost: 16002
node 57	AtA: 21728	cholCost: 74745	addCost: 4888	backsolveCost: 31323
node 58	AtA: 14736	cholCost: 31131	addCost: 2200	backsolveCost: 16002
node 59	AtA: 21728	cholCost: 74745	addCost: 4888	backsolveCost: 31323
node 60	AtA: 11240	cholCost: 169940	addCost: 10408	backsolveCost: 65739
node 61	AtA: 3884	cholCost: 58836	addCost: 10408	backsolveCost: 17003
node 62	AtA: 7744	cholCost: 81776	addCost: 10408	backsolveCost: 25533
node 63	AtA: 9492	cholCost: 125736	addCost: 10408	backsolveCost: 43332
node 64	AtA: 9492	cholCost: 125736	addCost: 10408	backsolveCost: 43332
node 65	AtA: 9492	cholCost: 138216	addCost: 11800	backsolveCost: 43606
node 66	AtA: 4230	cholCost: 95920	addCost: 14872	backsolveCost: 26038
node 67	AtA: 9074	cholCost: 282518	addCost: 1192	backsolveCost: 240540
node 68	AtA: 6870	cholCost: 16194	addCost: 1000	backsolveCost: 10977
node 69	AtA: -1	cholCost: 0	addCost: -1	backsolveCost: 1561

