cliques
150
node 0	AtA: 14858	cholCost: 0	addCost: 2200	backsolveCost: 24220
node 1	AtA: 14858	cholCost: 0	addCost: 4072	backsolveCost: 24624
node 2	AtA: 12236	cholCost: 0	addCost: 2200	backsolveCost: 16002
node 3	AtA: 12236	cholCost: 2688	addCost: 2200	backsolveCost: 16002
node 4	AtA: 19228	cholCost: 0	addCost: 4888	backsolveCost: 31323
node 5	AtA: 17480	cholCost: 6028	addCost: 3352	backsolveCost: 24523
node 6	AtA: 12236	cholCost: 2688	addCost: 2200	backsolveCost: 16002
node 7	AtA: 20102	cholCost: 9048	addCost: 4072	backsolveCost: 31097
node 8	AtA: 7866	cholCost: 11359	addCost: 6808	backsolveCost: 16695
node 9	AtA: 18354	cholCost: 8268	addCost: 4072	backsolveCost: 24624
node 10	AtA: 20854	cholCost: 53322	addCost: 4072	backsolveCost: 24624
node 11	AtA: 20854	cholCost: 53322	addCost: 4072	backsolveCost: 24624
node 12	AtA: 12988	cholCost: 58836	addCost: 10408	backsolveCost: 17003
node 13	AtA: 20854	cholCost: 53322	addCost: 4072	backsolveCost: 24624
node 14	AtA: 20854	cholCost: 53322	addCost: 4072	backsolveCost: 24624
node 15	AtA: 12988	cholCost: 58836	addCost: 10408	backsolveCost: 17003
node 16	AtA: 14736	cholCost: 31131	addCost: 2200	backsolveCost: 16002
node 17	AtA: 21728	cholCost: 74745	addCost: 4888	backsolveCost: 31323
node 18	AtA: 20854	cholCost: 65635	addCost: 3352	backsolveCost: 30984
node 19	AtA: 17358	cholCost: 57981	addCost: 4888	backsolveCost: 24826
node 20	AtA: 14736	cholCost: 98956	addCost: 9112	backsolveCost: 32001
node 21	AtA: 15610	cholCost: 165672	addCost: 18328	backsolveCost: 44428
node 22	AtA: 10366	cholCost: 141847	addCost: 31000	backsolveCost: 27250
node 23	AtA: 14736	cholCost: 32379	addCost: 2728	backsolveCost: 16079
node 24	AtA: 15610	cholCost: 40865	addCost: 4888	backsolveCost: 16464
node 25	AtA: 14736	cholCost: 32379	addCost: 2728	backsolveCost: 16079
node 26	AtA: 18232	cholCost: 57981	addCost: 4888	backsolveCost: 24826
node 27	AtA: 17358	cholCost: 68464	addCost: 6808	backsolveCost: 25129
node 28	AtA: 11240	cholCost: 75952	addCost: 9112	backsolveCost: 25432
node 29	AtA: 20854	cholCost: 53322	addCost: 4072	backsolveCost: 24624
node 30	AtA: 20854	cholCost: 53322	addCost: 4072	backsolveCost: 24624
node 31	AtA: 23476	cholCost: 138888	addCost: 10408	backsolveCost: 51833
node 32	AtA: 20854	cholCost: 53322	addCost: 4072	backsolveCost: 24624
node 33	AtA: 18232	cholCost: 52490	addCost: 3352	backsolveCost: 24523
node 34	AtA: 17358	cholCost: 57981	addCost: 4888	backsolveCost: 24826
node 35	AtA: 13862	cholCost: 75952	addCost: 9112	backsolveCost: 25432
node 36	AtA: 10366	cholCost: 195298	addCost: 22168	backsolveCost: 53472
node 37	AtA: 20854	cholCost: 53322	addCost: 4072	backsolveCost: 24624
node 38	AtA: 18354	cholCost: 9677	addCost: 4888	backsolveCost: 24826
node 39	AtA: 20854	cholCost: 53322	addCost: 4072	backsolveCost: 24624
node 40	AtA: 20854	cholCost: 53322	addCost: 4072	backsolveCost: 24624
node 41	AtA: 20854	cholCost: 53322	addCost: 4072	backsolveCost: 24624
node 42	AtA: 13862	cholCost: 101744	addCost: 16552	backsolveCost: 26139
node 43	AtA: 4230	cholCost: 115888	addCost: 22168	backsolveCost: 26644
node 44	AtA: 17480	cholCost: 34105	addCost: 11800	backsolveCost: 52131
node 45	AtA: 20854	cholCost: 53322	addCost: 4072	backsolveCost: 24624
node 46	AtA: 20854	cholCost: 53322	addCost: 4072	backsolveCost: 24624
node 47	AtA: 12988	cholCost: 58836	addCost: 10408	backsolveCost: 17003
node 48	AtA: 10366	cholCost: 115888	addCost: 22168	backsolveCost: 26644
node 49	AtA: 19228	cholCost: 10416	addCost: 4888	backsolveCost: 31323
node 50	AtA: 20854	cholCost: 53322	addCost: 4072	backsolveCost: 24624
node 51	AtA: 3884	cholCost: 52596	addCost: 9112	backsolveCost: 16926
node 52	AtA: 20854	cholCost: 53322	addCost: 4072	backsolveCost: 24624
node 53	AtA: 20854	cholCost: 53322	addCost: 4072	backsolveCost: 24624
node 54	AtA: 22602	cholCost: 149448	addCost: 13288	backsolveCost: 43743
node 55	AtA: 10366	cholCost: 115888	addCost: 22168	backsolveCost: 26644
node 56	AtA: 4922	cholCost: 246544	addCost: 35992	backsolveCost: 46072
node 57	AtA: 8618	cholCost: 264028	addCost: 56488	backsolveCost: 35504
node 58	AtA: 20854	cholCost: 53322	addCost: 4072	backsolveCost: 24624
node 59	AtA: 12988	cholCost: 58836	addCost: 10408	backsolveCost: 17003
node 60	AtA: 20854	cholCost: 53322	addCost: 4072	backsolveCost: 24624
node 61	AtA: 20854	cholCost: 53322	addCost: 4072	backsolveCost: 24624
node 62	AtA: 20854	cholCost: 53322	addCost: 4072	backsolveCost: 24624
node 63	AtA: 20854	cholCost: 53322	addCost: 4072	backsolveCost: 24624
node 64	AtA: 4230	cholCost: 89264	addCost: 13288	backsolveCost: 25836
node 65	AtA: 14736	cholCost: 31131	addCost: 2200	backsolveCost: 16002
node 66	AtA: 16484	cholCost: 52490	addCost: 3352	backsolveCost: 24523
node 67	AtA: 20854	cholCost: 53322	addCost: 4072	backsolveCost: 24624
node 68	AtA: 20854	cholCost: 53322	addCost: 4072	backsolveCost: 24624
node 69	AtA: 14736	cholCost: 31131	addCost: 2200	backsolveCost: 16002
node 70	AtA: 21728	cholCost: 74745	addCost: 4888	backsolveCost: 31323
node 71	AtA: 20854	cholCost: 53322	addCost: 4072	backsolveCost: 24624
node 72	AtA: 14736	cholCost: 31131	addCost: 2200	backsolveCost: 16002
node 73	AtA: 21728	cholCost: 74745	addCost: 4888	backsolveCost: 31323
node 74	AtA: 12114	cholCost: 124488	addCost: 9112	backsolveCost: 43195
node 75	AtA: 3884	cholCost: 66324	addCost: 14872	backsolveCost: 17388
node 76	AtA: 15610	cholCost: 156936	addCost: 14872	backsolveCost: 44017
node 77	AtA: 5268	cholCost: 255453	addCost: 35992	backsolveCost: 54813
node 78	AtA: 20854	cholCost: 53322	addCost: 4072	backsolveCost: 24624
node 79	AtA: 20854	cholCost: 53322	addCost: 4072	backsolveCost: 24624
node 80	AtA: 20854	cholCost: 53322	addCost: 4072	backsolveCost: 24624
node 81	AtA: 20854	cholCost: 53322	addCost: 4072	backsolveCost: 24624
node 82	AtA: 22602	cholCost: 149448	addCost: 13288	backsolveCost: 43743
node 83	AtA: 3884	cholCost: 84420	addCost: 20200	backsolveCost: 17696
node 84	AtA: 14736	cholCost: 32379	addCost: 2728	backsolveCost: 16079
node 85	AtA: 19980	cholCost: 74745	addCost: 4888	backsolveCost: 31323
node 86	AtA: 12988	cholCost: 40865	addCost: 4888	backsolveCost: 16464
node 87	AtA: 20854	cholCost: 53322	addCost: 4072	backsolveCost: 24624
node 88	AtA: 14736	cholCost: 32379	addCost: 2728	backsolveCost: 16079
node 89	AtA: 20854	cholCost: 74745	addCost: 4888	backsolveCost: 31323
node 90	AtA: 7744	cholCost: 75952	addCost: 9112	backsolveCost: 25432
node 91	AtA: 20854	cholCost: 53322	addCost: 4072	backsolveCost: 24624
node 92	AtA: 20854	cholCost: 53322	addCost: 4072	backsolveCost: 24624
node 93	AtA: 20854	cholCost: 53322	addCost: 4072	backsolveCost: 24624
node 94	AtA: 14736	cholCost: 32379	addCost: 2728	backsolveCost: 16079
node 95	AtA: 19980	cholCost: 74745	addCost: 4888	backsolveCost: 31323
node 96	AtA: 12988	cholCost: 40865	addCost: 4888	backsolveCost: 16464
node 97	AtA: 13862	cholCost: 75952	addCost: 9112	backsolveCost: 25432
node 98	AtA: 3884	cholCost: 66324	addCost: 14872	backsolveCost: 17388
node 99	AtA: 18232	cholCost: 446472	addCost: 31000	backsolveCost: 128542
node 100	AtA: 20854	cholCost: 53322	addCost: 4072	backsolveCost: 24624
node 101	AtA: 23476	cholCost: 74745	addCost: 4888	backsolveCost: 31323
node 102	AtA: 23476	cholCost: 74745	addCost: 4888	backsolveCost: 31323
node 103	AtA: 17358	cholCost: 156936	addCost: 14872	backsolveCost: 44017
node 104	AtA: 14736	cholCost: 31131	addCost: 2200	backsolveCost: 16002
node 105	AtA: 14736	cholCost: 31131	addCost: 2200	backsolveCost: 16002
node 106	AtA: 21728	cholCost: 74745	addCost: 4888	backsolveCost: 31323
node 107	AtA: 13862	cholCost: 68464	addCost: 6808	backsolveCost: 25129
node 108	AtA: 12988	cholCost: 45732	addCost: 6808	backsolveCost: 16695
node 109	AtA: 14736	cholCost: 32379	addCost: 2728	backsolveCost: 16079
node 110	AtA: 14736	cholCost: 40241	addCost: 4072	backsolveCost: 16310
node 111	AtA: 23476	cholCost: 74745	addCost: 4888	backsolveCost: 31323
node 112	AtA: 23476	cholCost: 74745	addCost: 4888	backsolveCost: 31323
node 113	AtA: 25224	cholCost: 125736	addCost: 10408	backsolveCost: 43332
node 114	AtA: 18232	cholCost: 179573	addCost: 18328	backsolveCost: 53025
node 115	AtA: 4230	cholCost: 108400	addCost: 18328	backsolveCost: 26341
node 116	AtA: 12114	cholCost: 196634	addCost: 33448	backsolveCost: 34148
node 117	AtA: 20854	cholCost: 53322	addCost: 4072	backsolveCost: 24624
node 118	AtA: 20854	cholCost: 53322	addCost: 4072	backsolveCost: 24624
node 119	AtA: 20854	cholCost: 53322	addCost: 4072	backsolveCost: 24624
node 120	AtA: 20854	cholCost: 53322	addCost: 4072	backsolveCost: 24624
node 121	AtA: 21728	cholCost: 92924	addCost: 7912	backsolveCost: 31775
node 122	AtA: 14736	cholCost: 31131	addCost: 2200	backsolveCost: 16002
node 123	AtA: 12988	cholCost: 40865	addCost: 4888	backsolveCost: 16464
node 124	AtA: 12988	cholCost: 40865	addCost: 4888	backsolveCost: 16464
node 125	AtA: 20854	cholCost: 53322	addCost: 4072	backsolveCost: 24624
node 126	AtA: 20854	cholCost: 53322	addCost: 4072	backsolveCost: 24624
node 127	AtA: 3884	cholCost: 52596	addCost: 9112	backsolveCost: 16926
node 128	AtA: 5960	cholCost: 277140	addCost: 22168	backsolveCost: 78195
node 129	AtA: 20854	cholCost: 53322	addCost: 4072	backsolveCost: 24624
node 130	AtA: 14736	cholCost: 31131	addCost: 2200	backsolveCost: 16002
node 131	AtA: 16484	cholCost: 52490	addCost: 3352	backsolveCost: 24523
node 132	AtA: 14736	cholCost: 31131	addCost: 2200	backsolveCost: 16002
node 133	AtA: 21728	cholCost: 74745	addCost: 4888	backsolveCost: 31323
node 134	AtA: 24350	cholCost: 158500	addCost: 9112	backsolveCost: 65566
node 135	AtA: 13862	cholCost: 95920	addCost: 14872	backsolveCost: 26038
node 136	AtA: 20854	cholCost: 53322	addCost: 4072	backsolveCost: 24624
node 137	AtA: 21728	cholCost: 92924	addCost: 7912	backsolveCost: 31775
node 138	AtA: 20854	cholCost: 53322	addCost: 4072	backsolveCost: 24624
node 139	AtA: 20854	cholCost: 53322	addCost: 4072	backsolveCost: 24624
node 140	AtA: 23476	cholCost: 138888	addCost: 10408	backsolveCost: 51833
node 141	AtA: 4922	cholCost: 228822	addCost: 31000	backsolveCost: 45661
node 142	AtA: 5268	cholCost: 266186	addCost: 41368	backsolveCost: 55260
node 143	AtA: 12114	cholCost: 466174	addCost: 56488	backsolveCost: 81710
node 144	AtA: 13862	cholCost: 541927	addCost: 56488	backsolveCost: 111725
node 145	AtA: 6998	cholCost: 614288	addCost: 56488	backsolveCost: 131727
node 146	AtA: 19106	cholCost: 854741	addCost: 44200	backsolveCost: 227444
node 147	AtA: 35712	cholCost: 975564	addCost: 1192	backsolveCost: 799985
node 148	AtA: 6870	cholCost: 16194	addCost: 1000	backsolveCost: 10977
node 149	AtA: -1	cholCost: 0	addCost: -1	backsolveCost: 1561

