cliques
178
node 0	AtA: 12236	cholCost: 0	addCost: 2200	backsolveCost: 16002
node 1	AtA: 12236	cholCost: 0	addCost: 2200	backsolveCost: 16002
node 2	AtA: 12236	cholCost: 0	addCost: 2200	backsolveCost: 16002
node 3	AtA: 13984	cholCost: 6028	addCost: 3352	backsolveCost: 24523
node 4	AtA: 16606	cholCost: 5040	addCost: 2728	backsolveCost: 24321
node 5	AtA: 8740	cholCost: 6708	addCost: 4072	backsolveCost: 16310
node 6	AtA: 13110	cholCost: 11220	addCost: 6808	backsolveCost: 16695
node 7	AtA: 12236	cholCost: 2688	addCost: 2200	backsolveCost: 16002
node 8	AtA: 12236	cholCost: 2688	addCost: 2200	backsolveCost: 16002
node 9	AtA: 13984	cholCost: 6028	addCost: 3352	backsolveCost: 24523
node 10	AtA: 12236	cholCost: 2688	addCost: 2200	backsolveCost: 16002
node 11	AtA: 12236	cholCost: 20791	addCost: 9112	backsolveCost: 32001
node 12	AtA: 13984	cholCost: 6028	addCost: 3352	backsolveCost: 24523
node 13	AtA: 14858	cholCost: 9520	addCost: 4888	backsolveCost: 24826
node 14	AtA: 18354	cholCost: 8268	addCost: 4072	backsolveCost: 24624
node 15	AtA: 18354	cholCost: 8268	addCost: 4072	backsolveCost: 24624
node 16	AtA: 18354	cholCost: 8268	addCost: 4072	backsolveCost: 24624
node 17	AtA: 10488	cholCost: 18637	addCost: 10408	backsolveCost: 17003
node 18	AtA: 13984	cholCost: 6028	addCost: 3352	backsolveCost: 24523
node 19	AtA: 14858	cholCost: 9713	addCost: 4888	backsolveCost: 24826
node 20	AtA: 12236	cholCost: 2688	addCost: 2200	backsolveCost: 16002
node 21	AtA: 19228	cholCost: 10416	addCost: 4888	backsolveCost: 31323
node 22	AtA: 12236	cholCost: 2688	addCost: 2200	backsolveCost: 16002
node 23	AtA: 19228	cholCost: 10416	addCost: 4888	backsolveCost: 31323
node 24	AtA: 20854	cholCost: 53322	addCost: 4072	backsolveCost: 24624
node 25	AtA: 14736	cholCost: 31131	addCost: 2200	backsolveCost: 16002
node 26	AtA: 12988	cholCost: 40865	addCost: 4888	backsolveCost: 16464
node 27	AtA: 12988	cholCost: 40865	addCost: 4888	backsolveCost: 16464
node 28	AtA: 20854	cholCost: 53322	addCost: 4072	backsolveCost: 24624
node 29	AtA: 17358	cholCost: 57981	addCost: 4888	backsolveCost: 24826
node 30	AtA: 20854	cholCost: 53322	addCost: 4072	backsolveCost: 24624
node 31	AtA: 13862	cholCost: 75952	addCost: 9112	backsolveCost: 25432
node 32	AtA: 13862	cholCost: 95920	addCost: 14872	backsolveCost: 26038
node 33	AtA: 4576	cholCost: 133276	addCost: 18328	backsolveCost: 33018
node 34	AtA: 20854	cholCost: 53322	addCost: 4072	backsolveCost: 24624
node 35	AtA: 20854	cholCost: 53322	addCost: 4072	backsolveCost: 24624
node 36	AtA: 18354	cholCost: 8401	addCost: 4072	backsolveCost: 24624
node 37	AtA: 14736	cholCost: 119132	addCost: 13288	backsolveCost: 32453
node 38	AtA: 20854	cholCost: 53322	addCost: 4072	backsolveCost: 24624
node 39	AtA: 20854	cholCost: 53322	addCost: 4072	backsolveCost: 24624
node 40	AtA: 20854	cholCost: 53322	addCost: 4072	backsolveCost: 24624
node 41	AtA: 20854	cholCost: 53322	addCost: 4072	backsolveCost: 24624
node 42	AtA: 21728	cholCost: 92924	addCost: 7912	backsolveCost: 31775
node 43	AtA: 13862	cholCost: 89264	addCost: 13288	backsolveCost: 25836
node 44	AtA: 3884	cholCost: 84420	addCost: 20200	backsolveCost: 17696
node 45	AtA: 11240	cholCost: 196634	addCost: 33448	backsolveCost: 34148
node 46	AtA: 5268	cholCost: 255453	addCost: 35992	backsolveCost: 54813
node 47	AtA: 20854	cholCost: 53322	addCost: 4072	backsolveCost: 24624
node 48	AtA: 20854	cholCost: 53322	addCost: 4072	backsolveCost: 24624
node 49	AtA: 12988	cholCost: 58836	addCost: 10408	backsolveCost: 17003
node 50	AtA: 20854	cholCost: 53322	addCost: 4072	backsolveCost: 24624
node 51	AtA: 20854	cholCost: 53322	addCost: 4072	backsolveCost: 24624
node 52	AtA: 22602	cholCost: 149448	addCost: 13288	backsolveCost: 43743
node 53	AtA: 3884	cholCost: 84420	addCost: 20200	backsolveCost: 17696
node 54	AtA: 21728	cholCost: 65635	addCost: 3352	backsolveCost: 30984
node 55	AtA: 20854	cholCost: 53322	addCost: 4072	backsolveCost: 24624
node 56	AtA: 20854	cholCost: 53322	addCost: 4072	backsolveCost: 24624
node 57	AtA: 14736	cholCost: 107068	addCost: 11800	backsolveCost: 32340
node 58	AtA: 20854	cholCost: 53322	addCost: 4072	backsolveCost: 24624
node 59	AtA: 20854	cholCost: 53322	addCost: 4072	backsolveCost: 24624
node 60	AtA: 19980	cholCost: 52490	addCost: 3352	backsolveCost: 24523
node 61	AtA: 14736	cholCost: 31131	addCost: 2200	backsolveCost: 16002
node 62	AtA: 21728	cholCost: 74745	addCost: 4888	backsolveCost: 31323
node 63	AtA: 13862	cholCost: 75952	addCost: 9112	backsolveCost: 25432
node 64	AtA: 3884	cholCost: 66324	addCost: 14872	backsolveCost: 17388
node 65	AtA: 3884	cholCost: 86292	addCost: 24232	backsolveCost: 17927
node 66	AtA: 3884	cholCost: 137586	addCost: 50152	backsolveCost: 19082
node 67	AtA: 20854	cholCost: 53322	addCost: 4072	backsolveCost: 24624
node 68	AtA: 18354	cholCost: 8413	addCost: 4072	backsolveCost: 24624
node 69	AtA: 20854	cholCost: 53322	addCost: 4072	backsolveCost: 24624
node 70	AtA: 12114	cholCost: 124488	addCost: 9112	backsolveCost: 43195
node 71	AtA: 10366	cholCost: 108400	addCost: 18328	backsolveCost: 26341
node 72	AtA: 20854	cholCost: 53322	addCost: 4072	backsolveCost: 24624
node 73	AtA: 13862	cholCost: 75952	addCost: 9112	backsolveCost: 25432
node 74	AtA: 20854	cholCost: 53322	addCost: 4072	backsolveCost: 24624
node 75	AtA: 20854	cholCost: 53322	addCost: 4072	backsolveCost: 24624
node 76	AtA: 12988	cholCost: 58836	addCost: 10408	backsolveCost: 17003
node 77	AtA: 3884	cholCost: 66324	addCost: 14872	backsolveCost: 17388
node 78	AtA: 4230	cholCost: 141847	addCost: 31000	backsolveCost: 27250
node 79	AtA: 18354	cholCost: 8455	addCost: 4072	backsolveCost: 24624
node 80	AtA: 20854	cholCost: 53322	addCost: 4072	backsolveCost: 24624
node 81	AtA: 20854	cholCost: 53322	addCost: 4072	backsolveCost: 24624
node 82	AtA: 20854	cholCost: 53322	addCost: 4072	backsolveCost: 24624
node 83	AtA: 20854	cholCost: 53322	addCost: 4072	backsolveCost: 24624
node 84	AtA: 20854	cholCost: 53322	addCost: 4072	backsolveCost: 24624
node 85	AtA: 13862	cholCost: 101744	addCost: 16552	backsolveCost: 26139
node 86	AtA: 4230	cholCost: 149668	addCost: 33448	backsolveCost: 27351
node 87	AtA: 20854	cholCost: 53322	addCost: 4072	backsolveCost: 24624
node 88	AtA: 14736	cholCost: 32379	addCost: 2728	backsolveCost: 16079
node 89	AtA: 20854	cholCost: 74745	addCost: 4888	backsolveCost: 31323
node 90	AtA: 14736	cholCost: 32379	addCost: 2728	backsolveCost: 16079
node 91	AtA: 20854	cholCost: 74745	addCost: 4888	backsolveCost: 31323
node 92	AtA: 17358	cholCost: 150120	addCost: 11800	backsolveCost: 52131
node 93	AtA: 20854	cholCost: 53322	addCost: 4072	backsolveCost: 24624
node 94	AtA: 20854	cholCost: 53322	addCost: 4072	backsolveCost: 24624
node 95	AtA: 14736	cholCost: 32379	addCost: 2728	backsolveCost: 16079
node 96	AtA: 20854	cholCost: 74745	addCost: 4888	backsolveCost: 31323
node 97	AtA: 20854	cholCost: 53322	addCost: 4072	backsolveCost: 24624
node 98	AtA: 14736	cholCost: 32379	addCost: 2728	backsolveCost: 16079
node 99	AtA: 19980	cholCost: 74745	addCost: 4888	backsolveCost: 31323
node 100	AtA: 12988	cholCost: 40865	addCost: 4888	backsolveCost: 16464
node 101	AtA: 7744	cholCost: 75952	addCost: 9112	backsolveCost: 25432
node 102	AtA: 3884	cholCost: 66324	addCost: 14872	backsolveCost: 17388
node 103	AtA: 7744	cholCost: 115888	addCost: 22168	backsolveCost: 26644
node 104	AtA: 5614	cholCost: 305891	addCost: 35992	backsolveCost: 69199
node 105	AtA: 4576	cholCost: 306210	addCost: 70312	backsolveCost: 36182
node 106	AtA: 20854	cholCost: 53322	addCost: 4072	backsolveCost: 24624
node 107	AtA: 20854	cholCost: 53322	addCost: 4072	backsolveCost: 24624
node 108	AtA: 20854	cholCost: 53322	addCost: 4072	backsolveCost: 24624
node 109	AtA: 20854	cholCost: 53322	addCost: 4072	backsolveCost: 24624
node 110	AtA: 20854	cholCost: 53322	addCost: 4072	backsolveCost: 24624
node 111	AtA: 20854	cholCost: 53322	addCost: 4072	backsolveCost: 24624
node 112	AtA: 20854	cholCost: 53322	addCost: 4072	backsolveCost: 24624
node 113	AtA: 23476	cholCost: 138888	addCost: 10408	backsolveCost: 51833
node 114	AtA: 20854	cholCost: 53322	addCost: 4072	backsolveCost: 24624
node 115	AtA: 20854	cholCost: 53322	addCost: 4072	backsolveCost: 24624
node 116	AtA: 23476	cholCost: 138888	addCost: 10408	backsolveCost: 51833
node 117	AtA: 4922	cholCost: 212348	addCost: 28648	backsolveCost: 45387
node 118	AtA: 4922	cholCost: 254781	addCost: 38632	backsolveCost: 46209
node 119	AtA: 20854	cholCost: 53322	addCost: 4072	backsolveCost: 24624
node 120	AtA: 12988	cholCost: 58836	addCost: 10408	backsolveCost: 17003
node 121	AtA: 20854	cholCost: 53322	addCost: 4072	backsolveCost: 24624
node 122	AtA: 20854	cholCost: 53322	addCost: 4072	backsolveCost: 24624
node 123	AtA: 12988	cholCost: 58836	addCost: 10408	backsolveCost: 17003
node 124	AtA: 3884	cholCost: 72564	addCost: 16552	backsolveCost: 17465
node 125	AtA: 3884	cholCost: 86292	addCost: 24232	backsolveCost: 17927
node 126	AtA: 20854	cholCost: 57981	addCost: 4888	backsolveCost: 24826
node 127	AtA: 23476	cholCost: 74745	addCost: 4888	backsolveCost: 31323
node 128	AtA: 9492	cholCost: 85044	addCost: 22168	backsolveCost: 17850
node 129	AtA: 18354	cholCost: 8268	addCost: 4072	backsolveCost: 24624
node 130	AtA: 14736	cholCost: 31131	addCost: 2200	backsolveCost: 16002
node 131	AtA: 21728	cholCost: 74745	addCost: 4888	backsolveCost: 31323
node 132	AtA: 19106	cholCost: 124488	addCost: 9112	backsolveCost: 43195
node 133	AtA: 20854	cholCost: 53322	addCost: 4072	backsolveCost: 24624
node 134	AtA: 20854	cholCost: 53322	addCost: 4072	backsolveCost: 24624
node 135	AtA: 20854	cholCost: 53322	addCost: 4072	backsolveCost: 24624
node 136	AtA: 21728	cholCost: 92924	addCost: 7912	backsolveCost: 31775
node 137	AtA: 6306	cholCost: 327882	addCost: 22168	backsolveCost: 95053
node 138	AtA: 14736	cholCost: 329058	addCost: 31000	backsolveCost: 79305
node 139	AtA: 4230	cholCost: 216230	addCost: 59800	backsolveCost: 28765
node 140	AtA: 18354	cholCost: 8268	addCost: 4072	backsolveCost: 24624
node 141	AtA: 20854	cholCost: 53322	addCost: 4072	backsolveCost: 24624
node 142	AtA: 12988	cholCost: 58836	addCost: 10408	backsolveCost: 17003
node 143	AtA: 18354	cholCost: 8268	addCost: 4072	backsolveCost: 24624
node 144	AtA: 18232	cholCost: 52490	addCost: 3352	backsolveCost: 24523
node 145	AtA: 17358	cholCost: 57981	addCost: 4888	backsolveCost: 24826
node 146	AtA: 12988	cholCost: 64452	addCost: 11800	backsolveCost: 17157
node 147	AtA: 14736	cholCost: 32379	addCost: 2728	backsolveCost: 16079
node 148	AtA: 20854	cholCost: 74745	addCost: 4888	backsolveCost: 31323
node 149	AtA: 14736	cholCost: 32379	addCost: 2728	backsolveCost: 16079
node 150	AtA: 20854	cholCost: 74745	addCost: 4888	backsolveCost: 31323
node 151	AtA: 15610	cholCost: 98956	addCost: 9112	backsolveCost: 32001
node 152	AtA: 7744	cholCost: 95920	addCost: 14872	backsolveCost: 26038
node 153	AtA: 3884	cholCost: 85044	addCost: 22168	backsolveCost: 17850
node 154	AtA: 20854	cholCost: 57981	addCost: 4888	backsolveCost: 24826
node 155	AtA: 20854	cholCost: 53322	addCost: 4072	backsolveCost: 24624
node 156	AtA: 20854	cholCost: 53322	addCost: 4072	backsolveCost: 24624
node 157	AtA: 23476	cholCost: 138888	addCost: 10408	backsolveCost: 51833
node 158	AtA: 13862	cholCost: 86292	addCost: 24232	backsolveCost: 17927
node 159	AtA: 23476	cholCost: 74745	addCost: 4888	backsolveCost: 31323
node 160	AtA: 23476	cholCost: 74745	addCost: 4888	backsolveCost: 31323
node 161	AtA: 13862	cholCost: 65700	addCost: 13288	backsolveCost: 17234
node 162	AtA: 14736	cholCost: 31131	addCost: 2200	backsolveCost: 16002
node 163	AtA: 13862	cholCost: 40241	addCost: 4072	backsolveCost: 16310
node 164	AtA: 17358	cholCost: 61808	addCost: 5800	backsolveCost: 24927
node 165	AtA: 20854	cholCost: 53322	addCost: 4072	backsolveCost: 24624
node 166	AtA: 14736	cholCost: 31131	addCost: 2200	backsolveCost: 16002
node 167	AtA: 21728	cholCost: 74745	addCost: 4888	backsolveCost: 31323
node 168	AtA: 12114	cholCost: 125736	addCost: 10408	backsolveCost: 43332
node 169	AtA: 6870	cholCost: 84420	addCost: 20200	backsolveCost: 17696
node 170	AtA: 12988	cholCost: 265514	addCost: 44200	backsolveCost: 46620
node 171	AtA: 11240	cholCost: 364008	addCost: 50152	backsolveCost: 70410
node 172	AtA: 19980	cholCost: 893450	addCost: 74008	backsolveCost: 171286
node 173	AtA: 6998	cholCost: 728772	addCost: 74008	backsolveCost: 133687
node 174	AtA: 19980	cholCost: 1201052	addCost: 74008	backsolveCost: 260308
node 175	AtA: 44452	cholCost: 1719878	addCost: 1192	backsolveCost: 1351566
node 176	AtA: 6870	cholCost: 16194	addCost: 1000	backsolveCost: 10977
node 177	AtA: -1	cholCost: 0	addCost: -1	backsolveCost: 1561

