cliques
155
node 0	AtA: 14858	cholCost: 0	addCost: 2200	backsolveCost: 24220
node 1	AtA: 12236	cholCost: 2688	addCost: 2200	backsolveCost: 16002
node 2	AtA: 12236	cholCost: 2688	addCost: 2200	backsolveCost: 16002
node 3	AtA: 12236	cholCost: 2688	addCost: 2200	backsolveCost: 16002
node 4	AtA: 11362	cholCost: 4884	addCost: 3352	backsolveCost: 16233
node 5	AtA: 11362	cholCost: 6708	addCost: 4072	backsolveCost: 16310
node 6	AtA: 12236	cholCost: 2688	addCost: 2200	backsolveCost: 16002
node 7	AtA: 19228	cholCost: 10416	addCost: 4888	backsolveCost: 31323
node 8	AtA: 12236	cholCost: 2688	addCost: 2200	backsolveCost: 16002
node 9	AtA: 18354	cholCost: 9647	addCost: 4888	backsolveCost: 24826
node 10	AtA: 12236	cholCost: 18823	addCost: 7912	backsolveCost: 31775
node 11	AtA: 18354	cholCost: 8395	addCost: 4072	backsolveCost: 24624
node 12	AtA: 12236	cholCost: 2688	addCost: 2200	backsolveCost: 16002
node 13	AtA: 20976	cholCost: 10543	addCost: 4888	backsolveCost: 31323
node 14	AtA: 18354	cholCost: 8401	addCost: 4072	backsolveCost: 24624
node 15	AtA: 17480	cholCost: 6161	addCost: 3352	backsolveCost: 24523
node 16	AtA: 20102	cholCost: 31787	addCost: 11800	backsolveCost: 43606
node 17	AtA: 13984	cholCost: 6028	addCost: 3352	backsolveCost: 24523
node 18	AtA: 12236	cholCost: 2688	addCost: 2200	backsolveCost: 16002
node 19	AtA: 18354	cholCost: 8401	addCost: 4072	backsolveCost: 24624
node 20	AtA: 18354	cholCost: 8268	addCost: 4072	backsolveCost: 24624
node 21	AtA: 12236	cholCost: 2688	addCost: 2200	backsolveCost: 16002
node 22	AtA: 19228	cholCost: 10416	addCost: 4888	backsolveCost: 31323
node 23	AtA: 11362	cholCost: 19025	addCost: 9112	backsolveCost: 25432
node 24	AtA: 20854	cholCost: 53322	addCost: 4072	backsolveCost: 24624
node 25	AtA: 20854	cholCost: 53322	addCost: 4072	backsolveCost: 24624
node 26	AtA: 10366	cholCost: 108400	addCost: 18328	backsolveCost: 26341
node 27	AtA: 21728	cholCost: 74745	addCost: 4888	backsolveCost: 31323
node 28	AtA: 20854	cholCost: 53322	addCost: 4072	backsolveCost: 24624
node 29	AtA: 20854	cholCost: 53322	addCost: 4072	backsolveCost: 24624
node 30	AtA: 5268	cholCost: 213020	addCost: 26392	backsolveCost: 53919
node 31	AtA: 20854	cholCost: 53322	addCost: 4072	backsolveCost: 24624
node 32	AtA: 18354	cholCost: 8401	addCost: 4072	backsolveCost: 24624
node 33	AtA: 18354	cholCost: 8401	addCost: 4072	backsolveCost: 24624
node 34	AtA: 3884	cholCost: 72564	addCost: 16552	backsolveCost: 17465
node 35	AtA: 20854	cholCost: 53322	addCost: 4072	backsolveCost: 24624
node 36	AtA: 21728	cholCost: 74745	addCost: 4888	backsolveCost: 31323
node 37	AtA: 13862	cholCost: 75952	addCost: 9112	backsolveCost: 25432
node 38	AtA: 3884	cholCost: 78180	addCost: 18328	backsolveCost: 17619
node 39	AtA: 14736	cholCost: 153369	addCost: 22168	backsolveCost: 33357
node 40	AtA: 12114	cholCost: 246544	addCost: 35992	backsolveCost: 46072
node 41	AtA: 5268	cholCost: 314610	addCost: 53272	backsolveCost: 56154
node 42	AtA: 20854	cholCost: 53322	addCost: 4072	backsolveCost: 24624
node 43	AtA: 20854	cholCost: 53322	addCost: 4072	backsolveCost: 24624
node 44	AtA: 20854	cholCost: 53322	addCost: 4072	backsolveCost: 24624
node 45	AtA: 20854	cholCost: 53322	addCost: 4072	backsolveCost: 24624
node 46	AtA: 3884	cholCost: 72564	addCost: 16552	backsolveCost: 17465
node 47	AtA: 20854	cholCost: 53322	addCost: 4072	backsolveCost: 24624
node 48	AtA: 20854	cholCost: 53322	addCost: 4072	backsolveCost: 24624
node 49	AtA: 20854	cholCost: 53322	addCost: 4072	backsolveCost: 24624
node 50	AtA: 21728	cholCost: 92924	addCost: 7912	backsolveCost: 31775
node 51	AtA: 3884	cholCost: 65700	addCost: 13288	backsolveCost: 17234
node 52	AtA: 18354	cholCost: 8419	addCost: 4072	backsolveCost: 24624
node 53	AtA: 20854	cholCost: 53322	addCost: 4072	backsolveCost: 24624
node 54	AtA: 20854	cholCost: 53322	addCost: 4072	backsolveCost: 24624
node 55	AtA: 21728	cholCost: 74745	addCost: 4888	backsolveCost: 31323
node 56	AtA: 16484	cholCost: 52490	addCost: 3352	backsolveCost: 24523
node 57	AtA: 20854	cholCost: 53322	addCost: 4072	backsolveCost: 24624
node 58	AtA: 14736	cholCost: 31131	addCost: 2200	backsolveCost: 16002
node 59	AtA: 21728	cholCost: 74745	addCost: 4888	backsolveCost: 31323
node 60	AtA: 16484	cholCost: 126408	addCost: 9112	backsolveCost: 51684
node 61	AtA: 4230	cholCost: 95920	addCost: 14872	backsolveCost: 26038
node 62	AtA: 3884	cholCost: 85044	addCost: 22168	backsolveCost: 17850
node 63	AtA: 4230	cholCost: 141847	addCost: 31000	backsolveCost: 27250
node 64	AtA: 4576	cholCost: 214772	addCost: 41368	backsolveCost: 34713
node 65	AtA: 20854	cholCost: 53322	addCost: 4072	backsolveCost: 24624
node 66	AtA: 20854	cholCost: 53322	addCost: 4072	backsolveCost: 24624
node 67	AtA: 20854	cholCost: 53322	addCost: 4072	backsolveCost: 24624
node 68	AtA: 14736	cholCost: 31131	addCost: 2200	backsolveCost: 16002
node 69	AtA: 13862	cholCost: 40241	addCost: 4072	backsolveCost: 16310
node 70	AtA: 14736	cholCost: 32379	addCost: 2728	backsolveCost: 16079
node 71	AtA: 20854	cholCost: 74745	addCost: 4888	backsolveCost: 31323
node 72	AtA: 13862	cholCost: 157608	addCost: 13288	backsolveCost: 52280
node 73	AtA: 13862	cholCost: 109232	addCost: 20200	backsolveCost: 26442
node 74	AtA: 20854	cholCost: 53322	addCost: 4072	backsolveCost: 24624
node 75	AtA: 20854	cholCost: 53322	addCost: 4072	backsolveCost: 24624
node 76	AtA: 23476	cholCost: 138888	addCost: 10408	backsolveCost: 51833
node 77	AtA: 20854	cholCost: 53322	addCost: 4072	backsolveCost: 24624
node 78	AtA: 18232	cholCost: 52490	addCost: 3352	backsolveCost: 24523
node 79	AtA: 17358	cholCost: 57981	addCost: 4888	backsolveCost: 24826
node 80	AtA: 14736	cholCost: 32379	addCost: 2728	backsolveCost: 16079
node 81	AtA: 20854	cholCost: 74745	addCost: 4888	backsolveCost: 31323
node 82	AtA: 15610	cholCost: 98956	addCost: 9112	backsolveCost: 32001
node 83	AtA: 19106	cholCost: 156936	addCost: 14872	backsolveCost: 44017
node 84	AtA: 20854	cholCost: 53322	addCost: 4072	backsolveCost: 24624
node 85	AtA: 20854	cholCost: 53322	addCost: 4072	backsolveCost: 24624
node 86	AtA: 14736	cholCost: 32379	addCost: 2728	backsolveCost: 16079
node 87	AtA: 20854	cholCost: 74745	addCost: 4888	backsolveCost: 31323
node 88	AtA: 14736	cholCost: 32379	addCost: 2728	backsolveCost: 16079
node 89	AtA: 19980	cholCost: 74745	addCost: 4888	backsolveCost: 31323
node 90	AtA: 12988	cholCost: 40865	addCost: 4888	backsolveCost: 16464
node 91	AtA: 8618	cholCost: 125164	addCost: 14872	backsolveCost: 32679
node 92	AtA: 8618	cholCost: 153369	addCost: 22168	backsolveCost: 33357
node 93	AtA: 11240	cholCost: 180576	addCost: 31000	backsolveCost: 34035
node 94	AtA: 9492	cholCost: 265514	addCost: 44200	backsolveCost: 46620
node 95	AtA: 5268	cholCost: 412452	addCost: 81688	backsolveCost: 57942
node 96	AtA: 20854	cholCost: 53322	addCost: 4072	backsolveCost: 24624
node 97	AtA: 20854	cholCost: 53322	addCost: 4072	backsolveCost: 24624
node 98	AtA: 18232	cholCost: 52490	addCost: 3352	backsolveCost: 24523
node 99	AtA: 14736	cholCost: 40865	addCost: 4888	backsolveCost: 16464
node 100	AtA: 20854	cholCost: 53322	addCost: 4072	backsolveCost: 24624
node 101	AtA: 20854	cholCost: 53322	addCost: 4072	backsolveCost: 24624
node 102	AtA: 14736	cholCost: 32379	addCost: 2728	backsolveCost: 16079
node 103	AtA: 20854	cholCost: 74745	addCost: 4888	backsolveCost: 31323
node 104	AtA: 20854	cholCost: 53322	addCost: 4072	backsolveCost: 24624
node 105	AtA: 14736	cholCost: 32379	addCost: 2728	backsolveCost: 16079
node 106	AtA: 20854	cholCost: 74745	addCost: 4888	backsolveCost: 31323
node 107	AtA: 7744	cholCost: 75952	addCost: 9112	backsolveCost: 25432
node 108	AtA: 3884	cholCost: 66324	addCost: 14872	backsolveCost: 17388
node 109	AtA: 12114	cholCost: 125164	addCost: 14872	backsolveCost: 32679
node 110	AtA: 3884	cholCost: 85044	addCost: 22168	backsolveCost: 17850
node 111	AtA: 20854	cholCost: 53322	addCost: 4072	backsolveCost: 24624
node 112	AtA: 20854	cholCost: 53322	addCost: 4072	backsolveCost: 24624
node 113	AtA: 20854	cholCost: 53322	addCost: 4072	backsolveCost: 24624
node 114	AtA: 14736	cholCost: 119132	addCost: 13288	backsolveCost: 32453
node 115	AtA: 20854	cholCost: 53322	addCost: 4072	backsolveCost: 24624
node 116	AtA: 14736	cholCost: 32379	addCost: 2728	backsolveCost: 16079
node 117	AtA: 19980	cholCost: 74745	addCost: 4888	backsolveCost: 31323
node 118	AtA: 12988	cholCost: 40865	addCost: 4888	backsolveCost: 16464
node 119	AtA: 20854	cholCost: 53322	addCost: 4072	backsolveCost: 24624
node 120	AtA: 20854	cholCost: 53322	addCost: 4072	backsolveCost: 24624
node 121	AtA: 20854	cholCost: 53322	addCost: 4072	backsolveCost: 24624
node 122	AtA: 20854	cholCost: 53322	addCost: 4072	backsolveCost: 24624
node 123	AtA: 4230	cholCost: 89264	addCost: 13288	backsolveCost: 25836
node 124	AtA: 11240	cholCost: 153369	addCost: 22168	backsolveCost: 33357
node 125	AtA: 3884	cholCost: 111627	addCost: 35992	backsolveCost: 18543
node 126	AtA: 10366	cholCost: 301880	addCost: 47128	backsolveCost: 55707
node 127	AtA: 23476	cholCost: 74745	addCost: 4888	backsolveCost: 31323
node 128	AtA: 21728	cholCost: 65635	addCost: 3352	backsolveCost: 30984
node 129	AtA: 24350	cholCost: 117000	addCost: 7912	backsolveCost: 42921
node 130	AtA: 19980	cholCost: 156936	addCost: 14872	backsolveCost: 44017
node 131	AtA: 20854	cholCost: 53322	addCost: 4072	backsolveCost: 24624
node 132	AtA: 20854	cholCost: 53322	addCost: 4072	backsolveCost: 24624
node 133	AtA: 23476	cholCost: 74745	addCost: 4888	backsolveCost: 31323
node 134	AtA: 20854	cholCost: 57981	addCost: 4888	backsolveCost: 24826
node 135	AtA: 20854	cholCost: 53322	addCost: 4072	backsolveCost: 24624
node 136	AtA: 11240	cholCost: 89264	addCost: 13288	backsolveCost: 25836
node 137	AtA: 3884	cholCost: 84420	addCost: 20200	backsolveCost: 17696
node 138	AtA: 7744	cholCost: 141847	addCost: 31000	backsolveCost: 27250
node 139	AtA: 11362	cholCost: 29293	addCost: 13288	backsolveCost: 25836
node 140	AtA: 16484	cholCost: 52490	addCost: 3352	backsolveCost: 24523
node 141	AtA: 17358	cholCost: 57981	addCost: 4888	backsolveCost: 24826
node 142	AtA: 17358	cholCost: 68464	addCost: 6808	backsolveCost: 25129
node 143	AtA: 8618	cholCost: 89264	addCost: 13288	backsolveCost: 25836
node 144	AtA: 20854	cholCost: 53322	addCost: 4072	backsolveCost: 24624
node 145	AtA: 20854	cholCost: 53322	addCost: 4072	backsolveCost: 24624
node 146	AtA: 20854	cholCost: 53322	addCost: 4072	backsolveCost: 24624
node 147	AtA: 14736	cholCost: 119132	addCost: 13288	backsolveCost: 32453
node 148	AtA: 10366	cholCost: 133194	addCost: 28648	backsolveCost: 27048
node 149	AtA: 9492	cholCost: 228822	addCost: 31000	backsolveCost: 45661
node 150	AtA: 12988	cholCost: 366354	addCost: 70312	backsolveCost: 48264
node 151	AtA: 14736	cholCost: 765962	addCost: 81688	backsolveCost: 134422
node 152	AtA: 53192	cholCost: 2515256	addCost: 1192	backsolveCost: 1889255
node 153	AtA: 6870	cholCost: 16194	addCost: 1000	backsolveCost: 10977
node 154	AtA: -1	cholCost: 0	addCost: -1	backsolveCost: 1561

