cliques
124
node 0	AtA: 14858	cholCost: 0	addCost: 2200	backsolveCost: 24220
node 1	AtA: 15732	cholCost: 0	addCost: 4072	backsolveCost: 24624
node 2	AtA: 12236	cholCost: 2688	addCost: 2200	backsolveCost: 16002
node 3	AtA: 12236	cholCost: 2821	addCost: 2200	backsolveCost: 16002
node 4	AtA: 13984	cholCost: 6028	addCost: 3352	backsolveCost: 24523
node 5	AtA: 14858	cholCost: 9647	addCost: 4888	backsolveCost: 24826
node 6	AtA: 12236	cholCost: 2688	addCost: 2200	backsolveCost: 16002
node 7	AtA: 17480	cholCost: 6155	addCost: 3352	backsolveCost: 24523
node 8	AtA: 19228	cholCost: 10416	addCost: 4888	backsolveCost: 31323
node 9	AtA: 12236	cholCost: 2688	addCost: 2200	backsolveCost: 16002
node 10	AtA: 19228	cholCost: 10416	addCost: 4888	backsolveCost: 31323
node 11	AtA: 10488	cholCost: 7728	addCost: 4888	backsolveCost: 16464
node 12	AtA: 12236	cholCost: 2688	addCost: 2200	backsolveCost: 16002
node 13	AtA: 12236	cholCost: 2688	addCost: 2200	backsolveCost: 16002
node 14	AtA: 10488	cholCost: 7728	addCost: 4888	backsolveCost: 16464
node 15	AtA: 10488	cholCost: 7728	addCost: 4888	backsolveCost: 16464
node 16	AtA: 17480	cholCost: 6028	addCost: 3352	backsolveCost: 24523
node 17	AtA: 20854	cholCost: 53322	addCost: 4072	backsolveCost: 24624
node 18	AtA: 20854	cholCost: 53322	addCost: 4072	backsolveCost: 24624
node 19	AtA: 20854	cholCost: 53322	addCost: 4072	backsolveCost: 24624
node 20	AtA: 21728	cholCost: 92924	addCost: 7912	backsolveCost: 31775
node 21	AtA: 10366	cholCost: 101744	addCost: 16552	backsolveCost: 26139
node 22	AtA: 23476	cholCost: 74745	addCost: 4888	backsolveCost: 31323
node 23	AtA: 10366	cholCost: 51972	addCost: 7912	backsolveCost: 16772
node 24	AtA: 20854	cholCost: 53322	addCost: 4072	backsolveCost: 24624
node 25	AtA: 20854	cholCost: 53322	addCost: 4072	backsolveCost: 24624
node 26	AtA: 12988	cholCost: 58836	addCost: 10408	backsolveCost: 17003
node 27	AtA: 4576	cholCost: 119132	addCost: 13288	backsolveCost: 32453
node 28	AtA: 3884	cholCost: 102142	addCost: 28648	backsolveCost: 18158
node 29	AtA: 20854	cholCost: 53322	addCost: 4072	backsolveCost: 24624
node 30	AtA: 20854	cholCost: 53322	addCost: 4072	backsolveCost: 24624
node 31	AtA: 23476	cholCost: 138888	addCost: 10408	backsolveCost: 51833
node 32	AtA: 20854	cholCost: 53322	addCost: 4072	backsolveCost: 24624
node 33	AtA: 12988	cholCost: 64452	addCost: 11800	backsolveCost: 17157
node 34	AtA: 20854	cholCost: 53322	addCost: 4072	backsolveCost: 24624
node 35	AtA: 4230	cholCost: 75952	addCost: 9112	backsolveCost: 25432
node 36	AtA: 4230	cholCost: 95920	addCost: 14872	backsolveCost: 26038
node 37	AtA: 21728	cholCost: 65635	addCost: 3352	backsolveCost: 30984
node 38	AtA: 20854	cholCost: 53322	addCost: 4072	backsolveCost: 24624
node 39	AtA: 20854	cholCost: 53322	addCost: 4072	backsolveCost: 24624
node 40	AtA: 14736	cholCost: 107068	addCost: 11800	backsolveCost: 32340
node 41	AtA: 20854	cholCost: 53322	addCost: 4072	backsolveCost: 24624
node 42	AtA: 14736	cholCost: 32379	addCost: 2728	backsolveCost: 16079
node 43	AtA: 20854	cholCost: 74745	addCost: 4888	backsolveCost: 31323
node 44	AtA: 14736	cholCost: 32379	addCost: 2728	backsolveCost: 16079
node 45	AtA: 20854	cholCost: 74745	addCost: 4888	backsolveCost: 31323
node 46	AtA: 15610	cholCost: 98956	addCost: 9112	backsolveCost: 32001
node 47	AtA: 19106	cholCost: 156936	addCost: 14872	backsolveCost: 44017
node 48	AtA: 7744	cholCost: 115888	addCost: 22168	backsolveCost: 26644
node 49	AtA: 5960	cholCost: 367331	addCost: 38632	backsolveCost: 80045
node 50	AtA: 20854	cholCost: 53322	addCost: 4072	backsolveCost: 24624
node 51	AtA: 14736	cholCost: 32379	addCost: 2728	backsolveCost: 16079
node 52	AtA: 19980	cholCost: 74745	addCost: 4888	backsolveCost: 31323
node 53	AtA: 12988	cholCost: 40865	addCost: 4888	backsolveCost: 16464
node 54	AtA: 18232	cholCost: 52490	addCost: 3352	backsolveCost: 24523
node 55	AtA: 17358	cholCost: 57981	addCost: 4888	backsolveCost: 24826
node 56	AtA: 17358	cholCost: 68464	addCost: 6808	backsolveCost: 25129
node 57	AtA: 18232	cholCost: 182836	addCost: 11800	backsolveCost: 66085
node 58	AtA: 23476	cholCost: 74745	addCost: 4888	backsolveCost: 31323
node 59	AtA: 23476	cholCost: 74745	addCost: 4888	backsolveCost: 31323
node 60	AtA: 21728	cholCost: 98956	addCost: 9112	backsolveCost: 32001
node 61	AtA: 14736	cholCost: 101744	addCost: 16552	backsolveCost: 26139
node 62	AtA: 23476	cholCost: 74745	addCost: 4888	backsolveCost: 31323
node 63	AtA: 23476	cholCost: 74745	addCost: 4888	backsolveCost: 31323
node 64	AtA: 14736	cholCost: 31131	addCost: 2200	backsolveCost: 16002
node 65	AtA: 14736	cholCost: 32379	addCost: 2728	backsolveCost: 16079
node 66	AtA: 15610	cholCost: 61808	addCost: 5800	backsolveCost: 24927
node 67	AtA: 19980	cholCost: 98956	addCost: 9112	backsolveCost: 32001
node 68	AtA: 21728	cholCost: 157608	addCost: 13288	backsolveCost: 52280
node 69	AtA: 15610	cholCost: 133276	addCost: 18328	backsolveCost: 33018
node 70	AtA: 7744	cholCost: 141847	addCost: 31000	backsolveCost: 27250
node 71	AtA: 9492	cholCost: 228822	addCost: 31000	backsolveCost: 45661
node 72	AtA: 20854	cholCost: 53322	addCost: 4072	backsolveCost: 24624
node 73	AtA: 16484	cholCost: 126408	addCost: 9112	backsolveCost: 51684
node 74	AtA: 20854	cholCost: 53322	addCost: 4072	backsolveCost: 24624
node 75	AtA: 20854	cholCost: 53322	addCost: 4072	backsolveCost: 24624
node 76	AtA: 20854	cholCost: 53322	addCost: 4072	backsolveCost: 24624
node 77	AtA: 21728	cholCost: 92924	addCost: 7912	backsolveCost: 31775
node 78	AtA: 3884	cholCost: 65700	addCost: 13288	backsolveCost: 17234
node 79	AtA: 14736	cholCost: 31131	addCost: 2200	backsolveCost: 16002
node 80	AtA: 21728	cholCost: 74745	addCost: 4888	backsolveCost: 31323
node 81	AtA: 13984	cholCost: 9520	addCost: 4888	backsolveCost: 24826
node 82	AtA: 14736	cholCost: 98956	addCost: 9112	backsolveCost: 32001
node 83	AtA: 14736	cholCost: 31131	addCost: 2200	backsolveCost: 16002
node 84	AtA: 21728	cholCost: 74745	addCost: 4888	backsolveCost: 31323
node 85	AtA: 20854	cholCost: 53322	addCost: 4072	backsolveCost: 24624
node 86	AtA: 20854	cholCost: 53322	addCost: 4072	backsolveCost: 24624
node 87	AtA: 20854	cholCost: 53322	addCost: 4072	backsolveCost: 24624
node 88	AtA: 14736	cholCost: 31131	addCost: 2200	backsolveCost: 16002
node 89	AtA: 21728	cholCost: 74745	addCost: 4888	backsolveCost: 31323
node 90	AtA: 4230	cholCost: 95920	addCost: 14872	backsolveCost: 26038
node 91	AtA: 3884	cholCost: 66324	addCost: 14872	backsolveCost: 17388
node 92	AtA: 3884	cholCost: 85044	addCost: 22168	backsolveCost: 17850
node 93	AtA: 14736	cholCost: 31131	addCost: 2200	backsolveCost: 16002
node 94	AtA: 21728	cholCost: 74745	addCost: 4888	backsolveCost: 31323
node 95	AtA: 20854	cholCost: 53322	addCost: 4072	backsolveCost: 24624
node 96	AtA: 12988	cholCost: 64452	addCost: 11800	backsolveCost: 17157
node 97	AtA: 14736	cholCost: 31131	addCost: 2200	backsolveCost: 16002
node 98	AtA: 21728	cholCost: 74745	addCost: 4888	backsolveCost: 31323
node 99	AtA: 20854	cholCost: 53322	addCost: 4072	backsolveCost: 24624
node 100	AtA: 19980	cholCost: 52490	addCost: 3352	backsolveCost: 24523
node 101	AtA: 12988	cholCost: 52596	addCost: 9112	backsolveCost: 16926
node 102	AtA: 3884	cholCost: 52596	addCost: 9112	backsolveCost: 16926
node 103	AtA: 4230	cholCost: 95920	addCost: 14872	backsolveCost: 26038
node 104	AtA: 20854	cholCost: 53322	addCost: 4072	backsolveCost: 24624
node 105	AtA: 20854	cholCost: 53322	addCost: 4072	backsolveCost: 24624
node 106	AtA: 21728	cholCost: 92924	addCost: 7912	backsolveCost: 31775
node 107	AtA: 13862	cholCost: 89264	addCost: 13288	backsolveCost: 25836
node 108	AtA: 20854	cholCost: 53322	addCost: 4072	backsolveCost: 24624
node 109	AtA: 14736	cholCost: 31131	addCost: 2200	backsolveCost: 16002
node 110	AtA: 16484	cholCost: 52490	addCost: 3352	backsolveCost: 24523
node 111	AtA: 17358	cholCost: 57981	addCost: 4888	backsolveCost: 24826
node 112	AtA: 14736	cholCost: 31131	addCost: 2200	backsolveCost: 16002
node 113	AtA: 21728	cholCost: 74745	addCost: 4888	backsolveCost: 31323
node 114	AtA: 14736	cholCost: 98956	addCost: 9112	backsolveCost: 32001
node 115	AtA: 13862	cholCost: 95920	addCost: 14872	backsolveCost: 26038
node 116	AtA: 11240	cholCost: 163478	addCost: 26392	backsolveCost: 33696
node 117	AtA: 12988	cholCost: 255453	addCost: 35992	backsolveCost: 54813
node 118	AtA: 5614	cholCost: 307347	addCost: 38632	backsolveCost: 69372
node 119	AtA: 6998	cholCost: 493731	addCost: 38632	backsolveCost: 129522
node 120	AtA: 6652	cholCost: 448202	addCost: 38632	backsolveCost: 109736
node 121	AtA: 37460	cholCost: 1123404	addCost: 1192	backsolveCost: 888176
node 122	AtA: 6870	cholCost: 16194	addCost: 1000	backsolveCost: 10977
node 123	AtA: -1	cholCost: 0	addCost: -1	backsolveCost: 1561

