cliques
101
node 0	AtA: 14858	cholCost: 0	addCost: 2200	backsolveCost: 24220
node 1	AtA: 14858	cholCost: 0	addCost: 4072	backsolveCost: 24624
node 2	AtA: 20102	cholCost: 9048	addCost: 4072	backsolveCost: 31097
node 3	AtA: 7866	cholCost: 11220	addCost: 6808	backsolveCost: 16695
node 4	AtA: 12236	cholCost: 2688	addCost: 2200	backsolveCost: 16002
node 5	AtA: 12236	cholCost: 2688	addCost: 2200	backsolveCost: 16002
node 6	AtA: 18354	cholCost: 8268	addCost: 4072	backsolveCost: 24624
node 7	AtA: 12236	cholCost: 0	addCost: 2200	backsolveCost: 16002
node 8	AtA: 19228	cholCost: 10416	addCost: 4888	backsolveCost: 31323
node 9	AtA: 12236	cholCost: 2688	addCost: 2200	backsolveCost: 16002
node 10	AtA: 20854	cholCost: 53322	addCost: 4072	backsolveCost: 24624
node 11	AtA: 19228	cholCost: 6600	addCost: 3352	backsolveCost: 30984
node 12	AtA: 18232	cholCost: 61808	addCost: 5800	backsolveCost: 24927
node 13	AtA: 13862	cholCost: 81776	addCost: 10408	backsolveCost: 25533
node 14	AtA: 14736	cholCost: 32379	addCost: 2728	backsolveCost: 16079
node 15	AtA: 19980	cholCost: 74745	addCost: 4888	backsolveCost: 31323
node 16	AtA: 12988	cholCost: 40865	addCost: 4888	backsolveCost: 16464
node 17	AtA: 20854	cholCost: 53322	addCost: 4072	backsolveCost: 24624
node 18	AtA: 20854	cholCost: 53322	addCost: 4072	backsolveCost: 24624
node 19	AtA: 12988	cholCost: 45732	addCost: 6808	backsolveCost: 16695
node 20	AtA: 20854	cholCost: 53322	addCost: 4072	backsolveCost: 24624
node 21	AtA: 18354	cholCost: 8268	addCost: 4072	backsolveCost: 24624
node 22	AtA: 14736	cholCost: 31131	addCost: 2200	backsolveCost: 16002
node 23	AtA: 21728	cholCost: 74745	addCost: 4888	backsolveCost: 31323
node 24	AtA: 12114	cholCost: 124488	addCost: 9112	backsolveCost: 43195
node 25	AtA: 3884	cholCost: 85044	addCost: 22168	backsolveCost: 17850
node 26	AtA: 20854	cholCost: 53322	addCost: 4072	backsolveCost: 24624
node 27	AtA: 14736	cholCost: 31131	addCost: 2200	backsolveCost: 16002
node 28	AtA: 21728	cholCost: 74745	addCost: 4888	backsolveCost: 31323
node 29	AtA: 12988	cholCost: 64452	addCost: 11800	backsolveCost: 17157
node 30	AtA: 21728	cholCost: 74745	addCost: 4888	backsolveCost: 31323
node 31	AtA: 16484	cholCost: 52490	addCost: 3352	backsolveCost: 24523
node 32	AtA: 21728	cholCost: 85852	addCost: 6808	backsolveCost: 31662
node 33	AtA: 10366	cholCost: 75952	addCost: 9112	backsolveCost: 25432
node 34	AtA: 4230	cholCost: 95920	addCost: 14872	backsolveCost: 26038
node 35	AtA: 20854	cholCost: 53322	addCost: 4072	backsolveCost: 24624
node 36	AtA: 14736	cholCost: 40241	addCost: 4072	backsolveCost: 16310
node 37	AtA: 14736	cholCost: 32379	addCost: 2728	backsolveCost: 16079
node 38	AtA: 11240	cholCost: 45108	addCost: 5800	backsolveCost: 16541
node 39	AtA: 13862	cholCost: 45732	addCost: 6808	backsolveCost: 16695
node 40	AtA: 13862	cholCost: 88432	addCost: 11800	backsolveCost: 25735
node 41	AtA: 20854	cholCost: 53322	addCost: 4072	backsolveCost: 24624
node 42	AtA: 23476	cholCost: 74745	addCost: 4888	backsolveCost: 31323
node 43	AtA: 23476	cholCost: 74745	addCost: 4888	backsolveCost: 31323
node 44	AtA: 17358	cholCost: 156936	addCost: 14872	backsolveCost: 44017
node 45	AtA: 12114	cholCost: 162438	addCost: 24232	backsolveCost: 33470
node 46	AtA: 4922	cholCost: 204111	addCost: 26392	backsolveCost: 45250
node 47	AtA: 20854	cholCost: 53322	addCost: 4072	backsolveCost: 24624
node 48	AtA: 20854	cholCost: 53322	addCost: 4072	backsolveCost: 24624
node 49	AtA: 14736	cholCost: 32379	addCost: 2728	backsolveCost: 16079
node 50	AtA: 20854	cholCost: 74745	addCost: 4888	backsolveCost: 31323
node 51	AtA: 20854	cholCost: 53322	addCost: 4072	backsolveCost: 24624
node 52	AtA: 14736	cholCost: 32379	addCost: 2728	backsolveCost: 16079
node 53	AtA: 20854	cholCost: 74745	addCost: 4888	backsolveCost: 31323
node 54	AtA: 7744	cholCost: 75952	addCost: 9112	backsolveCost: 25432
node 55	AtA: 3884	cholCost: 66324	addCost: 14872	backsolveCost: 17388
node 56	AtA: 14736	cholCost: 31131	addCost: 2200	backsolveCost: 16002
node 57	AtA: 16484	cholCost: 52490	addCost: 3352	backsolveCost: 24523
node 58	AtA: 21728	cholCost: 85852	addCost: 6808	backsolveCost: 31662
node 59	AtA: 20854	cholCost: 53322	addCost: 4072	backsolveCost: 24624
node 60	AtA: 14736	cholCost: 31131	addCost: 2200	backsolveCost: 16002
node 61	AtA: 21728	cholCost: 74745	addCost: 4888	backsolveCost: 31323
node 62	AtA: 19106	cholCost: 124488	addCost: 9112	backsolveCost: 43195
node 63	AtA: 20854	cholCost: 53322	addCost: 4072	backsolveCost: 24624
node 64	AtA: 20854	cholCost: 53322	addCost: 4072	backsolveCost: 24624
node 65	AtA: 14736	cholCost: 32379	addCost: 2728	backsolveCost: 16079
node 66	AtA: 20854	cholCost: 74745	addCost: 4888	backsolveCost: 31323
node 67	AtA: 18232	cholCost: 52490	addCost: 3352	backsolveCost: 24523
node 68	AtA: 17358	cholCost: 57981	addCost: 4888	backsolveCost: 24826
node 69	AtA: 17358	cholCost: 150120	addCost: 11800	backsolveCost: 52131
node 70	AtA: 13862	cholCost: 108400	addCost: 18328	backsolveCost: 26341
node 71	AtA: 5614	cholCost: 245320	addCost: 24232	backsolveCost: 67815
node 72	AtA: 20854	cholCost: 53322	addCost: 4072	backsolveCost: 24624
node 73	AtA: 14736	cholCost: 31131	addCost: 2200	backsolveCost: 16002
node 74	AtA: 16484	cholCost: 52490	addCost: 3352	backsolveCost: 24523
node 75	AtA: 17358	cholCost: 57981	addCost: 4888	backsolveCost: 24826
node 76	AtA: 14736	cholCost: 31131	addCost: 2200	backsolveCost: 16002
node 77	AtA: 21728	cholCost: 74745	addCost: 4888	backsolveCost: 31323
node 78	AtA: 14736	cholCost: 98956	addCost: 9112	backsolveCost: 32001
node 79	AtA: 13862	cholCost: 95920	addCost: 14872	backsolveCost: 26038
node 80	AtA: 20854	cholCost: 53322	addCost: 4072	backsolveCost: 24624
node 81	AtA: 14736	cholCost: 32379	addCost: 2728	backsolveCost: 16079
node 82	AtA: 19980	cholCost: 74745	addCost: 4888	backsolveCost: 31323
node 83	AtA: 12988	cholCost: 40865	addCost: 4888	backsolveCost: 16464
node 84	AtA: 10366	cholCost: 88432	addCost: 11800	backsolveCost: 25735
node 85	AtA: 20854	cholCost: 53322	addCost: 4072	backsolveCost: 24624
node 86	AtA: 14736	cholCost: 32379	addCost: 2728	backsolveCost: 16079
node 87	AtA: 20854	cholCost: 74745	addCost: 4888	backsolveCost: 31323
node 88	AtA: 14736	cholCost: 32379	addCost: 2728	backsolveCost: 16079
node 89	AtA: 19980	cholCost: 74745	addCost: 4888	backsolveCost: 31323
node 90	AtA: 12988	cholCost: 40865	addCost: 4888	backsolveCost: 16464
node 91	AtA: 17358	cholCost: 150120	addCost: 11800	backsolveCost: 52131
node 92	AtA: 12114	cholCost: 153369	addCost: 22168	backsolveCost: 33357
node 93	AtA: 4922	cholCost: 194626	addCost: 24232	backsolveCost: 44976
node 94	AtA: 12988	cholCost: 329754	addCost: 24232	backsolveCost: 95262
node 95	AtA: 10366	cholCost: 204783	addCost: 24232	backsolveCost: 53621
node 96	AtA: 12988	cholCost: 347476	addCost: 26392	backsolveCost: 95680
node 97	AtA: 13862	cholCost: 292323	addCost: 16552	backsolveCost: 106421
node 98	AtA: 26972	cholCost: 476921	addCost: 1192	backsolveCost: 402585
node 99	AtA: 6870	cholCost: 16194	addCost: 1000	backsolveCost: 10977
node 100	AtA: -1	cholCost: 0	addCost: -1	backsolveCost: 1561

