cliques
166
node 0	AtA: 12236	cholCost: 0	addCost: 2200	backsolveCost: 16002
node 1	AtA: 18354	cholCost: 5520	addCost: 2728	backsolveCost: 30758
node 2	AtA: 9614	cholCost: 7728	addCost: 4888	backsolveCost: 16464
node 3	AtA: 12236	cholCost: 0	addCost: 2200	backsolveCost: 16002
node 4	AtA: 12236	cholCost: 2688	addCost: 2200	backsolveCost: 16002
node 5	AtA: 12236	cholCost: 0	addCost: 2200	backsolveCost: 16002
node 6	AtA: 12236	cholCost: 2688	addCost: 2200	backsolveCost: 16002
node 7	AtA: 19228	cholCost: 10549	addCost: 4888	backsolveCost: 31323
node 8	AtA: 18354	cholCost: 8268	addCost: 4072	backsolveCost: 24624
node 9	AtA: 18354	cholCost: 8268	addCost: 4072	backsolveCost: 24624
node 10	AtA: 18354	cholCost: 8268	addCost: 4072	backsolveCost: 24624
node 11	AtA: 18354	cholCost: 8268	addCost: 4072	backsolveCost: 24624
node 12	AtA: 18354	cholCost: 8268	addCost: 4072	backsolveCost: 24624
node 13	AtA: 18354	cholCost: 8401	addCost: 4072	backsolveCost: 24624
node 14	AtA: 18354	cholCost: 8401	addCost: 4072	backsolveCost: 24624
node 15	AtA: 18354	cholCost: 8401	addCost: 4072	backsolveCost: 24624
node 16	AtA: 18354	cholCost: 8401	addCost: 4072	backsolveCost: 24624
node 17	AtA: 20976	cholCost: 31285	addCost: 10408	backsolveCost: 51833
node 18	AtA: 13984	cholCost: 6155	addCost: 3352	backsolveCost: 24523
node 19	AtA: 12236	cholCost: 2688	addCost: 2200	backsolveCost: 16002
node 20	AtA: 19228	cholCost: 10416	addCost: 4888	backsolveCost: 31323
node 21	AtA: 13984	cholCost: 6028	addCost: 3352	backsolveCost: 24523
node 22	AtA: 18354	cholCost: 8401	addCost: 4072	backsolveCost: 24624
node 23	AtA: 18354	cholCost: 8413	addCost: 4072	backsolveCost: 24624
node 24	AtA: 20854	cholCost: 53322	addCost: 4072	backsolveCost: 24624
node 25	AtA: 21728	cholCost: 92924	addCost: 7912	backsolveCost: 31775
node 26	AtA: 20854	cholCost: 53322	addCost: 4072	backsolveCost: 24624
node 27	AtA: 20854	cholCost: 53322	addCost: 4072	backsolveCost: 24624
node 28	AtA: 23476	cholCost: 138888	addCost: 10408	backsolveCost: 51833
node 29	AtA: 9492	cholCost: 84420	addCost: 20200	backsolveCost: 17696
node 30	AtA: 20854	cholCost: 53322	addCost: 4072	backsolveCost: 24624
node 31	AtA: 20854	cholCost: 65635	addCost: 3352	backsolveCost: 30984
node 32	AtA: 17358	cholCost: 57981	addCost: 4888	backsolveCost: 24826
node 33	AtA: 18232	cholCost: 107068	addCost: 11800	backsolveCost: 32340
node 34	AtA: 15732	cholCost: 6028	addCost: 3352	backsolveCost: 24523
node 35	AtA: 16484	cholCost: 57981	addCost: 4888	backsolveCost: 24826
node 36	AtA: 12988	cholCost: 40865	addCost: 4888	backsolveCost: 16464
node 37	AtA: 14736	cholCost: 32379	addCost: 2728	backsolveCost: 16079
node 38	AtA: 20854	cholCost: 74745	addCost: 4888	backsolveCost: 31323
node 39	AtA: 20854	cholCost: 53322	addCost: 4072	backsolveCost: 24624
node 40	AtA: 13862	cholCost: 75952	addCost: 9112	backsolveCost: 25432
node 41	AtA: 11240	cholCost: 179573	addCost: 18328	backsolveCost: 53025
node 42	AtA: 20854	cholCost: 53322	addCost: 4072	backsolveCost: 24624
node 43	AtA: 20854	cholCost: 53322	addCost: 4072	backsolveCost: 24624
node 44	AtA: 3884	cholCost: 72564	addCost: 16552	backsolveCost: 17465
node 45	AtA: 20854	cholCost: 53322	addCost: 4072	backsolveCost: 24624
node 46	AtA: 14736	cholCost: 31131	addCost: 2200	backsolveCost: 16002
node 47	AtA: 21728	cholCost: 74745	addCost: 4888	backsolveCost: 31323
node 48	AtA: 11240	cholCost: 98956	addCost: 9112	backsolveCost: 32001
node 49	AtA: 12988	cholCost: 52596	addCost: 9112	backsolveCost: 16926
node 50	AtA: 3884	cholCost: 85044	addCost: 22168	backsolveCost: 17850
node 51	AtA: 20854	cholCost: 53322	addCost: 4072	backsolveCost: 24624
node 52	AtA: 20854	cholCost: 53322	addCost: 4072	backsolveCost: 24624
node 53	AtA: 23476	cholCost: 126408	addCost: 9112	backsolveCost: 51684
node 54	AtA: 10366	cholCost: 88432	addCost: 11800	backsolveCost: 25735
node 55	AtA: 19106	cholCost: 165672	addCost: 18328	backsolveCost: 44428
node 56	AtA: 18354	cholCost: 8268	addCost: 4072	backsolveCost: 24624
node 57	AtA: 18354	cholCost: 8268	addCost: 4072	backsolveCost: 24624
node 58	AtA: 12988	cholCost: 58836	addCost: 10408	backsolveCost: 17003
node 59	AtA: 20854	cholCost: 53322	addCost: 4072	backsolveCost: 24624
node 60	AtA: 20854	cholCost: 53322	addCost: 4072	backsolveCost: 24624
node 61	AtA: 20854	cholCost: 53322	addCost: 4072	backsolveCost: 24624
node 62	AtA: 14736	cholCost: 119132	addCost: 13288	backsolveCost: 32453
node 63	AtA: 5268	cholCost: 266186	addCost: 41368	backsolveCost: 55260
node 64	AtA: 5960	cholCost: 384970	addCost: 41368	backsolveCost: 80415
node 65	AtA: 20854	cholCost: 53322	addCost: 4072	backsolveCost: 24624
node 66	AtA: 20854	cholCost: 53322	addCost: 4072	backsolveCost: 24624
node 67	AtA: 20854	cholCost: 53322	addCost: 4072	backsolveCost: 24624
node 68	AtA: 14736	cholCost: 119132	addCost: 13288	backsolveCost: 32453
node 69	AtA: 20854	cholCost: 53322	addCost: 4072	backsolveCost: 24624
node 70	AtA: 20854	cholCost: 53322	addCost: 4072	backsolveCost: 24624
node 71	AtA: 20854	cholCost: 53322	addCost: 4072	backsolveCost: 24624
node 72	AtA: 20854	cholCost: 53322	addCost: 4072	backsolveCost: 24624
node 73	AtA: 14736	cholCost: 119132	addCost: 13288	backsolveCost: 32453
node 74	AtA: 3884	cholCost: 84420	addCost: 20200	backsolveCost: 17696
node 75	AtA: 3884	cholCost: 111003	addCost: 33448	backsolveCost: 18389
node 76	AtA: 18354	cholCost: 8413	addCost: 4072	backsolveCost: 24624
node 77	AtA: 20854	cholCost: 53322	addCost: 4072	backsolveCost: 24624
node 78	AtA: 15610	cholCost: 138216	addCost: 11800	backsolveCost: 43606
node 79	AtA: 13862	cholCost: 108400	addCost: 18328	backsolveCost: 26341
node 80	AtA: 23476	cholCost: 138888	addCost: 10408	backsolveCost: 51833
node 81	AtA: 10488	cholCost: 18613	addCost: 10408	backsolveCost: 17003
node 82	AtA: 20854	cholCost: 53322	addCost: 4072	backsolveCost: 24624
node 83	AtA: 12988	cholCost: 58836	addCost: 10408	backsolveCost: 17003
node 84	AtA: 3884	cholCost: 72564	addCost: 16552	backsolveCost: 17465
node 85	AtA: 12988	cholCost: 58836	addCost: 10408	backsolveCost: 17003
node 86	AtA: 20854	cholCost: 53322	addCost: 4072	backsolveCost: 24624
node 87	AtA: 14736	cholCost: 31131	addCost: 2200	backsolveCost: 16002
node 88	AtA: 14736	cholCost: 31131	addCost: 2200	backsolveCost: 16002
node 89	AtA: 16484	cholCost: 52490	addCost: 3352	backsolveCost: 24523
node 90	AtA: 23476	cholCost: 117672	addCost: 6808	backsolveCost: 51237
node 91	AtA: 19106	cholCost: 138216	addCost: 11800	backsolveCost: 43606
node 92	AtA: 20854	cholCost: 53322	addCost: 4072	backsolveCost: 24624
node 93	AtA: 14736	cholCost: 31131	addCost: 2200	backsolveCost: 16002
node 94	AtA: 21728	cholCost: 74745	addCost: 4888	backsolveCost: 31323
node 95	AtA: 14736	cholCost: 31131	addCost: 2200	backsolveCost: 16002
node 96	AtA: 21728	cholCost: 74745	addCost: 4888	backsolveCost: 31323
node 97	AtA: 9492	cholCost: 52596	addCost: 9112	backsolveCost: 16926
node 98	AtA: 14736	cholCost: 107068	addCost: 11800	backsolveCost: 32340
node 99	AtA: 11240	cholCost: 153369	addCost: 22168	backsolveCost: 33357
node 100	AtA: 3884	cholCost: 102766	addCost: 31000	backsolveCost: 18312
node 101	AtA: 6652	cholCost: 450074	addCost: 41368	backsolveCost: 110178
node 102	AtA: 4230	cholCost: 217062	addCost: 63208	backsolveCost: 28866
node 103	AtA: 6652	cholCost: 594468	addCost: 63208	backsolveCost: 112388
node 104	AtA: 20854	cholCost: 53322	addCost: 4072	backsolveCost: 24624
node 105	AtA: 20854	cholCost: 53322	addCost: 4072	backsolveCost: 24624
node 106	AtA: 22602	cholCost: 149448	addCost: 13288	backsolveCost: 43743
node 107	AtA: 20854	cholCost: 53322	addCost: 4072	backsolveCost: 24624
node 108	AtA: 18232	cholCost: 52490	addCost: 3352	backsolveCost: 24523
node 109	AtA: 17358	cholCost: 57981	addCost: 4888	backsolveCost: 24826
node 110	AtA: 20854	cholCost: 53322	addCost: 4072	backsolveCost: 24624
node 111	AtA: 13862	cholCost: 75952	addCost: 9112	backsolveCost: 25432
node 112	AtA: 13862	cholCost: 95920	addCost: 14872	backsolveCost: 26038
node 113	AtA: 4230	cholCost: 115888	addCost: 22168	backsolveCost: 26644
node 114	AtA: 23476	cholCost: 74745	addCost: 4888	backsolveCost: 31323
node 115	AtA: 25224	cholCost: 125736	addCost: 10408	backsolveCost: 43332
node 116	AtA: 20854	cholCost: 53322	addCost: 4072	backsolveCost: 24624
node 117	AtA: 14736	cholCost: 31131	addCost: 2200	backsolveCost: 16002
node 118	AtA: 21728	cholCost: 74745	addCost: 4888	backsolveCost: 31323
node 119	AtA: 14736	cholCost: 31131	addCost: 2200	backsolveCost: 16002
node 120	AtA: 19106	cholCost: 61808	addCost: 5800	backsolveCost: 24927
node 121	AtA: 14736	cholCost: 31131	addCost: 2200	backsolveCost: 16002
node 122	AtA: 21728	cholCost: 74745	addCost: 4888	backsolveCost: 31323
node 123	AtA: 10366	cholCost: 69296	addCost: 7912	backsolveCost: 25230
node 124	AtA: 4230	cholCost: 89264	addCost: 13288	backsolveCost: 25836
node 125	AtA: 12988	cholCost: 153369	addCost: 22168	backsolveCost: 33357
node 126	AtA: 9492	cholCost: 246544	addCost: 35992	backsolveCost: 46072
node 127	AtA: 20854	cholCost: 53322	addCost: 4072	backsolveCost: 24624
node 128	AtA: 20854	cholCost: 53322	addCost: 4072	backsolveCost: 24624
node 129	AtA: 23476	cholCost: 138888	addCost: 10408	backsolveCost: 51833
node 130	AtA: 20854	cholCost: 53322	addCost: 4072	backsolveCost: 24624
node 131	AtA: 14736	cholCost: 31131	addCost: 2200	backsolveCost: 16002
node 132	AtA: 21728	cholCost: 74745	addCost: 4888	backsolveCost: 31323
node 133	AtA: 17358	cholCost: 68464	addCost: 6808	backsolveCost: 25129
node 134	AtA: 13862	cholCost: 88432	addCost: 11800	backsolveCost: 25735
node 135	AtA: 20854	cholCost: 53322	addCost: 4072	backsolveCost: 24624
node 136	AtA: 14736	cholCost: 31131	addCost: 2200	backsolveCost: 16002
node 137	AtA: 21728	cholCost: 74745	addCost: 4888	backsolveCost: 31323
node 138	AtA: 14736	cholCost: 31131	addCost: 2200	backsolveCost: 16002
node 139	AtA: 21728	cholCost: 74745	addCost: 4888	backsolveCost: 31323
node 140	AtA: 16484	cholCost: 150120	addCost: 11800	backsolveCost: 52131
node 141	AtA: 3884	cholCost: 85044	addCost: 22168	backsolveCost: 17850
node 142	AtA: 4230	cholCost: 132362	addCost: 26392	backsolveCost: 26947
node 143	AtA: 23476	cholCost: 74745	addCost: 4888	backsolveCost: 31323
node 144	AtA: 23476	cholCost: 74745	addCost: 4888	backsolveCost: 31323
node 145	AtA: 20854	cholCost: 53322	addCost: 4072	backsolveCost: 24624
node 146	AtA: 20854	cholCost: 53322	addCost: 4072	backsolveCost: 24624
node 147	AtA: 23476	cholCost: 138888	addCost: 10408	backsolveCost: 51833
node 148	AtA: 9492	cholCost: 109232	addCost: 20200	backsolveCost: 26442
node 149	AtA: 23476	cholCost: 74745	addCost: 4888	backsolveCost: 31323
node 150	AtA: 23476	cholCost: 74745	addCost: 4888	backsolveCost: 31323
node 151	AtA: 10366	cholCost: 51972	addCost: 7912	backsolveCost: 16772
node 152	AtA: 13984	cholCost: 6028	addCost: 3352	backsolveCost: 24523
node 153	AtA: 14858	cholCost: 9520	addCost: 4888	backsolveCost: 24826
node 154	AtA: 17358	cholCost: 68464	addCost: 6808	backsolveCost: 25129
node 155	AtA: 14736	cholCost: 58836	addCost: 10408	backsolveCost: 17003
node 156	AtA: 17358	cholCost: 158856	addCost: 14872	backsolveCost: 52578
node 157	AtA: 16484	cholCost: 158184	addCost: 16552	backsolveCost: 44154
node 158	AtA: 7744	cholCost: 149668	addCost: 33448	backsolveCost: 27351
node 159	AtA: 5268	cholCost: 313362	addCost: 50152	backsolveCost: 55856
node 160	AtA: 12114	cholCost: 508772	addCost: 66712	backsolveCost: 82635
node 161	AtA: 8728	cholCost: 1057584	addCost: 66712	backsolveCost: 231063
node 162	AtA: 8382	cholCost: 767349	addCost: 44200	backsolveCost: 209055
node 163	AtA: 31342	cholCost: 767216	addCost: 1192	backsolveCost: 637427
node 164	AtA: 6870	cholCost: 16194	addCost: 1000	backsolveCost: 10977
node 165	AtA: -1	cholCost: 0	addCost: -1	backsolveCost: 1561

