cliques
104
node 0	AtA: 14858	cholCost: 0	addCost: 2200	backsolveCost: 24220
node 1	AtA: 14858	cholCost: 8268	addCost: 4072	backsolveCost: 24624
node 2	AtA: 12236	cholCost: 0	addCost: 2200	backsolveCost: 16002
node 3	AtA: 12236	cholCost: 0	addCost: 2200	backsolveCost: 16002
node 4	AtA: 10488	cholCost: 0	addCost: 4888	backsolveCost: 16464
node 5	AtA: 10488	cholCost: 0	addCost: 4888	backsolveCost: 16464
node 6	AtA: 11362	cholCost: 7728	addCost: 4888	backsolveCost: 16464
node 7	AtA: 12236	cholCost: 2688	addCost: 2200	backsolveCost: 16002
node 8	AtA: 19228	cholCost: 10416	addCost: 4888	backsolveCost: 31323
node 9	AtA: 12236	cholCost: 13908	addCost: 7912	backsolveCost: 16772
node 10	AtA: 12236	cholCost: 0	addCost: 2200	backsolveCost: 16002
node 11	AtA: 19228	cholCost: 10416	addCost: 4888	backsolveCost: 31323
node 12	AtA: 17480	cholCost: 6155	addCost: 3352	backsolveCost: 24523
node 13	AtA: 12236	cholCost: 0	addCost: 2200	backsolveCost: 16002
node 14	AtA: 12236	cholCost: 2688	addCost: 2200	backsolveCost: 16002
node 15	AtA: 19228	cholCost: 10416	addCost: 4888	backsolveCost: 31323
node 16	AtA: 11362	cholCost: 13804	addCost: 6808	backsolveCost: 25129
node 17	AtA: 12236	cholCost: 2688	addCost: 2200	backsolveCost: 16002
node 18	AtA: 19228	cholCost: 10416	addCost: 4888	backsolveCost: 31323
node 19	AtA: 23476	cholCost: 74745	addCost: 4888	backsolveCost: 31323
node 20	AtA: 14736	cholCost: 32379	addCost: 2728	backsolveCost: 16079
node 21	AtA: 26098	cholCost: 111432	addCost: 5800	backsolveCost: 50939
node 22	AtA: 20854	cholCost: 149448	addCost: 13288	backsolveCost: 43743
node 23	AtA: 23476	cholCost: 74745	addCost: 4888	backsolveCost: 31323
node 24	AtA: 10366	cholCost: 51972	addCost: 7912	backsolveCost: 16772
node 25	AtA: 6870	cholCost: 64452	addCost: 11800	backsolveCost: 17157
node 26	AtA: 18354	cholCost: 8401	addCost: 4072	backsolveCost: 24624
node 27	AtA: 20854	cholCost: 53322	addCost: 4072	backsolveCost: 24624
node 28	AtA: 13862	cholCost: 75952	addCost: 9112	backsolveCost: 25432
node 29	AtA: 13862	cholCost: 95920	addCost: 14872	backsolveCost: 26038
node 30	AtA: 4230	cholCost: 115888	addCost: 22168	backsolveCost: 26644
node 31	AtA: 20854	cholCost: 53322	addCost: 4072	backsolveCost: 24624
node 32	AtA: 20854	cholCost: 53322	addCost: 4072	backsolveCost: 24624
node 33	AtA: 22602	cholCost: 149448	addCost: 13288	backsolveCost: 43743
node 34	AtA: 18232	cholCost: 52490	addCost: 3352	backsolveCost: 24523
node 35	AtA: 17358	cholCost: 57981	addCost: 4888	backsolveCost: 24826
node 36	AtA: 20854	cholCost: 53322	addCost: 4072	backsolveCost: 24624
node 37	AtA: 18232	cholCost: 52490	addCost: 3352	backsolveCost: 24523
node 38	AtA: 16484	cholCost: 57981	addCost: 4888	backsolveCost: 24826
node 39	AtA: 12988	cholCost: 40865	addCost: 4888	backsolveCost: 16464
node 40	AtA: 7744	cholCost: 75952	addCost: 9112	backsolveCost: 25432
node 41	AtA: 7744	cholCost: 101744	addCost: 16552	backsolveCost: 26139
node 42	AtA: 18354	cholCost: 8395	addCost: 4072	backsolveCost: 24624
node 43	AtA: 20854	cholCost: 53322	addCost: 4072	backsolveCost: 24624
node 44	AtA: 13862	cholCost: 88432	addCost: 11800	backsolveCost: 25735
node 45	AtA: 4576	cholCost: 107068	addCost: 11800	backsolveCost: 32340
node 46	AtA: 14736	cholCost: 32379	addCost: 2728	backsolveCost: 16079
node 47	AtA: 20854	cholCost: 74745	addCost: 4888	backsolveCost: 31323
node 48	AtA: 20854	cholCost: 53322	addCost: 4072	backsolveCost: 24624
node 49	AtA: 13862	cholCost: 75952	addCost: 9112	backsolveCost: 25432
node 50	AtA: 20854	cholCost: 53322	addCost: 4072	backsolveCost: 24624
node 51	AtA: 13862	cholCost: 75952	addCost: 9112	backsolveCost: 25432
node 52	AtA: 20854	cholCost: 53322	addCost: 4072	backsolveCost: 24624
node 53	AtA: 20854	cholCost: 53322	addCost: 4072	backsolveCost: 24624
node 54	AtA: 3884	cholCost: 66324	addCost: 14872	backsolveCost: 17388
node 55	AtA: 5960	cholCost: 294446	addCost: 24232	backsolveCost: 78380
node 56	AtA: 12114	cholCost: 40865	addCost: 4888	backsolveCost: 16464
node 57	AtA: 14736	cholCost: 31131	addCost: 2200	backsolveCost: 16002
node 58	AtA: 16484	cholCost: 52490	addCost: 3352	backsolveCost: 24523
node 59	AtA: 20854	cholCost: 53322	addCost: 4072	backsolveCost: 24624
node 60	AtA: 23476	cholCost: 126408	addCost: 9112	backsolveCost: 51684
node 61	AtA: 14736	cholCost: 32379	addCost: 2728	backsolveCost: 16079
node 62	AtA: 20854	cholCost: 74745	addCost: 4888	backsolveCost: 31323
node 63	AtA: 20854	cholCost: 53322	addCost: 4072	backsolveCost: 24624
node 64	AtA: 12988	cholCost: 64452	addCost: 11800	backsolveCost: 17157
node 65	AtA: 14736	cholCost: 32379	addCost: 2728	backsolveCost: 16079
node 66	AtA: 20854	cholCost: 74745	addCost: 4888	backsolveCost: 31323
node 67	AtA: 20854	cholCost: 53322	addCost: 4072	backsolveCost: 24624
node 68	AtA: 14736	cholCost: 32379	addCost: 2728	backsolveCost: 16079
node 69	AtA: 20854	cholCost: 74745	addCost: 4888	backsolveCost: 31323
node 70	AtA: 7744	cholCost: 75952	addCost: 9112	backsolveCost: 25432
node 71	AtA: 7744	cholCost: 95920	addCost: 14872	backsolveCost: 26038
node 72	AtA: 13862	cholCost: 245320	addCost: 24232	backsolveCost: 67815
node 73	AtA: 20854	cholCost: 53322	addCost: 4072	backsolveCost: 24624
node 74	AtA: 20854	cholCost: 53322	addCost: 4072	backsolveCost: 24624
node 75	AtA: 14736	cholCost: 32379	addCost: 2728	backsolveCost: 16079
node 76	AtA: 20854	cholCost: 74745	addCost: 4888	backsolveCost: 31323
node 77	AtA: 18232	cholCost: 52490	addCost: 3352	backsolveCost: 24523
node 78	AtA: 16484	cholCost: 57981	addCost: 4888	backsolveCost: 24826
node 79	AtA: 12988	cholCost: 40865	addCost: 4888	backsolveCost: 16464
node 80	AtA: 8618	cholCost: 125164	addCost: 14872	backsolveCost: 32679
node 81	AtA: 20854	cholCost: 53322	addCost: 4072	backsolveCost: 24624
node 82	AtA: 19980	cholCost: 52490	addCost: 3352	backsolveCost: 24523
node 83	AtA: 14736	cholCost: 31131	addCost: 2200	backsolveCost: 16002
node 84	AtA: 21728	cholCost: 74745	addCost: 4888	backsolveCost: 31323
node 85	AtA: 24350	cholCost: 158500	addCost: 9112	backsolveCost: 65566
node 86	AtA: 13862	cholCost: 95920	addCost: 14872	backsolveCost: 26038
node 87	AtA: 20854	cholCost: 53322	addCost: 4072	backsolveCost: 24624
node 88	AtA: 21728	cholCost: 92924	addCost: 7912	backsolveCost: 31775
node 89	AtA: 14736	cholCost: 32379	addCost: 2728	backsolveCost: 16079
node 90	AtA: 20854	cholCost: 74745	addCost: 4888	backsolveCost: 31323
node 91	AtA: 20854	cholCost: 53322	addCost: 4072	backsolveCost: 24624
node 92	AtA: 18232	cholCost: 52490	addCost: 3352	backsolveCost: 24523
node 93	AtA: 17358	cholCost: 57981	addCost: 4888	backsolveCost: 24826
node 94	AtA: 7744	cholCost: 75952	addCost: 9112	backsolveCost: 25432
node 95	AtA: 5268	cholCost: 204783	addCost: 24232	backsolveCost: 53621
node 96	AtA: 10366	cholCost: 204783	addCost: 24232	backsolveCost: 53621
node 97	AtA: 12988	cholCost: 329754	addCost: 24232	backsolveCost: 95262
node 98	AtA: 12988	cholCost: 329754	addCost: 24232	backsolveCost: 95262
node 99	AtA: 10366	cholCost: 213020	addCost: 26392	backsolveCost: 53919
node 100	AtA: 6998	cholCost: 304530	addCost: 13288	backsolveCost: 125112
node 101	AtA: 19106	cholCost: 186578	addCost: 1192	backsolveCost: 155550
node 102	AtA: 6870	cholCost: 16194	addCost: 1000	backsolveCost: 10977
node 103	AtA: -1	cholCost: 0	addCost: -1	backsolveCost: 1561

