cliques
180
node 0	AtA: 12236	cholCost: 0	addCost: 2200	backsolveCost: 16002
node 1	AtA: 12236	cholCost: 2688	addCost: 2200	backsolveCost: 16002
node 2	AtA: 12236	cholCost: 2688	addCost: 2200	backsolveCost: 16002
node 3	AtA: 16606	cholCost: 5040	addCost: 2728	backsolveCost: 24321
node 4	AtA: 12236	cholCost: 0	addCost: 2200	backsolveCost: 16002
node 5	AtA: 12236	cholCost: 2688	addCost: 2200	backsolveCost: 16002
node 6	AtA: 19228	cholCost: 10416	addCost: 4888	backsolveCost: 31323
node 7	AtA: 12236	cholCost: 2688	addCost: 2200	backsolveCost: 16002
node 8	AtA: 10488	cholCost: 7728	addCost: 4888	backsolveCost: 16464
node 9	AtA: 13984	cholCost: 0	addCost: 3352	backsolveCost: 24523
node 10	AtA: 12236	cholCost: 0	addCost: 2200	backsolveCost: 16002
node 11	AtA: 19228	cholCost: 0	addCost: 4888	backsolveCost: 31323
node 12	AtA: 6992	cholCost: 0	addCost: 6808	backsolveCost: 16695
node 13	AtA: 12236	cholCost: 2688	addCost: 2200	backsolveCost: 16002
node 14	AtA: 10488	cholCost: 7728	addCost: 4888	backsolveCost: 16464
node 15	AtA: 18354	cholCost: 8407	addCost: 4072	backsolveCost: 24624
node 16	AtA: 18354	cholCost: 8407	addCost: 4072	backsolveCost: 24624
node 17	AtA: 18354	cholCost: 8401	addCost: 4072	backsolveCost: 24624
node 18	AtA: 19228	cholCost: 10416	addCost: 4888	backsolveCost: 31323
node 19	AtA: 6992	cholCost: 20281	addCost: 11800	backsolveCost: 17157
node 20	AtA: 18354	cholCost: 8268	addCost: 4072	backsolveCost: 24624
node 21	AtA: 13984	cholCost: 6028	addCost: 3352	backsolveCost: 24523
node 22	AtA: 18354	cholCost: 8268	addCost: 4072	backsolveCost: 24624
node 23	AtA: 18354	cholCost: 8268	addCost: 4072	backsolveCost: 24624
node 24	AtA: 18354	cholCost: 8268	addCost: 4072	backsolveCost: 24624
node 25	AtA: 10488	cholCost: 18637	addCost: 10408	backsolveCost: 17003
node 26	AtA: 18354	cholCost: 0	addCost: 4072	backsolveCost: 24624
node 27	AtA: 18354	cholCost: 8401	addCost: 4072	backsolveCost: 24624
node 28	AtA: 20976	cholCost: 31309	addCost: 10408	backsolveCost: 51833
node 29	AtA: 6992	cholCost: 43459	addCost: 24232	backsolveCost: 17927
node 30	AtA: 18354	cholCost: 8268	addCost: 4072	backsolveCost: 24624
node 31	AtA: 18354	cholCost: 8268	addCost: 4072	backsolveCost: 24624
node 32	AtA: 18354	cholCost: 8401	addCost: 4072	backsolveCost: 24624
node 33	AtA: 18354	cholCost: 8268	addCost: 4072	backsolveCost: 24624
node 34	AtA: 18354	cholCost: 8268	addCost: 4072	backsolveCost: 24624
node 35	AtA: 10488	cholCost: 18721	addCost: 10408	backsolveCost: 17003
node 36	AtA: 18354	cholCost: 8407	addCost: 4072	backsolveCost: 24624
node 37	AtA: 18354	cholCost: 8268	addCost: 4072	backsolveCost: 24624
node 38	AtA: 20854	cholCost: 53322	addCost: 4072	backsolveCost: 24624
node 39	AtA: 13862	cholCost: 101744	addCost: 16552	backsolveCost: 26139
node 40	AtA: 12114	cholCost: 254781	addCost: 38632	backsolveCost: 46209
node 41	AtA: 20854	cholCost: 53322	addCost: 4072	backsolveCost: 24624
node 42	AtA: 14736	cholCost: 32379	addCost: 2728	backsolveCost: 16079
node 43	AtA: 20854	cholCost: 74745	addCost: 4888	backsolveCost: 31323
node 44	AtA: 20854	cholCost: 53322	addCost: 4072	backsolveCost: 24624
node 45	AtA: 21728	cholCost: 65635	addCost: 3352	backsolveCost: 30984
node 46	AtA: 12988	cholCost: 52596	addCost: 9112	backsolveCost: 16926
node 47	AtA: 6870	cholCost: 52596	addCost: 9112	backsolveCost: 16926
node 48	AtA: 13862	cholCost: 95920	addCost: 14872	backsolveCost: 26038
node 49	AtA: 20854	cholCost: 53322	addCost: 4072	backsolveCost: 24624
node 50	AtA: 20854	cholCost: 53322	addCost: 4072	backsolveCost: 24624
node 51	AtA: 12988	cholCost: 58836	addCost: 10408	backsolveCost: 17003
node 52	AtA: 20854	cholCost: 53322	addCost: 4072	backsolveCost: 24624
node 53	AtA: 14736	cholCost: 31131	addCost: 2200	backsolveCost: 16002
node 54	AtA: 21728	cholCost: 74745	addCost: 4888	backsolveCost: 31323
node 55	AtA: 18232	cholCost: 107068	addCost: 11800	backsolveCost: 32340
node 56	AtA: 3884	cholCost: 78180	addCost: 18328	backsolveCost: 17619
node 57	AtA: 3884	cholCost: 111003	addCost: 33448	backsolveCost: 18389
node 58	AtA: 20854	cholCost: 53322	addCost: 4072	backsolveCost: 24624
node 59	AtA: 12988	cholCost: 58836	addCost: 10408	backsolveCost: 17003
node 60	AtA: 23476	cholCost: 74745	addCost: 4888	backsolveCost: 31323
node 61	AtA: 15610	cholCost: 69296	addCost: 7912	backsolveCost: 25230
node 62	AtA: 6870	cholCost: 52596	addCost: 9112	backsolveCost: 16926
node 63	AtA: 20854	cholCost: 57981	addCost: 4888	backsolveCost: 24826
node 64	AtA: 20854	cholCost: 53322	addCost: 4072	backsolveCost: 24624
node 65	AtA: 12988	cholCost: 64452	addCost: 11800	backsolveCost: 17157
node 66	AtA: 6870	cholCost: 72564	addCost: 16552	backsolveCost: 17465
node 67	AtA: 10366	cholCost: 133194	addCost: 28648	backsolveCost: 27048
node 68	AtA: 20854	cholCost: 53322	addCost: 4072	backsolveCost: 24624
node 69	AtA: 13862	cholCost: 68464	addCost: 6808	backsolveCost: 25129
node 70	AtA: 4230	cholCost: 88432	addCost: 11800	backsolveCost: 25735
node 71	AtA: 20854	cholCost: 53322	addCost: 4072	backsolveCost: 24624
node 72	AtA: -1	cholCost: 0	addCost: -1	backsolveCost: 24624
node 73	AtA: 10488	cholCost: 18613	addCost: 10408	backsolveCost: 17003
node 74	AtA: 3884	cholCost: 72564	addCost: 16552	backsolveCost: 17465
node 75	AtA: 11240	cholCost: 163478	addCost: 26392	backsolveCost: 33696
node 76	AtA: 4922	cholCost: 301208	addCost: 50152	backsolveCost: 47031
node 77	AtA: 20854	cholCost: 53322	addCost: 4072	backsolveCost: 24624
node 78	AtA: 12988	cholCost: 58836	addCost: 10408	backsolveCost: 17003
node 79	AtA: 20854	cholCost: 53322	addCost: 4072	backsolveCost: 24624
node 80	AtA: 12988	cholCost: 58836	addCost: 10408	backsolveCost: 17003
node 81	AtA: 20854	cholCost: 53322	addCost: 4072	backsolveCost: 24624
node 82	AtA: 14736	cholCost: 32379	addCost: 2728	backsolveCost: 16079
node 83	AtA: 20854	cholCost: 74745	addCost: 4888	backsolveCost: 31323
node 84	AtA: 20854	cholCost: 53322	addCost: 4072	backsolveCost: 24624
node 85	AtA: 18232	cholCost: 52490	addCost: 3352	backsolveCost: 24523
node 86	AtA: 16484	cholCost: 57981	addCost: 4888	backsolveCost: 24826
node 87	AtA: 12988	cholCost: 40865	addCost: 4888	backsolveCost: 16464
node 88	AtA: 8618	cholCost: 125164	addCost: 14872	backsolveCost: 32679
node 89	AtA: 6998	cholCost: 491651	addCost: 35992	backsolveCost: 129277
node 90	AtA: 20854	cholCost: 53322	addCost: 4072	backsolveCost: 24624
node 91	AtA: 23476	cholCost: 74745	addCost: 4888	backsolveCost: 31323
node 92	AtA: 20854	cholCost: 53322	addCost: 4072	backsolveCost: 24624
node 93	AtA: 12988	cholCost: 64452	addCost: 11800	backsolveCost: 17157
node 94	AtA: 3884	cholCost: 78180	addCost: 18328	backsolveCost: 17619
node 95	AtA: 14736	cholCost: 32379	addCost: 2728	backsolveCost: 16079
node 96	AtA: 18232	cholCost: 52490	addCost: 3352	backsolveCost: 24523
node 97	AtA: 17358	cholCost: 57981	addCost: 4888	backsolveCost: 24826
node 98	AtA: 13862	cholCost: 68464	addCost: 6808	backsolveCost: 25129
node 99	AtA: 12988	cholCost: 45732	addCost: 6808	backsolveCost: 16695
node 100	AtA: 14736	cholCost: 31131	addCost: 2200	backsolveCost: 16002
node 101	AtA: 13862	cholCost: 40241	addCost: 4072	backsolveCost: 16310
node 102	AtA: 17358	cholCost: 61808	addCost: 5800	backsolveCost: 24927
node 103	AtA: 23476	cholCost: 74745	addCost: 4888	backsolveCost: 31323
node 104	AtA: 20854	cholCost: 149448	addCost: 13288	backsolveCost: 43743
node 105	AtA: 17358	cholCost: 166344	addCost: 16552	backsolveCost: 52727
node 106	AtA: 3884	cholCost: 111627	addCost: 35992	backsolveCost: 18543
node 107	AtA: 9492	cholCost: 377835	addCost: 74008	backsolveCost: 48538
node 108	AtA: 6998	cholCost: 825117	addCost: 89752	backsolveCost: 135157
node 109	AtA: 20854	cholCost: 53322	addCost: 4072	backsolveCost: 24624
node 110	AtA: 16484	cholCost: 52490	addCost: 3352	backsolveCost: 24523
node 111	AtA: 17358	cholCost: 57981	addCost: 4888	backsolveCost: 24826
node 112	AtA: 13862	cholCost: 75952	addCost: 9112	backsolveCost: 25432
node 113	AtA: 20854	cholCost: 53322	addCost: 4072	backsolveCost: 24624
node 114	AtA: 14736	cholCost: 31131	addCost: 2200	backsolveCost: 16002
node 115	AtA: 21728	cholCost: 74745	addCost: 4888	backsolveCost: 31323
node 116	AtA: 14736	cholCost: 31131	addCost: 2200	backsolveCost: 16002
node 117	AtA: 21728	cholCost: 74745	addCost: 4888	backsolveCost: 31323
node 118	AtA: 16484	cholCost: 150120	addCost: 11800	backsolveCost: 52131
node 119	AtA: 11240	cholCost: 133276	addCost: 18328	backsolveCost: 33018
node 120	AtA: 23476	cholCost: 74745	addCost: 4888	backsolveCost: 31323
node 121	AtA: 23476	cholCost: 74745	addCost: 4888	backsolveCost: 31323
node 122	AtA: 15610	cholCost: 88432	addCost: 11800	backsolveCost: 25735
node 123	AtA: 23476	cholCost: 74745	addCost: 4888	backsolveCost: 31323
node 124	AtA: 20854	cholCost: 53322	addCost: 4072	backsolveCost: 24624
node 125	AtA: 20854	cholCost: 53322	addCost: 4072	backsolveCost: 24624
node 126	AtA: 23476	cholCost: 138888	addCost: 10408	backsolveCost: 51833
node 127	AtA: 13862	cholCost: 108400	addCost: 18328	backsolveCost: 26341
node 128	AtA: 10366	cholCost: 149668	addCost: 33448	backsolveCost: 27351
node 129	AtA: 4922	cholCost: 264266	addCost: 41368	backsolveCost: 46483
node 130	AtA: 20854	cholCost: 53322	addCost: 4072	backsolveCost: 24624
node 131	AtA: 20854	cholCost: 53322	addCost: 4072	backsolveCost: 24624
node 132	AtA: 20854	cholCost: 53322	addCost: 4072	backsolveCost: 24624
node 133	AtA: 20854	cholCost: 53322	addCost: 4072	backsolveCost: 24624
node 134	AtA: 23476	cholCost: 138888	addCost: 10408	backsolveCost: 51833
node 135	AtA: 3884	cholCost: 72564	addCost: 16552	backsolveCost: 17465
node 136	AtA: 19980	cholCost: 52490	addCost: 3352	backsolveCost: 24523
node 137	AtA: 20854	cholCost: 53322	addCost: 4072	backsolveCost: 24624
node 138	AtA: 23476	cholCost: 126408	addCost: 9112	backsolveCost: 51684
node 139	AtA: 20854	cholCost: 53322	addCost: 4072	backsolveCost: 24624
node 140	AtA: 20854	cholCost: 53322	addCost: 4072	backsolveCost: 24624
node 141	AtA: 22602	cholCost: 149448	addCost: 13288	backsolveCost: 43743
node 142	AtA: 14736	cholCost: 31131	addCost: 2200	backsolveCost: 16002
node 143	AtA: 14736	cholCost: 31131	addCost: 2200	backsolveCost: 16002
node 144	AtA: 12988	cholCost: 40865	addCost: 4888	backsolveCost: 16464
node 145	AtA: 12988	cholCost: 40865	addCost: 4888	backsolveCost: 16464
node 146	AtA: 20854	cholCost: 53322	addCost: 4072	backsolveCost: 24624
node 147	AtA: 14736	cholCost: 31131	addCost: 2200	backsolveCost: 16002
node 148	AtA: 21728	cholCost: 74745	addCost: 4888	backsolveCost: 31323
node 149	AtA: 13862	cholCost: 75952	addCost: 9112	backsolveCost: 25432
node 150	AtA: 10366	cholCost: 88432	addCost: 11800	backsolveCost: 25735
node 151	AtA: 11240	cholCost: 153369	addCost: 22168	backsolveCost: 33357
node 152	AtA: 4576	cholCost: 153369	addCost: 22168	backsolveCost: 33357
node 153	AtA: 3884	cholCost: 120488	addCost: 41368	backsolveCost: 18774
node 154	AtA: 20854	cholCost: 53322	addCost: 4072	backsolveCost: 24624
node 155	AtA: 20854	cholCost: 53322	addCost: 4072	backsolveCost: 24624
node 156	AtA: 12988	cholCost: 58836	addCost: 10408	backsolveCost: 17003
node 157	AtA: 20854	cholCost: 53322	addCost: 4072	backsolveCost: 24624
node 158	AtA: 20854	cholCost: 53322	addCost: 4072	backsolveCost: 24624
node 159	AtA: 23476	cholCost: 138888	addCost: 10408	backsolveCost: 51833
node 160	AtA: 20854	cholCost: 53322	addCost: 4072	backsolveCost: 24624
node 161	AtA: 20854	cholCost: 53322	addCost: 4072	backsolveCost: 24624
node 162	AtA: 12988	cholCost: 58836	addCost: 10408	backsolveCost: 17003
node 163	AtA: 20854	cholCost: 53322	addCost: 4072	backsolveCost: 24624
node 164	AtA: 20854	cholCost: 53322	addCost: 4072	backsolveCost: 24624
node 165	AtA: 23476	cholCost: 138888	addCost: 10408	backsolveCost: 51833
node 166	AtA: 9492	cholCost: 86292	addCost: 24232	backsolveCost: 17927
node 167	AtA: 20854	cholCost: 53322	addCost: 4072	backsolveCost: 24624
node 168	AtA: 19980	cholCost: 52490	addCost: 3352	backsolveCost: 24523
node 169	AtA: 12988	cholCost: 52596	addCost: 9112	backsolveCost: 16926
node 170	AtA: 13110	cholCost: 31787	addCost: 11800	backsolveCost: 43606
node 171	AtA: 3884	cholCost: 78180	addCost: 18328	backsolveCost: 17619
node 172	AtA: 3884	cholCost: 136338	addCost: 47128	backsolveCost: 19005
node 173	AtA: 5960	cholCost: 467838	addCost: 59800	backsolveCost: 82080
node 174	AtA: 6306	cholCost: 640884	addCost: 77800	backsolveCost: 100905
node 175	AtA: 6998	cholCost: 798992	addCost: 85672	backsolveCost: 134667
node 176	AtA: 26972	cholCost: 1505678	addCost: 63208	backsolveCost: 389894
node 177	AtA: 40956	cholCost: 1423508	addCost: 1192	backsolveCost: 1137552
node 178	AtA: 6870	cholCost: 16194	addCost: 1000	backsolveCost: 10977
node 179	AtA: -1	cholCost: 0	addCost: -1	backsolveCost: 1561

