cliques
154
node 0	AtA: 14858	cholCost: 0	addCost: 2200	backsolveCost: 24220
node 1	AtA: 12236	cholCost: 2688	addCost: 2200	backsolveCost: 16002
node 2	AtA: 12236	cholCost: 0	addCost: 2200	backsolveCost: 16002
node 3	AtA: 12236	cholCost: 2688	addCost: 2200	backsolveCost: 16002
node 4	AtA: 11362	cholCost: 4884	addCost: 3352	backsolveCost: 16233
node 5	AtA: 11362	cholCost: 6708	addCost: 4072	backsolveCost: 16310
node 6	AtA: 12236	cholCost: 0	addCost: 2200	backsolveCost: 16002
node 7	AtA: 19228	cholCost: 0	addCost: 4888	backsolveCost: 31323
node 8	AtA: 12236	cholCost: 2688	addCost: 2200	backsolveCost: 16002
node 9	AtA: 18354	cholCost: 9647	addCost: 4888	backsolveCost: 24826
node 10	AtA: 12236	cholCost: 18829	addCost: 7912	backsolveCost: 31775
node 11	AtA: 18354	cholCost: 0	addCost: 4072	backsolveCost: 24624
node 12	AtA: 12236	cholCost: 2688	addCost: 2200	backsolveCost: 16002
node 13	AtA: 20976	cholCost: 10543	addCost: 4888	backsolveCost: 31323
node 14	AtA: 17480	cholCost: 6028	addCost: 3352	backsolveCost: 24523
node 15	AtA: 13984	cholCost: 6173	addCost: 3352	backsolveCost: 24523
node 16	AtA: 12236	cholCost: 2688	addCost: 2200	backsolveCost: 16002
node 17	AtA: 18354	cholCost: 0	addCost: 4072	backsolveCost: 24624
node 18	AtA: 12236	cholCost: 2688	addCost: 2200	backsolveCost: 16002
node 19	AtA: 19228	cholCost: 10416	addCost: 4888	backsolveCost: 31323
node 20	AtA: 11362	cholCost: 19025	addCost: 9112	backsolveCost: 25432
node 21	AtA: 18354	cholCost: 8413	addCost: 4072	backsolveCost: 24624
node 22	AtA: 18354	cholCost: 8395	addCost: 4072	backsolveCost: 24624
node 23	AtA: 18354	cholCost: 8268	addCost: 4072	backsolveCost: 24624
node 24	AtA: 18354	cholCost: 0	addCost: 4072	backsolveCost: 24624
node 25	AtA: 13984	cholCost: 6028	addCost: 3352	backsolveCost: 24523
node 26	AtA: 18354	cholCost: 8431	addCost: 4072	backsolveCost: 24624
node 27	AtA: 18354	cholCost: 8268	addCost: 4072	backsolveCost: 24624
node 28	AtA: 18354	cholCost: 8395	addCost: 4072	backsolveCost: 24624
node 29	AtA: 18354	cholCost: 8395	addCost: 4072	backsolveCost: 24624
node 30	AtA: 18354	cholCost: 8407	addCost: 4072	backsolveCost: 24624
node 31	AtA: 18354	cholCost: 8395	addCost: 4072	backsolveCost: 24624
node 32	AtA: 13984	cholCost: 6028	addCost: 3352	backsolveCost: 24523
node 33	AtA: 14858	cholCost: 9520	addCost: 4888	backsolveCost: 24826
node 34	AtA: 14858	cholCost: 13931	addCost: 6808	backsolveCost: 25129
node 35	AtA: 6118	cholCost: 29239	addCost: 13288	backsolveCost: 25836
node 36	AtA: 18354	cholCost: 8268	addCost: 4072	backsolveCost: 24624
node 37	AtA: 18354	cholCost: 8431	addCost: 4072	backsolveCost: 24624
node 38	AtA: 23476	cholCost: 74745	addCost: 4888	backsolveCost: 31323
node 39	AtA: 20854	cholCost: 53322	addCost: 4072	backsolveCost: 24624
node 40	AtA: 23476	cholCost: 150120	addCost: 11800	backsolveCost: 52131
node 41	AtA: 20854	cholCost: 53322	addCost: 4072	backsolveCost: 24624
node 42	AtA: 14736	cholCost: 32379	addCost: 2728	backsolveCost: 16079
node 43	AtA: 14736	cholCost: 31131	addCost: 2200	backsolveCost: 16002
node 44	AtA: 14736	cholCost: 40241	addCost: 4072	backsolveCost: 16310
node 45	AtA: 11240	cholCost: 45108	addCost: 5800	backsolveCost: 16541
node 46	AtA: 19106	cholCost: 125736	addCost: 10408	backsolveCost: 43332
node 47	AtA: 20854	cholCost: 53322	addCost: 4072	backsolveCost: 24624
node 48	AtA: 21728	cholCost: 65635	addCost: 3352	backsolveCost: 30984
node 49	AtA: 14736	cholCost: 32379	addCost: 2728	backsolveCost: 16079
node 50	AtA: 20854	cholCost: 74745	addCost: 4888	backsolveCost: 31323
node 51	AtA: 14736	cholCost: 75952	addCost: 9112	backsolveCost: 25432
node 52	AtA: 14736	cholCost: 107068	addCost: 11800	backsolveCost: 32340
node 53	AtA: 23476	cholCost: 74745	addCost: 4888	backsolveCost: 31323
node 54	AtA: 20854	cholCost: 57981	addCost: 4888	backsolveCost: 24826
node 55	AtA: 20854	cholCost: 53322	addCost: 4072	backsolveCost: 24624
node 56	AtA: 14736	cholCost: 81776	addCost: 10408	backsolveCost: 25533
node 57	AtA: 14736	cholCost: 108400	addCost: 18328	backsolveCost: 26341
node 58	AtA: 11240	cholCost: 172547	addCost: 28648	backsolveCost: 33809
node 59	AtA: 19228	cholCost: 18859	addCost: 7912	backsolveCost: 31775
node 60	AtA: 10488	cholCost: 15499	addCost: 9112	backsolveCost: 16926
node 61	AtA: 3730	cholCost: 36451	addCost: 16552	backsolveCost: 26139
node 62	AtA: 7866	cholCost: 53678	addCost: 24232	backsolveCost: 26745
node 63	AtA: 20854	cholCost: 53322	addCost: 4072	backsolveCost: 24624
node 64	AtA: 20854	cholCost: 53322	addCost: 4072	backsolveCost: 24624
node 65	AtA: 12988	cholCost: 58836	addCost: 10408	backsolveCost: 17003
node 66	AtA: 4230	cholCost: 123709	addCost: 24232	backsolveCost: 26745
node 67	AtA: 20854	cholCost: 53322	addCost: 4072	backsolveCost: 24624
node 68	AtA: 20854	cholCost: 53322	addCost: 4072	backsolveCost: 24624
node 69	AtA: 20854	cholCost: 53322	addCost: 4072	backsolveCost: 24624
node 70	AtA: 4230	cholCost: 89264	addCost: 13288	backsolveCost: 25836
node 71	AtA: 14736	cholCost: 32379	addCost: 2728	backsolveCost: 16079
node 72	AtA: 20854	cholCost: 74745	addCost: 4888	backsolveCost: 31323
node 73	AtA: 13862	cholCost: 75952	addCost: 9112	backsolveCost: 25432
node 74	AtA: 20854	cholCost: 53322	addCost: 4072	backsolveCost: 24624
node 75	AtA: 14736	cholCost: 32379	addCost: 2728	backsolveCost: 16079
node 76	AtA: 14736	cholCost: 32379	addCost: 2728	backsolveCost: 16079
node 77	AtA: 20854	cholCost: 74745	addCost: 4888	backsolveCost: 31323
node 78	AtA: 11240	cholCost: 125164	addCost: 14872	backsolveCost: 32679
node 79	AtA: 12988	cholCost: 165672	addCost: 18328	backsolveCost: 44428
node 80	AtA: 21728	cholCost: 74745	addCost: 4888	backsolveCost: 31323
node 81	AtA: 12114	cholCost: 156936	addCost: 14872	backsolveCost: 44017
node 82	AtA: 20854	cholCost: 53322	addCost: 4072	backsolveCost: 24624
node 83	AtA: 20854	cholCost: 53322	addCost: 4072	backsolveCost: 24624
node 84	AtA: 20854	cholCost: 53322	addCost: 4072	backsolveCost: 24624
node 85	AtA: 4230	cholCost: 89264	addCost: 13288	backsolveCost: 25836
node 86	AtA: 4230	cholCost: 115888	addCost: 22168	backsolveCost: 26644
node 87	AtA: 18354	cholCost: 8395	addCost: 4072	backsolveCost: 24624
node 88	AtA: 20854	cholCost: 53322	addCost: 4072	backsolveCost: 24624
node 89	AtA: 4230	cholCost: 89264	addCost: 13288	backsolveCost: 25836
node 90	AtA: 10488	cholCost: 29755	addCost: 16552	backsolveCost: 17465
node 91	AtA: 20854	cholCost: 53322	addCost: 4072	backsolveCost: 24624
node 92	AtA: 20854	cholCost: 53322	addCost: 4072	backsolveCost: 24624
node 93	AtA: 12988	cholCost: 52596	addCost: 9112	backsolveCost: 16926
node 94	AtA: 19106	cholCost: 156936	addCost: 14872	backsolveCost: 44017
node 95	AtA: 12114	cholCost: 212348	addCost: 28648	backsolveCost: 45387
node 96	AtA: 4576	cholCost: 196634	addCost: 33448	backsolveCost: 34148
node 97	AtA: 13862	cholCost: 364008	addCost: 50152	backsolveCost: 70410
node 98	AtA: 6998	cholCost: 682596	addCost: 66712	backsolveCost: 132952
node 99	AtA: 20854	cholCost: 53322	addCost: 4072	backsolveCost: 24624
node 100	AtA: 20854	cholCost: 53322	addCost: 4072	backsolveCost: 24624
node 101	AtA: 20854	cholCost: 53322	addCost: 4072	backsolveCost: 24624
node 102	AtA: 23476	cholCost: 138888	addCost: 10408	backsolveCost: 51833
node 103	AtA: 13862	cholCost: 101744	addCost: 16552	backsolveCost: 26139
node 104	AtA: 20854	cholCost: 53322	addCost: 4072	backsolveCost: 24624
node 105	AtA: 20854	cholCost: 53322	addCost: 4072	backsolveCost: 24624
node 106	AtA: 10488	cholCost: 7728	addCost: 4888	backsolveCost: 16464
node 107	AtA: 12988	cholCost: 40865	addCost: 4888	backsolveCost: 16464
node 108	AtA: 12114	cholCost: 156936	addCost: 14872	backsolveCost: 44017
node 109	AtA: 20854	cholCost: 53322	addCost: 4072	backsolveCost: 24624
node 110	AtA: 20854	cholCost: 53322	addCost: 4072	backsolveCost: 24624
node 111	AtA: 20854	cholCost: 53322	addCost: 4072	backsolveCost: 24624
node 112	AtA: 14736	cholCost: 31131	addCost: 2200	backsolveCost: 16002
node 113	AtA: 21728	cholCost: 74745	addCost: 4888	backsolveCost: 31323
node 114	AtA: 19106	cholCost: 124488	addCost: 9112	backsolveCost: 43195
node 115	AtA: 10366	cholCost: 108400	addCost: 18328	backsolveCost: 26341
node 116	AtA: 4230	cholCost: 141847	addCost: 31000	backsolveCost: 27250
node 117	AtA: 4922	cholCost: 246544	addCost: 35992	backsolveCost: 46072
node 118	AtA: 20854	cholCost: 53322	addCost: 4072	backsolveCost: 24624
node 119	AtA: 20854	cholCost: 53322	addCost: 4072	backsolveCost: 24624
node 120	AtA: 12988	cholCost: 58836	addCost: 10408	backsolveCost: 17003
node 121	AtA: 20854	cholCost: 53322	addCost: 4072	backsolveCost: 24624
node 122	AtA: 20854	cholCost: 53322	addCost: 4072	backsolveCost: 24624
node 123	AtA: 20854	cholCost: 53322	addCost: 4072	backsolveCost: 24624
node 124	AtA: 14736	cholCost: 119132	addCost: 13288	backsolveCost: 32453
node 125	AtA: 3884	cholCost: 84420	addCost: 20200	backsolveCost: 17696
node 126	AtA: 20854	cholCost: 53322	addCost: 4072	backsolveCost: 24624
node 127	AtA: 14736	cholCost: 32379	addCost: 2728	backsolveCost: 16079
node 128	AtA: 19980	cholCost: 74745	addCost: 4888	backsolveCost: 31323
node 129	AtA: 12988	cholCost: 40865	addCost: 4888	backsolveCost: 16464
node 130	AtA: 18232	cholCost: 52490	addCost: 3352	backsolveCost: 24523
node 131	AtA: 17358	cholCost: 57981	addCost: 4888	backsolveCost: 24826
node 132	AtA: 18232	cholCost: 52490	addCost: 3352	backsolveCost: 24523
node 133	AtA: 17358	cholCost: 57981	addCost: 4888	backsolveCost: 24826
node 134	AtA: 15610	cholCost: 98956	addCost: 9112	backsolveCost: 32001
node 135	AtA: 7744	cholCost: 95920	addCost: 14872	backsolveCost: 26038
node 136	AtA: 20854	cholCost: 53322	addCost: 4072	backsolveCost: 24624
node 137	AtA: 20854	cholCost: 53322	addCost: 4072	backsolveCost: 24624
node 138	AtA: 12988	cholCost: 58836	addCost: 10408	backsolveCost: 17003
node 139	AtA: 20854	cholCost: 53322	addCost: 4072	backsolveCost: 24624
node 140	AtA: 18232	cholCost: 52490	addCost: 3352	backsolveCost: 24523
node 141	AtA: 17358	cholCost: 57981	addCost: 4888	backsolveCost: 24826
node 142	AtA: 18232	cholCost: 52490	addCost: 3352	backsolveCost: 24523
node 143	AtA: 17358	cholCost: 57981	addCost: 4888	backsolveCost: 24826
node 144	AtA: 17358	cholCost: 150120	addCost: 11800	backsolveCost: 52131
node 145	AtA: 3884	cholCost: 78180	addCost: 18328	backsolveCost: 17619
node 146	AtA: 7744	cholCost: 141847	addCost: 31000	backsolveCost: 27250
node 147	AtA: 5268	cholCost: 255453	addCost: 35992	backsolveCost: 54813
node 148	AtA: 15610	cholCost: 519204	addCost: 56488	backsolveCost: 99024
node 149	AtA: 18232	cholCost: 959834	addCost: 66712	backsolveCost: 212542
node 150	AtA: 24350	cholCost: 1184942	addCost: 41368	backsolveCost: 385524
node 151	AtA: 40082	cholCost: 1123404	addCost: 1192	backsolveCost: 888176
node 152	AtA: 6870	cholCost: 16194	addCost: 1000	backsolveCost: 10977
node 153	AtA: -1	cholCost: 0	addCost: -1	backsolveCost: 1561

