cliques
155
node 0	AtA: 14858	cholCost: 0	addCost: 2200	backsolveCost: 24220
node 1	AtA: 14858	cholCost: 8268	addCost: 4072	backsolveCost: 24624
node 2	AtA: 12236	cholCost: 2688	addCost: 2200	backsolveCost: 16002
node 3	AtA: 12236	cholCost: 2688	addCost: 2200	backsolveCost: 16002
node 4	AtA: 19228	cholCost: 10549	addCost: 4888	backsolveCost: 31323
node 5	AtA: 13984	cholCost: 6028	addCost: 3352	backsolveCost: 24523
node 6	AtA: 12236	cholCost: 2688	addCost: 2200	backsolveCost: 16002
node 7	AtA: 17480	cholCost: 6028	addCost: 3352	backsolveCost: 24523
node 8	AtA: 12236	cholCost: 2688	addCost: 2200	backsolveCost: 16002
node 9	AtA: 12236	cholCost: 0	addCost: 2200	backsolveCost: 16002
node 10	AtA: 20102	cholCost: 9048	addCost: 4072	backsolveCost: 31097
node 11	AtA: 7866	cholCost: 11220	addCost: 6808	backsolveCost: 16695
node 12	AtA: 20854	cholCost: 53322	addCost: 4072	backsolveCost: 24624
node 13	AtA: 20854	cholCost: 53322	addCost: 4072	backsolveCost: 24624
node 14	AtA: 3884	cholCost: 45732	addCost: 6808	backsolveCost: 16695
node 15	AtA: 13862	cholCost: 88432	addCost: 11800	backsolveCost: 25735
node 16	AtA: 20854	cholCost: 53322	addCost: 4072	backsolveCost: 24624
node 17	AtA: 20854	cholCost: 53322	addCost: 4072	backsolveCost: 24624
node 18	AtA: 12988	cholCost: 58836	addCost: 10408	backsolveCost: 17003
node 19	AtA: 20854	cholCost: 53322	addCost: 4072	backsolveCost: 24624
node 20	AtA: 16484	cholCost: 52490	addCost: 3352	backsolveCost: 24523
node 21	AtA: 17358	cholCost: 57981	addCost: 4888	backsolveCost: 24826
node 22	AtA: 12988	cholCost: 64452	addCost: 11800	backsolveCost: 17157
node 23	AtA: 11240	cholCost: 133276	addCost: 18328	backsolveCost: 33018
node 24	AtA: 4230	cholCost: 132362	addCost: 26392	backsolveCost: 26947
node 25	AtA: 20854	cholCost: 53322	addCost: 4072	backsolveCost: 24624
node 26	AtA: 14736	cholCost: 32379	addCost: 2728	backsolveCost: 16079
node 27	AtA: 19980	cholCost: 74745	addCost: 4888	backsolveCost: 31323
node 28	AtA: 12988	cholCost: 40865	addCost: 4888	backsolveCost: 16464
node 29	AtA: 12988	cholCost: 64452	addCost: 11800	backsolveCost: 17157
node 30	AtA: 20854	cholCost: 53322	addCost: 4072	backsolveCost: 24624
node 31	AtA: 20854	cholCost: 53322	addCost: 4072	backsolveCost: 24624
node 32	AtA: 20854	cholCost: 53322	addCost: 4072	backsolveCost: 24624
node 33	AtA: 20854	cholCost: 53322	addCost: 4072	backsolveCost: 24624
node 34	AtA: 10366	cholCost: 109232	addCost: 20200	backsolveCost: 26442
node 35	AtA: 12114	cholCost: 204111	addCost: 26392	backsolveCost: 45250
node 36	AtA: 20854	cholCost: 53322	addCost: 4072	backsolveCost: 24624
node 37	AtA: 20854	cholCost: 53322	addCost: 4072	backsolveCost: 24624
node 38	AtA: 12988	cholCost: 58836	addCost: 10408	backsolveCost: 17003
node 39	AtA: 20854	cholCost: 53322	addCost: 4072	backsolveCost: 24624
node 40	AtA: 20854	cholCost: 53322	addCost: 4072	backsolveCost: 24624
node 41	AtA: 20854	cholCost: 53322	addCost: 4072	backsolveCost: 24624
node 42	AtA: 14736	cholCost: 119132	addCost: 13288	backsolveCost: 32453
node 43	AtA: 9492	cholCost: 102142	addCost: 28648	backsolveCost: 18158
node 44	AtA: 20854	cholCost: 53322	addCost: 4072	backsolveCost: 24624
node 45	AtA: 20854	cholCost: 53322	addCost: 4072	backsolveCost: 24624
node 46	AtA: 20854	cholCost: 53322	addCost: 4072	backsolveCost: 24624
node 47	AtA: 21728	cholCost: 65635	addCost: 3352	backsolveCost: 30984
node 48	AtA: 18232	cholCost: 52490	addCost: 3352	backsolveCost: 24523
node 49	AtA: 17358	cholCost: 57981	addCost: 4888	backsolveCost: 24826
node 50	AtA: 25224	cholCost: 158500	addCost: 9112	backsolveCost: 65566
node 51	AtA: 13862	cholCost: 95920	addCost: 14872	backsolveCost: 26038
node 52	AtA: 3884	cholCost: 85044	addCost: 22168	backsolveCost: 17850
node 53	AtA: 4922	cholCost: 264266	addCost: 41368	backsolveCost: 46483
node 54	AtA: 11240	cholCost: 375906	addCost: 53272	backsolveCost: 70756
node 55	AtA: 20854	cholCost: 53322	addCost: 4072	backsolveCost: 24624
node 56	AtA: 20854	cholCost: 53322	addCost: 4072	backsolveCost: 24624
node 57	AtA: 20854	cholCost: 53322	addCost: 4072	backsolveCost: 24624
node 58	AtA: 20854	cholCost: 53322	addCost: 4072	backsolveCost: 24624
node 59	AtA: 4230	cholCost: 89264	addCost: 13288	backsolveCost: 25836
node 60	AtA: 20854	cholCost: 53322	addCost: 4072	backsolveCost: 24624
node 61	AtA: 20854	cholCost: 53322	addCost: 4072	backsolveCost: 24624
node 62	AtA: 23476	cholCost: 138888	addCost: 10408	backsolveCost: 51833
node 63	AtA: 20854	cholCost: 53322	addCost: 4072	backsolveCost: 24624
node 64	AtA: 18232	cholCost: 52490	addCost: 3352	backsolveCost: 24523
node 65	AtA: 17358	cholCost: 57981	addCost: 4888	backsolveCost: 24826
node 66	AtA: 12988	cholCost: 64452	addCost: 11800	backsolveCost: 17157
node 67	AtA: 14736	cholCost: 32379	addCost: 2728	backsolveCost: 16079
node 68	AtA: 19980	cholCost: 74745	addCost: 4888	backsolveCost: 31323
node 69	AtA: 12988	cholCost: 40865	addCost: 4888	backsolveCost: 16464
node 70	AtA: 14736	cholCost: 32379	addCost: 2728	backsolveCost: 16079
node 71	AtA: 20854	cholCost: 74745	addCost: 4888	backsolveCost: 31323
node 72	AtA: 15610	cholCost: 98956	addCost: 9112	backsolveCost: 32001
node 73	AtA: 12988	cholCost: 156936	addCost: 14872	backsolveCost: 44017
node 74	AtA: 9492	cholCost: 102766	addCost: 31000	backsolveCost: 18312
node 75	AtA: 3884	cholCost: 136338	addCost: 47128	backsolveCost: 19005
node 76	AtA: 20854	cholCost: 53322	addCost: 4072	backsolveCost: 24624
node 77	AtA: 20854	cholCost: 53322	addCost: 4072	backsolveCost: 24624
node 78	AtA: 18354	cholCost: 8407	addCost: 4072	backsolveCost: 24624
node 79	AtA: 13862	cholCost: 101744	addCost: 16552	backsolveCost: 26139
node 80	AtA: 13984	cholCost: 6028	addCost: 3352	backsolveCost: 24523
node 81	AtA: 17358	cholCost: 57981	addCost: 4888	backsolveCost: 24826
node 82	AtA: 20854	cholCost: 53322	addCost: 4072	backsolveCost: 24624
node 83	AtA: 14736	cholCost: 31131	addCost: 2200	backsolveCost: 16002
node 84	AtA: 16484	cholCost: 52490	addCost: 3352	backsolveCost: 24523
node 85	AtA: 17358	cholCost: 57981	addCost: 4888	backsolveCost: 24826
node 86	AtA: 13862	cholCost: 75952	addCost: 9112	backsolveCost: 25432
node 87	AtA: 10366	cholCost: 88432	addCost: 11800	backsolveCost: 25735
node 88	AtA: 4576	cholCost: 133276	addCost: 18328	backsolveCost: 33018
node 89	AtA: 20854	cholCost: 53322	addCost: 4072	backsolveCost: 24624
node 90	AtA: 20854	cholCost: 53322	addCost: 4072	backsolveCost: 24624
node 91	AtA: 21728	cholCost: 92924	addCost: 7912	backsolveCost: 31775
node 92	AtA: 13862	cholCost: 89264	addCost: 13288	backsolveCost: 25836
node 93	AtA: 14736	cholCost: 31131	addCost: 2200	backsolveCost: 16002
node 94	AtA: 21728	cholCost: 74745	addCost: 4888	backsolveCost: 31323
node 95	AtA: 20854	cholCost: 53322	addCost: 4072	backsolveCost: 24624
node 96	AtA: 14736	cholCost: 31131	addCost: 2200	backsolveCost: 16002
node 97	AtA: 12988	cholCost: 40865	addCost: 4888	backsolveCost: 16464
node 98	AtA: 12988	cholCost: 40865	addCost: 4888	backsolveCost: 16464
node 99	AtA: 13862	cholCost: 75952	addCost: 9112	backsolveCost: 25432
node 100	AtA: 10366	cholCost: 88432	addCost: 11800	backsolveCost: 25735
node 101	AtA: 11240	cholCost: 153369	addCost: 22168	backsolveCost: 33357
node 102	AtA: 4576	cholCost: 197674	addCost: 35992	backsolveCost: 34374
node 103	AtA: 5960	cholCost: 489137	addCost: 63208	backsolveCost: 82265
node 104	AtA: 23476	cholCost: 74745	addCost: 4888	backsolveCost: 31323
node 105	AtA: 23476	cholCost: 74745	addCost: 4888	backsolveCost: 31323
node 106	AtA: 13862	cholCost: 65700	addCost: 13288	backsolveCost: 17234
node 107	AtA: 20854	cholCost: 53322	addCost: 4072	backsolveCost: 24624
node 108	AtA: 20854	cholCost: 53322	addCost: 4072	backsolveCost: 24624
node 109	AtA: 14736	cholCost: 32379	addCost: 2728	backsolveCost: 16079
node 110	AtA: 14736	cholCost: 40241	addCost: 4072	backsolveCost: 16310
node 111	AtA: 14736	cholCost: 31131	addCost: 2200	backsolveCost: 16002
node 112	AtA: 24350	cholCost: 100277	addCost: 5800	backsolveCost: 42510
node 113	AtA: 12114	cholCost: 69296	addCost: 7912	backsolveCost: 25230
node 114	AtA: 11240	cholCost: 119132	addCost: 13288	backsolveCost: 32453
node 115	AtA: 6870	cholCost: 86292	addCost: 24232	backsolveCost: 17927
node 116	AtA: 20854	cholCost: 53322	addCost: 4072	backsolveCost: 24624
node 117	AtA: 14736	cholCost: 31131	addCost: 2200	backsolveCost: 16002
node 118	AtA: 21728	cholCost: 74745	addCost: 4888	backsolveCost: 31323
node 119	AtA: 20854	cholCost: 53322	addCost: 4072	backsolveCost: 24624
node 120	AtA: 14736	cholCost: 31131	addCost: 2200	backsolveCost: 16002
node 121	AtA: 21728	cholCost: 74745	addCost: 4888	backsolveCost: 31323
node 122	AtA: 20854	cholCost: 53322	addCost: 4072	backsolveCost: 24624
node 123	AtA: 14736	cholCost: 31131	addCost: 2200	backsolveCost: 16002
node 124	AtA: 16484	cholCost: 52490	addCost: 3352	backsolveCost: 24523
node 125	AtA: 12988	cholCost: 52596	addCost: 9112	backsolveCost: 16926
node 126	AtA: 10366	cholCost: 88432	addCost: 11800	backsolveCost: 25735
node 127	AtA: 19106	cholCost: 165672	addCost: 18328	backsolveCost: 44428
node 128	AtA: 4922	cholCost: 165672	addCost: 18328	backsolveCost: 44428
node 129	AtA: 4230	cholCost: 175627	addCost: 44200	backsolveCost: 27957
node 130	AtA: 20854	cholCost: 53322	addCost: 4072	backsolveCost: 24624
node 131	AtA: 20854	cholCost: 53322	addCost: 4072	backsolveCost: 24624
node 132	AtA: 20854	cholCost: 53322	addCost: 4072	backsolveCost: 24624
node 133	AtA: 14736	cholCost: 119132	addCost: 13288	backsolveCost: 32453
node 134	AtA: 20854	cholCost: 53322	addCost: 4072	backsolveCost: 24624
node 135	AtA: 20854	cholCost: 53322	addCost: 4072	backsolveCost: 24624
node 136	AtA: 20854	cholCost: 53322	addCost: 4072	backsolveCost: 24624
node 137	AtA: 4230	cholCost: 95920	addCost: 14872	backsolveCost: 26038
node 138	AtA: 3884	cholCost: 93905	addCost: 26392	backsolveCost: 18081
node 139	AtA: 20854	cholCost: 53322	addCost: 4072	backsolveCost: 24624
node 140	AtA: 23476	cholCost: 74745	addCost: 4888	backsolveCost: 31323
node 141	AtA: 12988	cholCost: 45732	addCost: 6808	backsolveCost: 16695
node 142	AtA: 18232	cholCost: 158856	addCost: 14872	backsolveCost: 52578
node 143	AtA: 20854	cholCost: 53322	addCost: 4072	backsolveCost: 24624
node 144	AtA: 20854	cholCost: 53322	addCost: 4072	backsolveCost: 24624
node 145	AtA: 23476	cholCost: 74745	addCost: 4888	backsolveCost: 31323
node 146	AtA: 23476	cholCost: 74745	addCost: 4888	backsolveCost: 31323
node 147	AtA: 9492	cholCost: 109232	addCost: 20200	backsolveCost: 26442
node 148	AtA: 7744	cholCost: 141847	addCost: 31000	backsolveCost: 27250
node 149	AtA: 4922	cholCost: 312690	addCost: 53272	backsolveCost: 47305
node 150	AtA: 14736	cholCost: 647402	addCost: 59800	backsolveCost: 132217
node 151	AtA: 19980	cholCost: 1022214	addCost: 53272	backsolveCost: 257131
node 152	AtA: 45326	cholCost: 1488855	addCost: 1192	backsolveCost: 1180397
node 153	AtA: 6870	cholCost: 16194	addCost: 1000	backsolveCost: 10977
node 154	AtA: -1	cholCost: 0	addCost: -1	backsolveCost: 1561

