cliques
161
node 0	AtA: 18354	cholCost: 8401	addCost: 4072	backsolveCost: 24624
node 1	AtA: 12236	cholCost: 2688	addCost: 2200	backsolveCost: 16002
node 2	AtA: 12236	cholCost: 2688	addCost: 2200	backsolveCost: 16002
node 3	AtA: 13984	cholCost: 6028	addCost: 3352	backsolveCost: 24523
node 4	AtA: 18354	cholCost: 8407	addCost: 4072	backsolveCost: 24624
node 5	AtA: 12236	cholCost: 2688	addCost: 2200	backsolveCost: 16002
node 6	AtA: 19228	cholCost: 10555	addCost: 4888	backsolveCost: 31323
node 7	AtA: 14736	cholCost: 0	addCost: 2200	backsolveCost: 16002
node 8	AtA: 13984	cholCost: 6028	addCost: 3352	backsolveCost: 24523
node 9	AtA: 14858	cholCost: 9659	addCost: 4888	backsolveCost: 24826
node 10	AtA: 13984	cholCost: 34087	addCost: 11800	backsolveCost: 52131
node 11	AtA: 12236	cholCost: 2688	addCost: 2200	backsolveCost: 16002
node 12	AtA: 20854	cholCost: 53322	addCost: 4072	backsolveCost: 24624
node 13	AtA: 20854	cholCost: 53322	addCost: 4072	backsolveCost: 24624
node 14	AtA: 12988	cholCost: 58836	addCost: 10408	backsolveCost: 17003
node 15	AtA: 20854	cholCost: 53322	addCost: 4072	backsolveCost: 24624
node 16	AtA: 20854	cholCost: 53322	addCost: 4072	backsolveCost: 24624
node 17	AtA: 22602	cholCost: 149448	addCost: 13288	backsolveCost: 43743
node 18	AtA: 11240	cholCost: 140348	addCost: 20200	backsolveCost: 33131
node 19	AtA: 18354	cholCost: 8268	addCost: 4072	backsolveCost: 24624
node 20	AtA: 21728	cholCost: 92924	addCost: 7912	backsolveCost: 31775
node 21	AtA: 20854	cholCost: 53322	addCost: 4072	backsolveCost: 24624
node 22	AtA: 16484	cholCost: 52490	addCost: 3352	backsolveCost: 24523
node 23	AtA: 17358	cholCost: 57981	addCost: 4888	backsolveCost: 24826
node 24	AtA: 13862	cholCost: 75952	addCost: 9112	backsolveCost: 25432
node 25	AtA: 9492	cholCost: 78180	addCost: 18328	backsolveCost: 17619
node 26	AtA: 20854	cholCost: 84812	addCost: 5800	backsolveCost: 31436
node 27	AtA: 18232	cholCost: 119132	addCost: 13288	backsolveCost: 32453
node 28	AtA: 14736	cholCost: 31131	addCost: 2200	backsolveCost: 16002
node 29	AtA: 21728	cholCost: 74745	addCost: 4888	backsolveCost: 31323
node 30	AtA: 20854	cholCost: 53322	addCost: 4072	backsolveCost: 24624
node 31	AtA: 19980	cholCost: 52490	addCost: 3352	backsolveCost: 24523
node 32	AtA: 12988	cholCost: 52596	addCost: 9112	backsolveCost: 16926
node 33	AtA: 3884	cholCost: 52596	addCost: 9112	backsolveCost: 16926
node 34	AtA: 4230	cholCost: 101744	addCost: 16552	backsolveCost: 26139
node 35	AtA: 4576	cholCost: 172547	addCost: 28648	backsolveCost: 33809
node 36	AtA: 4576	cholCost: 223841	addCost: 44200	backsolveCost: 34826
node 37	AtA: 20854	cholCost: 53322	addCost: 4072	backsolveCost: 24624
node 38	AtA: 20854	cholCost: 53322	addCost: 4072	backsolveCost: 24624
node 39	AtA: 21728	cholCost: 92924	addCost: 7912	backsolveCost: 31775
node 40	AtA: 13862	cholCost: 89264	addCost: 13288	backsolveCost: 25836
node 41	AtA: 18354	cholCost: 8401	addCost: 4072	backsolveCost: 24624
node 42	AtA: 20854	cholCost: 53322	addCost: 4072	backsolveCost: 24624
node 43	AtA: 20854	cholCost: 53322	addCost: 4072	backsolveCost: 24624
node 44	AtA: 14736	cholCost: 119132	addCost: 13288	backsolveCost: 32453
node 45	AtA: 10366	cholCost: 133194	addCost: 28648	backsolveCost: 27048
node 46	AtA: 14736	cholCost: 31131	addCost: 2200	backsolveCost: 16002
node 47	AtA: 16484	cholCost: 52490	addCost: 3352	backsolveCost: 24523
node 48	AtA: 20854	cholCost: 53322	addCost: 4072	backsolveCost: 24624
node 49	AtA: 14736	cholCost: 31131	addCost: 2200	backsolveCost: 16002
node 50	AtA: 21728	cholCost: 74745	addCost: 4888	backsolveCost: 31323
node 51	AtA: 16484	cholCost: 126408	addCost: 9112	backsolveCost: 51684
node 52	AtA: 20854	cholCost: 53322	addCost: 4072	backsolveCost: 24624
node 53	AtA: 20854	cholCost: 53322	addCost: 4072	backsolveCost: 24624
node 54	AtA: 12988	cholCost: 58836	addCost: 10408	backsolveCost: 17003
node 55	AtA: 20854	cholCost: 53322	addCost: 4072	backsolveCost: 24624
node 56	AtA: 19106	cholCost: 52490	addCost: 3352	backsolveCost: 24523
node 57	AtA: 19980	cholCost: 52490	addCost: 3352	backsolveCost: 24523
node 58	AtA: 13862	cholCost: 68464	addCost: 6808	backsolveCost: 25129
node 59	AtA: 13862	cholCost: 88432	addCost: 11800	backsolveCost: 25735
node 60	AtA: 11240	cholCost: 133276	addCost: 18328	backsolveCost: 33018
node 61	AtA: 4230	cholCost: 115888	addCost: 22168	backsolveCost: 26644
node 62	AtA: 4230	cholCost: 195762	addCost: 53272	backsolveCost: 28462
node 63	AtA: 20854	cholCost: 57981	addCost: 4888	backsolveCost: 24826
node 64	AtA: 20854	cholCost: 53322	addCost: 4072	backsolveCost: 24624
node 65	AtA: 12988	cholCost: 64452	addCost: 11800	backsolveCost: 17157
node 66	AtA: 20854	cholCost: 53322	addCost: 4072	backsolveCost: 24624
node 67	AtA: 16484	cholCost: 52490	addCost: 3352	backsolveCost: 24523
node 68	AtA: 17358	cholCost: 57981	addCost: 4888	backsolveCost: 24826
node 69	AtA: 13862	cholCost: 75952	addCost: 9112	backsolveCost: 25432
node 70	AtA: 9492	cholCost: 86292	addCost: 24232	backsolveCost: 17927
node 71	AtA: 23476	cholCost: 74745	addCost: 4888	backsolveCost: 31323
node 72	AtA: 23476	cholCost: 74745	addCost: 4888	backsolveCost: 31323
node 73	AtA: 12988	cholCost: 65700	addCost: 13288	backsolveCost: 17234
node 74	AtA: 20854	cholCost: 53322	addCost: 4072	backsolveCost: 24624
node 75	AtA: 23476	cholCost: 74745	addCost: 4888	backsolveCost: 31323
node 76	AtA: 23476	cholCost: 150120	addCost: 11800	backsolveCost: 52131
node 77	AtA: 13862	cholCost: 384970	addCost: 41368	backsolveCost: 80415
node 78	AtA: 23476	cholCost: 74745	addCost: 4888	backsolveCost: 31323
node 79	AtA: 20854	cholCost: 53322	addCost: 4072	backsolveCost: 24624
node 80	AtA: 12988	cholCost: 64452	addCost: 11800	backsolveCost: 17157
node 81	AtA: 20854	cholCost: 53322	addCost: 4072	backsolveCost: 24624
node 82	AtA: 20854	cholCost: 53322	addCost: 4072	backsolveCost: 24624
node 83	AtA: 22602	cholCost: 149448	addCost: 13288	backsolveCost: 43743
node 84	AtA: 3884	cholCost: 85044	addCost: 22168	backsolveCost: 17850
node 85	AtA: 14736	cholCost: 32379	addCost: 2728	backsolveCost: 16079
node 86	AtA: 20854	cholCost: 74745	addCost: 4888	backsolveCost: 31323
node 87	AtA: 14736	cholCost: 32379	addCost: 2728	backsolveCost: 16079
node 88	AtA: 22602	cholCost: 70710	addCost: 4072	backsolveCost: 31097
node 89	AtA: 11240	cholCost: 45108	addCost: 5800	backsolveCost: 16541
node 90	AtA: 17358	cholCost: 69296	addCost: 7912	backsolveCost: 25230
node 91	AtA: 16484	cholCost: 125736	addCost: 10408	backsolveCost: 43332
node 92	AtA: 20854	cholCost: 53322	addCost: 4072	backsolveCost: 24624
node 93	AtA: 20854	cholCost: 53322	addCost: 4072	backsolveCost: 24624
node 94	AtA: 18232	cholCost: 52490	addCost: 3352	backsolveCost: 24523
node 95	AtA: 17358	cholCost: 57981	addCost: 4888	backsolveCost: 24826
node 96	AtA: 20854	cholCost: 53322	addCost: 4072	backsolveCost: 24624
node 97	AtA: 14736	cholCost: 32379	addCost: 2728	backsolveCost: 16079
node 98	AtA: 20854	cholCost: 74745	addCost: 4888	backsolveCost: 31323
node 99	AtA: 7744	cholCost: 75952	addCost: 9112	backsolveCost: 25432
node 100	AtA: 3884	cholCost: 66324	addCost: 14872	backsolveCost: 17388
node 101	AtA: 12114	cholCost: 162438	addCost: 24232	backsolveCost: 33470
node 102	AtA: 21728	cholCost: 964182	addCost: 77800	backsolveCost: 188216
node 103	AtA: 20854	cholCost: 53322	addCost: 4072	backsolveCost: 24624
node 104	AtA: 20854	cholCost: 53322	addCost: 4072	backsolveCost: 24624
node 105	AtA: 3884	cholCost: 78180	addCost: 18328	backsolveCost: 17619
node 106	AtA: 20854	cholCost: 53322	addCost: 4072	backsolveCost: 24624
node 107	AtA: 14736	cholCost: 31131	addCost: 2200	backsolveCost: 16002
node 108	AtA: 21728	cholCost: 74745	addCost: 4888	backsolveCost: 31323
node 109	AtA: 20854	cholCost: 53322	addCost: 4072	backsolveCost: 24624
node 110	AtA: 14736	cholCost: 31131	addCost: 2200	backsolveCost: 16002
node 111	AtA: 21728	cholCost: 74745	addCost: 4888	backsolveCost: 31323
node 112	AtA: 4230	cholCost: 75952	addCost: 9112	backsolveCost: 25432
node 113	AtA: 13862	cholCost: 95920	addCost: 14872	backsolveCost: 26038
node 114	AtA: 20854	cholCost: 53322	addCost: 4072	backsolveCost: 24624
node 115	AtA: 20854	cholCost: 53322	addCost: 4072	backsolveCost: 24624
node 116	AtA: 23476	cholCost: 138888	addCost: 10408	backsolveCost: 51833
node 117	AtA: 14736	cholCost: 31131	addCost: 2200	backsolveCost: 16002
node 118	AtA: 21728	cholCost: 74745	addCost: 4888	backsolveCost: 31323
node 119	AtA: 14736	cholCost: 31131	addCost: 2200	backsolveCost: 16002
node 120	AtA: 21728	cholCost: 74745	addCost: 4888	backsolveCost: 31323
node 121	AtA: 4230	cholCost: 108400	addCost: 18328	backsolveCost: 26341
node 122	AtA: 4576	cholCost: 163478	addCost: 26392	backsolveCost: 33696
node 123	AtA: 12114	cholCost: 283985	addCost: 47128	backsolveCost: 46894
node 124	AtA: 20854	cholCost: 53322	addCost: 4072	backsolveCost: 24624
node 125	AtA: 20854	cholCost: 53322	addCost: 4072	backsolveCost: 24624
node 126	AtA: 17358	cholCost: 89264	addCost: 13288	backsolveCost: 25836
node 127	AtA: 14736	cholCost: 31131	addCost: 2200	backsolveCost: 16002
node 128	AtA: 21728	cholCost: 74745	addCost: 4888	backsolveCost: 31323
node 129	AtA: 20854	cholCost: 53322	addCost: 4072	backsolveCost: 24624
node 130	AtA: 20854	cholCost: 53322	addCost: 4072	backsolveCost: 24624
node 131	AtA: 10366	cholCost: 88432	addCost: 11800	backsolveCost: 25735
node 132	AtA: 15610	cholCost: 204111	addCost: 26392	backsolveCost: 45250
node 133	AtA: 20854	cholCost: 53322	addCost: 4072	backsolveCost: 24624
node 134	AtA: 20854	cholCost: 53322	addCost: 4072	backsolveCost: 24624
node 135	AtA: 20854	cholCost: 53322	addCost: 4072	backsolveCost: 24624
node 136	AtA: 20854	cholCost: 53322	addCost: 4072	backsolveCost: 24624
node 137	AtA: 12988	cholCost: 58836	addCost: 10408	backsolveCost: 17003
node 138	AtA: 10366	cholCost: 109232	addCost: 20200	backsolveCost: 26442
node 139	AtA: 14736	cholCost: 31131	addCost: 2200	backsolveCost: 16002
node 140	AtA: 14736	cholCost: 31131	addCost: 2200	backsolveCost: 16002
node 141	AtA: 12988	cholCost: 40865	addCost: 4888	backsolveCost: 16464
node 142	AtA: 12988	cholCost: 40865	addCost: 4888	backsolveCost: 16464
node 143	AtA: 20854	cholCost: 53322	addCost: 4072	backsolveCost: 24624
node 144	AtA: 20854	cholCost: 53322	addCost: 4072	backsolveCost: 24624
node 145	AtA: 10366	cholCost: 88432	addCost: 11800	backsolveCost: 25735
node 146	AtA: 20854	cholCost: 53322	addCost: 4072	backsolveCost: 24624
node 147	AtA: 20854	cholCost: 53322	addCost: 4072	backsolveCost: 24624
node 148	AtA: 20854	cholCost: 53322	addCost: 4072	backsolveCost: 24624
node 149	AtA: 14736	cholCost: 31131	addCost: 2200	backsolveCost: 16002
node 150	AtA: 21728	cholCost: 74745	addCost: 4888	backsolveCost: 31323
node 151	AtA: 15610	cholCost: 138216	addCost: 11800	backsolveCost: 43606
node 152	AtA: 13862	cholCost: 108400	addCost: 18328	backsolveCost: 26341
node 153	AtA: 4576	cholCost: 153369	addCost: 22168	backsolveCost: 33357
node 154	AtA: 4230	cholCost: 167806	addCost: 41368	backsolveCost: 27856
node 155	AtA: 5614	cholCost: 375906	addCost: 53272	backsolveCost: 70756
node 156	AtA: 6306	cholCost: 640884	addCost: 77800	backsolveCost: 100905
node 157	AtA: 10112	cholCost: 1327330	addCost: 63208	backsolveCost: 332123
node 158	AtA: 45326	cholCost: 1719878	addCost: 1192	backsolveCost: 1351566
node 159	AtA: 6870	cholCost: 16194	addCost: 1000	backsolveCost: 10977
node 160	AtA: -1	cholCost: 0	addCost: -1	backsolveCost: 1561

