cliques
129
node 0	AtA: 14858	cholCost: 0	addCost: 2200	backsolveCost: 24220
node 1	AtA: 12236	cholCost: 2688	addCost: 2200	backsolveCost: 16002
node 2	AtA: 12236	cholCost: 2688	addCost: 2200	backsolveCost: 16002
node 3	AtA: 14858	cholCost: 8401	addCost: 4072	backsolveCost: 24624
node 4	AtA: 12236	cholCost: 2688	addCost: 2200	backsolveCost: 16002
node 5	AtA: 12236	cholCost: 2688	addCost: 2200	backsolveCost: 16002
node 6	AtA: 12236	cholCost: 2688	addCost: 2200	backsolveCost: 16002
node 7	AtA: 19228	cholCost: 10549	addCost: 4888	backsolveCost: 31323
node 8	AtA: 13984	cholCost: 6028	addCost: 3352	backsolveCost: 24523
node 9	AtA: 12236	cholCost: 2688	addCost: 2200	backsolveCost: 16002
node 10	AtA: 12236	cholCost: 9984	addCost: 5800	backsolveCost: 16541
node 11	AtA: 19228	cholCost: 10416	addCost: 4888	backsolveCost: 31323
node 12	AtA: 20976	cholCost: 10549	addCost: 4888	backsolveCost: 31323
node 13	AtA: 15732	cholCost: 31951	addCost: 13288	backsolveCost: 32453
node 14	AtA: 14858	cholCost: 17100	addCost: 7912	backsolveCost: 25230
node 15	AtA: 10488	cholCost: 14041	addCost: 7912	backsolveCost: 16772
node 16	AtA: 20854	cholCost: 53322	addCost: 4072	backsolveCost: 24624
node 17	AtA: 14736	cholCost: 31131	addCost: 2200	backsolveCost: 16002
node 18	AtA: 21728	cholCost: 74745	addCost: 4888	backsolveCost: 31323
node 19	AtA: 19106	cholCost: 52490	addCost: 3352	backsolveCost: 24523
node 20	AtA: 19980	cholCost: 52490	addCost: 3352	backsolveCost: 24523
node 21	AtA: 13862	cholCost: 68464	addCost: 6808	backsolveCost: 25129
node 22	AtA: 14736	cholCost: 107068	addCost: 11800	backsolveCost: 32340
node 23	AtA: 19980	cholCost: 158856	addCost: 14872	backsolveCost: 52578
node 24	AtA: 20854	cholCost: 53322	addCost: 4072	backsolveCost: 24624
node 25	AtA: 20854	cholCost: 53322	addCost: 4072	backsolveCost: 24624
node 26	AtA: 12988	cholCost: 58836	addCost: 10408	backsolveCost: 17003
node 27	AtA: 20854	cholCost: 53322	addCost: 4072	backsolveCost: 24624
node 28	AtA: 12988	cholCost: 64452	addCost: 11800	backsolveCost: 17157
node 29	AtA: 21728	cholCost: 74745	addCost: 4888	backsolveCost: 31323
node 30	AtA: 20854	cholCost: 53322	addCost: 4072	backsolveCost: 24624
node 31	AtA: 13862	cholCost: 75952	addCost: 9112	backsolveCost: 25432
node 32	AtA: 12114	cholCost: 156936	addCost: 14872	backsolveCost: 44017
node 33	AtA: 3884	cholCost: 85044	addCost: 22168	backsolveCost: 17850
node 34	AtA: 20854	cholCost: 53322	addCost: 4072	backsolveCost: 24624
node 35	AtA: 20854	cholCost: 53322	addCost: 4072	backsolveCost: 24624
node 36	AtA: 23476	cholCost: 138888	addCost: 10408	backsolveCost: 51833
node 37	AtA: 20854	cholCost: 53322	addCost: 4072	backsolveCost: 24624
node 38	AtA: 20854	cholCost: 53322	addCost: 4072	backsolveCost: 24624
node 39	AtA: 22602	cholCost: 149448	addCost: 13288	backsolveCost: 43743
node 40	AtA: 20854	cholCost: 53322	addCost: 4072	backsolveCost: 24624
node 41	AtA: 14736	cholCost: 31131	addCost: 2200	backsolveCost: 16002
node 42	AtA: 14736	cholCost: 31131	addCost: 2200	backsolveCost: 16002
node 43	AtA: 12988	cholCost: 40865	addCost: 4888	backsolveCost: 16464
node 44	AtA: 12988	cholCost: 40865	addCost: 4888	backsolveCost: 16464
node 45	AtA: 13862	cholCost: 75952	addCost: 9112	backsolveCost: 25432
node 46	AtA: 20854	cholCost: 53322	addCost: 4072	backsolveCost: 24624
node 47	AtA: 14736	cholCost: 31131	addCost: 2200	backsolveCost: 16002
node 48	AtA: 21728	cholCost: 74745	addCost: 4888	backsolveCost: 31323
node 49	AtA: 14736	cholCost: 31131	addCost: 2200	backsolveCost: 16002
node 50	AtA: 21728	cholCost: 74745	addCost: 4888	backsolveCost: 31323
node 51	AtA: 16484	cholCost: 150120	addCost: 11800	backsolveCost: 52131
node 52	AtA: 11240	cholCost: 133276	addCost: 18328	backsolveCost: 33018
node 53	AtA: 4230	cholCost: 132362	addCost: 26392	backsolveCost: 26947
node 54	AtA: 4230	cholCost: 141847	addCost: 31000	backsolveCost: 27250
node 55	AtA: 20854	cholCost: 53322	addCost: 4072	backsolveCost: 24624
node 56	AtA: 20854	cholCost: 53322	addCost: 4072	backsolveCost: 24624
node 57	AtA: 12988	cholCost: 58836	addCost: 10408	backsolveCost: 17003
node 58	AtA: 20854	cholCost: 53322	addCost: 4072	backsolveCost: 24624
node 59	AtA: 20854	cholCost: 53322	addCost: 4072	backsolveCost: 24624
node 60	AtA: 20854	cholCost: 53322	addCost: 4072	backsolveCost: 24624
node 61	AtA: 13862	cholCost: 101744	addCost: 16552	backsolveCost: 26139
node 62	AtA: 14736	cholCost: 31131	addCost: 2200	backsolveCost: 16002
node 63	AtA: 21728	cholCost: 74745	addCost: 4888	backsolveCost: 31323
node 64	AtA: 20854	cholCost: 53322	addCost: 4072	backsolveCost: 24624
node 65	AtA: 14736	cholCost: 31131	addCost: 2200	backsolveCost: 16002
node 66	AtA: 14736	cholCost: 31131	addCost: 2200	backsolveCost: 16002
node 67	AtA: 12988	cholCost: 40865	addCost: 4888	backsolveCost: 16464
node 68	AtA: 12988	cholCost: 40865	addCost: 4888	backsolveCost: 16464
node 69	AtA: 13862	cholCost: 75952	addCost: 9112	backsolveCost: 25432
node 70	AtA: 10366	cholCost: 88432	addCost: 11800	backsolveCost: 25735
node 71	AtA: 12114	cholCost: 193378	addCost: 22168	backsolveCost: 44839
node 72	AtA: 3884	cholCost: 102766	addCost: 31000	backsolveCost: 18312
node 73	AtA: 20854	cholCost: 53322	addCost: 4072	backsolveCost: 24624
node 74	AtA: 20854	cholCost: 53322	addCost: 4072	backsolveCost: 24624
node 75	AtA: 20854	cholCost: 53322	addCost: 4072	backsolveCost: 24624
node 76	AtA: 14736	cholCost: 119132	addCost: 13288	backsolveCost: 32453
node 77	AtA: 20854	cholCost: 53322	addCost: 4072	backsolveCost: 24624
node 78	AtA: 12988	cholCost: 138216	addCost: 11800	backsolveCost: 43606
node 79	AtA: 9492	cholCost: 133276	addCost: 18328	backsolveCost: 33018
node 80	AtA: 4230	cholCost: 132362	addCost: 26392	backsolveCost: 26947
node 81	AtA: 20854	cholCost: 53322	addCost: 4072	backsolveCost: 24624
node 82	AtA: 23476	cholCost: 74745	addCost: 4888	backsolveCost: 31323
node 83	AtA: 23476	cholCost: 150120	addCost: 11800	backsolveCost: 52131
node 84	AtA: 23476	cholCost: 74745	addCost: 4888	backsolveCost: 31323
node 85	AtA: 14736	cholCost: 32379	addCost: 2728	backsolveCost: 16079
node 86	AtA: 20854	cholCost: 74745	addCost: 4888	backsolveCost: 31323
node 87	AtA: 14736	cholCost: 32379	addCost: 2728	backsolveCost: 16079
node 88	AtA: 22602	cholCost: 70710	addCost: 4072	backsolveCost: 31097
node 89	AtA: 11240	cholCost: 45108	addCost: 5800	backsolveCost: 16541
node 90	AtA: 10366	cholCost: 58836	addCost: 10408	backsolveCost: 17003
node 91	AtA: 9492	cholCost: 162438	addCost: 24232	backsolveCost: 33470
node 92	AtA: 10366	cholCost: 255453	addCost: 35992	backsolveCost: 54813
node 93	AtA: 14736	cholCost: 31131	addCost: 2200	backsolveCost: 16002
node 94	AtA: 16484	cholCost: 52490	addCost: 3352	backsolveCost: 24523
node 95	AtA: 20854	cholCost: 53322	addCost: 4072	backsolveCost: 24624
node 96	AtA: 20854	cholCost: 53322	addCost: 4072	backsolveCost: 24624
node 97	AtA: 14736	cholCost: 107068	addCost: 11800	backsolveCost: 32340
node 98	AtA: 20854	cholCost: 53322	addCost: 4072	backsolveCost: 24624
node 99	AtA: 14736	cholCost: 31131	addCost: 2200	backsolveCost: 16002
node 100	AtA: 21728	cholCost: 74745	addCost: 4888	backsolveCost: 31323
node 101	AtA: 14736	cholCost: 31131	addCost: 2200	backsolveCost: 16002
node 102	AtA: 21728	cholCost: 74745	addCost: 4888	backsolveCost: 31323
node 103	AtA: 17358	cholCost: 68464	addCost: 6808	backsolveCost: 25129
node 104	AtA: 10366	cholCost: 75952	addCost: 9112	backsolveCost: 25432
node 105	AtA: 13862	cholCost: 95920	addCost: 14872	backsolveCost: 26038
node 106	AtA: 4230	cholCost: 115888	addCost: 22168	backsolveCost: 26644
node 107	AtA: 20854	cholCost: 53322	addCost: 4072	backsolveCost: 24624
node 108	AtA: 20854	cholCost: 53322	addCost: 4072	backsolveCost: 24624
node 109	AtA: 21728	cholCost: 74745	addCost: 4888	backsolveCost: 31323
node 110	AtA: 20854	cholCost: 53322	addCost: 4072	backsolveCost: 24624
node 111	AtA: 13862	cholCost: 75952	addCost: 9112	backsolveCost: 25432
node 112	AtA: 3884	cholCost: 66324	addCost: 14872	backsolveCost: 17388
node 113	AtA: 16484	cholCost: 52490	addCost: 3352	backsolveCost: 24523
node 114	AtA: 14736	cholCost: 31131	addCost: 2200	backsolveCost: 16002
node 115	AtA: 21728	cholCost: 74745	addCost: 4888	backsolveCost: 31323
node 116	AtA: 13862	cholCost: 75952	addCost: 9112	backsolveCost: 25432
node 117	AtA: 20854	cholCost: 53322	addCost: 4072	backsolveCost: 24624
node 118	AtA: 20854	cholCost: 53322	addCost: 4072	backsolveCost: 24624
node 119	AtA: 23476	cholCost: 138888	addCost: 10408	backsolveCost: 51833
node 120	AtA: 5614	cholCost: 262210	addCost: 26392	backsolveCost: 68161
node 121	AtA: 4922	cholCost: 254781	addCost: 38632	backsolveCost: 46209
node 122	AtA: 7344	cholCost: 536572	addCost: 35992	backsolveCost: 143778
node 123	AtA: 6652	cholCost: 428483	addCost: 35992	backsolveCost: 109515
node 124	AtA: 6306	cholCost: 447194	addCost: 41368	backsolveCost: 97561
node 125	AtA: 8036	cholCost: 417054	addCost: 13288	backsolveCost: 177668
node 126	AtA: 21728	cholCost: 232452	addCost: 1192	backsolveCost: 195741
node 127	AtA: 6870	cholCost: 16194	addCost: 1000	backsolveCost: 10977
node 128	AtA: -1	cholCost: 0	addCost: -1	backsolveCost: 1561

