cliques
114
node 0	AtA: 14858	cholCost: 3328	addCost: 2200	backsolveCost: 24220
node 1	AtA: 12236	cholCost: 4884	addCost: 3352	backsolveCost: 16233
node 2	AtA: 12236	cholCost: 0	addCost: 2200	backsolveCost: 16002
node 3	AtA: 17480	cholCost: 6028	addCost: 3352	backsolveCost: 24523
node 4	AtA: 13110	cholCost: 9984	addCost: 5800	backsolveCost: 16541
node 5	AtA: 12236	cholCost: 2688	addCost: 2200	backsolveCost: 16002
node 6	AtA: 10488	cholCost: 7728	addCost: 4888	backsolveCost: 16464
node 7	AtA: 11362	cholCost: 11371	addCost: 6808	backsolveCost: 16695
node 8	AtA: 10488	cholCost: 7879	addCost: 4888	backsolveCost: 16464
node 9	AtA: 13984	cholCost: 9520	addCost: 4888	backsolveCost: 24826
node 10	AtA: 12236	cholCost: 2688	addCost: 2200	backsolveCost: 16002
node 11	AtA: 12236	cholCost: 2688	addCost: 2200	backsolveCost: 16002
node 12	AtA: 12236	cholCost: 2688	addCost: 2200	backsolveCost: 16002
node 13	AtA: 19228	cholCost: 10416	addCost: 4888	backsolveCost: 31323
node 14	AtA: 12236	cholCost: 2688	addCost: 2200	backsolveCost: 16002
node 15	AtA: 12236	cholCost: 2688	addCost: 2200	backsolveCost: 16002
node 16	AtA: 19228	cholCost: 10416	addCost: 4888	backsolveCost: 31323
node 17	AtA: 19228	cholCost: 10416	addCost: 4888	backsolveCost: 31323
node 18	AtA: 18354	cholCost: 8268	addCost: 4072	backsolveCost: 24624
node 19	AtA: 9614	cholCost: 24293	addCost: 9112	backsolveCost: 43195
node 20	AtA: 20854	cholCost: 53322	addCost: 4072	backsolveCost: 24624
node 21	AtA: 21728	cholCost: 92924	addCost: 7912	backsolveCost: 31775
node 22	AtA: 20854	cholCost: 53322	addCost: 4072	backsolveCost: 24624
node 23	AtA: 14736	cholCost: 31131	addCost: 2200	backsolveCost: 16002
node 24	AtA: 16484	cholCost: 53322	addCost: 4072	backsolveCost: 24624
node 25	AtA: 13862	cholCost: 40865	addCost: 4888	backsolveCost: 16464
node 26	AtA: 12988	cholCost: 64452	addCost: 11800	backsolveCost: 17157
node 27	AtA: 10366	cholCost: 108400	addCost: 18328	backsolveCost: 26341
node 28	AtA: 20854	cholCost: 53322	addCost: 4072	backsolveCost: 24624
node 29	AtA: 20854	cholCost: 53322	addCost: 4072	backsolveCost: 24624
node 30	AtA: 23476	cholCost: 138888	addCost: 10408	backsolveCost: 51833
node 31	AtA: 14736	cholCost: 31131	addCost: 2200	backsolveCost: 16002
node 32	AtA: 16484	cholCost: 52490	addCost: 3352	backsolveCost: 24523
node 33	AtA: 17358	cholCost: 57981	addCost: 4888	backsolveCost: 24826
node 34	AtA: 20854	cholCost: 53322	addCost: 4072	backsolveCost: 24624
node 35	AtA: 20854	cholCost: 53322	addCost: 4072	backsolveCost: 24624
node 36	AtA: 3884	cholCost: 52596	addCost: 9112	backsolveCost: 16926
node 37	AtA: 20854	cholCost: 53322	addCost: 4072	backsolveCost: 24624
node 38	AtA: 9614	cholCost: 7728	addCost: 4888	backsolveCost: 16464
node 39	AtA: 17358	cholCost: 68464	addCost: 6808	backsolveCost: 25129
node 40	AtA: 13862	cholCost: 88432	addCost: 11800	backsolveCost: 25735
node 41	AtA: 14736	cholCost: 31131	addCost: 2200	backsolveCost: 16002
node 42	AtA: 12988	cholCost: 40865	addCost: 4888	backsolveCost: 16464
node 43	AtA: 12988	cholCost: 40865	addCost: 4888	backsolveCost: 16464
node 44	AtA: 20854	cholCost: 53322	addCost: 4072	backsolveCost: 24624
node 45	AtA: 16484	cholCost: 52490	addCost: 3352	backsolveCost: 24523
node 46	AtA: 17358	cholCost: 57981	addCost: 4888	backsolveCost: 24826
node 47	AtA: 13862	cholCost: 75952	addCost: 9112	backsolveCost: 25432
node 48	AtA: 10366	cholCost: 88432	addCost: 11800	backsolveCost: 25735
node 49	AtA: 3884	cholCost: 85044	addCost: 22168	backsolveCost: 17850
node 50	AtA: 20854	cholCost: 53322	addCost: 4072	backsolveCost: 24624
node 51	AtA: 14736	cholCost: 31131	addCost: 2200	backsolveCost: 16002
node 52	AtA: 21728	cholCost: 74745	addCost: 4888	backsolveCost: 31323
node 53	AtA: 20854	cholCost: 53322	addCost: 4072	backsolveCost: 24624
node 54	AtA: 20854	cholCost: 53322	addCost: 4072	backsolveCost: 24624
node 55	AtA: 16484	cholCost: 179573	addCost: 18328	backsolveCost: 53025
node 56	AtA: 20854	cholCost: 53322	addCost: 4072	backsolveCost: 24624
node 57	AtA: 14736	cholCost: 31131	addCost: 2200	backsolveCost: 16002
node 58	AtA: 21728	cholCost: 74745	addCost: 4888	backsolveCost: 31323
node 59	AtA: 18232	cholCost: 107068	addCost: 11800	backsolveCost: 32340
node 60	AtA: 14736	cholCost: 31131	addCost: 2200	backsolveCost: 16002
node 61	AtA: 21728	cholCost: 74745	addCost: 4888	backsolveCost: 31323
node 62	AtA: 14736	cholCost: 31131	addCost: 2200	backsolveCost: 16002
node 63	AtA: 21728	cholCost: 74745	addCost: 4888	backsolveCost: 31323
node 64	AtA: 14736	cholCost: 98956	addCost: 9112	backsolveCost: 32001
node 65	AtA: 12114	cholCost: 156936	addCost: 14872	backsolveCost: 44017
node 66	AtA: 4230	cholCost: 141847	addCost: 31000	backsolveCost: 27250
node 67	AtA: 5960	cholCost: 313416	addCost: 28648	backsolveCost: 78935
node 68	AtA: 27846	cholCost: 110760	addCost: 6808	backsolveCost: 42784
node 69	AtA: 14736	cholCost: 31131	addCost: 2200	backsolveCost: 16002
node 70	AtA: 21728	cholCost: 74745	addCost: 4888	backsolveCost: 31323
node 71	AtA: 20854	cholCost: 53322	addCost: 4072	backsolveCost: 24624
node 72	AtA: 14736	cholCost: 31131	addCost: 2200	backsolveCost: 16002
node 73	AtA: 16484	cholCost: 52490	addCost: 3352	backsolveCost: 24523
node 74	AtA: 17358	cholCost: 57981	addCost: 4888	backsolveCost: 24826
node 75	AtA: 13862	cholCost: 75952	addCost: 9112	backsolveCost: 25432
node 76	AtA: 10366	cholCost: 88432	addCost: 11800	backsolveCost: 25735
node 77	AtA: 20854	cholCost: 53322	addCost: 4072	backsolveCost: 24624
node 78	AtA: 20854	cholCost: 53322	addCost: 4072	backsolveCost: 24624
node 79	AtA: 23476	cholCost: 138888	addCost: 10408	backsolveCost: 51833
node 80	AtA: 20854	cholCost: 53322	addCost: 4072	backsolveCost: 24624
node 81	AtA: 24350	cholCost: 84812	addCost: 5800	backsolveCost: 31436
node 82	AtA: 10366	cholCost: 158856	addCost: 14872	backsolveCost: 52578
node 83	AtA: 10366	cholCost: 132362	addCost: 26392	backsolveCost: 26947
node 84	AtA: 12114	cholCost: 329058	addCost: 31000	backsolveCost: 79305
node 85	AtA: 20854	cholCost: 53322	addCost: 4072	backsolveCost: 24624
node 86	AtA: 12988	cholCost: 64452	addCost: 11800	backsolveCost: 17157
node 87	AtA: 4230	cholCost: 95920	addCost: 14872	backsolveCost: 26038
node 88	AtA: 20854	cholCost: 53322	addCost: 4072	backsolveCost: 24624
node 89	AtA: 20854	cholCost: 53322	addCost: 4072	backsolveCost: 24624
node 90	AtA: 14736	cholCost: 31131	addCost: 2200	backsolveCost: 16002
node 91	AtA: 21728	cholCost: 74745	addCost: 4888	backsolveCost: 31323
node 92	AtA: 14736	cholCost: 125164	addCost: 14872	backsolveCost: 32679
node 93	AtA: 3884	cholCost: 102142	addCost: 28648	backsolveCost: 18158
node 94	AtA: 20854	cholCost: 53322	addCost: 4072	backsolveCost: 24624
node 95	AtA: 18354	cholCost: 8401	addCost: 4072	backsolveCost: 24624
node 96	AtA: 18354	cholCost: 8401	addCost: 4072	backsolveCost: 24624
node 97	AtA: 14736	cholCost: 119132	addCost: 13288	backsolveCost: 32453
node 98	AtA: 14736	cholCost: 31131	addCost: 2200	backsolveCost: 16002
node 99	AtA: 14736	cholCost: 31131	addCost: 2200	backsolveCost: 16002
node 100	AtA: 12988	cholCost: 40865	addCost: 4888	backsolveCost: 16464
node 101	AtA: 12988	cholCost: 40865	addCost: 4888	backsolveCost: 16464
node 102	AtA: 20854	cholCost: 53322	addCost: 4072	backsolveCost: 24624
node 103	AtA: 14736	cholCost: 31131	addCost: 2200	backsolveCost: 16002
node 104	AtA: 21728	cholCost: 74745	addCost: 4888	backsolveCost: 31323
node 105	AtA: 13862	cholCost: 75952	addCost: 9112	backsolveCost: 25432
node 106	AtA: 13862	cholCost: 236875	addCost: 22168	backsolveCost: 67642
node 107	AtA: 5960	cholCost: 313416	addCost: 28648	backsolveCost: 78935
node 108	AtA: 6652	cholCost: 383928	addCost: 31000	backsolveCost: 108852
node 109	AtA: 6652	cholCost: 383928	addCost: 31000	backsolveCost: 108852
node 110	AtA: 7690	cholCost: 418206	addCost: 16552	backsolveCost: 162294
node 111	AtA: 23476	cholCost: 282518	addCost: 1192	backsolveCost: 240540
node 112	AtA: 6870	cholCost: 16194	addCost: 1000	backsolveCost: 10977
node 113	AtA: -1	cholCost: 0	addCost: -1	backsolveCost: 1561

