cliques
88
node 0	AtA: 12236	cholCost: 0	addCost: 2200	backsolveCost: 16002
node 1	AtA: 12236	cholCost: 2688	addCost: 2200	backsolveCost: 16002
node 2	AtA: 12236	cholCost: 2688	addCost: 2200	backsolveCost: 16002
node 3	AtA: 19228	cholCost: 10416	addCost: 4888	backsolveCost: 31323
node 4	AtA: 18354	cholCost: 8401	addCost: 4072	backsolveCost: 24624
node 5	AtA: 16606	cholCost: 0	addCost: 2728	backsolveCost: 24321
node 6	AtA: 19228	cholCost: 10555	addCost: 4888	backsolveCost: 31323
node 7	AtA: 12236	cholCost: 2688	addCost: 2200	backsolveCost: 16002
node 8	AtA: 13984	cholCost: 6028	addCost: 3352	backsolveCost: 24523
node 9	AtA: 14858	cholCost: 9647	addCost: 4888	backsolveCost: 24826
node 10	AtA: 11240	cholCost: 0	addCost: 4072	backsolveCost: 16310
node 11	AtA: 15610	cholCost: 0	addCost: 6808	backsolveCost: 16695
node 12	AtA: 7866	cholCost: 19019	addCost: 9112	backsolveCost: 25432
node 13	AtA: 12236	cholCost: 34483	addCost: 14872	backsolveCost: 32679
node 14	AtA: 18354	cholCost: 8268	addCost: 4072	backsolveCost: 24624
node 15	AtA: 19980	cholCost: 52490	addCost: 3352	backsolveCost: 24523
node 16	AtA: 20854	cholCost: 53322	addCost: 4072	backsolveCost: 24624
node 17	AtA: 14736	cholCost: 31131	addCost: 2200	backsolveCost: 16002
node 18	AtA: 14736	cholCost: 31131	addCost: 2200	backsolveCost: 16002
node 19	AtA: 21728	cholCost: 74745	addCost: 4888	backsolveCost: 31323
node 20	AtA: 13862	cholCost: 68464	addCost: 6808	backsolveCost: 25129
node 21	AtA: 9492	cholCost: 52596	addCost: 9112	backsolveCost: 16926
node 22	AtA: 20854	cholCost: 53322	addCost: 4072	backsolveCost: 24624
node 23	AtA: 14736	cholCost: 31131	addCost: 2200	backsolveCost: 16002
node 24	AtA: 16484	cholCost: 52490	addCost: 3352	backsolveCost: 24523
node 25	AtA: 12988	cholCost: 52596	addCost: 9112	backsolveCost: 16926
node 26	AtA: 14736	cholCost: 31131	addCost: 2200	backsolveCost: 16002
node 27	AtA: 14736	cholCost: 31131	addCost: 2200	backsolveCost: 16002
node 28	AtA: 21728	cholCost: 74745	addCost: 4888	backsolveCost: 31323
node 29	AtA: 13862	cholCost: 68464	addCost: 6808	backsolveCost: 25129
node 30	AtA: 11240	cholCost: 107068	addCost: 11800	backsolveCost: 32340
node 31	AtA: 20854	cholCost: 53322	addCost: 4072	backsolveCost: 24624
node 32	AtA: 23476	cholCost: 138888	addCost: 10408	backsolveCost: 51833
node 33	AtA: 14736	cholCost: 32379	addCost: 2728	backsolveCost: 16079
node 34	AtA: 18232	cholCost: 52490	addCost: 3352	backsolveCost: 24523
node 35	AtA: 17358	cholCost: 57981	addCost: 4888	backsolveCost: 24826
node 36	AtA: 13862	cholCost: 68464	addCost: 6808	backsolveCost: 25129
node 37	AtA: 14736	cholCost: 31131	addCost: 2200	backsolveCost: 16002
node 38	AtA: 13862	cholCost: 40241	addCost: 4072	backsolveCost: 16310
node 39	AtA: 17358	cholCost: 61808	addCost: 5800	backsolveCost: 24927
node 40	AtA: 11240	cholCost: 58836	addCost: 10408	backsolveCost: 17003
node 41	AtA: 12114	cholCost: 119132	addCost: 13288	backsolveCost: 32453
node 42	AtA: 13862	cholCost: 179573	addCost: 18328	backsolveCost: 53025
node 43	AtA: 4576	cholCost: 133276	addCost: 18328	backsolveCost: 33018
node 44	AtA: 20854	cholCost: 53322	addCost: 4072	backsolveCost: 24624
node 45	AtA: 12236	cholCost: 2688	addCost: 2200	backsolveCost: 16002
node 46	AtA: 16484	cholCost: 52490	addCost: 3352	backsolveCost: 24523
node 47	AtA: 17358	cholCost: 57981	addCost: 4888	backsolveCost: 24826
node 48	AtA: 12988	cholCost: 64452	addCost: 11800	backsolveCost: 17157
node 49	AtA: 20854	cholCost: 53322	addCost: 4072	backsolveCost: 24624
node 50	AtA: 20854	cholCost: 53322	addCost: 4072	backsolveCost: 24624
node 51	AtA: 18232	cholCost: 52490	addCost: 3352	backsolveCost: 24523
node 52	AtA: 16484	cholCost: 57981	addCost: 4888	backsolveCost: 24826
node 53	AtA: 12988	cholCost: 40865	addCost: 4888	backsolveCost: 16464
node 54	AtA: 21728	cholCost: 65635	addCost: 3352	backsolveCost: 30984
node 55	AtA: 21728	cholCost: 85852	addCost: 6808	backsolveCost: 31662
node 56	AtA: 11240	cholCost: 75952	addCost: 9112	backsolveCost: 25432
node 57	AtA: 3884	cholCost: 66324	addCost: 14872	backsolveCost: 17388
node 58	AtA: 4576	cholCost: 132236	addCost: 16552	backsolveCost: 32792
node 59	AtA: 14736	cholCost: 32379	addCost: 2728	backsolveCost: 16079
node 60	AtA: 20854	cholCost: 74745	addCost: 4888	backsolveCost: 31323
node 61	AtA: 17358	cholCost: 68464	addCost: 6808	backsolveCost: 25129
node 62	AtA: 14736	cholCost: 31131	addCost: 2200	backsolveCost: 16002
node 63	AtA: 21728	cholCost: 74745	addCost: 4888	backsolveCost: 31323
node 64	AtA: 14736	cholCost: 31131	addCost: 2200	backsolveCost: 16002
node 65	AtA: 21728	cholCost: 74745	addCost: 4888	backsolveCost: 31323
node 66	AtA: 14736	cholCost: 98956	addCost: 9112	backsolveCost: 32001
node 67	AtA: 14736	cholCost: 32379	addCost: 2728	backsolveCost: 16079
node 68	AtA: 20854	cholCost: 74745	addCost: 4888	backsolveCost: 31323
node 69	AtA: 20854	cholCost: 53322	addCost: 4072	backsolveCost: 24624
node 70	AtA: 23476	cholCost: 150120	addCost: 11800	backsolveCost: 52131
node 71	AtA: 19980	cholCost: 52490	addCost: 3352	backsolveCost: 24523
node 72	AtA: 21728	cholCost: 85852	addCost: 6808	backsolveCost: 31662
node 73	AtA: 14736	cholCost: 107068	addCost: 11800	backsolveCost: 32340
node 74	AtA: 14736	cholCost: 32379	addCost: 2728	backsolveCost: 16079
node 75	AtA: 20854	cholCost: 74745	addCost: 4888	backsolveCost: 31323
node 76	AtA: 18232	cholCost: 52490	addCost: 3352	backsolveCost: 24523
node 77	AtA: 17358	cholCost: 57981	addCost: 4888	backsolveCost: 24826
node 78	AtA: 25224	cholCost: 182836	addCost: 11800	backsolveCost: 66085
node 79	AtA: 4230	cholCost: 101744	addCost: 16552	backsolveCost: 26139
node 80	AtA: 9492	cholCost: 158184	addCost: 16552	backsolveCost: 44154
node 81	AtA: 12988	cholCost: 275590	addCost: 16552	backsolveCost: 94008
node 82	AtA: 11240	cholCost: 205633	addCost: 16552	backsolveCost: 66777
node 83	AtA: 11240	cholCost: 220526	addCost: 18328	backsolveCost: 67123
node 84	AtA: 5614	cholCost: 169940	addCost: 10408	backsolveCost: 65739
node 85	AtA: 26098	cholCost: 282518	addCost: 1192	backsolveCost: 240540
node 86	AtA: 6870	cholCost: 16194	addCost: 1000	backsolveCost: 10977
node 87	AtA: -1	cholCost: 0	addCost: -1	backsolveCost: 1561

