cliques
166
node 0	AtA: 12236	cholCost: 0	addCost: 2200	backsolveCost: 16002
node 1	AtA: 18354	cholCost: 5520	addCost: 2728	backsolveCost: 30758
node 2	AtA: 9614	cholCost: 7728	addCost: 4888	backsolveCost: 16464
node 3	AtA: 12236	cholCost: 2688	addCost: 2200	backsolveCost: 16002
node 4	AtA: 12236	cholCost: 0	addCost: 2200	backsolveCost: 16002
node 5	AtA: 12236	cholCost: 2688	addCost: 2200	backsolveCost: 16002
node 6	AtA: 18354	cholCost: 8268	addCost: 4072	backsolveCost: 24624
node 7	AtA: 12236	cholCost: 2688	addCost: 2200	backsolveCost: 16002
node 8	AtA: 13984	cholCost: 6028	addCost: 3352	backsolveCost: 24523
node 9	AtA: 14858	cholCost: 9520	addCost: 4888	backsolveCost: 24826
node 10	AtA: 11362	cholCost: 19127	addCost: 9112	backsolveCost: 25432
node 11	AtA: 18354	cholCost: 8268	addCost: 4072	backsolveCost: 24624
node 12	AtA: 13984	cholCost: 6028	addCost: 3352	backsolveCost: 24523
node 13	AtA: 19228	cholCost: 10416	addCost: 4888	backsolveCost: 31323
node 14	AtA: 20854	cholCost: 53322	addCost: 4072	backsolveCost: 24624
node 15	AtA: 20854	cholCost: 53322	addCost: 4072	backsolveCost: 24624
node 16	AtA: 23476	cholCost: 74745	addCost: 4888	backsolveCost: 31323
node 17	AtA: 20854	cholCost: 53322	addCost: 4072	backsolveCost: 24624
node 18	AtA: 20854	cholCost: 57981	addCost: 4888	backsolveCost: 24826
node 19	AtA: 9492	cholCost: 178901	addCost: 20200	backsolveCost: 44565
node 20	AtA: 23476	cholCost: 74745	addCost: 4888	backsolveCost: 31323
node 21	AtA: 13862	cholCost: 45108	addCost: 5800	backsolveCost: 16541
node 22	AtA: 24350	cholCost: 100277	addCost: 5800	backsolveCost: 42510
node 23	AtA: 11240	cholCost: 75952	addCost: 9112	backsolveCost: 25432
node 24	AtA: 15610	cholCost: 119132	addCost: 13288	backsolveCost: 32453
node 25	AtA: 20854	cholCost: 53322	addCost: 4072	backsolveCost: 24624
node 26	AtA: 20854	cholCost: 53322	addCost: 4072	backsolveCost: 24624
node 27	AtA: 14858	cholCost: 9520	addCost: 4888	backsolveCost: 24826
node 28	AtA: 20854	cholCost: 53322	addCost: 4072	backsolveCost: 24624
node 29	AtA: 13862	cholCost: 75952	addCost: 9112	backsolveCost: 25432
node 30	AtA: 3884	cholCost: 66324	addCost: 14872	backsolveCost: 17388
node 31	AtA: 16484	cholCost: 229494	addCost: 28648	backsolveCost: 54068
node 32	AtA: 8618	cholCost: 223841	addCost: 44200	backsolveCost: 34826
node 33	AtA: 20854	cholCost: 53322	addCost: 4072	backsolveCost: 24624
node 34	AtA: 20854	cholCost: 53322	addCost: 4072	backsolveCost: 24624
node 35	AtA: 21728	cholCost: 92924	addCost: 7912	backsolveCost: 31775
node 36	AtA: 3884	cholCost: 65700	addCost: 13288	backsolveCost: 17234
node 37	AtA: 20854	cholCost: 53322	addCost: 4072	backsolveCost: 24624
node 38	AtA: 20854	cholCost: 53322	addCost: 4072	backsolveCost: 24624
node 39	AtA: 20854	cholCost: 53322	addCost: 4072	backsolveCost: 24624
node 40	AtA: 20854	cholCost: 53322	addCost: 4072	backsolveCost: 24624
node 41	AtA: 12988	cholCost: 58836	addCost: 10408	backsolveCost: 17003
node 42	AtA: 3884	cholCost: 72564	addCost: 16552	backsolveCost: 17465
node 43	AtA: 20854	cholCost: 53322	addCost: 4072	backsolveCost: 24624
node 44	AtA: 23476	cholCost: 74745	addCost: 4888	backsolveCost: 31323
node 45	AtA: 22602	cholCost: 156936	addCost: 14872	backsolveCost: 44017
node 46	AtA: 20854	cholCost: 53322	addCost: 4072	backsolveCost: 24624
node 47	AtA: 23476	cholCost: 74745	addCost: 4888	backsolveCost: 31323
node 48	AtA: 23476	cholCost: 74745	addCost: 4888	backsolveCost: 31323
node 49	AtA: 14736	cholCost: 31131	addCost: 2200	backsolveCost: 16002
node 50	AtA: 13862	cholCost: 40241	addCost: 4072	backsolveCost: 16310
node 51	AtA: 14736	cholCost: 45108	addCost: 5800	backsolveCost: 16541
node 52	AtA: 10366	cholCost: 52596	addCost: 9112	backsolveCost: 16926
node 53	AtA: 14736	cholCost: 31131	addCost: 2200	backsolveCost: 16002
node 54	AtA: 21728	cholCost: 74745	addCost: 4888	backsolveCost: 31323
node 55	AtA: 23476	cholCost: 74745	addCost: 4888	backsolveCost: 31323
node 56	AtA: 13862	cholCost: 81776	addCost: 10408	backsolveCost: 25533
node 57	AtA: 6870	cholCost: 72564	addCost: 16552	backsolveCost: 17465
node 58	AtA: 3884	cholCost: 93905	addCost: 26392	backsolveCost: 18081
node 59	AtA: 11240	cholCost: 228822	addCost: 31000	backsolveCost: 45661
node 60	AtA: 5960	cholCost: 467838	addCost: 59800	backsolveCost: 82080
node 61	AtA: 20854	cholCost: 53322	addCost: 4072	backsolveCost: 24624
node 62	AtA: 21728	cholCost: 92924	addCost: 7912	backsolveCost: 31775
node 63	AtA: 14736	cholCost: 31131	addCost: 2200	backsolveCost: 16002
node 64	AtA: 21728	cholCost: 74745	addCost: 4888	backsolveCost: 31323
node 65	AtA: 14736	cholCost: 31131	addCost: 2200	backsolveCost: 16002
node 66	AtA: 21728	cholCost: 74745	addCost: 4888	backsolveCost: 31323
node 67	AtA: 17358	cholCost: 68464	addCost: 6808	backsolveCost: 25129
node 68	AtA: 4576	cholCost: 125164	addCost: 14872	backsolveCost: 32679
node 69	AtA: 14736	cholCost: 31131	addCost: 2200	backsolveCost: 16002
node 70	AtA: 21728	cholCost: 74745	addCost: 4888	backsolveCost: 31323
node 71	AtA: 20854	cholCost: 53322	addCost: 4072	backsolveCost: 24624
node 72	AtA: 19106	cholCost: 124488	addCost: 9112	backsolveCost: 43195
node 73	AtA: 20854	cholCost: 53322	addCost: 4072	backsolveCost: 24624
node 74	AtA: 20854	cholCost: 53322	addCost: 4072	backsolveCost: 24624
node 75	AtA: 14736	cholCost: 31131	addCost: 2200	backsolveCost: 16002
node 76	AtA: 14736	cholCost: 31131	addCost: 2200	backsolveCost: 16002
node 77	AtA: 12988	cholCost: 40865	addCost: 4888	backsolveCost: 16464
node 78	AtA: 12988	cholCost: 40865	addCost: 4888	backsolveCost: 16464
node 79	AtA: 13862	cholCost: 75952	addCost: 9112	backsolveCost: 25432
node 80	AtA: 13862	cholCost: 95920	addCost: 14872	backsolveCost: 26038
node 81	AtA: 4230	cholCost: 108400	addCost: 18328	backsolveCost: 26341
node 82	AtA: 4230	cholCost: 141847	addCost: 31000	backsolveCost: 27250
node 83	AtA: 20854	cholCost: 53322	addCost: 4072	backsolveCost: 24624
node 84	AtA: 20854	cholCost: 53322	addCost: 4072	backsolveCost: 24624
node 85	AtA: 12988	cholCost: 58836	addCost: 10408	backsolveCost: 17003
node 86	AtA: 20854	cholCost: 53322	addCost: 4072	backsolveCost: 24624
node 87	AtA: 20854	cholCost: 53322	addCost: 4072	backsolveCost: 24624
node 88	AtA: 20854	cholCost: 53322	addCost: 4072	backsolveCost: 24624
node 89	AtA: 14736	cholCost: 119132	addCost: 13288	backsolveCost: 32453
node 90	AtA: 10366	cholCost: 123709	addCost: 24232	backsolveCost: 26745
node 91	AtA: 20854	cholCost: 53322	addCost: 4072	backsolveCost: 24624
node 92	AtA: 20854	cholCost: 53322	addCost: 4072	backsolveCost: 24624
node 93	AtA: 13862	cholCost: 75952	addCost: 9112	backsolveCost: 25432
node 94	AtA: 13862	cholCost: 95920	addCost: 14872	backsolveCost: 26038
node 95	AtA: 20854	cholCost: 53322	addCost: 4072	backsolveCost: 24624
node 96	AtA: 20854	cholCost: 53322	addCost: 4072	backsolveCost: 24624
node 97	AtA: 12988	cholCost: 58836	addCost: 10408	backsolveCost: 17003
node 98	AtA: 20854	cholCost: 53322	addCost: 4072	backsolveCost: 24624
node 99	AtA: 20854	cholCost: 53322	addCost: 4072	backsolveCost: 24624
node 100	AtA: 23476	cholCost: 138888	addCost: 10408	backsolveCost: 51833
node 101	AtA: 9492	cholCost: 86292	addCost: 24232	backsolveCost: 17927
node 102	AtA: 3884	cholCost: 120488	addCost: 41368	backsolveCost: 18774
node 103	AtA: 5268	cholCost: 314610	addCost: 53272	backsolveCost: 56154
node 104	AtA: 5960	cholCost: 489137	addCost: 63208	backsolveCost: 82265
node 105	AtA: 20854	cholCost: 53322	addCost: 4072	backsolveCost: 24624
node 106	AtA: 21728	cholCost: 92924	addCost: 7912	backsolveCost: 31775
node 107	AtA: 20854	cholCost: 53322	addCost: 4072	backsolveCost: 24624
node 108	AtA: 20854	cholCost: 53322	addCost: 4072	backsolveCost: 24624
node 109	AtA: 14736	cholCost: 31131	addCost: 2200	backsolveCost: 16002
node 110	AtA: 21728	cholCost: 74745	addCost: 4888	backsolveCost: 31323
node 111	AtA: 14736	cholCost: 31131	addCost: 2200	backsolveCost: 16002
node 112	AtA: 16484	cholCost: 52490	addCost: 3352	backsolveCost: 24523
node 113	AtA: 17358	cholCost: 57981	addCost: 4888	backsolveCost: 24826
node 114	AtA: 4576	cholCost: 125164	addCost: 14872	backsolveCost: 32679
node 115	AtA: 20854	cholCost: 53322	addCost: 4072	backsolveCost: 24624
node 116	AtA: 21728	cholCost: 92924	addCost: 7912	backsolveCost: 31775
node 117	AtA: 14736	cholCost: 31131	addCost: 2200	backsolveCost: 16002
node 118	AtA: 16484	cholCost: 52490	addCost: 3352	backsolveCost: 24523
node 119	AtA: 17358	cholCost: 57981	addCost: 4888	backsolveCost: 24826
node 120	AtA: 17358	cholCost: 68464	addCost: 6808	backsolveCost: 25129
node 121	AtA: 20854	cholCost: 53322	addCost: 4072	backsolveCost: 24624
node 122	AtA: 14736	cholCost: 31131	addCost: 2200	backsolveCost: 16002
node 123	AtA: 16484	cholCost: 52490	addCost: 3352	backsolveCost: 24523
node 124	AtA: 23476	cholCost: 126408	addCost: 9112	backsolveCost: 51684
node 125	AtA: 10366	cholCost: 95920	addCost: 14872	backsolveCost: 26038
node 126	AtA: 5614	cholCost: 280556	addCost: 31000	backsolveCost: 68680
node 127	AtA: 14736	cholCost: 405937	addCost: 47128	backsolveCost: 80970
node 128	AtA: 20854	cholCost: 53322	addCost: 4072	backsolveCost: 24624
node 129	AtA: 20854	cholCost: 53322	addCost: 4072	backsolveCost: 24624
node 130	AtA: 22602	cholCost: 149448	addCost: 13288	backsolveCost: 43743
node 131	AtA: 20854	cholCost: 53322	addCost: 4072	backsolveCost: 24624
node 132	AtA: 20854	cholCost: 53322	addCost: 4072	backsolveCost: 24624
node 133	AtA: 12988	cholCost: 58836	addCost: 10408	backsolveCost: 17003
node 134	AtA: 20854	cholCost: 53322	addCost: 4072	backsolveCost: 24624
node 135	AtA: 14736	cholCost: 31131	addCost: 2200	backsolveCost: 16002
node 136	AtA: 21728	cholCost: 74745	addCost: 4888	backsolveCost: 31323
node 137	AtA: 14736	cholCost: 31131	addCost: 2200	backsolveCost: 16002
node 138	AtA: 16484	cholCost: 52490	addCost: 3352	backsolveCost: 24523
node 139	AtA: 13862	cholCost: 75952	addCost: 9112	backsolveCost: 25432
node 140	AtA: 14736	cholCost: 107068	addCost: 11800	backsolveCost: 32340
node 141	AtA: 3884	cholCost: 78180	addCost: 18328	backsolveCost: 17619
node 142	AtA: 3884	cholCost: 102766	addCost: 31000	backsolveCost: 18312
node 143	AtA: 20854	cholCost: 53322	addCost: 4072	backsolveCost: 24624
node 144	AtA: 20854	cholCost: 53322	addCost: 4072	backsolveCost: 24624
node 145	AtA: 12988	cholCost: 58836	addCost: 10408	backsolveCost: 17003
node 146	AtA: 20854	cholCost: 53322	addCost: 4072	backsolveCost: 24624
node 147	AtA: 20854	cholCost: 53322	addCost: 4072	backsolveCost: 24624
node 148	AtA: 22602	cholCost: 149448	addCost: 13288	backsolveCost: 43743
node 149	AtA: 3884	cholCost: 84420	addCost: 20200	backsolveCost: 17696
node 150	AtA: 20854	cholCost: 53322	addCost: 4072	backsolveCost: 24624
node 151	AtA: 14736	cholCost: 31131	addCost: 2200	backsolveCost: 16002
node 152	AtA: 21728	cholCost: 74745	addCost: 4888	backsolveCost: 31323
node 153	AtA: 13862	cholCost: 75952	addCost: 9112	backsolveCost: 25432
node 154	AtA: 20854	cholCost: 53322	addCost: 4072	backsolveCost: 24624
node 155	AtA: 20854	cholCost: 65635	addCost: 3352	backsolveCost: 30984
node 156	AtA: 17358	cholCost: 57981	addCost: 4888	backsolveCost: 24826
node 157	AtA: 12988	cholCost: 64452	addCost: 11800	backsolveCost: 17157
node 158	AtA: 4230	cholCost: 95920	addCost: 14872	backsolveCost: 26038
node 159	AtA: 3884	cholCost: 111627	addCost: 35992	backsolveCost: 18543
node 160	AtA: 15610	cholCost: 517332	addCost: 53272	backsolveCost: 98815
node 161	AtA: 6652	cholCost: 620052	addCost: 70312	backsolveCost: 113051
node 162	AtA: 8728	cholCost: 1094358	addCost: 70312	backsolveCost: 231392
node 163	AtA: 47074	cholCost: 1899232	addCost: 1192	backsolveCost: 1465485
node 164	AtA: 6870	cholCost: 16194	addCost: 1000	backsolveCost: 10977
node 165	AtA: -1	cholCost: 0	addCost: -1	backsolveCost: 1561

