cliques
91
node 0	AtA: 12236	cholCost: 0	addCost: 2200	backsolveCost: 16002
node 1	AtA: 18354	cholCost: 5520	addCost: 2728	backsolveCost: 30758
node 2	AtA: 9614	cholCost: 7728	addCost: 4888	backsolveCost: 16464
node 3	AtA: 12236	cholCost: 2688	addCost: 2200	backsolveCost: 16002
node 4	AtA: 18354	cholCost: 8268	addCost: 4072	backsolveCost: 24624
node 5	AtA: 12236	cholCost: 2688	addCost: 2200	backsolveCost: 16002
node 6	AtA: 13984	cholCost: 6028	addCost: 3352	backsolveCost: 24523
node 7	AtA: 20976	cholCost: 10416	addCost: 4888	backsolveCost: 31323
node 8	AtA: 7866	cholCost: 14035	addCost: 7912	backsolveCost: 16772
node 9	AtA: 18354	cholCost: 8268	addCost: 4072	backsolveCost: 24624
node 10	AtA: 20854	cholCost: 53322	addCost: 4072	backsolveCost: 24624
node 11	AtA: 19980	cholCost: 52490	addCost: 3352	backsolveCost: 24523
node 12	AtA: 19106	cholCost: 52490	addCost: 3352	backsolveCost: 24523
node 13	AtA: 23476	cholCost: 126408	addCost: 9112	backsolveCost: 51684
node 14	AtA: 20854	cholCost: 53322	addCost: 4072	backsolveCost: 24624
node 15	AtA: 14736	cholCost: 31131	addCost: 2200	backsolveCost: 16002
node 16	AtA: 16484	cholCost: 52490	addCost: 3352	backsolveCost: 24523
node 17	AtA: 17358	cholCost: 57981	addCost: 4888	backsolveCost: 24826
node 18	AtA: 17358	cholCost: 68464	addCost: 6808	backsolveCost: 25129
node 19	AtA: 13862	cholCost: 88432	addCost: 11800	backsolveCost: 25735
node 20	AtA: 14736	cholCost: 31131	addCost: 2200	backsolveCost: 16002
node 21	AtA: 21728	cholCost: 74745	addCost: 4888	backsolveCost: 31323
node 22	AtA: 20854	cholCost: 53322	addCost: 4072	backsolveCost: 24624
node 23	AtA: 14736	cholCost: 31131	addCost: 2200	backsolveCost: 16002
node 24	AtA: 16484	cholCost: 52490	addCost: 3352	backsolveCost: 24523
node 25	AtA: 23476	cholCost: 126408	addCost: 9112	backsolveCost: 51684
node 26	AtA: 20854	cholCost: 53322	addCost: 4072	backsolveCost: 24624
node 27	AtA: 14736	cholCost: 31131	addCost: 2200	backsolveCost: 16002
node 28	AtA: 16484	cholCost: 52490	addCost: 3352	backsolveCost: 24523
node 29	AtA: 12988	cholCost: 52596	addCost: 9112	backsolveCost: 16926
node 30	AtA: 14736	cholCost: 31131	addCost: 2200	backsolveCost: 16002
node 31	AtA: 21728	cholCost: 74745	addCost: 4888	backsolveCost: 31323
node 32	AtA: 14736	cholCost: 31131	addCost: 2200	backsolveCost: 16002
node 33	AtA: 16484	cholCost: 52490	addCost: 3352	backsolveCost: 24523
node 34	AtA: 21728	cholCost: 85852	addCost: 6808	backsolveCost: 31662
node 35	AtA: 10366	cholCost: 75952	addCost: 9112	backsolveCost: 25432
node 36	AtA: 3884	cholCost: 66324	addCost: 14872	backsolveCost: 17388
node 37	AtA: 5268	cholCost: 194050	addCost: 20200	backsolveCost: 53174
node 38	AtA: 20854	cholCost: 53322	addCost: 4072	backsolveCost: 24624
node 39	AtA: 20854	cholCost: 53322	addCost: 4072	backsolveCost: 24624
node 40	AtA: 20854	cholCost: 53322	addCost: 4072	backsolveCost: 24624
node 41	AtA: 14736	cholCost: 31131	addCost: 2200	backsolveCost: 16002
node 42	AtA: 16484	cholCost: 52490	addCost: 3352	backsolveCost: 24523
node 43	AtA: 17358	cholCost: 57981	addCost: 4888	backsolveCost: 24826
node 44	AtA: 4230	cholCost: 95920	addCost: 14872	backsolveCost: 26038
node 45	AtA: 19980	cholCost: 52490	addCost: 3352	backsolveCost: 24523
node 46	AtA: 24350	cholCost: 117000	addCost: 7912	backsolveCost: 42921
node 47	AtA: 12114	cholCost: 107068	addCost: 11800	backsolveCost: 32340
node 48	AtA: 14736	cholCost: 32379	addCost: 2728	backsolveCost: 16079
node 49	AtA: 19980	cholCost: 74745	addCost: 4888	backsolveCost: 31323
node 50	AtA: 12988	cholCost: 40865	addCost: 4888	backsolveCost: 16464
node 51	AtA: 14736	cholCost: 31131	addCost: 2200	backsolveCost: 16002
node 52	AtA: 14736	cholCost: 40241	addCost: 4072	backsolveCost: 16310
node 53	AtA: 21728	cholCost: 92924	addCost: 7912	backsolveCost: 31775
node 54	AtA: 11240	cholCost: 81776	addCost: 10408	backsolveCost: 25533
node 55	AtA: 12114	cholCost: 133276	addCost: 18328	backsolveCost: 33018
node 56	AtA: 5268	cholCost: 179573	addCost: 18328	backsolveCost: 53025
node 57	AtA: 14736	cholCost: 31131	addCost: 2200	backsolveCost: 16002
node 58	AtA: 21728	cholCost: 74745	addCost: 4888	backsolveCost: 31323
node 59	AtA: 20854	cholCost: 53322	addCost: 4072	backsolveCost: 24624
node 60	AtA: 21728	cholCost: 92924	addCost: 7912	backsolveCost: 31775
node 61	AtA: 9492	cholCost: 64452	addCost: 11800	backsolveCost: 17157
node 62	AtA: 14736	cholCost: 32379	addCost: 2728	backsolveCost: 16079
node 63	AtA: 20854	cholCost: 74745	addCost: 4888	backsolveCost: 31323
node 64	AtA: 13862	cholCost: 75952	addCost: 9112	backsolveCost: 25432
node 65	AtA: 21728	cholCost: 74745	addCost: 4888	backsolveCost: 31323
node 66	AtA: 20854	cholCost: 53322	addCost: 4072	backsolveCost: 24624
node 67	AtA: 3884	cholCost: 52596	addCost: 9112	backsolveCost: 16926
node 68	AtA: 12236	cholCost: 2688	addCost: 2200	backsolveCost: 16002
node 69	AtA: 21728	cholCost: 74745	addCost: 4888	backsolveCost: 31323
node 70	AtA: 9492	cholCost: 45732	addCost: 6808	backsolveCost: 16695
node 71	AtA: 20854	cholCost: 53322	addCost: 4072	backsolveCost: 24624
node 72	AtA: 14736	cholCost: 32379	addCost: 2728	backsolveCost: 16079
node 73	AtA: 19980	cholCost: 74745	addCost: 4888	backsolveCost: 31323
node 74	AtA: 12988	cholCost: 40865	addCost: 4888	backsolveCost: 16464
node 75	AtA: 14736	cholCost: 32379	addCost: 2728	backsolveCost: 16079
node 76	AtA: 20854	cholCost: 74745	addCost: 4888	backsolveCost: 31323
node 77	AtA: 14736	cholCost: 32379	addCost: 2728	backsolveCost: 16079
node 78	AtA: 20854	cholCost: 74745	addCost: 4888	backsolveCost: 31323
node 79	AtA: 15610	cholCost: 98956	addCost: 9112	backsolveCost: 32001
node 80	AtA: 7744	cholCost: 95920	addCost: 14872	backsolveCost: 26038
node 81	AtA: 11240	cholCost: 132236	addCost: 16552	backsolveCost: 32792
node 82	AtA: 4576	cholCost: 132236	addCost: 16552	backsolveCost: 32792
node 83	AtA: 8618	cholCost: 132236	addCost: 16552	backsolveCost: 32792
node 84	AtA: 4922	cholCost: 158184	addCost: 16552	backsolveCost: 44154
node 85	AtA: 11240	cholCost: 220526	addCost: 18328	backsolveCost: 67123
node 86	AtA: 5960	cholCost: 248186	addCost: 18328	backsolveCost: 77640
node 87	AtA: 5614	cholCost: 169940	addCost: 10408	backsolveCost: 65739
node 88	AtA: 26972	cholCost: 282518	addCost: 1192	backsolveCost: 240540
node 89	AtA: 6870	cholCost: 16194	addCost: 1000	backsolveCost: 10977
node 90	AtA: -1	cholCost: 0	addCost: -1	backsolveCost: 1561

