cliques
102
node 0	AtA: 14858	cholCost: 0	addCost: 2200	backsolveCost: 24220
node 1	AtA: 14858	cholCost: 8268	addCost: 4072	backsolveCost: 24624
node 2	AtA: 12236	cholCost: 2688	addCost: 2200	backsolveCost: 16002
node 3	AtA: 12236	cholCost: 2688	addCost: 2200	backsolveCost: 16002
node 4	AtA: 13984	cholCost: 6161	addCost: 3352	backsolveCost: 24523
node 5	AtA: 11362	cholCost: 7855	addCost: 4888	backsolveCost: 16464
node 6	AtA: 12236	cholCost: 2688	addCost: 2200	backsolveCost: 16002
node 7	AtA: 23476	cholCost: 74745	addCost: 4888	backsolveCost: 31323
node 8	AtA: 21728	cholCost: 74745	addCost: 4888	backsolveCost: 31323
node 9	AtA: 20854	cholCost: 53322	addCost: 4072	backsolveCost: 24624
node 10	AtA: 15610	cholCost: 51972	addCost: 7912	backsolveCost: 16772
node 11	AtA: 8618	cholCost: 107068	addCost: 11800	backsolveCost: 32340
node 12	AtA: 11240	cholCost: 89264	addCost: 13288	backsolveCost: 25836
node 13	AtA: 20854	cholCost: 53322	addCost: 4072	backsolveCost: 24624
node 14	AtA: 14736	cholCost: 32379	addCost: 2728	backsolveCost: 16079
node 15	AtA: 20854	cholCost: 74745	addCost: 4888	backsolveCost: 31323
node 16	AtA: 23476	cholCost: 74745	addCost: 4888	backsolveCost: 31323
node 17	AtA: 19980	cholCost: 53322	addCost: 4072	backsolveCost: 24624
node 18	AtA: 13862	cholCost: 53322	addCost: 4072	backsolveCost: 24624
node 19	AtA: 13862	cholCost: 64452	addCost: 11800	backsolveCost: 17157
node 20	AtA: 8618	cholCost: 125164	addCost: 14872	backsolveCost: 32679
node 21	AtA: 20854	cholCost: 53322	addCost: 4072	backsolveCost: 24624
node 22	AtA: 14736	cholCost: 31131	addCost: 2200	backsolveCost: 16002
node 23	AtA: 14736	cholCost: 31131	addCost: 2200	backsolveCost: 16002
node 24	AtA: 21728	cholCost: 74745	addCost: 4888	backsolveCost: 31323
node 25	AtA: 13862	cholCost: 68464	addCost: 6808	backsolveCost: 25129
node 26	AtA: 13862	cholCost: 88432	addCost: 11800	backsolveCost: 25735
node 27	AtA: 14736	cholCost: 31131	addCost: 2200	backsolveCost: 16002
node 28	AtA: 21728	cholCost: 74745	addCost: 4888	backsolveCost: 31323
node 29	AtA: 20854	cholCost: 53322	addCost: 4072	backsolveCost: 24624
node 30	AtA: 21728	cholCost: 92924	addCost: 7912	backsolveCost: 31775
node 31	AtA: 13862	cholCost: 95920	addCost: 14872	backsolveCost: 26038
node 32	AtA: 12988	cholCost: 179573	addCost: 18328	backsolveCost: 53025
node 33	AtA: 4576	cholCost: 162438	addCost: 24232	backsolveCost: 33470
node 34	AtA: 20854	cholCost: 53322	addCost: 4072	backsolveCost: 24624
node 35	AtA: 14736	cholCost: 31131	addCost: 2200	backsolveCost: 16002
node 36	AtA: 21728	cholCost: 74745	addCost: 4888	backsolveCost: 31323
node 37	AtA: 14736	cholCost: 31131	addCost: 2200	backsolveCost: 16002
node 38	AtA: 21728	cholCost: 74745	addCost: 4888	backsolveCost: 31323
node 39	AtA: 14736	cholCost: 31131	addCost: 2200	backsolveCost: 16002
node 40	AtA: 21728	cholCost: 74745	addCost: 4888	backsolveCost: 31323
node 41	AtA: 14736	cholCost: 98956	addCost: 9112	backsolveCost: 32001
node 42	AtA: 4230	cholCost: 95920	addCost: 14872	backsolveCost: 26038
node 43	AtA: 20854	cholCost: 53322	addCost: 4072	backsolveCost: 24624
node 44	AtA: 18232	cholCost: 52490	addCost: 3352	backsolveCost: 24523
node 45	AtA: 17358	cholCost: 57981	addCost: 4888	backsolveCost: 24826
node 46	AtA: 18232	cholCost: 52490	addCost: 3352	backsolveCost: 24523
node 47	AtA: 17358	cholCost: 57981	addCost: 4888	backsolveCost: 24826
node 48	AtA: 17358	cholCost: 150120	addCost: 11800	backsolveCost: 52131
node 49	AtA: 20854	cholCost: 53322	addCost: 4072	backsolveCost: 24624
node 50	AtA: 14736	cholCost: 32379	addCost: 2728	backsolveCost: 16079
node 51	AtA: 19980	cholCost: 74745	addCost: 4888	backsolveCost: 31323
node 52	AtA: 12988	cholCost: 40865	addCost: 4888	backsolveCost: 16464
node 53	AtA: 14736	cholCost: 32379	addCost: 2728	backsolveCost: 16079
node 54	AtA: 20854	cholCost: 74745	addCost: 4888	backsolveCost: 31323
node 55	AtA: 15610	cholCost: 98956	addCost: 9112	backsolveCost: 32001
node 56	AtA: 19106	cholCost: 156936	addCost: 14872	backsolveCost: 44017
node 57	AtA: 7744	cholCost: 115888	addCost: 22168	backsolveCost: 26644
node 58	AtA: 4922	cholCost: 194626	addCost: 24232	backsolveCost: 44976
node 59	AtA: 20854	cholCost: 53322	addCost: 4072	backsolveCost: 24624
node 60	AtA: 20854	cholCost: 53322	addCost: 4072	backsolveCost: 24624
node 61	AtA: 12988	cholCost: 58836	addCost: 10408	backsolveCost: 17003
node 62	AtA: 20854	cholCost: 53322	addCost: 4072	backsolveCost: 24624
node 63	AtA: 14736	cholCost: 31131	addCost: 2200	backsolveCost: 16002
node 64	AtA: 16484	cholCost: 52490	addCost: 3352	backsolveCost: 24523
node 65	AtA: 22602	cholCost: 138216	addCost: 11800	backsolveCost: 43606
node 66	AtA: 3884	cholCost: 78180	addCost: 18328	backsolveCost: 17619
node 67	AtA: 14736	cholCost: 32379	addCost: 2728	backsolveCost: 16079
node 68	AtA: 20854	cholCost: 74745	addCost: 4888	backsolveCost: 31323
node 69	AtA: 20854	cholCost: 53322	addCost: 4072	backsolveCost: 24624
node 70	AtA: 14736	cholCost: 32379	addCost: 2728	backsolveCost: 16079
node 71	AtA: 19980	cholCost: 74745	addCost: 4888	backsolveCost: 31323
node 72	AtA: 12988	cholCost: 40865	addCost: 4888	backsolveCost: 16464
node 73	AtA: 7744	cholCost: 75952	addCost: 9112	backsolveCost: 25432
node 74	AtA: 20854	cholCost: 53322	addCost: 4072	backsolveCost: 24624
node 75	AtA: 20854	cholCost: 53322	addCost: 4072	backsolveCost: 24624
node 76	AtA: 21728	cholCost: 74745	addCost: 4888	backsolveCost: 31323
node 77	AtA: 15610	cholCost: 138216	addCost: 11800	backsolveCost: 43606
node 78	AtA: 15610	cholCost: 138216	addCost: 11800	backsolveCost: 43606
node 79	AtA: 14736	cholCost: 32379	addCost: 2728	backsolveCost: 16079
node 80	AtA: 20854	cholCost: 74745	addCost: 4888	backsolveCost: 31323
node 81	AtA: 20854	cholCost: 53322	addCost: 4072	backsolveCost: 24624
node 82	AtA: 18232	cholCost: 52490	addCost: 3352	backsolveCost: 24523
node 83	AtA: 14736	cholCost: 40865	addCost: 4888	backsolveCost: 16464
node 84	AtA: 12988	cholCost: 124488	addCost: 9112	backsolveCost: 43195
node 85	AtA: 14736	cholCost: 32379	addCost: 2728	backsolveCost: 16079
node 86	AtA: 20854	cholCost: 74745	addCost: 4888	backsolveCost: 31323
node 87	AtA: 20854	cholCost: 53322	addCost: 4072	backsolveCost: 24624
node 88	AtA: 20854	cholCost: 53322	addCost: 4072	backsolveCost: 24624
node 89	AtA: 20854	cholCost: 53322	addCost: 4072	backsolveCost: 24624
node 90	AtA: 20854	cholCost: 53322	addCost: 4072	backsolveCost: 24624
node 91	AtA: 20854	cholCost: 53322	addCost: 4072	backsolveCost: 24624
node 92	AtA: 14736	cholCost: 119132	addCost: 13288	backsolveCost: 32453
node 93	AtA: 4922	cholCost: 193378	addCost: 22168	backsolveCost: 44839
node 94	AtA: 8618	cholCost: 153369	addCost: 22168	backsolveCost: 33357
node 95	AtA: 4576	cholCost: 162438	addCost: 24232	backsolveCost: 33470
node 96	AtA: 8618	cholCost: 162438	addCost: 24232	backsolveCost: 33470
node 97	AtA: 5614	cholCost: 245320	addCost: 24232	backsolveCost: 67815
node 98	AtA: 12988	cholCost: 329754	addCost: 24232	backsolveCost: 95262
node 99	AtA: 29594	cholCost: 586075	addCost: 1192	backsolveCost: 493301
node 100	AtA: 6870	cholCost: 16194	addCost: 1000	backsolveCost: 10977
node 101	AtA: -1	cholCost: 0	addCost: -1	backsolveCost: 1561

