cliques
96
node 0	AtA: 12236	cholCost: 2688	addCost: 2200	backsolveCost: 16002
node 1	AtA: 18354	cholCost: 0	addCost: 2728	backsolveCost: 30758
node 2	AtA: 9614	cholCost: 7728	addCost: 4888	backsolveCost: 16464
node 3	AtA: 11362	cholCost: 9984	addCost: 5800	backsolveCost: 16541
node 4	AtA: 17480	cholCost: 6028	addCost: 3352	backsolveCost: 24523
node 5	AtA: 12236	cholCost: 0	addCost: 2200	backsolveCost: 16002
node 6	AtA: 18354	cholCost: 8419	addCost: 4072	backsolveCost: 24624
node 7	AtA: 18354	cholCost: 8268	addCost: 4072	backsolveCost: 24624
node 8	AtA: 12236	cholCost: 2688	addCost: 2200	backsolveCost: 16002
node 9	AtA: 18354	cholCost: 8268	addCost: 4072	backsolveCost: 24624
node 10	AtA: 12236	cholCost: 0	addCost: 2200	backsolveCost: 16002
node 11	AtA: 12236	cholCost: 2688	addCost: 2200	backsolveCost: 16002
node 12	AtA: 10488	cholCost: 7728	addCost: 4888	backsolveCost: 16464
node 13	AtA: 10488	cholCost: 7728	addCost: 4888	backsolveCost: 16464
node 14	AtA: 18354	cholCost: 8407	addCost: 4072	backsolveCost: 24624
node 15	AtA: 12236	cholCost: 0	addCost: 2200	backsolveCost: 16002
node 16	AtA: 12236	cholCost: 2688	addCost: 2200	backsolveCost: 16002
node 17	AtA: 12236	cholCost: 2688	addCost: 2200	backsolveCost: 16002
node 18	AtA: 13984	cholCost: 6028	addCost: 3352	backsolveCost: 24523
node 19	AtA: 14858	cholCost: 9659	addCost: 4888	backsolveCost: 24826
node 20	AtA: 20976	cholCost: 34081	addCost: 11800	backsolveCost: 52131
node 21	AtA: 20976	cholCost: 10561	addCost: 4888	backsolveCost: 31323
node 22	AtA: 11362	cholCost: 11220	addCost: 6808	backsolveCost: 16695
node 23	AtA: 18354	cholCost: 8268	addCost: 4072	backsolveCost: 24624
node 24	AtA: 3384	cholCost: 20311	addCost: 11800	backsolveCost: 17157
node 25	AtA: 13984	cholCost: 6167	addCost: 3352	backsolveCost: 24523
node 26	AtA: 12236	cholCost: 2688	addCost: 2200	backsolveCost: 16002
node 27	AtA: 19228	cholCost: 10555	addCost: 4888	backsolveCost: 31323
node 28	AtA: 18354	cholCost: 8268	addCost: 4072	backsolveCost: 24624
node 29	AtA: 12236	cholCost: 2688	addCost: 2200	backsolveCost: 16002
node 30	AtA: 19228	cholCost: 10416	addCost: 4888	backsolveCost: 31323
node 31	AtA: 18354	cholCost: 8268	addCost: 4072	backsolveCost: 24624
node 32	AtA: 12236	cholCost: 2688	addCost: 2200	backsolveCost: 16002
node 33	AtA: 13862	cholCost: 75952	addCost: 9112	backsolveCost: 25432
node 34	AtA: 4230	cholCost: 95920	addCost: 14872	backsolveCost: 26038
node 35	AtA: 14736	cholCost: 32379	addCost: 2728	backsolveCost: 16079
node 36	AtA: 20854	cholCost: 74745	addCost: 4888	backsolveCost: 31323
node 37	AtA: 17358	cholCost: 68464	addCost: 6808	backsolveCost: 25129
node 38	AtA: 14736	cholCost: 32379	addCost: 2728	backsolveCost: 16079
node 39	AtA: 23476	cholCost: 100277	addCost: 5800	backsolveCost: 42510
node 40	AtA: 14736	cholCost: 31131	addCost: 2200	backsolveCost: 16002
node 41	AtA: 15610	cholCost: 61808	addCost: 5800	backsolveCost: 24927
node 42	AtA: 13862	cholCost: 45732	addCost: 6808	backsolveCost: 16695
node 43	AtA: 12114	cholCost: 81776	addCost: 10408	backsolveCost: 25533
node 44	AtA: 16484	cholCost: 132236	addCost: 16552	backsolveCost: 32792
node 45	AtA: 6870	cholCost: 84420	addCost: 20200	backsolveCost: 17696
node 46	AtA: 8618	cholCost: 153369	addCost: 22168	backsolveCost: 33357
node 47	AtA: 20854	cholCost: 53322	addCost: 4072	backsolveCost: 24624
node 48	AtA: 12988	cholCost: 58836	addCost: 10408	backsolveCost: 17003
node 49	AtA: 19106	cholCost: 52490	addCost: 3352	backsolveCost: 24523
node 50	AtA: 14736	cholCost: 31131	addCost: 2200	backsolveCost: 16002
node 51	AtA: 21728	cholCost: 74745	addCost: 4888	backsolveCost: 31323
node 52	AtA: 13862	cholCost: 75952	addCost: 9112	backsolveCost: 25432
node 53	AtA: 11240	cholCost: 125164	addCost: 14872	backsolveCost: 32679
node 54	AtA: 12988	cholCost: 66324	addCost: 14872	backsolveCost: 17388
node 55	AtA: 20854	cholCost: 53322	addCost: 4072	backsolveCost: 24624
node 56	AtA: 21728	cholCost: 189280	addCost: 9112	backsolveCost: 75975
node 57	AtA: 19228	cholCost: 10416	addCost: 4888	backsolveCost: 31323
node 58	AtA: 11362	cholCost: 19031	addCost: 9112	backsolveCost: 25432
node 59	AtA: 19980	cholCost: 52490	addCost: 3352	backsolveCost: 24523
node 60	AtA: 14736	cholCost: 31131	addCost: 2200	backsolveCost: 16002
node 61	AtA: 21728	cholCost: 74745	addCost: 4888	backsolveCost: 31323
node 62	AtA: 13862	cholCost: 75952	addCost: 9112	backsolveCost: 25432
node 63	AtA: 21728	cholCost: 74745	addCost: 4888	backsolveCost: 31323
node 64	AtA: 20854	cholCost: 53322	addCost: 4072	backsolveCost: 24624
node 65	AtA: 13862	cholCost: 75952	addCost: 9112	backsolveCost: 25432
node 66	AtA: 4576	cholCost: 133276	addCost: 18328	backsolveCost: 33018
node 67	AtA: 4230	cholCost: 109232	addCost: 20200	backsolveCost: 26442
node 68	AtA: 10488	cholCost: 20305	addCost: 11800	backsolveCost: 17157
node 69	AtA: 20854	cholCost: 53322	addCost: 4072	backsolveCost: 24624
node 70	AtA: 14736	cholCost: 31131	addCost: 2200	backsolveCost: 16002
node 71	AtA: 21728	cholCost: 74745	addCost: 4888	backsolveCost: 31323
node 72	AtA: 13862	cholCost: 68464	addCost: 6808	backsolveCost: 25129
node 73	AtA: 13862	cholCost: 88432	addCost: 11800	backsolveCost: 25735
node 74	AtA: 12114	cholCost: 165672	addCost: 18328	backsolveCost: 44428
node 75	AtA: 14736	cholCost: 31131	addCost: 2200	backsolveCost: 16002
node 76	AtA: 21728	cholCost: 74745	addCost: 4888	backsolveCost: 31323
node 77	AtA: 20854	cholCost: 53322	addCost: 4072	backsolveCost: 24624
node 78	AtA: 12988	cholCost: 64452	addCost: 11800	backsolveCost: 17157
node 79	AtA: 14736	cholCost: 31131	addCost: 2200	backsolveCost: 16002
node 80	AtA: 14736	cholCost: 31131	addCost: 2200	backsolveCost: 16002
node 81	AtA: 12988	cholCost: 40865	addCost: 4888	backsolveCost: 16464
node 82	AtA: 12988	cholCost: 40865	addCost: 4888	backsolveCost: 16464
node 83	AtA: 14736	cholCost: 31131	addCost: 2200	backsolveCost: 16002
node 84	AtA: 21728	cholCost: 74745	addCost: 4888	backsolveCost: 31323
node 85	AtA: 20854	cholCost: 53322	addCost: 4072	backsolveCost: 24624
node 86	AtA: 13862	cholCost: 75952	addCost: 9112	backsolveCost: 25432
node 87	AtA: 5268	cholCost: 179573	addCost: 18328	backsolveCost: 53025
node 88	AtA: 5268	cholCost: 194050	addCost: 20200	backsolveCost: 53174
node 89	AtA: 5960	cholCost: 263495	addCost: 20200	backsolveCost: 77825
node 90	AtA: 4576	cholCost: 140348	addCost: 20200	backsolveCost: 33131
node 91	AtA: 5268	cholCost: 194050	addCost: 20200	backsolveCost: 53174
node 92	AtA: 12114	cholCost: 248186	addCost: 18328	backsolveCost: 77640
node 93	AtA: 22602	cholCost: 282518	addCost: 1192	backsolveCost: 240540
node 94	AtA: 6870	cholCost: 16194	addCost: 1000	backsolveCost: 10977
node 95	AtA: -1	cholCost: 0	addCost: -1	backsolveCost: 1561

