cliques
161
node 0	AtA: 14736	cholCost: 31131	addCost: 2200	backsolveCost: 16002
node 1	AtA: 13862	cholCost: 40241	addCost: 4072	backsolveCost: 16310
node 2	AtA: 17358	cholCost: 61808	addCost: 5800	backsolveCost: 24927
node 3	AtA: 20854	cholCost: 53322	addCost: 4072	backsolveCost: 24624
node 4	AtA: 14736	cholCost: 31131	addCost: 2200	backsolveCost: 16002
node 5	AtA: 21728	cholCost: 74745	addCost: 4888	backsolveCost: 31323
node 6	AtA: 13862	cholCost: 75952	addCost: 9112	backsolveCost: 25432
node 7	AtA: 10366	cholCost: 89264	addCost: 13288	backsolveCost: 25836
node 8	AtA: 20854	cholCost: 53322	addCost: 4072	backsolveCost: 24624
node 9	AtA: 20854	cholCost: 53322	addCost: 4072	backsolveCost: 24624
node 10	AtA: 20854	cholCost: 53322	addCost: 4072	backsolveCost: 24624
node 11	AtA: 23476	cholCost: 74745	addCost: 4888	backsolveCost: 31323
node 12	AtA: 12988	cholCost: 64452	addCost: 11800	backsolveCost: 17157
node 13	AtA: 11240	cholCost: 133276	addCost: 18328	backsolveCost: 33018
node 14	AtA: 6870	cholCost: 102766	addCost: 31000	backsolveCost: 18312
node 15	AtA: 20854	cholCost: 53322	addCost: 4072	backsolveCost: 24624
node 16	AtA: 20854	cholCost: 53322	addCost: 4072	backsolveCost: 24624
node 17	AtA: 20854	cholCost: 53322	addCost: 4072	backsolveCost: 24624
node 18	AtA: 20854	cholCost: 53322	addCost: 4072	backsolveCost: 24624
node 19	AtA: 14736	cholCost: 119132	addCost: 13288	backsolveCost: 32453
node 20	AtA: 19106	cholCost: 178901	addCost: 20200	backsolveCost: 44565
node 21	AtA: 20854	cholCost: 53322	addCost: 4072	backsolveCost: 24624
node 22	AtA: 20854	cholCost: 53322	addCost: 4072	backsolveCost: 24624
node 23	AtA: 12988	cholCost: 58836	addCost: 10408	backsolveCost: 17003
node 24	AtA: 20854	cholCost: 53322	addCost: 4072	backsolveCost: 24624
node 25	AtA: 20854	cholCost: 53322	addCost: 4072	backsolveCost: 24624
node 26	AtA: 23476	cholCost: 138888	addCost: 10408	backsolveCost: 51833
node 27	AtA: 4922	cholCost: 265514	addCost: 44200	backsolveCost: 46620
node 28	AtA: 20854	cholCost: 53322	addCost: 4072	backsolveCost: 24624
node 29	AtA: 20854	cholCost: 53322	addCost: 4072	backsolveCost: 24624
node 30	AtA: 20854	cholCost: 53322	addCost: 4072	backsolveCost: 24624
node 31	AtA: 14736	cholCost: 119132	addCost: 13288	backsolveCost: 32453
node 32	AtA: 20854	cholCost: 53322	addCost: 4072	backsolveCost: 24624
node 33	AtA: 14736	cholCost: 31131	addCost: 2200	backsolveCost: 16002
node 34	AtA: 16484	cholCost: 52490	addCost: 3352	backsolveCost: 24523
node 35	AtA: 21728	cholCost: 85852	addCost: 6808	backsolveCost: 31662
node 36	AtA: 19106	cholCost: 138216	addCost: 11800	backsolveCost: 43606
node 37	AtA: 20854	cholCost: 53322	addCost: 4072	backsolveCost: 24624
node 38	AtA: 14736	cholCost: 31131	addCost: 2200	backsolveCost: 16002
node 39	AtA: 21728	cholCost: 74745	addCost: 4888	backsolveCost: 31323
node 40	AtA: 20854	cholCost: 53322	addCost: 4072	backsolveCost: 24624
node 41	AtA: 14736	cholCost: 31131	addCost: 2200	backsolveCost: 16002
node 42	AtA: 14736	cholCost: 31131	addCost: 2200	backsolveCost: 16002
node 43	AtA: 12988	cholCost: 40865	addCost: 4888	backsolveCost: 16464
node 44	AtA: 12988	cholCost: 40865	addCost: 4888	backsolveCost: 16464
node 45	AtA: 13862	cholCost: 75952	addCost: 9112	backsolveCost: 25432
node 46	AtA: 10366	cholCost: 88432	addCost: 11800	backsolveCost: 25735
node 47	AtA: 14736	cholCost: 125164	addCost: 14872	backsolveCost: 32679
node 48	AtA: 4230	cholCost: 115888	addCost: 22168	backsolveCost: 26644
node 49	AtA: 10366	cholCost: 167806	addCost: 41368	backsolveCost: 27856
node 50	AtA: 5614	cholCost: 471876	addCost: 74008	backsolveCost: 72313
node 51	AtA: 20854	cholCost: 53322	addCost: 4072	backsolveCost: 24624
node 52	AtA: 14736	cholCost: 31131	addCost: 2200	backsolveCost: 16002
node 53	AtA: 21728	cholCost: 74745	addCost: 4888	backsolveCost: 31323
node 54	AtA: 20854	cholCost: 53322	addCost: 4072	backsolveCost: 24624
node 55	AtA: 14736	cholCost: 31131	addCost: 2200	backsolveCost: 16002
node 56	AtA: 21728	cholCost: 74745	addCost: 4888	backsolveCost: 31323
node 57	AtA: 19106	cholCost: 124488	addCost: 9112	backsolveCost: 43195
node 58	AtA: 10366	cholCost: 88432	addCost: 11800	backsolveCost: 25735
node 59	AtA: 13862	cholCost: 108400	addCost: 18328	backsolveCost: 26341
node 60	AtA: 20854	cholCost: 53322	addCost: 4072	backsolveCost: 24624
node 61	AtA: 20854	cholCost: 53322	addCost: 4072	backsolveCost: 24624
node 62	AtA: 12988	cholCost: 58836	addCost: 10408	backsolveCost: 17003
node 63	AtA: 20854	cholCost: 53322	addCost: 4072	backsolveCost: 24624
node 64	AtA: 25224	cholCost: 125736	addCost: 10408	backsolveCost: 43332
node 65	AtA: 14736	cholCost: 31131	addCost: 2200	backsolveCost: 16002
node 66	AtA: 21728	cholCost: 74745	addCost: 4888	backsolveCost: 31323
node 67	AtA: 14736	cholCost: 31131	addCost: 2200	backsolveCost: 16002
node 68	AtA: 16484	cholCost: 52490	addCost: 3352	backsolveCost: 24523
node 69	AtA: 13862	cholCost: 40241	addCost: 4072	backsolveCost: 16310
node 70	AtA: 15610	cholCost: 45732	addCost: 6808	backsolveCost: 16695
node 71	AtA: 10366	cholCost: 75952	addCost: 9112	backsolveCost: 25432
node 72	AtA: 6870	cholCost: 66324	addCost: 14872	backsolveCost: 17388
node 73	AtA: 10366	cholCost: 132362	addCost: 26392	backsolveCost: 26947
node 74	AtA: 4922	cholCost: 246544	addCost: 35992	backsolveCost: 46072
node 75	AtA: 23476	cholCost: 74745	addCost: 4888	backsolveCost: 31323
node 76	AtA: 23476	cholCost: 74745	addCost: 4888	backsolveCost: 31323
node 77	AtA: 23476	cholCost: 74745	addCost: 4888	backsolveCost: 31323
node 78	AtA: 19106	cholCost: 165672	addCost: 18328	backsolveCost: 44428
node 79	AtA: 20854	cholCost: 53322	addCost: 4072	backsolveCost: 24624
node 80	AtA: 21728	cholCost: 92924	addCost: 7912	backsolveCost: 31775
node 81	AtA: 18232	cholCost: 52490	addCost: 3352	backsolveCost: 24523
node 82	AtA: 17358	cholCost: 57981	addCost: 4888	backsolveCost: 24826
node 83	AtA: 14736	cholCost: 32379	addCost: 2728	backsolveCost: 16079
node 84	AtA: 14736	cholCost: 32379	addCost: 2728	backsolveCost: 16079
node 85	AtA: 20854	cholCost: 74745	addCost: 4888	backsolveCost: 31323
node 86	AtA: 13862	cholCost: 68464	addCost: 6808	backsolveCost: 25129
node 87	AtA: 12988	cholCost: 45732	addCost: 6808	backsolveCost: 16695
node 88	AtA: 8618	cholCost: 125164	addCost: 14872	backsolveCost: 32679
node 89	AtA: 20854	cholCost: 53322	addCost: 4072	backsolveCost: 24624
node 90	AtA: 21728	cholCost: 65635	addCost: 3352	backsolveCost: 30984
node 91	AtA: 12988	cholCost: 52596	addCost: 9112	backsolveCost: 16926
node 92	AtA: 20854	cholCost: 53322	addCost: 4072	backsolveCost: 24624
node 93	AtA: 20854	cholCost: 53322	addCost: 4072	backsolveCost: 24624
node 94	AtA: 20854	cholCost: 53322	addCost: 4072	backsolveCost: 24624
node 95	AtA: 14736	cholCost: 119132	addCost: 13288	backsolveCost: 32453
node 96	AtA: 3884	cholCost: 78180	addCost: 18328	backsolveCost: 17619
node 97	AtA: 8618	cholCost: 163478	addCost: 26392	backsolveCost: 33696
node 98	AtA: 4230	cholCost: 175627	addCost: 44200	backsolveCost: 27957
node 99	AtA: 12114	cholCost: 467838	addCost: 59800	backsolveCost: 82080
node 100	AtA: 20854	cholCost: 53322	addCost: 4072	backsolveCost: 24624
node 101	AtA: 20854	cholCost: 53322	addCost: 4072	backsolveCost: 24624
node 102	AtA: 22602	cholCost: 149448	addCost: 13288	backsolveCost: 43743
node 103	AtA: 20854	cholCost: 53322	addCost: 4072	backsolveCost: 24624
node 104	AtA: 20854	cholCost: 53322	addCost: 4072	backsolveCost: 24624
node 105	AtA: 22602	cholCost: 149448	addCost: 13288	backsolveCost: 43743
node 106	AtA: 10366	cholCost: 133194	addCost: 28648	backsolveCost: 27048
node 107	AtA: 20854	cholCost: 53322	addCost: 4072	backsolveCost: 24624
node 108	AtA: 14736	cholCost: 31131	addCost: 2200	backsolveCost: 16002
node 109	AtA: 21728	cholCost: 74745	addCost: 4888	backsolveCost: 31323
node 110	AtA: 14736	cholCost: 31131	addCost: 2200	backsolveCost: 16002
node 111	AtA: 16484	cholCost: 52490	addCost: 3352	backsolveCost: 24523
node 112	AtA: 17358	cholCost: 57981	addCost: 4888	backsolveCost: 24826
node 113	AtA: 16484	cholCost: 150120	addCost: 11800	backsolveCost: 52131
node 114	AtA: 20854	cholCost: 53322	addCost: 4072	backsolveCost: 24624
node 115	AtA: 20854	cholCost: 53322	addCost: 4072	backsolveCost: 24624
node 116	AtA: 14736	cholCost: 31131	addCost: 2200	backsolveCost: 16002
node 117	AtA: 21728	cholCost: 74745	addCost: 4888	backsolveCost: 31323
node 118	AtA: 17358	cholCost: 68464	addCost: 6808	backsolveCost: 25129
node 119	AtA: 13862	cholCost: 88432	addCost: 11800	backsolveCost: 25735
node 120	AtA: 13862	cholCost: 108400	addCost: 18328	backsolveCost: 26341
node 121	AtA: 4230	cholCost: 132362	addCost: 26392	backsolveCost: 26947
node 122	AtA: 4576	cholCost: 252962	addCost: 53272	backsolveCost: 35391
node 123	AtA: 20854	cholCost: 53322	addCost: 4072	backsolveCost: 24624
node 124	AtA: 14736	cholCost: 31131	addCost: 2200	backsolveCost: 16002
node 125	AtA: 16484	cholCost: 52490	addCost: 3352	backsolveCost: 24523
node 126	AtA: 17358	cholCost: 57981	addCost: 4888	backsolveCost: 24826
node 127	AtA: 12988	cholCost: 64452	addCost: 11800	backsolveCost: 17157
node 128	AtA: 20854	cholCost: 53322	addCost: 4072	backsolveCost: 24624
node 129	AtA: 14736	cholCost: 31131	addCost: 2200	backsolveCost: 16002
node 130	AtA: 21728	cholCost: 74745	addCost: 4888	backsolveCost: 31323
node 131	AtA: 19980	cholCost: 52490	addCost: 3352	backsolveCost: 24523
node 132	AtA: 21728	cholCost: 85852	addCost: 6808	backsolveCost: 31662
node 133	AtA: 16484	cholCost: 158856	addCost: 14872	backsolveCost: 52578
node 134	AtA: 12114	cholCost: 193378	addCost: 22168	backsolveCost: 44839
node 135	AtA: 20854	cholCost: 53322	addCost: 4072	backsolveCost: 24624
node 136	AtA: 20854	cholCost: 53322	addCost: 4072	backsolveCost: 24624
node 137	AtA: 20854	cholCost: 53322	addCost: 4072	backsolveCost: 24624
node 138	AtA: 12988	cholCost: 58836	addCost: 10408	backsolveCost: 17003
node 139	AtA: 12988	cholCost: 84420	addCost: 20200	backsolveCost: 17696
node 140	AtA: 20854	cholCost: 53322	addCost: 4072	backsolveCost: 24624
node 141	AtA: 20854	cholCost: 53322	addCost: 4072	backsolveCost: 24624
node 142	AtA: 22602	cholCost: 149448	addCost: 13288	backsolveCost: 43743
node 143	AtA: 20854	cholCost: 53322	addCost: 4072	backsolveCost: 24624
node 144	AtA: 14736	cholCost: 31131	addCost: 2200	backsolveCost: 16002
node 145	AtA: 21728	cholCost: 74745	addCost: 4888	backsolveCost: 31323
node 146	AtA: 14736	cholCost: 31131	addCost: 2200	backsolveCost: 16002
node 147	AtA: 21728	cholCost: 74745	addCost: 4888	backsolveCost: 31323
node 148	AtA: 20854	cholCost: 53322	addCost: 4072	backsolveCost: 24624
node 149	AtA: 14736	cholCost: 31131	addCost: 2200	backsolveCost: 16002
node 150	AtA: 21728	cholCost: 74745	addCost: 4888	backsolveCost: 31323
node 151	AtA: 4230	cholCost: 75952	addCost: 9112	backsolveCost: 25432
node 152	AtA: 4230	cholCost: 95920	addCost: 14872	backsolveCost: 26038
node 153	AtA: 11240	cholCost: 163478	addCost: 26392	backsolveCost: 33696
node 154	AtA: 4922	cholCost: 246544	addCost: 35992	backsolveCost: 46072
node 155	AtA: 5268	cholCost: 301880	addCost: 47128	backsolveCost: 55707
node 156	AtA: 6998	cholCost: 649482	addCost: 63208	backsolveCost: 132462
node 157	AtA: 8036	cholCost: 894794	addCost: 70312	backsolveCost: 187337
node 158	AtA: 47074	cholCost: 1899232	addCost: 1192	backsolveCost: 1465485
node 159	AtA: 6870	cholCost: 16194	addCost: 1000	backsolveCost: 10977
node 160	AtA: -1	cholCost: 0	addCost: -1	backsolveCost: 1561

