cliques
115
node 0	AtA: 14858	cholCost: 0	addCost: 2200	backsolveCost: 24220
node 1	AtA: 12236	cholCost: 4884	addCost: 3352	backsolveCost: 16233
node 2	AtA: 12236	cholCost: 0	addCost: 2200	backsolveCost: 16002
node 3	AtA: 12236	cholCost: 2688	addCost: 2200	backsolveCost: 16002
node 4	AtA: 10488	cholCost: 6883	addCost: 4072	backsolveCost: 16310
node 5	AtA: 20976	cholCost: 10543	addCost: 4888	backsolveCost: 31323
node 6	AtA: 20854	cholCost: 53322	addCost: 4072	backsolveCost: 24624
node 7	AtA: 20854	cholCost: 53322	addCost: 4072	backsolveCost: 24624
node 8	AtA: 18232	cholCost: 52490	addCost: 3352	backsolveCost: 24523
node 9	AtA: 17358	cholCost: 57981	addCost: 4888	backsolveCost: 24826
node 10	AtA: 20854	cholCost: 53322	addCost: 4072	backsolveCost: 24624
node 11	AtA: 18232	cholCost: 52490	addCost: 3352	backsolveCost: 24523
node 12	AtA: 14736	cholCost: 40865	addCost: 4888	backsolveCost: 16464
node 13	AtA: 12988	cholCost: 124488	addCost: 9112	backsolveCost: 43195
node 14	AtA: 10366	cholCost: 108400	addCost: 18328	backsolveCost: 26341
node 15	AtA: 20854	cholCost: 53322	addCost: 4072	backsolveCost: 24624
node 16	AtA: 20854	cholCost: 53322	addCost: 4072	backsolveCost: 24624
node 17	AtA: 23476	cholCost: 138888	addCost: 10408	backsolveCost: 51833
node 18	AtA: 14736	cholCost: 32379	addCost: 2728	backsolveCost: 16079
node 19	AtA: 20854	cholCost: 74745	addCost: 4888	backsolveCost: 31323
node 20	AtA: 20854	cholCost: 53322	addCost: 4072	backsolveCost: 24624
node 21	AtA: 14736	cholCost: 32379	addCost: 2728	backsolveCost: 16079
node 22	AtA: 20854	cholCost: 74745	addCost: 4888	backsolveCost: 31323
node 23	AtA: 7744	cholCost: 75952	addCost: 9112	backsolveCost: 25432
node 24	AtA: 13984	cholCost: 6028	addCost: 3352	backsolveCost: 24523
node 25	AtA: 14858	cholCost: 9520	addCost: 4888	backsolveCost: 24826
node 26	AtA: 17358	cholCost: 68464	addCost: 6808	backsolveCost: 25129
node 27	AtA: 20854	cholCost: 53322	addCost: 4072	backsolveCost: 24624
node 28	AtA: 14736	cholCost: 31131	addCost: 2200	backsolveCost: 16002
node 29	AtA: 21728	cholCost: 74745	addCost: 4888	backsolveCost: 31323
node 30	AtA: 14736	cholCost: 31131	addCost: 2200	backsolveCost: 16002
node 31	AtA: 16484	cholCost: 52490	addCost: 3352	backsolveCost: 24523
node 32	AtA: 21728	cholCost: 85852	addCost: 6808	backsolveCost: 31662
node 33	AtA: 10366	cholCost: 75952	addCost: 9112	backsolveCost: 25432
node 34	AtA: 13862	cholCost: 95920	addCost: 14872	backsolveCost: 26038
node 35	AtA: 4230	cholCost: 133194	addCost: 28648	backsolveCost: 27048
node 36	AtA: 14736	cholCost: 31131	addCost: 2200	backsolveCost: 16002
node 37	AtA: 21728	cholCost: 74745	addCost: 4888	backsolveCost: 31323
node 38	AtA: 21728	cholCost: 65635	addCost: 3352	backsolveCost: 30984
node 39	AtA: 13862	cholCost: 75952	addCost: 9112	backsolveCost: 25432
node 40	AtA: 20854	cholCost: 53322	addCost: 4072	backsolveCost: 24624
node 41	AtA: 20854	cholCost: 53322	addCost: 4072	backsolveCost: 24624
node 42	AtA: 23476	cholCost: 138888	addCost: 10408	backsolveCost: 51833
node 43	AtA: 10366	cholCost: 108400	addCost: 18328	backsolveCost: 26341
node 44	AtA: 20854	cholCost: 53322	addCost: 4072	backsolveCost: 24624
node 45	AtA: 20854	cholCost: 53322	addCost: 4072	backsolveCost: 24624
node 46	AtA: 12988	cholCost: 58836	addCost: 10408	backsolveCost: 17003
node 47	AtA: 20854	cholCost: 53322	addCost: 4072	backsolveCost: 24624
node 48	AtA: 21728	cholCost: 92924	addCost: 7912	backsolveCost: 31775
node 49	AtA: 14736	cholCost: 31131	addCost: 2200	backsolveCost: 16002
node 50	AtA: 21728	cholCost: 74745	addCost: 4888	backsolveCost: 31323
node 51	AtA: 20854	cholCost: 53322	addCost: 4072	backsolveCost: 24624
node 52	AtA: 13862	cholCost: 75952	addCost: 9112	backsolveCost: 25432
node 53	AtA: 4922	cholCost: 193378	addCost: 22168	backsolveCost: 44839
node 54	AtA: 14736	cholCost: 31131	addCost: 2200	backsolveCost: 16002
node 55	AtA: 16484	cholCost: 52490	addCost: 3352	backsolveCost: 24523
node 56	AtA: 17358	cholCost: 57981	addCost: 4888	backsolveCost: 24826
node 57	AtA: 20854	cholCost: 53322	addCost: 4072	backsolveCost: 24624
node 58	AtA: 14736	cholCost: 31131	addCost: 2200	backsolveCost: 16002
node 59	AtA: 21728	cholCost: 74745	addCost: 4888	backsolveCost: 31323
node 60	AtA: 19106	cholCost: 124488	addCost: 9112	backsolveCost: 43195
node 61	AtA: 20854	cholCost: 53322	addCost: 4072	backsolveCost: 24624
node 62	AtA: 20854	cholCost: 53322	addCost: 4072	backsolveCost: 24624
node 63	AtA: 18232	cholCost: 52490	addCost: 3352	backsolveCost: 24523
node 64	AtA: 17358	cholCost: 57981	addCost: 4888	backsolveCost: 24826
node 65	AtA: 14736	cholCost: 32379	addCost: 2728	backsolveCost: 16079
node 66	AtA: 20854	cholCost: 74745	addCost: 4888	backsolveCost: 31323
node 67	AtA: 20854	cholCost: 53322	addCost: 4072	backsolveCost: 24624
node 68	AtA: 14736	cholCost: 32379	addCost: 2728	backsolveCost: 16079
node 69	AtA: 20854	cholCost: 74745	addCost: 4888	backsolveCost: 31323
node 70	AtA: 7744	cholCost: 75952	addCost: 9112	backsolveCost: 25432
node 71	AtA: 7744	cholCost: 95920	addCost: 14872	backsolveCost: 26038
node 72	AtA: 14736	cholCost: 133276	addCost: 18328	backsolveCost: 33018
node 73	AtA: 12988	cholCost: 247216	addCost: 33448	backsolveCost: 54515
node 74	AtA: 5960	cholCost: 346364	addCost: 33448	backsolveCost: 79490
node 75	AtA: 18232	cholCost: 52490	addCost: 3352	backsolveCost: 24523
node 76	AtA: 17358	cholCost: 57981	addCost: 4888	backsolveCost: 24826
node 77	AtA: 14736	cholCost: 32379	addCost: 2728	backsolveCost: 16079
node 78	AtA: 20854	cholCost: 74745	addCost: 4888	backsolveCost: 31323
node 79	AtA: 17358	cholCost: 68464	addCost: 6808	backsolveCost: 25129
node 80	AtA: 20854	cholCost: 53322	addCost: 4072	backsolveCost: 24624
node 81	AtA: 20854	cholCost: 53322	addCost: 4072	backsolveCost: 24624
node 82	AtA: 20854	cholCost: 53322	addCost: 4072	backsolveCost: 24624
node 83	AtA: 21728	cholCost: 92924	addCost: 7912	backsolveCost: 31775
node 84	AtA: 19106	cholCost: 149448	addCost: 13288	backsolveCost: 43743
node 85	AtA: 13862	cholCost: 109232	addCost: 20200	backsolveCost: 26442
node 86	AtA: 10366	cholCost: 195298	addCost: 22168	backsolveCost: 53472
node 87	AtA: 23476	cholCost: 74745	addCost: 4888	backsolveCost: 31323
node 88	AtA: 23476	cholCost: 74745	addCost: 4888	backsolveCost: 31323
node 89	AtA: 14736	cholCost: 31131	addCost: 2200	backsolveCost: 16002
node 90	AtA: 13862	cholCost: 40241	addCost: 4072	backsolveCost: 16310
node 91	AtA: 21728	cholCost: 166344	addCost: 16552	backsolveCost: 52727
node 92	AtA: 20854	cholCost: 53322	addCost: 4072	backsolveCost: 24624
node 93	AtA: 14736	cholCost: 31131	addCost: 2200	backsolveCost: 16002
node 94	AtA: 21728	cholCost: 74745	addCost: 4888	backsolveCost: 31323
node 95	AtA: 12988	cholCost: 64452	addCost: 11800	backsolveCost: 17157
node 96	AtA: 20854	cholCost: 53322	addCost: 4072	backsolveCost: 24624
node 97	AtA: 20854	cholCost: 57981	addCost: 4888	backsolveCost: 24826
node 98	AtA: 11240	cholCost: 89264	addCost: 13288	backsolveCost: 25836
node 99	AtA: 20854	cholCost: 53322	addCost: 4072	backsolveCost: 24624
node 100	AtA: 21728	cholCost: 92924	addCost: 7912	backsolveCost: 31775
node 101	AtA: 16484	cholCost: 52490	addCost: 3352	backsolveCost: 24523
node 102	AtA: 14736	cholCost: 31131	addCost: 2200	backsolveCost: 16002
node 103	AtA: 21728	cholCost: 74745	addCost: 4888	backsolveCost: 31323
node 104	AtA: 13862	cholCost: 75952	addCost: 9112	backsolveCost: 25432
node 105	AtA: 11240	cholCost: 221982	addCost: 20200	backsolveCost: 67296
node 106	AtA: 4230	cholCost: 133194	addCost: 28648	backsolveCost: 27048
node 107	AtA: 9492	cholCost: 230070	addCost: 33448	backsolveCost: 45798
node 108	AtA: 12114	cholCost: 346364	addCost: 33448	backsolveCost: 79490
node 109	AtA: 14736	cholCost: 471516	addCost: 33448	backsolveCost: 128787
node 110	AtA: 5268	cholCost: 264938	addCost: 38632	backsolveCost: 54962
node 111	AtA: 14736	cholCost: 419348	addCost: 28648	backsolveCost: 128052
node 112	AtA: 33090	cholCost: 767216	addCost: 1192	backsolveCost: 637427
node 113	AtA: 6870	cholCost: 16194	addCost: 1000	backsolveCost: 10977
node 114	AtA: -1	cholCost: 0	addCost: -1	backsolveCost: 1561

