cliques
174
node 0	AtA: 12236	cholCost: 0	addCost: 2200	backsolveCost: 16002
node 1	AtA: 12236	cholCost: 2688	addCost: 2200	backsolveCost: 16002
node 2	AtA: 12236	cholCost: 2688	addCost: 2200	backsolveCost: 16002
node 3	AtA: 13984	cholCost: 6028	addCost: 3352	backsolveCost: 24523
node 4	AtA: 16606	cholCost: 5040	addCost: 2728	backsolveCost: 24321
node 5	AtA: 8740	cholCost: 6708	addCost: 4072	backsolveCost: 16310
node 6	AtA: 13110	cholCost: 11220	addCost: 6808	backsolveCost: 16695
node 7	AtA: 12236	cholCost: 2688	addCost: 2200	backsolveCost: 16002
node 8	AtA: 12236	cholCost: 20803	addCost: 9112	backsolveCost: 32001
node 9	AtA: 13984	cholCost: 6028	addCost: 3352	backsolveCost: 24523
node 10	AtA: 14858	cholCost: 9520	addCost: 4888	backsolveCost: 24826
node 11	AtA: 12236	cholCost: 0	addCost: 2200	backsolveCost: 16002
node 12	AtA: 18354	cholCost: 8268	addCost: 4072	backsolveCost: 24624
node 13	AtA: 18354	cholCost: 8401	addCost: 4072	backsolveCost: 24624
node 14	AtA: 18354	cholCost: 8401	addCost: 4072	backsolveCost: 24624
node 15	AtA: 18354	cholCost: 8268	addCost: 4072	backsolveCost: 24624
node 16	AtA: 12236	cholCost: 2688	addCost: 2200	backsolveCost: 16002
node 17	AtA: 18354	cholCost: 8401	addCost: 4072	backsolveCost: 24624
node 18	AtA: 13984	cholCost: 6167	addCost: 3352	backsolveCost: 24523
node 19	AtA: 18354	cholCost: 8407	addCost: 4072	backsolveCost: 24624
node 20	AtA: 12236	cholCost: 2688	addCost: 2200	backsolveCost: 16002
node 21	AtA: 19228	cholCost: 10555	addCost: 4888	backsolveCost: 31323
node 22	AtA: 19228	cholCost: 31333	addCost: 9112	backsolveCost: 75975
node 23	AtA: 11362	cholCost: 31601	addCost: 14872	backsolveCost: 26038
node 24	AtA: 20854	cholCost: 53322	addCost: 4072	backsolveCost: 24624
node 25	AtA: 20854	cholCost: 53322	addCost: 4072	backsolveCost: 24624
node 26	AtA: 21728	cholCost: 92924	addCost: 7912	backsolveCost: 31775
node 27	AtA: 19106	cholCost: 149448	addCost: 13288	backsolveCost: 43743
node 28	AtA: 20854	cholCost: 53322	addCost: 4072	backsolveCost: 24624
node 29	AtA: 20854	cholCost: 53322	addCost: 4072	backsolveCost: 24624
node 30	AtA: 20854	cholCost: 53322	addCost: 4072	backsolveCost: 24624
node 31	AtA: 14736	cholCost: 119132	addCost: 13288	backsolveCost: 32453
node 32	AtA: 20854	cholCost: 53322	addCost: 4072	backsolveCost: 24624
node 33	AtA: 21728	cholCost: 92924	addCost: 7912	backsolveCost: 31775
node 34	AtA: 19106	cholCost: 52490	addCost: 3352	backsolveCost: 24523
node 35	AtA: 20854	cholCost: 53322	addCost: 4072	backsolveCost: 24624
node 36	AtA: 22602	cholCost: 138216	addCost: 11800	backsolveCost: 43606
node 37	AtA: 20854	cholCost: 53322	addCost: 4072	backsolveCost: 24624
node 38	AtA: 14736	cholCost: 31131	addCost: 2200	backsolveCost: 16002
node 39	AtA: 21728	cholCost: 74745	addCost: 4888	backsolveCost: 31323
node 40	AtA: 14736	cholCost: 31131	addCost: 2200	backsolveCost: 16002
node 41	AtA: 21728	cholCost: 74745	addCost: 4888	backsolveCost: 31323
node 42	AtA: 14736	cholCost: 98956	addCost: 9112	backsolveCost: 32001
node 43	AtA: 13862	cholCost: 95920	addCost: 14872	backsolveCost: 26038
node 44	AtA: 12114	cholCost: 193378	addCost: 22168	backsolveCost: 44839
node 45	AtA: 3884	cholCost: 93905	addCost: 26392	backsolveCost: 18081
node 46	AtA: 20854	cholCost: 53322	addCost: 4072	backsolveCost: 24624
node 47	AtA: 20854	cholCost: 53322	addCost: 4072	backsolveCost: 24624
node 48	AtA: 20854	cholCost: 53322	addCost: 4072	backsolveCost: 24624
node 49	AtA: 14736	cholCost: 119132	addCost: 13288	backsolveCost: 32453
node 50	AtA: 20854	cholCost: 53322	addCost: 4072	backsolveCost: 24624
node 51	AtA: 20854	cholCost: 53322	addCost: 4072	backsolveCost: 24624
node 52	AtA: 20854	cholCost: 53322	addCost: 4072	backsolveCost: 24624
node 53	AtA: 20854	cholCost: 53322	addCost: 4072	backsolveCost: 24624
node 54	AtA: 12988	cholCost: 58836	addCost: 10408	backsolveCost: 17003
node 55	AtA: 3884	cholCost: 72564	addCost: 16552	backsolveCost: 17465
node 56	AtA: 10366	cholCost: 149668	addCost: 33448	backsolveCost: 27351
node 57	AtA: 20854	cholCost: 53322	addCost: 4072	backsolveCost: 24624
node 58	AtA: 20854	cholCost: 53322	addCost: 4072	backsolveCost: 24624
node 59	AtA: 20854	cholCost: 53322	addCost: 4072	backsolveCost: 24624
node 60	AtA: 20854	cholCost: 53322	addCost: 4072	backsolveCost: 24624
node 61	AtA: 12988	cholCost: 58836	addCost: 10408	backsolveCost: 17003
node 62	AtA: 3884	cholCost: 72564	addCost: 16552	backsolveCost: 17465
node 63	AtA: 14736	cholCost: 31131	addCost: 2200	backsolveCost: 16002
node 64	AtA: 16484	cholCost: 52490	addCost: 3352	backsolveCost: 24523
node 65	AtA: 19228	cholCost: 18696	addCost: 7912	backsolveCost: 31775
node 66	AtA: 13862	cholCost: 88432	addCost: 11800	backsolveCost: 25735
node 67	AtA: 20854	cholCost: 53322	addCost: 4072	backsolveCost: 24624
node 68	AtA: 19980	cholCost: 52490	addCost: 3352	backsolveCost: 24523
node 69	AtA: 14736	cholCost: 31131	addCost: 2200	backsolveCost: 16002
node 70	AtA: 21728	cholCost: 74745	addCost: 4888	backsolveCost: 31323
node 71	AtA: 24350	cholCost: 158500	addCost: 9112	backsolveCost: 65566
node 72	AtA: 19106	cholCost: 156936	addCost: 14872	backsolveCost: 44017
node 73	AtA: 3884	cholCost: 93905	addCost: 26392	backsolveCost: 18081
node 74	AtA: 4230	cholCost: 167806	addCost: 41368	backsolveCost: 27856
node 75	AtA: 5268	cholCost: 367026	addCost: 66712	backsolveCost: 57048
node 76	AtA: 20854	cholCost: 53322	addCost: 4072	backsolveCost: 24624
node 77	AtA: 20854	cholCost: 53322	addCost: 4072	backsolveCost: 24624
node 78	AtA: 20854	cholCost: 53322	addCost: 4072	backsolveCost: 24624
node 79	AtA: 13862	cholCost: 101744	addCost: 16552	backsolveCost: 26139
node 80	AtA: 20854	cholCost: 53322	addCost: 4072	backsolveCost: 24624
node 81	AtA: 18232	cholCost: 52490	addCost: 3352	backsolveCost: 24523
node 82	AtA: 16484	cholCost: 57981	addCost: 4888	backsolveCost: 24826
node 83	AtA: 12988	cholCost: 40865	addCost: 4888	backsolveCost: 16464
node 84	AtA: 17358	cholCost: 68464	addCost: 6808	backsolveCost: 25129
node 85	AtA: 13862	cholCost: 88432	addCost: 11800	backsolveCost: 25735
node 86	AtA: 20854	cholCost: 53322	addCost: 4072	backsolveCost: 24624
node 87	AtA: 20854	cholCost: 53322	addCost: 4072	backsolveCost: 24624
node 88	AtA: 12988	cholCost: 58836	addCost: 10408	backsolveCost: 17003
node 89	AtA: 20854	cholCost: 53322	addCost: 4072	backsolveCost: 24624
node 90	AtA: 14736	cholCost: 32379	addCost: 2728	backsolveCost: 16079
node 91	AtA: 20854	cholCost: 74745	addCost: 4888	backsolveCost: 31323
node 92	AtA: 14736	cholCost: 32379	addCost: 2728	backsolveCost: 16079
node 93	AtA: 20854	cholCost: 74745	addCost: 4888	backsolveCost: 31323
node 94	AtA: 17358	cholCost: 150120	addCost: 11800	backsolveCost: 52131
node 95	AtA: 3884	cholCost: 78180	addCost: 18328	backsolveCost: 17619
node 96	AtA: 7744	cholCost: 132362	addCost: 26392	backsolveCost: 26947
node 97	AtA: 12988	cholCost: 255453	addCost: 35992	backsolveCost: 54813
node 98	AtA: 20854	cholCost: 53322	addCost: 4072	backsolveCost: 24624
node 99	AtA: 13862	cholCost: 75952	addCost: 9112	backsolveCost: 25432
node 100	AtA: 23476	cholCost: 138888	addCost: 10408	backsolveCost: 51833
node 101	AtA: 21728	cholCost: 74745	addCost: 4888	backsolveCost: 31323
node 102	AtA: 13862	cholCost: 75952	addCost: 9112	backsolveCost: 25432
node 103	AtA: 5268	cholCost: 195298	addCost: 22168	backsolveCost: 53472
node 104	AtA: 4230	cholCost: 158321	addCost: 35992	backsolveCost: 27553
node 105	AtA: 20854	cholCost: 53322	addCost: 4072	backsolveCost: 24624
node 106	AtA: 20854	cholCost: 53322	addCost: 4072	backsolveCost: 24624
node 107	AtA: 20854	cholCost: 53322	addCost: 4072	backsolveCost: 24624
node 108	AtA: 12988	cholCost: 58836	addCost: 10408	backsolveCost: 17003
node 109	AtA: 13862	cholCost: 101744	addCost: 16552	backsolveCost: 26139
node 110	AtA: 20854	cholCost: 53322	addCost: 4072	backsolveCost: 24624
node 111	AtA: 20854	cholCost: 53322	addCost: 4072	backsolveCost: 24624
node 112	AtA: 20854	cholCost: 53322	addCost: 4072	backsolveCost: 24624
node 113	AtA: 12988	cholCost: 58836	addCost: 10408	backsolveCost: 17003
node 114	AtA: 12988	cholCost: 84420	addCost: 20200	backsolveCost: 17696
node 115	AtA: 4230	cholCost: 149668	addCost: 33448	backsolveCost: 27351
node 116	AtA: 4576	cholCost: 307250	addCost: 74008	backsolveCost: 36408
node 117	AtA: 19106	cholCost: 857508	addCost: 70312	backsolveCost: 170724
node 118	AtA: 20854	cholCost: 53322	addCost: 4072	backsolveCost: 24624
node 119	AtA: 20854	cholCost: 53322	addCost: 4072	backsolveCost: 24624
node 120	AtA: 20854	cholCost: 53322	addCost: 4072	backsolveCost: 24624
node 121	AtA: 23476	cholCost: 138888	addCost: 10408	backsolveCost: 51833
node 122	AtA: 13862	cholCost: 101744	addCost: 16552	backsolveCost: 26139
node 123	AtA: 23476	cholCost: 74745	addCost: 4888	backsolveCost: 31323
node 124	AtA: 23476	cholCost: 74745	addCost: 4888	backsolveCost: 31323
node 125	AtA: 15610	cholCost: 88432	addCost: 11800	backsolveCost: 25735
node 126	AtA: 20854	cholCost: 53322	addCost: 4072	backsolveCost: 24624
node 127	AtA: 16484	cholCost: 52490	addCost: 3352	backsolveCost: 24523
node 128	AtA: 17358	cholCost: 57981	addCost: 4888	backsolveCost: 24826
node 129	AtA: 20854	cholCost: 53322	addCost: 4072	backsolveCost: 24624
node 130	AtA: 21728	cholCost: 92924	addCost: 7912	backsolveCost: 31775
node 131	AtA: 13862	cholCost: 95920	addCost: 14872	backsolveCost: 26038
node 132	AtA: 5268	cholCost: 179573	addCost: 18328	backsolveCost: 53025
node 133	AtA: 9492	cholCost: 153369	addCost: 22168	backsolveCost: 33357
node 134	AtA: 4230	cholCost: 158321	addCost: 35992	backsolveCost: 27553
node 135	AtA: 20854	cholCost: 53322	addCost: 4072	backsolveCost: 24624
node 136	AtA: 21728	cholCost: 92924	addCost: 7912	backsolveCost: 31775
node 137	AtA: 20854	cholCost: 53322	addCost: 4072	backsolveCost: 24624
node 138	AtA: 23476	cholCost: 74745	addCost: 4888	backsolveCost: 31323
node 139	AtA: 20854	cholCost: 53322	addCost: 4072	backsolveCost: 24624
node 140	AtA: 14736	cholCost: 32379	addCost: 2728	backsolveCost: 16079
node 141	AtA: 18232	cholCost: 52490	addCost: 3352	backsolveCost: 24523
node 142	AtA: 17358	cholCost: 57981	addCost: 4888	backsolveCost: 24826
node 143	AtA: 13862	cholCost: 68464	addCost: 6808	backsolveCost: 25129
node 144	AtA: 12988	cholCost: 45732	addCost: 6808	backsolveCost: 16695
node 145	AtA: 13862	cholCost: 88432	addCost: 11800	backsolveCost: 25735
node 146	AtA: 20854	cholCost: 53322	addCost: 4072	backsolveCost: 24624
node 147	AtA: 14736	cholCost: 32379	addCost: 2728	backsolveCost: 16079
node 148	AtA: 20854	cholCost: 74745	addCost: 4888	backsolveCost: 31323
node 149	AtA: 18232	cholCost: 52490	addCost: 3352	backsolveCost: 24523
node 150	AtA: 17358	cholCost: 57981	addCost: 4888	backsolveCost: 24826
node 151	AtA: 17358	cholCost: 150120	addCost: 11800	backsolveCost: 52131
node 152	AtA: 7744	cholCost: 108400	addCost: 18328	backsolveCost: 26341
node 153	AtA: 20854	cholCost: 53322	addCost: 4072	backsolveCost: 24624
node 154	AtA: 18354	cholCost: 8419	addCost: 4072	backsolveCost: 24624
node 155	AtA: 23476	cholCost: 74745	addCost: 4888	backsolveCost: 31323
node 156	AtA: 23476	cholCost: 74745	addCost: 4888	backsolveCost: 31323
node 157	AtA: 9492	cholCost: 109232	addCost: 20200	backsolveCost: 26442
node 158	AtA: 20854	cholCost: 53322	addCost: 4072	backsolveCost: 24624
node 159	AtA: 14736	cholCost: 31131	addCost: 2200	backsolveCost: 16002
node 160	AtA: 21728	cholCost: 74745	addCost: 4888	backsolveCost: 31323
node 161	AtA: 23476	cholCost: 74745	addCost: 4888	backsolveCost: 31323
node 162	AtA: 14736	cholCost: 32379	addCost: 2728	backsolveCost: 16079
node 163	AtA: 17358	cholCost: 53322	addCost: 4072	backsolveCost: 24624
node 164	AtA: 10366	cholCost: 149448	addCost: 13288	backsolveCost: 43743
node 165	AtA: 7744	cholCost: 133194	addCost: 28648	backsolveCost: 27048
node 166	AtA: 9492	cholCost: 254781	addCost: 38632	backsolveCost: 46209
node 167	AtA: 12988	cholCost: 425240	addCost: 50152	backsolveCost: 81155
node 168	AtA: 11240	cholCost: 471876	addCost: 74008	backsolveCost: 72313
node 169	AtA: 19980	cholCost: 1201052	addCost: 74008	backsolveCost: 260308
node 170	AtA: 9420	cholCost: 1073190	addCost: 56488	backsolveCost: 277865
node 171	AtA: 39208	cholCost: 1297333	addCost: 1192	backsolveCost: 1037457
node 172	AtA: 6870	cholCost: 16194	addCost: 1000	backsolveCost: 10977
node 173	AtA: -1	cholCost: 0	addCost: -1	backsolveCost: 1561

