cliques
168
node 0	AtA: 12236	cholCost: 2688	addCost: 2200	backsolveCost: 16002
node 1	AtA: 18354	cholCost: 5520	addCost: 2728	backsolveCost: 30758
node 2	AtA: 9614	cholCost: 7728	addCost: 4888	backsolveCost: 16464
node 3	AtA: 12236	cholCost: 2688	addCost: 2200	backsolveCost: 16002
node 4	AtA: 12236	cholCost: 2688	addCost: 2200	backsolveCost: 16002
node 5	AtA: 13984	cholCost: 6028	addCost: 3352	backsolveCost: 24523
node 6	AtA: 12236	cholCost: 2688	addCost: 2200	backsolveCost: 16002
node 7	AtA: 12236	cholCost: 2688	addCost: 2200	backsolveCost: 16002
node 8	AtA: 18354	cholCost: 8268	addCost: 4072	backsolveCost: 24624
node 9	AtA: 18354	cholCost: 8268	addCost: 4072	backsolveCost: 24624
node 10	AtA: 12236	cholCost: 2688	addCost: 2200	backsolveCost: 16002
node 11	AtA: 19228	cholCost: 10416	addCost: 4888	backsolveCost: 31323
node 12	AtA: 11362	cholCost: 10135	addCost: 5800	backsolveCost: 16541
node 13	AtA: 12236	cholCost: 2688	addCost: 2200	backsolveCost: 16002
node 14	AtA: 10488	cholCost: 15360	addCost: 9112	backsolveCost: 16926
node 15	AtA: 8740	cholCost: 20767	addCost: 9112	backsolveCost: 32001
node 16	AtA: 19228	cholCost: 10416	addCost: 4888	backsolveCost: 31323
node 17	AtA: 20976	cholCost: 10416	addCost: 4888	backsolveCost: 31323
node 18	AtA: 13984	cholCost: 6161	addCost: 3352	backsolveCost: 24523
node 19	AtA: 18354	cholCost: 8419	addCost: 4072	backsolveCost: 24624
node 20	AtA: 20854	cholCost: 53322	addCost: 4072	backsolveCost: 24624
node 21	AtA: 20854	cholCost: 53322	addCost: 4072	backsolveCost: 24624
node 22	AtA: 20854	cholCost: 53322	addCost: 4072	backsolveCost: 24624
node 23	AtA: 20854	cholCost: 53322	addCost: 4072	backsolveCost: 24624
node 24	AtA: 4230	cholCost: 89264	addCost: 13288	backsolveCost: 25836
node 25	AtA: 20854	cholCost: 53322	addCost: 4072	backsolveCost: 24624
node 26	AtA: 20854	cholCost: 53322	addCost: 4072	backsolveCost: 24624
node 27	AtA: 18354	cholCost: 8268	addCost: 4072	backsolveCost: 24624
node 28	AtA: 12988	cholCost: 58836	addCost: 10408	backsolveCost: 17003
node 29	AtA: 12988	cholCost: 84420	addCost: 20200	backsolveCost: 17696
node 30	AtA: 3884	cholCost: 111003	addCost: 33448	backsolveCost: 18389
node 31	AtA: 14736	cholCost: 32379	addCost: 2728	backsolveCost: 16079
node 32	AtA: 14736	cholCost: 32379	addCost: 2728	backsolveCost: 16079
node 33	AtA: 20854	cholCost: 74745	addCost: 4888	backsolveCost: 31323
node 34	AtA: 13862	cholCost: 68464	addCost: 6808	backsolveCost: 25129
node 35	AtA: 12988	cholCost: 45732	addCost: 6808	backsolveCost: 16695
node 36	AtA: 20854	cholCost: 53322	addCost: 4072	backsolveCost: 24624
node 37	AtA: 14736	cholCost: 32379	addCost: 2728	backsolveCost: 16079
node 38	AtA: 19980	cholCost: 74745	addCost: 4888	backsolveCost: 31323
node 39	AtA: 12988	cholCost: 40865	addCost: 4888	backsolveCost: 16464
node 40	AtA: 13862	cholCost: 75952	addCost: 9112	backsolveCost: 25432
node 41	AtA: 20854	cholCost: 53322	addCost: 4072	backsolveCost: 24624
node 42	AtA: 20854	cholCost: 53322	addCost: 4072	backsolveCost: 24624
node 43	AtA: 20854	cholCost: 53322	addCost: 4072	backsolveCost: 24624
node 44	AtA: 14736	cholCost: 119132	addCost: 13288	backsolveCost: 32453
node 45	AtA: 20854	cholCost: 53322	addCost: 4072	backsolveCost: 24624
node 46	AtA: 19980	cholCost: 52490	addCost: 3352	backsolveCost: 24523
node 47	AtA: 21728	cholCost: 65635	addCost: 3352	backsolveCost: 30984
node 48	AtA: 22602	cholCost: 125736	addCost: 10408	backsolveCost: 43332
node 49	AtA: 13862	cholCost: 101744	addCost: 16552	backsolveCost: 26139
node 50	AtA: 3884	cholCost: 102142	addCost: 28648	backsolveCost: 18158
node 51	AtA: 16484	cholCost: 404273	addCost: 44200	backsolveCost: 80600
node 52	AtA: 20854	cholCost: 53322	addCost: 4072	backsolveCost: 24624
node 53	AtA: 23476	cholCost: 74745	addCost: 4888	backsolveCost: 31323
node 54	AtA: 14736	cholCost: 31131	addCost: 2200	backsolveCost: 16002
node 55	AtA: 21728	cholCost: 74745	addCost: 4888	backsolveCost: 31323
node 56	AtA: 20854	cholCost: 53322	addCost: 4072	backsolveCost: 24624
node 57	AtA: 13862	cholCost: 75952	addCost: 9112	backsolveCost: 25432
node 58	AtA: 3884	cholCost: 72564	addCost: 16552	backsolveCost: 17465
node 59	AtA: 20854	cholCost: 53322	addCost: 4072	backsolveCost: 24624
node 60	AtA: 20854	cholCost: 53322	addCost: 4072	backsolveCost: 24624
node 61	AtA: 12988	cholCost: 58836	addCost: 10408	backsolveCost: 17003
node 62	AtA: 20854	cholCost: 53322	addCost: 4072	backsolveCost: 24624
node 63	AtA: 20854	cholCost: 53322	addCost: 4072	backsolveCost: 24624
node 64	AtA: 14736	cholCost: 31131	addCost: 2200	backsolveCost: 16002
node 65	AtA: 21728	cholCost: 74745	addCost: 4888	backsolveCost: 31323
node 66	AtA: 14736	cholCost: 31131	addCost: 2200	backsolveCost: 16002
node 67	AtA: 21728	cholCost: 74745	addCost: 4888	backsolveCost: 31323
node 68	AtA: 14736	cholCost: 98956	addCost: 9112	backsolveCost: 32001
node 69	AtA: 5268	cholCost: 195298	addCost: 22168	backsolveCost: 53472
node 70	AtA: 4576	cholCost: 196634	addCost: 33448	backsolveCost: 34148
node 71	AtA: 23476	cholCost: 74745	addCost: 4888	backsolveCost: 31323
node 72	AtA: 20854	cholCost: 53322	addCost: 4072	backsolveCost: 24624
node 73	AtA: 12988	cholCost: 64452	addCost: 11800	backsolveCost: 17157
node 74	AtA: 16484	cholCost: 133276	addCost: 18328	backsolveCost: 33018
node 75	AtA: 20854	cholCost: 53322	addCost: 4072	backsolveCost: 24624
node 76	AtA: 20854	cholCost: 53322	addCost: 4072	backsolveCost: 24624
node 77	AtA: 3884	cholCost: 66324	addCost: 14872	backsolveCost: 17388
node 78	AtA: 20854	cholCost: 53322	addCost: 4072	backsolveCost: 24624
node 79	AtA: 20854	cholCost: 53322	addCost: 4072	backsolveCost: 24624
node 80	AtA: 13862	cholCost: 95920	addCost: 14872	backsolveCost: 26038
node 81	AtA: 4576	cholCost: 153369	addCost: 22168	backsolveCost: 33357
node 82	AtA: 4230	cholCost: 159153	addCost: 38632	backsolveCost: 27654
node 83	AtA: 23476	cholCost: 74745	addCost: 4888	backsolveCost: 31323
node 84	AtA: 16484	cholCost: 52596	addCost: 9112	backsolveCost: 16926
node 85	AtA: 20854	cholCost: 53322	addCost: 4072	backsolveCost: 24624
node 86	AtA: 20854	cholCost: 53322	addCost: 4072	backsolveCost: 24624
node 87	AtA: 22602	cholCost: 149448	addCost: 13288	backsolveCost: 43743
node 88	AtA: 21728	cholCost: 92924	addCost: 7912	backsolveCost: 31775
node 89	AtA: 10366	cholCost: 109232	addCost: 20200	backsolveCost: 26442
node 90	AtA: 20854	cholCost: 53322	addCost: 4072	backsolveCost: 24624
node 91	AtA: 20854	cholCost: 53322	addCost: 4072	backsolveCost: 24624
node 92	AtA: 12988	cholCost: 58836	addCost: 10408	backsolveCost: 17003
node 93	AtA: 14736	cholCost: 31131	addCost: 2200	backsolveCost: 16002
node 94	AtA: 21728	cholCost: 74745	addCost: 4888	backsolveCost: 31323
node 95	AtA: 20854	cholCost: 53322	addCost: 4072	backsolveCost: 24624
node 96	AtA: 13862	cholCost: 75952	addCost: 9112	backsolveCost: 25432
node 97	AtA: 10366	cholCost: 88432	addCost: 11800	backsolveCost: 25735
node 98	AtA: 10366	cholCost: 115888	addCost: 22168	backsolveCost: 26644
node 99	AtA: 5268	cholCost: 229494	addCost: 28648	backsolveCost: 54068
node 100	AtA: 18232	cholCost: 469793	addCost: 44200	backsolveCost: 110399
node 101	AtA: 11240	cholCost: 471876	addCost: 74008	backsolveCost: 72313
node 102	AtA: 13862	cholCost: 641892	addCost: 74008	backsolveCost: 113493
node 103	AtA: 23476	cholCost: 74745	addCost: 4888	backsolveCost: 31323
node 104	AtA: 23476	cholCost: 74745	addCost: 4888	backsolveCost: 31323
node 105	AtA: 20854	cholCost: 53322	addCost: 4072	backsolveCost: 24624
node 106	AtA: 20854	cholCost: 53322	addCost: 4072	backsolveCost: 24624
node 107	AtA: 22602	cholCost: 149448	addCost: 13288	backsolveCost: 43743
node 108	AtA: 8618	cholCost: 115888	addCost: 22168	backsolveCost: 26644
node 109	AtA: 20854	cholCost: 53322	addCost: 4072	backsolveCost: 24624
node 110	AtA: 20854	cholCost: 53322	addCost: 4072	backsolveCost: 24624
node 111	AtA: 18354	cholCost: 8268	addCost: 4072	backsolveCost: 24624
node 112	AtA: 18354	cholCost: 8268	addCost: 4072	backsolveCost: 24624
node 113	AtA: 12988	cholCost: 58836	addCost: 10408	backsolveCost: 17003
node 114	AtA: 14736	cholCost: 32379	addCost: 2728	backsolveCost: 16079
node 115	AtA: 19980	cholCost: 74745	addCost: 4888	backsolveCost: 31323
node 116	AtA: 12988	cholCost: 40865	addCost: 4888	backsolveCost: 16464
node 117	AtA: 20854	cholCost: 53322	addCost: 4072	backsolveCost: 24624
node 118	AtA: 14736	cholCost: 31131	addCost: 2200	backsolveCost: 16002
node 119	AtA: 19980	cholCost: 53322	addCost: 4072	backsolveCost: 24624
node 120	AtA: 8618	cholCost: 106028	addCost: 10408	backsolveCost: 32114
node 121	AtA: 20854	cholCost: 53322	addCost: 4072	backsolveCost: 24624
node 122	AtA: 14736	cholCost: 32379	addCost: 2728	backsolveCost: 16079
node 123	AtA: 19980	cholCost: 74745	addCost: 4888	backsolveCost: 31323
node 124	AtA: 12988	cholCost: 40865	addCost: 4888	backsolveCost: 16464
node 125	AtA: 20854	cholCost: 53322	addCost: 4072	backsolveCost: 24624
node 126	AtA: 20854	cholCost: 53322	addCost: 4072	backsolveCost: 24624
node 127	AtA: 20854	cholCost: 53322	addCost: 4072	backsolveCost: 24624
node 128	AtA: 20854	cholCost: 53322	addCost: 4072	backsolveCost: 24624
node 129	AtA: 4230	cholCost: 89264	addCost: 13288	backsolveCost: 25836
node 130	AtA: 11240	cholCost: 153369	addCost: 22168	backsolveCost: 33357
node 131	AtA: 12988	cholCost: 212348	addCost: 28648	backsolveCost: 45387
node 132	AtA: 5614	cholCost: 343665	addCost: 44200	backsolveCost: 69891
node 133	AtA: 7744	cholCost: 248178	addCost: 74008	backsolveCost: 29371
node 134	AtA: 20854	cholCost: 53322	addCost: 4072	backsolveCost: 24624
node 135	AtA: 20854	cholCost: 53322	addCost: 4072	backsolveCost: 24624
node 136	AtA: 23476	cholCost: 138888	addCost: 10408	backsolveCost: 51833
node 137	AtA: 21728	cholCost: 74745	addCost: 4888	backsolveCost: 31323
node 138	AtA: 20854	cholCost: 53322	addCost: 4072	backsolveCost: 24624
node 139	AtA: 20854	cholCost: 53322	addCost: 4072	backsolveCost: 24624
node 140	AtA: 15610	cholCost: 138216	addCost: 11800	backsolveCost: 43606
node 141	AtA: 20854	cholCost: 53322	addCost: 4072	backsolveCost: 24624
node 142	AtA: 14736	cholCost: 31131	addCost: 2200	backsolveCost: 16002
node 143	AtA: 14736	cholCost: 31131	addCost: 2200	backsolveCost: 16002
node 144	AtA: 21728	cholCost: 74745	addCost: 4888	backsolveCost: 31323
node 145	AtA: 13862	cholCost: 68464	addCost: 6808	backsolveCost: 25129
node 146	AtA: 13862	cholCost: 88432	addCost: 11800	backsolveCost: 25735
node 147	AtA: 4230	cholCost: 108400	addCost: 18328	backsolveCost: 26341
node 148	AtA: 20854	cholCost: 53322	addCost: 4072	backsolveCost: 24624
node 149	AtA: 20854	cholCost: 53322	addCost: 4072	backsolveCost: 24624
node 150	AtA: 22602	cholCost: 149448	addCost: 13288	backsolveCost: 43743
node 151	AtA: 20854	cholCost: 53322	addCost: 4072	backsolveCost: 24624
node 152	AtA: 20854	cholCost: 53322	addCost: 4072	backsolveCost: 24624
node 153	AtA: 23476	cholCost: 138888	addCost: 10408	backsolveCost: 51833
node 154	AtA: 20854	cholCost: 53322	addCost: 4072	backsolveCost: 24624
node 155	AtA: 20854	cholCost: 53322	addCost: 4072	backsolveCost: 24624
node 156	AtA: 20854	cholCost: 53322	addCost: 4072	backsolveCost: 24624
node 157	AtA: 16484	cholCost: 52490	addCost: 3352	backsolveCost: 24523
node 158	AtA: 17358	cholCost: 57981	addCost: 4888	backsolveCost: 24826
node 159	AtA: 13862	cholCost: 75952	addCost: 9112	backsolveCost: 25432
node 160	AtA: 3884	cholCost: 66324	addCost: 14872	backsolveCost: 17388
node 161	AtA: 5268	cholCost: 255453	addCost: 35992	backsolveCost: 54813
node 162	AtA: 6306	cholCost: 540919	addCost: 59800	backsolveCost: 99442
node 163	AtA: 7690	cholCost: 965334	addCost: 85672	backsolveCost: 172410
node 164	AtA: 23476	cholCost: 1339176	addCost: 56488	backsolveCost: 364362
node 165	AtA: 40956	cholCost: 1423508	addCost: 1192	backsolveCost: 1137552
node 166	AtA: 6870	cholCost: 16194	addCost: 1000	backsolveCost: 10977
node 167	AtA: -1	cholCost: 0	addCost: -1	backsolveCost: 1561

