cliques
175
node 0	AtA: 12236	cholCost: 2688	addCost: 2200	backsolveCost: 16002
node 1	AtA: 12236	cholCost: 2688	addCost: 2200	backsolveCost: 16002
node 2	AtA: 19228	cholCost: 10416	addCost: 4888	backsolveCost: 31323
node 3	AtA: 12236	cholCost: 2688	addCost: 2200	backsolveCost: 16002
node 4	AtA: 12236	cholCost: 0	addCost: 2200	backsolveCost: 16002
node 5	AtA: 13984	cholCost: 6028	addCost: 3352	backsolveCost: 24523
node 6	AtA: 14858	cholCost: 9520	addCost: 4888	backsolveCost: 24826
node 7	AtA: 12236	cholCost: 0	addCost: 2200	backsolveCost: 16002
node 8	AtA: 10488	cholCost: 7728	addCost: 4888	backsolveCost: 16464
node 9	AtA: 10488	cholCost: 7879	addCost: 4888	backsolveCost: 16464
node 10	AtA: 20854	cholCost: 53322	addCost: 4072	backsolveCost: 24624
node 11	AtA: 20854	cholCost: 53322	addCost: 4072	backsolveCost: 24624
node 12	AtA: 12988	cholCost: 58836	addCost: 10408	backsolveCost: 17003
node 13	AtA: 20854	cholCost: 53322	addCost: 4072	backsolveCost: 24624
node 14	AtA: 20854	cholCost: 53322	addCost: 4072	backsolveCost: 24624
node 15	AtA: 22602	cholCost: 149448	addCost: 13288	backsolveCost: 43743
node 16	AtA: 3884	cholCost: 84420	addCost: 20200	backsolveCost: 17696
node 17	AtA: 20854	cholCost: 53322	addCost: 4072	backsolveCost: 24624
node 18	AtA: 20854	cholCost: 53322	addCost: 4072	backsolveCost: 24624
node 19	AtA: 20854	cholCost: 53322	addCost: 4072	backsolveCost: 24624
node 20	AtA: 20854	cholCost: 53322	addCost: 4072	backsolveCost: 24624
node 21	AtA: 20854	cholCost: 53322	addCost: 4072	backsolveCost: 24624
node 22	AtA: 16484	cholCost: 52490	addCost: 3352	backsolveCost: 24523
node 23	AtA: 13862	cholCost: 75952	addCost: 9112	backsolveCost: 25432
node 24	AtA: 3884	cholCost: 66324	addCost: 14872	backsolveCost: 17388
node 25	AtA: 4922	cholCost: 193378	addCost: 22168	backsolveCost: 44839
node 26	AtA: 14736	cholCost: 31131	addCost: 2200	backsolveCost: 16002
node 27	AtA: 21728	cholCost: 74745	addCost: 4888	backsolveCost: 31323
node 28	AtA: 20854	cholCost: 53322	addCost: 4072	backsolveCost: 24624
node 29	AtA: 14736	cholCost: 31131	addCost: 2200	backsolveCost: 16002
node 30	AtA: 21728	cholCost: 74745	addCost: 4888	backsolveCost: 31323
node 31	AtA: 4230	cholCost: 75952	addCost: 9112	backsolveCost: 25432
node 32	AtA: 20854	cholCost: 53322	addCost: 4072	backsolveCost: 24624
node 33	AtA: 20854	cholCost: 53322	addCost: 4072	backsolveCost: 24624
node 34	AtA: 20854	cholCost: 53322	addCost: 4072	backsolveCost: 24624
node 35	AtA: 14736	cholCost: 31131	addCost: 2200	backsolveCost: 16002
node 36	AtA: 16484	cholCost: 52490	addCost: 3352	backsolveCost: 24523
node 37	AtA: 17358	cholCost: 57981	addCost: 4888	backsolveCost: 24826
node 38	AtA: 13862	cholCost: 75952	addCost: 9112	backsolveCost: 25432
node 39	AtA: 3884	cholCost: 66324	addCost: 14872	backsolveCost: 17388
node 40	AtA: 3884	cholCost: 85044	addCost: 22168	backsolveCost: 17850
node 41	AtA: 4576	cholCost: 214772	addCost: 41368	backsolveCost: 34713
node 42	AtA: 14736	cholCost: 405937	addCost: 47128	backsolveCost: 80970
node 43	AtA: 20854	cholCost: 53322	addCost: 4072	backsolveCost: 24624
node 44	AtA: 14736	cholCost: 31131	addCost: 2200	backsolveCost: 16002
node 45	AtA: 21728	cholCost: 74745	addCost: 4888	backsolveCost: 31323
node 46	AtA: 14736	cholCost: 31131	addCost: 2200	backsolveCost: 16002
node 47	AtA: 21728	cholCost: 74745	addCost: 4888	backsolveCost: 31323
node 48	AtA: 17358	cholCost: 68464	addCost: 6808	backsolveCost: 25129
node 49	AtA: 16484	cholCost: 158856	addCost: 14872	backsolveCost: 52578
node 50	AtA: 20854	cholCost: 53322	addCost: 4072	backsolveCost: 24624
node 51	AtA: 20854	cholCost: 53322	addCost: 4072	backsolveCost: 24624
node 52	AtA: 12988	cholCost: 58836	addCost: 10408	backsolveCost: 17003
node 53	AtA: 14736	cholCost: 31131	addCost: 2200	backsolveCost: 16002
node 54	AtA: 16484	cholCost: 52490	addCost: 3352	backsolveCost: 24523
node 55	AtA: 20854	cholCost: 53322	addCost: 4072	backsolveCost: 24624
node 56	AtA: 22602	cholCost: 138216	addCost: 11800	backsolveCost: 43606
node 57	AtA: 3884	cholCost: 78180	addCost: 18328	backsolveCost: 17619
node 58	AtA: 4576	cholCost: 163478	addCost: 26392	backsolveCost: 33696
node 59	AtA: 20854	cholCost: 53322	addCost: 4072	backsolveCost: 24624
node 60	AtA: 20854	cholCost: 53322	addCost: 4072	backsolveCost: 24624
node 61	AtA: 20854	cholCost: 53322	addCost: 4072	backsolveCost: 24624
node 62	AtA: 20854	cholCost: 53322	addCost: 4072	backsolveCost: 24624
node 63	AtA: 23476	cholCost: 138888	addCost: 10408	backsolveCost: 51833
node 64	AtA: 3884	cholCost: 72564	addCost: 16552	backsolveCost: 17465
node 65	AtA: 20854	cholCost: 53322	addCost: 4072	backsolveCost: 24624
node 66	AtA: 20854	cholCost: 53322	addCost: 4072	backsolveCost: 24624
node 67	AtA: 20854	cholCost: 53322	addCost: 4072	backsolveCost: 24624
node 68	AtA: 20854	cholCost: 53322	addCost: 4072	backsolveCost: 24624
node 69	AtA: 19980	cholCost: 52490	addCost: 3352	backsolveCost: 24523
node 70	AtA: 19106	cholCost: 52490	addCost: 3352	backsolveCost: 24523
node 71	AtA: 23476	cholCost: 126408	addCost: 9112	backsolveCost: 51684
node 72	AtA: 3884	cholCost: 66324	addCost: 14872	backsolveCost: 17388
node 73	AtA: 3884	cholCost: 85044	addCost: 22168	backsolveCost: 17850
node 74	AtA: 6306	cholCost: 593460	addCost: 66712	backsolveCost: 100069
node 75	AtA: 20854	cholCost: 53322	addCost: 4072	backsolveCost: 24624
node 76	AtA: 20854	cholCost: 53322	addCost: 4072	backsolveCost: 24624
node 77	AtA: 21728	cholCost: 92924	addCost: 7912	backsolveCost: 31775
node 78	AtA: 13862	cholCost: 89264	addCost: 13288	backsolveCost: 25836
node 79	AtA: 20854	cholCost: 53322	addCost: 4072	backsolveCost: 24624
node 80	AtA: 20854	cholCost: 53322	addCost: 4072	backsolveCost: 24624
node 81	AtA: 20854	cholCost: 53322	addCost: 4072	backsolveCost: 24624
node 82	AtA: 20854	cholCost: 53322	addCost: 4072	backsolveCost: 24624
node 83	AtA: 20854	cholCost: 53322	addCost: 4072	backsolveCost: 24624
node 84	AtA: 4576	cholCost: 140348	addCost: 20200	backsolveCost: 33131
node 85	AtA: 10366	cholCost: 159153	addCost: 38632	backsolveCost: 27654
node 86	AtA: 20854	cholCost: 53322	addCost: 4072	backsolveCost: 24624
node 87	AtA: 20854	cholCost: 53322	addCost: 4072	backsolveCost: 24624
node 88	AtA: 20854	cholCost: 53322	addCost: 4072	backsolveCost: 24624
node 89	AtA: 20854	cholCost: 53322	addCost: 4072	backsolveCost: 24624
node 90	AtA: 4230	cholCost: 89264	addCost: 13288	backsolveCost: 25836
node 91	AtA: 12236	cholCost: 2688	addCost: 2200	backsolveCost: 16002
node 92	AtA: 19106	cholCost: 47831	addCost: 2728	backsolveCost: 24321
node 93	AtA: 12988	cholCost: 45108	addCost: 5800	backsolveCost: 16541
node 94	AtA: 12988	cholCost: 45108	addCost: 5800	backsolveCost: 16541
node 95	AtA: 20854	cholCost: 53322	addCost: 4072	backsolveCost: 24624
node 96	AtA: 19980	cholCost: 52490	addCost: 3352	backsolveCost: 24523
node 97	AtA: 23476	cholCost: 126408	addCost: 9112	backsolveCost: 51684
node 98	AtA: 4576	cholCost: 172547	addCost: 28648	backsolveCost: 33809
node 99	AtA: 5268	cholCost: 326092	addCost: 56488	backsolveCost: 56303
node 100	AtA: 20854	cholCost: 53322	addCost: 4072	backsolveCost: 24624
node 101	AtA: 20854	cholCost: 53322	addCost: 4072	backsolveCost: 24624
node 102	AtA: 20854	cholCost: 53322	addCost: 4072	backsolveCost: 24624
node 103	AtA: 21728	cholCost: 92924	addCost: 7912	backsolveCost: 31775
node 104	AtA: 10366	cholCost: 101744	addCost: 16552	backsolveCost: 26139
node 105	AtA: 20854	cholCost: 53322	addCost: 4072	backsolveCost: 24624
node 106	AtA: 20854	cholCost: 53322	addCost: 4072	backsolveCost: 24624
node 107	AtA: 20854	cholCost: 53322	addCost: 4072	backsolveCost: 24624
node 108	AtA: 20854	cholCost: 53322	addCost: 4072	backsolveCost: 24624
node 109	AtA: 12988	cholCost: 58836	addCost: 10408	backsolveCost: 17003
node 110	AtA: 3884	cholCost: 72564	addCost: 16552	backsolveCost: 17465
node 111	AtA: 10366	cholCost: 159153	addCost: 38632	backsolveCost: 27654
node 112	AtA: 23476	cholCost: 74745	addCost: 4888	backsolveCost: 31323
node 113	AtA: 25224	cholCost: 125736	addCost: 10408	backsolveCost: 43332
node 114	AtA: 20854	cholCost: 53322	addCost: 4072	backsolveCost: 24624
node 115	AtA: 14736	cholCost: 32379	addCost: 2728	backsolveCost: 16079
node 116	AtA: 17358	cholCost: 57981	addCost: 4888	backsolveCost: 24826
node 117	AtA: 12988	cholCost: 40865	addCost: 4888	backsolveCost: 16464
node 118	AtA: 13862	cholCost: 75952	addCost: 9112	backsolveCost: 25432
node 119	AtA: 23476	cholCost: 74745	addCost: 4888	backsolveCost: 31323
node 120	AtA: 14736	cholCost: 31131	addCost: 2200	backsolveCost: 16002
node 121	AtA: 16484	cholCost: 52490	addCost: 3352	backsolveCost: 24523
node 122	AtA: 24350	cholCost: 117000	addCost: 7912	backsolveCost: 42921
node 123	AtA: 15610	cholCost: 107068	addCost: 11800	backsolveCost: 32340
node 124	AtA: 11240	cholCost: 115888	addCost: 22168	backsolveCost: 26644
node 125	AtA: 13862	cholCost: 195298	addCost: 22168	backsolveCost: 53472
node 126	AtA: 13862	cholCost: 375906	addCost: 53272	backsolveCost: 70756
node 127	AtA: 23476	cholCost: 74745	addCost: 4888	backsolveCost: 31323
node 128	AtA: 23476	cholCost: 74745	addCost: 4888	backsolveCost: 31323
node 129	AtA: 17358	cholCost: 68464	addCost: 6808	backsolveCost: 25129
node 130	AtA: 23476	cholCost: 74745	addCost: 4888	backsolveCost: 31323
node 131	AtA: 17358	cholCost: 184292	addCost: 13288	backsolveCost: 66258
node 132	AtA: 11240	cholCost: 140348	addCost: 20200	backsolveCost: 33131
node 133	AtA: 14736	cholCost: 31131	addCost: 2200	backsolveCost: 16002
node 134	AtA: 21728	cholCost: 74745	addCost: 4888	backsolveCost: 31323
node 135	AtA: 18354	cholCost: 8268	addCost: 4072	backsolveCost: 24624
node 136	AtA: 19106	cholCost: 124488	addCost: 9112	backsolveCost: 43195
node 137	AtA: 20854	cholCost: 53322	addCost: 4072	backsolveCost: 24624
node 138	AtA: 20854	cholCost: 53322	addCost: 4072	backsolveCost: 24624
node 139	AtA: 23476	cholCost: 74745	addCost: 4888	backsolveCost: 31323
node 140	AtA: 23476	cholCost: 74745	addCost: 4888	backsolveCost: 31323
node 141	AtA: 9492	cholCost: 125164	addCost: 14872	backsolveCost: 32679
node 142	AtA: 12988	cholCost: 367331	addCost: 38632	backsolveCost: 80045
node 143	AtA: 20854	cholCost: 53322	addCost: 4072	backsolveCost: 24624
node 144	AtA: 20854	cholCost: 53322	addCost: 4072	backsolveCost: 24624
node 145	AtA: 22602	cholCost: 149448	addCost: 13288	backsolveCost: 43743
node 146	AtA: 20854	cholCost: 53322	addCost: 4072	backsolveCost: 24624
node 147	AtA: 20854	cholCost: 53322	addCost: 4072	backsolveCost: 24624
node 148	AtA: 20854	cholCost: 53322	addCost: 4072	backsolveCost: 24624
node 149	AtA: 20854	cholCost: 53322	addCost: 4072	backsolveCost: 24624
node 150	AtA: 4230	cholCost: 89264	addCost: 13288	backsolveCost: 25836
node 151	AtA: 20854	cholCost: 53322	addCost: 4072	backsolveCost: 24624
node 152	AtA: 14736	cholCost: 32379	addCost: 2728	backsolveCost: 16079
node 153	AtA: 20854	cholCost: 74745	addCost: 4888	backsolveCost: 31323
node 154	AtA: 14736	cholCost: 32379	addCost: 2728	backsolveCost: 16079
node 155	AtA: 19980	cholCost: 74745	addCost: 4888	backsolveCost: 31323
node 156	AtA: 12988	cholCost: 40865	addCost: 4888	backsolveCost: 16464
node 157	AtA: 17358	cholCost: 150120	addCost: 11800	backsolveCost: 52131
node 158	AtA: 20854	cholCost: 53322	addCost: 4072	backsolveCost: 24624
node 159	AtA: 20854	cholCost: 53322	addCost: 4072	backsolveCost: 24624
node 160	AtA: 18232	cholCost: 52490	addCost: 3352	backsolveCost: 24523
node 161	AtA: 17358	cholCost: 57981	addCost: 4888	backsolveCost: 24826
node 162	AtA: 20854	cholCost: 53322	addCost: 4072	backsolveCost: 24624
node 163	AtA: 14736	cholCost: 32379	addCost: 2728	backsolveCost: 16079
node 164	AtA: 20854	cholCost: 74745	addCost: 4888	backsolveCost: 31323
node 165	AtA: 7744	cholCost: 75952	addCost: 9112	backsolveCost: 25432
node 166	AtA: 3884	cholCost: 66324	addCost: 14872	backsolveCost: 17388
node 167	AtA: 7744	cholCost: 115888	addCost: 22168	backsolveCost: 26644
node 168	AtA: 5960	cholCost: 384970	addCost: 41368	backsolveCost: 80415
node 169	AtA: 9492	cholCost: 411780	addCost: 85672	backsolveCost: 49086
node 170	AtA: 18232	cholCost: 1002620	addCost: 85672	backsolveCost: 189095
node 171	AtA: 17358	cholCost: 1040060	addCost: 89752	backsolveCost: 189681
node 172	AtA: 54940	cholCost: 2423192	addCost: 1192	backsolveCost: 1834890
node 173	AtA: 6870	cholCost: 16194	addCost: 1000	backsolveCost: 10977
node 174	AtA: -1	cholCost: 0	addCost: -1	backsolveCost: 1561

