cliques
49
node 0	AtA: 14736	cholCost: 31131	addCost: 2200	backsolveCost: 16002
node 1	AtA: 17358	cholCost: 44004	addCost: 2200	backsolveCost: 24220
node 2	AtA: 14736	cholCost: 35998	addCost: 3352	backsolveCost: 16233
node 3	AtA: 14736	cholCost: 31131	addCost: 2200	backsolveCost: 16002
node 4	AtA: 14736	cholCost: 31131	addCost: 2200	backsolveCost: 16002
node 5	AtA: 14736	cholCost: 31131	addCost: 2200	backsolveCost: 16002
node 6	AtA: 14736	cholCost: 31131	addCost: 2200	backsolveCost: 16002
node 7	AtA: 14736	cholCost: 31131	addCost: 2200	backsolveCost: 16002
node 8	AtA: 14736	cholCost: 31131	addCost: 2200	backsolveCost: 16002
node 9	AtA: 14736	cholCost: 31131	addCost: 2200	backsolveCost: 16002
node 10	AtA: 14736	cholCost: 31131	addCost: 2200	backsolveCost: 16002
node 11	AtA: 14736	cholCost: 31131	addCost: 2200	backsolveCost: 16002
node 12	AtA: 14736	cholCost: 31131	addCost: 2200	backsolveCost: 16002
node 13	AtA: 14736	cholCost: 31131	addCost: 2200	backsolveCost: 16002
node 14	AtA: 14736	cholCost: 31131	addCost: 2200	backsolveCost: 16002
node 15	AtA: 14736	cholCost: 31131	addCost: 2200	backsolveCost: 16002
node 16	AtA: 14736	cholCost: 31131	addCost: 2200	backsolveCost: 16002
node 17	AtA: 14736	cholCost: 31131	addCost: 2200	backsolveCost: 16002
node 18	AtA: 14736	cholCost: 31131	addCost: 2200	backsolveCost: 16002
node 19	AtA: 14736	cholCost: 31131	addCost: 2200	backsolveCost: 16002
node 20	AtA: 14736	cholCost: 31131	addCost: 2200	backsolveCost: 16002
node 21	AtA: 22602	cholCost: 88546	addCost: 4072	backsolveCost: 42099
node 22	AtA: 3884	cholCost: 40241	addCost: 4072	backsolveCost: 16310
node 23	AtA: 12114	cholCost: 40241	addCost: 4072	backsolveCost: 16310
node 24	AtA: 12988	cholCost: 40241	addCost: 4072	backsolveCost: 16310
node 25	AtA: 3884	cholCost: 40241	addCost: 4072	backsolveCost: 16310
node 26	AtA: 12988	cholCost: 40241	addCost: 4072	backsolveCost: 16310
node 27	AtA: 8618	cholCost: 40241	addCost: 4072	backsolveCost: 16310
node 28	AtA: 12988	cholCost: 40241	addCost: 4072	backsolveCost: 16310
node 29	AtA: 3884	cholCost: 40241	addCost: 4072	backsolveCost: 16310
node 30	AtA: 12114	cholCost: 40241	addCost: 4072	backsolveCost: 16310
node 31	AtA: 12988	cholCost: 40241	addCost: 4072	backsolveCost: 16310
node 32	AtA: 3884	cholCost: 40241	addCost: 4072	backsolveCost: 16310
node 33	AtA: 12988	cholCost: 40241	addCost: 4072	backsolveCost: 16310
node 34	AtA: 8618	cholCost: 40241	addCost: 4072	backsolveCost: 16310
node 35	AtA: 12988	cholCost: 40241	addCost: 4072	backsolveCost: 16310
node 36	AtA: 3884	cholCost: 40241	addCost: 4072	backsolveCost: 16310
node 37	AtA: 12114	cholCost: 40241	addCost: 4072	backsolveCost: 16310
node 38	AtA: 12988	cholCost: 40241	addCost: 4072	backsolveCost: 16310
node 39	AtA: 3884	cholCost: 40241	addCost: 4072	backsolveCost: 16310
node 40	AtA: 12988	cholCost: 40241	addCost: 4072	backsolveCost: 16310
node 41	AtA: 8618	cholCost: 40241	addCost: 4072	backsolveCost: 16310
node 42	AtA: 12988	cholCost: 40241	addCost: 4072	backsolveCost: 16310
node 43	AtA: 3884	cholCost: 40241	addCost: 4072	backsolveCost: 16310
node 44	AtA: 12114	cholCost: 40241	addCost: 4072	backsolveCost: 16310
node 45	AtA: 12988	cholCost: 40241	addCost: 4072	backsolveCost: 16310
node 46	AtA: 26098	cholCost: 170364	addCost: 1192	backsolveCost: 134012
node 47	AtA: 6870	cholCost: 16194	addCost: 1000	backsolveCost: 10977
node 48	AtA: -1	cholCost: 0	addCost: -1	backsolveCost: 1561

