ordering and width
19
1 3
2 3
3 3
4 3
5 3
6 3
7 3
8 3
9 3
10 3
11 3
12 3
13 3
14 3
15 3
16 3
17 3
18 3
0 1

factors
36
0 3 4 2
1 0 
1 3 4 2
2 0 
2 3 4 2
3 0 
3 3 4 2
1 0 
4 3 7 3
2 1 0 
5 3 7 3
3 2 0 
6 3 4 2
4 0 
7 3 7 3
4 3 0 
8 3 4 2
5 0 
9 3 7 3
5 4 0 
10 3 4 2
6 0 
11 3 7 3
6 5 0 
12 3 4 2
7 0 
13 3 7 3
7 6 0 
14 3 4 2
8 0 
15 3 7 3
8 7 0 
16 3 4 2
9 0 
17 3 7 3
9 8 0 
18 3 4 2
10 0 
19 3 7 3
10 9 0 
20 3 4 2
11 0 
21 3 7 3
11 10 0 
22 3 4 2
12 0 
23 3 7 3
12 11 0 
24 3 4 2
13 0 
25 3 7 3
13 12 0 
26 3 4 2
14 0 
27 3 7 3
14 13 0 
28 3 4 2
15 0 
29 3 7 3
15 14 0 
30 3 4 2
16 0 
31 3 7 3
16 15 0 
32 3 4 2
17 0 
33 3 7 3
17 16 0 
34 3 4 2
18 0 
35 3 7 3
18 17 0 

cliques
4
28 24 8 10
1 0 3
2 3 3
3 6 3
4 9 3
5 12 3
6 15 3
7 18 3
8 21 3
9 24 3
0 27 1
28 24 8 10
9 0 3
10 3 3
11 6 3
12 9 3
13 12 3
14 15 3
15 18 3
16 21 3
17 24 3
0 27 1
7 6 2 3
17 0 3
18 3 3
0 6 1
1 1 1 1
0 0 1

new keys
1
18

relin keys
0

