ordering and width
381
43 3
23 3
3 3
44 3
24 3
4 3
45 3
5 3
25 3
46 3
6 3
26 3
47 3
27 3
7 3
48 3
8 3
28 3
49 3
29 3
9 3
50 3
10 3
30 3
51 3
31 3
11 3
52 3
12 3
32 3
53 3
13 3
33 3
54 3
14 3
34 3
56 3
16 3
36 3
15 3
35 3
55 3
57 3
17 3
37 3
88 3
89 3
90 3
91 3
92 3
93 3
94 3
95 3
59 3
19 3
39 3
38 3
18 3
58 3
60 3
20 3
40 3
42 3
2 3
22 3
96 3
97 3
98 3
99 3
87 3
100 3
63 3
103 3
102 3
62 3
61 3
21 3
1 3
41 3
101 3
78 3
79 3
80 3
81 3
82 3
83 3
84 3
77 3
68 3
108 3
109 3
69 3
110 3
70 3
111 3
71 3
112 3
72 3
113 3
73 3
114 3
74 3
115 3
75 3
118 3
119 3
120 3
121 3
122 3
123 3
124 3
125 3
126 3
127 3
128 3
129 3
130 3
131 3
132 3
133 3
105 3
104 3
65 3
64 3
134 3
117 3
116 3
76 3
85 3
107 3
67 3
106 3
86 3
66 3
146 3
326 3
327 3
147 3
325 3
145 3
328 3
148 3
303 3
304 3
305 3
306 3
307 3
308 3
309 3
310 3
143 3
323 3
324 3
144 3
322 3
142 3
149 3
329 3
298 3
278 3
299 3
279 3
300 3
280 3
277 3
297 3
287 3
267 3
288 3
268 3
289 3
269 3
290 3
270 3
291 3
271 3
292 3
272 3
293 3
273 3
294 3
274 3
283 3
284 3
282 3
285 3
311 3
312 3
313 3
314 3
302 3
315 3
301 3
281 3
192 3
172 3
193 3
173 3
194 3
174 3
195 3
175 3
196 3
176 3
197 3
177 3
198 3
178 3
199 3
179 3
213 3
214 3
215 3
216 3
217 3
218 3
219 3
220 3
208 3
228 3
229 3
209 3
227 3
207 3
230 3
210 3
238 3
239 3
240 3
241 3
242 3
243 3
244 3
245 3
255 3
235 3
234 3
254 3
253 3
233 3
252 3
232 3
258 3
259 3
257 3
260 3
246 3
247 3
248 3
249 3
237 3
250 3
256 3
236 3
221 3
222 3
223 3
224 3
212 3
225 3
251 3
231 3
211 3
203 3
183 3
204 3
184 3
202 3
182 3
205 3
185 3
295 3
275 3
318 3
319 3
320 3
317 3
316 3
296 3
276 3
188 3
189 3
190 3
187 3
200 3
180 3
226 3
206 3
186 3
263 3
264 3
265 3
262 3
286 3
266 3
330 3
150 3
139 3
140 3
141 3
321 3
158 3
159 3
160 3
161 3
162 3
163 3
164 3
165 3
153 3
353 3
354 3
154 3
355 3
155 3
352 3
152 3
333 3
334 3
135 3
335 3
336 3
136 3
337 3
137 3
261 3
201 3
181 3
332 3
338 3
350 3
349 3
348 3
347 3
346 3
345 3
344 3
343 3
342 3
341 3
340 3
138 3
339 3
166 3
167 3
168 3
169 3
157 3
170 3
351 3
151 3
331 3
191 3
171 3
156 3
356 3
357 3
358 3
359 3
360 3
361 3
362 3
363 3
364 3
365 3
366 3
367 3
368 3
369 3
370 3
371 3
372 3
373 3
374 3
375 3
376 3
377 3
378 3
379 3
380 3
0 1

factors
1387
0 3 4 2
1 0 
1 3 4 2
2 0 
2 3 4 2
3 0 
3 3 4 2
1 0 
4 3 7 3
2 1 0 
5 3 7 3
3 2 0 
6 3 4 2
4 0 
7 3 7 3
4 3 0 
8 3 4 2
5 0 
9 3 7 3
5 4 0 
10 3 4 2
6 0 
11 3 7 3
6 5 0 
12 3 4 2
7 0 
13 3 7 3
7 6 0 
14 3 4 2
8 0 
15 3 7 3
8 7 0 
16 3 4 2
9 0 
17 3 7 3
9 8 0 
18 3 4 2
10 0 
19 3 7 3
10 9 0 
20 3 4 2
11 0 
21 3 7 3
11 10 0 
22 3 4 2
12 0 
23 3 7 3
12 11 0 
24 3 4 2
13 0 
25 3 7 3
13 12 0 
26 3 4 2
14 0 
27 3 7 3
14 13 0 
28 3 4 2
15 0 
29 3 7 3
15 14 0 
30 3 4 2
16 0 
31 3 7 3
16 15 0 
32 3 4 2
17 0 
33 3 7 3
17 16 0 
34 3 4 2
18 0 
35 3 7 3
18 17 0 
36 3 4 2
19 0 
37 3 7 3
19 18 0 
38 3 4 2
20 0 
39 3 7 3
20 19 0 
40 3 7 3
20 1 0 
41 3 4 2
21 0 
42 3 7 3
21 20 0 
43 3 7 3
21 2 0 
44 3 7 3
21 1 0 
45 3 4 2
22 0 
46 3 7 3
22 3 0 
47 3 7 3
22 2 0 
48 3 7 3
22 1 0 
49 3 7 3
22 21 0 
50 3 4 2
23 0 
51 3 7 3
23 3 0 
52 3 7 3
23 4 0 
53 3 7 3
23 2 0 
54 3 7 3
23 22 0 
55 3 4 2
24 0 
56 3 7 3
24 5 0 
57 3 7 3
24 3 0 
58 3 7 3
24 4 0 
59 3 7 3
24 23 0 
60 3 4 2
25 0 
61 3 7 3
25 6 0 
62 3 7 3
25 5 0 
63 3 7 3
25 4 0 
64 3 7 3
25 24 0 
65 3 4 2
26 0 
66 3 7 3
26 7 0 
67 3 7 3
26 25 0 
68 3 7 3
26 6 0 
69 3 7 3
26 5 0 
70 3 4 2
27 0 
71 3 7 3
27 8 0 
72 3 7 3
27 26 0 
73 3 7 3
27 7 0 
74 3 7 3
27 6 0 
75 3 4 2
28 0 
76 3 7 3
28 9 0 
77 3 7 3
28 8 0 
78 3 7 3
28 7 0 
79 3 7 3
28 27 0 
80 3 4 2
29 0 
81 3 7 3
29 10 0 
82 3 7 3
29 28 0 
83 3 7 3
29 9 0 
84 3 7 3
29 8 0 
85 3 4 2
30 0 
86 3 7 3
30 11 0 
87 3 7 3
30 10 0 
88 3 7 3
30 9 0 
89 3 7 3
30 29 0 
90 3 4 2
31 0 
91 3 7 3
31 11 0 
92 3 7 3
31 12 0 
93 3 7 3
31 30 0 
94 3 7 3
31 10 0 
95 3 4 2
32 0 
96 3 7 3
32 11 0 
97 3 7 3
32 31 0 
98 3 7 3
32 12 0 
99 3 7 3
32 13 0 
100 3 4 2
33 0 
101 3 7 3
33 32 0 
102 3 7 3
33 12 0 
103 3 7 3
33 13 0 
104 3 7 3
33 14 0 
105 3 4 2
34 0 
106 3 7 3
34 33 0 
107 3 7 3
34 13 0 
108 3 7 3
34 14 0 
109 3 7 3
34 15 0 
110 3 4 2
35 0 
111 3 7 3
35 34 0 
112 3 7 3
35 14 0 
113 3 7 3
35 15 0 
114 3 7 3
35 16 0 
115 3 4 2
36 0 
116 3 7 3
36 15 0 
117 3 7 3
36 35 0 
118 3 7 3
36 16 0 
119 3 7 3
36 17 0 
120 3 4 2
37 0 
121 3 7 3
37 36 0 
122 3 7 3
37 16 0 
123 3 7 3
37 17 0 
124 3 7 3
37 18 0 
125 3 4 2
38 0 
126 3 7 3
38 37 0 
127 3 7 3
38 17 0 
128 3 7 3
38 19 0 
129 3 7 3
38 18 0 
130 3 4 2
39 0 
131 3 7 3
39 19 0 
132 3 7 3
39 38 0 
133 3 7 3
39 18 0 
134 3 7 3
39 20 0 
135 3 4 2
40 0 
136 3 7 3
40 39 0 
137 3 7 3
40 19 0 
138 3 7 3
40 20 0 
139 3 7 3
40 1 0 
140 3 7 3
40 21 0 
141 3 4 2
41 0 
142 3 7 3
41 40 0 
143 3 7 3
41 20 0 
144 3 7 3
41 2 0 
145 3 7 3
41 22 0 
146 3 7 3
41 1 0 
147 3 7 3
41 21 0 
148 3 4 2
42 0 
149 3 7 3
42 41 0 
150 3 7 3
42 3 0 
151 3 7 3
42 23 0 
152 3 7 3
42 2 0 
153 3 7 3
42 22 0 
154 3 7 3
42 1 0 
155 3 7 3
42 21 0 
156 3 4 2
43 0 
157 3 7 3
43 3 0 
158 3 7 3
43 4 0 
159 3 7 3
43 24 0 
160 3 7 3
43 23 0 
161 3 7 3
43 2 0 
162 3 7 3
43 22 0 
163 3 7 3
43 42 0 
164 3 4 2
44 0 
165 3 7 3
44 25 0 
166 3 7 3
44 5 0 
167 3 7 3
44 3 0 
168 3 7 3
44 43 0 
169 3 7 3
44 4 0 
170 3 7 3
44 24 0 
171 3 7 3
44 23 0 
172 3 4 2
45 0 
173 3 7 3
45 44 0 
174 3 7 3
45 26 0 
175 3 7 3
45 25 0 
176 3 7 3
45 6 0 
177 3 7 3
45 5 0 
178 3 7 3
45 4 0 
179 3 7 3
45 24 0 
180 3 4 2
46 0 
181 3 7 3
46 26 0 
182 3 7 3
46 7 0 
183 3 7 3
46 27 0 
184 3 7 3
46 25 0 
185 3 7 3
46 45 0 
186 3 7 3
46 6 0 
187 3 7 3
46 5 0 
188 3 4 2
47 0 
189 3 7 3
47 28 0 
190 3 7 3
47 8 0 
191 3 7 3
47 26 0 
192 3 7 3
47 7 0 
193 3 7 3
47 27 0 
194 3 7 3
47 46 0 
195 3 7 3
47 6 0 
196 3 4 2
48 0 
197 3 7 3
48 28 0 
198 3 7 3
48 9 0 
199 3 7 3
48 29 0 
200 3 7 3
48 8 0 
201 3 7 3
48 7 0 
202 3 7 3
48 27 0 
203 3 7 3
48 47 0 
204 3 4 2
49 0 
205 3 7 3
49 30 0 
206 3 7 3
49 10 0 
207 3 7 3
49 28 0 
208 3 7 3
49 9 0 
209 3 7 3
49 29 0 
210 3 7 3
49 48 0 
211 3 7 3
49 8 0 
212 3 4 2
50 0 
213 3 7 3
50 11 0 
214 3 7 3
50 31 0 
215 3 7 3
50 30 0 
216 3 7 3
50 10 0 
217 3 7 3
50 9 0 
218 3 7 3
50 29 0 
219 3 7 3
50 49 0 
220 3 4 2
51 0 
221 3 7 3
51 32 0 
222 3 7 3
51 11 0 
223 3 7 3
51 31 0 
224 3 7 3
51 12 0 
225 3 7 3
51 30 0 
226 3 7 3
51 50 0 
227 3 7 3
51 10 0 
228 3 4 2
52 0 
229 3 7 3
52 32 0 
230 3 7 3
52 11 0 
231 3 7 3
52 31 0 
232 3 7 3
52 51 0 
233 3 7 3
52 33 0 
234 3 7 3
52 12 0 
235 3 7 3
52 13 0 
236 3 4 2
53 0 
237 3 7 3
53 32 0 
238 3 7 3
53 52 0 
239 3 7 3
53 33 0 
240 3 7 3
53 12 0 
241 3 7 3
53 13 0 
242 3 7 3
53 34 0 
243 3 7 3
53 14 0 
244 3 4 2
54 0 
245 3 7 3
54 33 0 
246 3 7 3
54 53 0 
247 3 7 3
54 13 0 
248 3 7 3
54 34 0 
249 3 7 3
54 14 0 
250 3 7 3
54 15 0 
251 3 7 3
54 35 0 
252 3 4 2
55 0 
253 3 7 3
55 36 0 
254 3 7 3
55 54 0 
255 3 7 3
55 34 0 
256 3 7 3
55 14 0 
257 3 7 3
55 15 0 
258 3 7 3
55 35 0 
259 3 7 3
55 16 0 
260 3 4 2
56 0 
261 3 7 3
56 36 0 
262 3 7 3
56 55 0 
263 3 7 3
56 15 0 
264 3 7 3
56 35 0 
265 3 7 3
56 16 0 
266 3 7 3
56 37 0 
267 3 7 3
56 17 0 
268 3 4 2
57 0 
269 3 7 3
57 36 0 
270 3 7 3
57 56 0 
271 3 7 3
57 16 0 
272 3 7 3
57 37 0 
273 3 7 3
57 17 0 
274 3 7 3
57 38 0 
275 3 7 3
57 18 0 
276 3 4 2
58 0 
277 3 7 3
58 37 0 
278 3 7 3
58 57 0 
279 3 7 3
58 17 0 
280 3 7 3
58 39 0 
281 3 7 3
58 19 0 
282 3 7 3
58 38 0 
283 3 7 3
58 18 0 
284 3 4 2
59 0 
285 3 7 3
59 58 0 
286 3 7 3
59 39 0 
287 3 7 3
59 19 0 
288 3 7 3
59 38 0 
289 3 7 3
59 18 0 
290 3 7 3
59 40 0 
291 3 7 3
59 20 0 
292 3 4 2
60 0 
293 3 7 3
60 39 0 
294 3 7 3
60 59 0 
295 3 7 3
60 19 0 
296 3 7 3
60 40 0 
297 3 7 3
60 20 0 
298 3 7 3
60 41 0 
299 3 7 3
60 1 0 
300 3 7 3
60 21 0 
301 3 4 2
61 0 
302 3 7 3
61 60 0 
303 3 7 3
61 40 0 
304 3 7 3
61 20 0 
305 3 7 3
61 41 0 
306 3 7 3
61 2 0 
307 3 7 3
61 22 0 
308 3 7 3
61 42 0 
309 3 7 3
61 1 0 
310 3 7 3
61 21 0 
311 3 4 2
62 0 
312 3 7 3
62 41 0 
313 3 7 3
62 61 0 
314 3 7 3
62 1 0 
315 3 7 3
62 21 0 
316 3 4 2
63 0 
317 3 7 3
63 62 0 
318 3 4 2
64 0 
319 3 7 3
64 63 0 
320 3 4 2
65 0 
321 3 7 3
65 64 0 
322 3 4 2
66 0 
323 3 7 3
66 65 0 
324 3 4 2
67 0 
325 3 7 3
67 66 0 
326 3 4 2
68 0 
327 3 7 3
68 67 0 
328 3 4 2
69 0 
329 3 7 3
69 68 0 
330 3 4 2
70 0 
331 3 7 3
70 69 0 
332 3 4 2
71 0 
333 3 7 3
71 70 0 
334 3 4 2
72 0 
335 3 7 3
72 71 0 
336 3 4 2
73 0 
337 3 7 3
73 72 0 
338 3 4 2
74 0 
339 3 7 3
74 73 0 
340 3 4 2
75 0 
341 3 7 3
75 74 0 
342 3 4 2
76 0 
343 3 7 3
76 75 0 
344 3 4 2
77 0 
345 3 7 3
77 76 0 
346 3 4 2
78 0 
347 3 7 3
78 77 0 
348 3 4 2
79 0 
349 3 7 3
79 78 0 
350 3 4 2
80 0 
351 3 7 3
80 79 0 
352 3 4 2
81 0 
353 3 7 3
81 80 0 
354 3 4 2
82 0 
355 3 7 3
82 81 0 
356 3 4 2
83 0 
357 3 7 3
83 82 0 
358 3 4 2
84 0 
359 3 7 3
84 83 0 
360 3 4 2
85 0 
361 3 7 3
85 66 0 
362 3 7 3
85 84 0 
363 3 4 2
86 0 
364 3 7 3
86 66 0 
365 3 7 3
86 67 0 
366 3 7 3
86 65 0 
367 3 7 3
86 85 0 
368 3 4 2
87 0 
369 3 7 3
87 66 0 
370 3 7 3
87 86 0 
371 3 4 2
88 0 
372 3 7 3
88 87 0 
373 3 4 2
89 0 
374 3 7 3
89 88 0 
375 3 4 2
90 0 
376 3 7 3
90 89 0 
377 3 4 2
91 0 
378 3 7 3
91 90 0 
379 3 4 2
92 0 
380 3 7 3
92 91 0 
381 3 4 2
93 0 
382 3 7 3
93 92 0 
383 3 4 2
94 0 
384 3 7 3
94 93 0 
385 3 4 2
95 0 
386 3 7 3
95 94 0 
387 3 4 2
96 0 
388 3 7 3
96 95 0 
389 3 4 2
97 0 
390 3 7 3
97 96 0 
391 3 4 2
98 0 
392 3 7 3
98 97 0 
393 3 4 2
99 0 
394 3 7 3
99 98 0 
395 3 4 2
100 0 
396 3 7 3
100 41 0 
397 3 7 3
100 61 0 
398 3 7 3
100 1 0 
399 3 7 3
100 21 0 
400 3 7 3
100 99 0 
401 3 4 2
101 0 
402 3 7 3
101 60 0 
403 3 7 3
101 40 0 
404 3 7 3
101 20 0 
405 3 7 3
101 41 0 
406 3 7 3
101 2 0 
407 3 7 3
101 22 0 
408 3 7 3
101 42 0 
409 3 7 3
101 61 0 
410 3 7 3
101 1 0 
411 3 7 3
101 21 0 
412 3 7 3
101 62 0 
413 3 7 3
101 100 0 
414 3 4 2
102 0 
415 3 7 3
102 41 0 
416 3 7 3
102 61 0 
417 3 7 3
102 1 0 
418 3 7 3
102 21 0 
419 3 7 3
102 63 0 
420 3 7 3
102 62 0 
421 3 7 3
102 101 0 
422 3 4 2
103 0 
423 3 7 3
103 64 0 
424 3 7 3
103 63 0 
425 3 7 3
103 62 0 
426 3 7 3
103 102 0 
427 3 4 2
104 0 
428 3 7 3
104 64 0 
429 3 7 3
104 63 0 
430 3 7 3
104 65 0 
431 3 7 3
104 103 0 
432 3 4 2
105 0 
433 3 7 3
105 66 0 
434 3 7 3
105 64 0 
435 3 7 3
105 65 0 
436 3 7 3
105 104 0 
437 3 7 3
105 86 0 
438 3 4 2
106 0 
439 3 7 3
106 66 0 
440 3 7 3
106 67 0 
441 3 7 3
106 65 0 
442 3 7 3
106 87 0 
443 3 7 3
106 86 0 
444 3 7 3
106 105 0 
445 3 7 3
106 85 0 
446 3 4 2
107 0 
447 3 7 3
107 68 0 
448 3 7 3
107 66 0 
449 3 7 3
107 67 0 
450 3 7 3
107 86 0 
451 3 7 3
107 106 0 
452 3 4 2
108 0 
453 3 7 3
108 69 0 
454 3 7 3
108 68 0 
455 3 7 3
108 67 0 
456 3 7 3
108 107 0 
457 3 4 2
109 0 
458 3 7 3
109 70 0 
459 3 7 3
109 69 0 
460 3 7 3
109 68 0 
461 3 7 3
109 108 0 
462 3 4 2
110 0 
463 3 7 3
110 70 0 
464 3 7 3
110 71 0 
465 3 7 3
110 69 0 
466 3 7 3
110 109 0 
467 3 4 2
111 0 
468 3 7 3
111 70 0 
469 3 7 3
111 72 0 
470 3 7 3
111 71 0 
471 3 7 3
111 110 0 
472 3 4 2
112 0 
473 3 7 3
112 72 0 
474 3 7 3
112 111 0 
475 3 7 3
112 71 0 
476 3 7 3
112 73 0 
477 3 4 2
113 0 
478 3 7 3
113 72 0 
479 3 7 3
113 112 0 
480 3 7 3
113 74 0 
481 3 7 3
113 73 0 
482 3 4 2
114 0 
483 3 7 3
114 75 0 
484 3 7 3
114 74 0 
485 3 7 3
114 73 0 
486 3 7 3
114 113 0 
487 3 4 2
115 0 
488 3 7 3
115 75 0 
489 3 7 3
115 74 0 
490 3 7 3
115 76 0 
491 3 7 3
115 114 0 
492 3 4 2
116 0 
493 3 7 3
116 75 0 
494 3 7 3
116 76 0 
495 3 7 3
116 115 0 
496 3 7 3
116 77 0 
497 3 4 2
117 0 
498 3 7 3
117 76 0 
499 3 7 3
117 116 0 
500 3 4 2
118 0 
501 3 7 3
118 117 0 
502 3 4 2
119 0 
503 3 7 3
119 118 0 
504 3 4 2
120 0 
505 3 7 3
120 119 0 
506 3 4 2
121 0 
507 3 7 3
121 120 0 
508 3 4 2
122 0 
509 3 7 3
122 121 0 
510 3 4 2
123 0 
511 3 7 3
123 122 0 
512 3 4 2
124 0 
513 3 7 3
124 123 0 
514 3 4 2
125 0 
515 3 7 3
125 124 0 
516 3 4 2
126 0 
517 3 7 3
126 125 0 
518 3 4 2
127 0 
519 3 7 3
127 126 0 
520 3 4 2
128 0 
521 3 7 3
128 127 0 
522 3 4 2
129 0 
523 3 7 3
129 128 0 
524 3 4 2
130 0 
525 3 7 3
130 129 0 
526 3 4 2
131 0 
527 3 7 3
131 130 0 
528 3 4 2
132 0 
529 3 7 3
132 131 0 
530 3 4 2
133 0 
531 3 7 3
133 132 0 
532 3 4 2
134 0 
533 3 7 3
134 133 0 
534 3 4 2
135 0 
535 3 7 3
135 134 0 
536 3 4 2
136 0 
537 3 7 3
136 135 0 
538 3 4 2
137 0 
539 3 7 3
137 136 0 
540 3 4 2
138 0 
541 3 7 3
138 137 0 
542 3 4 2
139 0 
543 3 7 3
139 138 0 
544 3 4 2
140 0 
545 3 7 3
140 139 0 
546 3 4 2
141 0 
547 3 7 3
141 140 0 
548 3 4 2
142 0 
549 3 7 3
142 141 0 
550 3 4 2
143 0 
551 3 7 3
143 142 0 
552 3 4 2
144 0 
553 3 7 3
144 143 0 
554 3 4 2
145 0 
555 3 7 3
145 144 0 
556 3 4 2
146 0 
557 3 7 3
146 145 0 
558 3 4 2
147 0 
559 3 7 3
147 146 0 
560 3 4 2
148 0 
561 3 7 3
148 147 0 
562 3 4 2
149 0 
563 3 7 3
149 148 0 
564 3 4 2
150 0 
565 3 7 3
150 149 0 
566 3 4 2
151 0 
567 3 7 3
151 150 0 
568 3 4 2
152 0 
569 3 7 3
152 151 0 
570 3 4 2
153 0 
571 3 7 3
153 152 0 
572 3 4 2
154 0 
573 3 7 3
154 153 0 
574 3 4 2
155 0 
575 3 7 3
155 154 0 
576 3 4 2
156 0 
577 3 7 3
156 155 0 
578 3 4 2
157 0 
579 3 7 3
157 156 0 
580 3 4 2
158 0 
581 3 7 3
158 157 0 
582 3 4 2
159 0 
583 3 7 3
159 158 0 
584 3 4 2
160 0 
585 3 7 3
160 159 0 
586 3 4 2
161 0 
587 3 7 3
161 160 0 
588 3 4 2
162 0 
589 3 7 3
162 161 0 
590 3 4 2
163 0 
591 3 7 3
163 162 0 
592 3 4 2
164 0 
593 3 7 3
164 163 0 
594 3 4 2
165 0 
595 3 7 3
165 164 0 
596 3 4 2
166 0 
597 3 7 3
166 165 0 
598 3 4 2
167 0 
599 3 7 3
167 166 0 
600 3 4 2
168 0 
601 3 7 3
168 167 0 
602 3 4 2
169 0 
603 3 7 3
169 168 0 
604 3 4 2
170 0 
605 3 7 3
170 169 0 
606 3 4 2
171 0 
607 3 7 3
171 170 0 
608 3 4 2
172 0 
609 3 7 3
172 171 0 
610 3 4 2
173 0 
611 3 7 3
173 172 0 
612 3 4 2
174 0 
613 3 7 3
174 173 0 
614 3 4 2
175 0 
615 3 7 3
175 174 0 
616 3 4 2
176 0 
617 3 7 3
176 175 0 
618 3 4 2
177 0 
619 3 7 3
177 176 0 
620 3 4 2
178 0 
621 3 7 3
178 177 0 
622 3 4 2
179 0 
623 3 7 3
179 178 0 
624 3 4 2
180 0 
625 3 7 3
180 179 0 
626 3 4 2
181 0 
627 3 7 3
181 180 0 
628 3 4 2
182 0 
629 3 7 3
182 181 0 
630 3 4 2
183 0 
631 3 7 3
183 182 0 
632 3 4 2
184 0 
633 3 7 3
184 183 0 
634 3 4 2
185 0 
635 3 7 3
185 184 0 
636 3 4 2
186 0 
637 3 7 3
186 185 0 
638 3 4 2
187 0 
639 3 7 3
187 186 0 
640 3 4 2
188 0 
641 3 7 3
188 187 0 
642 3 4 2
189 0 
643 3 7 3
189 188 0 
644 3 4 2
190 0 
645 3 7 3
190 189 0 
646 3 7 3
190 171 0 
647 3 4 2
191 0 
648 3 7 3
191 172 0 
649 3 7 3
191 190 0 
650 3 7 3
191 171 0 
651 3 7 3
191 170 0 
652 3 4 2
192 0 
653 3 7 3
192 172 0 
654 3 7 3
192 173 0 
655 3 7 3
192 171 0 
656 3 7 3
192 191 0 
657 3 4 2
193 0 
658 3 7 3
193 172 0 
659 3 7 3
193 174 0 
660 3 7 3
193 173 0 
661 3 7 3
193 192 0 
662 3 4 2
194 0 
663 3 7 3
194 174 0 
664 3 7 3
194 175 0 
665 3 7 3
194 173 0 
666 3 7 3
194 193 0 
667 3 4 2
195 0 
668 3 7 3
195 176 0 
669 3 7 3
195 174 0 
670 3 7 3
195 175 0 
671 3 7 3
195 194 0 
672 3 4 2
196 0 
673 3 7 3
196 177 0 
674 3 7 3
196 176 0 
675 3 7 3
196 175 0 
676 3 7 3
196 195 0 
677 3 4 2
197 0 
678 3 7 3
197 178 0 
679 3 7 3
197 177 0 
680 3 7 3
197 176 0 
681 3 7 3
197 196 0 
682 3 4 2
198 0 
683 3 7 3
198 178 0 
684 3 7 3
198 179 0 
685 3 7 3
198 197 0 
686 3 7 3
198 177 0 
687 3 4 2
199 0 
688 3 7 3
199 180 0 
689 3 7 3
199 178 0 
690 3 7 3
199 179 0 
691 3 7 3
199 198 0 
692 3 4 2
200 0 
693 3 7 3
200 199 0 
694 3 7 3
200 181 0 
695 3 7 3
200 180 0 
696 3 7 3
200 179 0 
697 3 4 2
201 0 
698 3 7 3
201 182 0 
699 3 7 3
201 181 0 
700 3 7 3
201 200 0 
701 3 7 3
201 180 0 
702 3 4 2
202 0 
703 3 7 3
202 182 0 
704 3 7 3
202 181 0 
705 3 7 3
202 201 0 
706 3 7 3
202 183 0 
707 3 4 2
203 0 
708 3 7 3
203 182 0 
709 3 7 3
203 202 0 
710 3 7 3
203 183 0 
711 3 7 3
203 184 0 
712 3 4 2
204 0 
713 3 7 3
204 203 0 
714 3 7 3
204 183 0 
715 3 7 3
204 185 0 
716 3 7 3
204 184 0 
717 3 4 2
205 0 
718 3 7 3
205 185 0 
719 3 7 3
205 184 0 
720 3 7 3
205 204 0 
721 3 7 3
205 186 0 
722 3 4 2
206 0 
723 3 7 3
206 185 0 
724 3 7 3
206 205 0 
725 3 7 3
206 186 0 
726 3 7 3
206 187 0 
727 3 4 2
207 0 
728 3 7 3
207 206 0 
729 3 7 3
207 186 0 
730 3 4 2
208 0 
731 3 7 3
208 207 0 
732 3 4 2
209 0 
733 3 7 3
209 208 0 
734 3 4 2
210 0 
735 3 7 3
210 209 0 
736 3 4 2
211 0 
737 3 7 3
211 210 0 
738 3 4 2
212 0 
739 3 7 3
212 211 0 
740 3 4 2
213 0 
741 3 7 3
213 212 0 
742 3 4 2
214 0 
743 3 7 3
214 213 0 
744 3 4 2
215 0 
745 3 7 3
215 214 0 
746 3 4 2
216 0 
747 3 7 3
216 215 0 
748 3 4 2
217 0 
749 3 7 3
217 216 0 
750 3 4 2
218 0 
751 3 7 3
218 217 0 
752 3 4 2
219 0 
753 3 7 3
219 218 0 
754 3 4 2
220 0 
755 3 7 3
220 219 0 
756 3 4 2
221 0 
757 3 7 3
221 220 0 
758 3 4 2
222 0 
759 3 7 3
222 221 0 
760 3 4 2
223 0 
761 3 7 3
223 222 0 
762 3 4 2
224 0 
763 3 7 3
224 223 0 
764 3 4 2
225 0 
765 3 7 3
225 206 0 
766 3 7 3
225 224 0 
767 3 7 3
225 186 0 
768 3 4 2
226 0 
769 3 7 3
226 207 0 
770 3 7 3
226 206 0 
771 3 7 3
226 185 0 
772 3 7 3
226 205 0 
773 3 7 3
226 225 0 
774 3 7 3
226 186 0 
775 3 7 3
226 187 0 
776 3 4 2
227 0 
777 3 7 3
227 207 0 
778 3 7 3
227 208 0 
779 3 7 3
227 206 0 
780 3 7 3
227 226 0 
781 3 7 3
227 186 0 
782 3 4 2
228 0 
783 3 7 3
228 209 0 
784 3 7 3
228 207 0 
785 3 7 3
228 208 0 
786 3 7 3
228 227 0 
787 3 4 2
229 0 
788 3 7 3
229 210 0 
789 3 7 3
229 209 0 
790 3 7 3
229 208 0 
791 3 7 3
229 228 0 
792 3 4 2
230 0 
793 3 7 3
230 229 0 
794 3 7 3
230 211 0 
795 3 7 3
230 210 0 
796 3 7 3
230 209 0 
797 3 4 2
231 0 
798 3 7 3
231 211 0 
799 3 7 3
231 210 0 
800 3 7 3
231 230 0 
801 3 7 3
231 212 0 
802 3 4 2
232 0 
803 3 7 3
232 211 0 
804 3 7 3
232 231 0 
805 3 4 2
233 0 
806 3 7 3
233 232 0 
807 3 4 2
234 0 
808 3 7 3
234 233 0 
809 3 4 2
235 0 
810 3 7 3
235 234 0 
811 3 4 2
236 0 
812 3 7 3
236 235 0 
813 3 4 2
237 0 
814 3 7 3
237 236 0 
815 3 4 2
238 0 
816 3 7 3
238 237 0 
817 3 4 2
239 0 
818 3 7 3
239 238 0 
819 3 4 2
240 0 
820 3 7 3
240 239 0 
821 3 4 2
241 0 
822 3 7 3
241 240 0 
823 3 4 2
242 0 
824 3 7 3
242 241 0 
825 3 4 2
243 0 
826 3 7 3
243 242 0 
827 3 4 2
244 0 
828 3 7 3
244 243 0 
829 3 4 2
245 0 
830 3 7 3
245 244 0 
831 3 4 2
246 0 
832 3 7 3
246 245 0 
833 3 4 2
247 0 
834 3 7 3
247 246 0 
835 3 4 2
248 0 
836 3 7 3
248 247 0 
837 3 4 2
249 0 
838 3 7 3
249 248 0 
839 3 4 2
250 0 
840 3 7 3
250 249 0 
841 3 7 3
250 211 0 
842 3 7 3
250 231 0 
843 3 4 2
251 0 
844 3 7 3
251 232 0 
845 3 7 3
251 250 0 
846 3 7 3
251 211 0 
847 3 7 3
251 231 0 
848 3 7 3
251 210 0 
849 3 7 3
251 230 0 
850 3 7 3
251 212 0 
851 3 4 2
252 0 
852 3 7 3
252 232 0 
853 3 7 3
252 233 0 
854 3 7 3
252 211 0 
855 3 7 3
252 231 0 
856 3 7 3
252 251 0 
857 3 4 2
253 0 
858 3 7 3
253 232 0 
859 3 7 3
253 234 0 
860 3 7 3
253 233 0 
861 3 7 3
253 252 0 
862 3 4 2
254 0 
863 3 7 3
254 235 0 
864 3 7 3
254 234 0 
865 3 7 3
254 233 0 
866 3 7 3
254 253 0 
867 3 4 2
255 0 
868 3 7 3
255 236 0 
869 3 7 3
255 254 0 
870 3 7 3
255 235 0 
871 3 7 3
255 234 0 
872 3 4 2
256 0 
873 3 7 3
256 237 0 
874 3 7 3
256 236 0 
875 3 7 3
256 235 0 
876 3 7 3
256 255 0 
877 3 4 2
257 0 
878 3 7 3
257 236 0 
879 3 7 3
257 256 0 
880 3 4 2
258 0 
881 3 7 3
258 257 0 
882 3 4 2
259 0 
883 3 7 3
259 258 0 
884 3 4 2
260 0 
885 3 7 3
260 259 0 
886 3 7 3
260 181 0 
887 3 7 3
260 201 0 
888 3 4 2
261 0 
889 3 7 3
261 182 0 
890 3 7 3
261 260 0 
891 3 7 3
261 181 0 
892 3 7 3
261 201 0 
893 3 7 3
261 202 0 
894 3 7 3
261 200 0 
895 3 7 3
261 180 0 
896 3 4 2
262 0 
897 3 7 3
262 261 0 
898 3 7 3
262 181 0 
899 3 7 3
262 201 0 
900 3 4 2
263 0 
901 3 7 3
263 262 0 
902 3 4 2
264 0 
903 3 7 3
264 263 0 
904 3 4 2
265 0 
905 3 7 3
265 264 0 
906 3 4 2
266 0 
907 3 7 3
266 265 0 
908 3 4 2
267 0 
909 3 7 3
267 266 0 
910 3 4 2
268 0 
911 3 7 3
268 267 0 
912 3 4 2
269 0 
913 3 7 3
269 268 0 
914 3 4 2
270 0 
915 3 7 3
270 269 0 
916 3 4 2
271 0 
917 3 7 3
271 270 0 
918 3 4 2
272 0 
919 3 7 3
272 271 0 
920 3 4 2
273 0 
921 3 7 3
273 272 0 
922 3 4 2
274 0 
923 3 7 3
274 273 0 
924 3 4 2
275 0 
925 3 7 3
275 274 0 
926 3 4 2
276 0 
927 3 7 3
276 275 0 
928 3 4 2
277 0 
929 3 7 3
277 276 0 
930 3 4 2
278 0 
931 3 7 3
278 277 0 
932 3 4 2
279 0 
933 3 7 3
279 278 0 
934 3 4 2
280 0 
935 3 7 3
280 279 0 
936 3 4 2
281 0 
937 3 7 3
281 280 0 
938 3 4 2
282 0 
939 3 7 3
282 281 0 
940 3 4 2
283 0 
941 3 7 3
283 282 0 
942 3 4 2
284 0 
943 3 7 3
284 283 0 
944 3 4 2
285 0 
945 3 7 3
285 284 0 
946 3 7 3
285 266 0 
947 3 4 2
286 0 
948 3 7 3
286 285 0 
949 3 7 3
286 266 0 
950 3 7 3
286 265 0 
951 3 7 3
286 267 0 
952 3 4 2
287 0 
953 3 7 3
287 266 0 
954 3 7 3
287 286 0 
955 3 7 3
287 267 0 
956 3 7 3
287 268 0 
957 3 4 2
288 0 
958 3 7 3
288 267 0 
959 3 7 3
288 287 0 
960 3 7 3
288 268 0 
961 3 7 3
288 269 0 
962 3 4 2
289 0 
963 3 7 3
289 288 0 
964 3 7 3
289 268 0 
965 3 7 3
289 270 0 
966 3 7 3
289 269 0 
967 3 4 2
290 0 
968 3 7 3
290 270 0 
969 3 7 3
290 269 0 
970 3 7 3
290 289 0 
971 3 7 3
290 271 0 
972 3 4 2
291 0 
973 3 7 3
291 270 0 
974 3 7 3
291 290 0 
975 3 7 3
291 272 0 
976 3 7 3
291 271 0 
977 3 4 2
292 0 
978 3 7 3
292 273 0 
979 3 7 3
292 272 0 
980 3 7 3
292 271 0 
981 3 7 3
292 291 0 
982 3 4 2
293 0 
983 3 7 3
293 292 0 
984 3 7 3
293 274 0 
985 3 7 3
293 273 0 
986 3 7 3
293 272 0 
987 3 4 2
294 0 
988 3 7 3
294 275 0 
989 3 7 3
294 274 0 
990 3 7 3
294 293 0 
991 3 7 3
294 273 0 
992 3 4 2
295 0 
993 3 7 3
295 276 0 
994 3 7 3
295 275 0 
995 3 7 3
295 274 0 
996 3 7 3
295 294 0 
997 3 4 2
296 0 
998 3 7 3
296 277 0 
999 3 7 3
296 276 0 
1000 3 7 3
296 295 0 
1001 3 7 3
296 275 0 
1002 3 4 2
297 0 
1003 3 7 3
297 278 0 
1004 3 7 3
297 277 0 
1005 3 7 3
297 276 0 
1006 3 7 3
297 296 0 
1007 3 4 2
298 0 
1008 3 7 3
298 279 0 
1009 3 7 3
298 278 0 
1010 3 7 3
298 297 0 
1011 3 7 3
298 277 0 
1012 3 4 2
299 0 
1013 3 7 3
299 280 0 
1014 3 7 3
299 279 0 
1015 3 7 3
299 278 0 
1016 3 7 3
299 298 0 
1017 3 4 2
300 0 
1018 3 7 3
300 281 0 
1019 3 7 3
300 280 0 
1020 3 7 3
300 299 0 
1021 3 7 3
300 279 0 
1022 3 4 2
301 0 
1023 3 7 3
301 281 0 
1024 3 7 3
301 282 0 
1025 3 7 3
301 300 0 
1026 3 7 3
301 280 0 
1027 3 4 2
302 0 
1028 3 7 3
302 301 0 
1029 3 7 3
302 281 0 
1030 3 4 2
303 0 
1031 3 7 3
303 302 0 
1032 3 4 2
304 0 
1033 3 7 3
304 303 0 
1034 3 4 2
305 0 
1035 3 7 3
305 304 0 
1036 3 4 2
306 0 
1037 3 7 3
306 305 0 
1038 3 4 2
307 0 
1039 3 7 3
307 306 0 
1040 3 4 2
308 0 
1041 3 7 3
308 307 0 
1042 3 4 2
309 0 
1043 3 7 3
309 308 0 
1044 3 4 2
310 0 
1045 3 7 3
310 309 0 
1046 3 4 2
311 0 
1047 3 7 3
311 310 0 
1048 3 4 2
312 0 
1049 3 7 3
312 311 0 
1050 3 4 2
313 0 
1051 3 7 3
313 312 0 
1052 3 4 2
314 0 
1053 3 7 3
314 313 0 
1054 3 4 2
315 0 
1055 3 7 3
315 314 0 
1056 3 7 3
315 276 0 
1057 3 7 3
315 296 0 
1058 3 4 2
316 0 
1059 3 7 3
316 315 0 
1060 3 7 3
316 297 0 
1061 3 7 3
316 277 0 
1062 3 7 3
316 276 0 
1063 3 7 3
316 296 0 
1064 3 7 3
316 295 0 
1065 3 7 3
316 275 0 
1066 3 4 2
317 0 
1067 3 7 3
317 316 0 
1068 3 7 3
317 276 0 
1069 3 7 3
317 296 0 
1070 3 4 2
318 0 
1071 3 7 3
318 317 0 
1072 3 4 2
319 0 
1073 3 7 3
319 318 0 
1074 3 4 2
320 0 
1075 3 7 3
320 319 0 
1076 3 7 3
320 141 0 
1077 3 4 2
321 0 
1078 3 7 3
321 142 0 
1079 3 7 3
321 320 0 
1080 3 7 3
321 141 0 
1081 3 7 3
321 140 0 
1082 3 4 2
322 0 
1083 3 7 3
322 142 0 
1084 3 7 3
322 321 0 
1085 3 7 3
322 141 0 
1086 3 7 3
322 143 0 
1087 3 4 2
323 0 
1088 3 7 3
323 142 0 
1089 3 7 3
323 322 0 
1090 3 7 3
323 143 0 
1091 3 7 3
323 144 0 
1092 3 4 2
324 0 
1093 3 7 3
324 323 0 
1094 3 7 3
324 143 0 
1095 3 7 3
324 144 0 
1096 3 7 3
324 145 0 
1097 3 4 2
325 0 
1098 3 7 3
325 324 0 
1099 3 7 3
325 144 0 
1100 3 7 3
325 146 0 
1101 3 7 3
325 145 0 
1102 3 4 2
326 0 
1103 3 7 3
326 147 0 
1104 3 7 3
326 146 0 
1105 3 7 3
326 145 0 
1106 3 7 3
326 325 0 
1107 3 4 2
327 0 
1108 3 7 3
327 147 0 
1109 3 7 3
327 146 0 
1110 3 7 3
327 326 0 
1111 3 7 3
327 148 0 
1112 3 4 2
328 0 
1113 3 7 3
328 147 0 
1114 3 7 3
328 327 0 
1115 3 7 3
328 148 0 
1116 3 7 3
328 149 0 
1117 3 4 2
329 0 
1118 3 7 3
329 150 0 
1119 3 7 3
329 148 0 
1120 3 7 3
329 328 0 
1121 3 7 3
329 149 0 
1122 3 4 2
330 0 
1123 3 7 3
330 150 0 
1124 3 7 3
330 329 0 
1125 3 7 3
330 149 0 
1126 3 7 3
330 151 0 
1127 3 4 2
331 0 
1128 3 7 3
331 150 0 
1129 3 7 3
331 330 0 
1130 3 7 3
331 151 0 
1131 3 7 3
331 152 0 
1132 3 4 2
332 0 
1133 3 7 3
332 151 0 
1134 3 7 3
332 331 0 
1135 3 4 2
333 0 
1136 3 7 3
333 332 0 
1137 3 4 2
334 0 
1138 3 7 3
334 333 0 
1139 3 4 2
335 0 
1140 3 7 3
335 334 0 
1141 3 7 3
335 136 0 
1142 3 4 2
336 0 
1143 3 7 3
336 335 0 
1144 3 7 3
336 137 0 
1145 3 7 3
336 135 0 
1146 3 7 3
336 136 0 
1147 3 4 2
337 0 
1148 3 7 3
337 138 0 
1149 3 7 3
337 336 0 
1150 3 7 3
337 137 0 
1151 3 7 3
337 136 0 
1152 3 4 2
338 0 
1153 3 7 3
338 139 0 
1154 3 7 3
338 138 0 
1155 3 7 3
338 337 0 
1156 3 7 3
338 137 0 
1157 3 4 2
339 0 
1158 3 7 3
339 140 0 
1159 3 7 3
339 139 0 
1160 3 7 3
339 138 0 
1161 3 7 3
339 338 0 
1162 3 4 2
340 0 
1163 3 7 3
340 321 0 
1164 3 7 3
340 141 0 
1165 3 7 3
340 140 0 
1166 3 7 3
340 139 0 
1167 3 7 3
340 339 0 
1168 3 4 2
341 0 
1169 3 7 3
341 142 0 
1170 3 7 3
341 321 0 
1171 3 7 3
341 320 0 
1172 3 7 3
341 141 0 
1173 3 7 3
341 322 0 
1174 3 7 3
341 340 0 
1175 3 7 3
341 140 0 
1176 3 4 2
342 0 
1177 3 7 3
342 142 0 
1178 3 7 3
342 321 0 
1179 3 7 3
342 341 0 
1180 3 7 3
342 141 0 
1181 3 7 3
342 322 0 
1182 3 7 3
342 323 0 
1183 3 7 3
342 143 0 
1184 3 4 2
343 0 
1185 3 7 3
343 142 0 
1186 3 7 3
343 342 0 
1187 3 7 3
343 322 0 
1188 3 7 3
343 323 0 
1189 3 7 3
343 143 0 
1190 3 7 3
343 324 0 
1191 3 7 3
343 144 0 
1192 3 4 2
344 0 
1193 3 7 3
344 323 0 
1194 3 7 3
344 343 0 
1195 3 7 3
344 143 0 
1196 3 7 3
344 324 0 
1197 3 7 3
344 144 0 
1198 3 7 3
344 145 0 
1199 3 7 3
344 325 0 
1200 3 4 2
345 0 
1201 3 7 3
345 324 0 
1202 3 7 3
345 344 0 
1203 3 7 3
345 144 0 
1204 3 7 3
345 146 0 
1205 3 7 3
345 145 0 
1206 3 7 3
345 325 0 
1207 3 7 3
345 326 0 
1208 3 4 2
346 0 
1209 3 7 3
346 147 0 
1210 3 7 3
346 146 0 
1211 3 7 3
346 145 0 
1212 3 7 3
346 325 0 
1213 3 7 3
346 345 0 
1214 3 7 3
346 326 0 
1215 3 7 3
346 327 0 
1216 3 4 2
347 0 
1217 3 7 3
347 147 0 
1218 3 7 3
347 146 0 
1219 3 7 3
347 326 0 
1220 3 7 3
347 346 0 
1221 3 7 3
347 327 0 
1222 3 7 3
347 148 0 
1223 3 7 3
347 328 0 
1224 3 4 2
348 0 
1225 3 7 3
348 147 0 
1226 3 7 3
348 347 0 
1227 3 7 3
348 327 0 
1228 3 7 3
348 329 0 
1229 3 7 3
348 148 0 
1230 3 7 3
348 328 0 
1231 3 7 3
348 149 0 
1232 3 4 2
349 0 
1233 3 7 3
349 150 0 
1234 3 7 3
349 329 0 
1235 3 7 3
349 148 0 
1236 3 7 3
349 348 0 
1237 3 7 3
349 328 0 
1238 3 7 3
349 149 0 
1239 3 7 3
349 330 0 
1240 3 4 2
350 0 
1241 3 7 3
350 150 0 
1242 3 7 3
350 329 0 
1243 3 7 3
350 349 0 
1244 3 7 3
350 149 0 
1245 3 7 3
350 330 0 
1246 3 7 3
350 151 0 
1247 3 7 3
350 331 0 
1248 3 4 2
351 0 
1249 3 7 3
351 150 0 
1250 3 7 3
351 350 0 
1251 3 7 3
351 330 0 
1252 3 7 3
351 151 0 
1253 3 7 3
351 332 0 
1254 3 7 3
351 331 0 
1255 3 7 3
351 152 0 
1256 3 4 2
352 0 
1257 3 7 3
352 151 0 
1258 3 7 3
352 351 0 
1259 3 7 3
352 331 0 
1260 3 7 3
352 152 0 
1261 3 7 3
352 153 0 
1262 3 4 2
353 0 
1263 3 7 3
353 152 0 
1264 3 7 3
353 352 0 
1265 3 7 3
353 153 0 
1266 3 7 3
353 154 0 
1267 3 4 2
354 0 
1268 3 7 3
354 153 0 
1269 3 7 3
354 353 0 
1270 3 7 3
354 154 0 
1271 3 7 3
354 155 0 
1272 3 4 2
355 0 
1273 3 7 3
355 354 0 
1274 3 7 3
355 154 0 
1275 3 7 3
355 155 0 
1276 3 7 3
355 156 0 
1277 3 4 2
356 0 
1278 3 7 3
356 157 0 
1279 3 7 3
356 155 0 
1280 3 7 3
356 355 0 
1281 3 7 3
356 156 0 
1282 3 4 2
357 0 
1283 3 7 3
357 356 0 
1284 3 7 3
357 156 0 
1285 3 4 2
358 0 
1286 3 7 3
358 357 0 
1287 3 4 2
359 0 
1288 3 7 3
359 358 0 
1289 3 4 2
360 0 
1290 3 7 3
360 359 0 
1291 3 4 2
361 0 
1292 3 7 3
361 360 0 
1293 3 4 2
362 0 
1294 3 7 3
362 361 0 
1295 3 4 2
363 0 
1296 3 7 3
363 362 0 
1297 3 4 2
364 0 
1298 3 7 3
364 363 0 
1299 3 4 2
365 0 
1300 3 7 3
365 364 0 
1301 3 4 2
366 0 
1302 3 7 3
366 365 0 
1303 3 4 2
367 0 
1304 3 7 3
367 366 0 
1305 3 4 2
368 0 
1306 3 7 3
368 367 0 
1307 3 4 2
369 0 
1308 3 7 3
369 368 0 
1309 3 4 2
370 0 
1310 3 7 3
370 151 0 
1311 3 7 3
370 351 0 
1312 3 7 3
370 331 0 
1313 3 7 3
370 369 0 
1314 3 4 2
371 0 
1315 3 7 3
371 150 0 
1316 3 7 3
371 350 0 
1317 3 7 3
371 330 0 
1318 3 7 3
371 151 0 
1319 3 7 3
371 351 0 
1320 3 7 3
371 332 0 
1321 3 7 3
371 331 0 
1322 3 7 3
371 152 0 
1323 3 7 3
371 352 0 
1324 3 7 3
371 370 0 
1325 3 4 2
372 0 
1326 3 7 3
372 151 0 
1327 3 7 3
372 351 0 
1328 3 7 3
372 371 0 
1329 3 7 3
372 331 0 
1330 3 7 3
372 152 0 
1331 3 7 3
372 352 0 
1332 3 7 3
372 153 0 
1333 3 7 3
372 353 0 
1334 3 4 2
373 0 
1335 3 7 3
373 354 0 
1336 3 7 3
373 152 0 
1337 3 7 3
373 372 0 
1338 3 7 3
373 352 0 
1339 3 7 3
373 153 0 
1340 3 7 3
373 353 0 
1341 3 7 3
373 154 0 
1342 3 4 2
374 0 
1343 3 7 3
374 354 0 
1344 3 7 3
374 153 0 
1345 3 7 3
374 353 0 
1346 3 7 3
374 373 0 
1347 3 7 3
374 154 0 
1348 3 7 3
374 155 0 
1349 3 7 3
374 355 0 
1350 3 4 2
375 0 
1351 3 7 3
375 354 0 
1352 3 7 3
375 374 0 
1353 3 7 3
375 154 0 
1354 3 7 3
375 356 0 
1355 3 7 3
375 155 0 
1356 3 7 3
375 355 0 
1357 3 7 3
375 156 0 
1358 3 4 2
376 0 
1359 3 7 3
376 157 0 
1360 3 7 3
376 356 0 
1361 3 7 3
376 155 0 
1362 3 7 3
376 355 0 
1363 3 7 3
376 375 0 
1364 3 7 3
376 357 0 
1365 3 7 3
376 156 0 
1366 3 4 2
377 0 
1367 3 7 3
377 158 0 
1368 3 7 3
377 157 0 
1369 3 7 3
377 356 0 
1370 3 7 3
377 376 0 
1371 3 7 3
377 156 0 
1372 3 4 2
378 0 
1373 3 7 3
378 159 0 
1374 3 7 3
378 158 0 
1375 3 7 3
378 157 0 
1376 3 7 3
378 377 0 
1377 3 4 2
379 0 
1378 3 7 3
379 160 0 
1379 3 7 3
379 159 0 
1380 3 7 3
379 158 0 
1381 3 7 3
379 378 0 
1382 3 4 2
380 0 
1383 3 7 3
380 161 0 
1384 3 7 3
380 379 0 
1385 3 7 3
380 160 0 
1386 3 7 3
380 159 0 

cliques
41
46 27 9 16
43 0 3
23 3 3
3 6 3
44 9 3
24 12 3
4 15 3
45 18 3
5 21 3
25 24 3
46 27 3
6 30 3
26 33 3
42 36 3
2 39 3
22 42 3
0 45 1
46 27 9 16
46 0 3
6 3 3
26 6 3
47 9 3
27 12 3
7 15 3
48 18 3
8 21 3
28 24 3
49 27 3
29 30 3
9 33 3
42 36 3
2 39 3
22 42 3
0 45 1
46 27 9 16
49 0 3
29 3 3
9 6 3
50 9 3
10 12 3
30 15 3
51 18 3
31 21 3
11 24 3
52 27 3
12 30 3
32 33 3
42 36 3
2 39 3
22 42 3
0 45 1
46 27 9 16
52 0 3
12 3 3
32 6 3
53 9 3
13 12 3
33 15 3
54 18 3
14 21 3
34 24 3
15 27 3
35 30 3
55 33 3
42 36 3
2 39 3
22 42 3
0 45 1
46 27 9 16
56 0 3
16 3 3
36 6 3
15 9 3
35 12 3
55 15 3
57 18 3
17 21 3
37 24 3
38 27 3
18 30 3
58 33 3
42 36 3
2 39 3
22 42 3
0 45 1
31 24 8 11
88 0 3
89 3 3
90 6 3
91 9 3
92 12 3
93 15 3
94 18 3
95 21 3
96 24 3
87 27 3
0 30 1
52 36 12 18
59 0 3
19 3 3
39 6 3
38 9 3
18 12 3
58 15 3
60 18 3
20 21 3
40 24 3
42 27 3
2 30 3
22 33 3
61 36 3
21 39 3
1 42 3
41 45 3
101 48 3
0 51 1
61 45 15 21
96 0 3
97 3 3
98 6 3
99 9 3
87 12 3
100 15 3
63 18 3
103 21 3
102 24 3
62 27 3
61 30 3
21 33 3
1 36 3
41 39 3
101 42 3
104 45 3
64 48 3
106 51 3
86 54 3
66 57 3
0 60 1
34 24 8 12
78 0 3
79 3 3
80 6 3
81 9 3
82 12 3
83 15 3
84 18 3
77 21 3
116 24 3
76 27 3
85 30 3
0 33 1
37 24 8 13
68 0 3
108 3 3
109 6 3
69 9 3
110 12 3
70 15 3
111 18 3
71 21 3
112 24 3
72 27 3
107 30 3
67 33 3
0 36 1
37 24 8 13
112 0 3
72 3 3
113 6 3
73 9 3
114 12 3
74 15 3
115 18 3
75 21 3
116 24 3
76 27 3
107 30 3
67 33 3
0 36 1
31 24 8 11
118 0 3
119 3 3
120 6 3
121 9 3
122 12 3
123 15 3
124 18 3
125 21 3
126 24 3
117 27 3
0 30 1
31 24 8 11
126 0 3
127 3 3
128 6 3
129 9 3
130 12 3
131 15 3
132 18 3
133 21 3
134 24 3
117 27 3
0 30 1
46 42 14 16
105 0 3
104 3 3
65 6 3
64 9 3
134 12 3
117 15 3
116 18 3
76 21 3
85 24 3
107 27 3
67 30 3
106 33 3
86 36 3
66 39 3
135 42 3
0 45 1
55 24 8 19
146 0 3
326 3 3
327 6 3
147 9 3
325 12 3
145 15 3
328 18 3
148 21 3
324 24 3
144 27 3
149 30 3
329 33 3
349 36 3
348 39 3
347 42 3
346 45 3
345 48 3
344 51 3
0 54 1
31 24 8 11
303 0 3
304 3 3
305 6 3
306 9 3
307 12 3
308 15 3
309 18 3
310 21 3
311 24 3
302 27 3
0 30 1
67 24 8 23
143 0 3
323 3 3
324 6 3
144 9 3
322 12 3
142 15 3
149 18 3
329 21 3
330 24 3
150 27 3
141 30 3
321 33 3
350 36 3
349 39 3
348 42 3
347 45 3
346 48 3
345 51 3
344 54 3
343 57 3
342 60 3
341 63 3
0 66 1
40 24 8 14
298 0 3
278 3 3
299 6 3
279 9 3
300 12 3
280 15 3
277 18 3
297 21 3
301 24 3
281 27 3
316 30 3
296 33 3
276 36 3
0 39 1
37 24 8 13
287 0 3
267 3 3
288 6 3
268 9 3
289 12 3
269 15 3
290 18 3
270 21 3
291 24 3
271 27 3
286 30 3
266 33 3
0 36 1
37 24 8 13
291 0 3
271 3 3
292 6 3
272 9 3
293 12 3
273 15 3
294 18 3
274 21 3
295 24 3
275 27 3
286 30 3
266 33 3
0 36 1
52 36 12 18
283 0 3
284 3 3
282 6 3
285 9 3
311 12 3
312 15 3
313 18 3
314 21 3
302 24 3
315 27 3
301 30 3
281 33 3
316 36 3
296 39 3
276 42 3
286 45 3
266 48 3
0 51 1
37 24 8 13
192 0 3
172 3 3
193 6 3
173 9 3
194 12 3
174 15 3
195 18 3
175 21 3
196 24 3
176 27 3
191 30 3
171 33 3
0 36 1
37 24 8 13
196 0 3
176 3 3
197 6 3
177 9 3
198 12 3
178 15 3
199 18 3
179 21 3
200 24 3
180 27 3
191 30 3
171 33 3
0 36 1
31 24 8 11
213 0 3
214 3 3
215 6 3
216 9 3
217 12 3
218 15 3
219 18 3
220 21 3
221 24 3
212 27 3
0 30 1
43 24 8 15
208 0 3
228 3 3
229 6 3
209 9 3
227 12 3
207 15 3
230 18 3
210 21 3
251 24 3
231 27 3
211 30 3
226 33 3
206 36 3
186 39 3
0 42 1
31 24 8 11
238 0 3
239 3 3
240 6 3
241 9 3
242 12 3
243 15 3
244 18 3
245 21 3
246 24 3
237 27 3
0 30 1
40 24 8 14
255 0 3
235 3 3
234 6 3
254 9 3
253 12 3
233 15 3
252 18 3
232 21 3
256 24 3
236 27 3
251 30 3
231 33 3
211 36 3
0 39 1
55 36 12 19
258 0 3
259 3 3
257 6 3
260 9 3
246 12 3
247 15 3
248 18 3
249 21 3
237 24 3
250 27 3
256 30 3
236 33 3
251 36 3
231 39 3
211 42 3
261 45 3
201 48 3
181 51 3
0 54 1
46 27 9 16
221 0 3
222 3 3
223 6 3
224 9 3
212 12 3
225 15 3
251 18 3
231 21 3
211 24 3
226 27 3
206 30 3
186 33 3
261 36 3
201 39 3
181 42 3
0 45 1
43 24 8 15
203 0 3
183 3 3
204 6 3
184 9 3
202 12 3
182 15 3
205 18 3
185 21 3
226 24 3
206 27 3
186 30 3
261 33 3
201 36 3
181 39 3
0 42 1
43 27 9 15
295 0 3
275 3 3
318 6 3
319 9 3
320 12 3
317 15 3
316 18 3
296 21 3
276 24 3
286 27 3
266 30 3
141 33 3
321 36 3
341 39 3
0 42 1
43 27 9 15
188 0 3
189 3 3
190 6 3
187 9 3
200 12 3
180 15 3
226 18 3
206 21 3
186 24 3
261 27 3
201 30 3
181 33 3
191 36 3
171 39 3
0 42 1
100 36 12 34
263 0 3
264 3 3
265 6 3
262 9 3
286 12 3
266 15 3
330 18 3
150 21 3
139 24 3
140 27 3
141 30 3
321 33 3
261 36 3
201 39 3
181 42 3
338 45 3
350 48 3
349 51 3
348 54 3
347 57 3
346 60 3
345 63 3
344 66 3
343 69 3
342 72 3
341 75 3
340 78 3
138 81 3
339 84 3
351 87 3
151 90 3
331 93 3
371 96 3
0 99 1
43 24 8 15
158 0 3
159 3 3
160 6 3
161 9 3
162 12 3
163 15 3
164 18 3
165 21 3
166 24 3
157 27 3
377 30 3
378 33 3
379 36 3
380 39 3
0 42 1
58 24 8 20
153 0 3
353 3 3
354 6 3
154 9 3
355 12 3
155 15 3
352 18 3
152 21 3
351 24 3
151 27 3
331 30 3
156 33 3
356 36 3
371 39 3
372 42 3
373 45 3
374 48 3
375 51 3
376 54 3
0 57 1
34 24 8 12
333 0 3
334 3 3
135 6 3
335 9 3
336 12 3
136 15 3
337 18 3
137 21 3
332 24 3
338 27 3
138 30 3
0 33 1
73 54 18 25
261 0 3
201 3 3
181 6 3
332 9 3
338 12 3
350 15 3
349 18 3
348 21 3
347 24 3
346 27 3
345 30 3
344 33 3
343 36 3
342 39 3
341 42 3
340 45 3
138 48 3
339 51 3
351 54 3
151 57 3
331 60 3
191 63 3
171 66 3
371 69 3
0 72 1
73 33 11 25
166 0 3
167 3 3
168 6 3
169 9 3
157 12 3
170 15 3
351 18 3
151 21 3
331 24 3
191 27 3
171 30 3
156 33 3
356 36 3
370 39 3
371 42 3
372 45 3
373 48 3
374 51 3
375 54 3
376 57 3
377 60 3
378 63 3
379 66 3
380 69 3
0 72 1
61 24 8 21
156 0 3
356 3 3
357 6 3
358 9 3
359 12 3
360 15 3
361 18 3
362 21 3
363 24 3
370 27 3
371 30 3
372 33 3
373 36 3
374 39 3
375 42 3
376 45 3
377 48 3
378 51 3
379 54 3
380 57 3
0 60 1
55 54 18 19
363 0 3
364 3 3
365 6 3
366 9 3
367 12 3
368 15 3
369 18 3
370 21 3
371 24 3
372 27 3
373 30 3
374 33 3
375 36 3
376 39 3
377 42 3
378 45 3
379 48 3
380 51 3
0 54 1
1 1 1 1
0 0 1

new keys
1
380

relin keys
37
185
186
187
188
206
207
208
209
210
211
212
213
214
215
216
217
218
219
220
221
222
223
224
226
227
228
229
230
231
246
247
248
249
250
251
355
372

