ordering and width
29
10 3
11 3
12 3
13 3
14 3
15 3
16 3
17 3
18 3
19 3
20 3
21 3
1 3
22 3
2 3
23 3
3 3
24 3
4 3
25 3
5 3
26 3
6 3
9 3
27 3
7 3
28 3
8 3
0 1

factors
80
0 3 4 2
1 0 
1 3 4 2
2 0 
2 3 4 2
3 0 
3 3 4 2
1 0 
4 3 7 3
2 1 0 
5 3 7 3
3 2 0 
6 3 4 2
4 0 
7 3 7 3
4 3 0 
8 3 4 2
5 0 
9 3 7 3
5 4 0 
10 3 4 2
6 0 
11 3 7 3
6 5 0 
12 3 4 2
7 0 
13 3 7 3
7 6 0 
14 3 4 2
8 0 
15 3 7 3
8 7 0 
16 3 4 2
9 0 
17 3 7 3
9 8 0 
18 3 4 2
10 0 
19 3 7 3
10 9 0 
20 3 4 2
11 0 
21 3 7 3
11 10 0 
22 3 4 2
12 0 
23 3 7 3
12 11 0 
24 3 4 2
13 0 
25 3 7 3
13 12 0 
26 3 4 2
14 0 
27 3 7 3
14 13 0 
28 3 4 2
15 0 
29 3 7 3
15 14 0 
30 3 4 2
16 0 
31 3 7 3
16 15 0 
32 3 4 2
17 0 
33 3 7 3
17 16 0 
34 3 4 2
18 0 
35 3 7 3
18 17 0 
36 3 4 2
19 0 
37 3 7 3
19 18 0 
38 3 4 2
20 0 
39 3 7 3
20 19 0 
40 3 7 3
20 1 0 
41 3 4 2
21 0 
42 3 7 3
21 20 0 
43 3 7 3
21 2 0 
44 3 7 3
21 1 0 
45 3 4 2
22 0 
46 3 7 3
22 3 0 
47 3 7 3
22 2 0 
48 3 7 3
22 1 0 
49 3 7 3
22 21 0 
50 3 4 2
23 0 
51 3 7 3
23 3 0 
52 3 7 3
23 4 0 
53 3 7 3
23 2 0 
54 3 7 3
23 22 0 
55 3 4 2
24 0 
56 3 7 3
24 5 0 
57 3 7 3
24 3 0 
58 3 7 3
24 4 0 
59 3 7 3
24 23 0 
60 3 4 2
25 0 
61 3 7 3
25 6 0 
62 3 7 3
25 5 0 
63 3 7 3
25 4 0 
64 3 7 3
25 24 0 
65 3 4 2
26 0 
66 3 7 3
26 7 0 
67 3 7 3
26 25 0 
68 3 7 3
26 6 0 
69 3 7 3
26 5 0 
70 3 4 2
27 0 
71 3 7 3
27 8 0 
72 3 7 3
27 26 0 
73 3 7 3
27 7 0 
74 3 7 3
27 6 0 
75 3 4 2
28 0 
76 3 7 3
28 9 0 
77 3 7 3
28 8 0 
78 3 7 3
28 7 0 
79 3 7 3
28 27 0 

cliques
4
31 24 8 11
10 0 3
11 3 3
12 6 3
13 9 3
14 12 3
15 15 3
16 18 3
17 21 3
18 24 3
9 27 3
0 30 1
37 27 9 13
18 0 3
19 3 3
20 6 3
21 9 3
1 12 3
22 15 3
2 18 3
23 21 3
3 24 3
24 27 3
4 30 3
9 33 3
0 36 1
34 33 11 12
24 0 3
4 3 3
25 6 3
5 9 3
26 12 3
6 15 3
9 18 3
27 21 3
7 24 3
28 27 3
8 30 3
0 33 1
1 1 1 1
0 0 1

new keys
1
28

relin keys
4
9
10
11
12

