cliques
51
node 0	AtA: 41688	cholCost: 0	addCost: 1432	backsolveCost: 20100
node 1	AtA: 34740	cholCost: 0	addCost: 1432	backsolveCost: 20100
node 2	AtA: 34740	cholCost: 0	addCost: 1432	backsolveCost: 20100
node 3	AtA: 34740	cholCost: 0	addCost: 1432	backsolveCost: 20100
node 4	AtA: 34740	cholCost: 0	addCost: 1432	backsolveCost: 20100
node 5	AtA: 13124	cholCost: 0	addCost: 1048	backsolveCost: 15540
node 6	AtA: 55584	cholCost: 0	addCost: 1192	backsolveCost: 30193
node 7	AtA: 44776	cholCost: 0	addCost: 1192	backsolveCost: 47752
node 8	AtA: 13896	cholCost: 0	addCost: 1048	backsolveCost: 15617
node 9	AtA: 24704	cholCost: 0	addCost: 1192	backsolveCost: 15617
node 10	AtA: 21616	cholCost: 0	addCost: 1192	backsolveCost: 15617
node 11	AtA: 13124	cholCost: 0	addCost: 1048	backsolveCost: 15540
node 12	AtA: 12352	cholCost: 0	addCost: 1048	backsolveCost: 15540
node 13	AtA: 33196	cholCost: 0	addCost: 1000	backsolveCost: 40592
node 14	AtA: 21800	cholCost: 0	addCost: 1048	backsolveCost: 15617
node 15	AtA: 62532	cholCost: 0	addCost: 2200	backsolveCost: 20456
node 16	AtA: 13896	cholCost: 0	addCost: 1048	backsolveCost: 15617
node 17	AtA: 13124	cholCost: 2240	addCost: 1048	backsolveCost: 15540
node 18	AtA: 46320	cholCost: 0	addCost: 1768	backsolveCost: 20189
node 19	AtA: 13124	cholCost: 0	addCost: 1048	backsolveCost: 15540
node 20	AtA: 41688	cholCost: 0	addCost: 1432	backsolveCost: 20100
node 21	AtA: 30108	cholCost: 0	addCost: 1192	backsolveCost: 30193
node 22	AtA: 24704	cholCost: 0	addCost: 1192	backsolveCost: 15617
node 23	AtA: 21616	cholCost: 0	addCost: 1192	backsolveCost: 15617
node 24	AtA: 13124	cholCost: 0	addCost: 1048	backsolveCost: 15540
node 25	AtA: 29336	cholCost: 3584	addCost: 1432	backsolveCost: 15848
node 26	AtA: 13124	cholCost: 2240	addCost: 1048	backsolveCost: 15540
node 27	AtA: 27792	cholCost: 3140	addCost: 1432	backsolveCost: 15771
node 28	AtA: 27020	cholCost: 0	addCost: 2728	backsolveCost: 20456
node 29	AtA: 37056	cholCost: 0	addCost: 2728	backsolveCost: 16079
node 30	AtA: 201492	cholCost: 0	addCost: 4072	backsolveCost: 64355
node 31	AtA: 115800	cholCost: 5724	addCost: 2200	backsolveCost: 48497
node 32	AtA: 118300	cholCost: 0	addCost: 2728	backsolveCost: 30758
node 33	AtA: 99772	cholCost: 0	addCost: 3352	backsolveCost: 30984
node 34	AtA: 79516	cholCost: 0	addCost: 3352	backsolveCost: 24624
node 35	AtA: 20072	cholCost: 2352	addCost: 1768	backsolveCost: 20189
node 36	AtA: 63304	cholCost: 0	addCost: 2200	backsolveCost: 73755
node 37	AtA: 60988	cholCost: 0	addCost: 1768	backsolveCost: 57172
node 38	AtA: 65620	cholCost: 11220	addCost: 6808	backsolveCost: 16695
node 39	AtA: 14668	cholCost: 2768	addCost: 1192	backsolveCost: 15617
node 40	AtA: 57128	cholCost: 7104	addCost: 3352	backsolveCost: 24624
node 41	AtA: 23932	cholCost: 2100	addCost: 1768	backsolveCost: 15848
node 42	AtA: 44004	cholCost: 3776	addCost: 1432	backsolveCost: 20189
node 43	AtA: 38784	cholCost: 52490	addCost: 2200	backsolveCost: 29481
node 44	AtA: 20256	cholCost: 40241	addCost: 4072	backsolveCost: 16310
node 45	AtA: 23932	cholCost: 5456	addCost: 3352	backsolveCost: 20634
node 46	AtA: 51724	cholCost: 11880	addCost: 4888	backsolveCost: 31436
node 47	AtA: 70436	cholCost: 90466	addCost: 3352	backsolveCost: 50492
node 48	AtA: 89736	cholCost: 109982	addCost: 1048	backsolveCost: 88992
node 49	AtA: 12536	cholCost: 10188	addCost: 1000	backsolveCost: 8372
node 50	AtA: -1	cholCost: 0	addCost: -1	backsolveCost: 1561

