cliques
50
node 0	AtA: 41688	cholCost: 0	addCost: 1432	backsolveCost: 20100
node 1	AtA: 34740	cholCost: 0	addCost: 1432	backsolveCost: 20100
node 2	AtA: 34740	cholCost: 0	addCost: 1432	backsolveCost: 20100
node 3	AtA: 34740	cholCost: 0	addCost: 1432	backsolveCost: 20100
node 4	AtA: 34740	cholCost: 0	addCost: 1432	backsolveCost: 20100
node 5	AtA: 13124	cholCost: 0	addCost: 1048	backsolveCost: 15540
node 6	AtA: 55584	cholCost: 0	addCost: 1192	backsolveCost: 30193
node 7	AtA: 44776	cholCost: 0	addCost: 1192	backsolveCost: 47752
node 8	AtA: 13896	cholCost: 0	addCost: 1048	backsolveCost: 15617
node 9	AtA: 24704	cholCost: 0	addCost: 1192	backsolveCost: 15617
node 10	AtA: 21616	cholCost: 0	addCost: 1192	backsolveCost: 15617
node 11	AtA: 13124	cholCost: 0	addCost: 1048	backsolveCost: 15540
node 12	AtA: 12352	cholCost: 0	addCost: 1048	backsolveCost: 15540
node 13	AtA: 33196	cholCost: 0	addCost: 1000	backsolveCost: 40592
node 14	AtA: 21800	cholCost: 0	addCost: 1048	backsolveCost: 15617
node 15	AtA: 62532	cholCost: 0	addCost: 2200	backsolveCost: 20456
node 16	AtA: 13896	cholCost: 0	addCost: 1048	backsolveCost: 15617
node 17	AtA: 13124	cholCost: 0	addCost: 1048	backsolveCost: 15540
node 18	AtA: 46320	cholCost: 0	addCost: 1768	backsolveCost: 20189
node 19	AtA: 13124	cholCost: 0	addCost: 1048	backsolveCost: 15540
node 20	AtA: 41688	cholCost: 0	addCost: 1432	backsolveCost: 20100
node 21	AtA: 30108	cholCost: 0	addCost: 1192	backsolveCost: 30193
node 22	AtA: 24704	cholCost: 0	addCost: 1192	backsolveCost: 15617
node 23	AtA: 21616	cholCost: 0	addCost: 1192	backsolveCost: 15617
node 24	AtA: 13124	cholCost: 0	addCost: 1048	backsolveCost: 15540
node 25	AtA: 27792	cholCost: 0	addCost: 1432	backsolveCost: 15771
node 26	AtA: 15624	cholCost: 0	addCost: 1048	backsolveCost: 15540
node 27	AtA: 27792	cholCost: 0	addCost: 1432	backsolveCost: 15771
node 28	AtA: 27792	cholCost: 3140	addCost: 1432	backsolveCost: 15771
node 29	AtA: 27020	cholCost: 0	addCost: 2728	backsolveCost: 20456
node 30	AtA: 37056	cholCost: 0	addCost: 2728	backsolveCost: 16079
node 31	AtA: 201492	cholCost: 0	addCost: 4072	backsolveCost: 64355
node 32	AtA: 115800	cholCost: 0	addCost: 2200	backsolveCost: 48497
node 33	AtA: 115800	cholCost: 0	addCost: 2728	backsolveCost: 30758
node 34	AtA: 97272	cholCost: 0	addCost: 3352	backsolveCost: 30984
node 35	AtA: 79516	cholCost: 0	addCost: 3352	backsolveCost: 24624
node 36	AtA: 19300	cholCost: 0	addCost: 1432	backsolveCost: 20189
node 37	AtA: 23932	cholCost: 3108	addCost: 1768	backsolveCost: 36296
node 38	AtA: 63304	cholCost: 0	addCost: 2200	backsolveCost: 73755
node 39	AtA: 60988	cholCost: 0	addCost: 1768	backsolveCost: 57172
node 40	AtA: 65620	cholCost: 0	addCost: 6808	backsolveCost: 16695
node 41	AtA: -1	cholCost: 0	addCost: -1	backsolveCost: 15617
node 42	AtA: 56356	cholCost: 6028	addCost: 3352	backsolveCost: 24523
node 43	AtA: 29336	cholCost: 5520	addCost: 2728	backsolveCost: 29707
node 44	AtA: 50952	cholCost: 11880	addCost: 4888	backsolveCost: 30272
node 45	AtA: 36284	cholCost: 8624	addCost: 4888	backsolveCost: 20901
node 46	AtA: 37056	cholCost: 8268	addCost: 4072	backsolveCost: 24725
node 47	AtA: 87236	cholCost: 3824	addCost: 1192	backsolveCost: 89201
node 48	AtA: 19484	cholCost: 17154	addCost: 1000	backsolveCost: 14606
node 49	AtA: -1	cholCost: 0	addCost: -1	backsolveCost: 1561

