cliques
46
node 0	AtA: 41688	cholCost: 0	addCost: 1432	backsolveCost: 20100
node 1	AtA: 34740	cholCost: 0	addCost: 1432	backsolveCost: 20100
node 2	AtA: 34740	cholCost: 0	addCost: 1432	backsolveCost: 20100
node 3	AtA: 34740	cholCost: 0	addCost: 1432	backsolveCost: 20100
node 4	AtA: 34740	cholCost: 0	addCost: 1432	backsolveCost: 20100
node 5	AtA: 13124	cholCost: 0	addCost: 1048	backsolveCost: 15540
node 6	AtA: 55584	cholCost: 0	addCost: 1192	backsolveCost: 30193
node 7	AtA: 44776	cholCost: 0	addCost: 1192	backsolveCost: 47752
node 8	AtA: 13896	cholCost: 0	addCost: 1048	backsolveCost: 15617
node 9	AtA: 24704	cholCost: 0	addCost: 1192	backsolveCost: 15617
node 10	AtA: 21616	cholCost: 0	addCost: 1192	backsolveCost: 15617
node 11	AtA: 13124	cholCost: 0	addCost: 1048	backsolveCost: 15540
node 12	AtA: 12352	cholCost: 0	addCost: 1048	backsolveCost: 15540
node 13	AtA: 33196	cholCost: 0	addCost: 1000	backsolveCost: 40592
node 14	AtA: 19300	cholCost: 0	addCost: 1048	backsolveCost: 15617
node 15	AtA: 65032	cholCost: 0	addCost: 2200	backsolveCost: 20456
node 16	AtA: 13896	cholCost: 0	addCost: 1048	backsolveCost: 15617
node 17	AtA: 13124	cholCost: 0	addCost: 1048	backsolveCost: 15540
node 18	AtA: 46320	cholCost: 0	addCost: 1768	backsolveCost: 20189
node 19	AtA: 13124	cholCost: 0	addCost: 1048	backsolveCost: 15540
node 20	AtA: 41688	cholCost: 0	addCost: 1432	backsolveCost: 20100
node 21	AtA: 30108	cholCost: 0	addCost: 1192	backsolveCost: 30193
node 22	AtA: 24704	cholCost: 0	addCost: 1192	backsolveCost: 15617
node 23	AtA: 21616	cholCost: 0	addCost: 1192	backsolveCost: 15617
node 24	AtA: 13124	cholCost: 0	addCost: 1048	backsolveCost: 15540
node 25	AtA: 27792	cholCost: 0	addCost: 1432	backsolveCost: 15771
node 26	AtA: 15624	cholCost: 0	addCost: 1048	backsolveCost: 15540
node 27	AtA: 28748	cholCost: 0	addCost: 1192	backsolveCost: 15694
node 28	AtA: 17756	cholCost: 0	addCost: 1432	backsolveCost: 20100
node 29	AtA: 24888	cholCost: 0	addCost: 1432	backsolveCost: 30306
node 30	AtA: 27792	cholCost: 0	addCost: 1432	backsolveCost: 15771
node 31	AtA: 32424	cholCost: 0	addCost: 1048	backsolveCost: 47603
node 32	AtA: 27020	cholCost: 0	addCost: 2728	backsolveCost: 20456
node 33	AtA: 18528	cholCost: 0	addCost: 2200	backsolveCost: 16002
node 34	AtA: 44776	cholCost: 0	addCost: 2200	backsolveCost: 41551
node 35	AtA: 51724	cholCost: 6708	addCost: 4072	backsolveCost: 16387
node 36	AtA: 78928	cholCost: 48215	addCost: 3352	backsolveCost: 20634
node 37	AtA: 35512	cholCost: 3348	addCost: 2200	backsolveCost: 16079
node 38	AtA: 76428	cholCost: 8400	addCost: 2728	backsolveCost: 72193
node 39	AtA: 162304	cholCost: 103547	addCost: 2728	backsolveCost: 63663
node 40	AtA: 65032	cholCost: 92924	addCost: 7912	backsolveCost: 31888
node 41	AtA: 71208	cholCost: 75785	addCost: 5800	backsolveCost: 30272
node 42	AtA: 61172	cholCost: 110184	addCost: 4888	backsolveCost: 50939
node 43	AtA: 61172	cholCost: 45108	addCost: 5800	backsolveCost: 16618
node 44	AtA: 141460	cholCost: 171948	addCost: 1000	backsolveCost: 167552
node 45	AtA: -1	cholCost: 0	addCost: -1	backsolveCost: 1561

