cliques
37
node 0	AtA: 41688	cholCost: 0	addCost: 1432	backsolveCost: 20100
node 1	AtA: 34740	cholCost: 0	addCost: 1432	backsolveCost: 20100
node 2	AtA: 34740	cholCost: 0	addCost: 1432	backsolveCost: 20100
node 3	AtA: 34740	cholCost: 0	addCost: 1432	backsolveCost: 20100
node 4	AtA: 34740	cholCost: 0	addCost: 1432	backsolveCost: 20100
node 5	AtA: 13124	cholCost: 0	addCost: 1048	backsolveCost: 15540
node 6	AtA: 55584	cholCost: 0	addCost: 1192	backsolveCost: 30193
node 7	AtA: 44776	cholCost: 0	addCost: 1192	backsolveCost: 47752
node 8	AtA: 15624	cholCost: 18402	addCost: 1048	backsolveCost: 15540
node 9	AtA: 26248	cholCost: 2768	addCost: 1192	backsolveCost: 15694
node 10	AtA: 24704	cholCost: 2768	addCost: 1192	backsolveCost: 15617
node 11	AtA: 21616	cholCost: 2768	addCost: 1192	backsolveCost: 15617
node 12	AtA: 24888	cholCost: 46375	addCost: 1192	backsolveCost: 30193
node 13	AtA: 21028	cholCost: 22021	addCost: 1048	backsolveCost: 15617
node 14	AtA: 13124	cholCost: 0	addCost: 1048	backsolveCost: 15540
node 15	AtA: 12352	cholCost: 0	addCost: 1048	backsolveCost: 15540
node 16	AtA: 13896	cholCost: 2768	addCost: 1192	backsolveCost: 15617
node 17	AtA: 13896	cholCost: 0	addCost: 1048	backsolveCost: 15617
node 18	AtA: 27204	cholCost: 0	addCost: 1192	backsolveCost: 15617
node 19	AtA: 24116	cholCost: 0	addCost: 1192	backsolveCost: 15617
node 20	AtA: 29336	cholCost: 2336	addCost: 1048	backsolveCost: 29967
node 21	AtA: 27204	cholCost: 46375	addCost: 1192	backsolveCost: 29029
node 22	AtA: 16396	cholCost: 22021	addCost: 1048	backsolveCost: 15617
node 23	AtA: 14852	cholCost: 22021	addCost: 1048	backsolveCost: 15617
node 24	AtA: 14852	cholCost: 22021	addCost: 1048	backsolveCost: 15617
node 25	AtA: 21800	cholCost: 22645	addCost: 1192	backsolveCost: 15694
node 26	AtA: 24116	cholCost: 22645	addCost: 1192	backsolveCost: 15694
node 27	AtA: 15624	cholCost: 18402	addCost: 1048	backsolveCost: 15540
node 28	AtA: 28748	cholCost: 22645	addCost: 1192	backsolveCost: 15694
node 29	AtA: 25660	cholCost: 47415	addCost: 1432	backsolveCost: 30306
node 30	AtA: 15624	cholCost: 18402	addCost: 1048	backsolveCost: 15540
node 31	AtA: 30292	cholCost: 26264	addCost: 1432	backsolveCost: 15771
node 32	AtA: 19484	cholCost: 34238	addCost: 1432	backsolveCost: 20100
node 33	AtA: 30292	cholCost: 26264	addCost: 1432	backsolveCost: 15771
node 34	AtA: 33380	cholCost: 46375	addCost: 1192	backsolveCost: 30193
node 35	AtA: 20256	cholCost: 24088	addCost: 1000	backsolveCost: 19655
node 36	AtA: -1	cholCost: 0	addCost: -1	backsolveCost: 1561

