cliques
96
node 0	AtA: 41688	cholCost: 0	addCost: 1432	backsolveCost: 20100
node 1	AtA: 34740	cholCost: 0	addCost: 1432	backsolveCost: 20100
node 2	AtA: 34740	cholCost: 0	addCost: 1432	backsolveCost: 20100
node 3	AtA: 34740	cholCost: 0	addCost: 1432	backsolveCost: 20100
node 4	AtA: 34740	cholCost: 0	addCost: 1432	backsolveCost: 20100
node 5	AtA: 13124	cholCost: 0	addCost: 1048	backsolveCost: 15540
node 6	AtA: 55584	cholCost: 0	addCost: 1192	backsolveCost: 30193
node 7	AtA: 44776	cholCost: 0	addCost: 1192	backsolveCost: 47752
node 8	AtA: 13896	cholCost: 0	addCost: 1048	backsolveCost: 15617
node 9	AtA: 24704	cholCost: 0	addCost: 1192	backsolveCost: 15617
node 10	AtA: 21616	cholCost: 0	addCost: 1192	backsolveCost: 15617
node 11	AtA: 13124	cholCost: 0	addCost: 1048	backsolveCost: 15540
node 12	AtA: 12352	cholCost: 0	addCost: 1048	backsolveCost: 15540
node 13	AtA: 33196	cholCost: 0	addCost: 1000	backsolveCost: 40592
node 14	AtA: 19300	cholCost: 0	addCost: 1048	backsolveCost: 15617
node 15	AtA: 13124	cholCost: 0	addCost: 1048	backsolveCost: 15540
node 16	AtA: 13124	cholCost: 0	addCost: 1048	backsolveCost: 15540
node 17	AtA: 44188	cholCost: 0	addCost: 1432	backsolveCost: 20100
node 18	AtA: 13124	cholCost: 0	addCost: 1048	backsolveCost: 15540
node 19	AtA: 115800	cholCost: 0	addCost: 2728	backsolveCost: 30758
node 20	AtA: 97272	cholCost: 0	addCost: 3352	backsolveCost: 30984
node 21	AtA: 216160	cholCost: 0	addCost: 3352	backsolveCost: 83319
node 22	AtA: 65620	cholCost: 0	addCost: 6808	backsolveCost: 16695
node 23	AtA: 44004	cholCost: 0	addCost: 1432	backsolveCost: 20189
node 24	AtA: 24704	cholCost: 0	addCost: 1192	backsolveCost: 15617
node 25	AtA: 24704	cholCost: 0	addCost: 1432	backsolveCost: 15771
node 26	AtA: 15624	cholCost: 0	addCost: 1048	backsolveCost: 15540
node 27	AtA: 14668	cholCost: 0	addCost: 1192	backsolveCost: 15617
node 28	AtA: 29336	cholCost: 0	addCost: 1192	backsolveCost: 47603
node 29	AtA: 24704	cholCost: 0	addCost: 1432	backsolveCost: 36171
node 30	AtA: 31652	cholCost: 0	addCost: 2728	backsolveCost: 16079
node 31	AtA: 16984	cholCost: 0	addCost: 1432	backsolveCost: 15848
node 32	AtA: 15624	cholCost: 0	addCost: 1048	backsolveCost: 15540
node 33	AtA: 64848	cholCost: 0	addCost: 2728	backsolveCost: 20456
node 34	AtA: 33196	cholCost: 0	addCost: 1192	backsolveCost: 47752
node 35	AtA: 81060	cholCost: 0	addCost: 2200	backsolveCost: 24220
node 36	AtA: 52496	cholCost: 0	addCost: 1768	backsolveCost: 15848
node 37	AtA: 40144	cholCost: 0	addCost: 1768	backsolveCost: 15848
node 38	AtA: 40144	cholCost: 0	addCost: 1768	backsolveCost: 15848
node 39	AtA: 40144	cholCost: 0	addCost: 1768	backsolveCost: 15848
node 40	AtA: 40144	cholCost: 0	addCost: 1768	backsolveCost: 15848
node 41	AtA: 40144	cholCost: 0	addCost: 1768	backsolveCost: 15848
node 42	AtA: 52496	cholCost: 0	addCost: 2728	backsolveCost: 16079
node 43	AtA: 13124	cholCost: 0	addCost: 1048	backsolveCost: 15540
node 44	AtA: 12352	cholCost: 0	addCost: 1048	backsolveCost: 15540
node 45	AtA: 83560	cholCost: 0	addCost: 2200	backsolveCost: 24220
node 46	AtA: 73340	cholCost: 0	addCost: 2728	backsolveCost: 24422
node 47	AtA: 13124	cholCost: 0	addCost: 1048	backsolveCost: 15540
node 48	AtA: 29336	cholCost: 0	addCost: 1432	backsolveCost: 15848
node 49	AtA: 14668	cholCost: 0	addCost: 1192	backsolveCost: 15617
node 50	AtA: 55584	cholCost: 0	addCost: 1432	backsolveCost: 73200
node 51	AtA: 27792	cholCost: 0	addCost: 1432	backsolveCost: 30419
node 52	AtA: 29336	cholCost: 0	addCost: 1432	backsolveCost: 15848
node 53	AtA: 13124	cholCost: 0	addCost: 1048	backsolveCost: 15540
node 54	AtA: 12352	cholCost: 0	addCost: 1048	backsolveCost: 15540
node 55	AtA: 12352	cholCost: 0	addCost: 1048	backsolveCost: 15540
node 56	AtA: 12352	cholCost: 0	addCost: 1048	backsolveCost: 15540
node 57	AtA: 12352	cholCost: 0	addCost: 1048	backsolveCost: 15540
node 58	AtA: 12352	cholCost: 0	addCost: 1048	backsolveCost: 15540
node 59	AtA: 12352	cholCost: 0	addCost: 1048	backsolveCost: 15540
node 60	AtA: 12352	cholCost: 0	addCost: 1048	backsolveCost: 15540
node 61	AtA: 15440	cholCost: 0	addCost: 1192	backsolveCost: 20011
node 62	AtA: 45548	cholCost: 0	addCost: 1768	backsolveCost: 49598
node 63	AtA: 26248	cholCost: 0	addCost: 1768	backsolveCost: 20278
node 64	AtA: 37056	cholCost: 0	addCost: 2728	backsolveCost: 16079
node 65	AtA: 52496	cholCost: 0	addCost: 1768	backsolveCost: 15848
node 66	AtA: 44004	cholCost: 0	addCost: 1432	backsolveCost: 20189
node 67	AtA: 17756	cholCost: 0	addCost: 1192	backsolveCost: 15617
node 68	AtA: 23160	cholCost: 0	addCost: 1192	backsolveCost: 15694
node 69	AtA: 16396	cholCost: 0	addCost: 1432	backsolveCost: 15771
node 70	AtA: 51136	cholCost: 0	addCost: 1768	backsolveCost: 48199
node 71	AtA: 42460	cholCost: 0	addCost: 2200	backsolveCost: 24220
node 72	AtA: 54224	cholCost: 0	addCost: 1768	backsolveCost: 30419
node 73	AtA: 76428	cholCost: 0	addCost: 7912	backsolveCost: 31775
node 74	AtA: 37056	cholCost: 0	addCost: 4072	backsolveCost: 24624
node 75	AtA: 37056	cholCost: 0	addCost: 3352	backsolveCost: 24624
node 76	AtA: 19300	cholCost: 0	addCost: 1048	backsolveCost: 19833
node 77	AtA: 37056	cholCost: 0	addCost: 2728	backsolveCost: 16079
node 78	AtA: 69480	cholCost: 0	addCost: 2728	backsolveCost: 24321
node 79	AtA: 14668	cholCost: 0	addCost: 1192	backsolveCost: 15617
node 80	AtA: 27204	cholCost: 0	addCost: 1192	backsolveCost: 15617
node 81	AtA: 13896	cholCost: 0	addCost: 1192	backsolveCost: 15617
node 82	AtA: 23160	cholCost: 0	addCost: 1192	backsolveCost: 15694
node 83	AtA: 18712	cholCost: 0	addCost: 1432	backsolveCost: 15848
node 84	AtA: -1	cholCost: 0	addCost: -1	backsolveCost: 20100
node 85	AtA: -1	cholCost: 0	addCost: -1	backsolveCost: 20100
node 86	AtA: 41688	cholCost: 2352	addCost: 1768	backsolveCost: 20278
node 87	AtA: 52496	cholCost: 2100	addCost: 1768	backsolveCost: 15848
node 88	AtA: 46320	cholCost: 2688	addCost: 2200	backsolveCost: 16002
node 89	AtA: -1	cholCost: 0	addCost: -1	backsolveCost: 16079
node 90	AtA: 58672	cholCost: 10608	addCost: 4072	backsolveCost: 42099
node 91	AtA: 63304	cholCost: 2820	addCost: 1432	backsolveCost: 99243
node 92	AtA: 41688	cholCost: 6708	addCost: 4072	backsolveCost: 16310
node 93	AtA: 87236	cholCost: 3824	addCost: 1192	backsolveCost: 88992
node 94	AtA: 17168	cholCost: 17154	addCost: 1000	backsolveCost: 14606
node 95	AtA: -1	cholCost: 0	addCost: -1	backsolveCost: 1561

