ordering and width
106
43 3
23 3
3 3
44 3
24 3
4 3
45 3
5 3
25 3
46 3
6 3
26 3
47 3
27 3
7 3
48 3
8 3
28 3
49 3
29 3
9 3
50 3
10 3
30 3
51 3
31 3
11 3
52 3
12 3
32 3
53 3
13 3
33 3
54 3
14 3
34 3
56 3
16 3
36 3
15 3
35 3
55 3
57 3
17 3
37 3
88 3
89 3
90 3
91 3
92 3
93 3
94 3
95 3
68 3
69 3
70 3
71 3
72 3
73 3
74 3
75 3
76 3
77 3
78 3
79 3
80 3
81 3
82 3
83 3
59 3
19 3
39 3
38 3
18 3
58 3
60 3
20 3
40 3
42 3
2 3
22 3
96 3
97 3
98 3
99 3
87 3
100 3
63 3
103 3
102 3
62 3
61 3
21 3
1 3
41 3
101 3
84 3
67 3
85 3
86 3
104 3
64 3
66 3
105 3
65 3
0 1

factors
438
0 3 4 2
1 0 
1 3 4 2
2 0 
2 3 4 2
3 0 
3 3 4 2
1 0 
4 3 7 3
2 1 0 
5 3 7 3
3 2 0 
6 3 4 2
4 0 
7 3 7 3
4 3 0 
8 3 4 2
5 0 
9 3 7 3
5 4 0 
10 3 4 2
6 0 
11 3 7 3
6 5 0 
12 3 4 2
7 0 
13 3 7 3
7 6 0 
14 3 4 2
8 0 
15 3 7 3
8 7 0 
16 3 4 2
9 0 
17 3 7 3
9 8 0 
18 3 4 2
10 0 
19 3 7 3
10 9 0 
20 3 4 2
11 0 
21 3 7 3
11 10 0 
22 3 4 2
12 0 
23 3 7 3
12 11 0 
24 3 4 2
13 0 
25 3 7 3
13 12 0 
26 3 4 2
14 0 
27 3 7 3
14 13 0 
28 3 4 2
15 0 
29 3 7 3
15 14 0 
30 3 4 2
16 0 
31 3 7 3
16 15 0 
32 3 4 2
17 0 
33 3 7 3
17 16 0 
34 3 4 2
18 0 
35 3 7 3
18 17 0 
36 3 4 2
19 0 
37 3 7 3
19 18 0 
38 3 4 2
20 0 
39 3 7 3
20 19 0 
40 3 7 3
20 1 0 
41 3 4 2
21 0 
42 3 7 3
21 20 0 
43 3 7 3
21 2 0 
44 3 7 3
21 1 0 
45 3 4 2
22 0 
46 3 7 3
22 3 0 
47 3 7 3
22 2 0 
48 3 7 3
22 1 0 
49 3 7 3
22 21 0 
50 3 4 2
23 0 
51 3 7 3
23 3 0 
52 3 7 3
23 4 0 
53 3 7 3
23 2 0 
54 3 7 3
23 22 0 
55 3 4 2
24 0 
56 3 7 3
24 5 0 
57 3 7 3
24 3 0 
58 3 7 3
24 4 0 
59 3 7 3
24 23 0 
60 3 4 2
25 0 
61 3 7 3
25 6 0 
62 3 7 3
25 5 0 
63 3 7 3
25 4 0 
64 3 7 3
25 24 0 
65 3 4 2
26 0 
66 3 7 3
26 7 0 
67 3 7 3
26 25 0 
68 3 7 3
26 6 0 
69 3 7 3
26 5 0 
70 3 4 2
27 0 
71 3 7 3
27 8 0 
72 3 7 3
27 26 0 
73 3 7 3
27 7 0 
74 3 7 3
27 6 0 
75 3 4 2
28 0 
76 3 7 3
28 9 0 
77 3 7 3
28 8 0 
78 3 7 3
28 7 0 
79 3 7 3
28 27 0 
80 3 4 2
29 0 
81 3 7 3
29 10 0 
82 3 7 3
29 28 0 
83 3 7 3
29 9 0 
84 3 7 3
29 8 0 
85 3 4 2
30 0 
86 3 7 3
30 11 0 
87 3 7 3
30 10 0 
88 3 7 3
30 9 0 
89 3 7 3
30 29 0 
90 3 4 2
31 0 
91 3 7 3
31 11 0 
92 3 7 3
31 12 0 
93 3 7 3
31 30 0 
94 3 7 3
31 10 0 
95 3 4 2
32 0 
96 3 7 3
32 11 0 
97 3 7 3
32 31 0 
98 3 7 3
32 12 0 
99 3 7 3
32 13 0 
100 3 4 2
33 0 
101 3 7 3
33 32 0 
102 3 7 3
33 12 0 
103 3 7 3
33 13 0 
104 3 7 3
33 14 0 
105 3 4 2
34 0 
106 3 7 3
34 33 0 
107 3 7 3
34 13 0 
108 3 7 3
34 14 0 
109 3 7 3
34 15 0 
110 3 4 2
35 0 
111 3 7 3
35 34 0 
112 3 7 3
35 14 0 
113 3 7 3
35 15 0 
114 3 7 3
35 16 0 
115 3 4 2
36 0 
116 3 7 3
36 15 0 
117 3 7 3
36 35 0 
118 3 7 3
36 16 0 
119 3 7 3
36 17 0 
120 3 4 2
37 0 
121 3 7 3
37 36 0 
122 3 7 3
37 16 0 
123 3 7 3
37 17 0 
124 3 7 3
37 18 0 
125 3 4 2
38 0 
126 3 7 3
38 37 0 
127 3 7 3
38 17 0 
128 3 7 3
38 19 0 
129 3 7 3
38 18 0 
130 3 4 2
39 0 
131 3 7 3
39 19 0 
132 3 7 3
39 38 0 
133 3 7 3
39 18 0 
134 3 7 3
39 20 0 
135 3 4 2
40 0 
136 3 7 3
40 39 0 
137 3 7 3
40 19 0 
138 3 7 3
40 20 0 
139 3 7 3
40 1 0 
140 3 7 3
40 21 0 
141 3 4 2
41 0 
142 3 7 3
41 40 0 
143 3 7 3
41 20 0 
144 3 7 3
41 2 0 
145 3 7 3
41 22 0 
146 3 7 3
41 1 0 
147 3 7 3
41 21 0 
148 3 4 2
42 0 
149 3 7 3
42 41 0 
150 3 7 3
42 3 0 
151 3 7 3
42 23 0 
152 3 7 3
42 2 0 
153 3 7 3
42 22 0 
154 3 7 3
42 1 0 
155 3 7 3
42 21 0 
156 3 4 2
43 0 
157 3 7 3
43 3 0 
158 3 7 3
43 4 0 
159 3 7 3
43 24 0 
160 3 7 3
43 23 0 
161 3 7 3
43 2 0 
162 3 7 3
43 22 0 
163 3 7 3
43 42 0 
164 3 4 2
44 0 
165 3 7 3
44 25 0 
166 3 7 3
44 5 0 
167 3 7 3
44 3 0 
168 3 7 3
44 43 0 
169 3 7 3
44 4 0 
170 3 7 3
44 24 0 
171 3 7 3
44 23 0 
172 3 4 2
45 0 
173 3 7 3
45 44 0 
174 3 7 3
45 26 0 
175 3 7 3
45 25 0 
176 3 7 3
45 6 0 
177 3 7 3
45 5 0 
178 3 7 3
45 4 0 
179 3 7 3
45 24 0 
180 3 4 2
46 0 
181 3 7 3
46 26 0 
182 3 7 3
46 7 0 
183 3 7 3
46 27 0 
184 3 7 3
46 25 0 
185 3 7 3
46 45 0 
186 3 7 3
46 6 0 
187 3 7 3
46 5 0 
188 3 4 2
47 0 
189 3 7 3
47 28 0 
190 3 7 3
47 8 0 
191 3 7 3
47 26 0 
192 3 7 3
47 7 0 
193 3 7 3
47 27 0 
194 3 7 3
47 46 0 
195 3 7 3
47 6 0 
196 3 4 2
48 0 
197 3 7 3
48 28 0 
198 3 7 3
48 9 0 
199 3 7 3
48 29 0 
200 3 7 3
48 8 0 
201 3 7 3
48 7 0 
202 3 7 3
48 27 0 
203 3 7 3
48 47 0 
204 3 4 2
49 0 
205 3 7 3
49 30 0 
206 3 7 3
49 10 0 
207 3 7 3
49 28 0 
208 3 7 3
49 9 0 
209 3 7 3
49 29 0 
210 3 7 3
49 48 0 
211 3 7 3
49 8 0 
212 3 4 2
50 0 
213 3 7 3
50 11 0 
214 3 7 3
50 31 0 
215 3 7 3
50 30 0 
216 3 7 3
50 10 0 
217 3 7 3
50 9 0 
218 3 7 3
50 29 0 
219 3 7 3
50 49 0 
220 3 4 2
51 0 
221 3 7 3
51 32 0 
222 3 7 3
51 11 0 
223 3 7 3
51 31 0 
224 3 7 3
51 12 0 
225 3 7 3
51 30 0 
226 3 7 3
51 50 0 
227 3 7 3
51 10 0 
228 3 4 2
52 0 
229 3 7 3
52 32 0 
230 3 7 3
52 11 0 
231 3 7 3
52 31 0 
232 3 7 3
52 51 0 
233 3 7 3
52 33 0 
234 3 7 3
52 12 0 
235 3 7 3
52 13 0 
236 3 4 2
53 0 
237 3 7 3
53 32 0 
238 3 7 3
53 52 0 
239 3 7 3
53 33 0 
240 3 7 3
53 12 0 
241 3 7 3
53 13 0 
242 3 7 3
53 34 0 
243 3 7 3
53 14 0 
244 3 4 2
54 0 
245 3 7 3
54 33 0 
246 3 7 3
54 53 0 
247 3 7 3
54 13 0 
248 3 7 3
54 34 0 
249 3 7 3
54 14 0 
250 3 7 3
54 15 0 
251 3 7 3
54 35 0 
252 3 4 2
55 0 
253 3 7 3
55 36 0 
254 3 7 3
55 54 0 
255 3 7 3
55 34 0 
256 3 7 3
55 14 0 
257 3 7 3
55 15 0 
258 3 7 3
55 35 0 
259 3 7 3
55 16 0 
260 3 4 2
56 0 
261 3 7 3
56 36 0 
262 3 7 3
56 55 0 
263 3 7 3
56 15 0 
264 3 7 3
56 35 0 
265 3 7 3
56 16 0 
266 3 7 3
56 37 0 
267 3 7 3
56 17 0 
268 3 4 2
57 0 
269 3 7 3
57 36 0 
270 3 7 3
57 56 0 
271 3 7 3
57 16 0 
272 3 7 3
57 37 0 
273 3 7 3
57 17 0 
274 3 7 3
57 38 0 
275 3 7 3
57 18 0 
276 3 4 2
58 0 
277 3 7 3
58 37 0 
278 3 7 3
58 57 0 
279 3 7 3
58 17 0 
280 3 7 3
58 39 0 
281 3 7 3
58 19 0 
282 3 7 3
58 38 0 
283 3 7 3
58 18 0 
284 3 4 2
59 0 
285 3 7 3
59 58 0 
286 3 7 3
59 39 0 
287 3 7 3
59 19 0 
288 3 7 3
59 38 0 
289 3 7 3
59 18 0 
290 3 7 3
59 40 0 
291 3 7 3
59 20 0 
292 3 4 2
60 0 
293 3 7 3
60 39 0 
294 3 7 3
60 59 0 
295 3 7 3
60 19 0 
296 3 7 3
60 40 0 
297 3 7 3
60 20 0 
298 3 7 3
60 41 0 
299 3 7 3
60 1 0 
300 3 7 3
60 21 0 
301 3 4 2
61 0 
302 3 7 3
61 60 0 
303 3 7 3
61 40 0 
304 3 7 3
61 20 0 
305 3 7 3
61 41 0 
306 3 7 3
61 2 0 
307 3 7 3
61 22 0 
308 3 7 3
61 42 0 
309 3 7 3
61 1 0 
310 3 7 3
61 21 0 
311 3 4 2
62 0 
312 3 7 3
62 41 0 
313 3 7 3
62 61 0 
314 3 7 3
62 1 0 
315 3 7 3
62 21 0 
316 3 4 2
63 0 
317 3 7 3
63 62 0 
318 3 4 2
64 0 
319 3 7 3
64 63 0 
320 3 4 2
65 0 
321 3 7 3
65 64 0 
322 3 4 2
66 0 
323 3 7 3
66 65 0 
324 3 4 2
67 0 
325 3 7 3
67 66 0 
326 3 4 2
68 0 
327 3 7 3
68 67 0 
328 3 4 2
69 0 
329 3 7 3
69 68 0 
330 3 4 2
70 0 
331 3 7 3
70 69 0 
332 3 4 2
71 0 
333 3 7 3
71 70 0 
334 3 4 2
72 0 
335 3 7 3
72 71 0 
336 3 4 2
73 0 
337 3 7 3
73 72 0 
338 3 4 2
74 0 
339 3 7 3
74 73 0 
340 3 4 2
75 0 
341 3 7 3
75 74 0 
342 3 4 2
76 0 
343 3 7 3
76 75 0 
344 3 4 2
77 0 
345 3 7 3
77 76 0 
346 3 4 2
78 0 
347 3 7 3
78 77 0 
348 3 4 2
79 0 
349 3 7 3
79 78 0 
350 3 4 2
80 0 
351 3 7 3
80 79 0 
352 3 4 2
81 0 
353 3 7 3
81 80 0 
354 3 4 2
82 0 
355 3 7 3
82 81 0 
356 3 4 2
83 0 
357 3 7 3
83 82 0 
358 3 4 2
84 0 
359 3 7 3
84 83 0 
360 3 4 2
85 0 
361 3 7 3
85 66 0 
362 3 7 3
85 84 0 
363 3 4 2
86 0 
364 3 7 3
86 66 0 
365 3 7 3
86 67 0 
366 3 7 3
86 65 0 
367 3 7 3
86 85 0 
368 3 4 2
87 0 
369 3 7 3
87 66 0 
370 3 7 3
87 86 0 
371 3 4 2
88 0 
372 3 7 3
88 87 0 
373 3 4 2
89 0 
374 3 7 3
89 88 0 
375 3 4 2
90 0 
376 3 7 3
90 89 0 
377 3 4 2
91 0 
378 3 7 3
91 90 0 
379 3 4 2
92 0 
380 3 7 3
92 91 0 
381 3 4 2
93 0 
382 3 7 3
93 92 0 
383 3 4 2
94 0 
384 3 7 3
94 93 0 
385 3 4 2
95 0 
386 3 7 3
95 94 0 
387 3 4 2
96 0 
388 3 7 3
96 95 0 
389 3 4 2
97 0 
390 3 7 3
97 96 0 
391 3 4 2
98 0 
392 3 7 3
98 97 0 
393 3 4 2
99 0 
394 3 7 3
99 98 0 
395 3 4 2
100 0 
396 3 7 3
100 41 0 
397 3 7 3
100 61 0 
398 3 7 3
100 1 0 
399 3 7 3
100 21 0 
400 3 7 3
100 99 0 
401 3 4 2
101 0 
402 3 7 3
101 60 0 
403 3 7 3
101 40 0 
404 3 7 3
101 20 0 
405 3 7 3
101 41 0 
406 3 7 3
101 2 0 
407 3 7 3
101 22 0 
408 3 7 3
101 42 0 
409 3 7 3
101 61 0 
410 3 7 3
101 1 0 
411 3 7 3
101 21 0 
412 3 7 3
101 62 0 
413 3 7 3
101 100 0 
414 3 4 2
102 0 
415 3 7 3
102 41 0 
416 3 7 3
102 61 0 
417 3 7 3
102 1 0 
418 3 7 3
102 21 0 
419 3 7 3
102 63 0 
420 3 7 3
102 62 0 
421 3 7 3
102 101 0 
422 3 4 2
103 0 
423 3 7 3
103 64 0 
424 3 7 3
103 63 0 
425 3 7 3
103 62 0 
426 3 7 3
103 102 0 
427 3 4 2
104 0 
428 3 7 3
104 64 0 
429 3 7 3
104 63 0 
430 3 7 3
104 65 0 
431 3 7 3
104 103 0 
432 3 4 2
105 0 
433 3 7 3
105 66 0 
434 3 7 3
105 64 0 
435 3 7 3
105 65 0 
436 3 7 3
105 104 0 
437 3 7 3
105 86 0 

cliques
12
46 27 9 16
43 0 3
23 3 3
3 6 3
44 9 3
24 12 3
4 15 3
45 18 3
5 21 3
25 24 3
46 27 3
6 30 3
26 33 3
42 36 3
2 39 3
22 42 3
0 45 1
46 27 9 16
46 0 3
6 3 3
26 6 3
47 9 3
27 12 3
7 15 3
48 18 3
8 21 3
28 24 3
49 27 3
29 30 3
9 33 3
42 36 3
2 39 3
22 42 3
0 45 1
46 27 9 16
49 0 3
29 3 3
9 6 3
50 9 3
10 12 3
30 15 3
51 18 3
31 21 3
11 24 3
52 27 3
12 30 3
32 33 3
42 36 3
2 39 3
22 42 3
0 45 1
46 27 9 16
52 0 3
12 3 3
32 6 3
53 9 3
13 12 3
33 15 3
54 18 3
14 21 3
34 24 3
15 27 3
35 30 3
55 33 3
42 36 3
2 39 3
22 42 3
0 45 1
46 27 9 16
56 0 3
16 3 3
36 6 3
15 9 3
35 12 3
55 15 3
57 18 3
17 21 3
37 24 3
38 27 3
18 30 3
58 33 3
42 36 3
2 39 3
22 42 3
0 45 1
31 24 8 11
88 0 3
89 3 3
90 6 3
91 9 3
92 12 3
93 15 3
94 18 3
95 21 3
96 24 3
87 27 3
0 30 1
31 24 8 11
68 0 3
69 3 3
70 6 3
71 9 3
72 12 3
73 15 3
74 18 3
75 21 3
76 24 3
67 27 3
0 30 1
31 24 8 11
76 0 3
77 3 3
78 6 3
79 9 3
80 12 3
81 15 3
82 18 3
83 21 3
84 24 3
67 27 3
0 30 1
52 36 12 18
59 0 3
19 3 3
39 6 3
38 9 3
18 12 3
58 15 3
60 18 3
20 21 3
40 24 3
42 27 3
2 30 3
22 33 3
61 36 3
21 39 3
1 42 3
41 45 3
101 48 3
0 51 1
58 45 15 20
96 0 3
97 3 3
98 6 3
99 9 3
87 12 3
100 15 3
63 18 3
103 21 3
102 24 3
62 27 3
61 30 3
21 33 3
1 36 3
41 39 3
101 42 3
86 45 3
104 48 3
64 51 3
66 54 3
0 57 1
28 27 9 10
84 0 3
67 3 3
85 6 3
86 9 3
104 12 3
64 15 3
66 18 3
105 21 3
65 24 3
0 27 1
1 1 1 1
0 0 1

new keys
1
105

relin keys
27
65
66
67
68
69
70
71
72
73
74
75
76
77
78
79
80
81
82
83
84
85
87
88
89
90
91
92

