cliques
37
node 0	AtA: 41688	cholCost: 0	addCost: 1432	backsolveCost: 20100
node 1	AtA: 34740	cholCost: 0	addCost: 1432	backsolveCost: 20100
node 2	AtA: 34740	cholCost: 0	addCost: 1432	backsolveCost: 20100
node 3	AtA: 34740	cholCost: 0	addCost: 1432	backsolveCost: 20100
node 4	AtA: 34740	cholCost: 0	addCost: 1432	backsolveCost: 20100
node 5	AtA: 13124	cholCost: 0	addCost: 1048	backsolveCost: 15540
node 6	AtA: 55584	cholCost: 0	addCost: 1192	backsolveCost: 30193
node 7	AtA: 44776	cholCost: 0	addCost: 1192	backsolveCost: 47752
node 8	AtA: 13896	cholCost: 0	addCost: 1048	backsolveCost: 15617
node 9	AtA: 24704	cholCost: 0	addCost: 1192	backsolveCost: 15617
node 10	AtA: 21616	cholCost: 0	addCost: 1192	backsolveCost: 15617
node 11	AtA: 15624	cholCost: 0	addCost: 1048	backsolveCost: 15540
node 12	AtA: 14852	cholCost: 0	addCost: 1048	backsolveCost: 15540
node 13	AtA: 33196	cholCost: 2144	addCost: 1000	backsolveCost: 40592
node 14	AtA: 24704	cholCost: 2768	addCost: 1192	backsolveCost: 15617
node 15	AtA: 15624	cholCost: 0	addCost: 1048	backsolveCost: 15540
node 16	AtA: 15624	cholCost: 18402	addCost: 1048	backsolveCost: 15540
node 17	AtA: 14852	cholCost: 18402	addCost: 1048	backsolveCost: 15540
node 18	AtA: 24116	cholCost: 22645	addCost: 1192	backsolveCost: 15617
node 19	AtA: 28748	cholCost: 22645	addCost: 1192	backsolveCost: 15694
node 20	AtA: 24704	cholCost: 2768	addCost: 1192	backsolveCost: 15617
node 21	AtA: 24116	cholCost: 22645	addCost: 1192	backsolveCost: 15617
node 22	AtA: 16984	cholCost: 2864	addCost: 1192	backsolveCost: 20011
node 23	AtA: 28748	cholCost: 46375	addCost: 1192	backsolveCost: 30080
node 24	AtA: 31836	cholCost: 52490	addCost: 1768	backsolveCost: 30532
node 25	AtA: 27204	cholCost: 22645	addCost: 1192	backsolveCost: 15617
node 26	AtA: 24116	cholCost: 22645	addCost: 1192	backsolveCost: 15617
node 27	AtA: 13124	cholCost: 2240	addCost: 1048	backsolveCost: 15540
node 28	AtA: 27792	cholCost: 3140	addCost: 1432	backsolveCost: 15771
node 29	AtA: 13124	cholCost: 2240	addCost: 1048	backsolveCost: 15540
node 30	AtA: 28748	cholCost: 22645	addCost: 1192	backsolveCost: 15694
node 31	AtA: 20256	cholCost: 34238	addCost: 1432	backsolveCost: 20100
node 32	AtA: 24888	cholCost: 47415	addCost: 1432	backsolveCost: 30306
node 33	AtA: 30292	cholCost: 26264	addCost: 1432	backsolveCost: 15771
node 34	AtA: 36468	cholCost: 80508	addCost: 1432	backsolveCost: 56850
node 35	AtA: 32608	cholCost: 51530	addCost: 1000	backsolveCost: 47156
node 36	AtA: -1	cholCost: 0	addCost: -1	backsolveCost: 1561

