cliques
90
node 0	AtA: 41688	cholCost: 0	addCost: 1432	backsolveCost: 20100
node 1	AtA: 34740	cholCost: 0	addCost: 1432	backsolveCost: 20100
node 2	AtA: 34740	cholCost: 0	addCost: 1432	backsolveCost: 20100
node 3	AtA: 34740	cholCost: 0	addCost: 1432	backsolveCost: 20100
node 4	AtA: 34740	cholCost: 0	addCost: 1432	backsolveCost: 20100
node 5	AtA: 13124	cholCost: 0	addCost: 1048	backsolveCost: 15540
node 6	AtA: 55584	cholCost: 0	addCost: 1192	backsolveCost: 30193
node 7	AtA: 44776	cholCost: 0	addCost: 1192	backsolveCost: 47752
node 8	AtA: 13896	cholCost: 0	addCost: 1048	backsolveCost: 15617
node 9	AtA: 24704	cholCost: 0	addCost: 1192	backsolveCost: 15617
node 10	AtA: 21616	cholCost: 0	addCost: 1192	backsolveCost: 15617
node 11	AtA: 13124	cholCost: 0	addCost: 1048	backsolveCost: 15540
node 12	AtA: 12352	cholCost: 0	addCost: 1048	backsolveCost: 15540
node 13	AtA: 33196	cholCost: 0	addCost: 1000	backsolveCost: 40592
node 14	AtA: 19300	cholCost: 2468	addCost: 1048	backsolveCost: 15617
node 15	AtA: 13124	cholCost: 2240	addCost: 1048	backsolveCost: 15540
node 16	AtA: 13124	cholCost: 2240	addCost: 1048	backsolveCost: 15540
node 17	AtA: 44188	cholCost: 34238	addCost: 1432	backsolveCost: 20100
node 18	AtA: 13124	cholCost: 0	addCost: 1048	backsolveCost: 15540
node 19	AtA: 115800	cholCost: 5520	addCost: 2728	backsolveCost: 30758
node 20	AtA: 97272	cholCost: 6600	addCost: 3352	backsolveCost: 30984
node 21	AtA: 216160	cholCost: 10604	addCost: 3352	backsolveCost: 83319
node 22	AtA: 65620	cholCost: 11220	addCost: 6808	backsolveCost: 16695
node 23	AtA: 44004	cholCost: 3776	addCost: 1432	backsolveCost: 20189
node 24	AtA: 24704	cholCost: 2768	addCost: 1192	backsolveCost: 15617
node 25	AtA: 24704	cholCost: 3140	addCost: 1432	backsolveCost: 15771
node 26	AtA: 15624	cholCost: 0	addCost: 1048	backsolveCost: 15540
node 27	AtA: 14668	cholCost: 2768	addCost: 1192	backsolveCost: 15617
node 28	AtA: 29336	cholCost: 0	addCost: 1192	backsolveCost: 47603
node 29	AtA: 24704	cholCost: 3700	addCost: 1432	backsolveCost: 36171
node 30	AtA: 34152	cholCost: 32379	addCost: 2728	backsolveCost: 16079
node 31	AtA: 19484	cholCost: 26888	addCost: 1432	backsolveCost: 15848
node 32	AtA: 15624	cholCost: 18402	addCost: 1048	backsolveCost: 15540
node 33	AtA: 46504	cholCost: 38065	addCost: 1432	backsolveCost: 20189
node 34	AtA: 24704	cholCost: 2768	addCost: 1192	backsolveCost: 15617
node 35	AtA: 24116	cholCost: 22645	addCost: 1192	backsolveCost: 15617
node 36	AtA: 24116	cholCost: 22645	addCost: 1192	backsolveCost: 15617
node 37	AtA: 35696	cholCost: 62512	addCost: 1192	backsolveCost: 47752
node 38	AtA: 21800	cholCost: 28747	addCost: 1048	backsolveCost: 19833
node 39	AtA: 67348	cholCost: 88738	addCost: 1432	backsolveCost: 63144
node 40	AtA: 44960	cholCost: 60080	addCost: 1768	backsolveCost: 36421
node 41	AtA: 81060	cholCost: 3328	addCost: 2200	backsolveCost: 24220
node 42	AtA: 54996	cholCost: 30507	addCost: 1768	backsolveCost: 15848
node 43	AtA: 42644	cholCost: 30507	addCost: 1768	backsolveCost: 15848
node 44	AtA: 42644	cholCost: 30507	addCost: 1768	backsolveCost: 15848
node 45	AtA: 42644	cholCost: 30507	addCost: 1768	backsolveCost: 15848
node 46	AtA: 42644	cholCost: 30507	addCost: 1768	backsolveCost: 15848
node 47	AtA: 42644	cholCost: 30507	addCost: 1768	backsolveCost: 15848
node 48	AtA: 54996	cholCost: 32379	addCost: 2728	backsolveCost: 16079
node 49	AtA: 15624	cholCost: 18402	addCost: 1048	backsolveCost: 15540
node 50	AtA: 14852	cholCost: 18402	addCost: 1048	backsolveCost: 15540
node 51	AtA: 31836	cholCost: 44484	addCost: 4888	backsolveCost: 16541
node 52	AtA: 32608	cholCost: 72390	addCost: 1048	backsolveCost: 62625
node 53	AtA: 83560	cholCost: 0	addCost: 2200	backsolveCost: 24220
node 54	AtA: 73340	cholCost: 5040	addCost: 2728	backsolveCost: 24422
node 55	AtA: 13124	cholCost: 0	addCost: 1048	backsolveCost: 15540
node 56	AtA: 29336	cholCost: 3584	addCost: 1432	backsolveCost: 15848
node 57	AtA: 14668	cholCost: 2768	addCost: 1192	backsolveCost: 15617
node 58	AtA: 55584	cholCost: 2400	addCost: 1432	backsolveCost: 73200
node 59	AtA: 27792	cholCost: 2160	addCost: 1432	backsolveCost: 30419
node 60	AtA: 29336	cholCost: 3584	addCost: 1432	backsolveCost: 15848
node 61	AtA: 13124	cholCost: 2240	addCost: 1048	backsolveCost: 15540
node 62	AtA: 12352	cholCost: 2240	addCost: 1048	backsolveCost: 15540
node 63	AtA: 12352	cholCost: 2240	addCost: 1048	backsolveCost: 15540
node 64	AtA: 12352	cholCost: 2240	addCost: 1048	backsolveCost: 15540
node 65	AtA: 12352	cholCost: 2240	addCost: 1048	backsolveCost: 15540
node 66	AtA: 12352	cholCost: 2240	addCost: 1048	backsolveCost: 15540
node 67	AtA: 12352	cholCost: 2240	addCost: 1048	backsolveCost: 15540
node 68	AtA: 12352	cholCost: 2240	addCost: 1048	backsolveCost: 15540
node 69	AtA: 17940	cholCost: 33406	addCost: 1192	backsolveCost: 20011
node 70	AtA: 48048	cholCost: 78236	addCost: 1768	backsolveCost: 49598
node 71	AtA: 28748	cholCost: 38897	addCost: 1768	backsolveCost: 20278
node 72	AtA: 37056	cholCost: 4080	addCost: 2728	backsolveCost: 16079
node 73	AtA: 52496	cholCost: 2100	addCost: 1768	backsolveCost: 15848
node 74	AtA: 44004	cholCost: 3776	addCost: 1432	backsolveCost: 20189
node 75	AtA: 17756	cholCost: 2768	addCost: 1192	backsolveCost: 15617
node 76	AtA: 23160	cholCost: 2768	addCost: 1192	backsolveCost: 15694
node 77	AtA: 16396	cholCost: 26264	addCost: 1432	backsolveCost: 15771
node 78	AtA: 51136	cholCost: 78236	addCost: 1768	backsolveCost: 48199
node 79	AtA: 42460	cholCost: 3328	addCost: 2200	backsolveCost: 24220
node 80	AtA: 54224	cholCost: 52490	addCost: 1768	backsolveCost: 30419
node 81	AtA: 78928	cholCost: 92924	addCost: 7912	backsolveCost: 31775
node 82	AtA: 39556	cholCost: 53322	addCost: 4072	backsolveCost: 24624
node 83	AtA: 39556	cholCost: 52490	addCost: 3352	backsolveCost: 24624
node 84	AtA: 14852	cholCost: 48215	addCost: 3352	backsolveCost: 20634
node 85	AtA: 129108	cholCost: 146528	addCost: 1000	backsolveCost: 133498
node 86	AtA: 65804	cholCost: 62640	addCost: 5800	backsolveCost: 25028
node 87	AtA: 69664	cholCost: 79052	addCost: 1192	backsolveCost: 56689
node 88	AtA: 18712	cholCost: 17778	addCost: 1000	backsolveCost: 15386
node 89	AtA: -1	cholCost: 0	addCost: -1	backsolveCost: 1561

