ordering and width
573
43 3
23 3
3 3
44 3
24 3
4 3
45 3
5 3
25 3
46 3
6 3
26 3
47 3
27 3
7 3
48 3
8 3
28 3
49 3
29 3
9 3
50 3
10 3
30 3
51 3
31 3
11 3
52 3
12 3
32 3
53 3
13 3
33 3
54 3
14 3
34 3
56 3
16 3
36 3
15 3
35 3
55 3
57 3
17 3
37 3
88 3
89 3
90 3
91 3
92 3
93 3
94 3
95 3
59 3
19 3
39 3
38 3
18 3
58 3
60 3
20 3
40 3
42 3
2 3
22 3
96 3
97 3
98 3
99 3
87 3
100 3
63 3
103 3
102 3
62 3
61 3
21 3
1 3
41 3
101 3
78 3
79 3
80 3
81 3
82 3
83 3
84 3
77 3
68 3
108 3
109 3
69 3
110 3
70 3
111 3
71 3
112 3
72 3
113 3
73 3
114 3
74 3
115 3
75 3
118 3
119 3
120 3
121 3
122 3
123 3
124 3
125 3
126 3
127 3
128 3
129 3
130 3
131 3
132 3
133 3
105 3
104 3
65 3
64 3
134 3
117 3
116 3
76 3
85 3
107 3
67 3
106 3
86 3
66 3
333 3
334 3
135 3
335 3
336 3
136 3
337 3
137 3
344 3
144 3
324 3
143 3
343 3
323 3
342 3
322 3
142 3
303 3
304 3
305 3
306 3
307 3
308 3
309 3
310 3
348 3
328 3
148 3
349 3
149 3
329 3
327 3
347 3
147 3
358 3
359 3
360 3
361 3
362 3
363 3
364 3
365 3
153 3
373 3
353 3
374 3
354 3
154 3
375 3
355 3
155 3
238 3
239 3
240 3
241 3
242 3
243 3
244 3
245 3
388 3
428 3
429 3
389 3
427 3
387 3
430 3
390 3
293 3
393 3
273 3
394 3
294 3
274 3
392 3
272 3
292 3
413 3
414 3
412 3
433 3
454 3
453 3
452 3
434 3
432 3
288 3
408 3
268 3
409 3
289 3
269 3
407 3
287 3
267 3
448 3
469 3
468 3
467 3
447 3
449 3
300 3
480 3
460 3
440 3
400 3
280 3
479 3
459 3
439 3
399 3
279 3
299 3
478 3
278 3
398 3
438 3
458 3
298 3
477 3
297 3
277 3
397 3
437 3
457 3
473 3
474 3
472 3
475 3
415 3
395 3
275 3
295 3
435 3
455 3
318 3
418 3
419 3
319 3
420 3
320 3
423 3
422 3
424 3
139 3
339 3
338 3
138 3
340 3
140 3
332 3
421 3
141 3
321 3
341 3
283 3
403 3
404 3
284 3
402 3
282 3
311 3
312 3
263 3
264 3
262 3
265 3
486 3
266 3
406 3
446 3
466 3
286 3
203 3
503 3
183 3
504 3
204 3
184 3
502 3
202 3
182 3
193 3
173 3
194 3
174 3
195 3
175 3
196 3
176 3
197 3
177 3
198 3
178 3
199 3
179 3
200 3
180 3
523 3
524 3
525 3
526 3
527 3
528 3
529 3
530 3
513 3
514 3
515 3
516 3
517 3
518 3
519 3
512 3
509 3
189 3
508 3
188 3
510 3
190 3
507 3
187 3
213 3
214 3
215 3
216 3
217 3
218 3
219 3
220 3
208 3
228 3
229 3
209 3
230 3
210 3
227 3
207 3
488 3
489 3
490 3
491 3
492 3
493 3
494 3
495 3
246 3
247 3
248 3
249 3
237 3
498 3
258 3
499 3
259 3
497 3
257 3
234 3
254 3
253 3
233 3
235 3
255 3
496 3
256 3
236 3
221 3
222 3
223 3
224 3
212 3
225 3
252 3
232 3
250 3
251 3
231 3
211 3
172 3
192 3
511 3
171 3
191 3
505 3
205 3
185 3
500 3
260 3
506 3
186 3
226 3
206 3
487 3
501 3
201 3
181 3
261 3
270 3
410 3
450 3
290 3
470 3
163 3
164 3
162 3
383 3
384 3
382 3
381 3
161 3
380 3
160 3
159 3
379 3
378 3
158 3
377 3
157 3
366 3
367 3
368 3
369 3
357 3
156 3
376 3
356 3
350 3
330 3
150 3
370 3
152 3
352 3
372 3
385 3
371 3
351 3
331 3
151 3
325 3
345 3
145 3
425 3
314 3
315 3
426 3
386 3
346 3
326 3
146 3
417 3
317 3
476 3
456 3
436 3
296 3
276 3
396 3
416 3
316 3
543 3
544 3
542 3
531 3
532 3
533 3
534 3
535 3
522 3
537 3
538 3
539 3
540 3
541 3
521 3
548 3
549 3
550 3
551 3
552 3
553 3
547 3
168 3
169 3
167 3
545 3
546 3
166 3
520 3
170 3
165 3
271 3
291 3
391 3
411 3
431 3
451 3
471 3
313 3
445 3
444 3
443 3
442 3
405 3
285 3
302 3
441 3
301 3
281 3
401 3
461 3
462 3
463 3
464 3
465 3
481 3
482 3
483 3
484 3
485 3
536 3
554 3
555 3
556 3
557 3
558 3
559 3
560 3
561 3
562 3
563 3
564 3
565 3
566 3
567 3
568 3
569 3
570 3
571 3
572 3
0 1

factors
2875
0 3 4 2
1 0 
1 3 4 2
2 0 
2 3 4 2
3 0 
3 3 4 2
1 0 
4 3 7 3
2 1 0 
5 3 7 3
3 2 0 
6 3 4 2
4 0 
7 3 7 3
4 3 0 
8 3 4 2
5 0 
9 3 7 3
5 4 0 
10 3 4 2
6 0 
11 3 7 3
6 5 0 
12 3 4 2
7 0 
13 3 7 3
7 6 0 
14 3 4 2
8 0 
15 3 7 3
8 7 0 
16 3 4 2
9 0 
17 3 7 3
9 8 0 
18 3 4 2
10 0 
19 3 7 3
10 9 0 
20 3 4 2
11 0 
21 3 7 3
11 10 0 
22 3 4 2
12 0 
23 3 7 3
12 11 0 
24 3 4 2
13 0 
25 3 7 3
13 12 0 
26 3 4 2
14 0 
27 3 7 3
14 13 0 
28 3 4 2
15 0 
29 3 7 3
15 14 0 
30 3 4 2
16 0 
31 3 7 3
16 15 0 
32 3 4 2
17 0 
33 3 7 3
17 16 0 
34 3 4 2
18 0 
35 3 7 3
18 17 0 
36 3 4 2
19 0 
37 3 7 3
19 18 0 
38 3 4 2
20 0 
39 3 7 3
20 19 0 
40 3 7 3
20 1 0 
41 3 4 2
21 0 
42 3 7 3
21 20 0 
43 3 7 3
21 2 0 
44 3 7 3
21 1 0 
45 3 4 2
22 0 
46 3 7 3
22 3 0 
47 3 7 3
22 2 0 
48 3 7 3
22 1 0 
49 3 7 3
22 21 0 
50 3 4 2
23 0 
51 3 7 3
23 3 0 
52 3 7 3
23 4 0 
53 3 7 3
23 2 0 
54 3 7 3
23 22 0 
55 3 4 2
24 0 
56 3 7 3
24 5 0 
57 3 7 3
24 3 0 
58 3 7 3
24 4 0 
59 3 7 3
24 23 0 
60 3 4 2
25 0 
61 3 7 3
25 6 0 
62 3 7 3
25 5 0 
63 3 7 3
25 4 0 
64 3 7 3
25 24 0 
65 3 4 2
26 0 
66 3 7 3
26 7 0 
67 3 7 3
26 25 0 
68 3 7 3
26 6 0 
69 3 7 3
26 5 0 
70 3 4 2
27 0 
71 3 7 3
27 8 0 
72 3 7 3
27 26 0 
73 3 7 3
27 7 0 
74 3 7 3
27 6 0 
75 3 4 2
28 0 
76 3 7 3
28 9 0 
77 3 7 3
28 8 0 
78 3 7 3
28 7 0 
79 3 7 3
28 27 0 
80 3 4 2
29 0 
81 3 7 3
29 10 0 
82 3 7 3
29 28 0 
83 3 7 3
29 9 0 
84 3 7 3
29 8 0 
85 3 4 2
30 0 
86 3 7 3
30 11 0 
87 3 7 3
30 10 0 
88 3 7 3
30 9 0 
89 3 7 3
30 29 0 
90 3 4 2
31 0 
91 3 7 3
31 11 0 
92 3 7 3
31 12 0 
93 3 7 3
31 30 0 
94 3 7 3
31 10 0 
95 3 4 2
32 0 
96 3 7 3
32 11 0 
97 3 7 3
32 31 0 
98 3 7 3
32 12 0 
99 3 7 3
32 13 0 
100 3 4 2
33 0 
101 3 7 3
33 32 0 
102 3 7 3
33 12 0 
103 3 7 3
33 13 0 
104 3 7 3
33 14 0 
105 3 4 2
34 0 
106 3 7 3
34 33 0 
107 3 7 3
34 13 0 
108 3 7 3
34 14 0 
109 3 7 3
34 15 0 
110 3 4 2
35 0 
111 3 7 3
35 34 0 
112 3 7 3
35 14 0 
113 3 7 3
35 15 0 
114 3 7 3
35 16 0 
115 3 4 2
36 0 
116 3 7 3
36 15 0 
117 3 7 3
36 35 0 
118 3 7 3
36 16 0 
119 3 7 3
36 17 0 
120 3 4 2
37 0 
121 3 7 3
37 36 0 
122 3 7 3
37 16 0 
123 3 7 3
37 17 0 
124 3 7 3
37 18 0 
125 3 4 2
38 0 
126 3 7 3
38 37 0 
127 3 7 3
38 17 0 
128 3 7 3
38 19 0 
129 3 7 3
38 18 0 
130 3 4 2
39 0 
131 3 7 3
39 19 0 
132 3 7 3
39 38 0 
133 3 7 3
39 18 0 
134 3 7 3
39 20 0 
135 3 4 2
40 0 
136 3 7 3
40 39 0 
137 3 7 3
40 19 0 
138 3 7 3
40 20 0 
139 3 7 3
40 1 0 
140 3 7 3
40 21 0 
141 3 4 2
41 0 
142 3 7 3
41 40 0 
143 3 7 3
41 20 0 
144 3 7 3
41 2 0 
145 3 7 3
41 22 0 
146 3 7 3
41 1 0 
147 3 7 3
41 21 0 
148 3 4 2
42 0 
149 3 7 3
42 41 0 
150 3 7 3
42 3 0 
151 3 7 3
42 23 0 
152 3 7 3
42 2 0 
153 3 7 3
42 22 0 
154 3 7 3
42 1 0 
155 3 7 3
42 21 0 
156 3 4 2
43 0 
157 3 7 3
43 3 0 
158 3 7 3
43 4 0 
159 3 7 3
43 24 0 
160 3 7 3
43 23 0 
161 3 7 3
43 2 0 
162 3 7 3
43 22 0 
163 3 7 3
43 42 0 
164 3 4 2
44 0 
165 3 7 3
44 25 0 
166 3 7 3
44 5 0 
167 3 7 3
44 3 0 
168 3 7 3
44 43 0 
169 3 7 3
44 4 0 
170 3 7 3
44 24 0 
171 3 7 3
44 23 0 
172 3 4 2
45 0 
173 3 7 3
45 44 0 
174 3 7 3
45 26 0 
175 3 7 3
45 25 0 
176 3 7 3
45 6 0 
177 3 7 3
45 5 0 
178 3 7 3
45 4 0 
179 3 7 3
45 24 0 
180 3 4 2
46 0 
181 3 7 3
46 26 0 
182 3 7 3
46 7 0 
183 3 7 3
46 27 0 
184 3 7 3
46 25 0 
185 3 7 3
46 45 0 
186 3 7 3
46 6 0 
187 3 7 3
46 5 0 
188 3 4 2
47 0 
189 3 7 3
47 28 0 
190 3 7 3
47 8 0 
191 3 7 3
47 26 0 
192 3 7 3
47 7 0 
193 3 7 3
47 27 0 
194 3 7 3
47 46 0 
195 3 7 3
47 6 0 
196 3 4 2
48 0 
197 3 7 3
48 28 0 
198 3 7 3
48 9 0 
199 3 7 3
48 29 0 
200 3 7 3
48 8 0 
201 3 7 3
48 7 0 
202 3 7 3
48 27 0 
203 3 7 3
48 47 0 
204 3 4 2
49 0 
205 3 7 3
49 30 0 
206 3 7 3
49 10 0 
207 3 7 3
49 28 0 
208 3 7 3
49 9 0 
209 3 7 3
49 29 0 
210 3 7 3
49 48 0 
211 3 7 3
49 8 0 
212 3 4 2
50 0 
213 3 7 3
50 11 0 
214 3 7 3
50 31 0 
215 3 7 3
50 30 0 
216 3 7 3
50 10 0 
217 3 7 3
50 9 0 
218 3 7 3
50 29 0 
219 3 7 3
50 49 0 
220 3 4 2
51 0 
221 3 7 3
51 32 0 
222 3 7 3
51 11 0 
223 3 7 3
51 31 0 
224 3 7 3
51 12 0 
225 3 7 3
51 30 0 
226 3 7 3
51 50 0 
227 3 7 3
51 10 0 
228 3 4 2
52 0 
229 3 7 3
52 32 0 
230 3 7 3
52 11 0 
231 3 7 3
52 31 0 
232 3 7 3
52 51 0 
233 3 7 3
52 33 0 
234 3 7 3
52 12 0 
235 3 7 3
52 13 0 
236 3 4 2
53 0 
237 3 7 3
53 32 0 
238 3 7 3
53 52 0 
239 3 7 3
53 33 0 
240 3 7 3
53 12 0 
241 3 7 3
53 13 0 
242 3 7 3
53 34 0 
243 3 7 3
53 14 0 
244 3 4 2
54 0 
245 3 7 3
54 33 0 
246 3 7 3
54 53 0 
247 3 7 3
54 13 0 
248 3 7 3
54 34 0 
249 3 7 3
54 14 0 
250 3 7 3
54 15 0 
251 3 7 3
54 35 0 
252 3 4 2
55 0 
253 3 7 3
55 36 0 
254 3 7 3
55 54 0 
255 3 7 3
55 34 0 
256 3 7 3
55 14 0 
257 3 7 3
55 15 0 
258 3 7 3
55 35 0 
259 3 7 3
55 16 0 
260 3 4 2
56 0 
261 3 7 3
56 36 0 
262 3 7 3
56 55 0 
263 3 7 3
56 15 0 
264 3 7 3
56 35 0 
265 3 7 3
56 16 0 
266 3 7 3
56 37 0 
267 3 7 3
56 17 0 
268 3 4 2
57 0 
269 3 7 3
57 36 0 
270 3 7 3
57 56 0 
271 3 7 3
57 16 0 
272 3 7 3
57 37 0 
273 3 7 3
57 17 0 
274 3 7 3
57 38 0 
275 3 7 3
57 18 0 
276 3 4 2
58 0 
277 3 7 3
58 37 0 
278 3 7 3
58 57 0 
279 3 7 3
58 17 0 
280 3 7 3
58 39 0 
281 3 7 3
58 19 0 
282 3 7 3
58 38 0 
283 3 7 3
58 18 0 
284 3 4 2
59 0 
285 3 7 3
59 58 0 
286 3 7 3
59 39 0 
287 3 7 3
59 19 0 
288 3 7 3
59 38 0 
289 3 7 3
59 18 0 
290 3 7 3
59 40 0 
291 3 7 3
59 20 0 
292 3 4 2
60 0 
293 3 7 3
60 39 0 
294 3 7 3
60 59 0 
295 3 7 3
60 19 0 
296 3 7 3
60 40 0 
297 3 7 3
60 20 0 
298 3 7 3
60 41 0 
299 3 7 3
60 1 0 
300 3 7 3
60 21 0 
301 3 4 2
61 0 
302 3 7 3
61 60 0 
303 3 7 3
61 40 0 
304 3 7 3
61 20 0 
305 3 7 3
61 41 0 
306 3 7 3
61 2 0 
307 3 7 3
61 22 0 
308 3 7 3
61 42 0 
309 3 7 3
61 1 0 
310 3 7 3
61 21 0 
311 3 4 2
62 0 
312 3 7 3
62 41 0 
313 3 7 3
62 61 0 
314 3 7 3
62 1 0 
315 3 7 3
62 21 0 
316 3 4 2
63 0 
317 3 7 3
63 62 0 
318 3 4 2
64 0 
319 3 7 3
64 63 0 
320 3 4 2
65 0 
321 3 7 3
65 64 0 
322 3 4 2
66 0 
323 3 7 3
66 65 0 
324 3 4 2
67 0 
325 3 7 3
67 66 0 
326 3 4 2
68 0 
327 3 7 3
68 67 0 
328 3 4 2
69 0 
329 3 7 3
69 68 0 
330 3 4 2
70 0 
331 3 7 3
70 69 0 
332 3 4 2
71 0 
333 3 7 3
71 70 0 
334 3 4 2
72 0 
335 3 7 3
72 71 0 
336 3 4 2
73 0 
337 3 7 3
73 72 0 
338 3 4 2
74 0 
339 3 7 3
74 73 0 
340 3 4 2
75 0 
341 3 7 3
75 74 0 
342 3 4 2
76 0 
343 3 7 3
76 75 0 
344 3 4 2
77 0 
345 3 7 3
77 76 0 
346 3 4 2
78 0 
347 3 7 3
78 77 0 
348 3 4 2
79 0 
349 3 7 3
79 78 0 
350 3 4 2
80 0 
351 3 7 3
80 79 0 
352 3 4 2
81 0 
353 3 7 3
81 80 0 
354 3 4 2
82 0 
355 3 7 3
82 81 0 
356 3 4 2
83 0 
357 3 7 3
83 82 0 
358 3 4 2
84 0 
359 3 7 3
84 83 0 
360 3 4 2
85 0 
361 3 7 3
85 66 0 
362 3 7 3
85 84 0 
363 3 4 2
86 0 
364 3 7 3
86 66 0 
365 3 7 3
86 67 0 
366 3 7 3
86 65 0 
367 3 7 3
86 85 0 
368 3 4 2
87 0 
369 3 7 3
87 66 0 
370 3 7 3
87 86 0 
371 3 4 2
88 0 
372 3 7 3
88 87 0 
373 3 4 2
89 0 
374 3 7 3
89 88 0 
375 3 4 2
90 0 
376 3 7 3
90 89 0 
377 3 4 2
91 0 
378 3 7 3
91 90 0 
379 3 4 2
92 0 
380 3 7 3
92 91 0 
381 3 4 2
93 0 
382 3 7 3
93 92 0 
383 3 4 2
94 0 
384 3 7 3
94 93 0 
385 3 4 2
95 0 
386 3 7 3
95 94 0 
387 3 4 2
96 0 
388 3 7 3
96 95 0 
389 3 4 2
97 0 
390 3 7 3
97 96 0 
391 3 4 2
98 0 
392 3 7 3
98 97 0 
393 3 4 2
99 0 
394 3 7 3
99 98 0 
395 3 4 2
100 0 
396 3 7 3
100 41 0 
397 3 7 3
100 61 0 
398 3 7 3
100 1 0 
399 3 7 3
100 21 0 
400 3 7 3
100 99 0 
401 3 4 2
101 0 
402 3 7 3
101 60 0 
403 3 7 3
101 40 0 
404 3 7 3
101 20 0 
405 3 7 3
101 41 0 
406 3 7 3
101 2 0 
407 3 7 3
101 22 0 
408 3 7 3
101 42 0 
409 3 7 3
101 61 0 
410 3 7 3
101 1 0 
411 3 7 3
101 21 0 
412 3 7 3
101 62 0 
413 3 7 3
101 100 0 
414 3 4 2
102 0 
415 3 7 3
102 41 0 
416 3 7 3
102 61 0 
417 3 7 3
102 1 0 
418 3 7 3
102 21 0 
419 3 7 3
102 63 0 
420 3 7 3
102 62 0 
421 3 7 3
102 101 0 
422 3 4 2
103 0 
423 3 7 3
103 64 0 
424 3 7 3
103 63 0 
425 3 7 3
103 62 0 
426 3 7 3
103 102 0 
427 3 4 2
104 0 
428 3 7 3
104 64 0 
429 3 7 3
104 63 0 
430 3 7 3
104 65 0 
431 3 7 3
104 103 0 
432 3 4 2
105 0 
433 3 7 3
105 66 0 
434 3 7 3
105 64 0 
435 3 7 3
105 65 0 
436 3 7 3
105 104 0 
437 3 7 3
105 86 0 
438 3 4 2
106 0 
439 3 7 3
106 66 0 
440 3 7 3
106 67 0 
441 3 7 3
106 65 0 
442 3 7 3
106 87 0 
443 3 7 3
106 86 0 
444 3 7 3
106 105 0 
445 3 7 3
106 85 0 
446 3 4 2
107 0 
447 3 7 3
107 68 0 
448 3 7 3
107 66 0 
449 3 7 3
107 67 0 
450 3 7 3
107 86 0 
451 3 7 3
107 106 0 
452 3 4 2
108 0 
453 3 7 3
108 69 0 
454 3 7 3
108 68 0 
455 3 7 3
108 67 0 
456 3 7 3
108 107 0 
457 3 4 2
109 0 
458 3 7 3
109 70 0 
459 3 7 3
109 69 0 
460 3 7 3
109 68 0 
461 3 7 3
109 108 0 
462 3 4 2
110 0 
463 3 7 3
110 70 0 
464 3 7 3
110 71 0 
465 3 7 3
110 69 0 
466 3 7 3
110 109 0 
467 3 4 2
111 0 
468 3 7 3
111 70 0 
469 3 7 3
111 72 0 
470 3 7 3
111 71 0 
471 3 7 3
111 110 0 
472 3 4 2
112 0 
473 3 7 3
112 72 0 
474 3 7 3
112 111 0 
475 3 7 3
112 71 0 
476 3 7 3
112 73 0 
477 3 4 2
113 0 
478 3 7 3
113 72 0 
479 3 7 3
113 112 0 
480 3 7 3
113 74 0 
481 3 7 3
113 73 0 
482 3 4 2
114 0 
483 3 7 3
114 75 0 
484 3 7 3
114 74 0 
485 3 7 3
114 73 0 
486 3 7 3
114 113 0 
487 3 4 2
115 0 
488 3 7 3
115 75 0 
489 3 7 3
115 74 0 
490 3 7 3
115 76 0 
491 3 7 3
115 114 0 
492 3 4 2
116 0 
493 3 7 3
116 75 0 
494 3 7 3
116 76 0 
495 3 7 3
116 115 0 
496 3 7 3
116 77 0 
497 3 4 2
117 0 
498 3 7 3
117 76 0 
499 3 7 3
117 116 0 
500 3 4 2
118 0 
501 3 7 3
118 117 0 
502 3 4 2
119 0 
503 3 7 3
119 118 0 
504 3 4 2
120 0 
505 3 7 3
120 119 0 
506 3 4 2
121 0 
507 3 7 3
121 120 0 
508 3 4 2
122 0 
509 3 7 3
122 121 0 
510 3 4 2
123 0 
511 3 7 3
123 122 0 
512 3 4 2
124 0 
513 3 7 3
124 123 0 
514 3 4 2
125 0 
515 3 7 3
125 124 0 
516 3 4 2
126 0 
517 3 7 3
126 125 0 
518 3 4 2
127 0 
519 3 7 3
127 126 0 
520 3 4 2
128 0 
521 3 7 3
128 127 0 
522 3 4 2
129 0 
523 3 7 3
129 128 0 
524 3 4 2
130 0 
525 3 7 3
130 129 0 
526 3 4 2
131 0 
527 3 7 3
131 130 0 
528 3 4 2
132 0 
529 3 7 3
132 131 0 
530 3 4 2
133 0 
531 3 7 3
133 132 0 
532 3 4 2
134 0 
533 3 7 3
134 133 0 
534 3 4 2
135 0 
535 3 7 3
135 134 0 
536 3 4 2
136 0 
537 3 7 3
136 135 0 
538 3 4 2
137 0 
539 3 7 3
137 136 0 
540 3 4 2
138 0 
541 3 7 3
138 137 0 
542 3 4 2
139 0 
543 3 7 3
139 138 0 
544 3 4 2
140 0 
545 3 7 3
140 139 0 
546 3 4 2
141 0 
547 3 7 3
141 140 0 
548 3 4 2
142 0 
549 3 7 3
142 141 0 
550 3 4 2
143 0 
551 3 7 3
143 142 0 
552 3 4 2
144 0 
553 3 7 3
144 143 0 
554 3 4 2
145 0 
555 3 7 3
145 144 0 
556 3 4 2
146 0 
557 3 7 3
146 145 0 
558 3 4 2
147 0 
559 3 7 3
147 146 0 
560 3 4 2
148 0 
561 3 7 3
148 147 0 
562 3 4 2
149 0 
563 3 7 3
149 148 0 
564 3 4 2
150 0 
565 3 7 3
150 149 0 
566 3 4 2
151 0 
567 3 7 3
151 150 0 
568 3 4 2
152 0 
569 3 7 3
152 151 0 
570 3 4 2
153 0 
571 3 7 3
153 152 0 
572 3 4 2
154 0 
573 3 7 3
154 153 0 
574 3 4 2
155 0 
575 3 7 3
155 154 0 
576 3 4 2
156 0 
577 3 7 3
156 155 0 
578 3 4 2
157 0 
579 3 7 3
157 156 0 
580 3 4 2
158 0 
581 3 7 3
158 157 0 
582 3 4 2
159 0 
583 3 7 3
159 158 0 
584 3 4 2
160 0 
585 3 7 3
160 159 0 
586 3 4 2
161 0 
587 3 7 3
161 160 0 
588 3 4 2
162 0 
589 3 7 3
162 161 0 
590 3 4 2
163 0 
591 3 7 3
163 162 0 
592 3 4 2
164 0 
593 3 7 3
164 163 0 
594 3 4 2
165 0 
595 3 7 3
165 164 0 
596 3 4 2
166 0 
597 3 7 3
166 165 0 
598 3 4 2
167 0 
599 3 7 3
167 166 0 
600 3 4 2
168 0 
601 3 7 3
168 167 0 
602 3 4 2
169 0 
603 3 7 3
169 168 0 
604 3 4 2
170 0 
605 3 7 3
170 169 0 
606 3 4 2
171 0 
607 3 7 3
171 170 0 
608 3 4 2
172 0 
609 3 7 3
172 171 0 
610 3 4 2
173 0 
611 3 7 3
173 172 0 
612 3 4 2
174 0 
613 3 7 3
174 173 0 
614 3 4 2
175 0 
615 3 7 3
175 174 0 
616 3 4 2
176 0 
617 3 7 3
176 175 0 
618 3 4 2
177 0 
619 3 7 3
177 176 0 
620 3 4 2
178 0 
621 3 7 3
178 177 0 
622 3 4 2
179 0 
623 3 7 3
179 178 0 
624 3 4 2
180 0 
625 3 7 3
180 179 0 
626 3 4 2
181 0 
627 3 7 3
181 180 0 
628 3 4 2
182 0 
629 3 7 3
182 181 0 
630 3 4 2
183 0 
631 3 7 3
183 182 0 
632 3 4 2
184 0 
633 3 7 3
184 183 0 
634 3 4 2
185 0 
635 3 7 3
185 184 0 
636 3 4 2
186 0 
637 3 7 3
186 185 0 
638 3 4 2
187 0 
639 3 7 3
187 186 0 
640 3 4 2
188 0 
641 3 7 3
188 187 0 
642 3 4 2
189 0 
643 3 7 3
189 188 0 
644 3 4 2
190 0 
645 3 7 3
190 189 0 
646 3 7 3
190 171 0 
647 3 4 2
191 0 
648 3 7 3
191 172 0 
649 3 7 3
191 190 0 
650 3 7 3
191 171 0 
651 3 7 3
191 170 0 
652 3 4 2
192 0 
653 3 7 3
192 172 0 
654 3 7 3
192 173 0 
655 3 7 3
192 171 0 
656 3 7 3
192 191 0 
657 3 4 2
193 0 
658 3 7 3
193 172 0 
659 3 7 3
193 174 0 
660 3 7 3
193 173 0 
661 3 7 3
193 192 0 
662 3 4 2
194 0 
663 3 7 3
194 174 0 
664 3 7 3
194 175 0 
665 3 7 3
194 173 0 
666 3 7 3
194 193 0 
667 3 4 2
195 0 
668 3 7 3
195 176 0 
669 3 7 3
195 174 0 
670 3 7 3
195 175 0 
671 3 7 3
195 194 0 
672 3 4 2
196 0 
673 3 7 3
196 177 0 
674 3 7 3
196 176 0 
675 3 7 3
196 175 0 
676 3 7 3
196 195 0 
677 3 4 2
197 0 
678 3 7 3
197 178 0 
679 3 7 3
197 177 0 
680 3 7 3
197 176 0 
681 3 7 3
197 196 0 
682 3 4 2
198 0 
683 3 7 3
198 178 0 
684 3 7 3
198 179 0 
685 3 7 3
198 197 0 
686 3 7 3
198 177 0 
687 3 4 2
199 0 
688 3 7 3
199 180 0 
689 3 7 3
199 178 0 
690 3 7 3
199 179 0 
691 3 7 3
199 198 0 
692 3 4 2
200 0 
693 3 7 3
200 199 0 
694 3 7 3
200 181 0 
695 3 7 3
200 180 0 
696 3 7 3
200 179 0 
697 3 4 2
201 0 
698 3 7 3
201 182 0 
699 3 7 3
201 181 0 
700 3 7 3
201 200 0 
701 3 7 3
201 180 0 
702 3 4 2
202 0 
703 3 7 3
202 182 0 
704 3 7 3
202 181 0 
705 3 7 3
202 201 0 
706 3 7 3
202 183 0 
707 3 4 2
203 0 
708 3 7 3
203 182 0 
709 3 7 3
203 202 0 
710 3 7 3
203 183 0 
711 3 7 3
203 184 0 
712 3 4 2
204 0 
713 3 7 3
204 203 0 
714 3 7 3
204 183 0 
715 3 7 3
204 185 0 
716 3 7 3
204 184 0 
717 3 4 2
205 0 
718 3 7 3
205 185 0 
719 3 7 3
205 184 0 
720 3 7 3
205 204 0 
721 3 7 3
205 186 0 
722 3 4 2
206 0 
723 3 7 3
206 185 0 
724 3 7 3
206 205 0 
725 3 7 3
206 186 0 
726 3 7 3
206 187 0 
727 3 4 2
207 0 
728 3 7 3
207 206 0 
729 3 7 3
207 186 0 
730 3 4 2
208 0 
731 3 7 3
208 207 0 
732 3 4 2
209 0 
733 3 7 3
209 208 0 
734 3 4 2
210 0 
735 3 7 3
210 209 0 
736 3 4 2
211 0 
737 3 7 3
211 210 0 
738 3 4 2
212 0 
739 3 7 3
212 211 0 
740 3 4 2
213 0 
741 3 7 3
213 212 0 
742 3 4 2
214 0 
743 3 7 3
214 213 0 
744 3 4 2
215 0 
745 3 7 3
215 214 0 
746 3 4 2
216 0 
747 3 7 3
216 215 0 
748 3 4 2
217 0 
749 3 7 3
217 216 0 
750 3 4 2
218 0 
751 3 7 3
218 217 0 
752 3 4 2
219 0 
753 3 7 3
219 218 0 
754 3 4 2
220 0 
755 3 7 3
220 219 0 
756 3 4 2
221 0 
757 3 7 3
221 220 0 
758 3 4 2
222 0 
759 3 7 3
222 221 0 
760 3 4 2
223 0 
761 3 7 3
223 222 0 
762 3 4 2
224 0 
763 3 7 3
224 223 0 
764 3 4 2
225 0 
765 3 7 3
225 206 0 
766 3 7 3
225 224 0 
767 3 7 3
225 186 0 
768 3 4 2
226 0 
769 3 7 3
226 207 0 
770 3 7 3
226 206 0 
771 3 7 3
226 185 0 
772 3 7 3
226 205 0 
773 3 7 3
226 225 0 
774 3 7 3
226 186 0 
775 3 7 3
226 187 0 
776 3 4 2
227 0 
777 3 7 3
227 207 0 
778 3 7 3
227 208 0 
779 3 7 3
227 206 0 
780 3 7 3
227 226 0 
781 3 7 3
227 186 0 
782 3 4 2
228 0 
783 3 7 3
228 209 0 
784 3 7 3
228 207 0 
785 3 7 3
228 208 0 
786 3 7 3
228 227 0 
787 3 4 2
229 0 
788 3 7 3
229 210 0 
789 3 7 3
229 209 0 
790 3 7 3
229 208 0 
791 3 7 3
229 228 0 
792 3 4 2
230 0 
793 3 7 3
230 229 0 
794 3 7 3
230 211 0 
795 3 7 3
230 210 0 
796 3 7 3
230 209 0 
797 3 4 2
231 0 
798 3 7 3
231 211 0 
799 3 7 3
231 210 0 
800 3 7 3
231 230 0 
801 3 7 3
231 212 0 
802 3 4 2
232 0 
803 3 7 3
232 211 0 
804 3 7 3
232 231 0 
805 3 4 2
233 0 
806 3 7 3
233 232 0 
807 3 4 2
234 0 
808 3 7 3
234 233 0 
809 3 4 2
235 0 
810 3 7 3
235 234 0 
811 3 4 2
236 0 
812 3 7 3
236 235 0 
813 3 4 2
237 0 
814 3 7 3
237 236 0 
815 3 4 2
238 0 
816 3 7 3
238 237 0 
817 3 4 2
239 0 
818 3 7 3
239 238 0 
819 3 4 2
240 0 
820 3 7 3
240 239 0 
821 3 4 2
241 0 
822 3 7 3
241 240 0 
823 3 4 2
242 0 
824 3 7 3
242 241 0 
825 3 4 2
243 0 
826 3 7 3
243 242 0 
827 3 4 2
244 0 
828 3 7 3
244 243 0 
829 3 4 2
245 0 
830 3 7 3
245 244 0 
831 3 4 2
246 0 
832 3 7 3
246 245 0 
833 3 4 2
247 0 
834 3 7 3
247 246 0 
835 3 4 2
248 0 
836 3 7 3
248 247 0 
837 3 4 2
249 0 
838 3 7 3
249 248 0 
839 3 4 2
250 0 
840 3 7 3
250 249 0 
841 3 7 3
250 211 0 
842 3 7 3
250 231 0 
843 3 4 2
251 0 
844 3 7 3
251 232 0 
845 3 7 3
251 250 0 
846 3 7 3
251 211 0 
847 3 7 3
251 231 0 
848 3 7 3
251 210 0 
849 3 7 3
251 230 0 
850 3 7 3
251 212 0 
851 3 4 2
252 0 
852 3 7 3
252 232 0 
853 3 7 3
252 233 0 
854 3 7 3
252 211 0 
855 3 7 3
252 231 0 
856 3 7 3
252 251 0 
857 3 4 2
253 0 
858 3 7 3
253 232 0 
859 3 7 3
253 234 0 
860 3 7 3
253 233 0 
861 3 7 3
253 252 0 
862 3 4 2
254 0 
863 3 7 3
254 235 0 
864 3 7 3
254 234 0 
865 3 7 3
254 233 0 
866 3 7 3
254 253 0 
867 3 4 2
255 0 
868 3 7 3
255 236 0 
869 3 7 3
255 254 0 
870 3 7 3
255 235 0 
871 3 7 3
255 234 0 
872 3 4 2
256 0 
873 3 7 3
256 237 0 
874 3 7 3
256 236 0 
875 3 7 3
256 235 0 
876 3 7 3
256 255 0 
877 3 4 2
257 0 
878 3 7 3
257 236 0 
879 3 7 3
257 256 0 
880 3 4 2
258 0 
881 3 7 3
258 257 0 
882 3 4 2
259 0 
883 3 7 3
259 258 0 
884 3 4 2
260 0 
885 3 7 3
260 259 0 
886 3 7 3
260 181 0 
887 3 7 3
260 201 0 
888 3 4 2
261 0 
889 3 7 3
261 182 0 
890 3 7 3
261 260 0 
891 3 7 3
261 181 0 
892 3 7 3
261 201 0 
893 3 7 3
261 202 0 
894 3 7 3
261 200 0 
895 3 7 3
261 180 0 
896 3 4 2
262 0 
897 3 7 3
262 261 0 
898 3 7 3
262 181 0 
899 3 7 3
262 201 0 
900 3 4 2
263 0 
901 3 7 3
263 262 0 
902 3 4 2
264 0 
903 3 7 3
264 263 0 
904 3 4 2
265 0 
905 3 7 3
265 264 0 
906 3 4 2
266 0 
907 3 7 3
266 265 0 
908 3 4 2
267 0 
909 3 7 3
267 266 0 
910 3 4 2
268 0 
911 3 7 3
268 267 0 
912 3 4 2
269 0 
913 3 7 3
269 268 0 
914 3 4 2
270 0 
915 3 7 3
270 269 0 
916 3 4 2
271 0 
917 3 7 3
271 270 0 
918 3 4 2
272 0 
919 3 7 3
272 271 0 
920 3 4 2
273 0 
921 3 7 3
273 272 0 
922 3 4 2
274 0 
923 3 7 3
274 273 0 
924 3 4 2
275 0 
925 3 7 3
275 274 0 
926 3 4 2
276 0 
927 3 7 3
276 275 0 
928 3 4 2
277 0 
929 3 7 3
277 276 0 
930 3 4 2
278 0 
931 3 7 3
278 277 0 
932 3 4 2
279 0 
933 3 7 3
279 278 0 
934 3 4 2
280 0 
935 3 7 3
280 279 0 
936 3 4 2
281 0 
937 3 7 3
281 280 0 
938 3 4 2
282 0 
939 3 7 3
282 281 0 
940 3 4 2
283 0 
941 3 7 3
283 282 0 
942 3 4 2
284 0 
943 3 7 3
284 283 0 
944 3 4 2
285 0 
945 3 7 3
285 284 0 
946 3 7 3
285 266 0 
947 3 4 2
286 0 
948 3 7 3
286 285 0 
949 3 7 3
286 266 0 
950 3 7 3
286 265 0 
951 3 7 3
286 267 0 
952 3 4 2
287 0 
953 3 7 3
287 266 0 
954 3 7 3
287 286 0 
955 3 7 3
287 267 0 
956 3 7 3
287 268 0 
957 3 4 2
288 0 
958 3 7 3
288 267 0 
959 3 7 3
288 287 0 
960 3 7 3
288 268 0 
961 3 7 3
288 269 0 
962 3 4 2
289 0 
963 3 7 3
289 288 0 
964 3 7 3
289 268 0 
965 3 7 3
289 270 0 
966 3 7 3
289 269 0 
967 3 4 2
290 0 
968 3 7 3
290 270 0 
969 3 7 3
290 269 0 
970 3 7 3
290 289 0 
971 3 7 3
290 271 0 
972 3 4 2
291 0 
973 3 7 3
291 270 0 
974 3 7 3
291 290 0 
975 3 7 3
291 272 0 
976 3 7 3
291 271 0 
977 3 4 2
292 0 
978 3 7 3
292 273 0 
979 3 7 3
292 272 0 
980 3 7 3
292 271 0 
981 3 7 3
292 291 0 
982 3 4 2
293 0 
983 3 7 3
293 292 0 
984 3 7 3
293 274 0 
985 3 7 3
293 273 0 
986 3 7 3
293 272 0 
987 3 4 2
294 0 
988 3 7 3
294 275 0 
989 3 7 3
294 274 0 
990 3 7 3
294 293 0 
991 3 7 3
294 273 0 
992 3 4 2
295 0 
993 3 7 3
295 276 0 
994 3 7 3
295 275 0 
995 3 7 3
295 274 0 
996 3 7 3
295 294 0 
997 3 4 2
296 0 
998 3 7 3
296 277 0 
999 3 7 3
296 276 0 
1000 3 7 3
296 295 0 
1001 3 7 3
296 275 0 
1002 3 4 2
297 0 
1003 3 7 3
297 278 0 
1004 3 7 3
297 277 0 
1005 3 7 3
297 276 0 
1006 3 7 3
297 296 0 
1007 3 4 2
298 0 
1008 3 7 3
298 279 0 
1009 3 7 3
298 278 0 
1010 3 7 3
298 297 0 
1011 3 7 3
298 277 0 
1012 3 4 2
299 0 
1013 3 7 3
299 280 0 
1014 3 7 3
299 279 0 
1015 3 7 3
299 278 0 
1016 3 7 3
299 298 0 
1017 3 4 2
300 0 
1018 3 7 3
300 281 0 
1019 3 7 3
300 280 0 
1020 3 7 3
300 299 0 
1021 3 7 3
300 279 0 
1022 3 4 2
301 0 
1023 3 7 3
301 281 0 
1024 3 7 3
301 282 0 
1025 3 7 3
301 300 0 
1026 3 7 3
301 280 0 
1027 3 4 2
302 0 
1028 3 7 3
302 301 0 
1029 3 7 3
302 281 0 
1030 3 4 2
303 0 
1031 3 7 3
303 302 0 
1032 3 4 2
304 0 
1033 3 7 3
304 303 0 
1034 3 4 2
305 0 
1035 3 7 3
305 304 0 
1036 3 4 2
306 0 
1037 3 7 3
306 305 0 
1038 3 4 2
307 0 
1039 3 7 3
307 306 0 
1040 3 4 2
308 0 
1041 3 7 3
308 307 0 
1042 3 4 2
309 0 
1043 3 7 3
309 308 0 
1044 3 4 2
310 0 
1045 3 7 3
310 309 0 
1046 3 4 2
311 0 
1047 3 7 3
311 310 0 
1048 3 4 2
312 0 
1049 3 7 3
312 311 0 
1050 3 4 2
313 0 
1051 3 7 3
313 312 0 
1052 3 4 2
314 0 
1053 3 7 3
314 313 0 
1054 3 4 2
315 0 
1055 3 7 3
315 314 0 
1056 3 7 3
315 276 0 
1057 3 7 3
315 296 0 
1058 3 4 2
316 0 
1059 3 7 3
316 315 0 
1060 3 7 3
316 297 0 
1061 3 7 3
316 277 0 
1062 3 7 3
316 276 0 
1063 3 7 3
316 296 0 
1064 3 7 3
316 295 0 
1065 3 7 3
316 275 0 
1066 3 4 2
317 0 
1067 3 7 3
317 316 0 
1068 3 7 3
317 276 0 
1069 3 7 3
317 296 0 
1070 3 4 2
318 0 
1071 3 7 3
318 317 0 
1072 3 4 2
319 0 
1073 3 7 3
319 318 0 
1074 3 4 2
320 0 
1075 3 7 3
320 319 0 
1076 3 7 3
320 141 0 
1077 3 4 2
321 0 
1078 3 7 3
321 142 0 
1079 3 7 3
321 320 0 
1080 3 7 3
321 141 0 
1081 3 7 3
321 140 0 
1082 3 4 2
322 0 
1083 3 7 3
322 142 0 
1084 3 7 3
322 321 0 
1085 3 7 3
322 141 0 
1086 3 7 3
322 143 0 
1087 3 4 2
323 0 
1088 3 7 3
323 142 0 
1089 3 7 3
323 322 0 
1090 3 7 3
323 143 0 
1091 3 7 3
323 144 0 
1092 3 4 2
324 0 
1093 3 7 3
324 323 0 
1094 3 7 3
324 143 0 
1095 3 7 3
324 144 0 
1096 3 7 3
324 145 0 
1097 3 4 2
325 0 
1098 3 7 3
325 324 0 
1099 3 7 3
325 144 0 
1100 3 7 3
325 146 0 
1101 3 7 3
325 145 0 
1102 3 4 2
326 0 
1103 3 7 3
326 147 0 
1104 3 7 3
326 146 0 
1105 3 7 3
326 145 0 
1106 3 7 3
326 325 0 
1107 3 4 2
327 0 
1108 3 7 3
327 147 0 
1109 3 7 3
327 146 0 
1110 3 7 3
327 326 0 
1111 3 7 3
327 148 0 
1112 3 4 2
328 0 
1113 3 7 3
328 147 0 
1114 3 7 3
328 327 0 
1115 3 7 3
328 148 0 
1116 3 7 3
328 149 0 
1117 3 4 2
329 0 
1118 3 7 3
329 150 0 
1119 3 7 3
329 148 0 
1120 3 7 3
329 328 0 
1121 3 7 3
329 149 0 
1122 3 4 2
330 0 
1123 3 7 3
330 150 0 
1124 3 7 3
330 329 0 
1125 3 7 3
330 149 0 
1126 3 7 3
330 151 0 
1127 3 4 2
331 0 
1128 3 7 3
331 150 0 
1129 3 7 3
331 330 0 
1130 3 7 3
331 151 0 
1131 3 7 3
331 152 0 
1132 3 4 2
332 0 
1133 3 7 3
332 151 0 
1134 3 7 3
332 331 0 
1135 3 4 2
333 0 
1136 3 7 3
333 332 0 
1137 3 4 2
334 0 
1138 3 7 3
334 333 0 
1139 3 4 2
335 0 
1140 3 7 3
335 334 0 
1141 3 7 3
335 136 0 
1142 3 4 2
336 0 
1143 3 7 3
336 335 0 
1144 3 7 3
336 137 0 
1145 3 7 3
336 135 0 
1146 3 7 3
336 136 0 
1147 3 4 2
337 0 
1148 3 7 3
337 138 0 
1149 3 7 3
337 336 0 
1150 3 7 3
337 137 0 
1151 3 7 3
337 136 0 
1152 3 4 2
338 0 
1153 3 7 3
338 139 0 
1154 3 7 3
338 138 0 
1155 3 7 3
338 337 0 
1156 3 7 3
338 137 0 
1157 3 4 2
339 0 
1158 3 7 3
339 140 0 
1159 3 7 3
339 139 0 
1160 3 7 3
339 138 0 
1161 3 7 3
339 338 0 
1162 3 4 2
340 0 
1163 3 7 3
340 321 0 
1164 3 7 3
340 141 0 
1165 3 7 3
340 140 0 
1166 3 7 3
340 139 0 
1167 3 7 3
340 339 0 
1168 3 4 2
341 0 
1169 3 7 3
341 142 0 
1170 3 7 3
341 321 0 
1171 3 7 3
341 320 0 
1172 3 7 3
341 141 0 
1173 3 7 3
341 322 0 
1174 3 7 3
341 340 0 
1175 3 7 3
341 140 0 
1176 3 4 2
342 0 
1177 3 7 3
342 142 0 
1178 3 7 3
342 321 0 
1179 3 7 3
342 341 0 
1180 3 7 3
342 141 0 
1181 3 7 3
342 322 0 
1182 3 7 3
342 323 0 
1183 3 7 3
342 143 0 
1184 3 4 2
343 0 
1185 3 7 3
343 142 0 
1186 3 7 3
343 342 0 
1187 3 7 3
343 322 0 
1188 3 7 3
343 323 0 
1189 3 7 3
343 143 0 
1190 3 7 3
343 324 0 
1191 3 7 3
343 144 0 
1192 3 4 2
344 0 
1193 3 7 3
344 323 0 
1194 3 7 3
344 343 0 
1195 3 7 3
344 143 0 
1196 3 7 3
344 324 0 
1197 3 7 3
344 144 0 
1198 3 7 3
344 145 0 
1199 3 7 3
344 325 0 
1200 3 4 2
345 0 
1201 3 7 3
345 324 0 
1202 3 7 3
345 344 0 
1203 3 7 3
345 144 0 
1204 3 7 3
345 146 0 
1205 3 7 3
345 145 0 
1206 3 7 3
345 325 0 
1207 3 7 3
345 326 0 
1208 3 4 2
346 0 
1209 3 7 3
346 147 0 
1210 3 7 3
346 146 0 
1211 3 7 3
346 145 0 
1212 3 7 3
346 325 0 
1213 3 7 3
346 345 0 
1214 3 7 3
346 326 0 
1215 3 7 3
346 327 0 
1216 3 4 2
347 0 
1217 3 7 3
347 147 0 
1218 3 7 3
347 146 0 
1219 3 7 3
347 326 0 
1220 3 7 3
347 346 0 
1221 3 7 3
347 327 0 
1222 3 7 3
347 148 0 
1223 3 7 3
347 328 0 
1224 3 4 2
348 0 
1225 3 7 3
348 147 0 
1226 3 7 3
348 347 0 
1227 3 7 3
348 327 0 
1228 3 7 3
348 329 0 
1229 3 7 3
348 148 0 
1230 3 7 3
348 328 0 
1231 3 7 3
348 149 0 
1232 3 4 2
349 0 
1233 3 7 3
349 150 0 
1234 3 7 3
349 329 0 
1235 3 7 3
349 148 0 
1236 3 7 3
349 348 0 
1237 3 7 3
349 328 0 
1238 3 7 3
349 149 0 
1239 3 7 3
349 330 0 
1240 3 4 2
350 0 
1241 3 7 3
350 150 0 
1242 3 7 3
350 329 0 
1243 3 7 3
350 349 0 
1244 3 7 3
350 149 0 
1245 3 7 3
350 330 0 
1246 3 7 3
350 151 0 
1247 3 7 3
350 331 0 
1248 3 4 2
351 0 
1249 3 7 3
351 150 0 
1250 3 7 3
351 350 0 
1251 3 7 3
351 330 0 
1252 3 7 3
351 151 0 
1253 3 7 3
351 332 0 
1254 3 7 3
351 331 0 
1255 3 7 3
351 152 0 
1256 3 4 2
352 0 
1257 3 7 3
352 151 0 
1258 3 7 3
352 351 0 
1259 3 7 3
352 331 0 
1260 3 7 3
352 152 0 
1261 3 7 3
352 153 0 
1262 3 4 2
353 0 
1263 3 7 3
353 152 0 
1264 3 7 3
353 352 0 
1265 3 7 3
353 153 0 
1266 3 7 3
353 154 0 
1267 3 4 2
354 0 
1268 3 7 3
354 153 0 
1269 3 7 3
354 353 0 
1270 3 7 3
354 154 0 
1271 3 7 3
354 155 0 
1272 3 4 2
355 0 
1273 3 7 3
355 354 0 
1274 3 7 3
355 154 0 
1275 3 7 3
355 155 0 
1276 3 7 3
355 156 0 
1277 3 4 2
356 0 
1278 3 7 3
356 157 0 
1279 3 7 3
356 155 0 
1280 3 7 3
356 355 0 
1281 3 7 3
356 156 0 
1282 3 4 2
357 0 
1283 3 7 3
357 356 0 
1284 3 7 3
357 156 0 
1285 3 4 2
358 0 
1286 3 7 3
358 357 0 
1287 3 4 2
359 0 
1288 3 7 3
359 358 0 
1289 3 4 2
360 0 
1290 3 7 3
360 359 0 
1291 3 4 2
361 0 
1292 3 7 3
361 360 0 
1293 3 4 2
362 0 
1294 3 7 3
362 361 0 
1295 3 4 2
363 0 
1296 3 7 3
363 362 0 
1297 3 4 2
364 0 
1298 3 7 3
364 363 0 
1299 3 4 2
365 0 
1300 3 7 3
365 364 0 
1301 3 4 2
366 0 
1302 3 7 3
366 365 0 
1303 3 4 2
367 0 
1304 3 7 3
367 366 0 
1305 3 4 2
368 0 
1306 3 7 3
368 367 0 
1307 3 4 2
369 0 
1308 3 7 3
369 368 0 
1309 3 4 2
370 0 
1310 3 7 3
370 151 0 
1311 3 7 3
370 351 0 
1312 3 7 3
370 331 0 
1313 3 7 3
370 369 0 
1314 3 4 2
371 0 
1315 3 7 3
371 150 0 
1316 3 7 3
371 350 0 
1317 3 7 3
371 330 0 
1318 3 7 3
371 151 0 
1319 3 7 3
371 351 0 
1320 3 7 3
371 332 0 
1321 3 7 3
371 331 0 
1322 3 7 3
371 152 0 
1323 3 7 3
371 352 0 
1324 3 7 3
371 370 0 
1325 3 4 2
372 0 
1326 3 7 3
372 151 0 
1327 3 7 3
372 351 0 
1328 3 7 3
372 371 0 
1329 3 7 3
372 331 0 
1330 3 7 3
372 152 0 
1331 3 7 3
372 352 0 
1332 3 7 3
372 153 0 
1333 3 7 3
372 353 0 
1334 3 4 2
373 0 
1335 3 7 3
373 354 0 
1336 3 7 3
373 152 0 
1337 3 7 3
373 372 0 
1338 3 7 3
373 352 0 
1339 3 7 3
373 153 0 
1340 3 7 3
373 353 0 
1341 3 7 3
373 154 0 
1342 3 4 2
374 0 
1343 3 7 3
374 354 0 
1344 3 7 3
374 153 0 
1345 3 7 3
374 353 0 
1346 3 7 3
374 373 0 
1347 3 7 3
374 154 0 
1348 3 7 3
374 155 0 
1349 3 7 3
374 355 0 
1350 3 4 2
375 0 
1351 3 7 3
375 354 0 
1352 3 7 3
375 374 0 
1353 3 7 3
375 154 0 
1354 3 7 3
375 356 0 
1355 3 7 3
375 155 0 
1356 3 7 3
375 355 0 
1357 3 7 3
375 156 0 
1358 3 4 2
376 0 
1359 3 7 3
376 157 0 
1360 3 7 3
376 356 0 
1361 3 7 3
376 155 0 
1362 3 7 3
376 355 0 
1363 3 7 3
376 375 0 
1364 3 7 3
376 357 0 
1365 3 7 3
376 156 0 
1366 3 4 2
377 0 
1367 3 7 3
377 158 0 
1368 3 7 3
377 157 0 
1369 3 7 3
377 356 0 
1370 3 7 3
377 376 0 
1371 3 7 3
377 156 0 
1372 3 4 2
378 0 
1373 3 7 3
378 159 0 
1374 3 7 3
378 158 0 
1375 3 7 3
378 157 0 
1376 3 7 3
378 377 0 
1377 3 4 2
379 0 
1378 3 7 3
379 160 0 
1379 3 7 3
379 159 0 
1380 3 7 3
379 158 0 
1381 3 7 3
379 378 0 
1382 3 4 2
380 0 
1383 3 7 3
380 161 0 
1384 3 7 3
380 379 0 
1385 3 7 3
380 160 0 
1386 3 7 3
380 159 0 
1387 3 4 2
381 0 
1388 3 7 3
381 162 0 
1389 3 7 3
381 161 0 
1390 3 7 3
381 160 0 
1391 3 7 3
381 380 0 
1392 3 4 2
382 0 
1393 3 7 3
382 381 0 
1394 3 7 3
382 161 0 
1395 3 4 2
383 0 
1396 3 7 3
383 382 0 
1397 3 4 2
384 0 
1398 3 7 3
384 383 0 
1399 3 4 2
385 0 
1400 3 7 3
385 146 0 
1401 3 7 3
385 326 0 
1402 3 7 3
385 346 0 
1403 3 7 3
385 384 0 
1404 3 4 2
386 0 
1405 3 7 3
386 147 0 
1406 3 7 3
386 146 0 
1407 3 7 3
386 145 0 
1408 3 7 3
386 325 0 
1409 3 7 3
386 345 0 
1410 3 7 3
386 326 0 
1411 3 7 3
386 346 0 
1412 3 7 3
386 385 0 
1413 3 7 3
386 347 0 
1414 3 7 3
386 327 0 
1415 3 4 2
387 0 
1416 3 7 3
387 146 0 
1417 3 7 3
387 386 0 
1418 3 7 3
387 326 0 
1419 3 7 3
387 346 0 
1420 3 4 2
388 0 
1421 3 7 3
388 387 0 
1422 3 4 2
389 0 
1423 3 7 3
389 388 0 
1424 3 4 2
390 0 
1425 3 7 3
390 271 0 
1426 3 7 3
390 291 0 
1427 3 7 3
390 389 0 
1428 3 4 2
391 0 
1429 3 7 3
391 292 0 
1430 3 7 3
391 270 0 
1431 3 7 3
391 290 0 
1432 3 7 3
391 272 0 
1433 3 7 3
391 271 0 
1434 3 7 3
391 291 0 
1435 3 7 3
391 390 0 
1436 3 4 2
392 0 
1437 3 7 3
392 292 0 
1438 3 7 3
392 293 0 
1439 3 7 3
392 273 0 
1440 3 7 3
392 272 0 
1441 3 7 3
392 271 0 
1442 3 7 3
392 291 0 
1443 3 7 3
392 391 0 
1444 3 4 2
393 0 
1445 3 7 3
393 292 0 
1446 3 7 3
393 274 0 
1447 3 7 3
393 294 0 
1448 3 7 3
393 293 0 
1449 3 7 3
393 273 0 
1450 3 7 3
393 392 0 
1451 3 7 3
393 272 0 
1452 3 4 2
394 0 
1453 3 7 3
394 295 0 
1454 3 7 3
394 275 0 
1455 3 7 3
394 274 0 
1456 3 7 3
394 294 0 
1457 3 7 3
394 293 0 
1458 3 7 3
394 393 0 
1459 3 7 3
394 273 0 
1460 3 4 2
395 0 
1461 3 7 3
395 394 0 
1462 3 7 3
395 316 0 
1463 3 7 3
395 276 0 
1464 3 7 3
395 296 0 
1465 3 7 3
395 295 0 
1466 3 7 3
395 275 0 
1467 3 7 3
395 274 0 
1468 3 7 3
395 294 0 
1469 3 4 2
396 0 
1470 3 7 3
396 315 0 
1471 3 7 3
396 297 0 
1472 3 7 3
396 277 0 
1473 3 7 3
396 316 0 
1474 3 7 3
396 276 0 
1475 3 7 3
396 296 0 
1476 3 7 3
396 295 0 
1477 3 7 3
396 395 0 
1478 3 7 3
396 275 0 
1479 3 7 3
396 317 0 
1480 3 4 2
397 0 
1481 3 7 3
397 278 0 
1482 3 7 3
397 298 0 
1483 3 7 3
397 297 0 
1484 3 7 3
397 277 0 
1485 3 7 3
397 316 0 
1486 3 7 3
397 396 0 
1487 3 7 3
397 276 0 
1488 3 7 3
397 296 0 
1489 3 4 2
398 0 
1490 3 7 3
398 299 0 
1491 3 7 3
398 279 0 
1492 3 7 3
398 278 0 
1493 3 7 3
398 298 0 
1494 3 7 3
398 297 0 
1495 3 7 3
398 397 0 
1496 3 7 3
398 277 0 
1497 3 4 2
399 0 
1498 3 7 3
399 300 0 
1499 3 7 3
399 280 0 
1500 3 7 3
399 299 0 
1501 3 7 3
399 279 0 
1502 3 7 3
399 278 0 
1503 3 7 3
399 298 0 
1504 3 7 3
399 398 0 
1505 3 4 2
400 0 
1506 3 7 3
400 301 0 
1507 3 7 3
400 281 0 
1508 3 7 3
400 300 0 
1509 3 7 3
400 280 0 
1510 3 7 3
400 299 0 
1511 3 7 3
400 399 0 
1512 3 7 3
400 279 0 
1513 3 4 2
401 0 
1514 3 7 3
401 302 0 
1515 3 7 3
401 301 0 
1516 3 7 3
401 281 0 
1517 3 7 3
401 282 0 
1518 3 7 3
401 300 0 
1519 3 7 3
401 400 0 
1520 3 7 3
401 280 0 
1521 3 4 2
402 0 
1522 3 7 3
402 301 0 
1523 3 7 3
402 401 0 
1524 3 7 3
402 281 0 
1525 3 7 3
402 282 0 
1526 3 7 3
402 283 0 
1527 3 4 2
403 0 
1528 3 7 3
403 402 0 
1529 3 7 3
403 282 0 
1530 3 7 3
403 283 0 
1531 3 7 3
403 284 0 
1532 3 4 2
404 0 
1533 3 7 3
404 403 0 
1534 3 7 3
404 283 0 
1535 3 7 3
404 284 0 
1536 3 7 3
404 285 0 
1537 3 4 2
405 0 
1538 3 7 3
405 404 0 
1539 3 7 3
405 284 0 
1540 3 7 3
405 285 0 
1541 3 7 3
405 266 0 
1542 3 7 3
405 286 0 
1543 3 4 2
406 0 
1544 3 7 3
406 405 0 
1545 3 7 3
406 285 0 
1546 3 7 3
406 266 0 
1547 3 7 3
406 286 0 
1548 3 7 3
406 265 0 
1549 3 7 3
406 267 0 
1550 3 7 3
406 287 0 
1551 3 4 2
407 0 
1552 3 7 3
407 266 0 
1553 3 7 3
407 406 0 
1554 3 7 3
407 286 0 
1555 3 7 3
407 267 0 
1556 3 7 3
407 287 0 
1557 3 7 3
407 288 0 
1558 3 7 3
407 268 0 
1559 3 4 2
408 0 
1560 3 7 3
408 267 0 
1561 3 7 3
408 287 0 
1562 3 7 3
408 407 0 
1563 3 7 3
408 288 0 
1564 3 7 3
408 268 0 
1565 3 7 3
408 269 0 
1566 3 7 3
408 289 0 
1567 3 4 2
409 0 
1568 3 7 3
409 288 0 
1569 3 7 3
409 408 0 
1570 3 7 3
409 268 0 
1571 3 7 3
409 270 0 
1572 3 7 3
409 269 0 
1573 3 7 3
409 289 0 
1574 3 7 3
409 290 0 
1575 3 4 2
410 0 
1576 3 7 3
410 270 0 
1577 3 7 3
410 269 0 
1578 3 7 3
410 409 0 
1579 3 7 3
410 289 0 
1580 3 7 3
410 290 0 
1581 3 7 3
410 271 0 
1582 3 7 3
410 291 0 
1583 3 7 3
410 391 0 
1584 3 4 2
411 0 
1585 3 7 3
411 292 0 
1586 3 7 3
411 392 0 
1587 3 7 3
411 270 0 
1588 3 7 3
411 410 0 
1589 3 7 3
411 290 0 
1590 3 7 3
411 272 0 
1591 3 7 3
411 271 0 
1592 3 7 3
411 291 0 
1593 3 7 3
411 391 0 
1594 3 7 3
411 390 0 
1595 3 4 2
412 0 
1596 3 7 3
412 292 0 
1597 3 7 3
412 293 0 
1598 3 7 3
412 393 0 
1599 3 7 3
412 273 0 
1600 3 7 3
412 392 0 
1601 3 7 3
412 411 0 
1602 3 7 3
412 272 0 
1603 3 7 3
412 271 0 
1604 3 7 3
412 291 0 
1605 3 7 3
412 391 0 
1606 3 4 2
413 0 
1607 3 7 3
413 292 0 
1608 3 7 3
413 394 0 
1609 3 7 3
413 274 0 
1610 3 7 3
413 294 0 
1611 3 7 3
413 293 0 
1612 3 7 3
413 393 0 
1613 3 7 3
413 273 0 
1614 3 7 3
413 412 0 
1615 3 7 3
413 392 0 
1616 3 7 3
413 272 0 
1617 3 4 2
414 0 
1618 3 7 3
414 394 0 
1619 3 7 3
414 295 0 
1620 3 7 3
414 395 0 
1621 3 7 3
414 275 0 
1622 3 7 3
414 274 0 
1623 3 7 3
414 294 0 
1624 3 7 3
414 293 0 
1625 3 7 3
414 393 0 
1626 3 7 3
414 413 0 
1627 3 7 3
414 273 0 
1628 3 4 2
415 0 
1629 3 7 3
415 394 0 
1630 3 7 3
415 316 0 
1631 3 7 3
415 396 0 
1632 3 7 3
415 276 0 
1633 3 7 3
415 296 0 
1634 3 7 3
415 295 0 
1635 3 7 3
415 395 0 
1636 3 7 3
415 275 0 
1637 3 7 3
415 414 0 
1638 3 7 3
415 274 0 
1639 3 7 3
415 294 0 
1640 3 4 2
416 0 
1641 3 7 3
416 315 0 
1642 3 7 3
416 297 0 
1643 3 7 3
416 397 0 
1644 3 7 3
416 277 0 
1645 3 7 3
416 316 0 
1646 3 7 3
416 396 0 
1647 3 7 3
416 276 0 
1648 3 7 3
416 296 0 
1649 3 7 3
416 295 0 
1650 3 7 3
416 395 0 
1651 3 7 3
416 415 0 
1652 3 7 3
416 275 0 
1653 3 7 3
416 317 0 
1654 3 4 2
417 0 
1655 3 7 3
417 316 0 
1656 3 7 3
417 416 0 
1657 3 7 3
417 396 0 
1658 3 7 3
417 276 0 
1659 3 7 3
417 296 0 
1660 3 7 3
417 318 0 
1661 3 7 3
417 317 0 
1662 3 4 2
418 0 
1663 3 7 3
418 319 0 
1664 3 7 3
418 417 0 
1665 3 7 3
418 318 0 
1666 3 7 3
418 317 0 
1667 3 4 2
419 0 
1668 3 7 3
419 319 0 
1669 3 7 3
419 318 0 
1670 3 7 3
419 418 0 
1671 3 7 3
419 320 0 
1672 3 4 2
420 0 
1673 3 7 3
420 319 0 
1674 3 7 3
420 419 0 
1675 3 7 3
420 321 0 
1676 3 7 3
420 320 0 
1677 3 7 3
420 341 0 
1678 3 7 3
420 141 0 
1679 3 4 2
421 0 
1680 3 7 3
421 142 0 
1681 3 7 3
421 321 0 
1682 3 7 3
421 320 0 
1683 3 7 3
421 420 0 
1684 3 7 3
421 341 0 
1685 3 7 3
421 342 0 
1686 3 7 3
421 141 0 
1687 3 7 3
421 322 0 
1688 3 7 3
421 340 0 
1689 3 7 3
421 140 0 
1690 3 4 2
422 0 
1691 3 7 3
422 142 0 
1692 3 7 3
422 321 0 
1693 3 7 3
422 421 0 
1694 3 7 3
422 341 0 
1695 3 7 3
422 342 0 
1696 3 7 3
422 141 0 
1697 3 7 3
422 322 0 
1698 3 7 3
422 323 0 
1699 3 7 3
422 343 0 
1700 3 7 3
422 143 0 
1701 3 4 2
423 0 
1702 3 7 3
423 142 0 
1703 3 7 3
423 342 0 
1704 3 7 3
423 422 0 
1705 3 7 3
423 322 0 
1706 3 7 3
423 323 0 
1707 3 7 3
423 343 0 
1708 3 7 3
423 143 0 
1709 3 7 3
423 324 0 
1710 3 7 3
423 344 0 
1711 3 7 3
423 144 0 
1712 3 4 2
424 0 
1713 3 7 3
424 323 0 
1714 3 7 3
424 343 0 
1715 3 7 3
424 423 0 
1716 3 7 3
424 143 0 
1717 3 7 3
424 324 0 
1718 3 7 3
424 344 0 
1719 3 7 3
424 144 0 
1720 3 7 3
424 145 0 
1721 3 7 3
424 325 0 
1722 3 7 3
424 345 0 
1723 3 4 2
425 0 
1724 3 7 3
425 424 0 
1725 3 7 3
425 324 0 
1726 3 7 3
425 344 0 
1727 3 7 3
425 144 0 
1728 3 7 3
425 146 0 
1729 3 7 3
425 386 0 
1730 3 7 3
425 145 0 
1731 3 7 3
425 325 0 
1732 3 7 3
425 345 0 
1733 3 7 3
425 326 0 
1734 3 7 3
425 346 0 
1735 3 4 2
426 0 
1736 3 7 3
426 425 0 
1737 3 7 3
426 387 0 
1738 3 7 3
426 147 0 
1739 3 7 3
426 146 0 
1740 3 7 3
426 386 0 
1741 3 7 3
426 145 0 
1742 3 7 3
426 325 0 
1743 3 7 3
426 345 0 
1744 3 7 3
426 326 0 
1745 3 7 3
426 346 0 
1746 3 7 3
426 385 0 
1747 3 7 3
426 347 0 
1748 3 7 3
426 327 0 
1749 3 4 2
427 0 
1750 3 7 3
427 388 0 
1751 3 7 3
427 387 0 
1752 3 7 3
427 146 0 
1753 3 7 3
427 386 0 
1754 3 7 3
427 426 0 
1755 3 7 3
427 326 0 
1756 3 7 3
427 346 0 
1757 3 4 2
428 0 
1758 3 7 3
428 388 0 
1759 3 7 3
428 389 0 
1760 3 7 3
428 387 0 
1761 3 7 3
428 427 0 
1762 3 4 2
429 0 
1763 3 7 3
429 390 0 
1764 3 7 3
429 388 0 
1765 3 7 3
429 389 0 
1766 3 7 3
429 428 0 
1767 3 4 2
430 0 
1768 3 7 3
430 411 0 
1769 3 7 3
430 271 0 
1770 3 7 3
430 291 0 
1771 3 7 3
430 391 0 
1772 3 7 3
430 390 0 
1773 3 7 3
430 389 0 
1774 3 7 3
430 429 0 
1775 3 4 2
431 0 
1776 3 7 3
431 292 0 
1777 3 7 3
431 412 0 
1778 3 7 3
431 392 0 
1779 3 7 3
431 270 0 
1780 3 7 3
431 410 0 
1781 3 7 3
431 290 0 
1782 3 7 3
431 411 0 
1783 3 7 3
431 272 0 
1784 3 7 3
431 271 0 
1785 3 7 3
431 291 0 
1786 3 7 3
431 391 0 
1787 3 7 3
431 390 0 
1788 3 7 3
431 430 0 
1789 3 4 2
432 0 
1790 3 7 3
432 292 0 
1791 3 7 3
432 293 0 
1792 3 7 3
432 393 0 
1793 3 7 3
432 413 0 
1794 3 7 3
432 273 0 
1795 3 7 3
432 412 0 
1796 3 7 3
432 392 0 
1797 3 7 3
432 411 0 
1798 3 7 3
432 272 0 
1799 3 7 3
432 431 0 
1800 3 7 3
432 271 0 
1801 3 7 3
432 291 0 
1802 3 7 3
432 391 0 
1803 3 4 2
433 0 
1804 3 7 3
433 292 0 
1805 3 7 3
433 394 0 
1806 3 7 3
433 414 0 
1807 3 7 3
433 274 0 
1808 3 7 3
433 294 0 
1809 3 7 3
433 293 0 
1810 3 7 3
433 393 0 
1811 3 7 3
433 413 0 
1812 3 7 3
433 273 0 
1813 3 7 3
433 412 0 
1814 3 7 3
433 432 0 
1815 3 7 3
433 392 0 
1816 3 7 3
433 272 0 
1817 3 4 2
434 0 
1818 3 7 3
434 394 0 
1819 3 7 3
434 295 0 
1820 3 7 3
434 395 0 
1821 3 7 3
434 415 0 
1822 3 7 3
434 275 0 
1823 3 7 3
434 414 0 
1824 3 7 3
434 433 0 
1825 3 7 3
434 274 0 
1826 3 7 3
434 294 0 
1827 3 7 3
434 293 0 
1828 3 7 3
434 393 0 
1829 3 7 3
434 413 0 
1830 3 7 3
434 273 0 
1831 3 4 2
435 0 
1832 3 7 3
435 394 0 
1833 3 7 3
435 316 0 
1834 3 7 3
435 416 0 
1835 3 7 3
435 396 0 
1836 3 7 3
435 276 0 
1837 3 7 3
435 296 0 
1838 3 7 3
435 295 0 
1839 3 7 3
435 395 0 
1840 3 7 3
435 415 0 
1841 3 7 3
435 275 0 
1842 3 7 3
435 434 0 
1843 3 7 3
435 414 0 
1844 3 7 3
435 274 0 
1845 3 7 3
435 294 0 
1846 3 4 2
436 0 
1847 3 7 3
436 315 0 
1848 3 7 3
436 297 0 
1849 3 7 3
436 397 0 
1850 3 7 3
436 277 0 
1851 3 7 3
436 435 0 
1852 3 7 3
436 316 0 
1853 3 7 3
436 416 0 
1854 3 7 3
436 396 0 
1855 3 7 3
436 276 0 
1856 3 7 3
436 296 0 
1857 3 7 3
436 295 0 
1858 3 7 3
436 395 0 
1859 3 7 3
436 415 0 
1860 3 7 3
436 275 0 
1861 3 7 3
436 417 0 
1862 3 7 3
436 317 0 
1863 3 4 2
437 0 
1864 3 7 3
437 278 0 
1865 3 7 3
437 298 0 
1866 3 7 3
437 398 0 
1867 3 7 3
437 297 0 
1868 3 7 3
437 397 0 
1869 3 7 3
437 277 0 
1870 3 7 3
437 316 0 
1871 3 7 3
437 416 0 
1872 3 7 3
437 436 0 
1873 3 7 3
437 396 0 
1874 3 7 3
437 276 0 
1875 3 7 3
437 296 0 
1876 3 4 2
438 0 
1877 3 7 3
438 299 0 
1878 3 7 3
438 399 0 
1879 3 7 3
438 279 0 
1880 3 7 3
438 278 0 
1881 3 7 3
438 298 0 
1882 3 7 3
438 398 0 
1883 3 7 3
438 297 0 
1884 3 7 3
438 397 0 
1885 3 7 3
438 437 0 
1886 3 7 3
438 277 0 
1887 3 4 2
439 0 
1888 3 7 3
439 300 0 
1889 3 7 3
439 400 0 
1890 3 7 3
439 280 0 
1891 3 7 3
439 299 0 
1892 3 7 3
439 399 0 
1893 3 7 3
439 279 0 
1894 3 7 3
439 438 0 
1895 3 7 3
439 278 0 
1896 3 7 3
439 298 0 
1897 3 7 3
439 398 0 
1898 3 4 2
440 0 
1899 3 7 3
440 301 0 
1900 3 7 3
440 401 0 
1901 3 7 3
440 281 0 
1902 3 7 3
440 300 0 
1903 3 7 3
440 400 0 
1904 3 7 3
440 280 0 
1905 3 7 3
440 299 0 
1906 3 7 3
440 399 0 
1907 3 7 3
440 439 0 
1908 3 7 3
440 279 0 
1909 3 4 2
441 0 
1910 3 7 3
441 302 0 
1911 3 7 3
441 301 0 
1912 3 7 3
441 401 0 
1913 3 7 3
441 281 0 
1914 3 7 3
441 402 0 
1915 3 7 3
441 282 0 
1916 3 7 3
441 300 0 
1917 3 7 3
441 440 0 
1918 3 7 3
441 400 0 
1919 3 7 3
441 280 0 
1920 3 4 2
442 0 
1921 3 7 3
442 301 0 
1922 3 7 3
442 401 0 
1923 3 7 3
442 441 0 
1924 3 7 3
442 281 0 
1925 3 7 3
442 402 0 
1926 3 7 3
442 282 0 
1927 3 7 3
442 403 0 
1928 3 7 3
442 283 0 
1929 3 4 2
443 0 
1930 3 7 3
443 402 0 
1931 3 7 3
443 442 0 
1932 3 7 3
443 282 0 
1933 3 7 3
443 403 0 
1934 3 7 3
443 283 0 
1935 3 7 3
443 404 0 
1936 3 7 3
443 284 0 
1937 3 4 2
444 0 
1938 3 7 3
444 403 0 
1939 3 7 3
444 443 0 
1940 3 7 3
444 283 0 
1941 3 7 3
444 404 0 
1942 3 7 3
444 284 0 
1943 3 7 3
444 405 0 
1944 3 7 3
444 285 0 
1945 3 4 2
445 0 
1946 3 7 3
445 404 0 
1947 3 7 3
445 444 0 
1948 3 7 3
445 284 0 
1949 3 7 3
445 405 0 
1950 3 7 3
445 285 0 
1951 3 7 3
445 266 0 
1952 3 7 3
445 406 0 
1953 3 7 3
445 286 0 
1954 3 4 2
446 0 
1955 3 7 3
446 405 0 
1956 3 7 3
446 445 0 
1957 3 7 3
446 285 0 
1958 3 7 3
446 266 0 
1959 3 7 3
446 406 0 
1960 3 7 3
446 286 0 
1961 3 7 3
446 265 0 
1962 3 7 3
446 267 0 
1963 3 7 3
446 287 0 
1964 3 7 3
446 407 0 
1965 3 4 2
447 0 
1966 3 7 3
447 266 0 
1967 3 7 3
447 406 0 
1968 3 7 3
447 446 0 
1969 3 7 3
447 286 0 
1970 3 7 3
447 267 0 
1971 3 7 3
447 287 0 
1972 3 7 3
447 407 0 
1973 3 7 3
447 288 0 
1974 3 7 3
447 408 0 
1975 3 7 3
447 268 0 
1976 3 4 2
448 0 
1977 3 7 3
448 447 0 
1978 3 7 3
448 267 0 
1979 3 7 3
448 287 0 
1980 3 7 3
448 407 0 
1981 3 7 3
448 288 0 
1982 3 7 3
448 408 0 
1983 3 7 3
448 268 0 
1984 3 7 3
448 269 0 
1985 3 7 3
448 409 0 
1986 3 7 3
448 289 0 
1987 3 4 2
449 0 
1988 3 7 3
449 448 0 
1989 3 7 3
449 288 0 
1990 3 7 3
449 408 0 
1991 3 7 3
449 268 0 
1992 3 7 3
449 270 0 
1993 3 7 3
449 269 0 
1994 3 7 3
449 409 0 
1995 3 7 3
449 289 0 
1996 3 7 3
449 410 0 
1997 3 7 3
449 290 0 
1998 3 4 2
450 0 
1999 3 7 3
450 270 0 
2000 3 7 3
450 269 0 
2001 3 7 3
450 409 0 
2002 3 7 3
450 449 0 
2003 3 7 3
450 289 0 
2004 3 7 3
450 410 0 
2005 3 7 3
450 290 0 
2006 3 7 3
450 411 0 
2007 3 7 3
450 431 0 
2008 3 7 3
450 271 0 
2009 3 7 3
450 291 0 
2010 3 7 3
450 391 0 
2011 3 4 2
451 0 
2012 3 7 3
451 292 0 
2013 3 7 3
451 412 0 
2014 3 7 3
451 432 0 
2015 3 7 3
451 392 0 
2016 3 7 3
451 270 0 
2017 3 7 3
451 410 0 
2018 3 7 3
451 450 0 
2019 3 7 3
451 290 0 
2020 3 7 3
451 411 0 
2021 3 7 3
451 272 0 
2022 3 7 3
451 431 0 
2023 3 7 3
451 271 0 
2024 3 7 3
451 291 0 
2025 3 7 3
451 391 0 
2026 3 7 3
451 390 0 
2027 3 7 3
451 430 0 
2028 3 4 2
452 0 
2029 3 7 3
452 292 0 
2030 3 7 3
452 433 0 
2031 3 7 3
452 293 0 
2032 3 7 3
452 393 0 
2033 3 7 3
452 413 0 
2034 3 7 3
452 273 0 
2035 3 7 3
452 412 0 
2036 3 7 3
452 432 0 
2037 3 7 3
452 392 0 
2038 3 7 3
452 411 0 
2039 3 7 3
452 451 0 
2040 3 7 3
452 272 0 
2041 3 7 3
452 431 0 
2042 3 7 3
452 271 0 
2043 3 7 3
452 291 0 
2044 3 7 3
452 391 0 
2045 3 4 2
453 0 
2046 3 7 3
453 292 0 
2047 3 7 3
453 394 0 
2048 3 7 3
453 434 0 
2049 3 7 3
453 414 0 
2050 3 7 3
453 433 0 
2051 3 7 3
453 274 0 
2052 3 7 3
453 294 0 
2053 3 7 3
453 293 0 
2054 3 7 3
453 393 0 
2055 3 7 3
453 413 0 
2056 3 7 3
453 273 0 
2057 3 7 3
453 412 0 
2058 3 7 3
453 432 0 
2059 3 7 3
453 452 0 
2060 3 7 3
453 392 0 
2061 3 7 3
453 272 0 
2062 3 4 2
454 0 
2063 3 7 3
454 394 0 
2064 3 7 3
454 435 0 
2065 3 7 3
454 295 0 
2066 3 7 3
454 395 0 
2067 3 7 3
454 415 0 
2068 3 7 3
454 275 0 
2069 3 7 3
454 434 0 
2070 3 7 3
454 414 0 
2071 3 7 3
454 433 0 
2072 3 7 3
454 274 0 
2073 3 7 3
454 294 0 
2074 3 7 3
454 453 0 
2075 3 7 3
454 293 0 
2076 3 7 3
454 393 0 
2077 3 7 3
454 413 0 
2078 3 7 3
454 273 0 
2079 3 4 2
455 0 
2080 3 7 3
455 394 0 
2081 3 7 3
455 435 0 
2082 3 7 3
455 316 0 
2083 3 7 3
455 416 0 
2084 3 7 3
455 436 0 
2085 3 7 3
455 396 0 
2086 3 7 3
455 276 0 
2087 3 7 3
455 296 0 
2088 3 7 3
455 295 0 
2089 3 7 3
455 395 0 
2090 3 7 3
455 415 0 
2091 3 7 3
455 275 0 
2092 3 7 3
455 434 0 
2093 3 7 3
455 454 0 
2094 3 7 3
455 414 0 
2095 3 7 3
455 274 0 
2096 3 7 3
455 294 0 
2097 3 4 2
456 0 
2098 3 7 3
456 315 0 
2099 3 7 3
456 297 0 
2100 3 7 3
456 397 0 
2101 3 7 3
456 437 0 
2102 3 7 3
456 277 0 
2103 3 7 3
456 435 0 
2104 3 7 3
456 316 0 
2105 3 7 3
456 416 0 
2106 3 7 3
456 436 0 
2107 3 7 3
456 396 0 
2108 3 7 3
456 276 0 
2109 3 7 3
456 296 0 
2110 3 7 3
456 455 0 
2111 3 7 3
456 295 0 
2112 3 7 3
456 395 0 
2113 3 7 3
456 415 0 
2114 3 7 3
456 275 0 
2115 3 7 3
456 417 0 
2116 3 7 3
456 317 0 
2117 3 4 2
457 0 
2118 3 7 3
457 438 0 
2119 3 7 3
457 278 0 
2120 3 7 3
457 298 0 
2121 3 7 3
457 398 0 
2122 3 7 3
457 297 0 
2123 3 7 3
457 397 0 
2124 3 7 3
457 437 0 
2125 3 7 3
457 277 0 
2126 3 7 3
457 316 0 
2127 3 7 3
457 416 0 
2128 3 7 3
457 436 0 
2129 3 7 3
457 456 0 
2130 3 7 3
457 396 0 
2131 3 7 3
457 276 0 
2132 3 7 3
457 296 0 
2133 3 4 2
458 0 
2134 3 7 3
458 299 0 
2135 3 7 3
458 399 0 
2136 3 7 3
458 439 0 
2137 3 7 3
458 279 0 
2138 3 7 3
458 438 0 
2139 3 7 3
458 457 0 
2140 3 7 3
458 278 0 
2141 3 7 3
458 298 0 
2142 3 7 3
458 398 0 
2143 3 7 3
458 297 0 
2144 3 7 3
458 397 0 
2145 3 7 3
458 437 0 
2146 3 7 3
458 277 0 
2147 3 4 2
459 0 
2148 3 7 3
459 300 0 
2149 3 7 3
459 440 0 
2150 3 7 3
459 400 0 
2151 3 7 3
459 280 0 
2152 3 7 3
459 299 0 
2153 3 7 3
459 399 0 
2154 3 7 3
459 439 0 
2155 3 7 3
459 279 0 
2156 3 7 3
459 438 0 
2157 3 7 3
459 458 0 
2158 3 7 3
459 278 0 
2159 3 7 3
459 298 0 
2160 3 7 3
459 398 0 
2161 3 4 2
460 0 
2162 3 7 3
460 301 0 
2163 3 7 3
460 401 0 
2164 3 7 3
460 441 0 
2165 3 7 3
460 281 0 
2166 3 7 3
460 300 0 
2167 3 7 3
460 440 0 
2168 3 7 3
460 400 0 
2169 3 7 3
460 459 0 
2170 3 7 3
460 280 0 
2171 3 7 3
460 299 0 
2172 3 7 3
460 399 0 
2173 3 7 3
460 439 0 
2174 3 7 3
460 279 0 
2175 3 4 2
461 0 
2176 3 7 3
461 302 0 
2177 3 7 3
461 301 0 
2178 3 7 3
461 401 0 
2179 3 7 3
461 441 0 
2180 3 7 3
461 281 0 
2181 3 7 3
461 402 0 
2182 3 7 3
461 442 0 
2183 3 7 3
461 282 0 
2184 3 7 3
461 300 0 
2185 3 7 3
461 440 0 
2186 3 7 3
461 460 0 
2187 3 7 3
461 400 0 
2188 3 7 3
461 280 0 
2189 3 4 2
462 0 
2190 3 7 3
462 461 0 
2191 3 7 3
462 301 0 
2192 3 7 3
462 401 0 
2193 3 7 3
462 441 0 
2194 3 7 3
462 281 0 
2195 3 7 3
462 402 0 
2196 3 7 3
462 442 0 
2197 3 7 3
462 282 0 
2198 3 7 3
462 403 0 
2199 3 7 3
462 443 0 
2200 3 7 3
462 283 0 
2201 3 4 2
463 0 
2202 3 7 3
463 402 0 
2203 3 7 3
463 442 0 
2204 3 7 3
463 462 0 
2205 3 7 3
463 282 0 
2206 3 7 3
463 403 0 
2207 3 7 3
463 443 0 
2208 3 7 3
463 283 0 
2209 3 7 3
463 404 0 
2210 3 7 3
463 444 0 
2211 3 7 3
463 284 0 
2212 3 4 2
464 0 
2213 3 7 3
464 403 0 
2214 3 7 3
464 443 0 
2215 3 7 3
464 463 0 
2216 3 7 3
464 283 0 
2217 3 7 3
464 404 0 
2218 3 7 3
464 444 0 
2219 3 7 3
464 284 0 
2220 3 7 3
464 405 0 
2221 3 7 3
464 445 0 
2222 3 7 3
464 285 0 
2223 3 4 2
465 0 
2224 3 7 3
465 404 0 
2225 3 7 3
465 444 0 
2226 3 7 3
465 464 0 
2227 3 7 3
465 284 0 
2228 3 7 3
465 405 0 
2229 3 7 3
465 445 0 
2230 3 7 3
465 285 0 
2231 3 7 3
465 266 0 
2232 3 7 3
465 406 0 
2233 3 7 3
465 446 0 
2234 3 7 3
465 286 0 
2235 3 4 2
466 0 
2236 3 7 3
466 405 0 
2237 3 7 3
466 445 0 
2238 3 7 3
466 465 0 
2239 3 7 3
466 285 0 
2240 3 7 3
466 266 0 
2241 3 7 3
466 406 0 
2242 3 7 3
466 446 0 
2243 3 7 3
466 286 0 
2244 3 7 3
466 265 0 
2245 3 7 3
466 447 0 
2246 3 7 3
466 267 0 
2247 3 7 3
466 287 0 
2248 3 7 3
466 407 0 
2249 3 4 2
467 0 
2250 3 7 3
467 266 0 
2251 3 7 3
467 406 0 
2252 3 7 3
467 446 0 
2253 3 7 3
467 466 0 
2254 3 7 3
467 286 0 
2255 3 7 3
467 447 0 
2256 3 7 3
467 448 0 
2257 3 7 3
467 267 0 
2258 3 7 3
467 287 0 
2259 3 7 3
467 407 0 
2260 3 7 3
467 288 0 
2261 3 7 3
467 408 0 
2262 3 7 3
467 268 0 
2263 3 4 2
468 0 
2264 3 7 3
468 447 0 
2265 3 7 3
468 467 0 
2266 3 7 3
468 448 0 
2267 3 7 3
468 267 0 
2268 3 7 3
468 287 0 
2269 3 7 3
468 407 0 
2270 3 7 3
468 288 0 
2271 3 7 3
468 408 0 
2272 3 7 3
468 268 0 
2273 3 7 3
468 269 0 
2274 3 7 3
468 409 0 
2275 3 7 3
468 449 0 
2276 3 7 3
468 289 0 
2277 3 4 2
469 0 
2278 3 7 3
469 448 0 
2279 3 7 3
469 468 0 
2280 3 7 3
469 288 0 
2281 3 7 3
469 408 0 
2282 3 7 3
469 268 0 
2283 3 7 3
469 270 0 
2284 3 7 3
469 269 0 
2285 3 7 3
469 409 0 
2286 3 7 3
469 449 0 
2287 3 7 3
469 289 0 
2288 3 7 3
469 410 0 
2289 3 7 3
469 450 0 
2290 3 7 3
469 290 0 
2291 3 4 2
470 0 
2292 3 7 3
470 270 0 
2293 3 7 3
470 269 0 
2294 3 7 3
470 409 0 
2295 3 7 3
470 449 0 
2296 3 7 3
470 469 0 
2297 3 7 3
470 289 0 
2298 3 7 3
470 410 0 
2299 3 7 3
470 450 0 
2300 3 7 3
470 290 0 
2301 3 7 3
470 411 0 
2302 3 7 3
470 451 0 
2303 3 7 3
470 431 0 
2304 3 7 3
470 271 0 
2305 3 7 3
470 291 0 
2306 3 7 3
470 391 0 
2307 3 4 2
471 0 
2308 3 7 3
471 292 0 
2309 3 7 3
471 412 0 
2310 3 7 3
471 432 0 
2311 3 7 3
471 452 0 
2312 3 7 3
471 392 0 
2313 3 7 3
471 270 0 
2314 3 7 3
471 410 0 
2315 3 7 3
471 450 0 
2316 3 7 3
471 470 0 
2317 3 7 3
471 290 0 
2318 3 7 3
471 411 0 
2319 3 7 3
471 451 0 
2320 3 7 3
471 272 0 
2321 3 7 3
471 431 0 
2322 3 7 3
471 271 0 
2323 3 7 3
471 291 0 
2324 3 7 3
471 391 0 
2325 3 7 3
471 390 0 
2326 3 7 3
471 430 0 
2327 3 4 2
472 0 
2328 3 7 3
472 292 0 
2329 3 7 3
472 433 0 
2330 3 7 3
472 453 0 
2331 3 7 3
472 293 0 
2332 3 7 3
472 393 0 
2333 3 7 3
472 413 0 
2334 3 7 3
472 273 0 
2335 3 7 3
472 412 0 
2336 3 7 3
472 432 0 
2337 3 7 3
472 452 0 
2338 3 7 3
472 392 0 
2339 3 7 3
472 411 0 
2340 3 7 3
472 451 0 
2341 3 7 3
472 471 0 
2342 3 7 3
472 272 0 
2343 3 7 3
472 431 0 
2344 3 7 3
472 271 0 
2345 3 7 3
472 291 0 
2346 3 7 3
472 391 0 
2347 3 4 2
473 0 
2348 3 7 3
473 292 0 
2349 3 7 3
473 394 0 
2350 3 7 3
473 434 0 
2351 3 7 3
473 454 0 
2352 3 7 3
473 414 0 
2353 3 7 3
473 433 0 
2354 3 7 3
473 274 0 
2355 3 7 3
473 294 0 
2356 3 7 3
473 453 0 
2357 3 7 3
473 472 0 
2358 3 7 3
473 293 0 
2359 3 7 3
473 393 0 
2360 3 7 3
473 413 0 
2361 3 7 3
473 273 0 
2362 3 7 3
473 412 0 
2363 3 7 3
473 432 0 
2364 3 7 3
473 452 0 
2365 3 7 3
473 392 0 
2366 3 7 3
473 272 0 
2367 3 4 2
474 0 
2368 3 7 3
474 394 0 
2369 3 7 3
474 435 0 
2370 3 7 3
474 455 0 
2371 3 7 3
474 295 0 
2372 3 7 3
474 395 0 
2373 3 7 3
474 415 0 
2374 3 7 3
474 275 0 
2375 3 7 3
474 434 0 
2376 3 7 3
474 454 0 
2377 3 7 3
474 414 0 
2378 3 7 3
474 433 0 
2379 3 7 3
474 473 0 
2380 3 7 3
474 274 0 
2381 3 7 3
474 294 0 
2382 3 7 3
474 453 0 
2383 3 7 3
474 293 0 
2384 3 7 3
474 393 0 
2385 3 7 3
474 413 0 
2386 3 7 3
474 273 0 
2387 3 4 2
475 0 
2388 3 7 3
475 394 0 
2389 3 7 3
475 435 0 
2390 3 7 3
475 316 0 
2391 3 7 3
475 416 0 
2392 3 7 3
475 436 0 
2393 3 7 3
475 456 0 
2394 3 7 3
475 396 0 
2395 3 7 3
475 276 0 
2396 3 7 3
475 296 0 
2397 3 7 3
475 455 0 
2398 3 7 3
475 474 0 
2399 3 7 3
475 295 0 
2400 3 7 3
475 395 0 
2401 3 7 3
475 415 0 
2402 3 7 3
475 275 0 
2403 3 7 3
475 434 0 
2404 3 7 3
475 454 0 
2405 3 7 3
475 414 0 
2406 3 7 3
475 274 0 
2407 3 7 3
475 294 0 
2408 3 4 2
476 0 
2409 3 7 3
476 315 0 
2410 3 7 3
476 457 0 
2411 3 7 3
476 297 0 
2412 3 7 3
476 397 0 
2413 3 7 3
476 437 0 
2414 3 7 3
476 277 0 
2415 3 7 3
476 435 0 
2416 3 7 3
476 316 0 
2417 3 7 3
476 416 0 
2418 3 7 3
476 436 0 
2419 3 7 3
476 456 0 
2420 3 7 3
476 396 0 
2421 3 7 3
476 475 0 
2422 3 7 3
476 276 0 
2423 3 7 3
476 296 0 
2424 3 7 3
476 455 0 
2425 3 7 3
476 295 0 
2426 3 7 3
476 395 0 
2427 3 7 3
476 415 0 
2428 3 7 3
476 275 0 
2429 3 7 3
476 417 0 
2430 3 7 3
476 317 0 
2431 3 4 2
477 0 
2432 3 7 3
477 476 0 
2433 3 7 3
477 438 0 
2434 3 7 3
477 458 0 
2435 3 7 3
477 457 0 
2436 3 7 3
477 278 0 
2437 3 7 3
477 298 0 
2438 3 7 3
477 398 0 
2439 3 7 3
477 297 0 
2440 3 7 3
477 397 0 
2441 3 7 3
477 437 0 
2442 3 7 3
477 277 0 
2443 3 7 3
477 316 0 
2444 3 7 3
477 416 0 
2445 3 7 3
477 436 0 
2446 3 7 3
477 456 0 
2447 3 7 3
477 396 0 
2448 3 7 3
477 276 0 
2449 3 7 3
477 296 0 
2450 3 4 2
478 0 
2451 3 7 3
478 459 0 
2452 3 7 3
478 299 0 
2453 3 7 3
478 399 0 
2454 3 7 3
478 439 0 
2455 3 7 3
478 279 0 
2456 3 7 3
478 438 0 
2457 3 7 3
478 458 0 
2458 3 7 3
478 457 0 
2459 3 7 3
478 278 0 
2460 3 7 3
478 298 0 
2461 3 7 3
478 398 0 
2462 3 7 3
478 477 0 
2463 3 7 3
478 297 0 
2464 3 7 3
478 397 0 
2465 3 7 3
478 437 0 
2466 3 7 3
478 277 0 
2467 3 4 2
479 0 
2468 3 7 3
479 300 0 
2469 3 7 3
479 440 0 
2470 3 7 3
479 460 0 
2471 3 7 3
479 400 0 
2472 3 7 3
479 459 0 
2473 3 7 3
479 280 0 
2474 3 7 3
479 299 0 
2475 3 7 3
479 399 0 
2476 3 7 3
479 439 0 
2477 3 7 3
479 279 0 
2478 3 7 3
479 438 0 
2479 3 7 3
479 458 0 
2480 3 7 3
479 478 0 
2481 3 7 3
479 278 0 
2482 3 7 3
479 298 0 
2483 3 7 3
479 398 0 
2484 3 4 2
480 0 
2485 3 7 3
480 461 0 
2486 3 7 3
480 301 0 
2487 3 7 3
480 401 0 
2488 3 7 3
480 441 0 
2489 3 7 3
480 281 0 
2490 3 7 3
480 300 0 
2491 3 7 3
480 440 0 
2492 3 7 3
480 460 0 
2493 3 7 3
480 400 0 
2494 3 7 3
480 459 0 
2495 3 7 3
480 280 0 
2496 3 7 3
480 479 0 
2497 3 7 3
480 299 0 
2498 3 7 3
480 399 0 
2499 3 7 3
480 439 0 
2500 3 7 3
480 279 0 
2501 3 4 2
481 0 
2502 3 7 3
481 461 0 
2503 3 7 3
481 302 0 
2504 3 7 3
481 301 0 
2505 3 7 3
481 401 0 
2506 3 7 3
481 441 0 
2507 3 7 3
481 281 0 
2508 3 7 3
481 402 0 
2509 3 7 3
481 442 0 
2510 3 7 3
481 462 0 
2511 3 7 3
481 282 0 
2512 3 7 3
481 300 0 
2513 3 7 3
481 440 0 
2514 3 7 3
481 460 0 
2515 3 7 3
481 480 0 
2516 3 7 3
481 400 0 
2517 3 7 3
481 280 0 
2518 3 4 2
482 0 
2519 3 7 3
482 461 0 
2520 3 7 3
482 481 0 
2521 3 7 3
482 301 0 
2522 3 7 3
482 401 0 
2523 3 7 3
482 441 0 
2524 3 7 3
482 281 0 
2525 3 7 3
482 402 0 
2526 3 7 3
482 442 0 
2527 3 7 3
482 462 0 
2528 3 7 3
482 282 0 
2529 3 7 3
482 403 0 
2530 3 7 3
482 443 0 
2531 3 7 3
482 463 0 
2532 3 7 3
482 283 0 
2533 3 4 2
483 0 
2534 3 7 3
483 482 0 
2535 3 7 3
483 402 0 
2536 3 7 3
483 442 0 
2537 3 7 3
483 462 0 
2538 3 7 3
483 282 0 
2539 3 7 3
483 403 0 
2540 3 7 3
483 443 0 
2541 3 7 3
483 463 0 
2542 3 7 3
483 283 0 
2543 3 7 3
483 404 0 
2544 3 7 3
483 444 0 
2545 3 7 3
483 464 0 
2546 3 7 3
483 284 0 
2547 3 4 2
484 0 
2548 3 7 3
484 483 0 
2549 3 7 3
484 403 0 
2550 3 7 3
484 443 0 
2551 3 7 3
484 463 0 
2552 3 7 3
484 283 0 
2553 3 7 3
484 404 0 
2554 3 7 3
484 444 0 
2555 3 7 3
484 464 0 
2556 3 7 3
484 284 0 
2557 3 7 3
484 405 0 
2558 3 7 3
484 445 0 
2559 3 7 3
484 465 0 
2560 3 7 3
484 285 0 
2561 3 4 2
485 0 
2562 3 7 3
485 484 0 
2563 3 7 3
485 404 0 
2564 3 7 3
485 444 0 
2565 3 7 3
485 464 0 
2566 3 7 3
485 284 0 
2567 3 7 3
485 405 0 
2568 3 7 3
485 445 0 
2569 3 7 3
485 465 0 
2570 3 7 3
485 285 0 
2571 3 7 3
485 266 0 
2572 3 7 3
485 406 0 
2573 3 7 3
485 446 0 
2574 3 7 3
485 466 0 
2575 3 7 3
485 286 0 
2576 3 4 2
486 0 
2577 3 7 3
486 485 0 
2578 3 7 3
486 405 0 
2579 3 7 3
486 445 0 
2580 3 7 3
486 465 0 
2581 3 7 3
486 285 0 
2582 3 7 3
486 266 0 
2583 3 7 3
486 406 0 
2584 3 7 3
486 446 0 
2585 3 7 3
486 466 0 
2586 3 7 3
486 286 0 
2587 3 7 3
486 265 0 
2588 3 7 3
486 447 0 
2589 3 7 3
486 467 0 
2590 3 7 3
486 267 0 
2591 3 7 3
486 287 0 
2592 3 7 3
486 407 0 
2593 3 4 2
487 0 
2594 3 7 3
487 486 0 
2595 3 7 3
487 266 0 
2596 3 7 3
487 406 0 
2597 3 7 3
487 446 0 
2598 3 7 3
487 466 0 
2599 3 7 3
487 286 0 
2600 3 4 2
488 0 
2601 3 7 3
488 487 0 
2602 3 4 2
489 0 
2603 3 7 3
489 488 0 
2604 3 4 2
490 0 
2605 3 7 3
490 489 0 
2606 3 4 2
491 0 
2607 3 7 3
491 490 0 
2608 3 4 2
492 0 
2609 3 7 3
492 491 0 
2610 3 4 2
493 0 
2611 3 7 3
493 492 0 
2612 3 4 2
494 0 
2613 3 7 3
494 493 0 
2614 3 4 2
495 0 
2615 3 7 3
495 494 0 
2616 3 7 3
495 236 0 
2617 3 7 3
495 256 0 
2618 3 4 2
496 0 
2619 3 7 3
496 237 0 
2620 3 7 3
496 495 0 
2621 3 7 3
496 236 0 
2622 3 7 3
496 256 0 
2623 3 7 3
496 235 0 
2624 3 7 3
496 255 0 
2625 3 7 3
496 257 0 
2626 3 4 2
497 0 
2627 3 7 3
497 236 0 
2628 3 7 3
497 496 0 
2629 3 7 3
497 256 0 
2630 3 7 3
497 257 0 
2631 3 7 3
497 258 0 
2632 3 4 2
498 0 
2633 3 7 3
498 257 0 
2634 3 7 3
498 497 0 
2635 3 7 3
498 258 0 
2636 3 7 3
498 259 0 
2637 3 4 2
499 0 
2638 3 7 3
499 498 0 
2639 3 7 3
499 258 0 
2640 3 7 3
499 260 0 
2641 3 7 3
499 259 0 
2642 3 4 2
500 0 
2643 3 7 3
500 499 0 
2644 3 7 3
500 261 0 
2645 3 7 3
500 260 0 
2646 3 7 3
500 259 0 
2647 3 7 3
500 181 0 
2648 3 7 3
500 201 0 
2649 3 4 2
501 0 
2650 3 7 3
501 262 0 
2651 3 7 3
501 182 0 
2652 3 7 3
501 261 0 
2653 3 7 3
501 260 0 
2654 3 7 3
501 500 0 
2655 3 7 3
501 181 0 
2656 3 7 3
501 201 0 
2657 3 7 3
501 202 0 
2658 3 7 3
501 200 0 
2659 3 7 3
501 180 0 
2660 3 4 2
502 0 
2661 3 7 3
502 182 0 
2662 3 7 3
502 261 0 
2663 3 7 3
502 501 0 
2664 3 7 3
502 181 0 
2665 3 7 3
502 201 0 
2666 3 7 3
502 202 0 
2667 3 7 3
502 203 0 
2668 3 7 3
502 183 0 
2669 3 4 2
503 0 
2670 3 7 3
503 182 0 
2671 3 7 3
503 502 0 
2672 3 7 3
503 202 0 
2673 3 7 3
503 203 0 
2674 3 7 3
503 183 0 
2675 3 7 3
503 184 0 
2676 3 7 3
503 204 0 
2677 3 4 2
504 0 
2678 3 7 3
504 203 0 
2679 3 7 3
504 503 0 
2680 3 7 3
504 183 0 
2681 3 7 3
504 185 0 
2682 3 7 3
504 184 0 
2683 3 7 3
504 204 0 
2684 3 7 3
504 205 0 
2685 3 4 2
505 0 
2686 3 7 3
505 504 0 
2687 3 7 3
505 206 0 
2688 3 7 3
505 185 0 
2689 3 7 3
505 184 0 
2690 3 7 3
505 204 0 
2691 3 7 3
505 205 0 
2692 3 7 3
505 226 0 
2693 3 7 3
505 186 0 
2694 3 4 2
506 0 
2695 3 7 3
506 207 0 
2696 3 7 3
506 227 0 
2697 3 7 3
506 206 0 
2698 3 7 3
506 185 0 
2699 3 7 3
506 505 0 
2700 3 7 3
506 205 0 
2701 3 7 3
506 226 0 
2702 3 7 3
506 225 0 
2703 3 7 3
506 186 0 
2704 3 7 3
506 187 0 
2705 3 4 2
507 0 
2706 3 7 3
507 206 0 
2707 3 7 3
507 226 0 
2708 3 7 3
507 506 0 
2709 3 7 3
507 186 0 
2710 3 7 3
507 187 0 
2711 3 7 3
507 188 0 
2712 3 4 2
508 0 
2713 3 7 3
508 507 0 
2714 3 7 3
508 187 0 
2715 3 7 3
508 188 0 
2716 3 7 3
508 189 0 
2717 3 4 2
509 0 
2718 3 7 3
509 188 0 
2719 3 7 3
509 508 0 
2720 3 7 3
509 189 0 
2721 3 7 3
509 190 0 
2722 3 4 2
510 0 
2723 3 7 3
510 189 0 
2724 3 7 3
510 509 0 
2725 3 7 3
510 190 0 
2726 3 7 3
510 171 0 
2727 3 7 3
510 191 0 
2728 3 4 2
511 0 
2729 3 7 3
511 172 0 
2730 3 7 3
511 510 0 
2731 3 7 3
511 190 0 
2732 3 7 3
511 192 0 
2733 3 7 3
511 171 0 
2734 3 7 3
511 191 0 
2735 3 7 3
511 170 0 
2736 3 4 2
512 0 
2737 3 7 3
512 171 0 
2738 3 7 3
512 191 0 
2739 3 7 3
512 511 0 
2740 3 4 2
513 0 
2741 3 7 3
513 512 0 
2742 3 4 2
514 0 
2743 3 7 3
514 513 0 
2744 3 4 2
515 0 
2745 3 7 3
515 514 0 
2746 3 4 2
516 0 
2747 3 7 3
516 515 0 
2748 3 4 2
517 0 
2749 3 7 3
517 516 0 
2750 3 4 2
518 0 
2751 3 7 3
518 517 0 
2752 3 4 2
519 0 
2753 3 7 3
519 518 0 
2754 3 4 2
520 0 
2755 3 7 3
520 519 0 
2756 3 4 2
521 0 
2757 3 7 3
521 520 0 
2758 3 4 2
522 0 
2759 3 7 3
522 521 0 
2760 3 4 2
523 0 
2761 3 7 3
523 522 0 
2762 3 4 2
524 0 
2763 3 7 3
524 523 0 
2764 3 4 2
525 0 
2765 3 7 3
525 524 0 
2766 3 4 2
526 0 
2767 3 7 3
526 525 0 
2768 3 4 2
527 0 
2769 3 7 3
527 526 0 
2770 3 4 2
528 0 
2771 3 7 3
528 527 0 
2772 3 4 2
529 0 
2773 3 7 3
529 528 0 
2774 3 4 2
530 0 
2775 3 7 3
530 529 0 
2776 3 4 2
531 0 
2777 3 7 3
531 530 0 
2778 3 4 2
532 0 
2779 3 7 3
532 531 0 
2780 3 4 2
533 0 
2781 3 7 3
533 532 0 
2782 3 4 2
534 0 
2783 3 7 3
534 533 0 
2784 3 4 2
535 0 
2785 3 7 3
535 534 0 
2786 3 4 2
536 0 
2787 3 7 3
536 535 0 
2788 3 4 2
537 0 
2789 3 7 3
537 536 0 
2790 3 4 2
538 0 
2791 3 7 3
538 537 0 
2792 3 4 2
539 0 
2793 3 7 3
539 538 0 
2794 3 4 2
540 0 
2795 3 7 3
540 521 0 
2796 3 7 3
540 539 0 
2797 3 4 2
541 0 
2798 3 7 3
541 520 0 
2799 3 7 3
541 521 0 
2800 3 7 3
541 522 0 
2801 3 7 3
541 540 0 
2802 3 4 2
542 0 
2803 3 7 3
542 521 0 
2804 3 7 3
542 541 0 
2805 3 4 2
543 0 
2806 3 7 3
543 542 0 
2807 3 4 2
544 0 
2808 3 7 3
544 543 0 
2809 3 4 2
545 0 
2810 3 7 3
545 166 0 
2811 3 7 3
545 544 0 
2812 3 4 2
546 0 
2813 3 7 3
546 167 0 
2814 3 7 3
546 545 0 
2815 3 7 3
546 165 0 
2816 3 7 3
546 166 0 
2817 3 4 2
547 0 
2818 3 7 3
547 546 0 
2819 3 7 3
547 166 0 
2820 3 4 2
548 0 
2821 3 7 3
548 547 0 
2822 3 4 2
549 0 
2823 3 7 3
549 548 0 
2824 3 4 2
550 0 
2825 3 7 3
550 549 0 
2826 3 4 2
551 0 
2827 3 7 3
551 550 0 
2828 3 4 2
552 0 
2829 3 7 3
552 551 0 
2830 3 4 2
553 0 
2831 3 7 3
553 552 0 
2832 3 4 2
554 0 
2833 3 7 3
554 553 0 
2834 3 4 2
555 0 
2835 3 7 3
555 554 0 
2836 3 7 3
555 536 0 
2837 3 4 2
556 0 
2838 3 7 3
556 535 0 
2839 3 7 3
556 537 0 
2840 3 7 3
556 555 0 
2841 3 7 3
556 536 0 
2842 3 4 2
557 0 
2843 3 7 3
557 556 0 
2844 3 7 3
557 536 0 
2845 3 4 2
558 0 
2846 3 7 3
558 557 0 
2847 3 4 2
559 0 
2848 3 7 3
559 558 0 
2849 3 4 2
560 0 
2850 3 7 3
560 559 0 
2851 3 4 2
561 0 
2852 3 7 3
561 560 0 
2853 3 4 2
562 0 
2854 3 7 3
562 561 0 
2855 3 4 2
563 0 
2856 3 7 3
563 562 0 
2857 3 4 2
564 0 
2858 3 7 3
564 563 0 
2859 3 4 2
565 0 
2860 3 7 3
565 564 0 
2861 3 4 2
566 0 
2862 3 7 3
566 565 0 
2863 3 4 2
567 0 
2864 3 7 3
567 566 0 
2865 3 4 2
568 0 
2866 3 7 3
568 567 0 
2867 3 4 2
569 0 
2868 3 7 3
569 568 0 
2869 3 4 2
570 0 
2870 3 7 3
570 569 0 
2871 3 4 2
571 0 
2872 3 7 3
571 570 0 
2873 3 4 2
572 0 
2874 3 7 3
572 571 0 

cliques
56
46 27 9 16
43 0 3
23 3 3
3 6 3
44 9 3
24 12 3
4 15 3
45 18 3
5 21 3
25 24 3
46 27 3
6 30 3
26 33 3
42 36 3
2 39 3
22 42 3
0 45 1
46 27 9 16
46 0 3
6 3 3
26 6 3
47 9 3
27 12 3
7 15 3
48 18 3
8 21 3
28 24 3
49 27 3
29 30 3
9 33 3
42 36 3
2 39 3
22 42 3
0 45 1
46 27 9 16
49 0 3
29 3 3
9 6 3
50 9 3
10 12 3
30 15 3
51 18 3
31 21 3
11 24 3
52 27 3
12 30 3
32 33 3
42 36 3
2 39 3
22 42 3
0 45 1
46 27 9 16
52 0 3
12 3 3
32 6 3
53 9 3
13 12 3
33 15 3
54 18 3
14 21 3
34 24 3
15 27 3
35 30 3
55 33 3
42 36 3
2 39 3
22 42 3
0 45 1
46 27 9 16
56 0 3
16 3 3
36 6 3
15 9 3
35 12 3
55 15 3
57 18 3
17 21 3
37 24 3
38 27 3
18 30 3
58 33 3
42 36 3
2 39 3
22 42 3
0 45 1
31 24 8 11
88 0 3
89 3 3
90 6 3
91 9 3
92 12 3
93 15 3
94 18 3
95 21 3
96 24 3
87 27 3
0 30 1
52 36 12 18
59 0 3
19 3 3
39 6 3
38 9 3
18 12 3
58 15 3
60 18 3
20 21 3
40 24 3
42 27 3
2 30 3
22 33 3
61 36 3
21 39 3
1 42 3
41 45 3
101 48 3
0 51 1
61 45 15 21
96 0 3
97 3 3
98 6 3
99 9 3
87 12 3
100 15 3
63 18 3
103 21 3
102 24 3
62 27 3
61 30 3
21 33 3
1 36 3
41 39 3
101 42 3
104 45 3
64 48 3
106 51 3
86 54 3
66 57 3
0 60 1
34 24 8 12
78 0 3
79 3 3
80 6 3
81 9 3
82 12 3
83 15 3
84 18 3
77 21 3
116 24 3
76 27 3
85 30 3
0 33 1
37 24 8 13
68 0 3
108 3 3
109 6 3
69 9 3
110 12 3
70 15 3
111 18 3
71 21 3
112 24 3
72 27 3
107 30 3
67 33 3
0 36 1
37 24 8 13
112 0 3
72 3 3
113 6 3
73 9 3
114 12 3
74 15 3
115 18 3
75 21 3
116 24 3
76 27 3
107 30 3
67 33 3
0 36 1
31 24 8 11
118 0 3
119 3 3
120 6 3
121 9 3
122 12 3
123 15 3
124 18 3
125 21 3
126 24 3
117 27 3
0 30 1
31 24 8 11
126 0 3
127 3 3
128 6 3
129 9 3
130 12 3
131 15 3
132 18 3
133 21 3
134 24 3
117 27 3
0 30 1
46 42 14 16
105 0 3
104 3 3
65 6 3
64 9 3
134 12 3
117 15 3
116 18 3
76 21 3
85 24 3
107 27 3
67 30 3
106 33 3
86 36 3
66 39 3
135 42 3
0 45 1
34 24 8 12
333 0 3
334 3 3
135 6 3
335 9 3
336 12 3
136 15 3
337 18 3
137 21 3
338 24 3
138 27 3
332 30 3
0 33 1
61 27 9 21
344 0 3
144 3 3
324 6 3
143 9 3
343 12 3
323 15 3
342 18 3
322 21 3
142 24 3
423 27 3
422 30 3
424 33 3
421 36 3
141 39 3
321 42 3
341 45 3
325 48 3
345 51 3
145 54 3
425 57 3
0 60 1
31 24 8 11
303 0 3
304 3 3
305 6 3
306 9 3
307 12 3
308 15 3
309 18 3
310 21 3
311 24 3
302 27 3
0 30 1
52 27 9 18
348 0 3
328 3 3
148 6 3
349 9 3
149 12 3
329 15 3
327 18 3
347 21 3
147 24 3
350 27 3
330 30 3
150 33 3
426 36 3
386 39 3
346 42 3
326 45 3
146 48 3
0 51 1
31 24 8 11
358 0 3
359 3 3
360 6 3
361 9 3
362 12 3
363 15 3
364 18 3
365 21 3
366 24 3
357 27 3
0 30 1
46 27 9 16
153 0 3
373 3 3
353 6 3
374 9 3
354 12 3
154 15 3
375 18 3
355 21 3
155 24 3
156 27 3
376 30 3
356 33 3
152 36 3
352 39 3
372 42 3
0 45 1
31 24 8 11
238 0 3
239 3 3
240 6 3
241 9 3
242 12 3
243 15 3
244 18 3
245 21 3
246 24 3
237 27 3
0 30 1
61 24 8 21
388 0 3
428 3 3
429 6 3
389 9 3
427 12 3
387 15 3
430 18 3
390 21 3
426 24 3
386 27 3
346 30 3
326 33 3
146 36 3
271 39 3
291 42 3
391 45 3
411 48 3
431 51 3
451 54 3
471 57 3
0 60 1
106 54 18 36
293 0 3
393 3 3
273 6 3
394 9 3
294 12 3
274 15 3
392 18 3
272 21 3
292 24 3
413 27 3
414 30 3
412 33 3
433 36 3
454 39 3
453 42 3
452 45 3
434 48 3
432 51 3
473 54 3
474 57 3
472 60 3
475 63 3
415 66 3
395 69 3
275 72 3
295 75 3
435 78 3
455 81 3
271 84 3
291 87 3
391 90 3
411 93 3
431 96 3
451 99 3
471 102 3
0 105 1
79 45 15 27
288 0 3
408 3 3
268 6 3
409 9 3
289 12 3
269 15 3
407 18 3
287 21 3
267 24 3
448 27 3
469 30 3
468 33 3
467 36 3
447 39 3
449 42 3
486 45 3
266 48 3
406 51 3
446 54 3
466 57 3
286 60 3
270 63 3
410 66 3
450 69 3
290 72 3
470 75 3
0 78 1
73 36 12 25
300 0 3
480 3 3
460 6 3
440 9 3
400 12 3
280 15 3
479 18 3
459 21 3
439 24 3
399 27 3
279 30 3
299 33 3
478 36 3
278 39 3
398 42 3
438 45 3
458 48 3
298 51 3
441 54 3
301 57 3
281 60 3
401 63 3
461 66 3
481 69 3
0 72 1
79 36 12 27
478 0 3
278 3 3
398 6 3
438 9 3
458 12 3
298 15 3
477 18 3
297 21 3
277 24 3
397 27 3
437 30 3
457 33 3
476 36 3
456 39 3
436 42 3
296 45 3
276 48 3
396 51 3
416 54 3
316 57 3
441 60 3
301 63 3
281 66 3
401 69 3
461 72 3
481 75 3
0 78 1
76 30 10 26
473 0 3
474 3 3
472 6 3
475 9 3
415 12 3
395 15 3
275 18 3
295 21 3
435 24 3
455 27 3
476 30 3
456 33 3
436 36 3
296 39 3
276 42 3
396 45 3
416 48 3
316 51 3
271 54 3
291 57 3
391 60 3
411 63 3
431 66 3
451 69 3
471 72 3
0 75 1
91 60 20 31
318 0 3
418 3 3
419 6 3
319 9 3
420 12 3
320 15 3
423 18 3
422 21 3
424 24 3
139 27 3
339 30 3
338 33 3
138 36 3
340 39 3
140 42 3
332 45 3
421 48 3
141 51 3
321 54 3
341 57 3
371 60 3
351 63 3
331 66 3
151 69 3
325 72 3
345 75 3
145 78 3
425 81 3
417 84 3
317 87 3
0 90 1
91 24 8 31
283 0 3
403 3 3
404 6 3
284 9 3
402 12 3
282 15 3
311 18 3
312 21 3
313 24 3
445 27 3
444 30 3
443 33 3
442 36 3
405 39 3
285 42 3
302 45 3
441 48 3
301 51 3
281 54 3
401 57 3
461 60 3
462 63 3
463 66 3
464 69 3
465 72 3
481 75 3
482 78 3
483 81 3
484 84 3
485 87 3
0 90 1
76 30 10 26
263 0 3
264 3 3
262 6 3
265 9 3
486 12 3
266 15 3
406 18 3
446 21 3
466 24 3
286 27 3
487 30 3
501 33 3
201 36 3
181 39 3
261 42 3
270 45 3
410 48 3
450 51 3
290 54 3
470 57 3
445 60 3
405 63 3
285 66 3
465 69 3
485 72 3
0 75 1
49 27 9 17
203 0 3
503 3 3
183 6 3
504 9 3
204 12 3
184 15 3
502 18 3
202 21 3
182 24 3
505 27 3
205 30 3
185 33 3
501 36 3
201 39 3
181 42 3
261 45 3
0 48 1
37 24 8 13
193 0 3
173 3 3
194 6 3
174 9 3
195 12 3
175 15 3
196 18 3
176 21 3
197 24 3
177 27 3
172 30 3
192 33 3
0 36 1
43 24 8 15
197 0 3
177 3 3
198 6 3
178 9 3
199 12 3
179 15 3
200 18 3
180 21 3
172 24 3
192 27 3
501 30 3
201 33 3
181 36 3
261 39 3
0 42 1
31 24 8 11
523 0 3
524 3 3
525 6 3
526 9 3
527 12 3
528 15 3
529 18 3
530 21 3
531 24 3
522 27 3
0 30 1
37 24 8 13
513 0 3
514 3 3
515 6 3
516 9 3
517 12 3
518 15 3
519 18 3
512 21 3
511 24 3
171 27 3
191 30 3
520 33 3
0 36 1
46 24 8 16
509 0 3
189 3 3
508 6 3
188 9 3
510 12 3
190 15 3
507 18 3
187 21 3
511 24 3
171 27 3
191 30 3
506 33 3
186 36 3
226 39 3
206 42 3
0 45 1
31 24 8 11
213 0 3
214 3 3
215 6 3
216 9 3
217 12 3
218 15 3
219 18 3
220 21 3
221 24 3
212 27 3
0 30 1
46 24 8 16
208 0 3
228 3 3
229 6 3
209 9 3
230 12 3
210 15 3
227 18 3
207 21 3
251 24 3
231 27 3
211 30 3
506 33 3
186 36 3
226 39 3
206 42 3
0 45 1
37 24 8 13
488 0 3
489 3 3
490 6 3
491 9 3
492 12 3
493 15 3
494 18 3
495 21 3
496 24 3
256 27 3
236 30 3
487 33 3
0 36 1
79 60 20 27
246 0 3
247 3 3
248 6 3
249 9 3
237 12 3
498 15 3
258 18 3
499 21 3
259 24 3
497 27 3
257 30 3
234 33 3
254 36 3
253 39 3
233 42 3
235 45 3
255 48 3
496 51 3
256 54 3
236 57 3
252 60 3
232 63 3
250 66 3
500 69 3
260 72 3
487 75 3
0 78 1
58 36 12 20
221 0 3
222 3 3
223 6 3
224 9 3
212 12 3
225 15 3
252 18 3
232 21 3
250 24 3
251 27 3
231 30 3
211 33 3
500 36 3
260 39 3
506 42 3
186 45 3
226 48 3
206 51 3
487 54 3
0 57 1
64 42 14 22
172 0 3
192 3 3
511 6 3
171 9 3
191 12 3
505 15 3
205 18 3
185 21 3
500 24 3
260 27 3
506 30 3
186 33 3
226 36 3
206 39 3
487 42 3
501 45 3
201 48 3
181 51 3
261 54 3
520 57 3
170 60 3
0 63 1
73 30 10 25
487 0 3
501 3 3
201 6 3
181 9 3
261 12 3
270 15 3
410 18 3
450 21 3
290 24 3
470 27 3
520 30 3
170 33 3
271 36 3
291 39 3
391 42 3
411 45 3
431 48 3
451 51 3
471 54 3
445 57 3
405 60 3
285 63 3
465 66 3
485 69 3
0 72 1
37 24 8 13
163 0 3
164 3 3
162 6 3
383 9 3
384 12 3
382 15 3
381 18 3
161 21 3
380 24 3
160 27 3
385 30 3
165 33 3
0 36 1
40 24 8 14
380 0 3
160 3 3
159 6 3
379 9 3
378 12 3
158 15 3
377 18 3
157 21 3
156 24 3
376 27 3
356 30 3
385 33 3
165 36 3
0 39 1
43 24 8 15
366 0 3
367 3 3
368 6 3
369 9 3
357 12 3
156 15 3
376 18 3
356 21 3
370 24 3
152 27 3
352 30 3
372 33 3
385 36 3
165 39 3
0 42 1
73 48 16 25
350 0 3
330 3 3
150 6 3
370 9 3
152 12 3
352 15 3
372 18 3
385 21 3
371 24 3
351 27 3
331 30 3
151 33 3
325 36 3
345 39 3
145 42 3
425 45 3
426 48 3
386 51 3
346 54 3
326 57 3
146 60 3
417 63 3
317 66 3
165 69 3
0 72 1
97 51 17 33
314 0 3
315 3 3
426 6 3
386 9 3
346 12 3
326 15 3
146 18 3
417 21 3
317 24 3
476 27 3
456 30 3
436 33 3
296 36 3
276 39 3
396 42 3
416 45 3
316 48 3
165 51 3
271 54 3
291 57 3
391 60 3
411 63 3
431 66 3
451 69 3
471 72 3
313 75 3
441 78 3
301 81 3
281 84 3
401 87 3
461 90 3
481 93 3
0 96 1
58 45 15 20
543 0 3
544 3 3
542 6 3
531 9 3
532 12 3
533 15 3
534 18 3
535 21 3
522 24 3
537 27 3
538 30 3
539 33 3
540 36 3
541 39 3
521 42 3
545 45 3
520 48 3
536 51 3
556 54 3
0 57 1
58 39 13 20
548 0 3
549 3 3
550 6 3
551 9 3
552 12 3
553 15 3
547 18 3
168 21 3
169 24 3
167 27 3
545 30 3
546 33 3
166 36 3
520 39 3
170 42 3
165 45 3
536 48 3
554 51 3
556 54 3
0 57 1
76 30 10 26
520 0 3
170 3 3
165 6 3
271 9 3
291 12 3
391 15 3
411 18 3
431 21 3
451 24 3
471 27 3
313 30 3
445 33 3
405 36 3
285 39 3
441 42 3
301 45 3
281 48 3
401 51 3
461 54 3
465 57 3
481 60 3
485 63 3
536 66 3
554 69 3
556 72 3
0 75 1
76 66 22 26
313 0 3
445 3 3
444 6 3
443 9 3
442 12 3
405 15 3
285 18 3
302 21 3
441 24 3
301 27 3
281 30 3
401 33 3
461 36 3
462 39 3
463 42 3
464 45 3
465 48 3
481 51 3
482 54 3
483 57 3
484 60 3
485 63 3
536 66 3
554 69 3
556 72 3
0 75 1
28 24 8 10
536 0 3
554 3 3
555 6 3
556 9 3
557 12 3
558 15 3
559 18 3
560 21 3
561 24 3
0 27 1
28 24 8 10
561 0 3
562 3 3
563 6 3
564 9 3
565 12 3
566 15 3
567 18 3
568 21 3
569 24 3
0 27 1
13 12 4 5
569 0 3
570 3 3
571 6 3
572 9 3
0 12 1
1 1 1 1
0 0 1

new keys
1
572

relin keys
0

