cliques
85
node 0	AtA: 41688	cholCost: 0	addCost: 1432	backsolveCost: 20100
node 1	AtA: 34740	cholCost: 0	addCost: 1432	backsolveCost: 20100
node 2	AtA: 34740	cholCost: 0	addCost: 1432	backsolveCost: 20100
node 3	AtA: 34740	cholCost: 0	addCost: 1432	backsolveCost: 20100
node 4	AtA: 34740	cholCost: 0	addCost: 1432	backsolveCost: 20100
node 5	AtA: 13124	cholCost: 0	addCost: 1048	backsolveCost: 15540
node 6	AtA: 55584	cholCost: 0	addCost: 1192	backsolveCost: 30193
node 7	AtA: 44776	cholCost: 0	addCost: 1192	backsolveCost: 47752
node 8	AtA: 13896	cholCost: 0	addCost: 1048	backsolveCost: 15617
node 9	AtA: 24704	cholCost: 0	addCost: 1192	backsolveCost: 15617
node 10	AtA: 21616	cholCost: 0	addCost: 1192	backsolveCost: 15617
node 11	AtA: 13124	cholCost: 0	addCost: 1048	backsolveCost: 15540
node 12	AtA: 12352	cholCost: 0	addCost: 1048	backsolveCost: 15540
node 13	AtA: 33196	cholCost: 0	addCost: 1000	backsolveCost: 40592
node 14	AtA: 21800	cholCost: 0	addCost: 1048	backsolveCost: 15617
node 15	AtA: 62532	cholCost: 0	addCost: 2200	backsolveCost: 20456
node 16	AtA: 13124	cholCost: 0	addCost: 1048	backsolveCost: 15540
node 17	AtA: 46320	cholCost: 0	addCost: 1768	backsolveCost: 20189
node 18	AtA: 13124	cholCost: 0	addCost: 1048	backsolveCost: 15540
node 19	AtA: 41688	cholCost: 0	addCost: 1432	backsolveCost: 20100
node 20	AtA: 13124	cholCost: 0	addCost: 1048	backsolveCost: 15540
node 21	AtA: 37056	cholCost: 0	addCost: 2728	backsolveCost: 16079
node 22	AtA: 201492	cholCost: 0	addCost: 4072	backsolveCost: 64355
node 23	AtA: 115800	cholCost: 0	addCost: 2200	backsolveCost: 48497
node 24	AtA: 115800	cholCost: 0	addCost: 2728	backsolveCost: 30758
node 25	AtA: 97272	cholCost: 0	addCost: 3352	backsolveCost: 30984
node 26	AtA: 79516	cholCost: 0	addCost: 3352	backsolveCost: 24624
node 27	AtA: 63304	cholCost: 0	addCost: 2200	backsolveCost: 73755
node 28	AtA: 65620	cholCost: 0	addCost: 6808	backsolveCost: 16695
node 29	AtA: 57128	cholCost: 0	addCost: 3352	backsolveCost: 24624
node 30	AtA: 44004	cholCost: 0	addCost: 1432	backsolveCost: 20189
node 31	AtA: 24704	cholCost: 0	addCost: 1192	backsolveCost: 15617
node 32	AtA: 24704	cholCost: 0	addCost: 1432	backsolveCost: 15771
node 33	AtA: 15624	cholCost: 0	addCost: 1048	backsolveCost: 15540
node 34	AtA: 14668	cholCost: 0	addCost: 1192	backsolveCost: 15617
node 35	AtA: 31836	cholCost: 0	addCost: 1432	backsolveCost: 15848
node 36	AtA: 13124	cholCost: 0	addCost: 1048	backsolveCost: 15540
node 37	AtA: 31836	cholCost: 0	addCost: 1432	backsolveCost: 15848
node 38	AtA: 14668	cholCost: 0	addCost: 1192	backsolveCost: 15617
node 39	AtA: 55584	cholCost: 0	addCost: 1432	backsolveCost: 73200
node 40	AtA: 30292	cholCost: 0	addCost: 1432	backsolveCost: 30419
node 41	AtA: 30292	cholCost: 0	addCost: 2200	backsolveCost: 16002
node 42	AtA: 27204	cholCost: 0	addCost: 2728	backsolveCost: 29594
node 43	AtA: 17756	cholCost: 0	addCost: 1192	backsolveCost: 15617
node 44	AtA: 23160	cholCost: 0	addCost: 1192	backsolveCost: 15694
node 45	AtA: 13896	cholCost: 0	addCost: 1432	backsolveCost: 15771
node 46	AtA: 67164	cholCost: 0	addCost: 1768	backsolveCost: 49598
node 47	AtA: 63304	cholCost: 0	addCost: 3352	backsolveCost: 57977
node 48	AtA: 29336	cholCost: 0	addCost: 1192	backsolveCost: 47603
node 49	AtA: 24704	cholCost: 0	addCost: 1432	backsolveCost: 36171
node 50	AtA: 65032	cholCost: 0	addCost: 3352	backsolveCost: 48944
node 51	AtA: 89736	cholCost: 0	addCost: 1048	backsolveCost: 88992
node 52	AtA: 16396	cholCost: 0	addCost: 1000	backsolveCost: 15463
node 53	AtA: 14852	cholCost: 0	addCost: 1000	backsolveCost: 15463
node 54	AtA: 14852	cholCost: 0	addCost: 1000	backsolveCost: 15463
node 55	AtA: 14852	cholCost: 0	addCost: 1000	backsolveCost: 15463
node 56	AtA: 14852	cholCost: 0	addCost: 1000	backsolveCost: 15463
node 57	AtA: 14852	cholCost: 0	addCost: 1000	backsolveCost: 15463
node 58	AtA: 14852	cholCost: 0	addCost: 1000	backsolveCost: 15463
node 59	AtA: 14852	cholCost: 0	addCost: 1000	backsolveCost: 15463
node 60	AtA: 14852	cholCost: 0	addCost: 1000	backsolveCost: 15463
node 61	AtA: 31652	cholCost: 0	addCost: 2728	backsolveCost: 16079
node 62	AtA: 29336	cholCost: 0	addCost: 4888	backsolveCost: 16541
node 63	AtA: 37240	cholCost: 0	addCost: 1000	backsolveCost: 81349
node 64	AtA: 14852	cholCost: 0	addCost: 1000	backsolveCost: 15463
node 65	AtA: 14852	cholCost: 0	addCost: 1000	backsolveCost: 15463
node 66	AtA: 12352	cholCost: 0	addCost: 1000	backsolveCost: 15463
node 67	AtA: 15624	cholCost: 0	addCost: 1048	backsolveCost: 15540
node 68	AtA: 27204	cholCost: 0	addCost: 1192	backsolveCost: 15617
node 69	AtA: 62532	cholCost: 0	addCost: 2200	backsolveCost: 20456
node 70	AtA: 55584	cholCost: 0	addCost: 3352	backsolveCost: 20634
node 71	AtA: 60216	cholCost: 0	addCost: 4888	backsolveCost: 20990
node 72	AtA: 33380	cholCost: 0	addCost: 1768	backsolveCost: 15848
node 73	AtA: 21800	cholCost: 0	addCost: 1048	backsolveCost: 28916
node 74	AtA: 23160	cholCost: 0	addCost: 1432	backsolveCost: 29255
node 75	AtA: 54996	cholCost: 0	addCost: 1768	backsolveCost: 15848
node 76	AtA: 45732	cholCost: 0	addCost: 1768	backsolveCost: 15925
node 77	AtA: 41688	cholCost: 0	addCost: 2200	backsolveCost: 20456
node 78	AtA: 61760	cholCost: 0	addCost: 2200	backsolveCost: 24321
node 79	AtA: 65620	cholCost: 0	addCost: 2728	backsolveCost: 24321
node 80	AtA: 28564	cholCost: 0	addCost: 1768	backsolveCost: 36296
node 81	AtA: 24704	cholCost: 0	addCost: 1048	backsolveCost: 28916
node 82	AtA: 13896	cholCost: 2084	addCost: 1000	backsolveCost: 15463
node 83	AtA: 4816	cholCost: 4470	addCost: 1000	backsolveCost: 3150
node 84	AtA: -1	cholCost: 0	addCost: -1	backsolveCost: 1561

