cliques
46
node 0	AtA: 41688	cholCost: 0	addCost: 1432	backsolveCost: 20100
node 1	AtA: 34740	cholCost: 0	addCost: 1432	backsolveCost: 20100
node 2	AtA: 34740	cholCost: 0	addCost: 1432	backsolveCost: 20100
node 3	AtA: 34740	cholCost: 0	addCost: 1432	backsolveCost: 20100
node 4	AtA: 34740	cholCost: 0	addCost: 1432	backsolveCost: 20100
node 5	AtA: 13124	cholCost: 0	addCost: 1048	backsolveCost: 15540
node 6	AtA: 55584	cholCost: 0	addCost: 1192	backsolveCost: 30193
node 7	AtA: 44776	cholCost: 0	addCost: 1192	backsolveCost: 47752
node 8	AtA: 13896	cholCost: 0	addCost: 1048	backsolveCost: 15617
node 9	AtA: 24704	cholCost: 0	addCost: 1192	backsolveCost: 15617
node 10	AtA: 21616	cholCost: 0	addCost: 1192	backsolveCost: 15617
node 11	AtA: 13124	cholCost: 0	addCost: 1048	backsolveCost: 15540
node 12	AtA: 12352	cholCost: 0	addCost: 1048	backsolveCost: 15540
node 13	AtA: 33196	cholCost: 0	addCost: 1000	backsolveCost: 40592
node 14	AtA: 19300	cholCost: 2468	addCost: 1048	backsolveCost: 15617
node 15	AtA: 62532	cholCost: 3744	addCost: 2200	backsolveCost: 20456
node 16	AtA: 13896	cholCost: 0	addCost: 1048	backsolveCost: 15617
node 17	AtA: 13124	cholCost: 0	addCost: 1048	backsolveCost: 15540
node 18	AtA: 46320	cholCost: 2352	addCost: 1768	backsolveCost: 20189
node 19	AtA: 13124	cholCost: 0	addCost: 1048	backsolveCost: 15540
node 20	AtA: 41688	cholCost: 0	addCost: 1432	backsolveCost: 20100
node 21	AtA: 30108	cholCost: 0	addCost: 1192	backsolveCost: 30193
node 22	AtA: 24704	cholCost: 0	addCost: 1192	backsolveCost: 15617
node 23	AtA: 21616	cholCost: 0	addCost: 1192	backsolveCost: 15617
node 24	AtA: 13124	cholCost: 0	addCost: 1048	backsolveCost: 15540
node 25	AtA: 27792	cholCost: 0	addCost: 1432	backsolveCost: 15771
node 26	AtA: 15624	cholCost: 0	addCost: 1048	backsolveCost: 15540
node 27	AtA: 28748	cholCost: 0	addCost: 1192	backsolveCost: 15694
node 28	AtA: 17756	cholCost: 0	addCost: 1432	backsolveCost: 20100
node 29	AtA: 24888	cholCost: 0	addCost: 1432	backsolveCost: 30306
node 30	AtA: 27792	cholCost: 0	addCost: 1432	backsolveCost: 15771
node 31	AtA: 32424	cholCost: 2828	addCost: 1048	backsolveCost: 47603
node 32	AtA: 27020	cholCost: 0	addCost: 2728	backsolveCost: 20456
node 33	AtA: 18528	cholCost: 2688	addCost: 2200	backsolveCost: 16002
node 34	AtA: 47276	cholCost: 77564	addCost: 2200	backsolveCost: 41551
node 35	AtA: 51724	cholCost: 6838	addCost: 4072	backsolveCost: 16387
node 36	AtA: 83376	cholCost: 7488	addCost: 4072	backsolveCost: 20723
node 37	AtA: 39556	cholCost: 32379	addCost: 2728	backsolveCost: 16079
node 38	AtA: 80472	cholCost: 128711	addCost: 3352	backsolveCost: 72378
node 39	AtA: 201492	cholCost: 12948	addCost: 4072	backsolveCost: 64355
node 40	AtA: 71980	cholCost: 106028	addCost: 10408	backsolveCost: 32227
node 41	AtA: 92052	cholCost: 99996	addCost: 10408	backsolveCost: 30950
node 42	AtA: 73524	cholCost: 137640	addCost: 9112	backsolveCost: 51833
node 43	AtA: 61172	cholCost: 58836	addCost: 10408	backsolveCost: 17080
node 44	AtA: 168480	cholCost: 266976	addCost: 1000	backsolveCost: 255398
node 45	AtA: -1	cholCost: 0	addCost: -1	backsolveCost: 1561

