cliques
41
node 0	AtA: 41688	cholCost: 0	addCost: 1432	backsolveCost: 20100
node 1	AtA: 34740	cholCost: 0	addCost: 1432	backsolveCost: 20100
node 2	AtA: 34740	cholCost: 0	addCost: 1432	backsolveCost: 20100
node 3	AtA: 34740	cholCost: 0	addCost: 1432	backsolveCost: 20100
node 4	AtA: 34740	cholCost: 0	addCost: 1432	backsolveCost: 20100
node 5	AtA: 13124	cholCost: 0	addCost: 1048	backsolveCost: 15540
node 6	AtA: 55584	cholCost: 0	addCost: 1192	backsolveCost: 30193
node 7	AtA: 44776	cholCost: 0	addCost: 1192	backsolveCost: 47752
node 8	AtA: 13896	cholCost: 0	addCost: 1048	backsolveCost: 15617
node 9	AtA: 24704	cholCost: 0	addCost: 1192	backsolveCost: 15617
node 10	AtA: 21616	cholCost: 0	addCost: 1192	backsolveCost: 15617
node 11	AtA: 13124	cholCost: 0	addCost: 1048	backsolveCost: 15540
node 12	AtA: 12352	cholCost: 0	addCost: 1048	backsolveCost: 15540
node 13	AtA: 33196	cholCost: 2144	addCost: 1000	backsolveCost: 40592
node 14	AtA: 45732	cholCost: 31131	addCost: 2200	backsolveCost: 16002
node 15	AtA: 15624	cholCost: 0	addCost: 1048	backsolveCost: 15540
node 16	AtA: 42644	cholCost: 35998	addCost: 3352	backsolveCost: 16233
node 17	AtA: 26248	cholCost: 0	addCost: 1192	backsolveCost: 15694
node 18	AtA: 24704	cholCost: 2768	addCost: 1192	backsolveCost: 15617
node 19	AtA: 21616	cholCost: 2768	addCost: 1192	backsolveCost: 15617
node 20	AtA: 22388	cholCost: 3056	addCost: 1192	backsolveCost: 30193
node 21	AtA: 24704	cholCost: 2768	addCost: 1192	backsolveCost: 15617
node 22	AtA: 21616	cholCost: 2768	addCost: 1192	backsolveCost: 15617
node 23	AtA: 13124	cholCost: 2240	addCost: 1048	backsolveCost: 15540
node 24	AtA: 30292	cholCost: 26264	addCost: 1432	backsolveCost: 15771
node 25	AtA: 15624	cholCost: 18402	addCost: 1048	backsolveCost: 15540
node 26	AtA: 28748	cholCost: 22645	addCost: 1192	backsolveCost: 15694
node 27	AtA: 25660	cholCost: 47415	addCost: 1432	backsolveCost: 30306
node 28	AtA: 19484	cholCost: 34238	addCost: 1432	backsolveCost: 20100
node 29	AtA: 30292	cholCost: 26264	addCost: 1432	backsolveCost: 15771
node 30	AtA: 21616	cholCost: 2864	addCost: 1192	backsolveCost: 20011
node 31	AtA: 23344	cholCost: 33406	addCost: 1192	backsolveCost: 20011
node 32	AtA: 41872	cholCost: 84812	addCost: 5800	backsolveCost: 31549
node 33	AtA: 13124	cholCost: 2240	addCost: 1048	backsolveCost: 15540
node 34	AtA: 38012	cholCost: 30507	addCost: 1768	backsolveCost: 15848
node 35	AtA: 21800	cholCost: 22021	addCost: 1048	backsolveCost: 15617
node 36	AtA: 35696	cholCost: 88738	addCost: 1432	backsolveCost: 62971
node 37	AtA: 27204	cholCost: 46375	addCost: 1432	backsolveCost: 29142
node 38	AtA: 15624	cholCost: 22645	addCost: 1192	backsolveCost: 15694
node 39	AtA: 18712	cholCost: 36225	addCost: 1000	backsolveCost: 28577
node 40	AtA: -1	cholCost: 0	addCost: -1	backsolveCost: 1561

