cliques
38
node 0	AtA: 41688	cholCost: 0	addCost: 1432	backsolveCost: 20100
node 1	AtA: 34740	cholCost: 0	addCost: 1432	backsolveCost: 20100
node 2	AtA: 34740	cholCost: 0	addCost: 1432	backsolveCost: 20100
node 3	AtA: 34740	cholCost: 0	addCost: 1432	backsolveCost: 20100
node 4	AtA: 34740	cholCost: 0	addCost: 1432	backsolveCost: 20100
node 5	AtA: 13124	cholCost: 0	addCost: 1048	backsolveCost: 15540
node 6	AtA: 55584	cholCost: 0	addCost: 1192	backsolveCost: 30193
node 7	AtA: 44776	cholCost: 0	addCost: 1192	backsolveCost: 47752
node 8	AtA: 13124	cholCost: 0	addCost: 1048	backsolveCost: 15540
node 9	AtA: 26248	cholCost: 0	addCost: 1192	backsolveCost: 15694
node 10	AtA: 27204	cholCost: 0	addCost: 1192	backsolveCost: 15617
node 11	AtA: 24116	cholCost: 0	addCost: 1192	backsolveCost: 15617
node 12	AtA: 16984	cholCost: 0	addCost: 1192	backsolveCost: 20011
node 13	AtA: 26432	cholCost: 0	addCost: 1048	backsolveCost: 28916
node 14	AtA: 13124	cholCost: 0	addCost: 1048	backsolveCost: 15540
node 15	AtA: 12352	cholCost: 0	addCost: 1048	backsolveCost: 15540
node 16	AtA: 13896	cholCost: 0	addCost: 1192	backsolveCost: 15617
node 17	AtA: 13896	cholCost: 0	addCost: 1048	backsolveCost: 15617
node 18	AtA: 27204	cholCost: 0	addCost: 1192	backsolveCost: 15617
node 19	AtA: 24116	cholCost: 0	addCost: 1192	backsolveCost: 15617
node 20	AtA: 29336	cholCost: 0	addCost: 1048	backsolveCost: 29967
node 21	AtA: 24704	cholCost: 3056	addCost: 1192	backsolveCost: 29029
node 22	AtA: 13124	cholCost: 0	addCost: 1048	backsolveCost: 15540
node 23	AtA: 26248	cholCost: 0	addCost: 1192	backsolveCost: 15694
node 24	AtA: 23160	cholCost: 0	addCost: 1432	backsolveCost: 30306
node 25	AtA: 13124	cholCost: 0	addCost: 1048	backsolveCost: 15540
node 26	AtA: 27792	cholCost: 0	addCost: 1432	backsolveCost: 15771
node 27	AtA: 16984	cholCost: 0	addCost: 1432	backsolveCost: 20100
node 28	AtA: 27792	cholCost: 0	addCost: 1432	backsolveCost: 15771
node 29	AtA: 24704	cholCost: 2768	addCost: 1192	backsolveCost: 15617
node 30	AtA: 13124	cholCost: 2240	addCost: 1048	backsolveCost: 15540
node 31	AtA: 12352	cholCost: 2240	addCost: 1048	backsolveCost: 15540
node 32	AtA: 20844	cholCost: 2864	addCost: 1192	backsolveCost: 19922
node 33	AtA: 21616	cholCost: 2768	addCost: 1192	backsolveCost: 15617
node 34	AtA: 30880	cholCost: 3056	addCost: 1192	backsolveCost: 30080
node 35	AtA: 20256	cholCost: 29579	addCost: 1048	backsolveCost: 19922
node 36	AtA: 14852	cholCost: 16194	addCost: 1000	backsolveCost: 10977
node 37	AtA: -1	cholCost: 0	addCost: -1	backsolveCost: 1561

