cliques
41
node 0	AtA: 41688	cholCost: 0	addCost: 1432	backsolveCost: 20100
node 1	AtA: 34740	cholCost: 0	addCost: 1432	backsolveCost: 20100
node 2	AtA: 34740	cholCost: 0	addCost: 1432	backsolveCost: 20100
node 3	AtA: 34740	cholCost: 0	addCost: 1432	backsolveCost: 20100
node 4	AtA: 34740	cholCost: 0	addCost: 1432	backsolveCost: 20100
node 5	AtA: 13124	cholCost: 0	addCost: 1048	backsolveCost: 15540
node 6	AtA: 55584	cholCost: 0	addCost: 1192	backsolveCost: 30193
node 7	AtA: 44776	cholCost: 0	addCost: 1192	backsolveCost: 47752
node 8	AtA: 13896	cholCost: 0	addCost: 1048	backsolveCost: 15617
node 9	AtA: 24704	cholCost: 0	addCost: 1192	backsolveCost: 15617
node 10	AtA: 21616	cholCost: 0	addCost: 1192	backsolveCost: 15617
node 11	AtA: 13124	cholCost: 0	addCost: 1048	backsolveCost: 15540
node 12	AtA: 12352	cholCost: 0	addCost: 1048	backsolveCost: 15540
node 13	AtA: 33196	cholCost: 0	addCost: 1000	backsolveCost: 40592
node 14	AtA: 43232	cholCost: 0	addCost: 2200	backsolveCost: 16002
node 15	AtA: 15624	cholCost: 0	addCost: 1048	backsolveCost: 15540
node 16	AtA: 40144	cholCost: 0	addCost: 3352	backsolveCost: 16233
node 17	AtA: 28748	cholCost: 0	addCost: 1192	backsolveCost: 15694
node 18	AtA: 24704	cholCost: 0	addCost: 1192	backsolveCost: 15617
node 19	AtA: 21616	cholCost: 0	addCost: 1192	backsolveCost: 15617
node 20	AtA: 16984	cholCost: 0	addCost: 1192	backsolveCost: 20011
node 21	AtA: 29520	cholCost: 0	addCost: 1192	backsolveCost: 30193
node 22	AtA: 27204	cholCost: 0	addCost: 1192	backsolveCost: 15617
node 23	AtA: 24116	cholCost: 0	addCost: 1192	backsolveCost: 15617
node 24	AtA: 15624	cholCost: 0	addCost: 1048	backsolveCost: 15540
node 25	AtA: 27792	cholCost: 0	addCost: 1432	backsolveCost: 15771
node 26	AtA: 13124	cholCost: 0	addCost: 1048	backsolveCost: 15540
node 27	AtA: 26248	cholCost: 0	addCost: 1192	backsolveCost: 15694
node 28	AtA: 23160	cholCost: 0	addCost: 1432	backsolveCost: 30306
node 29	AtA: 19484	cholCost: 0	addCost: 1432	backsolveCost: 20100
node 30	AtA: 27792	cholCost: 0	addCost: 1432	backsolveCost: 15771
node 31	AtA: 24116	cholCost: 0	addCost: 4888	backsolveCost: 16464
node 32	AtA: 44188	cholCost: 0	addCost: 4888	backsolveCost: 50939
node 33	AtA: -1	cholCost: 0	addCost: -1	backsolveCost: 15540
node 34	AtA: 26248	cholCost: 0	addCost: 1192	backsolveCost: 15694
node 35	AtA: -1	cholCost: 0	addCost: -1	backsolveCost: 15617
node 36	AtA: -1	cholCost: 0	addCost: -1	backsolveCost: 47752
node 37	AtA: 17756	cholCost: 0	addCost: 1048	backsolveCost: 28803
node 38	AtA: 13124	cholCost: 2084	addCost: 1000	backsolveCost: 15463
node 39	AtA: 9448	cholCost: 10188	addCost: 1000	backsolveCost: 8372
node 40	AtA: -1	cholCost: 0	addCost: -1	backsolveCost: 1561

