cliques
46
node 0	AtA: 41688	cholCost: 0	addCost: 1432	backsolveCost: 20100
node 1	AtA: 34740	cholCost: 0	addCost: 1432	backsolveCost: 20100
node 2	AtA: 34740	cholCost: 0	addCost: 1432	backsolveCost: 20100
node 3	AtA: 34740	cholCost: 0	addCost: 1432	backsolveCost: 20100
node 4	AtA: 34740	cholCost: 0	addCost: 1432	backsolveCost: 20100
node 5	AtA: 13124	cholCost: 0	addCost: 1048	backsolveCost: 15540
node 6	AtA: 55584	cholCost: 0	addCost: 1192	backsolveCost: 30193
node 7	AtA: 44776	cholCost: 0	addCost: 1192	backsolveCost: 47752
node 8	AtA: 13896	cholCost: 0	addCost: 1048	backsolveCost: 15617
node 9	AtA: 24704	cholCost: 0	addCost: 1192	backsolveCost: 15617
node 10	AtA: 21616	cholCost: 0	addCost: 1192	backsolveCost: 15617
node 11	AtA: 13124	cholCost: 0	addCost: 1048	backsolveCost: 15540
node 12	AtA: 12352	cholCost: 0	addCost: 1048	backsolveCost: 15540
node 13	AtA: 33196	cholCost: 0	addCost: 1000	backsolveCost: 40592
node 14	AtA: 19300	cholCost: 0	addCost: 1048	backsolveCost: 15617
node 15	AtA: 65032	cholCost: 0	addCost: 2200	backsolveCost: 20456
node 16	AtA: 13896	cholCost: 0	addCost: 1048	backsolveCost: 15617
node 17	AtA: 13124	cholCost: 0	addCost: 1048	backsolveCost: 15540
node 18	AtA: 46320	cholCost: 0	addCost: 1768	backsolveCost: 20189
node 19	AtA: 13124	cholCost: 0	addCost: 1048	backsolveCost: 15540
node 20	AtA: 41688	cholCost: 0	addCost: 1432	backsolveCost: 20100
node 21	AtA: 30108	cholCost: 0	addCost: 1192	backsolveCost: 30193
node 22	AtA: 24704	cholCost: 0	addCost: 1192	backsolveCost: 15617
node 23	AtA: 21616	cholCost: 0	addCost: 1192	backsolveCost: 15617
node 24	AtA: 13124	cholCost: 0	addCost: 1048	backsolveCost: 15540
node 25	AtA: 27792	cholCost: 0	addCost: 1432	backsolveCost: 15771
node 26	AtA: 15624	cholCost: 0	addCost: 1048	backsolveCost: 15540
node 27	AtA: 28748	cholCost: 0	addCost: 1192	backsolveCost: 15694
node 28	AtA: 17756	cholCost: 0	addCost: 1432	backsolveCost: 20100
node 29	AtA: 24888	cholCost: 0	addCost: 1432	backsolveCost: 30306
node 30	AtA: 27792	cholCost: 0	addCost: 1432	backsolveCost: 15771
node 31	AtA: 32424	cholCost: 0	addCost: 1048	backsolveCost: 47603
node 32	AtA: 27020	cholCost: 0	addCost: 2728	backsolveCost: 20456
node 33	AtA: 18528	cholCost: 0	addCost: 2200	backsolveCost: 16002
node 34	AtA: 44776	cholCost: 0	addCost: 2200	backsolveCost: 41551
node 35	AtA: 51724	cholCost: 6708	addCost: 4072	backsolveCost: 16387
node 36	AtA: 83376	cholCost: 7488	addCost: 4072	backsolveCost: 20723
node 37	AtA: 37056	cholCost: 4080	addCost: 2728	backsolveCost: 16079
node 38	AtA: 76428	cholCost: 8400	addCost: 2728	backsolveCost: 72193
node 39	AtA: 199360	cholCost: 115902	addCost: 4072	backsolveCost: 64182
node 40	AtA: 69480	cholCost: 24816	addCost: 10408	backsolveCost: 32114
node 41	AtA: 82788	cholCost: 92924	addCost: 9112	backsolveCost: 30837
node 42	AtA: 72752	cholCost: 125160	addCost: 7912	backsolveCost: 51535
node 43	AtA: 61172	cholCost: 58212	addCost: 9112	backsolveCost: 17003
node 44	AtA: 150724	cholCost: 234052	addCost: 1000	backsolveCost: 227660
node 45	AtA: -1	cholCost: 0	addCost: -1	backsolveCost: 1561

