cliques
104
node 0	AtA: 41688	cholCost: 0	addCost: 1432	backsolveCost: 20100
node 1	AtA: 34740	cholCost: 0	addCost: 1432	backsolveCost: 20100
node 2	AtA: 34740	cholCost: 0	addCost: 1432	backsolveCost: 20100
node 3	AtA: 34740	cholCost: 0	addCost: 1432	backsolveCost: 20100
node 4	AtA: 34740	cholCost: 0	addCost: 1432	backsolveCost: 20100
node 5	AtA: 13124	cholCost: 0	addCost: 1048	backsolveCost: 15540
node 6	AtA: 55584	cholCost: 0	addCost: 1192	backsolveCost: 30193
node 7	AtA: 44776	cholCost: 0	addCost: 1192	backsolveCost: 47752
node 8	AtA: 13896	cholCost: 0	addCost: 1048	backsolveCost: 15617
node 9	AtA: 24704	cholCost: 0	addCost: 1192	backsolveCost: 15617
node 10	AtA: 21616	cholCost: 0	addCost: 1192	backsolveCost: 15617
node 11	AtA: 13124	cholCost: 0	addCost: 1048	backsolveCost: 15540
node 12	AtA: 12352	cholCost: 0	addCost: 1048	backsolveCost: 15540
node 13	AtA: 33196	cholCost: 0	addCost: 1000	backsolveCost: 40592
node 14	AtA: 19300	cholCost: 0	addCost: 1048	backsolveCost: 15617
node 15	AtA: 13124	cholCost: 0	addCost: 1048	backsolveCost: 15540
node 16	AtA: 44188	cholCost: 0	addCost: 1432	backsolveCost: 20100
node 17	AtA: 15624	cholCost: 0	addCost: 1048	backsolveCost: 15540
node 18	AtA: 52496	cholCost: 0	addCost: 1768	backsolveCost: 15848
node 19	AtA: 44004	cholCost: 0	addCost: 1432	backsolveCost: 20189
node 20	AtA: 17756	cholCost: 0	addCost: 1192	backsolveCost: 15617
node 21	AtA: 23160	cholCost: 0	addCost: 1192	backsolveCost: 15694
node 22	AtA: 13896	cholCost: 0	addCost: 1432	backsolveCost: 15771
node 23	AtA: 48636	cholCost: 0	addCost: 1768	backsolveCost: 48199
node 24	AtA: 41688	cholCost: 0	addCost: 1432	backsolveCost: 20100
node 25	AtA: 37240	cholCost: 0	addCost: 1432	backsolveCost: 20100
node 26	AtA: 37056	cholCost: 0	addCost: 2728	backsolveCost: 16079
node 27	AtA: 43232	cholCost: 0	addCost: 1768	backsolveCost: 15925
node 28	AtA: 37056	cholCost: 0	addCost: 2728	backsolveCost: 16079
node 29	AtA: 32424	cholCost: 0	addCost: 2728	backsolveCost: 20456
node 30	AtA: 159216	cholCost: 0	addCost: 3352	backsolveCost: 41962
node 31	AtA: 124292	cholCost: 0	addCost: 3352	backsolveCost: 42099
node 32	AtA: 81060	cholCost: 0	addCost: 2200	backsolveCost: 24220
node 33	AtA: 83560	cholCost: 0	addCost: 2200	backsolveCost: 24220
node 34	AtA: 69480	cholCost: 0	addCost: 2728	backsolveCost: 24321
node 35	AtA: 44004	cholCost: 0	addCost: 1432	backsolveCost: 20189
node 36	AtA: 13124	cholCost: 0	addCost: 1048	backsolveCost: 15540
node 37	AtA: 27204	cholCost: 0	addCost: 1192	backsolveCost: 15617
node 38	AtA: 23160	cholCost: 0	addCost: 1192	backsolveCost: 15694
node 39	AtA: 16396	cholCost: 0	addCost: 1048	backsolveCost: 15617
node 40	AtA: 27204	cholCost: 0	addCost: 1192	backsolveCost: 15617
node 41	AtA: 24116	cholCost: 0	addCost: 1192	backsolveCost: 15617
node 42	AtA: 24116	cholCost: 0	addCost: 1192	backsolveCost: 15617
node 43	AtA: 23932	cholCost: 0	addCost: 1192	backsolveCost: 28916
node 44	AtA: 13896	cholCost: 0	addCost: 1048	backsolveCost: 15617
node 45	AtA: 13896	cholCost: 0	addCost: 1048	backsolveCost: 15617
node 46	AtA: 30108	cholCost: 0	addCost: 1192	backsolveCost: 49300
node 47	AtA: 15624	cholCost: 0	addCost: 1048	backsolveCost: 15540
node 48	AtA: 14852	cholCost: 0	addCost: 1048	backsolveCost: 15540
node 49	AtA: 14852	cholCost: 0	addCost: 1048	backsolveCost: 15540
node 50	AtA: 14852	cholCost: 0	addCost: 1048	backsolveCost: 15540
node 51	AtA: 14852	cholCost: 0	addCost: 1048	backsolveCost: 15540
node 52	AtA: 14852	cholCost: 0	addCost: 1048	backsolveCost: 15540
node 53	AtA: 14852	cholCost: 0	addCost: 1048	backsolveCost: 15540
node 54	AtA: 14852	cholCost: 0	addCost: 1048	backsolveCost: 15540
node 55	AtA: 16396	cholCost: 0	addCost: 1192	backsolveCost: 15694
node 56	AtA: 21028	cholCost: 0	addCost: 1432	backsolveCost: 20100
node 57	AtA: 27976	cholCost: 0	addCost: 1432	backsolveCost: 20189
node 58	AtA: 13124	cholCost: 0	addCost: 1048	backsolveCost: 15540
node 59	AtA: 115800	cholCost: 0	addCost: 2728	backsolveCost: 30758
node 60	AtA: 97272	cholCost: 0	addCost: 3352	backsolveCost: 30984
node 61	AtA: 37056	cholCost: 0	addCost: 2728	backsolveCost: 16079
node 62	AtA: 13896	cholCost: 0	addCost: 1048	backsolveCost: 15617
node 63	AtA: 13896	cholCost: 0	addCost: 1048	backsolveCost: 15617
node 64	AtA: 52496	cholCost: 0	addCost: 1768	backsolveCost: 15848
node 65	AtA: 46320	cholCost: 0	addCost: 2200	backsolveCost: 16002
node 66	AtA: 41688	cholCost: 0	addCost: 1768	backsolveCost: 20278
node 67	AtA: 52496	cholCost: 0	addCost: 1768	backsolveCost: 15848
node 68	AtA: 15624	cholCost: 0	addCost: 1048	backsolveCost: 15540
node 69	AtA: 33196	cholCost: 0	addCost: 1192	backsolveCost: 47752
node 70	AtA: 19300	cholCost: 0	addCost: 1048	backsolveCost: 19833
node 71	AtA: 35512	cholCost: 0	addCost: 2200	backsolveCost: 16079
node 72	AtA: 44776	cholCost: 0	addCost: 3352	backsolveCost: 29820
node 73	AtA: 83560	cholCost: 0	addCost: 2200	backsolveCost: 24220
node 74	AtA: 54996	cholCost: 0	addCost: 1768	backsolveCost: 15848
node 75	AtA: 42644	cholCost: 0	addCost: 1768	backsolveCost: 15848
node 76	AtA: 42644	cholCost: 0	addCost: 1768	backsolveCost: 15848
node 77	AtA: 42644	cholCost: 0	addCost: 1768	backsolveCost: 15848
node 78	AtA: 42644	cholCost: 0	addCost: 1768	backsolveCost: 15848
node 79	AtA: 42644	cholCost: 0	addCost: 1768	backsolveCost: 15848
node 80	AtA: 52496	cholCost: 0	addCost: 2728	backsolveCost: 16079
node 81	AtA: 69480	cholCost: 0	addCost: 2728	backsolveCost: 24321
node 82	AtA: 16396	cholCost: 0	addCost: 1048	backsolveCost: 15617
node 83	AtA: 21616	cholCost: 0	addCost: 1192	backsolveCost: 29029
node 84	AtA: 21616	cholCost: 0	addCost: 1432	backsolveCost: 15771
node 85	AtA: 13124	cholCost: 0	addCost: 1048	backsolveCost: 15540
node 86	AtA: 34740	cholCost: 0	addCost: 3352	backsolveCost: 30984
node 87	AtA: 27792	cholCost: 0	addCost: 4072	backsolveCost: 16387
node 88	AtA: 29336	cholCost: 0	addCost: 1432	backsolveCost: 15848
node 89	AtA: 14668	cholCost: 0	addCost: 1192	backsolveCost: 15617
node 90	AtA: 58084	cholCost: 0	addCost: 1432	backsolveCost: 73200
node 91	AtA: 30292	cholCost: 0	addCost: 1432	backsolveCost: 30419
node 92	AtA: 49592	cholCost: 0	addCost: 1768	backsolveCost: 36296
node 93	AtA: 28748	cholCost: 0	addCost: 1768	backsolveCost: 20278
node 94	AtA: 50364	cholCost: 0	addCost: 3352	backsolveCost: 29820
node 95	AtA: 74296	cholCost: 0	addCost: 1048	backsolveCost: 56367
node 96	AtA: 29336	cholCost: 7488	addCost: 4072	backsolveCost: 20812
node 97	AtA: 82604	cholCost: 2252	addCost: 1000	backsolveCost: 119477
node 98	AtA: 35696	cholCost: 32379	addCost: 2728	backsolveCost: 16156
node 99	AtA: 17940	cholCost: 35998	addCost: 3352	backsolveCost: 16233
node 100	AtA: 29520	cholCost: 36622	addCost: 3352	backsolveCost: 16310
node 101	AtA: 14852	cholCost: 36622	addCost: 3352	backsolveCost: 16310
node 102	AtA: 27976	cholCost: 64243	addCost: 1000	backsolveCost: 56045
node 103	AtA: -1	cholCost: 0	addCost: -1	backsolveCost: 1561

