cliques
45
node 0	AtA: 41688	cholCost: 0	addCost: 1432	backsolveCost: 20100
node 1	AtA: 34740	cholCost: 0	addCost: 1432	backsolveCost: 20100
node 2	AtA: 34740	cholCost: 0	addCost: 1432	backsolveCost: 20100
node 3	AtA: 34740	cholCost: 0	addCost: 1432	backsolveCost: 20100
node 4	AtA: 34740	cholCost: 0	addCost: 1432	backsolveCost: 20100
node 5	AtA: 13124	cholCost: 0	addCost: 1048	backsolveCost: 15540
node 6	AtA: 55584	cholCost: 0	addCost: 1192	backsolveCost: 30193
node 7	AtA: 44776	cholCost: 0	addCost: 1192	backsolveCost: 47752
node 8	AtA: 13896	cholCost: 0	addCost: 1048	backsolveCost: 15617
node 9	AtA: 24704	cholCost: 0	addCost: 1192	backsolveCost: 15617
node 10	AtA: 21616	cholCost: 0	addCost: 1192	backsolveCost: 15617
node 11	AtA: 13124	cholCost: 0	addCost: 1048	backsolveCost: 15540
node 12	AtA: 12352	cholCost: 0	addCost: 1048	backsolveCost: 15540
node 13	AtA: 33196	cholCost: 0	addCost: 1000	backsolveCost: 40592
node 14	AtA: 19300	cholCost: 0	addCost: 1048	backsolveCost: 15617
node 15	AtA: 62532	cholCost: 0	addCost: 2200	backsolveCost: 20456
node 16	AtA: 13896	cholCost: 0	addCost: 1048	backsolveCost: 15617
node 17	AtA: 13124	cholCost: 0	addCost: 1048	backsolveCost: 15540
node 18	AtA: 46320	cholCost: 2352	addCost: 1768	backsolveCost: 20189
node 19	AtA: 13124	cholCost: 0	addCost: 1048	backsolveCost: 15540
node 20	AtA: 41688	cholCost: 0	addCost: 1432	backsolveCost: 20100
node 21	AtA: 30108	cholCost: 0	addCost: 1192	backsolveCost: 30193
node 22	AtA: 24704	cholCost: 0	addCost: 1192	backsolveCost: 15617
node 23	AtA: 21616	cholCost: 0	addCost: 1192	backsolveCost: 15617
node 24	AtA: 13124	cholCost: 0	addCost: 1048	backsolveCost: 15540
node 25	AtA: 27792	cholCost: 0	addCost: 1432	backsolveCost: 15771
node 26	AtA: 15624	cholCost: 0	addCost: 1048	backsolveCost: 15540
node 27	AtA: 28748	cholCost: 0	addCost: 1192	backsolveCost: 15694
node 28	AtA: 17756	cholCost: 0	addCost: 1432	backsolveCost: 20100
node 29	AtA: 24888	cholCost: 0	addCost: 1432	backsolveCost: 30306
node 30	AtA: 27792	cholCost: 0	addCost: 1432	backsolveCost: 15771
node 31	AtA: 85692	cholCost: 6739	addCost: 3352	backsolveCost: 30984
node 32	AtA: 32424	cholCost: 0	addCost: 1048	backsolveCost: 47603
node 33	AtA: 27020	cholCost: 0	addCost: 2728	backsolveCost: 20456
node 34	AtA: 18528	cholCost: 2688	addCost: 2200	backsolveCost: 16002
node 35	AtA: 44776	cholCost: 4288	addCost: 2200	backsolveCost: 41551
node 36	AtA: 53268	cholCost: 12288	addCost: 5800	backsolveCost: 25028
node 37	AtA: 37828	cholCost: 4219	addCost: 2728	backsolveCost: 16079
node 38	AtA: 51136	cholCost: 38065	addCost: 1768	backsolveCost: 20189
node 39	AtA: 100360	cholCost: 5659	addCost: 2728	backsolveCost: 30871
node 40	AtA: 68120	cholCost: 150120	addCost: 11800	backsolveCost: 50732
node 41	AtA: 58856	cholCost: 74672	addCost: 9112	backsolveCost: 21435
node 42	AtA: 48820	cholCost: 125160	addCost: 7912	backsolveCost: 49987
node 43	AtA: 63488	cholCost: 147760	addCost: 1000	backsolveCost: 145190
node 44	AtA: -1	cholCost: 0	addCost: -1	backsolveCost: 1561

