cliques
51
node 0	AtA: 41688	cholCost: 0	addCost: 1432	backsolveCost: 20100
node 1	AtA: 34740	cholCost: 0	addCost: 1432	backsolveCost: 20100
node 2	AtA: 34740	cholCost: 0	addCost: 1432	backsolveCost: 20100
node 3	AtA: 34740	cholCost: 0	addCost: 1432	backsolveCost: 20100
node 4	AtA: 34740	cholCost: 0	addCost: 1432	backsolveCost: 20100
node 5	AtA: 13124	cholCost: 0	addCost: 1048	backsolveCost: 15540
node 6	AtA: 55584	cholCost: 0	addCost: 1192	backsolveCost: 30193
node 7	AtA: 44776	cholCost: 0	addCost: 1192	backsolveCost: 47752
node 8	AtA: 13896	cholCost: 0	addCost: 1048	backsolveCost: 15617
node 9	AtA: 24704	cholCost: 0	addCost: 1192	backsolveCost: 15617
node 10	AtA: 21616	cholCost: 0	addCost: 1192	backsolveCost: 15617
node 11	AtA: 13124	cholCost: 0	addCost: 1048	backsolveCost: 15540
node 12	AtA: 12352	cholCost: 0	addCost: 1048	backsolveCost: 15540
node 13	AtA: 33196	cholCost: 0	addCost: 1000	backsolveCost: 40592
node 14	AtA: 21800	cholCost: 0	addCost: 1048	backsolveCost: 15617
node 15	AtA: 62532	cholCost: 0	addCost: 2200	backsolveCost: 20456
node 16	AtA: 13896	cholCost: 0	addCost: 1048	backsolveCost: 15617
node 17	AtA: 13124	cholCost: 2240	addCost: 1048	backsolveCost: 15540
node 18	AtA: 46320	cholCost: 2352	addCost: 1768	backsolveCost: 20189
node 19	AtA: 13124	cholCost: 0	addCost: 1048	backsolveCost: 15540
node 20	AtA: 41688	cholCost: 0	addCost: 1432	backsolveCost: 20100
node 21	AtA: 30108	cholCost: 3056	addCost: 1192	backsolveCost: 30193
node 22	AtA: 27204	cholCost: 22645	addCost: 1192	backsolveCost: 15617
node 23	AtA: 24116	cholCost: 22645	addCost: 1192	backsolveCost: 15617
node 24	AtA: 13124	cholCost: 0	addCost: 1048	backsolveCost: 15540
node 25	AtA: 29336	cholCost: 0	addCost: 1432	backsolveCost: 15848
node 26	AtA: 13124	cholCost: 0	addCost: 1048	backsolveCost: 15540
node 27	AtA: 27792	cholCost: 0	addCost: 1432	backsolveCost: 15771
node 28	AtA: 27020	cholCost: 4560	addCost: 2728	backsolveCost: 20456
node 29	AtA: 37056	cholCost: 4080	addCost: 2728	backsolveCost: 16079
node 30	AtA: 201492	cholCost: 12948	addCost: 4072	backsolveCost: 64355
node 31	AtA: 115800	cholCost: 0	addCost: 2200	backsolveCost: 48497
node 32	AtA: 115800	cholCost: 5520	addCost: 2728	backsolveCost: 30758
node 33	AtA: 97272	cholCost: 6600	addCost: 3352	backsolveCost: 30984
node 34	AtA: 79516	cholCost: 7104	addCost: 3352	backsolveCost: 24624
node 35	AtA: 20072	cholCost: 0	addCost: 1768	backsolveCost: 20189
node 36	AtA: 63304	cholCost: 5568	addCost: 2200	backsolveCost: 73755
node 37	AtA: 60988	cholCost: 3864	addCost: 1768	backsolveCost: 57172
node 38	AtA: 65620	cholCost: 11220	addCost: 6808	backsolveCost: 16695
node 39	AtA: 14668	cholCost: 0	addCost: 1192	backsolveCost: 15617
node 40	AtA: 57128	cholCost: 0	addCost: 3352	backsolveCost: 24624
node 41	AtA: 23932	cholCost: 0	addCost: 1768	backsolveCost: 15848
node 42	AtA: 44004	cholCost: 0	addCost: 1432	backsolveCost: 20189
node 43	AtA: 36284	cholCost: 3648	addCost: 2200	backsolveCost: 29481
node 44	AtA: 17756	cholCost: 6708	addCost: 4072	backsolveCost: 16310
node 45	AtA: 27976	cholCost: 52042	addCost: 3352	backsolveCost: 20723
node 46	AtA: 54224	cholCost: 84812	addCost: 5800	backsolveCost: 31436
node 47	AtA: 70436	cholCost: 99701	addCost: 4072	backsolveCost: 50492
node 48	AtA: 89736	cholCost: 111854	addCost: 1192	backsolveCost: 88992
node 49	AtA: 15624	cholCost: 16194	addCost: 1000	backsolveCost: 10977
node 50	AtA: -1	cholCost: 0	addCost: -1	backsolveCost: 1561

