cliques
43
node 0	AtA: 41688	cholCost: 0	addCost: 1432	backsolveCost: 20100
node 1	AtA: 34740	cholCost: 0	addCost: 1432	backsolveCost: 20100
node 2	AtA: 34740	cholCost: 0	addCost: 1432	backsolveCost: 20100
node 3	AtA: 34740	cholCost: 0	addCost: 1432	backsolveCost: 20100
node 4	AtA: 34740	cholCost: 0	addCost: 1432	backsolveCost: 20100
node 5	AtA: 13124	cholCost: 0	addCost: 1048	backsolveCost: 15540
node 6	AtA: 55584	cholCost: 0	addCost: 1192	backsolveCost: 30193
node 7	AtA: 44776	cholCost: 0	addCost: 1192	backsolveCost: 47752
node 8	AtA: 13896	cholCost: 0	addCost: 1048	backsolveCost: 15617
node 9	AtA: 24704	cholCost: 0	addCost: 1192	backsolveCost: 15617
node 10	AtA: 21616	cholCost: 0	addCost: 1192	backsolveCost: 15617
node 11	AtA: 13124	cholCost: 0	addCost: 1048	backsolveCost: 15540
node 12	AtA: 12352	cholCost: 0	addCost: 1048	backsolveCost: 15540
node 13	AtA: 33196	cholCost: 0	addCost: 1000	backsolveCost: 40592
node 14	AtA: 19300	cholCost: 2468	addCost: 1048	backsolveCost: 15617
node 15	AtA: 51136	cholCost: 38065	addCost: 1768	backsolveCost: 20189
node 16	AtA: 13896	cholCost: 0	addCost: 1048	backsolveCost: 15617
node 17	AtA: 13124	cholCost: 2240	addCost: 1048	backsolveCost: 15540
node 18	AtA: 44004	cholCost: 3776	addCost: 1432	backsolveCost: 20189
node 19	AtA: 13124	cholCost: 0	addCost: 1048	backsolveCost: 15540
node 20	AtA: 41688	cholCost: 3280	addCost: 1432	backsolveCost: 20100
node 21	AtA: 30108	cholCost: 3056	addCost: 1192	backsolveCost: 30193
node 22	AtA: 24704	cholCost: 2768	addCost: 1192	backsolveCost: 15617
node 23	AtA: 21616	cholCost: 2768	addCost: 1192	backsolveCost: 15617
node 24	AtA: 13124	cholCost: 2240	addCost: 1048	backsolveCost: 15540
node 25	AtA: 27792	cholCost: 3140	addCost: 1432	backsolveCost: 15771
node 26	AtA: 15624	cholCost: 0	addCost: 1048	backsolveCost: 15540
node 27	AtA: 28748	cholCost: 22645	addCost: 1192	backsolveCost: 15694
node 28	AtA: 17756	cholCost: 3280	addCost: 1432	backsolveCost: 20100
node 29	AtA: 24888	cholCost: 47415	addCost: 1432	backsolveCost: 30306
node 30	AtA: 27792	cholCost: 3140	addCost: 1432	backsolveCost: 15771
node 31	AtA: 39556	cholCost: 47831	addCost: 2728	backsolveCost: 24321
node 32	AtA: 62532	cholCost: 3744	addCost: 2200	backsolveCost: 20456
node 33	AtA: 57900	cholCost: 2856	addCost: 1768	backsolveCost: 30419
node 34	AtA: 54040	cholCost: 7912	addCost: 3352	backsolveCost: 31097
node 35	AtA: 34924	cholCost: 57021	addCost: 1048	backsolveCost: 47603
node 36	AtA: 27020	cholCost: 4560	addCost: 2728	backsolveCost: 20456
node 37	AtA: 20256	cholCost: 30507	addCost: 1768	backsolveCost: 15925
node 38	AtA: 88192	cholCost: 197964	addCost: 6808	backsolveCost: 92127
node 39	AtA: 26432	cholCost: 32379	addCost: 2728	backsolveCost: 16079
node 40	AtA: 34924	cholCost: 84812	addCost: 5800	backsolveCost: 30385
node 41	AtA: 53452	cholCost: 110990	addCost: 1000	backsolveCost: 100454
node 42	AtA: -1	cholCost: 0	addCost: -1	backsolveCost: 1561

