cliques
41
node 0	AtA: 41688	cholCost: 0	addCost: 1432	backsolveCost: 20100
node 1	AtA: 34740	cholCost: 0	addCost: 1432	backsolveCost: 20100
node 2	AtA: 34740	cholCost: 0	addCost: 1432	backsolveCost: 20100
node 3	AtA: 34740	cholCost: 0	addCost: 1432	backsolveCost: 20100
node 4	AtA: 34740	cholCost: 0	addCost: 1432	backsolveCost: 20100
node 5	AtA: 13124	cholCost: 0	addCost: 1048	backsolveCost: 15540
node 6	AtA: 55584	cholCost: 0	addCost: 1192	backsolveCost: 30193
node 7	AtA: 44776	cholCost: 0	addCost: 1192	backsolveCost: 47752
node 8	AtA: 13896	cholCost: 0	addCost: 1048	backsolveCost: 15617
node 9	AtA: 24704	cholCost: 0	addCost: 1192	backsolveCost: 15617
node 10	AtA: 21616	cholCost: 0	addCost: 1192	backsolveCost: 15617
node 11	AtA: 13124	cholCost: 0	addCost: 1048	backsolveCost: 15540
node 12	AtA: 12352	cholCost: 0	addCost: 1048	backsolveCost: 15540
node 13	AtA: 33196	cholCost: 0	addCost: 1000	backsolveCost: 40592
node 14	AtA: 19300	cholCost: 0	addCost: 1048	backsolveCost: 15617
node 15	AtA: 41688	cholCost: 3280	addCost: 1432	backsolveCost: 20100
node 16	AtA: 13896	cholCost: 2468	addCost: 1048	backsolveCost: 15617
node 17	AtA: 15624	cholCost: 0	addCost: 1048	backsolveCost: 15540
node 18	AtA: 26248	cholCost: 2768	addCost: 1192	backsolveCost: 15694
node 19	AtA: 22388	cholCost: 3056	addCost: 1192	backsolveCost: 30193
node 20	AtA: 36468	cholCost: 47415	addCost: 1432	backsolveCost: 30306
node 21	AtA: 44004	cholCost: 3776	addCost: 1432	backsolveCost: 20189
node 22	AtA: 15624	cholCost: 18402	addCost: 1048	backsolveCost: 15540
node 23	AtA: 44188	cholCost: 34238	addCost: 1432	backsolveCost: 20100
node 24	AtA: 32608	cholCost: 46375	addCost: 1192	backsolveCost: 30193
node 25	AtA: 24704	cholCost: 2768	addCost: 1192	backsolveCost: 15617
node 26	AtA: 21616	cholCost: 2768	addCost: 1192	backsolveCost: 15617
node 27	AtA: 15624	cholCost: 18402	addCost: 1048	backsolveCost: 15540
node 28	AtA: 27792	cholCost: 3140	addCost: 1432	backsolveCost: 15771
node 29	AtA: 15624	cholCost: 0	addCost: 1048	backsolveCost: 15540
node 30	AtA: 26248	cholCost: 2768	addCost: 1192	backsolveCost: 15694
node 31	AtA: 23160	cholCost: 3560	addCost: 1432	backsolveCost: 30306
node 32	AtA: 19484	cholCost: 34238	addCost: 1432	backsolveCost: 20100
node 33	AtA: 27792	cholCost: 3140	addCost: 1432	backsolveCost: 15771
node 34	AtA: 37240	cholCost: 62512	addCost: 1192	backsolveCost: 49151
node 35	AtA: 43416	cholCost: 70998	addCost: 1432	backsolveCost: 49598
node 36	AtA: 35512	cholCost: 4140	addCost: 2200	backsolveCost: 24321
node 37	AtA: 38784	cholCost: 78812	addCost: 2728	backsolveCost: 41688
node 38	AtA: 36468	cholCost: 52010	addCost: 1432	backsolveCost: 36171
node 39	AtA: 28748	cholCost: 24088	addCost: 1000	backsolveCost: 19655
node 40	AtA: -1	cholCost: 0	addCost: -1	backsolveCost: 1561

