cliques
49
node 0	AtA: 41688	cholCost: 0	addCost: 1432	backsolveCost: 20100
node 1	AtA: 34740	cholCost: 0	addCost: 1432	backsolveCost: 20100
node 2	AtA: 34740	cholCost: 0	addCost: 1432	backsolveCost: 20100
node 3	AtA: 34740	cholCost: 0	addCost: 1432	backsolveCost: 20100
node 4	AtA: 34740	cholCost: 0	addCost: 1432	backsolveCost: 20100
node 5	AtA: 13124	cholCost: 0	addCost: 1048	backsolveCost: 15540
node 6	AtA: 55584	cholCost: 0	addCost: 1192	backsolveCost: 30193
node 7	AtA: 44776	cholCost: 0	addCost: 1192	backsolveCost: 47752
node 8	AtA: 13896	cholCost: 0	addCost: 1048	backsolveCost: 15617
node 9	AtA: 24704	cholCost: 0	addCost: 1192	backsolveCost: 15617
node 10	AtA: 21616	cholCost: 0	addCost: 1192	backsolveCost: 15617
node 11	AtA: 13124	cholCost: 0	addCost: 1048	backsolveCost: 15540
node 12	AtA: 12352	cholCost: 0	addCost: 1048	backsolveCost: 15540
node 13	AtA: 33196	cholCost: 0	addCost: 1000	backsolveCost: 40592
node 14	AtA: 21800	cholCost: 0	addCost: 1048	backsolveCost: 15617
node 15	AtA: 62532	cholCost: 0	addCost: 2200	backsolveCost: 20456
node 16	AtA: 13896	cholCost: 0	addCost: 1048	backsolveCost: 15617
node 17	AtA: 13124	cholCost: 2240	addCost: 1048	backsolveCost: 15540
node 18	AtA: 46320	cholCost: 2352	addCost: 1768	backsolveCost: 20189
node 19	AtA: 13124	cholCost: 0	addCost: 1048	backsolveCost: 15540
node 20	AtA: 41688	cholCost: 0	addCost: 1432	backsolveCost: 20100
node 21	AtA: 30108	cholCost: 3056	addCost: 1192	backsolveCost: 30193
node 22	AtA: 24704	cholCost: 2768	addCost: 1192	backsolveCost: 15617
node 23	AtA: 21616	cholCost: 2768	addCost: 1192	backsolveCost: 15617
node 24	AtA: 13124	cholCost: 0	addCost: 1048	backsolveCost: 15540
node 25	AtA: 27792	cholCost: 0	addCost: 1432	backsolveCost: 15771
node 26	AtA: 15624	cholCost: 18402	addCost: 1048	backsolveCost: 15540
node 27	AtA: 27792	cholCost: 3140	addCost: 1432	backsolveCost: 15771
node 28	AtA: 27792	cholCost: 3140	addCost: 1432	backsolveCost: 15771
node 29	AtA: 27020	cholCost: 4560	addCost: 2728	backsolveCost: 20456
node 30	AtA: 37056	cholCost: 4080	addCost: 2728	backsolveCost: 16079
node 31	AtA: 201492	cholCost: 12948	addCost: 4072	backsolveCost: 64355
node 32	AtA: 115800	cholCost: 5724	addCost: 2200	backsolveCost: 48497
node 33	AtA: 115800	cholCost: 5520	addCost: 2728	backsolveCost: 30758
node 34	AtA: 97272	cholCost: 6600	addCost: 3352	backsolveCost: 30984
node 35	AtA: 79516	cholCost: 7104	addCost: 3352	backsolveCost: 24624
node 36	AtA: 19300	cholCost: 3776	addCost: 1432	backsolveCost: 20189
node 37	AtA: 26432	cholCost: 53050	addCost: 1768	backsolveCost: 36296
node 38	AtA: 32608	cholCost: 51450	addCost: 1432	backsolveCost: 30419
node 39	AtA: 63304	cholCost: 5568	addCost: 2200	backsolveCost: 73755
node 40	AtA: 60988	cholCost: 3864	addCost: 1768	backsolveCost: 57172
node 41	AtA: 21800	cholCost: 44484	addCost: 4888	backsolveCost: 16541
node 42	AtA: 77384	cholCost: 99029	addCost: 4888	backsolveCost: 42373
node 43	AtA: 39556	cholCost: 57149	addCost: 4072	backsolveCost: 24725
node 44	AtA: 57312	cholCost: 75305	addCost: 4072	backsolveCost: 37171
node 45	AtA: 65620	cholCost: 11220	addCost: 6808	backsolveCost: 16695
node 46	AtA: 89736	cholCost: 119716	addCost: 1192	backsolveCost: 89201
node 47	AtA: 14852	cholCost: 16194	addCost: 1000	backsolveCost: 10977
node 48	AtA: -1	cholCost: 0	addCost: -1	backsolveCost: 1561

