cliques
54
node 0	AtA: 41688	cholCost: 0	addCost: 1432	backsolveCost: 20100
node 1	AtA: 34740	cholCost: 0	addCost: 1432	backsolveCost: 20100
node 2	AtA: 34740	cholCost: 0	addCost: 1432	backsolveCost: 20100
node 3	AtA: 34740	cholCost: 0	addCost: 1432	backsolveCost: 20100
node 4	AtA: 34740	cholCost: 0	addCost: 1432	backsolveCost: 20100
node 5	AtA: 13124	cholCost: 0	addCost: 1048	backsolveCost: 15540
node 6	AtA: 55584	cholCost: 0	addCost: 1192	backsolveCost: 30193
node 7	AtA: 44776	cholCost: 0	addCost: 1192	backsolveCost: 47752
node 8	AtA: 13896	cholCost: 0	addCost: 1048	backsolveCost: 15617
node 9	AtA: 24704	cholCost: 0	addCost: 1192	backsolveCost: 15617
node 10	AtA: 21616	cholCost: 0	addCost: 1192	backsolveCost: 15617
node 11	AtA: 13124	cholCost: 0	addCost: 1048	backsolveCost: 15540
node 12	AtA: 12352	cholCost: 0	addCost: 1048	backsolveCost: 15540
node 13	AtA: 33196	cholCost: 0	addCost: 1000	backsolveCost: 40592
node 14	AtA: 21800	cholCost: 0	addCost: 1048	backsolveCost: 15617
node 15	AtA: 62532	cholCost: 0	addCost: 2200	backsolveCost: 20456
node 16	AtA: 13896	cholCost: 0	addCost: 1048	backsolveCost: 15617
node 17	AtA: 13124	cholCost: 0	addCost: 1048	backsolveCost: 15540
node 18	AtA: 46320	cholCost: 0	addCost: 1768	backsolveCost: 20189
node 19	AtA: 13124	cholCost: 0	addCost: 1048	backsolveCost: 15540
node 20	AtA: 41688	cholCost: 0	addCost: 1432	backsolveCost: 20100
node 21	AtA: 13124	cholCost: 0	addCost: 1048	backsolveCost: 15540
node 22	AtA: 29336	cholCost: 0	addCost: 1432	backsolveCost: 15848
node 23	AtA: 13124	cholCost: 0	addCost: 1048	backsolveCost: 15540
node 24	AtA: 30292	cholCost: 0	addCost: 1432	backsolveCost: 15771
node 25	AtA: 37056	cholCost: 0	addCost: 2728	backsolveCost: 16079
node 26	AtA: 201492	cholCost: 0	addCost: 4072	backsolveCost: 64355
node 27	AtA: 115800	cholCost: 0	addCost: 2200	backsolveCost: 48497
node 28	AtA: 115800	cholCost: 0	addCost: 2728	backsolveCost: 30758
node 29	AtA: 97272	cholCost: 0	addCost: 3352	backsolveCost: 30984
node 30	AtA: 79516	cholCost: 0	addCost: 3352	backsolveCost: 24624
node 31	AtA: 22572	cholCost: 0	addCost: 1768	backsolveCost: 20189
node 32	AtA: 63304	cholCost: 0	addCost: 2200	backsolveCost: 73755
node 33	AtA: 65620	cholCost: 0	addCost: 6808	backsolveCost: 16695
node 34	AtA: 17168	cholCost: 0	addCost: 1192	backsolveCost: 15617
node 35	AtA: 57128	cholCost: 0	addCost: 3352	backsolveCost: 24624
node 36	AtA: 26432	cholCost: 0	addCost: 1432	backsolveCost: 15848
node 37	AtA: 44004	cholCost: 0	addCost: 1432	backsolveCost: 20189
node 38	AtA: 38784	cholCost: 0	addCost: 2200	backsolveCost: 29481
node 39	AtA: 20256	cholCost: 0	addCost: 4072	backsolveCost: 16310
node 40	AtA: 24704	cholCost: 0	addCost: 1192	backsolveCost: 15617
node 41	AtA: 24704	cholCost: 0	addCost: 1432	backsolveCost: 15771
node 42	AtA: 21028	cholCost: 0	addCost: 3352	backsolveCost: 16233
node 43	AtA: 22388	cholCost: 0	addCost: 1192	backsolveCost: 19922
node 44	AtA: 26248	cholCost: 0	addCost: 1432	backsolveCost: 30306
node 45	AtA: 67164	cholCost: 0	addCost: 1768	backsolveCost: 49598
node 46	AtA: 63304	cholCost: 0	addCost: 3352	backsolveCost: 57977
node 47	AtA: 62716	cholCost: 0	addCost: 4072	backsolveCost: 31210
node 48	AtA: 89736	cholCost: 0	addCost: 1192	backsolveCost: 89201
node 49	AtA: 23932	cholCost: 0	addCost: 1000	backsolveCost: 15463
node 50	AtA: 12352	cholCost: 0	addCost: 1000	backsolveCost: 15463
node 51	AtA: 12352	cholCost: 2084	addCost: 1000	backsolveCost: 15463
node 52	AtA: 6360	cholCost: 9548	addCost: 1000	backsolveCost: 5243
node 53	AtA: -1	cholCost: 0	addCost: -1	backsolveCost: 1561

