cliques
98
node 0	AtA: 41688	cholCost: 0	addCost: 1432	backsolveCost: 20100
node 1	AtA: 34740	cholCost: 0	addCost: 1432	backsolveCost: 20100
node 2	AtA: 34740	cholCost: 0	addCost: 1432	backsolveCost: 20100
node 3	AtA: 34740	cholCost: 0	addCost: 1432	backsolveCost: 20100
node 4	AtA: 34740	cholCost: 0	addCost: 1432	backsolveCost: 20100
node 5	AtA: 13124	cholCost: 0	addCost: 1048	backsolveCost: 15540
node 6	AtA: 55584	cholCost: 0	addCost: 1192	backsolveCost: 30193
node 7	AtA: 44776	cholCost: 0	addCost: 1192	backsolveCost: 47752
node 8	AtA: 13896	cholCost: 0	addCost: 1048	backsolveCost: 15617
node 9	AtA: 24704	cholCost: 0	addCost: 1192	backsolveCost: 15617
node 10	AtA: 21616	cholCost: 0	addCost: 1192	backsolveCost: 15617
node 11	AtA: 13124	cholCost: 0	addCost: 1048	backsolveCost: 15540
node 12	AtA: 12352	cholCost: 0	addCost: 1048	backsolveCost: 15540
node 13	AtA: 33196	cholCost: 0	addCost: 1000	backsolveCost: 40592
node 14	AtA: 19300	cholCost: 0	addCost: 1048	backsolveCost: 15617
node 15	AtA: 13124	cholCost: 0	addCost: 1048	backsolveCost: 15540
node 16	AtA: 44188	cholCost: 0	addCost: 1432	backsolveCost: 20100
node 17	AtA: 13124	cholCost: 2240	addCost: 1048	backsolveCost: 15540
node 18	AtA: 13124	cholCost: 0	addCost: 1048	backsolveCost: 15540
node 19	AtA: 29336	cholCost: 3584	addCost: 1432	backsolveCost: 15848
node 20	AtA: 14668	cholCost: 2768	addCost: 1192	backsolveCost: 15617
node 21	AtA: 52496	cholCost: 0	addCost: 1768	backsolveCost: 15848
node 22	AtA: 44004	cholCost: 0	addCost: 1432	backsolveCost: 20189
node 23	AtA: 17756	cholCost: 2768	addCost: 1192	backsolveCost: 15617
node 24	AtA: 23160	cholCost: 2768	addCost: 1192	backsolveCost: 15694
node 25	AtA: 13896	cholCost: 3140	addCost: 1432	backsolveCost: 15771
node 26	AtA: 48636	cholCost: 3612	addCost: 1768	backsolveCost: 48199
node 27	AtA: 41688	cholCost: 3280	addCost: 1432	backsolveCost: 20100
node 28	AtA: 37240	cholCost: 34238	addCost: 1432	backsolveCost: 20100
node 29	AtA: 37056	cholCost: 4080	addCost: 2728	backsolveCost: 16079
node 30	AtA: 43232	cholCost: 2100	addCost: 1768	backsolveCost: 15925
node 31	AtA: 37056	cholCost: 4080	addCost: 2728	backsolveCost: 16079
node 32	AtA: 32424	cholCost: 4560	addCost: 2728	backsolveCost: 20456
node 33	AtA: 159216	cholCost: 0	addCost: 3352	backsolveCost: 41962
node 34	AtA: 124292	cholCost: 9120	addCost: 3352	backsolveCost: 42099
node 35	AtA: 81060	cholCost: 3328	addCost: 2200	backsolveCost: 24220
node 36	AtA: 83560	cholCost: 0	addCost: 2200	backsolveCost: 24220
node 37	AtA: 69480	cholCost: 5040	addCost: 2728	backsolveCost: 24321
node 38	AtA: 44004	cholCost: 3776	addCost: 1432	backsolveCost: 20189
node 39	AtA: 13124	cholCost: 2240	addCost: 1048	backsolveCost: 15540
node 40	AtA: 58084	cholCost: 100424	addCost: 1432	backsolveCost: 73200
node 41	AtA: 30292	cholCost: 51450	addCost: 1432	backsolveCost: 30419
node 42	AtA: 38784	cholCost: 38065	addCost: 1432	backsolveCost: 20189
node 43	AtA: 27204	cholCost: 0	addCost: 1192	backsolveCost: 15617
node 44	AtA: 25660	cholCost: 0	addCost: 1192	backsolveCost: 15694
node 45	AtA: 16396	cholCost: 0	addCost: 1048	backsolveCost: 15617
node 46	AtA: 27204	cholCost: 0	addCost: 1192	backsolveCost: 15617
node 47	AtA: 24116	cholCost: 0	addCost: 1192	backsolveCost: 15617
node 48	AtA: 24116	cholCost: 0	addCost: 1192	backsolveCost: 15617
node 49	AtA: 23932	cholCost: 3056	addCost: 1192	backsolveCost: 28916
node 50	AtA: 16396	cholCost: 0	addCost: 1048	backsolveCost: 15617
node 51	AtA: 16396	cholCost: 0	addCost: 1048	backsolveCost: 15617
node 52	AtA: 32608	cholCost: 0	addCost: 1192	backsolveCost: 49300
node 53	AtA: 15624	cholCost: 0	addCost: 1048	backsolveCost: 15540
node 54	AtA: 14852	cholCost: 0	addCost: 1048	backsolveCost: 15540
node 55	AtA: 14852	cholCost: 0	addCost: 1048	backsolveCost: 15540
node 56	AtA: 14852	cholCost: 0	addCost: 1048	backsolveCost: 15540
node 57	AtA: 14852	cholCost: 0	addCost: 1048	backsolveCost: 15540
node 58	AtA: 14852	cholCost: 0	addCost: 1048	backsolveCost: 15540
node 59	AtA: 14852	cholCost: 0	addCost: 1048	backsolveCost: 15540
node 60	AtA: 14852	cholCost: 0	addCost: 1048	backsolveCost: 15540
node 61	AtA: 16396	cholCost: 0	addCost: 1192	backsolveCost: 15694
node 62	AtA: 18528	cholCost: 3280	addCost: 1432	backsolveCost: 20100
node 63	AtA: 25476	cholCost: 3776	addCost: 1432	backsolveCost: 20189
node 64	AtA: 28748	cholCost: 46375	addCost: 1192	backsolveCost: 29029
node 65	AtA: 64260	cholCost: 70230	addCost: 3352	backsolveCost: 36921
node 66	AtA: 13124	cholCost: 2240	addCost: 1048	backsolveCost: 15540
node 67	AtA: 115800	cholCost: 5520	addCost: 2728	backsolveCost: 30758
node 68	AtA: 97272	cholCost: 6600	addCost: 3352	backsolveCost: 30984
node 69	AtA: 37056	cholCost: 4080	addCost: 2728	backsolveCost: 16079
node 70	AtA: 13896	cholCost: 2468	addCost: 1048	backsolveCost: 15617
node 71	AtA: 16396	cholCost: 22021	addCost: 1048	backsolveCost: 15617
node 72	AtA: 16396	cholCost: 22021	addCost: 1048	backsolveCost: 15617
node 73	AtA: 24116	cholCost: 46375	addCost: 1192	backsolveCost: 29029
node 74	AtA: 24116	cholCost: 26264	addCost: 1432	backsolveCost: 15771
node 75	AtA: 54996	cholCost: 30507	addCost: 1768	backsolveCost: 15848
node 76	AtA: 48820	cholCost: 31131	addCost: 2200	backsolveCost: 16002
node 77	AtA: 44188	cholCost: 38897	addCost: 1768	backsolveCost: 20278
node 78	AtA: 54996	cholCost: 30507	addCost: 1768	backsolveCost: 15848
node 79	AtA: 15624	cholCost: 0	addCost: 1048	backsolveCost: 15540
node 80	AtA: 33196	cholCost: 3344	addCost: 1192	backsolveCost: 47752
node 81	AtA: 19300	cholCost: 2272	addCost: 1048	backsolveCost: 19833
node 82	AtA: 35512	cholCost: 3348	addCost: 2200	backsolveCost: 16079
node 83	AtA: 47276	cholCost: 64595	addCost: 3352	backsolveCost: 29820
node 84	AtA: 83560	cholCost: 0	addCost: 2200	backsolveCost: 24220
node 85	AtA: 54996	cholCost: 0	addCost: 1768	backsolveCost: 15848
node 86	AtA: 42644	cholCost: 0	addCost: 1768	backsolveCost: 15848
node 87	AtA: 42644	cholCost: 0	addCost: 1768	backsolveCost: 15848
node 88	AtA: 42644	cholCost: 0	addCost: 1768	backsolveCost: 15848
node 89	AtA: 42644	cholCost: 0	addCost: 1768	backsolveCost: 15848
node 90	AtA: 42644	cholCost: 0	addCost: 1768	backsolveCost: 15848
node 91	AtA: 52496	cholCost: 4080	addCost: 2728	backsolveCost: 16079
node 92	AtA: 69480	cholCost: 5040	addCost: 2728	backsolveCost: 24321
node 93	AtA: 105948	cholCost: 184082	addCost: 1048	backsolveCost: 155269
node 94	AtA: 37240	cholCost: 70710	addCost: 4072	backsolveCost: 31097
node 95	AtA: 99000	cholCost: 131770	addCost: 1048	backsolveCost: 111333
node 96	AtA: 8676	cholCost: 9964	addCost: 1000	backsolveCost: 5639
node 97	AtA: -1	cholCost: 0	addCost: -1	backsolveCost: 1561

