ordering and width
51
32 3
12 3
33 3
13 3
34 3
14 3
35 3
15 3
36 3
16 3
37 3
17 3
38 3
18 3
39 3
19 3
40 3
20 3
41 3
21 3
1 3
42 3
22 3
2 3
43 3
23 3
3 3
44 3
24 3
4 3
45 3
5 3
25 3
46 3
6 3
26 3
47 3
27 3
7 3
48 3
8 3
28 3
31 3
11 3
49 3
29 3
9 3
50 3
10 3
30 3
0 1

factors
220
0 3 4 2
1 0 
1 3 4 2
2 0 
2 3 4 2
3 0 
3 3 4 2
1 0 
4 3 7 3
2 1 0 
5 3 7 3
3 2 0 
6 3 4 2
4 0 
7 3 7 3
4 3 0 
8 3 4 2
5 0 
9 3 7 3
5 4 0 
10 3 4 2
6 0 
11 3 7 3
6 5 0 
12 3 4 2
7 0 
13 3 7 3
7 6 0 
14 3 4 2
8 0 
15 3 7 3
8 7 0 
16 3 4 2
9 0 
17 3 7 3
9 8 0 
18 3 4 2
10 0 
19 3 7 3
10 9 0 
20 3 4 2
11 0 
21 3 7 3
11 10 0 
22 3 4 2
12 0 
23 3 7 3
12 11 0 
24 3 4 2
13 0 
25 3 7 3
13 12 0 
26 3 4 2
14 0 
27 3 7 3
14 13 0 
28 3 4 2
15 0 
29 3 7 3
15 14 0 
30 3 4 2
16 0 
31 3 7 3
16 15 0 
32 3 4 2
17 0 
33 3 7 3
17 16 0 
34 3 4 2
18 0 
35 3 7 3
18 17 0 
36 3 4 2
19 0 
37 3 7 3
19 18 0 
38 3 4 2
20 0 
39 3 7 3
20 19 0 
40 3 7 3
20 1 0 
41 3 4 2
21 0 
42 3 7 3
21 20 0 
43 3 7 3
21 2 0 
44 3 7 3
21 1 0 
45 3 4 2
22 0 
46 3 7 3
22 3 0 
47 3 7 3
22 2 0 
48 3 7 3
22 1 0 
49 3 7 3
22 21 0 
50 3 4 2
23 0 
51 3 7 3
23 3 0 
52 3 7 3
23 4 0 
53 3 7 3
23 2 0 
54 3 7 3
23 22 0 
55 3 4 2
24 0 
56 3 7 3
24 5 0 
57 3 7 3
24 3 0 
58 3 7 3
24 4 0 
59 3 7 3
24 23 0 
60 3 4 2
25 0 
61 3 7 3
25 6 0 
62 3 7 3
25 5 0 
63 3 7 3
25 4 0 
64 3 7 3
25 24 0 
65 3 4 2
26 0 
66 3 7 3
26 7 0 
67 3 7 3
26 25 0 
68 3 7 3
26 6 0 
69 3 7 3
26 5 0 
70 3 4 2
27 0 
71 3 7 3
27 8 0 
72 3 7 3
27 26 0 
73 3 7 3
27 7 0 
74 3 7 3
27 6 0 
75 3 4 2
28 0 
76 3 7 3
28 9 0 
77 3 7 3
28 8 0 
78 3 7 3
28 7 0 
79 3 7 3
28 27 0 
80 3 4 2
29 0 
81 3 7 3
29 10 0 
82 3 7 3
29 28 0 
83 3 7 3
29 9 0 
84 3 7 3
29 8 0 
85 3 4 2
30 0 
86 3 7 3
30 11 0 
87 3 7 3
30 10 0 
88 3 7 3
30 9 0 
89 3 7 3
30 29 0 
90 3 4 2
31 0 
91 3 7 3
31 11 0 
92 3 7 3
31 12 0 
93 3 7 3
31 30 0 
94 3 7 3
31 10 0 
95 3 4 2
32 0 
96 3 7 3
32 11 0 
97 3 7 3
32 31 0 
98 3 7 3
32 12 0 
99 3 7 3
32 13 0 
100 3 4 2
33 0 
101 3 7 3
33 32 0 
102 3 7 3
33 12 0 
103 3 7 3
33 13 0 
104 3 7 3
33 14 0 
105 3 4 2
34 0 
106 3 7 3
34 33 0 
107 3 7 3
34 13 0 
108 3 7 3
34 14 0 
109 3 7 3
34 15 0 
110 3 4 2
35 0 
111 3 7 3
35 34 0 
112 3 7 3
35 14 0 
113 3 7 3
35 15 0 
114 3 7 3
35 16 0 
115 3 4 2
36 0 
116 3 7 3
36 15 0 
117 3 7 3
36 35 0 
118 3 7 3
36 16 0 
119 3 7 3
36 17 0 
120 3 4 2
37 0 
121 3 7 3
37 36 0 
122 3 7 3
37 16 0 
123 3 7 3
37 17 0 
124 3 7 3
37 18 0 
125 3 4 2
38 0 
126 3 7 3
38 37 0 
127 3 7 3
38 17 0 
128 3 7 3
38 19 0 
129 3 7 3
38 18 0 
130 3 4 2
39 0 
131 3 7 3
39 19 0 
132 3 7 3
39 38 0 
133 3 7 3
39 18 0 
134 3 7 3
39 20 0 
135 3 4 2
40 0 
136 3 7 3
40 39 0 
137 3 7 3
40 19 0 
138 3 7 3
40 20 0 
139 3 7 3
40 1 0 
140 3 7 3
40 21 0 
141 3 4 2
41 0 
142 3 7 3
41 40 0 
143 3 7 3
41 20 0 
144 3 7 3
41 2 0 
145 3 7 3
41 22 0 
146 3 7 3
41 1 0 
147 3 7 3
41 21 0 
148 3 4 2
42 0 
149 3 7 3
42 41 0 
150 3 7 3
42 3 0 
151 3 7 3
42 23 0 
152 3 7 3
42 2 0 
153 3 7 3
42 22 0 
154 3 7 3
42 1 0 
155 3 7 3
42 21 0 
156 3 4 2
43 0 
157 3 7 3
43 3 0 
158 3 7 3
43 4 0 
159 3 7 3
43 24 0 
160 3 7 3
43 23 0 
161 3 7 3
43 2 0 
162 3 7 3
43 22 0 
163 3 7 3
43 42 0 
164 3 4 2
44 0 
165 3 7 3
44 25 0 
166 3 7 3
44 5 0 
167 3 7 3
44 3 0 
168 3 7 3
44 43 0 
169 3 7 3
44 4 0 
170 3 7 3
44 24 0 
171 3 7 3
44 23 0 
172 3 4 2
45 0 
173 3 7 3
45 44 0 
174 3 7 3
45 26 0 
175 3 7 3
45 25 0 
176 3 7 3
45 6 0 
177 3 7 3
45 5 0 
178 3 7 3
45 4 0 
179 3 7 3
45 24 0 
180 3 4 2
46 0 
181 3 7 3
46 26 0 
182 3 7 3
46 7 0 
183 3 7 3
46 27 0 
184 3 7 3
46 25 0 
185 3 7 3
46 45 0 
186 3 7 3
46 6 0 
187 3 7 3
46 5 0 
188 3 4 2
47 0 
189 3 7 3
47 28 0 
190 3 7 3
47 8 0 
191 3 7 3
47 26 0 
192 3 7 3
47 7 0 
193 3 7 3
47 27 0 
194 3 7 3
47 46 0 
195 3 7 3
47 6 0 
196 3 4 2
48 0 
197 3 7 3
48 28 0 
198 3 7 3
48 9 0 
199 3 7 3
48 29 0 
200 3 7 3
48 8 0 
201 3 7 3
48 7 0 
202 3 7 3
48 27 0 
203 3 7 3
48 47 0 
204 3 4 2
49 0 
205 3 7 3
49 30 0 
206 3 7 3
49 10 0 
207 3 7 3
49 28 0 
208 3 7 3
49 9 0 
209 3 7 3
49 29 0 
210 3 7 3
49 48 0 
211 3 7 3
49 8 0 
212 3 4 2
50 0 
213 3 7 3
50 11 0 
214 3 7 3
50 31 0 
215 3 7 3
50 30 0 
216 3 7 3
50 10 0 
217 3 7 3
50 9 0 
218 3 7 3
50 29 0 
219 3 7 3
50 49 0 

cliques
7
37 24 8 13
32 0 3
12 3 3
33 6 3
13 9 3
34 12 3
14 15 3
35 18 3
15 21 3
36 24 3
16 27 3
31 30 3
11 33 3
0 36 1
37 24 8 13
36 0 3
16 3 3
37 6 3
17 9 3
38 12 3
18 15 3
39 18 3
19 21 3
40 24 3
20 27 3
31 30 3
11 33 3
0 36 1
40 24 8 14
40 0 3
20 3 3
41 6 3
21 9 3
1 12 3
42 15 3
22 18 3
2 21 3
43 24 3
23 27 3
3 30 3
31 33 3
11 36 3
0 39 1
43 27 9 15
43 0 3
23 3 3
3 6 3
44 9 3
24 12 3
4 15 3
45 18 3
5 21 3
25 24 3
46 27 3
6 30 3
26 33 3
31 36 3
11 39 3
0 42 1
43 27 9 15
46 0 3
6 3 3
26 6 3
47 9 3
27 12 3
7 15 3
48 18 3
8 21 3
28 24 3
31 27 3
11 30 3
49 33 3
29 36 3
9 39 3
0 42 1
25 24 8 9
31 0 3
11 3 3
49 6 3
29 9 3
9 12 3
50 15 3
10 18 3
30 21 3
0 24 1
1 1 1 1
0 0 1

new keys
1
50

relin keys
1
49

