cliques
42
node 0	AtA: 41688	cholCost: 0	addCost: 1432	backsolveCost: 20100
node 1	AtA: 34740	cholCost: 0	addCost: 1432	backsolveCost: 20100
node 2	AtA: 34740	cholCost: 0	addCost: 1432	backsolveCost: 20100
node 3	AtA: 34740	cholCost: 0	addCost: 1432	backsolveCost: 20100
node 4	AtA: 34740	cholCost: 0	addCost: 1432	backsolveCost: 20100
node 5	AtA: 13124	cholCost: 0	addCost: 1048	backsolveCost: 15540
node 6	AtA: 55584	cholCost: 0	addCost: 1192	backsolveCost: 30193
node 7	AtA: 44776	cholCost: 0	addCost: 1192	backsolveCost: 47752
node 8	AtA: 13896	cholCost: 0	addCost: 1048	backsolveCost: 15617
node 9	AtA: 24704	cholCost: 0	addCost: 1192	backsolveCost: 15617
node 10	AtA: 21616	cholCost: 0	addCost: 1192	backsolveCost: 15617
node 11	AtA: 13124	cholCost: 0	addCost: 1048	backsolveCost: 15540
node 12	AtA: 12352	cholCost: 0	addCost: 1048	backsolveCost: 15540
node 13	AtA: 33196	cholCost: 0	addCost: 1000	backsolveCost: 40592
node 14	AtA: 19300	cholCost: 0	addCost: 1048	backsolveCost: 15617
node 15	AtA: 41688	cholCost: 3280	addCost: 1432	backsolveCost: 20100
node 16	AtA: 16396	cholCost: 22021	addCost: 1048	backsolveCost: 15617
node 17	AtA: 15624	cholCost: 0	addCost: 1048	backsolveCost: 15540
node 18	AtA: 26248	cholCost: 2768	addCost: 1192	backsolveCost: 15694
node 19	AtA: 22388	cholCost: 3056	addCost: 1192	backsolveCost: 30193
node 20	AtA: 44188	cholCost: 52490	addCost: 1768	backsolveCost: 30419
node 21	AtA: 44004	cholCost: 3776	addCost: 1432	backsolveCost: 20189
node 22	AtA: 13124	cholCost: 2240	addCost: 1048	backsolveCost: 15540
node 23	AtA: 44188	cholCost: 34238	addCost: 1432	backsolveCost: 20100
node 24	AtA: 32608	cholCost: 46375	addCost: 1192	backsolveCost: 30193
node 25	AtA: 24704	cholCost: 0	addCost: 1192	backsolveCost: 15617
node 26	AtA: 21616	cholCost: 0	addCost: 1192	backsolveCost: 15617
node 27	AtA: 15624	cholCost: 0	addCost: 1048	backsolveCost: 15540
node 28	AtA: 27792	cholCost: 0	addCost: 1432	backsolveCost: 15771
node 29	AtA: 15624	cholCost: 0	addCost: 1048	backsolveCost: 15540
node 30	AtA: 26248	cholCost: 0	addCost: 1192	backsolveCost: 15694
node 31	AtA: 23160	cholCost: 0	addCost: 1432	backsolveCost: 30306
node 32	AtA: 19484	cholCost: 0	addCost: 1432	backsolveCost: 20100
node 33	AtA: 27792	cholCost: 0	addCost: 1432	backsolveCost: 15771
node 34	AtA: 34740	cholCost: 3344	addCost: 1192	backsolveCost: 49151
node 35	AtA: 24888	cholCost: 44004	addCost: 2200	backsolveCost: 24220
node 36	AtA: 35512	cholCost: 4140	addCost: 2200	backsolveCost: 24321
node 37	AtA: 32608	cholCost: 52490	addCost: 1768	backsolveCost: 29368
node 38	AtA: 27204	cholCost: 48215	addCost: 3352	backsolveCost: 20634
node 39	AtA: 36468	cholCost: 53050	addCost: 1768	backsolveCost: 36296
node 40	AtA: 33380	cholCost: 36225	addCost: 1000	backsolveCost: 28577
node 41	AtA: -1	cholCost: 0	addCost: -1	backsolveCost: 1561

