cliques
36
node 0	AtA: 41688	cholCost: 0	addCost: 1432	backsolveCost: 20100
node 1	AtA: 34740	cholCost: 0	addCost: 1432	backsolveCost: 20100
node 2	AtA: 34740	cholCost: 0	addCost: 1432	backsolveCost: 20100
node 3	AtA: 34740	cholCost: 0	addCost: 1432	backsolveCost: 20100
node 4	AtA: 34740	cholCost: 0	addCost: 1432	backsolveCost: 20100
node 5	AtA: 13124	cholCost: 0	addCost: 1048	backsolveCost: 15540
node 6	AtA: 34152	cholCost: 32379	addCost: 2728	backsolveCost: 16079
node 7	AtA: 17940	cholCost: 32379	addCost: 2728	backsolveCost: 16156
node 8	AtA: 55584	cholCost: 0	addCost: 1192	backsolveCost: 30193
node 9	AtA: 44776	cholCost: 3344	addCost: 1192	backsolveCost: 47752
node 10	AtA: 46504	cholCost: 81788	addCost: 1000	backsolveCost: 72460
node 11	AtA: 14852	cholCost: 17778	addCost: 1000	backsolveCost: 15463
node 12	AtA: 14852	cholCost: 17778	addCost: 1000	backsolveCost: 15463
node 13	AtA: 15624	cholCost: 0	addCost: 1048	backsolveCost: 15540
node 14	AtA: 28748	cholCost: 0	addCost: 1192	backsolveCost: 15694
node 15	AtA: 27204	cholCost: 0	addCost: 1192	backsolveCost: 15617
node 16	AtA: 24116	cholCost: 0	addCost: 1192	backsolveCost: 15617
node 17	AtA: 24888	cholCost: 0	addCost: 1192	backsolveCost: 30193
node 18	AtA: 18528	cholCost: 2468	addCost: 1048	backsolveCost: 15617
node 19	AtA: 16396	cholCost: 22021	addCost: 1048	backsolveCost: 15617
node 20	AtA: 14852	cholCost: 22021	addCost: 1048	backsolveCost: 15617
node 21	AtA: 14852	cholCost: 22021	addCost: 1048	backsolveCost: 15617
node 22	AtA: 21028	cholCost: 33406	addCost: 1192	backsolveCost: 20011
node 23	AtA: 24116	cholCost: 22645	addCost: 1192	backsolveCost: 15694
node 24	AtA: 24116	cholCost: 22645	addCost: 1192	backsolveCost: 15694
node 25	AtA: 15624	cholCost: 0	addCost: 1048	backsolveCost: 15540
node 26	AtA: 28748	cholCost: 0	addCost: 1192	backsolveCost: 15694
node 27	AtA: 23160	cholCost: 3560	addCost: 1432	backsolveCost: 30306
node 28	AtA: 15624	cholCost: 0	addCost: 1048	backsolveCost: 15540
node 29	AtA: 27792	cholCost: 3140	addCost: 1432	backsolveCost: 15771
node 30	AtA: 16984	cholCost: 3280	addCost: 1432	backsolveCost: 20100
node 31	AtA: 27792	cholCost: 3140	addCost: 1432	backsolveCost: 15771
node 32	AtA: 15624	cholCost: 18402	addCost: 1048	backsolveCost: 15540
node 33	AtA: 33380	cholCost: 57021	addCost: 1048	backsolveCost: 47603
node 34	AtA: 12536	cholCost: 10188	addCost: 1000	backsolveCost: 8372
node 35	AtA: -1	cholCost: 0	addCost: -1	backsolveCost: 1561

