ordering and width
281
43 3
23 3
3 3
44 3
24 3
4 3
45 3
5 3
25 3
46 3
6 3
26 3
47 3
27 3
7 3
48 3
8 3
28 3
49 3
29 3
9 3
50 3
10 3
30 3
51 3
31 3
11 3
52 3
12 3
32 3
53 3
13 3
33 3
54 3
14 3
34 3
56 3
16 3
36 3
15 3
35 3
55 3
57 3
17 3
37 3
88 3
89 3
90 3
91 3
92 3
93 3
94 3
95 3
68 3
69 3
70 3
71 3
72 3
73 3
74 3
75 3
76 3
77 3
78 3
79 3
80 3
81 3
82 3
83 3
59 3
19 3
39 3
38 3
18 3
58 3
60 3
20 3
40 3
42 3
2 3
22 3
96 3
97 3
98 3
99 3
87 3
100 3
63 3
103 3
102 3
62 3
61 3
21 3
1 3
41 3
101 3
84 3
67 3
85 3
86 3
104 3
64 3
66 3
105 3
65 3
106 3
107 3
108 3
109 3
110 3
111 3
112 3
113 3
114 3
115 3
116 3
117 3
118 3
119 3
120 3
121 3
122 3
123 3
124 3
125 3
126 3
127 3
128 3
129 3
130 3
131 3
132 3
133 3
134 3
135 3
136 3
137 3
138 3
139 3
140 3
141 3
142 3
143 3
144 3
145 3
146 3
147 3
148 3
149 3
150 3
151 3
152 3
153 3
154 3
155 3
156 3
157 3
158 3
159 3
160 3
161 3
162 3
163 3
164 3
165 3
166 3
167 3
168 3
169 3
170 3
171 3
172 3
208 3
209 3
210 3
211 3
212 3
213 3
214 3
215 3
216 3
217 3
218 3
219 3
220 3
221 3
222 3
223 3
191 3
192 3
174 3
194 3
195 3
175 3
173 3
193 3
237 3
238 3
239 3
240 3
241 3
242 3
243 3
244 3
246 3
247 3
248 3
249 3
245 3
258 3
257 3
256 3
236 3
188 3
189 3
190 3
176 3
196 3
197 3
177 3
198 3
178 3
182 3
202 3
203 3
183 3
204 3
184 3
205 3
185 3
225 3
199 3
179 3
200 3
180 3
187 3
226 3
206 3
186 3
224 3
251 3
231 3
230 3
229 3
228 3
227 3
207 3
235 3
255 3
254 3
234 3
233 3
253 3
232 3
252 3
250 3
181 3
201 3
259 3
260 3
261 3
262 3
263 3
264 3
265 3
266 3
267 3
268 3
269 3
270 3
271 3
272 3
273 3
274 3
275 3
276 3
277 3
278 3
279 3
280 3
0 1

factors
936
0 3 4 2
1 0 
1 3 4 2
2 0 
2 3 4 2
3 0 
3 3 4 2
1 0 
4 3 7 3
2 1 0 
5 3 7 3
3 2 0 
6 3 4 2
4 0 
7 3 7 3
4 3 0 
8 3 4 2
5 0 
9 3 7 3
5 4 0 
10 3 4 2
6 0 
11 3 7 3
6 5 0 
12 3 4 2
7 0 
13 3 7 3
7 6 0 
14 3 4 2
8 0 
15 3 7 3
8 7 0 
16 3 4 2
9 0 
17 3 7 3
9 8 0 
18 3 4 2
10 0 
19 3 7 3
10 9 0 
20 3 4 2
11 0 
21 3 7 3
11 10 0 
22 3 4 2
12 0 
23 3 7 3
12 11 0 
24 3 4 2
13 0 
25 3 7 3
13 12 0 
26 3 4 2
14 0 
27 3 7 3
14 13 0 
28 3 4 2
15 0 
29 3 7 3
15 14 0 
30 3 4 2
16 0 
31 3 7 3
16 15 0 
32 3 4 2
17 0 
33 3 7 3
17 16 0 
34 3 4 2
18 0 
35 3 7 3
18 17 0 
36 3 4 2
19 0 
37 3 7 3
19 18 0 
38 3 4 2
20 0 
39 3 7 3
20 19 0 
40 3 7 3
20 1 0 
41 3 4 2
21 0 
42 3 7 3
21 20 0 
43 3 7 3
21 2 0 
44 3 7 3
21 1 0 
45 3 4 2
22 0 
46 3 7 3
22 3 0 
47 3 7 3
22 2 0 
48 3 7 3
22 1 0 
49 3 7 3
22 21 0 
50 3 4 2
23 0 
51 3 7 3
23 3 0 
52 3 7 3
23 4 0 
53 3 7 3
23 2 0 
54 3 7 3
23 22 0 
55 3 4 2
24 0 
56 3 7 3
24 5 0 
57 3 7 3
24 3 0 
58 3 7 3
24 4 0 
59 3 7 3
24 23 0 
60 3 4 2
25 0 
61 3 7 3
25 6 0 
62 3 7 3
25 5 0 
63 3 7 3
25 4 0 
64 3 7 3
25 24 0 
65 3 4 2
26 0 
66 3 7 3
26 7 0 
67 3 7 3
26 25 0 
68 3 7 3
26 6 0 
69 3 7 3
26 5 0 
70 3 4 2
27 0 
71 3 7 3
27 8 0 
72 3 7 3
27 26 0 
73 3 7 3
27 7 0 
74 3 7 3
27 6 0 
75 3 4 2
28 0 
76 3 7 3
28 9 0 
77 3 7 3
28 8 0 
78 3 7 3
28 7 0 
79 3 7 3
28 27 0 
80 3 4 2
29 0 
81 3 7 3
29 10 0 
82 3 7 3
29 28 0 
83 3 7 3
29 9 0 
84 3 7 3
29 8 0 
85 3 4 2
30 0 
86 3 7 3
30 11 0 
87 3 7 3
30 10 0 
88 3 7 3
30 9 0 
89 3 7 3
30 29 0 
90 3 4 2
31 0 
91 3 7 3
31 11 0 
92 3 7 3
31 12 0 
93 3 7 3
31 30 0 
94 3 7 3
31 10 0 
95 3 4 2
32 0 
96 3 7 3
32 11 0 
97 3 7 3
32 31 0 
98 3 7 3
32 12 0 
99 3 7 3
32 13 0 
100 3 4 2
33 0 
101 3 7 3
33 32 0 
102 3 7 3
33 12 0 
103 3 7 3
33 13 0 
104 3 7 3
33 14 0 
105 3 4 2
34 0 
106 3 7 3
34 33 0 
107 3 7 3
34 13 0 
108 3 7 3
34 14 0 
109 3 7 3
34 15 0 
110 3 4 2
35 0 
111 3 7 3
35 34 0 
112 3 7 3
35 14 0 
113 3 7 3
35 15 0 
114 3 7 3
35 16 0 
115 3 4 2
36 0 
116 3 7 3
36 15 0 
117 3 7 3
36 35 0 
118 3 7 3
36 16 0 
119 3 7 3
36 17 0 
120 3 4 2
37 0 
121 3 7 3
37 36 0 
122 3 7 3
37 16 0 
123 3 7 3
37 17 0 
124 3 7 3
37 18 0 
125 3 4 2
38 0 
126 3 7 3
38 37 0 
127 3 7 3
38 17 0 
128 3 7 3
38 19 0 
129 3 7 3
38 18 0 
130 3 4 2
39 0 
131 3 7 3
39 19 0 
132 3 7 3
39 38 0 
133 3 7 3
39 18 0 
134 3 7 3
39 20 0 
135 3 4 2
40 0 
136 3 7 3
40 39 0 
137 3 7 3
40 19 0 
138 3 7 3
40 20 0 
139 3 7 3
40 1 0 
140 3 7 3
40 21 0 
141 3 4 2
41 0 
142 3 7 3
41 40 0 
143 3 7 3
41 20 0 
144 3 7 3
41 2 0 
145 3 7 3
41 22 0 
146 3 7 3
41 1 0 
147 3 7 3
41 21 0 
148 3 4 2
42 0 
149 3 7 3
42 41 0 
150 3 7 3
42 3 0 
151 3 7 3
42 23 0 
152 3 7 3
42 2 0 
153 3 7 3
42 22 0 
154 3 7 3
42 1 0 
155 3 7 3
42 21 0 
156 3 4 2
43 0 
157 3 7 3
43 3 0 
158 3 7 3
43 4 0 
159 3 7 3
43 24 0 
160 3 7 3
43 23 0 
161 3 7 3
43 2 0 
162 3 7 3
43 22 0 
163 3 7 3
43 42 0 
164 3 4 2
44 0 
165 3 7 3
44 25 0 
166 3 7 3
44 5 0 
167 3 7 3
44 3 0 
168 3 7 3
44 43 0 
169 3 7 3
44 4 0 
170 3 7 3
44 24 0 
171 3 7 3
44 23 0 
172 3 4 2
45 0 
173 3 7 3
45 44 0 
174 3 7 3
45 26 0 
175 3 7 3
45 25 0 
176 3 7 3
45 6 0 
177 3 7 3
45 5 0 
178 3 7 3
45 4 0 
179 3 7 3
45 24 0 
180 3 4 2
46 0 
181 3 7 3
46 26 0 
182 3 7 3
46 7 0 
183 3 7 3
46 27 0 
184 3 7 3
46 25 0 
185 3 7 3
46 45 0 
186 3 7 3
46 6 0 
187 3 7 3
46 5 0 
188 3 4 2
47 0 
189 3 7 3
47 28 0 
190 3 7 3
47 8 0 
191 3 7 3
47 26 0 
192 3 7 3
47 7 0 
193 3 7 3
47 27 0 
194 3 7 3
47 46 0 
195 3 7 3
47 6 0 
196 3 4 2
48 0 
197 3 7 3
48 28 0 
198 3 7 3
48 9 0 
199 3 7 3
48 29 0 
200 3 7 3
48 8 0 
201 3 7 3
48 7 0 
202 3 7 3
48 27 0 
203 3 7 3
48 47 0 
204 3 4 2
49 0 
205 3 7 3
49 30 0 
206 3 7 3
49 10 0 
207 3 7 3
49 28 0 
208 3 7 3
49 9 0 
209 3 7 3
49 29 0 
210 3 7 3
49 48 0 
211 3 7 3
49 8 0 
212 3 4 2
50 0 
213 3 7 3
50 11 0 
214 3 7 3
50 31 0 
215 3 7 3
50 30 0 
216 3 7 3
50 10 0 
217 3 7 3
50 9 0 
218 3 7 3
50 29 0 
219 3 7 3
50 49 0 
220 3 4 2
51 0 
221 3 7 3
51 32 0 
222 3 7 3
51 11 0 
223 3 7 3
51 31 0 
224 3 7 3
51 12 0 
225 3 7 3
51 30 0 
226 3 7 3
51 50 0 
227 3 7 3
51 10 0 
228 3 4 2
52 0 
229 3 7 3
52 32 0 
230 3 7 3
52 11 0 
231 3 7 3
52 31 0 
232 3 7 3
52 51 0 
233 3 7 3
52 33 0 
234 3 7 3
52 12 0 
235 3 7 3
52 13 0 
236 3 4 2
53 0 
237 3 7 3
53 32 0 
238 3 7 3
53 52 0 
239 3 7 3
53 33 0 
240 3 7 3
53 12 0 
241 3 7 3
53 13 0 
242 3 7 3
53 34 0 
243 3 7 3
53 14 0 
244 3 4 2
54 0 
245 3 7 3
54 33 0 
246 3 7 3
54 53 0 
247 3 7 3
54 13 0 
248 3 7 3
54 34 0 
249 3 7 3
54 14 0 
250 3 7 3
54 15 0 
251 3 7 3
54 35 0 
252 3 4 2
55 0 
253 3 7 3
55 36 0 
254 3 7 3
55 54 0 
255 3 7 3
55 34 0 
256 3 7 3
55 14 0 
257 3 7 3
55 15 0 
258 3 7 3
55 35 0 
259 3 7 3
55 16 0 
260 3 4 2
56 0 
261 3 7 3
56 36 0 
262 3 7 3
56 55 0 
263 3 7 3
56 15 0 
264 3 7 3
56 35 0 
265 3 7 3
56 16 0 
266 3 7 3
56 37 0 
267 3 7 3
56 17 0 
268 3 4 2
57 0 
269 3 7 3
57 36 0 
270 3 7 3
57 56 0 
271 3 7 3
57 16 0 
272 3 7 3
57 37 0 
273 3 7 3
57 17 0 
274 3 7 3
57 38 0 
275 3 7 3
57 18 0 
276 3 4 2
58 0 
277 3 7 3
58 37 0 
278 3 7 3
58 57 0 
279 3 7 3
58 17 0 
280 3 7 3
58 39 0 
281 3 7 3
58 19 0 
282 3 7 3
58 38 0 
283 3 7 3
58 18 0 
284 3 4 2
59 0 
285 3 7 3
59 58 0 
286 3 7 3
59 39 0 
287 3 7 3
59 19 0 
288 3 7 3
59 38 0 
289 3 7 3
59 18 0 
290 3 7 3
59 40 0 
291 3 7 3
59 20 0 
292 3 4 2
60 0 
293 3 7 3
60 39 0 
294 3 7 3
60 59 0 
295 3 7 3
60 19 0 
296 3 7 3
60 40 0 
297 3 7 3
60 20 0 
298 3 7 3
60 41 0 
299 3 7 3
60 1 0 
300 3 7 3
60 21 0 
301 3 4 2
61 0 
302 3 7 3
61 60 0 
303 3 7 3
61 40 0 
304 3 7 3
61 20 0 
305 3 7 3
61 41 0 
306 3 7 3
61 2 0 
307 3 7 3
61 22 0 
308 3 7 3
61 42 0 
309 3 7 3
61 1 0 
310 3 7 3
61 21 0 
311 3 4 2
62 0 
312 3 7 3
62 41 0 
313 3 7 3
62 61 0 
314 3 7 3
62 1 0 
315 3 7 3
62 21 0 
316 3 4 2
63 0 
317 3 7 3
63 62 0 
318 3 4 2
64 0 
319 3 7 3
64 63 0 
320 3 4 2
65 0 
321 3 7 3
65 64 0 
322 3 4 2
66 0 
323 3 7 3
66 65 0 
324 3 4 2
67 0 
325 3 7 3
67 66 0 
326 3 4 2
68 0 
327 3 7 3
68 67 0 
328 3 4 2
69 0 
329 3 7 3
69 68 0 
330 3 4 2
70 0 
331 3 7 3
70 69 0 
332 3 4 2
71 0 
333 3 7 3
71 70 0 
334 3 4 2
72 0 
335 3 7 3
72 71 0 
336 3 4 2
73 0 
337 3 7 3
73 72 0 
338 3 4 2
74 0 
339 3 7 3
74 73 0 
340 3 4 2
75 0 
341 3 7 3
75 74 0 
342 3 4 2
76 0 
343 3 7 3
76 75 0 
344 3 4 2
77 0 
345 3 7 3
77 76 0 
346 3 4 2
78 0 
347 3 7 3
78 77 0 
348 3 4 2
79 0 
349 3 7 3
79 78 0 
350 3 4 2
80 0 
351 3 7 3
80 79 0 
352 3 4 2
81 0 
353 3 7 3
81 80 0 
354 3 4 2
82 0 
355 3 7 3
82 81 0 
356 3 4 2
83 0 
357 3 7 3
83 82 0 
358 3 4 2
84 0 
359 3 7 3
84 83 0 
360 3 4 2
85 0 
361 3 7 3
85 66 0 
362 3 7 3
85 84 0 
363 3 4 2
86 0 
364 3 7 3
86 66 0 
365 3 7 3
86 67 0 
366 3 7 3
86 65 0 
367 3 7 3
86 85 0 
368 3 4 2
87 0 
369 3 7 3
87 66 0 
370 3 7 3
87 86 0 
371 3 4 2
88 0 
372 3 7 3
88 87 0 
373 3 4 2
89 0 
374 3 7 3
89 88 0 
375 3 4 2
90 0 
376 3 7 3
90 89 0 
377 3 4 2
91 0 
378 3 7 3
91 90 0 
379 3 4 2
92 0 
380 3 7 3
92 91 0 
381 3 4 2
93 0 
382 3 7 3
93 92 0 
383 3 4 2
94 0 
384 3 7 3
94 93 0 
385 3 4 2
95 0 
386 3 7 3
95 94 0 
387 3 4 2
96 0 
388 3 7 3
96 95 0 
389 3 4 2
97 0 
390 3 7 3
97 96 0 
391 3 4 2
98 0 
392 3 7 3
98 97 0 
393 3 4 2
99 0 
394 3 7 3
99 98 0 
395 3 4 2
100 0 
396 3 7 3
100 41 0 
397 3 7 3
100 61 0 
398 3 7 3
100 1 0 
399 3 7 3
100 21 0 
400 3 7 3
100 99 0 
401 3 4 2
101 0 
402 3 7 3
101 60 0 
403 3 7 3
101 40 0 
404 3 7 3
101 20 0 
405 3 7 3
101 41 0 
406 3 7 3
101 2 0 
407 3 7 3
101 22 0 
408 3 7 3
101 42 0 
409 3 7 3
101 61 0 
410 3 7 3
101 1 0 
411 3 7 3
101 21 0 
412 3 7 3
101 62 0 
413 3 7 3
101 100 0 
414 3 4 2
102 0 
415 3 7 3
102 41 0 
416 3 7 3
102 61 0 
417 3 7 3
102 1 0 
418 3 7 3
102 21 0 
419 3 7 3
102 63 0 
420 3 7 3
102 62 0 
421 3 7 3
102 101 0 
422 3 4 2
103 0 
423 3 7 3
103 64 0 
424 3 7 3
103 63 0 
425 3 7 3
103 62 0 
426 3 7 3
103 102 0 
427 3 4 2
104 0 
428 3 7 3
104 64 0 
429 3 7 3
104 63 0 
430 3 7 3
104 65 0 
431 3 7 3
104 103 0 
432 3 4 2
105 0 
433 3 7 3
105 66 0 
434 3 7 3
105 64 0 
435 3 7 3
105 65 0 
436 3 7 3
105 104 0 
437 3 7 3
105 86 0 
438 3 4 2
106 0 
439 3 7 3
106 66 0 
440 3 7 3
106 67 0 
441 3 7 3
106 65 0 
442 3 7 3
106 87 0 
443 3 7 3
106 86 0 
444 3 7 3
106 105 0 
445 3 7 3
106 85 0 
446 3 4 2
107 0 
447 3 7 3
107 68 0 
448 3 7 3
107 66 0 
449 3 7 3
107 67 0 
450 3 7 3
107 86 0 
451 3 7 3
107 106 0 
452 3 4 2
108 0 
453 3 7 3
108 69 0 
454 3 7 3
108 68 0 
455 3 7 3
108 67 0 
456 3 7 3
108 107 0 
457 3 4 2
109 0 
458 3 7 3
109 70 0 
459 3 7 3
109 69 0 
460 3 7 3
109 68 0 
461 3 7 3
109 108 0 
462 3 4 2
110 0 
463 3 7 3
110 70 0 
464 3 7 3
110 71 0 
465 3 7 3
110 69 0 
466 3 7 3
110 109 0 
467 3 4 2
111 0 
468 3 7 3
111 70 0 
469 3 7 3
111 72 0 
470 3 7 3
111 71 0 
471 3 7 3
111 110 0 
472 3 4 2
112 0 
473 3 7 3
112 72 0 
474 3 7 3
112 111 0 
475 3 7 3
112 71 0 
476 3 7 3
112 73 0 
477 3 4 2
113 0 
478 3 7 3
113 72 0 
479 3 7 3
113 112 0 
480 3 7 3
113 74 0 
481 3 7 3
113 73 0 
482 3 4 2
114 0 
483 3 7 3
114 75 0 
484 3 7 3
114 74 0 
485 3 7 3
114 73 0 
486 3 7 3
114 113 0 
487 3 4 2
115 0 
488 3 7 3
115 75 0 
489 3 7 3
115 74 0 
490 3 7 3
115 76 0 
491 3 7 3
115 114 0 
492 3 4 2
116 0 
493 3 7 3
116 75 0 
494 3 7 3
116 76 0 
495 3 7 3
116 115 0 
496 3 7 3
116 77 0 
497 3 4 2
117 0 
498 3 7 3
117 76 0 
499 3 7 3
117 116 0 
500 3 4 2
118 0 
501 3 7 3
118 117 0 
502 3 4 2
119 0 
503 3 7 3
119 118 0 
504 3 4 2
120 0 
505 3 7 3
120 119 0 
506 3 4 2
121 0 
507 3 7 3
121 120 0 
508 3 4 2
122 0 
509 3 7 3
122 121 0 
510 3 4 2
123 0 
511 3 7 3
123 122 0 
512 3 4 2
124 0 
513 3 7 3
124 123 0 
514 3 4 2
125 0 
515 3 7 3
125 124 0 
516 3 4 2
126 0 
517 3 7 3
126 125 0 
518 3 4 2
127 0 
519 3 7 3
127 126 0 
520 3 4 2
128 0 
521 3 7 3
128 127 0 
522 3 4 2
129 0 
523 3 7 3
129 128 0 
524 3 4 2
130 0 
525 3 7 3
130 129 0 
526 3 4 2
131 0 
527 3 7 3
131 130 0 
528 3 4 2
132 0 
529 3 7 3
132 131 0 
530 3 4 2
133 0 
531 3 7 3
133 132 0 
532 3 4 2
134 0 
533 3 7 3
134 133 0 
534 3 4 2
135 0 
535 3 7 3
135 134 0 
536 3 4 2
136 0 
537 3 7 3
136 135 0 
538 3 4 2
137 0 
539 3 7 3
137 136 0 
540 3 4 2
138 0 
541 3 7 3
138 137 0 
542 3 4 2
139 0 
543 3 7 3
139 138 0 
544 3 4 2
140 0 
545 3 7 3
140 139 0 
546 3 4 2
141 0 
547 3 7 3
141 140 0 
548 3 4 2
142 0 
549 3 7 3
142 141 0 
550 3 4 2
143 0 
551 3 7 3
143 142 0 
552 3 4 2
144 0 
553 3 7 3
144 143 0 
554 3 4 2
145 0 
555 3 7 3
145 144 0 
556 3 4 2
146 0 
557 3 7 3
146 145 0 
558 3 4 2
147 0 
559 3 7 3
147 146 0 
560 3 4 2
148 0 
561 3 7 3
148 147 0 
562 3 4 2
149 0 
563 3 7 3
149 148 0 
564 3 4 2
150 0 
565 3 7 3
150 149 0 
566 3 4 2
151 0 
567 3 7 3
151 150 0 
568 3 4 2
152 0 
569 3 7 3
152 151 0 
570 3 4 2
153 0 
571 3 7 3
153 152 0 
572 3 4 2
154 0 
573 3 7 3
154 153 0 
574 3 4 2
155 0 
575 3 7 3
155 154 0 
576 3 4 2
156 0 
577 3 7 3
156 155 0 
578 3 4 2
157 0 
579 3 7 3
157 156 0 
580 3 4 2
158 0 
581 3 7 3
158 157 0 
582 3 4 2
159 0 
583 3 7 3
159 158 0 
584 3 4 2
160 0 
585 3 7 3
160 159 0 
586 3 4 2
161 0 
587 3 7 3
161 160 0 
588 3 4 2
162 0 
589 3 7 3
162 161 0 
590 3 4 2
163 0 
591 3 7 3
163 162 0 
592 3 4 2
164 0 
593 3 7 3
164 163 0 
594 3 4 2
165 0 
595 3 7 3
165 164 0 
596 3 4 2
166 0 
597 3 7 3
166 165 0 
598 3 4 2
167 0 
599 3 7 3
167 166 0 
600 3 4 2
168 0 
601 3 7 3
168 167 0 
602 3 4 2
169 0 
603 3 7 3
169 168 0 
604 3 4 2
170 0 
605 3 7 3
170 169 0 
606 3 4 2
171 0 
607 3 7 3
171 170 0 
608 3 4 2
172 0 
609 3 7 3
172 171 0 
610 3 4 2
173 0 
611 3 7 3
173 172 0 
612 3 4 2
174 0 
613 3 7 3
174 173 0 
614 3 4 2
175 0 
615 3 7 3
175 174 0 
616 3 4 2
176 0 
617 3 7 3
176 175 0 
618 3 4 2
177 0 
619 3 7 3
177 176 0 
620 3 4 2
178 0 
621 3 7 3
178 177 0 
622 3 4 2
179 0 
623 3 7 3
179 178 0 
624 3 4 2
180 0 
625 3 7 3
180 179 0 
626 3 4 2
181 0 
627 3 7 3
181 180 0 
628 3 4 2
182 0 
629 3 7 3
182 181 0 
630 3 4 2
183 0 
631 3 7 3
183 182 0 
632 3 4 2
184 0 
633 3 7 3
184 183 0 
634 3 4 2
185 0 
635 3 7 3
185 184 0 
636 3 4 2
186 0 
637 3 7 3
186 185 0 
638 3 4 2
187 0 
639 3 7 3
187 186 0 
640 3 4 2
188 0 
641 3 7 3
188 187 0 
642 3 4 2
189 0 
643 3 7 3
189 188 0 
644 3 4 2
190 0 
645 3 7 3
190 189 0 
646 3 7 3
190 171 0 
647 3 4 2
191 0 
648 3 7 3
191 172 0 
649 3 7 3
191 190 0 
650 3 7 3
191 171 0 
651 3 7 3
191 170 0 
652 3 4 2
192 0 
653 3 7 3
192 172 0 
654 3 7 3
192 173 0 
655 3 7 3
192 171 0 
656 3 7 3
192 191 0 
657 3 4 2
193 0 
658 3 7 3
193 172 0 
659 3 7 3
193 174 0 
660 3 7 3
193 173 0 
661 3 7 3
193 192 0 
662 3 4 2
194 0 
663 3 7 3
194 174 0 
664 3 7 3
194 175 0 
665 3 7 3
194 173 0 
666 3 7 3
194 193 0 
667 3 4 2
195 0 
668 3 7 3
195 176 0 
669 3 7 3
195 174 0 
670 3 7 3
195 175 0 
671 3 7 3
195 194 0 
672 3 4 2
196 0 
673 3 7 3
196 177 0 
674 3 7 3
196 176 0 
675 3 7 3
196 175 0 
676 3 7 3
196 195 0 
677 3 4 2
197 0 
678 3 7 3
197 178 0 
679 3 7 3
197 177 0 
680 3 7 3
197 176 0 
681 3 7 3
197 196 0 
682 3 4 2
198 0 
683 3 7 3
198 178 0 
684 3 7 3
198 179 0 
685 3 7 3
198 197 0 
686 3 7 3
198 177 0 
687 3 4 2
199 0 
688 3 7 3
199 180 0 
689 3 7 3
199 178 0 
690 3 7 3
199 179 0 
691 3 7 3
199 198 0 
692 3 4 2
200 0 
693 3 7 3
200 199 0 
694 3 7 3
200 181 0 
695 3 7 3
200 180 0 
696 3 7 3
200 179 0 
697 3 4 2
201 0 
698 3 7 3
201 182 0 
699 3 7 3
201 181 0 
700 3 7 3
201 200 0 
701 3 7 3
201 180 0 
702 3 4 2
202 0 
703 3 7 3
202 182 0 
704 3 7 3
202 181 0 
705 3 7 3
202 201 0 
706 3 7 3
202 183 0 
707 3 4 2
203 0 
708 3 7 3
203 182 0 
709 3 7 3
203 202 0 
710 3 7 3
203 183 0 
711 3 7 3
203 184 0 
712 3 4 2
204 0 
713 3 7 3
204 203 0 
714 3 7 3
204 183 0 
715 3 7 3
204 185 0 
716 3 7 3
204 184 0 
717 3 4 2
205 0 
718 3 7 3
205 185 0 
719 3 7 3
205 184 0 
720 3 7 3
205 204 0 
721 3 7 3
205 186 0 
722 3 4 2
206 0 
723 3 7 3
206 185 0 
724 3 7 3
206 205 0 
725 3 7 3
206 186 0 
726 3 7 3
206 187 0 
727 3 4 2
207 0 
728 3 7 3
207 206 0 
729 3 7 3
207 186 0 
730 3 4 2
208 0 
731 3 7 3
208 207 0 
732 3 4 2
209 0 
733 3 7 3
209 208 0 
734 3 4 2
210 0 
735 3 7 3
210 209 0 
736 3 4 2
211 0 
737 3 7 3
211 210 0 
738 3 4 2
212 0 
739 3 7 3
212 211 0 
740 3 4 2
213 0 
741 3 7 3
213 212 0 
742 3 4 2
214 0 
743 3 7 3
214 213 0 
744 3 4 2
215 0 
745 3 7 3
215 214 0 
746 3 4 2
216 0 
747 3 7 3
216 215 0 
748 3 4 2
217 0 
749 3 7 3
217 216 0 
750 3 4 2
218 0 
751 3 7 3
218 217 0 
752 3 4 2
219 0 
753 3 7 3
219 218 0 
754 3 4 2
220 0 
755 3 7 3
220 219 0 
756 3 4 2
221 0 
757 3 7 3
221 220 0 
758 3 4 2
222 0 
759 3 7 3
222 221 0 
760 3 4 2
223 0 
761 3 7 3
223 222 0 
762 3 4 2
224 0 
763 3 7 3
224 223 0 
764 3 4 2
225 0 
765 3 7 3
225 206 0 
766 3 7 3
225 224 0 
767 3 7 3
225 186 0 
768 3 4 2
226 0 
769 3 7 3
226 207 0 
770 3 7 3
226 206 0 
771 3 7 3
226 185 0 
772 3 7 3
226 205 0 
773 3 7 3
226 225 0 
774 3 7 3
226 186 0 
775 3 7 3
226 187 0 
776 3 4 2
227 0 
777 3 7 3
227 207 0 
778 3 7 3
227 208 0 
779 3 7 3
227 206 0 
780 3 7 3
227 226 0 
781 3 7 3
227 186 0 
782 3 4 2
228 0 
783 3 7 3
228 209 0 
784 3 7 3
228 207 0 
785 3 7 3
228 208 0 
786 3 7 3
228 227 0 
787 3 4 2
229 0 
788 3 7 3
229 210 0 
789 3 7 3
229 209 0 
790 3 7 3
229 208 0 
791 3 7 3
229 228 0 
792 3 4 2
230 0 
793 3 7 3
230 229 0 
794 3 7 3
230 211 0 
795 3 7 3
230 210 0 
796 3 7 3
230 209 0 
797 3 4 2
231 0 
798 3 7 3
231 211 0 
799 3 7 3
231 210 0 
800 3 7 3
231 230 0 
801 3 7 3
231 212 0 
802 3 4 2
232 0 
803 3 7 3
232 211 0 
804 3 7 3
232 231 0 
805 3 4 2
233 0 
806 3 7 3
233 232 0 
807 3 4 2
234 0 
808 3 7 3
234 233 0 
809 3 4 2
235 0 
810 3 7 3
235 234 0 
811 3 4 2
236 0 
812 3 7 3
236 235 0 
813 3 4 2
237 0 
814 3 7 3
237 236 0 
815 3 4 2
238 0 
816 3 7 3
238 237 0 
817 3 4 2
239 0 
818 3 7 3
239 238 0 
819 3 4 2
240 0 
820 3 7 3
240 239 0 
821 3 4 2
241 0 
822 3 7 3
241 240 0 
823 3 4 2
242 0 
824 3 7 3
242 241 0 
825 3 4 2
243 0 
826 3 7 3
243 242 0 
827 3 4 2
244 0 
828 3 7 3
244 243 0 
829 3 4 2
245 0 
830 3 7 3
245 244 0 
831 3 4 2
246 0 
832 3 7 3
246 245 0 
833 3 4 2
247 0 
834 3 7 3
247 246 0 
835 3 4 2
248 0 
836 3 7 3
248 247 0 
837 3 4 2
249 0 
838 3 7 3
249 248 0 
839 3 4 2
250 0 
840 3 7 3
250 249 0 
841 3 7 3
250 211 0 
842 3 7 3
250 231 0 
843 3 4 2
251 0 
844 3 7 3
251 232 0 
845 3 7 3
251 250 0 
846 3 7 3
251 211 0 
847 3 7 3
251 231 0 
848 3 7 3
251 210 0 
849 3 7 3
251 230 0 
850 3 7 3
251 212 0 
851 3 4 2
252 0 
852 3 7 3
252 232 0 
853 3 7 3
252 233 0 
854 3 7 3
252 211 0 
855 3 7 3
252 231 0 
856 3 7 3
252 251 0 
857 3 4 2
253 0 
858 3 7 3
253 232 0 
859 3 7 3
253 234 0 
860 3 7 3
253 233 0 
861 3 7 3
253 252 0 
862 3 4 2
254 0 
863 3 7 3
254 235 0 
864 3 7 3
254 234 0 
865 3 7 3
254 233 0 
866 3 7 3
254 253 0 
867 3 4 2
255 0 
868 3 7 3
255 236 0 
869 3 7 3
255 254 0 
870 3 7 3
255 235 0 
871 3 7 3
255 234 0 
872 3 4 2
256 0 
873 3 7 3
256 237 0 
874 3 7 3
256 236 0 
875 3 7 3
256 235 0 
876 3 7 3
256 255 0 
877 3 4 2
257 0 
878 3 7 3
257 236 0 
879 3 7 3
257 256 0 
880 3 4 2
258 0 
881 3 7 3
258 257 0 
882 3 4 2
259 0 
883 3 7 3
259 258 0 
884 3 4 2
260 0 
885 3 7 3
260 259 0 
886 3 7 3
260 181 0 
887 3 7 3
260 201 0 
888 3 4 2
261 0 
889 3 7 3
261 182 0 
890 3 7 3
261 260 0 
891 3 7 3
261 181 0 
892 3 7 3
261 201 0 
893 3 7 3
261 202 0 
894 3 7 3
261 200 0 
895 3 7 3
261 180 0 
896 3 4 2
262 0 
897 3 7 3
262 261 0 
898 3 7 3
262 181 0 
899 3 7 3
262 201 0 
900 3 4 2
263 0 
901 3 7 3
263 262 0 
902 3 4 2
264 0 
903 3 7 3
264 263 0 
904 3 4 2
265 0 
905 3 7 3
265 264 0 
906 3 4 2
266 0 
907 3 7 3
266 265 0 
908 3 4 2
267 0 
909 3 7 3
267 266 0 
910 3 4 2
268 0 
911 3 7 3
268 267 0 
912 3 4 2
269 0 
913 3 7 3
269 268 0 
914 3 4 2
270 0 
915 3 7 3
270 269 0 
916 3 4 2
271 0 
917 3 7 3
271 270 0 
918 3 4 2
272 0 
919 3 7 3
272 271 0 
920 3 4 2
273 0 
921 3 7 3
273 272 0 
922 3 4 2
274 0 
923 3 7 3
274 273 0 
924 3 4 2
275 0 
925 3 7 3
275 274 0 
926 3 4 2
276 0 
927 3 7 3
276 275 0 
928 3 4 2
277 0 
929 3 7 3
277 276 0 
930 3 4 2
278 0 
931 3 7 3
278 277 0 
932 3 4 2
279 0 
933 3 7 3
279 278 0 
934 3 4 2
280 0 
935 3 7 3
280 279 0 

cliques
32
46 27 9 16
43 0 3
23 3 3
3 6 3
44 9 3
24 12 3
4 15 3
45 18 3
5 21 3
25 24 3
46 27 3
6 30 3
26 33 3
42 36 3
2 39 3
22 42 3
0 45 1
46 27 9 16
46 0 3
6 3 3
26 6 3
47 9 3
27 12 3
7 15 3
48 18 3
8 21 3
28 24 3
49 27 3
29 30 3
9 33 3
42 36 3
2 39 3
22 42 3
0 45 1
46 27 9 16
49 0 3
29 3 3
9 6 3
50 9 3
10 12 3
30 15 3
51 18 3
31 21 3
11 24 3
52 27 3
12 30 3
32 33 3
42 36 3
2 39 3
22 42 3
0 45 1
46 27 9 16
52 0 3
12 3 3
32 6 3
53 9 3
13 12 3
33 15 3
54 18 3
14 21 3
34 24 3
15 27 3
35 30 3
55 33 3
42 36 3
2 39 3
22 42 3
0 45 1
46 27 9 16
56 0 3
16 3 3
36 6 3
15 9 3
35 12 3
55 15 3
57 18 3
17 21 3
37 24 3
38 27 3
18 30 3
58 33 3
42 36 3
2 39 3
22 42 3
0 45 1
31 24 8 11
88 0 3
89 3 3
90 6 3
91 9 3
92 12 3
93 15 3
94 18 3
95 21 3
96 24 3
87 27 3
0 30 1
61 24 8 21
68 0 3
69 3 3
70 6 3
71 9 3
72 12 3
73 15 3
74 18 3
75 21 3
76 24 3
67 27 3
107 30 3
108 33 3
109 36 3
110 39 3
111 42 3
112 45 3
113 48 3
114 51 3
115 54 3
116 57 3
0 60 1
64 24 8 22
76 0 3
77 3 3
78 6 3
79 9 3
80 12 3
81 15 3
82 18 3
83 21 3
84 24 3
67 27 3
107 30 3
108 33 3
109 36 3
110 39 3
111 42 3
112 45 3
113 48 3
114 51 3
115 54 3
116 57 3
117 60 3
0 63 1
52 36 12 18
59 0 3
19 3 3
39 6 3
38 9 3
18 12 3
58 15 3
60 18 3
20 21 3
40 24 3
42 27 3
2 30 3
22 33 3
61 36 3
21 39 3
1 42 3
41 45 3
101 48 3
0 51 1
61 45 15 21
96 0 3
97 3 3
98 6 3
99 9 3
87 12 3
100 15 3
63 18 3
103 21 3
102 24 3
62 27 3
61 30 3
21 33 3
1 36 3
41 39 3
101 42 3
86 45 3
104 48 3
64 51 3
66 54 3
106 57 3
0 60 1
64 60 20 22
84 0 3
67 3 3
85 6 3
86 9 3
104 12 3
64 15 3
66 18 3
105 21 3
65 24 3
106 27 3
107 30 3
108 33 3
109 36 3
110 39 3
111 42 3
112 45 3
113 48 3
114 51 3
115 54 3
116 57 3
117 60 3
0 63 1
28 24 8 10
117 0 3
118 3 3
119 6 3
120 9 3
121 12 3
122 15 3
123 18 3
124 21 3
125 24 3
0 27 1
28 24 8 10
125 0 3
126 3 3
127 6 3
128 9 3
129 12 3
130 15 3
131 18 3
132 21 3
133 24 3
0 27 1
28 24 8 10
133 0 3
134 3 3
135 6 3
136 9 3
137 12 3
138 15 3
139 18 3
140 21 3
141 24 3
0 27 1
28 24 8 10
141 0 3
142 3 3
143 6 3
144 9 3
145 12 3
146 15 3
147 18 3
148 21 3
149 24 3
0 27 1
28 24 8 10
149 0 3
150 3 3
151 6 3
152 9 3
153 12 3
154 15 3
155 18 3
156 21 3
157 24 3
0 27 1
28 24 8 10
157 0 3
158 3 3
159 6 3
160 9 3
161 12 3
162 15 3
163 18 3
164 21 3
165 24 3
0 27 1
40 24 8 14
165 0 3
166 3 3
167 6 3
168 9 3
169 12 3
170 15 3
171 18 3
172 21 3
191 24 3
192 27 3
173 30 3
193 33 3
190 36 3
0 39 1
58 24 8 20
208 0 3
209 3 3
210 6 3
211 9 3
212 12 3
213 15 3
214 18 3
215 21 3
216 24 3
251 27 3
231 30 3
230 33 3
229 36 3
228 39 3
227 42 3
207 45 3
232 48 3
252 51 3
250 54 3
0 57 1
58 24 8 20
216 0 3
217 3 3
218 6 3
219 9 3
220 12 3
221 15 3
222 18 3
223 21 3
224 24 3
251 27 3
231 30 3
230 33 3
229 36 3
228 39 3
227 42 3
207 45 3
232 48 3
252 51 3
250 54 3
0 57 1
34 24 8 12
191 0 3
192 3 3
174 6 3
194 9 3
195 12 3
175 15 3
173 18 3
193 21 3
190 24 3
176 27 3
196 30 3
0 33 1
34 24 8 12
237 0 3
238 3 3
239 6 3
240 9 3
241 12 3
242 15 3
243 18 3
244 21 3
245 24 3
256 27 3
236 30 3
0 33 1
40 27 9 14
246 0 3
247 3 3
248 6 3
249 9 3
245 12 3
258 15 3
257 18 3
256 21 3
236 24 3
235 27 3
255 30 3
250 33 3
259 36 3
0 39 1
37 27 9 13
188 0 3
189 3 3
190 6 3
176 9 3
196 12 3
197 15 3
177 18 3
198 21 3
178 24 3
199 27 3
179 30 3
187 33 3
0 36 1
43 24 8 15
182 0 3
202 3 3
203 6 3
183 9 3
204 12 3
184 15 3
205 18 3
185 21 3
226 24 3
206 27 3
186 30 3
181 33 3
201 36 3
261 39 3
0 42 1
46 27 9 16
225 0 3
199 3 3
179 6 3
200 9 3
180 12 3
187 15 3
226 18 3
206 21 3
186 24 3
224 27 3
227 30 3
207 33 3
181 36 3
201 39 3
261 42 3
0 45 1
43 24 8 15
224 0 3
251 3 3
231 6 3
230 9 3
229 12 3
228 15 3
227 18 3
207 21 3
232 24 3
252 27 3
250 30 3
181 33 3
201 36 3
261 39 3
0 42 1
40 27 9 14
235 0 3
255 3 3
254 6 3
234 9 3
233 12 3
253 15 3
232 18 3
252 21 3
250 24 3
181 27 3
201 30 3
259 33 3
261 36 3
0 39 1
28 24 8 10
181 0 3
201 3 3
259 6 3
260 9 3
261 12 3
262 15 3
263 18 3
264 21 3
265 24 3
0 27 1
28 24 8 10
265 0 3
266 3 3
267 6 3
268 9 3
269 12 3
270 15 3
271 18 3
272 21 3
273 24 3
0 27 1
25 24 8 9
273 0 3
274 3 3
275 6 3
276 9 3
277 12 3
278 15 3
279 18 3
280 21 3
0 24 1
1 1 1 1
0 0 1

new keys
1
280

relin keys
0

