dataset name: /usr/local/lib/python3.8/dist-packages/gtsam-4.1.1-py3.8.egg/gtsam/Data/sphere2500.txt
{'dataset': 'sphere2500', 'is_3D': True, 'igo_id': 'lsqrselcholupdate2', 'mode': 'pgo', 'relin_threshold': 0.001, 'lc_lookahead': 1, 'lc_steps_file': '/home/ubuntu/slam-experiments/2024-03-11_lsqr-experiments/data/sphere_selected_steps.txt', 'default_num_outer_iter': 10, 'profile_outer_iter': 1, 'max_cg_iter': 500, 'cg_tolerance': '1e-10', 'stop_step': 600, 'selchol': {'min_sel_rows': 0, 'percent_rows': 0.001}, 'boundeddiff': {'row_norm_bound': 0.2, 'max_norm_bound': 0.9}, 'profile_lc_step': 592, 'output_file': '/home/ubuntu/slam-experiments/2024-03-11_lsqr-experiments/output/sphere_lsqr_selcholupdate2.yml', 'output_yaml_obj': {}, 'lc_steps': [53, 203, 592, 770, 998, 1073, 1348, 1534, 1797, 1999, 2147, 2241, 2430]}
[53, 203, 592, 770, 998, 1073, 1348, 1534, 1797, 1999, 2147, 2241, 2430]
lsqr  1e-10
istop = 2, itn = 1, normr = 2.523124847212002
step =  52 0 1 [53, 203, 592, 770, 998, 1073, 1348, 1534, 1797, 1999, 2147, 2241, 2430]
update_count = 1, chi2 = 1.611038703369715
lsqr  1e-10
istop = 2, itn = 1, normr = 2.1584817389330158
step =  52 1 1 [53, 203, 592, 770, 998, 1073, 1348, 1534, 1797, 1999, 2147, 2241, 2430]
update_count = 2, chi2 = 0.28743844729080215
lsqr  1e-10
istop = 2, itn = 1, normr = 2.127163611457394
step =  52 2 1 [53, 203, 592, 770, 998, 1073, 1348, 1534, 1797, 1999, 2147, 2241, 2430]
update_count = 3, chi2 = 0.2563454623289992
lsqr  1e-10
istop = 2, itn = 1, normr = 2.1427439735104863
step =  52 3 1 [53, 203, 592, 770, 998, 1073, 1348, 1534, 1797, 1999, 2147, 2241, 2430]
update_count = 4, chi2 = 0.25504872518026755
lsqr  1e-10
istop = 2, itn = 1, normr = 2.142363868711035
step =  52 4 1 [53, 203, 592, 770, 998, 1073, 1348, 1534, 1797, 1999, 2147, 2241, 2430]
update_count = 5, chi2 = 0.25492025118752687
lsqr  1e-10
istop = 2, itn = 1, normr = 2.142073284983943
step =  52 5 1 [53, 203, 592, 770, 998, 1073, 1348, 1534, 1797, 1999, 2147, 2241, 2430]
update_count = 6, chi2 = 0.2549083237243866
lsqr  1e-10
istop = 2, itn = 1, normr = 2.1420421634144162
step =  52 6 1 [53, 203, 592, 770, 998, 1073, 1348, 1534, 1797, 1999, 2147, 2241, 2430]
update_count = 7, chi2 = 0.2549100190534935
lsqr  1e-10
istop = 2, itn = 1, normr = 2.14205040615639
step =  52 7 1 [53, 203, 592, 770, 998, 1073, 1348, 1534, 1797, 1999, 2147, 2241, 2430]
update_count = 8, chi2 = 0.25490975917214503
lsqr  1e-10
istop = 2, itn = 1, normr = 2.1420494019532486
step =  52 8 1 [53, 203, 592, 770, 998, 1073, 1348, 1534, 1797, 1999, 2147, 2241, 2430]
update_count = 9, chi2 = 0.2549097069755322
lsqr  1e-10
istop = 2, itn = 1, normr = 2.1420491879582415
step =  52 9 1 [53, 203, 592, 770, 998, 1073, 1348, 1534, 1797, 1999, 2147, 2241, 2430]
update_count = 10, chi2 = 0.25490968056753555
lsqr  1e-10
istop = 2, itn = 1, normr = 2.142049077423701
step =  52 10 1 [53, 203, 592, 770, 998, 1073, 1348, 1534, 1797, 1999, 2147, 2241, 2430]
Done setting up problem
step = 53
Adding step 53
A shapes =  (348, 324) 0
num relin_rows =  0
max_diff = 0.0, h_max_diff = 0.0, eval_max = 0.0
After update max_diff = 0.0, h_max_diff = 0.0, eval_max = 0.0
num obs_rows =  12
(348, 324) (348, 1) (348, 324) (348, 1) (324, 324)
lsqr  1e-10
istop = 2, itn = 1, normr = 2.745955006325999
step =  53 0 1 [53, 203, 592, 770, 998, 1073, 1348, 1534, 1797, 1999, 2147, 2241, 2430]
chi2 = 0.3181359280119922


update_count = 1, chi2 = 0.3181359280119922
A shapes =  (348, 324) 342
num relin_rows =  0
max_diff = 5.530606829002957, h_max_diff = 186.7826465689027, eval_max = 211.23512261534094
After update max_diff = 5.530606829002957, h_max_diff = 186.7826465689027, eval_max = 211.23512261534046
num obs_rows =  0
<class 'float'>
(348, 324) (348, 1) (348, 324) (348, 1) (324, 324)
lsqr  1e-10
istop = 2, itn = 29, normr = 2.7488422133657857
step =  53 1 1 [53, 203, 592, 770, 998, 1073, 1348, 1534, 1797, 1999, 2147, 2241, 2430]
adding to yaml
0.021289119727601648
chi2 = 0.3173560816801999


update_count = 2, chi2 = 0.3173560816801999
A shapes =  (348, 324) 342
num relin_rows =  0
max_diff = 5.783133527136005, h_max_diff = 189.02217931801783, eval_max = 211.4595885745211
After update max_diff = 5.783133527136005, h_max_diff = 189.02217931801783, eval_max = 211.459588574521
num obs_rows =  0
(348, 324) (348, 1) (348, 324) (348, 1) (324, 324)
lsqr  1e-10
istop = 2, itn = 28, normr = 2.7595576967544844
step =  53 2 1 [53, 203, 592, 770, 998, 1073, 1348, 1534, 1797, 1999, 2147, 2241, 2430]
chi2 = 0.31742970619359173


update_count = 3, chi2 = 0.31742970619359173
A shapes =  (348, 324) 336
num relin_rows =  0
max_diff = 5.741092183157736, h_max_diff = 188.70008988364816, eval_max = 211.15334859780893
After update max_diff = 5.741092183157736, h_max_diff = 188.70008988364816, eval_max = 211.1533485978093
num obs_rows =  0
(348, 324) (348, 1) (348, 324) (348, 1) (324, 324)
lsqr  1e-10
istop = 2, itn = 27, normr = 2.7600819441542
step =  53 3 1 [53, 203, 592, 770, 998, 1073, 1348, 1534, 1797, 1999, 2147, 2241, 2430]
chi2 = 0.3174966423943645


update_count = 4, chi2 = 0.3174966423943645
A shapes =  (348, 324) 234
num relin_rows =  0
max_diff = 5.745914546372402, h_max_diff = 188.93753153898172, eval_max = 211.16167601912036
After update max_diff = 5.745914546372402, h_max_diff = 188.93753153898172, eval_max = 211.1616760191205
num obs_rows =  0
(348, 324) (348, 1) (348, 324) (348, 1) (324, 324)
lsqr  1e-10
istop = 2, itn = 26, normr = 2.760460900779913
step =  53 4 1 [53, 203, 592, 770, 998, 1073, 1348, 1534, 1797, 1999, 2147, 2241, 2430]
chi2 = 0.3174973190436542


update_count = 5, chi2 = 0.3174973190436542
A shapes =  (348, 324) 186
num relin_rows =  0
max_diff = 5.745914546372402, h_max_diff = 188.93753153898172, eval_max = 211.1616760191206
After update max_diff = 5.745914546372402, h_max_diff = 188.93753153898172, eval_max = 211.16167601912096
num obs_rows =  0
(348, 324) (348, 1) (348, 324) (348, 1) (324, 324)
lsqr  1e-10
istop = 2, itn = 27, normr = 2.7604609447155584
step =  53 5 1 [53, 203, 592, 770, 998, 1073, 1348, 1534, 1797, 1999, 2147, 2241, 2430]
chi2 = 0.31749732102336853


update_count = 6, chi2 = 0.31749732102336853
A shapes =  (348, 324) 12
num relin_rows =  0
max_diff = 5.745914546372402, h_max_diff = 188.93753153898172, eval_max = 211.16167601912065
After update max_diff = 5.745914546372402, h_max_diff = 188.93753153898172, eval_max = 211.16167601912036
num obs_rows =  0
(348, 324) (348, 1) (348, 324) (348, 1) (324, 324)
lsqr  1e-10
istop = 2, itn = 27, normr = 2.760460936263119
step =  53 6 1 [53, 203, 592, 770, 998, 1073, 1348, 1534, 1797, 1999, 2147, 2241, 2430]
chi2 = 0.3174973207562814


update_count = 7, chi2 = 0.3174973207562814
chi2 = 0.3174973207562814


{53: {100th: 0.021289119727601648, 25th: 0.0012717157667722823, 50th: 0.002914778002729068,
    75th: 0.006191200226465669, A_height: 348, A_width: 324, E_norm: 211.23512261534046,
    lsqr_iter: 29, num_selected: 0}}

lsqr  1e-10
istop = 2, itn = 1, normr = 13.135889086826793
step =  202 0 1 [53, 203, 592, 770, 998, 1073, 1348, 1534, 1797, 1999, 2147, 2241, 2430]
update_count = 1, chi2 = 10.56175307484735
lsqr  1e-10
istop = 2, itn = 1, normr = 12.886207943369126
step =  202 1 1 [53, 203, 592, 770, 998, 1073, 1348, 1534, 1797, 1999, 2147, 2241, 2430]
update_count = 2, chi2 = 0.36267900978514217
lsqr  1e-10
istop = 2, itn = 1, normr = 12.652049196990905
step =  202 2 1 [53, 203, 592, 770, 998, 1073, 1348, 1534, 1797, 1999, 2147, 2241, 2430]
update_count = 3, chi2 = 0.2989073439859543
lsqr  1e-10
istop = 2, itn = 1, normr = 12.62966290908043
step =  202 3 1 [53, 203, 592, 770, 998, 1073, 1348, 1534, 1797, 1999, 2147, 2241, 2430]
update_count = 4, chi2 = 0.1806578273480836
lsqr  1e-10
istop = 2, itn = 1, normr = 12.666010043053996
step =  202 4 1 [53, 203, 592, 770, 998, 1073, 1348, 1534, 1797, 1999, 2147, 2241, 2430]
update_count = 5, chi2 = 0.1811775787139673
lsqr  1e-10
istop = 2, itn = 1, normr = 12.641014130653312
step =  202 5 1 [53, 203, 592, 770, 998, 1073, 1348, 1534, 1797, 1999, 2147, 2241, 2430]
update_count = 6, chi2 = 0.17618006662586788
lsqr  1e-10
istop = 2, itn = 1, normr = 12.631982413800536
step =  202 6 1 [53, 203, 592, 770, 998, 1073, 1348, 1534, 1797, 1999, 2147, 2241, 2430]
update_count = 7, chi2 = 0.17759378351361502
lsqr  1e-10
istop = 2, itn = 1, normr = 12.629206824523292
step =  202 7 1 [53, 203, 592, 770, 998, 1073, 1348, 1534, 1797, 1999, 2147, 2241, 2430]
update_count = 8, chi2 = 0.17583758923924087
lsqr  1e-10
istop = 2, itn = 1, normr = 12.631733801725847
step =  202 8 1 [53, 203, 592, 770, 998, 1073, 1348, 1534, 1797, 1999, 2147, 2241, 2430]
update_count = 9, chi2 = 0.17609107202083854
lsqr  1e-10
istop = 2, itn = 1, normr = 12.636545249174173
step =  202 9 1 [53, 203, 592, 770, 998, 1073, 1348, 1534, 1797, 1999, 2147, 2241, 2430]
update_count = 10, chi2 = 0.1753496619803157
lsqr  1e-10
istop = 2, itn = 1, normr = 12.638531638789097
step =  202 10 1 [53, 203, 592, 770, 998, 1073, 1348, 1534, 1797, 1999, 2147, 2241, 2430]
Done setting up problem
step = 203
Adding step 203
A shapes =  (2148, 1224) 2130
num relin_rows =  2
max_diff = 0.858599939562791, h_max_diff = 10.435353673317604, eval_max = -19.56838012185305
After update max_diff = 0.7316898394642193, h_max_diff = 10.435353673317604, eval_max = -17.51444204115505
num obs_rows =  12
(2148, 1224) (2148, 1) (2148, 1224) (2148, 1) (1224, 1224)
lsqr  1e-10
istop = 2, itn = 53, normr = 12.705497843528974
step =  203 0 1 [53, 203, 592, 770, 998, 1073, 1348, 1534, 1797, 1999, 2147, 2241, 2430]
chi2 = 0.1759440338188694


update_count = 1, chi2 = 0.1759440338188694
A shapes =  (2148, 1224) 2142
num relin_rows =  2
max_diff = 4.152793880825297, h_max_diff = 175.90986210685378, eval_max = -248.21370470268718
After update max_diff = 2.4684033169585877, h_max_diff = 48.240589063535936, eval_max = -96.1482640839755
num obs_rows =  0
<class 'float'>
(2148, 1224) (2148, 1) (2148, 1224) (2148, 1) (1224, 1224)
lsqr  1e-10
istop = 2, itn = 38, normr = 12.70809909132534
step =  203 1 1 [53, 203, 592, 770, 998, 1073, 1348, 1534, 1797, 1999, 2147, 2241, 2430]
adding to yaml
1.8622155386380452
chi2 = 0.17568600494022604


update_count = 2, chi2 = 0.17568600494022604
A shapes =  (2148, 1224) 2142
num relin_rows =  2
max_diff = 2.4127660725586866, h_max_diff = 49.41742571455097, eval_max = -92.40740050774583
After update max_diff = 2.2229471518698047, h_max_diff = 49.41742571455097, eval_max = -92.42834786431642
num obs_rows =  0
(2148, 1224) (2148, 1) (2148, 1224) (2148, 1) (1224, 1224)
lsqr  1e-10
istop = 2, itn = 61, normr = 12.712145747521811
step =  203 2 1 [53, 203, 592, 770, 998, 1073, 1348, 1534, 1797, 1999, 2147, 2241, 2430]
chi2 = 0.1754616217736004


update_count = 3, chi2 = 0.1754616217736004
A shapes =  (2148, 1224) 2142
num relin_rows =  2
max_diff = 2.2102540312734145, h_max_diff = 48.810065440365406, eval_max = -92.0197830212156
After update max_diff = 1.808718332290991, h_max_diff = 48.810065440365406, eval_max = -91.81596384151368
num obs_rows =  0
(2148, 1224) (2148, 1) (2148, 1224) (2148, 1) (1224, 1224)
lsqr  1e-10
istop = 2, itn = 39, normr = 12.712006309731146
step =  203 3 1 [53, 203, 592, 770, 998, 1073, 1348, 1534, 1797, 1999, 2147, 2241, 2430]
chi2 = 0.17548182502714643


update_count = 4, chi2 = 0.17548182502714643
A shapes =  (2148, 1224) 2142
num relin_rows =  2
max_diff = 1.806655052575742, h_max_diff = 49.15006576355495, eval_max = -93.47375978946155
After update max_diff = 1.379556419482972, h_max_diff = 22.11194143145866, eval_max = 39.49085315683988
num obs_rows =  0
(2148, 1224) (2148, 1) (2148, 1224) (2148, 1) (1224, 1224)
lsqr  1e-10
istop = 2, itn = 55, normr = 12.715328296929952
step =  203 4 1 [53, 203, 592, 770, 998, 1073, 1348, 1534, 1797, 1999, 2147, 2241, 2430]
chi2 = 0.17534847675984389


update_count = 5, chi2 = 0.17534847675984389
A shapes =  (2148, 1224) 2142
num relin_rows =  2
max_diff = 1.383584810629829, h_max_diff = 22.167417817528644, eval_max = 39.84089136609423
After update max_diff = 1.078944959212745, h_max_diff = 22.167417817528644, eval_max = 39.22190609829853
num obs_rows =  0
(2148, 1224) (2148, 1) (2148, 1224) (2148, 1) (1224, 1224)
lsqr  1e-10
istop = 2, itn = 39, normr = 12.71492004476022
step =  203 5 1 [53, 203, 592, 770, 998, 1073, 1348, 1534, 1797, 1999, 2147, 2241, 2430]
chi2 = 0.17537601241732043


update_count = 6, chi2 = 0.17537601241732043
A shapes =  (2148, 1224) 2142
num relin_rows =  2
max_diff = 1.0773772783458335, h_max_diff = 22.090966567898818, eval_max = 38.740726424348026
After update max_diff = 0.8481631647998016, h_max_diff = 20.766740525671807, eval_max = -30.41830360737564
num obs_rows =  0
(2148, 1224) (2148, 1) (2148, 1224) (2148, 1) (1224, 1224)
lsqr  1e-10
istop = 2, itn = 54, normr = 12.717554118016242
step =  203 6 1 [53, 203, 592, 770, 998, 1073, 1348, 1534, 1797, 1999, 2147, 2241, 2430]
chi2 = 0.17528572686682992


update_count = 7, chi2 = 0.17528572686682992
A shapes =  (2148, 1224) 2142
num relin_rows =  2
max_diff = 0.8510751158523365, h_max_diff = 20.72001688018929, eval_max = -28.914474822125676
After update max_diff = 0.7794759865421228, h_max_diff = 20.72001688018929, eval_max = -29.02033514252317
num obs_rows =  0
(2148, 1224) (2148, 1) (2148, 1224) (2148, 1) (1224, 1224)
lsqr  1e-10
istop = 2, itn = 38, normr = 12.71699275220763
step =  203 7 1 [53, 203, 592, 770, 998, 1073, 1348, 1534, 1797, 1999, 2147, 2241, 2430]
chi2 = 0.17531312870346968


update_count = 8, chi2 = 0.17531312870346968
A shapes =  (2148, 1224) 2142
num relin_rows =  2
max_diff = 0.7679067403980335, h_max_diff = 20.750508279021375, eval_max = -30.40460844202485
After update max_diff = 0.6680535595595956, h_max_diff = 20.750508279021375, eval_max = -29.989903228375898
num obs_rows =  0
(2148, 1224) (2148, 1) (2148, 1224) (2148, 1) (1224, 1224)
lsqr  1e-10
istop = 2, itn = 51, normr = 12.719097447444428
step =  203 8 1 [53, 203, 592, 770, 998, 1073, 1348, 1534, 1797, 1999, 2147, 2241, 2430]
chi2 = 0.17524786383462498


update_count = 9, chi2 = 0.17524786383462498
A shapes =  (2148, 1224) 2142
num relin_rows =  2
max_diff = 0.6707461566128026, h_max_diff = 20.70875255607801, eval_max = -28.801417088349794
After update max_diff = 0.5926001250609465, h_max_diff = 17.723520998900995, eval_max = 21.54383255123294
num obs_rows =  0
(2148, 1224) (2148, 1) (2148, 1224) (2148, 1) (1224, 1224)
lsqr  1e-10
istop = 2, itn = 38, normr = 12.718473682845001
step =  203 9 1 [53, 203, 592, 770, 998, 1073, 1348, 1534, 1797, 1999, 2147, 2241, 2430]
chi2 = 0.17527316909236562


update_count = 10, chi2 = 0.17527316909236562
A shapes =  (2148, 1224) 2142
num relin_rows =  2
max_diff = 0.5432291786347521, h_max_diff = 17.48996205519302, eval_max = 20.68574800656763
After update max_diff = 0.503651588805782, h_max_diff = 17.48996205519302, eval_max = 20.68574800656763
num obs_rows =  0
(2148, 1224) (2148, 1) (2148, 1224) (2148, 1) (1224, 1224)
lsqr  1e-10
istop = 2, itn = 49, normr = 12.720173880759296
step =  203 10 1 [53, 203, 592, 770, 998, 1073, 1348, 1534, 1797, 1999, 2147, 2241, 2430]
chi2 = 0.17522392430313163


{53: {100th: 0.021289119727601648, 25th: 0.0012717157667722823, 50th: 0.002914778002729068,
    75th: 0.006191200226465669, A_height: 348, A_width: 324, E_norm: 211.23512261534046,
    lsqr_iter: 29, num_selected: 0}, 203: {100th: 1.8622155386380452, 25th: 0.007290487781005823,
    50th: 0.030097878110225715, 75th: 0.09855958934980119, A_height: 2148, A_width: 1224,
    E_norm: -96.1482640839755, lsqr_iter: 38, num_selected: 2}}

lsqr  1e-10
istop = 2, itn = 1, normr = 22.701077031960505
step =  591 0 1 [53, 203, 592, 770, 998, 1073, 1348, 1534, 1797, 1999, 2147, 2241, 2430]
update_count = 1, chi2 = 45.21862336707675
lsqr  1e-10
istop = 2, itn = 1, normr = 21.991880021585082
step =  591 1 1 [53, 203, 592, 770, 998, 1073, 1348, 1534, 1797, 1999, 2147, 2241, 2430]
update_count = 2, chi2 = 1.677945254394463
lsqr  1e-10
istop = 2, itn = 1, normr = 22.97088195274007
step =  591 2 1 [53, 203, 592, 770, 998, 1073, 1348, 1534, 1797, 1999, 2147, 2241, 2430]
update_count = 3, chi2 = 0.3991895797330782
lsqr  1e-10
istop = 2, itn = 1, normr = 22.889058742615312
step =  591 3 1 [53, 203, 592, 770, 998, 1073, 1348, 1534, 1797, 1999, 2147, 2241, 2430]
update_count = 4, chi2 = 0.18349345174785026
lsqr  1e-10
istop = 2, itn = 1, normr = 22.985463140675265
step =  591 4 1 [53, 203, 592, 770, 998, 1073, 1348, 1534, 1797, 1999, 2147, 2241, 2430]
update_count = 5, chi2 = 0.16538807034850894
lsqr  1e-10
istop = 2, itn = 1, normr = 23.01212634992878
step =  591 5 1 [53, 203, 592, 770, 998, 1073, 1348, 1534, 1797, 1999, 2147, 2241, 2430]
update_count = 6, chi2 = 0.16467293204669833
lsqr  1e-10
istop = 2, itn = 1, normr = 23.02533519837024
step =  591 6 1 [53, 203, 592, 770, 998, 1073, 1348, 1534, 1797, 1999, 2147, 2241, 2430]
update_count = 7, chi2 = 0.16367914600761185
lsqr  1e-10
istop = 2, itn = 1, normr = 23.028762709416696
step =  591 7 1 [53, 203, 592, 770, 998, 1073, 1348, 1534, 1797, 1999, 2147, 2241, 2430]
update_count = 8, chi2 = 0.16373204156822044
lsqr  1e-10
istop = 2, itn = 1, normr = 23.03319942268519
step =  591 8 1 [53, 203, 592, 770, 998, 1073, 1348, 1534, 1797, 1999, 2147, 2241, 2430]
update_count = 9, chi2 = 0.16349153252549914
lsqr  1e-10
istop = 2, itn = 1, normr = 23.034417329261125
step =  591 9 1 [53, 203, 592, 770, 998, 1073, 1348, 1534, 1797, 1999, 2147, 2241, 2430]
update_count = 10, chi2 = 0.16349926910257256
lsqr  1e-10
istop = 2, itn = 1, normr = 23.036660953879775
step =  591 10 1 [53, 203, 592, 770, 998, 1073, 1348, 1534, 1797, 1999, 2147, 2241, 2430]
Done setting up problem
step = 592
Adding step 592
A shapes =  (6816, 3558) 6738
num relin_rows =  6
max_diff = 3.5718298662220036, h_max_diff = 50.21924165842695, eval_max = -70.19152191610084
After update max_diff = 1.3872030739492036, h_max_diff = 39.643690380605335, eval_max = -52.45372243607766
num obs_rows =  12
(6816, 3558) (6816, 1) (6816, 3558) (6816, 1) (3558, 3558)
lsqr  1e-10
istop = 2, itn = 46, normr = 23.04478828673662
step =  592 0 1 [53, 203, 592, 770, 998, 1073, 1348, 1534, 1797, 1999, 2147, 2241, 2430]
chi2 = 0.16323464861657017


update_count = 1, chi2 = 0.16323464861657017
A shapes =  (6816, 3558) 6726
num relin_rows =  6
max_diff = 5.384579455999951, h_max_diff = 286.3798634172899, eval_max = 318.78378098502736
After update max_diff = 2.5413530113969536, h_max_diff = 69.85829180584187, eval_max = 84.8556265663878
num obs_rows =  0
<class 'float'>
(6816, 3558) (6816, 1) (6816, 3558) (6816, 1) (3558, 3558)
lsqr  1e-10
istop = 2, itn = 39, normr = 23.046428338670133
step =  592 1 1 [53, 203, 592, 770, 998, 1073, 1348, 1534, 1797, 1999, 2147, 2241, 2430]
adding to yaml
0.245437495635514
chi2 = 0.16318923742818556


update_count = 2, chi2 = 0.16318923742818556
A shapes =  (6816, 3558) 6768
num relin_rows =  6
max_diff = 3.061769185634258, h_max_diff = 69.74088784805258, eval_max = -79.53453230933395
After update max_diff = 1.259681275171241, h_max_diff = 43.1627071174918, eval_max = 67.84244986212875
num obs_rows =  0
(6816, 3558) (6816, 1) (6816, 3558) (6816, 1) (3558, 3558)
lsqr  1e-10
istop = 2, itn = 46, normr = 23.04731502069862
step =  592 2 1 [53, 203, 592, 770, 998, 1073, 1348, 1534, 1797, 1999, 2147, 2241, 2430]
chi2 = 0.16317647563050452


update_count = 3, chi2 = 0.16317647563050452
A shapes =  (6816, 3558) 6354
num relin_rows =  6
max_diff = 2.751412396726376, h_max_diff = 59.226856279343316, eval_max = 82.01963230486129
After update max_diff = 1.1249797722698904, h_max_diff = 42.9968339056736, eval_max = 71.72831896526611
num obs_rows =  0
(6816, 3558) (6816, 1) (6816, 3558) (6816, 1) (3558, 3558)
lsqr  1e-10
istop = 2, itn = 39, normr = 23.048106387481287
step =  592 3 1 [53, 203, 592, 770, 998, 1073, 1348, 1534, 1797, 1999, 2147, 2241, 2430]
chi2 = 0.16316269681927048


update_count = 4, chi2 = 0.16316269681927048
A shapes =  (6816, 3558) 6750
num relin_rows =  6
max_diff = 2.572887463215032, h_max_diff = 43.167832376934335, eval_max = 67.64758250588349
After update max_diff = 1.1310070321318717, h_max_diff = 43.167832376934335, eval_max = 67.64758250584589
num obs_rows =  0
(6816, 3558) (6816, 1) (6816, 3558) (6816, 1) (3558, 3558)
lsqr  1e-10
istop = 2, itn = 46, normr = 23.04869970094446
step =  592 4 1 [53, 203, 592, 770, 998, 1073, 1348, 1534, 1797, 1999, 2147, 2241, 2430]
chi2 = 0.1631528265238939


update_count = 5, chi2 = 0.1631528265238939
A shapes =  (6816, 3558) 6432
num relin_rows =  6
max_diff = 2.339218354133403, h_max_diff = 53.79773360552055, eval_max = 71.13751587183009
After update max_diff = 1.0394294362743117, h_max_diff = 43.02611730724034, eval_max = 71.13739289033947
num obs_rows =  0
(6816, 3558) (6816, 1) (6816, 3558) (6816, 1) (3558, 3558)
lsqr  1e-10
istop = 2, itn = 40, normr = 23.049302324119335
step =  592 5 1 [53, 203, 592, 770, 998, 1073, 1348, 1534, 1797, 1999, 2147, 2241, 2430]
chi2 = 0.16314577518929066


update_count = 6, chi2 = 0.16314577518929066
A shapes =  (6816, 3558) 6636
num relin_rows =  6
max_diff = 2.177091357383682, h_max_diff = 43.173898299946075, eval_max = 67.75132341338114
After update max_diff = 1.043819911095436, h_max_diff = 43.173898299946075, eval_max = 67.75132341337921
num obs_rows =  0
(6816, 3558) (6816, 1) (6816, 3558) (6816, 1) (3558, 3558)
lsqr  1e-10
istop = 2, itn = 45, normr = 23.049652287647206
step =  592 6 1 [53, 203, 592, 770, 998, 1073, 1348, 1534, 1797, 1999, 2147, 2241, 2430]
chi2 = 0.16313918393886526


update_count = 7, chi2 = 0.16313918393886526
A shapes =  (6816, 3558) 6504
num relin_rows =  6
max_diff = 1.9939943375742009, h_max_diff = 47.55952921229284, eval_max = 70.76199585823153
After update max_diff = 0.9511119462867192, h_max_diff = 32.208320394134546, eval_max = -40.84915049362002
num obs_rows =  0
(6816, 3558) (6816, 1) (6816, 3558) (6816, 1) (3558, 3558)
lsqr  1e-10
istop = 2, itn = 38, normr = 23.05011523769545
step =  592 7 1 [53, 203, 592, 770, 998, 1073, 1348, 1534, 1797, 1999, 2147, 2241, 2430]
chi2 = 0.16313448169866784


update_count = 8, chi2 = 0.16313448169866784
A shapes =  (6816, 3558) 6384
num relin_rows =  6
max_diff = 1.853216593120981, h_max_diff = 27.48832390628947, eval_max = -36.9949145162502
After update max_diff = 0.9305367149207964, h_max_diff = 27.48832390628947, eval_max = -35.10192709267832
num obs_rows =  0
(6816, 3558) (6816, 1) (6816, 3558) (6816, 1) (3558, 3558)
lsqr  1e-10
istop = 2, itn = 46, normr = 23.05033095442633
step =  592 8 1 [53, 203, 592, 770, 998, 1073, 1348, 1534, 1797, 1999, 2147, 2241, 2430]
chi2 = 0.16313029426257494


update_count = 9, chi2 = 0.16313029426257494
A shapes =  (6816, 3558) 5664
num relin_rows =  6
max_diff = 1.7066805712167188, h_max_diff = 42.36936154516292, eval_max = 50.7173580861646
After update max_diff = 0.6203176493401212, h_max_diff = 30.128933507114255, eval_max = -35.53748644347125
num obs_rows =  0
(6816, 3558) (6816, 1) (6816, 3558) (6816, 1) (3558, 3558)
lsqr  1e-10
istop = 2, itn = 38, normr = 23.05070470155219
step =  592 9 1 [53, 203, 592, 770, 998, 1073, 1348, 1534, 1797, 1999, 2147, 2241, 2430]
chi2 = 0.1631268582195312


update_count = 10, chi2 = 0.1631268582195312
A shapes =  (6816, 3558) 6348
num relin_rows =  6
max_diff = 1.5867372571877523, h_max_diff = 26.752145942245534, eval_max = -35.296613961782356
After update max_diff = 0.816592158825026, h_max_diff = 19.739841412664212, eval_max = -32.13380717916995
num obs_rows =  0
(6816, 3558) (6816, 1) (6816, 3558) (6816, 1) (3558, 3558)
lsqr  1e-10
istop = 2, itn = 44, normr = 23.05076009878925
step =  592 10 1 [53, 203, 592, 770, 998, 1073, 1348, 1534, 1797, 1999, 2147, 2241, 2430]
chi2 = 0.1631244445292444


{53: {100th: 0.021289119727601648, 25th: 0.0012717157667722823, 50th: 0.002914778002729068,
    75th: 0.006191200226465669, A_height: 348, A_width: 324, E_norm: 211.23512261534046,
    lsqr_iter: 29, num_selected: 0}, 203: {100th: 1.8622155386380452, 25th: 0.007290487781005823,
    50th: 0.030097878110225715, 75th: 0.09855958934980119, A_height: 2148, A_width: 1224,
    E_norm: -96.1482640839755, lsqr_iter: 38, num_selected: 2}, 592: {100th: 0.245437495635514,
    25th: 0.0006148741508479486, 50th: 0.002343863291185309, 75th: 0.007539834976732323,
    A_height: 6816, A_width: 3558, E_norm: 84.8556265663878, lsqr_iter: 39, num_selected: 6}}

