dataset name: /usr/local/lib/python3.8/dist-packages/gtsam-4.1.1-py3.8.egg/gtsam/Data/sphere2500.txt
{'dataset': 'sphere2500', 'is_3D': True, 'igo_id': 'selcholupdate2', 'mode': 'pgo', 'relin_threshold': 0.001, 'lc_lookahead': 1, 'lc_steps_file': '/home/ubuntu/slam-experiments/2024-03-11_lsqr-experiments/data/sphere_selected_steps.txt', 'default_num_outer_iter': 10, 'profile_outer_iter': 1, 'max_cg_iter': 500, 'cg_tolerance': '1e-6', 'stop_step': 600, 'selchol': {'min_sel_rows': 0, 'percent_rows': 0.05}, 'boundeddiff': {'row_norm_bound': 0.2, 'max_norm_bound': 0.9}, 'profile_lc_step': 592, 'output_file': '/home/ubuntu/slam-experiments/2024-03-11_lsqr-experiments/output/sphere_selcholupdate2.yml', 'output_yaml_obj': {}, 'lc_steps': [53, 203, 592, 770, 998, 1073, 1348, 1534, 1797, 1999, 2147, 2241, 2430]}
[53, 203, 592, 770, 998, 1073, 1348, 1534, 1797, 1999, 2147, 2241, 2430]
(318, 1)
cg iter = 1, info = 0
step =  52 0 1 [53, 203, 592, 770, 998, 1073, 1348, 1534, 1797, 1999, 2147, 2241, 2430]
update_count = 1, chi2 = 1.6110387033683127
(318, 1)
cg iter = 1, info = 0
step =  52 1 1 [53, 203, 592, 770, 998, 1073, 1348, 1534, 1797, 1999, 2147, 2241, 2430]
update_count = 2, chi2 = 0.2874384472907676
(318, 1)
cg iter = 1, info = 0
step =  52 2 1 [53, 203, 592, 770, 998, 1073, 1348, 1534, 1797, 1999, 2147, 2241, 2430]
update_count = 3, chi2 = 0.256345462328996
(318, 1)
cg iter = 1, info = 0
step =  52 3 1 [53, 203, 592, 770, 998, 1073, 1348, 1534, 1797, 1999, 2147, 2241, 2430]
update_count = 4, chi2 = 0.25504872518026755
(318, 1)
cg iter = 1, info = 0
step =  52 4 1 [53, 203, 592, 770, 998, 1073, 1348, 1534, 1797, 1999, 2147, 2241, 2430]
update_count = 5, chi2 = 0.2549202511875269
(318, 1)
cg iter = 1, info = 0
step =  52 5 1 [53, 203, 592, 770, 998, 1073, 1348, 1534, 1797, 1999, 2147, 2241, 2430]
update_count = 6, chi2 = 0.2549083237243862
(318, 1)
cg iter = 1, info = 0
step =  52 6 1 [53, 203, 592, 770, 998, 1073, 1348, 1534, 1797, 1999, 2147, 2241, 2430]
update_count = 7, chi2 = 0.25491001905349353
(318, 1)
cg iter = 1, info = 0
step =  52 7 1 [53, 203, 592, 770, 998, 1073, 1348, 1534, 1797, 1999, 2147, 2241, 2430]
update_count = 8, chi2 = 0.2549097591721445
(318, 1)
cg iter = 1, info = 0
step =  52 8 1 [53, 203, 592, 770, 998, 1073, 1348, 1534, 1797, 1999, 2147, 2241, 2430]
update_count = 9, chi2 = 0.2549097069755323
(318, 1)
cg iter = 1, info = 0
step =  52 9 1 [53, 203, 592, 770, 998, 1073, 1348, 1534, 1797, 1999, 2147, 2241, 2430]
update_count = 10, chi2 = 0.2549096805675353
(318, 1)
cg iter = 1, info = 0
step =  52 10 1 [53, 203, 592, 770, 998, 1073, 1348, 1534, 1797, 1999, 2147, 2241, 2430]
Done setting up problem
step = 53
Adding step 53
A shapes =  (348, 324) 0
num relin_rows =  0
max_diff = 0.0, h_max_diff = 0.0, eval_max = 0.0
After update max_diff = 0.0, h_max_diff = 0.0, eval_max = 0.0
num obs_rows =  12
(348, 324) (348, 1) (348, 324) (348, 1) (324, 324)
(324, 1)
cg iter = 1, info = 0
step =  53 0 1 [53, 203, 592, 770, 998, 1073, 1348, 1534, 1797, 1999, 2147, 2241, 2430]
chi2 = 0.31813592801199336


update_count = 1, chi2 = 0.31813592801199336
A shapes =  (348, 324) 342
num relin_rows =  17
max_diff = 5.530606829002959, h_max_diff = 186.78264656890258, eval_max = 211.23512261534043
After update max_diff = 0.4670415534433527, h_max_diff = 10.367457179260697, eval_max = 14.096720568192612
num obs_rows =  0
<class 'float'>
(348, 324) (348, 1) (348, 324) (348, 1) (324, 324)
(324, 1)
cg iter = 11, info = 0
step =  53 1 1 [53, 203, 592, 770, 998, 1073, 1348, 1534, 1797, 1999, 2147, 2241, 2430]
adding to yaml
0.02128902544519603
chi2 = 0.31735608160215106


update_count = 2, chi2 = 0.31735608160215106
A shapes =  (348, 324) 342
num relin_rows =  17
max_diff = 0.40475527655557775, h_max_diff = 10.225192102714658, eval_max = 14.155362248333722
After update max_diff = 0.17622108046369375, h_max_diff = 2.86313402740395, eval_max = -3.7494242711128574
num obs_rows =  0
(348, 324) (348, 1) (348, 324) (348, 1) (324, 324)
(324, 1)
cg iter = 8, info = 0
step =  53 2 1 [53, 203, 592, 770, 998, 1073, 1348, 1534, 1797, 1999, 2147, 2241, 2430]
chi2 = 0.31742970755288585


update_count = 3, chi2 = 0.31742970755288585
A shapes =  (348, 324) 336
num relin_rows =  17
max_diff = 0.1779845962815675, h_max_diff = 1.779845962815675, eval_max = -3.59164433720057
After update max_diff = 0.0844743536560017, h_max_diff = 2.1138334584072176, eval_max = -2.8141297584276965
num obs_rows =  0
(348, 324) (348, 1) (348, 324) (348, 1) (324, 324)
(324, 1)
cg iter = 7, info = 0
step =  53 3 1 [53, 203, 592, 770, 998, 1073, 1348, 1534, 1797, 1999, 2147, 2241, 2430]
chi2 = 0.31749664167404973


update_count = 4, chi2 = 0.31749664167404973
A shapes =  (348, 324) 234
num relin_rows =  17
max_diff = 0.08630761031521025, h_max_diff = 2.4892414811171903, eval_max = -3.3237476025633996
After update max_diff = 0.027881296419176582, h_max_diff = 0.7318648387700382, eval_max = 0.9892835876028946
num obs_rows =  0
(348, 324) (348, 1) (348, 324) (348, 1) (324, 324)
(324, 1)
cg iter = 7, info = 0
step =  53 4 1 [53, 203, 592, 770, 998, 1073, 1348, 1534, 1797, 1999, 2147, 2241, 2430]
chi2 = 0.3174973180295241


update_count = 5, chi2 = 0.3174973180295241
A shapes =  (348, 324) 186
num relin_rows =  16
max_diff = 0.027881296419176582, h_max_diff = 0.7318648387700382, eval_max = 0.9892835876028919
After update max_diff = 0.019531982243933266, h_max_diff = 0.3319471711739226, eval_max = -0.4845249755728352
num obs_rows =  0
(348, 324) (348, 1) (348, 324) (348, 1) (324, 324)
(324, 1)
cg iter = 7, info = 0
step =  53 5 1 [53, 203, 592, 770, 998, 1073, 1348, 1534, 1797, 1999, 2147, 2241, 2430]
chi2 = 0.31749732000179004


update_count = 6, chi2 = 0.31749732000179004
A shapes =  (348, 324) 12
num relin_rows =  15
max_diff = 0.019531982243933266, h_max_diff = 0.3319471711739226, eval_max = -0.48452497557283636
After update max_diff = 0.014687321897276617, h_max_diff = 0.3319471711739226, eval_max = -0.48468429203447255
num obs_rows =  0
(348, 324) (348, 1) (348, 324) (348, 1) (324, 324)
(324, 1)
cg iter = 6, info = 0
step =  53 6 1 [53, 203, 592, 770, 998, 1073, 1348, 1534, 1797, 1999, 2147, 2241, 2430]
chi2 = 0.3174973197393835


update_count = 7, chi2 = 0.3174973197393835
chi2 = 0.3174973197393835


{53: {100th: 0.02128902544519603, 25th: 0.0012717023150157997, 50th: 0.002914853140372111,
    75th: 0.006191684603858033, A_height: 348, A_width: 324, E_norm: 14.096720568192612,
    cg_iter: 11, num_selected: 17}}

(1218, 1)
cg iter = 1, info = 0
step =  202 0 1 [53, 203, 592, 770, 998, 1073, 1348, 1534, 1797, 1999, 2147, 2241, 2430]
update_count = 1, chi2 = 10.561753215554509
(1218, 1)
cg iter = 1, info = 0
step =  202 1 1 [53, 203, 592, 770, 998, 1073, 1348, 1534, 1797, 1999, 2147, 2241, 2430]
update_count = 2, chi2 = 0.3626790077555573
(1218, 1)
cg iter = 1, info = 0
step =  202 2 1 [53, 203, 592, 770, 998, 1073, 1348, 1534, 1797, 1999, 2147, 2241, 2430]
update_count = 3, chi2 = 0.2989073396753983
(1218, 1)
cg iter = 1, info = 0
step =  202 3 1 [53, 203, 592, 770, 998, 1073, 1348, 1534, 1797, 1999, 2147, 2241, 2430]
update_count = 4, chi2 = 0.18065782722163948
(1218, 1)
cg iter = 1, info = 0
step =  202 4 1 [53, 203, 592, 770, 998, 1073, 1348, 1534, 1797, 1999, 2147, 2241, 2430]
update_count = 5, chi2 = 0.1811775786219659
(1218, 1)
cg iter = 1, info = 0
step =  202 5 1 [53, 203, 592, 770, 998, 1073, 1348, 1534, 1797, 1999, 2147, 2241, 2430]
update_count = 6, chi2 = 0.17618006661877175
(1218, 1)
cg iter = 1, info = 0
step =  202 6 1 [53, 203, 592, 770, 998, 1073, 1348, 1534, 1797, 1999, 2147, 2241, 2430]
update_count = 7, chi2 = 0.1775937835044349
(1218, 1)
cg iter = 1, info = 0
step =  202 7 1 [53, 203, 592, 770, 998, 1073, 1348, 1534, 1797, 1999, 2147, 2241, 2430]
update_count = 8, chi2 = 0.17583758922585316
(1218, 1)
cg iter = 1, info = 0
step =  202 8 1 [53, 203, 592, 770, 998, 1073, 1348, 1534, 1797, 1999, 2147, 2241, 2430]
update_count = 9, chi2 = 0.17609107200926477
(1218, 1)
cg iter = 1, info = 0
step =  202 9 1 [53, 203, 592, 770, 998, 1073, 1348, 1534, 1797, 1999, 2147, 2241, 2430]
update_count = 10, chi2 = 0.17534966197182095
(1218, 1)
cg iter = 1, info = 0
step =  202 10 1 [53, 203, 592, 770, 998, 1073, 1348, 1534, 1797, 1999, 2147, 2241, 2430]
Done setting up problem
step = 203
Adding step 203
A shapes =  (2148, 1224) 2130
num relin_rows =  106
max_diff = 0.8585999349810987, h_max_diff = 10.43535364955309, eval_max = -19.568380051759902
After update max_diff = 0.2946186076821604, h_max_diff = 7.283618200884906, eval_max = 9.230960472538273
num obs_rows =  12
(2148, 1224) (2148, 1) (2148, 1224) (2148, 1) (1224, 1224)
(1224, 1)
cg iter = 39, info = 0
step =  203 0 1 [53, 203, 592, 770, 998, 1073, 1348, 1534, 1797, 1999, 2147, 2241, 2430]
chi2 = 0.17594403359135205


update_count = 1, chi2 = 0.17594403359135205
A shapes =  (2148, 1224) 2142
num relin_rows =  107
max_diff = 4.1527939262482745, h_max_diff = 175.90983550021315, eval_max = -248.22117719661773
After update max_diff = 0.30617186693742227, h_max_diff = 9.88469776027624, eval_max = -15.668339968288699
num obs_rows =  0
<class 'float'>
(2148, 1224) (2148, 1) (2148, 1224) (2148, 1) (1224, 1224)
(1224, 1)
cg iter = 26, info = 0
step =  203 1 1 [53, 203, 592, 770, 998, 1073, 1348, 1534, 1797, 1999, 2147, 2241, 2430]
adding to yaml
1.8622152531576277
chi2 = 0.17568600478604768


update_count = 2, chi2 = 0.17568600478604768
A shapes =  (2148, 1224) 2142
num relin_rows =  107
max_diff = 0.7692328239733417, h_max_diff = 16.476158973881674, eval_max = -23.74495540389487
After update max_diff = 0.25183017937938623, h_max_diff = 9.09317926718456, eval_max = -15.15476612899623
num obs_rows =  0
(2148, 1224) (2148, 1) (2148, 1224) (2148, 1) (1224, 1224)
(1224, 1)
cg iter = 37, info = 0
step =  203 2 1 [53, 203, 592, 770, 998, 1073, 1348, 1534, 1797, 1999, 2147, 2241, 2430]
chi2 = 0.17546162140587637


update_count = 3, chi2 = 0.17546162140587637
A shapes =  (2148, 1224) 2142
num relin_rows =  107
max_diff = 0.6551267667244955, h_max_diff = 14.526111222907877, eval_max = -23.04284653761983
After update max_diff = 0.21059574828778177, h_max_diff = 6.901254114261064, eval_max = -9.856742376065524
num obs_rows =  0
(2148, 1224) (2148, 1) (2148, 1224) (2148, 1) (1224, 1224)
(1224, 1)
cg iter = 28, info = 0
step =  203 3 1 [53, 203, 592, 770, 998, 1073, 1348, 1534, 1797, 1999, 2147, 2241, 2430]
chi2 = 0.1754818249295722


update_count = 4, chi2 = 0.1754818249295722
A shapes =  (2148, 1224) 2142
num relin_rows =  107
max_diff = 0.6077483750492689, h_max_diff = 8.586143470243542, eval_max = -13.293610906660714
After update max_diff = 0.2181197632876135, h_max_diff = 7.092779694049568, eval_max = -9.866264355003036
num obs_rows =  0
(2148, 1224) (2148, 1) (2148, 1224) (2148, 1) (1224, 1224)
(1224, 1)
cg iter = 37, info = 0
step =  203 4 1 [53, 203, 592, 770, 998, 1073, 1348, 1534, 1797, 1999, 2147, 2241, 2430]
chi2 = 0.1753484766551592


update_count = 5, chi2 = 0.1753484766551592
A shapes =  (2148, 1224) 2142
num relin_rows =  107
max_diff = 0.5550422439895506, h_max_diff = 11.457988062991054, eval_max = -18.325607469047156
After update max_diff = 0.16512787667957185, h_max_diff = 6.086435683635003, eval_max = 9.91174921576542
num obs_rows =  0
(2148, 1224) (2148, 1) (2148, 1224) (2148, 1) (1224, 1224)
(1224, 1)
cg iter = 29, info = 0
step =  203 5 1 [53, 203, 592, 770, 998, 1073, 1348, 1534, 1797, 1999, 2147, 2241, 2430]
chi2 = 0.17537601233452108


update_count = 6, chi2 = 0.17537601233452108
A shapes =  (2148, 1224) 2142
num relin_rows =  107
max_diff = 0.5155426733947328, h_max_diff = 7.839874730200972, eval_max = 10.860981989453606
After update max_diff = 0.19242683119182669, h_max_diff = 5.504970080913665, eval_max = 9.395264477357873
num obs_rows =  0
(2148, 1224) (2148, 1) (2148, 1224) (2148, 1) (1224, 1224)
(1224, 1)
cg iter = 36, info = 0
step =  203 6 1 [53, 203, 592, 770, 998, 1073, 1348, 1534, 1797, 1999, 2147, 2241, 2430]
chi2 = 0.17528572675152834


update_count = 7, chi2 = 0.17528572675152834
A shapes =  (2148, 1224) 2142
num relin_rows =  107
max_diff = 0.4724151945074402, h_max_diff = 8.928516899419005, eval_max = -12.342955857792324
After update max_diff = 0.14337511642399714, h_max_diff = 5.400560088083083, eval_max = -6.927986678366332
num obs_rows =  0
(2148, 1224) (2148, 1) (2148, 1224) (2148, 1) (1224, 1224)
(1224, 1)
cg iter = 29, info = 0
step =  203 7 1 [53, 203, 592, 770, 998, 1073, 1348, 1534, 1797, 1999, 2147, 2241, 2430]
chi2 = 0.17531312861789908


update_count = 8, chi2 = 0.17531312861789908
A shapes =  (2148, 1224) 2142
num relin_rows =  107
max_diff = 0.43815893183613674, h_max_diff = 6.845345024482835, eval_max = 9.473288413110916
After update max_diff = 0.16783581955386334, h_max_diff = 3.878448149004715, eval_max = 5.783974189982861
num obs_rows =  0
(2148, 1224) (2148, 1) (2148, 1224) (2148, 1) (1224, 1224)
(1224, 1)
cg iter = 34, info = 0
step =  203 8 1 [53, 203, 592, 770, 998, 1073, 1348, 1534, 1797, 1999, 2147, 2241, 2430]
chi2 = 0.17524786376616863


update_count = 9, chi2 = 0.17524786376616863
A shapes =  (2148, 1224) 2142
num relin_rows =  107
max_diff = 0.4024931262326845, h_max_diff = 7.6411220455754645, eval_max = -10.642864547846806
After update max_diff = 0.12550725159038806, h_max_diff = 5.089442561694089, eval_max = -6.67954728809598
num obs_rows =  0
(2148, 1224) (2148, 1) (2148, 1224) (2148, 1) (1224, 1224)
(1224, 1)
cg iter = 27, info = 0
step =  203 9 1 [53, 203, 592, 770, 998, 1073, 1348, 1534, 1797, 1999, 2147, 2241, 2430]
chi2 = 0.17527316900292275


update_count = 10, chi2 = 0.17527316900292275
A shapes =  (2148, 1224) 2142
num relin_rows =  107
max_diff = 0.3727951828552545, h_max_diff = 5.8714249924729245, eval_max = -7.807430030994985
After update max_diff = 0.1456191825930797, h_max_diff = 3.6822146450058995, eval_max = 6.503526513453881
num obs_rows =  0
(2148, 1224) (2148, 1) (2148, 1224) (2148, 1) (1224, 1224)
(1224, 1)
cg iter = 32, info = 0
step =  203 10 1 [53, 203, 592, 770, 998, 1073, 1348, 1534, 1797, 1999, 2147, 2241, 2430]
chi2 = 0.1752239242446817


{53: {100th: 0.02128902544519603, 25th: 0.0012717023150157997, 50th: 0.002914853140372111,
    75th: 0.006191684603858033, A_height: 348, A_width: 324, E_norm: 14.096720568192612,
    cg_iter: 11, num_selected: 17}, 203: {100th: 1.8622152531576277, 25th: 0.0072904741691703625,
    50th: 0.03009791331165944, 75th: 0.09855970190091418, A_height: 2148, A_width: 1224,
    E_norm: -15.668339968288699, cg_iter: 26, num_selected: 107}}

(3552, 1)
cg iter = 1, info = 0
step =  591 0 1 [53, 203, 592, 770, 998, 1073, 1348, 1534, 1797, 1999, 2147, 2241, 2430]
update_count = 1, chi2 = 45.21862342663883
(3552, 1)
cg iter = 1, info = 0
step =  591 1 1 [53, 203, 592, 770, 998, 1073, 1348, 1534, 1797, 1999, 2147, 2241, 2430]
update_count = 2, chi2 = 1.6779452811277304
(3552, 1)
cg iter = 1, info = 0
step =  591 2 1 [53, 203, 592, 770, 998, 1073, 1348, 1534, 1797, 1999, 2147, 2241, 2430]
update_count = 3, chi2 = 0.39918958596134063
(3552, 1)
cg iter = 1, info = 0
step =  591 3 1 [53, 203, 592, 770, 998, 1073, 1348, 1534, 1797, 1999, 2147, 2241, 2430]
update_count = 4, chi2 = 0.1834934513931514
(3552, 1)
cg iter = 1, info = 0
step =  591 4 1 [53, 203, 592, 770, 998, 1073, 1348, 1534, 1797, 1999, 2147, 2241, 2430]
update_count = 5, chi2 = 0.16538807037893088
(3552, 1)
cg iter = 1, info = 0
step =  591 5 1 [53, 203, 592, 770, 998, 1073, 1348, 1534, 1797, 1999, 2147, 2241, 2430]
update_count = 6, chi2 = 0.16467293205460778
(3552, 1)
cg iter = 1, info = 0
step =  591 6 1 [53, 203, 592, 770, 998, 1073, 1348, 1534, 1797, 1999, 2147, 2241, 2430]
update_count = 7, chi2 = 0.16367914601144384
(3552, 1)
cg iter = 1, info = 0
step =  591 7 1 [53, 203, 592, 770, 998, 1073, 1348, 1534, 1797, 1999, 2147, 2241, 2430]
update_count = 8, chi2 = 0.1637320415707222
(3552, 1)
cg iter = 1, info = 0
step =  591 8 1 [53, 203, 592, 770, 998, 1073, 1348, 1534, 1797, 1999, 2147, 2241, 2430]
update_count = 9, chi2 = 0.16349153252646517
(3552, 1)
cg iter = 1, info = 0
step =  591 9 1 [53, 203, 592, 770, 998, 1073, 1348, 1534, 1797, 1999, 2147, 2241, 2430]
update_count = 10, chi2 = 0.16349926910353602
(3552, 1)
cg iter = 1, info = 0
step =  591 10 1 [53, 203, 592, 770, 998, 1073, 1348, 1534, 1797, 1999, 2147, 2241, 2430]
Done setting up problem
step = 592
Adding step 592
A shapes =  (6816, 3558) 6738
num relin_rows =  336
max_diff = 3.571829873243548, h_max_diff = 50.21924175839221, eval_max = -70.19152206083852
After update max_diff = 0.08738169676926111, h_max_diff = 2.637873140613678, eval_max = -4.589247495644869
num obs_rows =  12
(6816, 3558) (6816, 1) (6816, 3558) (6816, 1) (3558, 3558)
(3558, 1)
cg iter = 23, info = 0
step =  592 0 1 [53, 203, 592, 770, 998, 1073, 1348, 1534, 1797, 1999, 2147, 2241, 2430]
chi2 = 0.16323464881965222


update_count = 1, chi2 = 0.16323464881965222
A shapes =  (6816, 3558) 6726
num relin_rows =  339
max_diff = 5.3845790536765605, h_max_diff = 295.42631806121835, eval_max = 327.6917561906384
After update max_diff = 0.06779363403564054, h_max_diff = 3.2859212343994173, eval_max = -3.760064971186603
num obs_rows =  0
<class 'float'>
(6816, 3558) (6816, 1) (6816, 3558) (6816, 1) (3558, 3558)
(3558, 1)
cg iter = 18, info = 0
step =  592 1 1 [53, 203, 592, 770, 998, 1073, 1348, 1534, 1797, 1999, 2147, 2241, 2430]
adding to yaml
0.2454381234251816
chi2 = 0.1631892375102055


update_count = 2, chi2 = 0.1631892375102055
A shapes =  (6816, 3558) 6768
num relin_rows =  339
max_diff = 3.0617698026866322, h_max_diff = 45.17852694452353, eval_max = -60.832899480059034
After update max_diff = 0.07049586113918138, h_max_diff = 2.4523598681305003, eval_max = -3.431550652054187
num obs_rows =  0
(6816, 3558) (6816, 1) (6816, 3558) (6816, 1) (3558, 3558)
(3558, 1)
cg iter = 21, info = 0
step =  592 2 1 [53, 203, 592, 770, 998, 1073, 1348, 1534, 1797, 1999, 2147, 2241, 2430]
chi2 = 0.1631764756434673


update_count = 3, chi2 = 0.1631764756434673
A shapes =  (6816, 3558) 6354
num relin_rows =  340
max_diff = 2.7514127213800434, h_max_diff = 40.468301109952684, eval_max = 57.3207373454159
After update max_diff = 0.05333675706537555, h_max_diff = 2.5330493083712007, eval_max = -2.9868074795994417
num obs_rows =  0
(6816, 3558) (6816, 1) (6816, 3558) (6816, 1) (3558, 3558)
(3558, 1)
cg iter = 18, info = 0
step =  592 3 1 [53, 203, 592, 770, 998, 1073, 1348, 1534, 1797, 1999, 2147, 2241, 2430]
chi2 = 0.16316269678428308


update_count = 4, chi2 = 0.16316269678428308
A shapes =  (6816, 3558) 6750
num relin_rows =  340
max_diff = 2.572887194929382, h_max_diff = 37.47897313968302, eval_max = -51.99564718840061
After update max_diff = 0.05593008028659485, h_max_diff = 2.167101894105926, eval_max = -3.221810176789325
num obs_rows =  0
(6816, 3558) (6816, 1) (6816, 3558) (6816, 1) (3558, 3558)
(3558, 1)
cg iter = 20, info = 0
step =  592 4 1 [53, 203, 592, 770, 998, 1073, 1348, 1534, 1797, 1999, 2147, 2241, 2430]
chi2 = 0.1631528265168389


update_count = 5, chi2 = 0.1631528265168389
A shapes =  (6816, 3558) 6432
num relin_rows =  340
max_diff = 2.3392179595405076, h_max_diff = 34.303392013982176, eval_max = 48.56981799909258
After update max_diff = 0.048554158722795226, h_max_diff = 2.0138135548954708, eval_max = -2.5280538804257087
num obs_rows =  0
(6816, 3558) (6816, 1) (6816, 3558) (6816, 1) (3558, 3558)
(3558, 1)
cg iter = 19, info = 0
step =  592 5 1 [53, 203, 592, 770, 998, 1073, 1348, 1534, 1797, 1999, 2147, 2241, 2430]
chi2 = 0.16314577516027576


update_count = 6, chi2 = 0.16314577516027576
A shapes =  (6816, 3558) 6636
num relin_rows =  340
max_diff = 2.1770911025897255, h_max_diff = 31.66603182898082, eval_max = -44.398589203109964
After update max_diff = 0.046496897105192225, h_max_diff = 2.0834177315716786, eval_max = -3.710901487050232
num obs_rows =  0
(6816, 3558) (6816, 1) (6816, 3558) (6816, 1) (3558, 3558)
(3558, 1)
cg iter = 15, info = 0
step =  592 6 1 [53, 203, 592, 770, 998, 1073, 1348, 1534, 1797, 1999, 2147, 2241, 2430]
chi2 = 0.163139183956986


update_count = 7, chi2 = 0.163139183956986
A shapes =  (6816, 3558) 6504
num relin_rows =  340
max_diff = 1.9939942257312682, h_max_diff = 29.206189525424463, eval_max = 41.33535526798665
After update max_diff = 0.041391991792117715, h_max_diff = 1.8970900786567597, eval_max = -3.4070771848192685
num obs_rows =  0
(6816, 3558) (6816, 1) (6816, 3558) (6816, 1) (3558, 3558)
(3558, 1)
cg iter = 18, info = 0
step =  592 7 1 [53, 203, 592, 770, 998, 1073, 1348, 1534, 1797, 1999, 2147, 2241, 2430]
chi2 = 0.16313448170250527


update_count = 8, chi2 = 0.16313448170250527
A shapes =  (6816, 3558) 6384
num relin_rows =  339
max_diff = 1.8532166964524297, h_max_diff = 26.95729878027568, eval_max = -37.96111649378427
After update max_diff = 0.040176746361383575, h_max_diff = 2.119699592073488, eval_max = -3.7184077725622053
num obs_rows =  0
(6816, 3558) (6816, 1) (6816, 3558) (6816, 1) (3558, 3558)
(3558, 1)
cg iter = 15, info = 0
step =  592 8 1 [53, 203, 592, 770, 998, 1073, 1348, 1534, 1797, 1999, 2147, 2241, 2430]
chi2 = 0.163130295169895


update_count = 9, chi2 = 0.163130295169895
A shapes =  (6816, 3558) 5664
num relin_rows =  339
max_diff = 1.7066779410424568, h_max_diff = 24.978131163329934, eval_max = 35.352777086903544
After update max_diff = 0.037676872583033205, h_max_diff = 2.024710239844765, eval_max = -3.572157155236133
num obs_rows =  0
(6816, 3558) (6816, 1) (6816, 3558) (6816, 1) (3558, 3558)
(3558, 1)
cg iter = 14, info = 0
step =  592 9 1 [53, 203, 592, 770, 998, 1073, 1348, 1534, 1797, 1999, 2147, 2241, 2430]
chi2 = 0.16312686717698432


update_count = 10, chi2 = 0.16312686717698432
A shapes =  (6816, 3558) 6348
num relin_rows =  339
max_diff = 1.5867410789764844, h_max_diff = 23.065543939407647, eval_max = -32.570003363308665
After update max_diff = 0.036527237384715194, h_max_diff = 2.133344578251382, eval_max = -3.718478982031308
num obs_rows =  0
(6816, 3558) (6816, 1) (6816, 3558) (6816, 1) (3558, 3558)
(3558, 1)
cg iter = 18, info = 0
step =  592 10 1 [53, 203, 592, 770, 998, 1073, 1348, 1534, 1797, 1999, 2147, 2241, 2430]
chi2 = 0.16312444574546786


{53: {100th: 0.02128902544519603, 25th: 0.0012717023150157997, 50th: 0.002914853140372111,
    75th: 0.006191684603858033, A_height: 348, A_width: 324, E_norm: 14.096720568192612,
    cg_iter: 11, num_selected: 17}, 203: {100th: 1.8622152531576277, 25th: 0.0072904741691703625,
    50th: 0.03009791331165944, 75th: 0.09855970190091418, A_height: 2148, A_width: 1224,
    E_norm: -15.668339968288699, cg_iter: 26, num_selected: 107}, 592: {100th: 0.2454381234251816,
    25th: 0.0006148760404767969, 50th: 0.0023438278300456227, 75th: 0.007539984436830774,
    A_height: 6816, A_width: 3558, E_norm: -3.760064971186603, cg_iter: 18, num_selected: 339}}

