step = 60, Chi2 = 0.00190884, graph_error = 0.541156
Before relin
Values with 61 values:
Value 0: (gtsam::Pose2)
(1.52925e-16, 2.43101e-16, -9.52862e-16)

Value 1: (gtsam::Pose2)
(0.993693, -0.030177, 0.00442959)

Value 2: (gtsam::Pose2)
(2.0172, -0.0189397, 0.00644145)

Value 3: (gtsam::Pose2)
(2.99317, -0.0205535, 0.02289)

Value 4: (gtsam::Pose2)
(4.04764, 0.032071, 0.00954756)

Value 5: (gtsam::Pose2)
(5.01781, -0.0100537, 0.0059915)

Value 6: (gtsam::Pose2)
(5.01219, 0.994924, 1.58162)

Value 7: (gtsam::Pose2)
(5.01141, 2.02819, 1.58813)

Value 8: (gtsam::Pose2)
(5.00398, 2.9684, 1.59262)

Value 9: (gtsam::Pose2)
(5.00556, 4.01317, 1.59658)

Value 10: (gtsam::Pose2)
(4.98141, 5.01713, 1.5894)

Value 11: (gtsam::Pose2)
(3.95879, 5.0198, -3.11524)

Value 12: (gtsam::Pose2)
(2.97129, 4.97877, -3.12912)

Value 13: (gtsam::Pose2)
(1.96958, 4.90762, -3.13324)

Value 14: (gtsam::Pose2)
(0.994519, 4.90747, 3.1289)

Value 15: (gtsam::Pose2)
(-0.00730406, 4.92232, 3.12072)

Value 16: (gtsam::Pose2)
(-0.0217232, 3.95923, -1.56982)

Value 17: (gtsam::Pose2)
(-0.00604656, 2.97767, -1.56525)

Value 18: (gtsam::Pose2)
(-0.013738, 1.9719, -1.56845)

Value 19: (gtsam::Pose2)
(-0.0173303, 0.970658, -1.56384)

Value 20: (gtsam::Pose2)
(0.00766595, 0.0145976, -1.57342)

Value 21: (gtsam::Pose2)
(1.0226, 0.0110676, -0.00279714)

Value 22: (gtsam::Pose2)
(1.98578, -0.00284272, -0.00809096)

Value 23: (gtsam::Pose2)
(3.0061, -0.0255274, 0.00899566)

Value 24: (gtsam::Pose2)
(4.03623, 0.021244, 0.0120918)

Value 25: (gtsam::Pose2)
(5.05411, -0.0159268, -0.0108965)

Value 26: (gtsam::Pose2)
(5.01387, 1.00172, 1.58844)

Value 27: (gtsam::Pose2)
(5.03339, 2.02147, 1.59659)

Value 28: (gtsam::Pose2)
(4.97624, 3.01008, 1.59077)

Value 29: (gtsam::Pose2)
(4.99889, 3.99226, 1.59793)

Value 30: (gtsam::Pose2)
(4.96927, 5.01626, 1.60456)

Value 31: (gtsam::Pose2)
(3.99181, 4.98863, -3.11964)

Value 32: (gtsam::Pose2)
(2.97448, 4.963, -3.11638)

Value 33: (gtsam::Pose2)
(1.97817, 4.92487, 3.13975)

Value 34: (gtsam::Pose2)
(0.999957, 4.91282, -3.1367)

Value 35: (gtsam::Pose2)
(0.00273528, 4.95895, 3.12838)

Value 36: (gtsam::Pose2)
(-0.00745355, 3.97198, -1.57694)

Value 37: (gtsam::Pose2)
(-0.0157848, 2.96469, -1.57608)

Value 38: (gtsam::Pose2)
(-0.0290858, 2.02229, -1.56213)

Value 39: (gtsam::Pose2)
(-0.0123105, 0.993933, -1.58267)

Value 40: (gtsam::Pose2)
(-0.0195037, 0.0130362, -1.55913)

Value 41: (gtsam::Pose2)
(1.00859, 0.0158959, 0.00166559)

Value 42: (gtsam::Pose2)
(1.99687, -0.0136919, 0.000489639)

Value 43: (gtsam::Pose2)
(3.01631, -0.0285362, -0.00341128)

Value 44: (gtsam::Pose2)
(4.01656, -0.0195721, 0.00778198)

Value 45: (gtsam::Pose2)
(5.05054, 0.00168041, 0.00444835)

Value 46: (gtsam::Pose2)
(5.04482, 1.023, 1.58815)

Value 47: (gtsam::Pose2)
(5.0284, 2.01625, 1.56336)

Value 48: (gtsam::Pose2)
(4.96515, 2.96899, 1.59561)

Value 49: (gtsam::Pose2)
(5.00006, 3.97783, 1.59376)

Value 50: (gtsam::Pose2)
(4.95337, 4.99817, 1.58986)

Value 51: (gtsam::Pose2)
(3.94022, 5.02128, -3.11696)

Value 52: (gtsam::Pose2)
(2.94151, 4.95427, -3.1297)

Value 53: (gtsam::Pose2)
(1.98032, 4.93113, -3.13559)

Value 54: (gtsam::Pose2)
(1.01611, 4.96565, 3.12664)

Value 55: (gtsam::Pose2)
(0.00415494, 4.97441, 3.12826)

Value 56: (gtsam::Pose2)
(0.0134971, 3.96077, -1.58069)

Value 57: (gtsam::Pose2)
(-0.00626947, 2.95635, -1.56486)

Value 58: (gtsam::Pose2)
(-0.0247123, 1.94511, -1.57138)

Value 59: (gtsam::Pose2)
(-0.00703766, 1.01519, -1.56645)

Value 60: (gtsam::Pose2)
(0.014819, -0.00440008, -1.57903)

